nr_free_pages 10404314
nr_zone_inactive_anon 196676
nr_zone_active_anon 3821
nr_zone_inactive_file 1496354
nr_zone_active_file 3952311
nr_zone_unevictable 4631
nr_zone_write_pending 6
nr_mlock 4631
nr_bounce 0
nr_zspages 0
nr_free_cma 0
numa_hit 1836262393
numa_miss 0
numa_foreign 0
numa_interleave 4366
numa_local 1076271963
numa_other 760404417
nr_inactive_anon 196676
nr_active_anon 3821
nr_inactive_file 1496354
nr_active_file 3952311
nr_unevictable 4631
nr_slab_reclaimable 37102
nr_slab_unreclaimable 140779
nr_isolated_anon 0
nr_isolated_file 0
workingset_nodes 0
workingset_refault_anon 944
workingset_refault_file 3337891
workingset_activate_anon 32
workingset_activate_file 2683725
workingset_restore_anon 1
workingset_restore_file 1006
workingset_nodereclaim 0
nr_anon_pages 98896
nr_mapped 139200
nr_file_pages 5554921
nr_dirty 6
nr_writeback 0
nr_writeback_temp 0
nr_shmem 103347
nr_shmem_hugepages 0
nr_shmem_pmdmapped 0
nr_file_hugepages 0
nr_file_pmdmapped 0
nr_anon_transparent_hugepages 0
nr_vmscan_write 11682
nr_vmscan_immediate_reclaim 15681
nr_dirtied 716366201
nr_written 716294292
nr_kernel_misc_reclaimable 0
nr_foll_pin_acquired 0
nr_foll_pin_released 0
nr_kernel_stack 17456
nr_page_table_pages 2584
nr_swapcached 790
nr_dirty_threshold 3146852
nr_dirty_background_threshold 1571504
pgpgin 605516709
pgpgout 3544332645
pswpin 944
pswpout 11682
pgalloc_dma 1024
pgalloc_dma32 18379738
pgalloc_normal 1814340970
pgalloc_movable 0
allocstall_dma 0
allocstall_dma32 0
allocstall_normal 21
allocstall_movable 1534
pgskip_dma 0
pgskip_dma32 0
pgskip_normal 0
pgskip_movable 0
pgfree 1873454068
pgactivate 178005937
pgdeactivate 9259690
pglazyfree 0
pgfault 127814286
pgmajfault 106194
pglazyfreed 0
pgrefill 9236350
pgreuse 20480612
pgsteal_kswapd 50224511
pgsteal_direct 5160475
pgdemote_kswapd 0
pgdemote_direct 0
pgscan_kswapd 50582273
pgscan_direct 5219102
pgscan_direct_throttle 0
pgscan_anon 43611
pgscan_file 55757764
pgsteal_anon 11509
pgsteal_file 55373477
zone_reclaim_failed 0
pginodesteal 77775
slabs_scanned 22596564
kswapd_inodesteal 0
kswapd_low_wmark_hit_quickly 2396
kswapd_high_wmark_hit_quickly 124
pageoutrun 2796
pgrotated 171716
drop_pagecache 166
drop_slab 166
oom_kill 0
numa_pte_updates 4031625
numa_huge_pte_updates 0
numa_hint_faults 2664226
numa_hint_faults_local 1826336
numa_pages_migrated 0
pgmigrate_success 30158552
pgmigrate_fail 9620
thp_migration_success 0
thp_migration_fail 0
thp_migration_split 0
compact_migrate_scanned 51895386
compact_free_scanned 348506908
compact_isolated 60342551
compact_stall 0
compact_fail 0
compact_success 0
compact_daemon_wake 2151
compact_daemon_migrate_scanned 617021
compact_daemon_free_scanned 1655136
htlb_buddy_alloc_success 0
htlb_buddy_alloc_fail 0
cma_alloc_success 0
cma_alloc_fail 0
unevictable_pgs_culled 361835
unevictable_pgs_scanned 0
unevictable_pgs_rescued 28
unevictable_pgs_mlocked 4659
unevictable_pgs_munlocked 28
unevictable_pgs_cleared 0
unevictable_pgs_stranded 0
thp_fault_alloc 0
thp_fault_fallback 0
thp_fault_fallback_charge 0
thp_collapse_alloc 0
thp_collapse_alloc_failed 0
thp_file_alloc 0
thp_file_fallback 0
thp_file_fallback_charge 0
thp_file_mapped 0
thp_split_page 0
thp_split_page_failed 0
thp_deferred_split_page 0
thp_split_pmd 0
thp_split_pud 0
thp_zero_page_alloc 0
thp_zero_page_alloc_failed 0
thp_swpout 0
thp_swpout_fallback 0
balloon_inflate 0
balloon_deflate 0
balloon_migrate 0
swap_ra 517
swap_ra_hit 411
direct_map_level2_splits 356
direct_map_level3_splits 16
nr_unstable 0
