#           time             counts unit events
     1.001081165        696,444,428      L1-dcache-load-misses                                       
     1.001081165          8,319,564      dTLB-load-misses                                            
     1.001081165                427      cpu-migrations                                              
     2.011176943      1,366,676,786      L1-dcache-load-misses                                       
     2.011176943         17,886,624      dTLB-load-misses                                            
     2.011176943                576      cpu-migrations                                              
     3.013423178      1,396,983,488      L1-dcache-load-misses                                       
     3.013423178         18,952,424      dTLB-load-misses                                            
     3.013423178              1,303      cpu-migrations                                              
     4.015709203        692,203,376      L1-dcache-load-misses                                       
     4.015709203          9,592,595      dTLB-load-misses                                            
     4.015709203              4,321      cpu-migrations                                              
     5.029071089        780,880,453      L1-dcache-load-misses                                       
     5.029071089         10,825,670      dTLB-load-misses                                            
     5.029071089              2,974      cpu-migrations                                              
     6.036278741        740,579,675      L1-dcache-load-misses                                       
     6.036278741         10,183,372      dTLB-load-misses                                            
     6.036278741              2,453      cpu-migrations                                              
     7.057405376        425,906,351      L1-dcache-load-misses                                       
     7.057405376          5,812,746      dTLB-load-misses                                            
     7.057405376              2,815      cpu-migrations                                              
     8.064934915        387,770,326      L1-dcache-load-misses                                       
     8.064934915          5,205,866      dTLB-load-misses                                            
     8.064934915              2,582      cpu-migrations                                              
     9.068421966        518,509,023      L1-dcache-load-misses                                       
     9.068421966          6,840,419      dTLB-load-misses                                            
     9.068421966              1,628      cpu-migrations                                              
    10.070583514      1,384,795,126      L1-dcache-load-misses                                       
    10.070583514         18,833,383      dTLB-load-misses                                            
    10.070583514                326      cpu-migrations                                              
    11.072630971        911,441,600      L1-dcache-load-misses                                       
    11.072630971         12,042,495      dTLB-load-misses                                            
    11.072630971                829      cpu-migrations                                              
    12.077055583        503,331,154      L1-dcache-load-misses                                       
    12.077055583          6,202,374      dTLB-load-misses                                            
    12.077055583              1,323      cpu-migrations                                              
    13.085773222        345,258,963      L1-dcache-load-misses                                       
    13.085773222          3,742,453      dTLB-load-misses                                            
    13.085773222              1,366      cpu-migrations                                              
    14.093236260        382,878,242      L1-dcache-load-misses                                       
    14.093236260          4,337,484      dTLB-load-misses                                            
    14.093236260              1,393      cpu-migrations                                              
    15.101219280        735,683,727      L1-dcache-load-misses                                       
    15.101219280          9,567,995      dTLB-load-misses                                            
    15.101219280                979      cpu-migrations                                              
    16.103419589      1,398,788,476      L1-dcache-load-misses                                       
    16.103419589         19,090,222      dTLB-load-misses                                            
    16.103419589                203      cpu-migrations                                              
    17.105642984        875,824,941      L1-dcache-load-misses                                       
    17.105642984         11,572,241      dTLB-load-misses                                            
    17.105642984                861      cpu-migrations                                              
    18.117449372        698,284,764      L1-dcache-load-misses                                       
    18.117449372          8,979,284      dTLB-load-misses                                            
    18.117449372                990      cpu-migrations                                              
    19.119711167        770,650,522      L1-dcache-load-misses                                       
    19.119711167          9,932,272      dTLB-load-misses                                            
    19.119711167              1,043      cpu-migrations                                              
    20.137156068        722,537,808      L1-dcache-load-misses                                       
    20.137156068          9,260,369      dTLB-load-misses                                            
    20.137156068                964      cpu-migrations                                              
    21.145150755        757,801,177      L1-dcache-load-misses                                       
    21.145150755          9,830,447      dTLB-load-misses                                            
    21.145150755              1,128      cpu-migrations                                              
    22.159212116        632,242,432      L1-dcache-load-misses                                       
    22.159212116          8,061,366      dTLB-load-misses                                            
    22.159212116              1,129      cpu-migrations                                              
    23.169446060        388,408,133      L1-dcache-load-misses                                       
    23.169446060          4,421,058      dTLB-load-misses                                            
    23.169446060              1,291      cpu-migrations                                              
    24.181017200      1,031,781,409      L1-dcache-load-misses                                       
    24.181017200         13,382,794      dTLB-load-misses                                            
    24.181017200                703      cpu-migrations                                              
    25.183219160      1,004,199,247      L1-dcache-load-misses                                       
    25.183219160         12,912,490      dTLB-load-misses                                            
    25.183219160                694      cpu-migrations                                              
#           time             counts unit events
    26.192467609        744,269,534      L1-dcache-load-misses                                       
    26.192467609          9,494,508      dTLB-load-misses                                            
    26.192467609              1,113      cpu-migrations                                              
    27.209224194        585,538,541      L1-dcache-load-misses                                       
    27.209224194          7,225,254      dTLB-load-misses                                            
    27.209224194              1,163      cpu-migrations                                              
    28.213768817        327,312,116      L1-dcache-load-misses                                       
    28.213768817          3,676,923      dTLB-load-misses                                            
    28.213768817              1,501      cpu-migrations                                              
    29.225174648        359,771,268      L1-dcache-load-misses                                       
    29.225174648          4,204,238      dTLB-load-misses                                            
    29.225174648              1,652      cpu-migrations                                              
    30.237172232        599,061,430      L1-dcache-load-misses                                       
    30.237172232          7,372,945      dTLB-load-misses                                            
    30.237172232              1,381      cpu-migrations                                              
    31.239176494        481,038,427      L1-dcache-load-misses                                       
    31.239176494          4,890,977      dTLB-load-misses                                            
    31.239176494                201      cpu-migrations                                              
    32.241202791        164,212,003      L1-dcache-load-misses                                       
    32.241202791            505,946      dTLB-load-misses                                            
    32.241202791                 81      cpu-migrations                                              
