#           time             counts unit events
     1.001184493        457,996,185      L1-dcache-load-misses                                       
     1.001184493          2,852,243      dTLB-load-misses                                            
     1.001184493              1,670      cpu-migrations                                              
     2.015755256        863,404,326      L1-dcache-load-misses                                       
     2.015755256          4,557,093      dTLB-load-misses                                            
     2.015755256              2,744      cpu-migrations                                              
     3.031024706        775,382,868      L1-dcache-load-misses                                       
     3.031024706          4,009,083      dTLB-load-misses                                            
     3.031024706              2,219      cpu-migrations                                              
     4.042584930        419,036,665      L1-dcache-load-misses                                       
     4.042584930          1,799,254      dTLB-load-misses                                            
     4.042584930              2,103      cpu-migrations                                              
     5.043766209        516,488,205      L1-dcache-load-misses                                       
     5.043766209          2,929,878      dTLB-load-misses                                            
     5.043766209              2,484      cpu-migrations                                              
     6.049841931        647,009,713      L1-dcache-load-misses                                       
     6.049841931          3,600,478      dTLB-load-misses                                            
     6.049841931              3,726      cpu-migrations                                              
     7.053593045        599,189,351      L1-dcache-load-misses                                       
     7.053593045          3,011,648      dTLB-load-misses                                            
     7.053593045              3,416      cpu-migrations                                              
     8.056950612        593,026,283      L1-dcache-load-misses                                       
     8.056950612          3,175,054      dTLB-load-misses                                            
     8.056950612              3,003      cpu-migrations                                              
     9.061296370        558,290,540      L1-dcache-load-misses                                       
     9.061296370          2,677,475      dTLB-load-misses                                            
     9.061296370              2,620      cpu-migrations                                              
    10.069301181        583,430,400      L1-dcache-load-misses                                       
    10.069301181          3,103,514      dTLB-load-misses                                            
    10.069301181              2,426      cpu-migrations                                              
    11.074495484        637,210,771      L1-dcache-load-misses                                       
    11.074495484          3,370,171      dTLB-load-misses                                            
    11.074495484              2,435      cpu-migrations                                              
    12.085107957        613,493,500      L1-dcache-load-misses                                       
    12.085107957          3,311,055      dTLB-load-misses                                            
    12.085107957              2,263      cpu-migrations                                              
    13.090254820        628,693,322      L1-dcache-load-misses                                       
    13.090254820          3,465,056      dTLB-load-misses                                            
    13.090254820              2,189      cpu-migrations                                              
    14.091729962        622,420,654      L1-dcache-load-misses                                       
    14.091729962          3,443,181      dTLB-load-misses                                            
    14.091729962              2,745      cpu-migrations                                              
    15.094419442        662,520,636      L1-dcache-load-misses                                       
    15.094419442          3,719,729      dTLB-load-misses                                            
    15.094419442              2,135      cpu-migrations                                              
    16.098520874        627,848,369      L1-dcache-load-misses                                       
    16.098520874          3,818,848      dTLB-load-misses                                            
    16.098520874              1,918      cpu-migrations                                              
    17.125226219        618,893,233      L1-dcache-load-misses                                       
    17.125226219          2,998,325      dTLB-load-misses                                            
    17.125226219              1,046      cpu-migrations                                              
    18.128809404        648,705,246      L1-dcache-load-misses                                       
    18.128809404          3,737,046      dTLB-load-misses                                            
    18.128809404              1,268      cpu-migrations                                              
    19.131674488        675,605,308      L1-dcache-load-misses                                       
    19.131674488          3,737,400      dTLB-load-misses                                            
    19.131674488              1,138      cpu-migrations                                              
    20.133678595        647,040,381      L1-dcache-load-misses                                       
    20.133678595          3,868,120      dTLB-load-misses                                            
    20.133678595              1,030      cpu-migrations                                              
    21.136765056        679,182,008      L1-dcache-load-misses                                       
    21.136765056          3,877,773      dTLB-load-misses                                            
    21.136765056              1,089      cpu-migrations                                              
    22.149055661        631,111,635      L1-dcache-load-misses                                       
    22.149055661          3,626,681      dTLB-load-misses                                            
    22.149055661                949      cpu-migrations                                              
    23.152433205        671,262,923      L1-dcache-load-misses                                       
    23.152433205          3,876,235      dTLB-load-misses                                            
    23.152433205                996      cpu-migrations                                              
    24.155464605        691,498,980      L1-dcache-load-misses                                       
    24.155464605          4,292,756      dTLB-load-misses                                            
    24.155464605              1,085      cpu-migrations                                              
    25.157794186        637,239,441      L1-dcache-load-misses                                       
    25.157794186          3,222,964      dTLB-load-misses                                            
    25.157794186                897      cpu-migrations                                              
#           time             counts unit events
    26.160201251        640,351,521      L1-dcache-load-misses                                       
    26.160201251          3,899,006      dTLB-load-misses                                            
    26.160201251              1,012      cpu-migrations                                              
    27.173156956        725,123,128      L1-dcache-load-misses                                       
    27.173156956          4,357,201      dTLB-load-misses                                            
    27.173156956              1,153      cpu-migrations                                              
    28.175748005        659,614,550      L1-dcache-load-misses                                       
    28.175748005          3,663,357      dTLB-load-misses                                            
    28.175748005              1,013      cpu-migrations                                              
    29.178481874        645,283,403      L1-dcache-load-misses                                       
    29.178481874          3,587,338      dTLB-load-misses                                            
    29.178481874                917      cpu-migrations                                              
    30.190209217        709,278,059      L1-dcache-load-misses                                       
    30.190209217          4,392,485      dTLB-load-misses                                            
    30.190209217              1,064      cpu-migrations                                              
    31.192690018        220,494,666      L1-dcache-load-misses                                       
    31.192690018          1,312,738      dTLB-load-misses                                            
    31.192690018                443      cpu-migrations                                              
    32.194623702         10,853,793      L1-dcache-load-misses                                       
    32.194623702             65,969      dTLB-load-misses                                            
    32.194623702                 55      cpu-migrations                                              
    33.196505272         10,972,740      L1-dcache-load-misses                                       
    33.196505272             52,543      dTLB-load-misses                                            
    33.196505272                 49      cpu-migrations                                              
    34.198404696          9,281,103      L1-dcache-load-misses                                       
    34.198404696             45,846      dTLB-load-misses                                            
    34.198404696                 51      cpu-migrations                                              
    35.200396474         10,070,847      L1-dcache-load-misses                                       
    35.200396474             38,188      dTLB-load-misses                                            
    35.200396474                 45      cpu-migrations                                              
