#           time             counts unit events
     1.001090214        206,623,170      L1-dcache-load-misses                                       
     1.001090214            821,063      dTLB-load-misses                                            
     1.001090214             12,253      cpu-migrations                                              
     2.003654016        324,506,895      L1-dcache-load-misses                                       
     2.003654016            907,057      dTLB-load-misses                                            
     2.003654016             17,169      cpu-migrations                                              
     3.005738839        301,663,782      L1-dcache-load-misses                                       
     3.005738839            898,259      dTLB-load-misses                                            
     3.005738839             15,257      cpu-migrations                                              
     4.007830008        305,478,633      L1-dcache-load-misses                                       
     4.007830008          1,011,521      dTLB-load-misses                                            
     4.007830008             15,685      cpu-migrations                                              
     5.009846518        311,800,384      L1-dcache-load-misses                                       
     5.009846518          1,069,620      dTLB-load-misses                                            
     5.009846518             13,261      cpu-migrations                                              
     6.011837607        318,518,696      L1-dcache-load-misses                                       
     6.011837607          1,204,321      dTLB-load-misses                                            
     6.011837607             12,571      cpu-migrations                                              
     7.013884531        325,687,349      L1-dcache-load-misses                                       
     7.013884531          1,382,776      dTLB-load-misses                                            
     7.013884531             13,662      cpu-migrations                                              
     8.015896715        339,179,933      L1-dcache-load-misses                                       
     8.015896715          1,611,904      dTLB-load-misses                                            
     8.015896715             13,880      cpu-migrations                                              
     9.017959397        351,830,024      L1-dcache-load-misses                                       
     9.017959397          1,874,471      dTLB-load-misses                                            
     9.017959397             13,099      cpu-migrations                                              
    10.020025888        368,552,271      L1-dcache-load-misses                                       
    10.020025888          2,156,359      dTLB-load-misses                                            
    10.020025888             11,155      cpu-migrations                                              
    11.022055926        393,632,937      L1-dcache-load-misses                                       
    11.022055926          2,393,892      dTLB-load-misses                                            
    11.022055926              3,219      cpu-migrations                                              
    12.023842976        424,190,620      L1-dcache-load-misses                                       
    12.023842976          2,584,719      dTLB-load-misses                                            
    12.023842976                219      cpu-migrations                                              
    13.025898690        515,605,394      L1-dcache-load-misses                                       
    13.025898690          3,812,202      dTLB-load-misses                                            
    13.025898690                198      cpu-migrations                                              
    14.027855817        724,348,799      L1-dcache-load-misses                                       
    14.027855817          6,360,821      dTLB-load-misses                                            
    14.027855817                356      cpu-migrations                                              
    15.030296423        807,205,219      L1-dcache-load-misses                                       
    15.030296423          7,640,424      dTLB-load-misses                                            
    15.030296423                232      cpu-migrations                                              
    16.033644584        741,733,831      L1-dcache-load-misses                                       
    16.033644584          7,486,437      dTLB-load-misses                                            
    16.033644584                178      cpu-migrations                                              
    17.037033325        818,220,651      L1-dcache-load-misses                                       
    17.037033325          8,352,907      dTLB-load-misses                                            
    17.037033325                170      cpu-migrations                                              
    18.039879327        866,414,742      L1-dcache-load-misses                                       
    18.039879327          8,707,901      dTLB-load-misses                                            
    18.039879327                166      cpu-migrations                                              
    19.043000886        879,975,039      L1-dcache-load-misses                                       
    19.043000886          8,592,072      dTLB-load-misses                                            
    19.043000886                161      cpu-migrations                                              
    20.046144792        887,788,487      L1-dcache-load-misses                                       
    20.046144792          8,545,232      dTLB-load-misses                                            
    20.046144792                207      cpu-migrations                                              
    21.049329255        882,012,319      L1-dcache-load-misses                                       
    21.049329255          8,391,949      dTLB-load-misses                                            
    21.049329255                224      cpu-migrations                                              
    22.051898927        865,788,709      L1-dcache-load-misses                                       
    22.051898927          8,142,697      dTLB-load-misses                                            
    22.051898927                227      cpu-migrations                                              
    23.055081617        855,451,071      L1-dcache-load-misses                                       
    23.055081617          7,997,307      dTLB-load-misses                                            
    23.055081617                187      cpu-migrations                                              
    24.058549214        868,448,179      L1-dcache-load-misses                                       
    24.058549214          8,148,161      dTLB-load-misses                                            
    24.058549214                185      cpu-migrations                                              
    25.061733432        892,839,150      L1-dcache-load-misses                                       
    25.061733432          8,390,881      dTLB-load-misses                                            
    25.061733432                188      cpu-migrations                                              
#           time             counts unit events
    26.064927923        893,257,907      L1-dcache-load-misses                                       
    26.064927923          8,348,522      dTLB-load-misses                                            
    26.064927923                200      cpu-migrations                                              
    27.067874264        902,535,702      L1-dcache-load-misses                                       
    27.067874264          8,461,350      dTLB-load-misses                                            
    27.067874264                202      cpu-migrations                                              
    28.070956693        890,163,396      L1-dcache-load-misses                                       
    28.070956693          8,318,873      dTLB-load-misses                                            
    28.070956693                223      cpu-migrations                                              
    29.074122626        894,569,876      L1-dcache-load-misses                                       
    29.074122626          8,358,876      dTLB-load-misses                                            
    29.074122626                222      cpu-migrations                                              
    30.077277759        882,398,634      L1-dcache-load-misses                                       
    30.077277759          8,237,081      dTLB-load-misses                                            
    30.077277759                184      cpu-migrations                                              
