#           time             counts unit events
     1.003640524        214,186,285      L1-dcache-load-misses                                       
     1.003640524          1,602,151      dTLB-load-misses                                            
     1.003640524              3,674      cpu-migrations                                              
     2.031900721        385,674,894      L1-dcache-load-misses                                       
     2.031900721          2,584,006      dTLB-load-misses                                            
     2.031900721              7,096      cpu-migrations                                              
     3.040038968        385,309,308      L1-dcache-load-misses                                       
     3.040038968          2,433,685      dTLB-load-misses                                            
     3.040038968              6,777      cpu-migrations                                              
     4.056106585        397,047,179      L1-dcache-load-misses                                       
     4.056106585          2,424,386      dTLB-load-misses                                            
     4.056106585              7,048      cpu-migrations                                              
     5.075314834        398,785,107      L1-dcache-load-misses                                       
     5.075314834          2,417,441      dTLB-load-misses                                            
     5.075314834              7,426      cpu-migrations                                              
     6.087555583        393,784,523      L1-dcache-load-misses                                       
     6.087555583          2,419,937      dTLB-load-misses                                            
     6.087555583              6,946      cpu-migrations                                              
     7.102056277        408,812,519      L1-dcache-load-misses                                       
     7.102056277          2,673,489      dTLB-load-misses                                            
     7.102056277              8,796      cpu-migrations                                              
     8.107756388        310,198,773      L1-dcache-load-misses                                       
     8.107756388          1,804,232      dTLB-load-misses                                            
     8.107756388              5,390      cpu-migrations                                              
     9.114581548        447,672,162      L1-dcache-load-misses                                       
     9.114581548          3,133,430      dTLB-load-misses                                            
     9.114581548              7,597      cpu-migrations                                              
    10.126713276        446,376,081      L1-dcache-load-misses                                       
    10.126713276          2,364,071      dTLB-load-misses                                            
    10.126713276              7,526      cpu-migrations                                              
    11.136146943        440,291,108      L1-dcache-load-misses                                       
    11.136146943          2,235,118      dTLB-load-misses                                            
    11.136146943              7,608      cpu-migrations                                              
    12.153270088        458,499,728      L1-dcache-load-misses                                       
    12.153270088          2,187,844      dTLB-load-misses                                            
    12.153270088              7,751      cpu-migrations                                              
    13.162918477        453,752,234      L1-dcache-load-misses                                       
    13.162918477          2,654,940      dTLB-load-misses                                            
    13.162918477              7,729      cpu-migrations                                              
    14.167054104        421,254,623      L1-dcache-load-misses                                       
    14.167054104          3,153,810      dTLB-load-misses                                            
    14.167054104              4,465      cpu-migrations                                              
    15.179894427        457,312,921      L1-dcache-load-misses                                       
    15.179894427          2,943,751      dTLB-load-misses                                            
    15.179894427              6,366      cpu-migrations                                              
    16.195014608        462,645,559      L1-dcache-load-misses                                       
    16.195014608          2,640,265      dTLB-load-misses                                            
    16.195014608              6,537      cpu-migrations                                              
    17.227905921        481,422,112      L1-dcache-load-misses                                       
    17.227905921          2,795,678      dTLB-load-misses                                            
    17.227905921              7,406      cpu-migrations                                              
    18.240004394        471,720,229      L1-dcache-load-misses                                       
    18.240004394          3,571,962      dTLB-load-misses                                            
    18.240004394              8,008      cpu-migrations                                              
    19.247758995        471,094,466      L1-dcache-load-misses                                       
    19.247758995          3,551,486      dTLB-load-misses                                            
    19.247758995              4,078      cpu-migrations                                              
    20.259226301        460,467,762      L1-dcache-load-misses                                       
    20.259226301          3,123,471      dTLB-load-misses                                            
    20.259226301              6,462      cpu-migrations                                              
    21.272057458        463,609,231      L1-dcache-load-misses                                       
    21.272057458          3,154,984      dTLB-load-misses                                            
    21.272057458              6,963      cpu-migrations                                              
    22.283707368        470,280,999      L1-dcache-load-misses                                       
    22.283707368          3,411,659      dTLB-load-misses                                            
    22.283707368              7,529      cpu-migrations                                              
    23.293124568        470,096,080      L1-dcache-load-misses                                       
    23.293124568          3,056,723      dTLB-load-misses                                            
    23.293124568              6,976      cpu-migrations                                              
    24.305112910        475,390,541      L1-dcache-load-misses                                       
    24.305112910          3,569,514      dTLB-load-misses                                            
    24.305112910              4,340      cpu-migrations                                              
    25.318384395        461,407,450      L1-dcache-load-misses                                       
    25.318384395          3,627,928      dTLB-load-misses                                            
    25.318384395              6,718      cpu-migrations                                              
#           time             counts unit events
    26.329796817        466,800,751      L1-dcache-load-misses                                       
    26.329796817          3,719,865      dTLB-load-misses                                            
    26.329796817              7,074      cpu-migrations                                              
    27.343004506        466,498,477      L1-dcache-load-misses                                       
    27.343004506          3,041,431      dTLB-load-misses                                            
    27.343004506              6,861      cpu-migrations                                              
    28.355313831        471,831,840      L1-dcache-load-misses                                       
    28.355313831          3,226,620      dTLB-load-misses                                            
    28.355313831              6,960      cpu-migrations                                              
    29.367362439        472,218,333      L1-dcache-load-misses                                       
    29.367362439          3,794,825      dTLB-load-misses                                            
    29.367362439              4,804      cpu-migrations                                              
    30.379361979        465,964,899      L1-dcache-load-misses                                       
    30.379361979          4,054,504      dTLB-load-misses                                            
    30.379361979              7,045      cpu-migrations                                              
