#           time             counts unit events
     1.001120118        435,910,709      L1-dcache-load-misses                                       
     1.001120118          2,491,712      dTLB-load-misses                                            
     1.001120118              1,681      cpu-migrations                                              
     2.014060648        861,204,381      L1-dcache-load-misses                                       
     2.014060648          4,133,349      dTLB-load-misses                                            
     2.014060648              2,848      cpu-migrations                                              
     3.025867995        779,835,704      L1-dcache-load-misses                                       
     3.025867995          3,795,791      dTLB-load-misses                                            
     3.025867995              2,383      cpu-migrations                                              
     4.027919181        431,409,142      L1-dcache-load-misses                                       
     4.027919181          1,774,302      dTLB-load-misses                                            
     4.027919181              2,426      cpu-migrations                                              
     5.030221710        536,871,080      L1-dcache-load-misses                                       
     5.030221710          3,252,955      dTLB-load-misses                                            
     5.030221710              4,381      cpu-migrations                                              
     6.047480424        625,843,780      L1-dcache-load-misses                                       
     6.047480424          3,929,455      dTLB-load-misses                                            
     6.047480424              4,585      cpu-migrations                                              
     7.060238645        610,157,442      L1-dcache-load-misses                                       
     7.060238645          2,700,629      dTLB-load-misses                                            
     7.060238645              3,395      cpu-migrations                                              
     8.065400395        590,238,328      L1-dcache-load-misses                                       
     8.065400395          2,911,721      dTLB-load-misses                                            
     8.065400395              2,816      cpu-migrations                                              
     9.069060987        641,108,678      L1-dcache-load-misses                                       
     9.069060987          3,474,516      dTLB-load-misses                                            
     9.069060987              2,454      cpu-migrations                                              
    10.071430312        679,241,845      L1-dcache-load-misses                                       
    10.071430312          3,634,527      dTLB-load-misses                                            
    10.071430312              2,566      cpu-migrations                                              
    11.073967873        607,977,726      L1-dcache-load-misses                                       
    11.073967873          3,440,175      dTLB-load-misses                                            
    11.073967873              2,614      cpu-migrations                                              
    12.094297745        640,635,489      L1-dcache-load-misses                                       
    12.094297745          3,561,299      dTLB-load-misses                                            
    12.094297745              2,124      cpu-migrations                                              
    13.109568092        575,480,549      L1-dcache-load-misses                                       
    13.109568092          3,147,711      dTLB-load-misses                                            
    13.109568092              1,024      cpu-migrations                                              
    14.111846253        713,055,782      L1-dcache-load-misses                                       
    14.111846253          3,688,129      dTLB-load-misses                                            
    14.111846253              1,199      cpu-migrations                                              
    15.114386810        687,135,164      L1-dcache-load-misses                                       
    15.114386810          3,717,264      dTLB-load-misses                                            
    15.114386810                958      cpu-migrations                                              
    16.116484215        633,083,460      L1-dcache-load-misses                                       
    16.116484215          3,197,143      dTLB-load-misses                                            
    16.116484215              1,004      cpu-migrations                                              
    17.133594823        649,081,755      L1-dcache-load-misses                                       
    17.133594823          3,857,130      dTLB-load-misses                                            
    17.133594823              1,056      cpu-migrations                                              
    18.149828120        665,352,072      L1-dcache-load-misses                                       
    18.149828120          3,454,374      dTLB-load-misses                                            
    18.149828120                990      cpu-migrations                                              
    19.157368525        651,571,631      L1-dcache-load-misses                                       
    19.157368525          3,322,145      dTLB-load-misses                                            
    19.157368525              1,059      cpu-migrations                                              
    20.159508376        706,219,985      L1-dcache-load-misses                                       
    20.159508376          4,304,797      dTLB-load-misses                                            
    20.159508376              1,115      cpu-migrations                                              
    21.167276223        684,967,036      L1-dcache-load-misses                                       
    21.167276223          3,666,870      dTLB-load-misses                                            
    21.167276223              1,152      cpu-migrations                                              
    22.177351411        679,039,920      L1-dcache-load-misses                                       
    22.177351411          3,663,119      dTLB-load-misses                                            
    22.177351411                988      cpu-migrations                                              
    23.179899551        696,008,721      L1-dcache-load-misses                                       
    23.179899551          4,413,764      dTLB-load-misses                                            
    23.179899551              1,083      cpu-migrations                                              
    24.184919881        700,202,917      L1-dcache-load-misses                                       
    24.184919881          4,035,630      dTLB-load-misses                                            
    24.184919881              1,247      cpu-migrations                                              
    25.187193029        676,818,624      L1-dcache-load-misses                                       
    25.187193029          4,194,976      dTLB-load-misses                                            
    25.187193029              1,044      cpu-migrations                                              
#           time             counts unit events
    26.189653529        658,937,539      L1-dcache-load-misses                                       
    26.189653529          3,642,414      dTLB-load-misses                                            
    26.189653529              1,139      cpu-migrations                                              
    27.192162655        640,189,092      L1-dcache-load-misses                                       
    27.192162655          3,487,937      dTLB-load-misses                                            
    27.192162655                992      cpu-migrations                                              
    28.194717499        703,032,204      L1-dcache-load-misses                                       
    28.194717499          4,391,311      dTLB-load-misses                                            
    28.194717499              1,141      cpu-migrations                                              
    29.197490847        693,277,263      L1-dcache-load-misses                                       
    29.197490847          4,337,204      dTLB-load-misses                                            
    29.197490847              1,050      cpu-migrations                                              
    30.210081208        706,502,247      L1-dcache-load-misses                                       
    30.210081208          4,116,049      dTLB-load-misses                                            
    30.210081208              1,017      cpu-migrations                                              
    31.226227557        202,884,574      L1-dcache-load-misses                                       
    31.226227557          1,164,974      dTLB-load-misses                                            
    31.226227557                328      cpu-migrations                                              
    32.228234669         10,231,520      L1-dcache-load-misses                                       
    32.228234669             69,750      dTLB-load-misses                                            
    32.228234669                 47      cpu-migrations                                              
    33.230162926         16,830,527      L1-dcache-load-misses                                       
    33.230162926            151,851      dTLB-load-misses                                            
    33.230162926                 73      cpu-migrations                                              
    34.232127794         11,305,703      L1-dcache-load-misses                                       
    34.232127794             67,685      dTLB-load-misses                                            
    34.232127794                 52      cpu-migrations                                              
    35.234122276          8,180,811      L1-dcache-load-misses                                       
    35.234122276             34,040      dTLB-load-misses                                            
    35.234122276                 46      cpu-migrations                                              
