#           time             counts unit events
     1.000449455        713,701,908      L1-dcache-load-misses                                       
     1.000449455          9,714,249      dTLB-load-misses                                            
     1.000449455                338      cpu-migrations                                              
     2.003693933      1,358,058,011      L1-dcache-load-misses                                       
     2.003693933         19,362,871      dTLB-load-misses                                            
     2.003693933                415      cpu-migrations                                              
     3.005921834      1,365,579,307      L1-dcache-load-misses                                       
     3.005921834         20,612,329      dTLB-load-misses                                            
     3.005921834                965      cpu-migrations                                              
     4.008131486        689,246,432      L1-dcache-load-misses                                       
     4.008131486         10,631,528      dTLB-load-misses                                            
     4.008131486              5,043      cpu-migrations                                              
     5.010469814        777,707,739      L1-dcache-load-misses                                       
     5.010469814         11,894,455      dTLB-load-misses                                            
     5.010469814              3,417      cpu-migrations                                              
     6.013612146        719,700,705      L1-dcache-load-misses                                       
     6.013612146         10,744,364      dTLB-load-misses                                            
     6.013612146              2,158      cpu-migrations                                              
     7.018456584        466,495,276      L1-dcache-load-misses                                       
     7.018456584          6,732,706      dTLB-load-misses                                            
     7.018456584              2,084      cpu-migrations                                              
     8.022863978        412,407,665      L1-dcache-load-misses                                       
     8.022863978          5,881,709      dTLB-load-misses                                            
     8.022863978              1,883      cpu-migrations                                              
     9.029796565        535,220,629      L1-dcache-load-misses                                       
     9.029796565          7,544,897      dTLB-load-misses                                            
     9.029796565              1,512      cpu-migrations                                              
    10.031964332      1,393,612,323      L1-dcache-load-misses                                       
    10.031964332         20,195,308      dTLB-load-misses                                            
    10.031964332                276      cpu-migrations                                              
    11.034191400        852,692,077      L1-dcache-load-misses                                       
    11.034191400         12,091,329      dTLB-load-misses                                            
    11.034191400              1,057      cpu-migrations                                              
    12.045861163        474,666,147      L1-dcache-load-misses                                       
    12.045861163          6,469,574      dTLB-load-misses                                            
    12.045861163              1,472      cpu-migrations                                              
    13.057776421        415,029,946      L1-dcache-load-misses                                       
    13.057776421          5,471,308      dTLB-load-misses                                            
    13.057776421              1,433      cpu-migrations                                              
    14.061828154        397,579,928      L1-dcache-load-misses                                       
    14.061828154          5,225,752      dTLB-load-misses                                            
    14.061828154              1,568      cpu-migrations                                              
    15.064025709        803,746,022      L1-dcache-load-misses                                       
    15.064025709         11,195,103      dTLB-load-misses                                            
    15.064025709                973      cpu-migrations                                              
    16.066263514      1,408,728,788      L1-dcache-load-misses                                       
    16.066263514         19,913,826      dTLB-load-misses                                            
    16.066263514                165      cpu-migrations                                              
    17.068449562        809,974,460      L1-dcache-load-misses                                       
    17.068449562         10,997,431      dTLB-load-misses                                            
    17.068449562                855      cpu-migrations                                              
    18.070710224        739,834,125      L1-dcache-load-misses                                       
    18.070710224          9,949,704      dTLB-load-misses                                            
    18.070710224              1,128      cpu-migrations                                              
    19.075205963        754,641,742      L1-dcache-load-misses                                       
    19.075205963         10,147,146      dTLB-load-misses                                            
    19.075205963              1,026      cpu-migrations                                              
    20.077451260        770,207,774      L1-dcache-load-misses                                       
    20.077451260         10,308,398      dTLB-load-misses                                            
    20.077451260              1,020      cpu-migrations                                              
    21.079703682        803,939,030      L1-dcache-load-misses                                       
    21.079703682         10,761,769      dTLB-load-misses                                            
    21.079703682                799      cpu-migrations                                              
    22.098067039        563,033,302      L1-dcache-load-misses                                       
    22.098067039          7,632,527      dTLB-load-misses                                            
    22.098067039              1,240      cpu-migrations                                              
    23.110707077        406,768,592      L1-dcache-load-misses                                       
    23.110707077          5,308,352      dTLB-load-misses                                            
    23.110707077              1,442      cpu-migrations                                              
    24.114602034        975,684,279      L1-dcache-load-misses                                       
    24.114602034         13,036,125      dTLB-load-misses                                            
    24.114602034                729      cpu-migrations                                              
    25.116804075        933,153,333      L1-dcache-load-misses                                       
    25.116804075         12,283,896      dTLB-load-misses                                            
    25.116804075                789      cpu-migrations                                              
#           time             counts unit events
    26.134262075        751,203,582      L1-dcache-load-misses                                       
    26.134262075          9,966,370      dTLB-load-misses                                            
    26.134262075                988      cpu-migrations                                              
    27.138478888        650,125,680      L1-dcache-load-misses                                       
    27.138478888          8,348,383      dTLB-load-misses                                            
    27.138478888              1,165      cpu-migrations                                              
    28.146477541        376,034,502      L1-dcache-load-misses                                       
    28.146477541          4,661,261      dTLB-load-misses                                            
    28.146477541              1,529      cpu-migrations                                              
    29.158871321        325,141,526      L1-dcache-load-misses                                       
    29.158871321          3,892,502      dTLB-load-misses                                            
    29.158871321              1,697      cpu-migrations                                              
    30.170829810        505,993,100      L1-dcache-load-misses                                       
    30.170829810          6,370,593      dTLB-load-misses                                            
    30.170829810              1,497      cpu-migrations                                              
    31.172441619        540,770,042      L1-dcache-load-misses                                       
    31.172441619          5,827,410      dTLB-load-misses                                            
    31.172441619                158      cpu-migrations                                              
    32.174505495        160,706,624      L1-dcache-load-misses                                       
    32.174505495            385,656      dTLB-load-misses                                            
    32.174505495                 66      cpu-migrations                                              
