#           time             counts unit events
     1.001085577        173,381,601      L1-dcache-load-misses                                       
     1.001085577            723,395      dTLB-load-misses                                            
     1.001085577              8,261      cpu-migrations                                              
     2.003536362        250,994,414      L1-dcache-load-misses                                       
     2.003536362            969,934      dTLB-load-misses                                            
     2.003536362             12,314      cpu-migrations                                              
     3.005689521        235,738,126      L1-dcache-load-misses                                       
     3.005689521            992,547      dTLB-load-misses                                            
     3.005689521             12,142      cpu-migrations                                              
     4.007097702        237,099,426      L1-dcache-load-misses                                       
     4.007097702          1,081,197      dTLB-load-misses                                            
     4.007097702             12,686      cpu-migrations                                              
     5.009210334        242,080,717      L1-dcache-load-misses                                       
     5.009210334          1,167,341      dTLB-load-misses                                            
     5.009210334             13,094      cpu-migrations                                              
     6.011098493        248,026,061      L1-dcache-load-misses                                       
     6.011098493          1,320,391      dTLB-load-misses                                            
     6.011098493             13,217      cpu-migrations                                              
     7.013392310        247,870,157      L1-dcache-load-misses                                       
     7.013392310          1,362,171      dTLB-load-misses                                            
     7.013392310             13,709      cpu-migrations                                              
     8.014989197        254,147,278      L1-dcache-load-misses                                       
     8.014989197          1,488,884      dTLB-load-misses                                            
     8.014989197             14,468      cpu-migrations                                              
     9.017131807        257,437,840      L1-dcache-load-misses                                       
     9.017131807          1,511,391      dTLB-load-misses                                            
     9.017131807             13,291      cpu-migrations                                              
    10.019227135        262,468,554      L1-dcache-load-misses                                       
    10.019227135          1,649,364      dTLB-load-misses                                            
    10.019227135             12,869      cpu-migrations                                              
    11.021303037        268,913,504      L1-dcache-load-misses                                       
    11.021303037          1,790,557      dTLB-load-misses                                            
    11.021303037             13,540      cpu-migrations                                              
    12.023386487        278,069,119      L1-dcache-load-misses                                       
    12.023386487          1,995,882      dTLB-load-misses                                            
    12.023386487             14,587      cpu-migrations                                              
    13.025421140        284,886,939      L1-dcache-load-misses                                       
    13.025421140          2,133,650      dTLB-load-misses                                            
    13.025421140             12,816      cpu-migrations                                              
    14.027417942        292,567,567      L1-dcache-load-misses                                       
    14.027417942          1,980,771      dTLB-load-misses                                            
    14.027417942              3,763      cpu-migrations                                              
    15.029476941        313,135,322      L1-dcache-load-misses                                       
    15.029476941          2,261,239      dTLB-load-misses                                            
    15.029476941              2,366      cpu-migrations                                              
    16.031490029        348,051,371      L1-dcache-load-misses                                       
    16.031490029          2,793,680      dTLB-load-misses                                            
    16.031490029                722      cpu-migrations                                              
    17.033591246        404,713,514      L1-dcache-load-misses                                       
    17.033591246          3,546,155      dTLB-load-misses                                            
    17.033591246                555      cpu-migrations                                              
    18.035703743        538,881,555      L1-dcache-load-misses                                       
    18.035703743          5,186,556      dTLB-load-misses                                            
    18.035703743                174      cpu-migrations                                              
    19.037833808        771,996,651      L1-dcache-load-misses                                       
    19.037833808          7,984,386      dTLB-load-misses                                            
    19.037833808                266      cpu-migrations                                              
    20.040486586        748,434,023      L1-dcache-load-misses                                       
    20.040486586          7,999,844      dTLB-load-misses                                            
    20.040486586                241      cpu-migrations                                              
    21.044077646        777,064,494      L1-dcache-load-misses                                       
    21.044077646          8,467,894      dTLB-load-misses                                            
    21.044077646                158      cpu-migrations                                              
    22.047418506        834,381,701      L1-dcache-load-misses                                       
    22.047418506          9,031,487      dTLB-load-misses                                            
    22.047418506                163      cpu-migrations                                              
    23.050623671        882,985,482      L1-dcache-load-misses                                       
    23.050623671          9,204,893      dTLB-load-misses                                            
    23.050623671                190      cpu-migrations                                              
    24.053775428        906,812,235      L1-dcache-load-misses                                       
    24.053775428          9,268,453      dTLB-load-misses                                            
    24.053775428                204      cpu-migrations                                              
    25.056949046        880,956,080      L1-dcache-load-misses                                       
    25.056949046          8,853,814      dTLB-load-misses                                            
    25.056949046                192      cpu-migrations                                              
#           time             counts unit events
    26.060274690        905,143,744      L1-dcache-load-misses                                       
    26.060274690          8,940,491      dTLB-load-misses                                            
    26.060274690                198      cpu-migrations                                              
    27.063364811        882,107,905      L1-dcache-load-misses                                       
    27.063364811          8,640,840      dTLB-load-misses                                            
    27.063364811                201      cpu-migrations                                              
    28.066675172        870,454,755      L1-dcache-load-misses                                       
    28.066675172          8,611,574      dTLB-load-misses                                            
    28.066675172                218      cpu-migrations                                              
    29.069956882        876,833,329      L1-dcache-load-misses                                       
    29.069956882          8,782,282      dTLB-load-misses                                            
    29.069956882                232      cpu-migrations                                              
    30.073189743        898,268,908      L1-dcache-load-misses                                       
    30.073189743          9,035,100      dTLB-load-misses                                            
    30.073189743                236      cpu-migrations                                              
