#           time             counts unit events
     1.001045827        712,880,841      L1-dcache-load-misses                                       
     1.001045827          9,626,208      dTLB-load-misses                                            
     1.001045827                401      cpu-migrations                                              
     2.011424027      1,369,948,891      L1-dcache-load-misses                                       
     2.011424027         19,635,458      dTLB-load-misses                                            
     2.011424027                454      cpu-migrations                                              
     3.013703487      1,370,833,064      L1-dcache-load-misses                                       
     3.013703487         20,527,594      dTLB-load-misses                                            
     3.013703487              1,088      cpu-migrations                                              
     4.015984195        740,892,238      L1-dcache-load-misses                                       
     4.015984195         11,447,805      dTLB-load-misses                                            
     4.015984195              4,442      cpu-migrations                                              
     5.018181729        771,401,743      L1-dcache-load-misses                                       
     5.018181729         11,939,301      dTLB-load-misses                                            
     5.018181729              3,020      cpu-migrations                                              
     6.022535389        702,410,682      L1-dcache-load-misses                                       
     6.022535389         10,830,061      dTLB-load-misses                                            
     6.022535389              2,837      cpu-migrations                                              
     7.029855269        613,650,922      L1-dcache-load-misses                                       
     7.029855269          9,706,110      dTLB-load-misses                                            
     7.029855269              2,836      cpu-migrations                                              
     8.041204072        353,251,905      L1-dcache-load-misses                                       
     8.041204072          6,040,674      dTLB-load-misses                                            
     8.041204072              2,973      cpu-migrations                                              
     9.046240883        411,545,260      L1-dcache-load-misses                                       
     9.046240883          6,521,376      dTLB-load-misses                                            
     9.046240883              1,914      cpu-migrations                                              
    10.057259206      1,284,343,081      L1-dcache-load-misses                                       
    10.057259206         19,877,567      dTLB-load-misses                                            
    10.057259206                490      cpu-migrations                                              
    11.059456642      1,013,664,288      L1-dcache-load-misses                                       
    11.059456642         14,936,582      dTLB-load-misses                                            
    11.059456642                661      cpu-migrations                                              
    12.089911828        678,336,923      L1-dcache-load-misses                                       
    12.089911828         10,025,100      dTLB-load-misses                                            
    12.089911828              1,325      cpu-migrations                                              
    13.097877216        390,329,103      L1-dcache-load-misses                                       
    13.097877216          5,554,995      dTLB-load-misses                                            
    13.097877216              1,469      cpu-migrations                                              
    14.117408768        419,513,264      L1-dcache-load-misses                                       
    14.117408768          6,248,164      dTLB-load-misses                                            
    14.117408768              1,635      cpu-migrations                                              
    15.125164356        404,873,790      L1-dcache-load-misses                                       
    15.125164356          5,595,806      dTLB-load-misses                                            
    15.125164356              1,525      cpu-migrations                                              
    16.127439290      1,387,274,082      L1-dcache-load-misses                                       
    16.127439290         19,682,127      dTLB-load-misses                                            
    16.127439290                322      cpu-migrations                                              
    17.129665955      1,030,000,956      L1-dcache-load-misses                                       
    17.129665955         14,452,462      dTLB-load-misses                                            
    17.129665955                821      cpu-migrations                                              
    18.131919416        755,661,122      L1-dcache-load-misses                                       
    18.131919416         10,340,694      dTLB-load-misses                                            
    18.131919416              1,034      cpu-migrations                                              
    19.138018333        717,185,225      L1-dcache-load-misses                                       
    19.138018333          9,987,013      dTLB-load-misses                                            
    19.138018333              1,158      cpu-migrations                                              
    20.140230694        789,272,982      L1-dcache-load-misses                                       
    20.140230694         10,677,644      dTLB-load-misses                                            
    20.140230694                959      cpu-migrations                                              
    21.142467855        763,423,208      L1-dcache-load-misses                                       
    21.142467855         10,655,290      dTLB-load-misses                                            
    21.142467855              1,047      cpu-migrations                                              
    22.167382676        783,227,024      L1-dcache-load-misses                                       
    22.167382676         10,665,219      dTLB-load-misses                                            
    22.167382676              1,009      cpu-migrations                                              
    23.174403197        394,369,967      L1-dcache-load-misses                                       
    23.174403197          5,793,281      dTLB-load-misses                                            
    23.174403197              1,443      cpu-migrations                                              
    24.181301075        608,500,085      L1-dcache-load-misses                                       
    24.181301075          8,275,198      dTLB-load-misses                                            
    24.181301075              1,349      cpu-migrations                                              
    25.183497941      1,171,545,826      L1-dcache-load-misses                                       
    25.183497941         15,602,904      dTLB-load-misses                                            
    25.183497941                599      cpu-migrations                                              
#           time             counts unit events
    26.201936002        745,806,847      L1-dcache-load-misses                                       
    26.201936002         10,341,624      dTLB-load-misses                                            
    26.201936002              1,264      cpu-migrations                                              
    27.209712280        746,055,905      L1-dcache-load-misses                                       
    27.209712280         10,182,195      dTLB-load-misses                                            
    27.209712280              1,232      cpu-migrations                                              
    28.218120665        465,692,710      L1-dcache-load-misses                                       
    28.218120665          5,993,042      dTLB-load-misses                                            
    28.218120665              1,432      cpu-migrations                                              
    29.222883678        341,752,346      L1-dcache-load-misses                                       
    29.222883678          4,482,909      dTLB-load-misses                                            
    29.222883678              1,692      cpu-migrations                                              
    30.234283881        358,599,003      L1-dcache-load-misses                                       
    30.234283881          4,284,631      dTLB-load-misses                                            
    30.234283881              1,657      cpu-migrations                                              
    31.237104037        207,345,349      L1-dcache-load-misses                                       
    31.237104037          1,431,522      dTLB-load-misses                                            
    31.237104037                600      cpu-migrations                                              
    32.239182656        117,449,797      L1-dcache-load-misses                                       
    32.239182656            273,018      dTLB-load-misses                                            
    32.239182656                283      cpu-migrations                                              
