#           time             counts unit events
     1.001209857        220,013,951      L1-dcache-load-misses                                       
     1.001209857          1,614,622      dTLB-load-misses                                            
     1.001209857              3,631      cpu-migrations                                              
     2.019336321        385,406,414      L1-dcache-load-misses                                       
     2.019336321          2,229,188      dTLB-load-misses                                            
     2.019336321              6,905      cpu-migrations                                              
     3.033767254        392,780,421      L1-dcache-load-misses                                       
     3.033767254          2,295,837      dTLB-load-misses                                            
     3.033767254              6,870      cpu-migrations                                              
     4.047803480        399,489,693      L1-dcache-load-misses                                       
     4.047803480          2,206,936      dTLB-load-misses                                            
     4.047803480              6,852      cpu-migrations                                              
     5.063973886        401,679,861      L1-dcache-load-misses                                       
     5.063973886          2,131,602      dTLB-load-misses                                            
     5.063973886              7,277      cpu-migrations                                              
     6.079968232        396,882,111      L1-dcache-load-misses                                       
     6.079968232          2,231,445      dTLB-load-misses                                            
     6.079968232              7,329      cpu-migrations                                              
     7.095911335        402,103,009      L1-dcache-load-misses                                       
     7.095911335          2,194,361      dTLB-load-misses                                            
     7.095911335              8,625      cpu-migrations                                              
     8.106024166        327,204,410      L1-dcache-load-misses                                       
     8.106024166          1,875,107      dTLB-load-misses                                            
     8.106024166              5,631      cpu-migrations                                              
     9.112580853        450,520,134      L1-dcache-load-misses                                       
     9.112580853          3,024,746      dTLB-load-misses                                            
     9.112580853              8,162      cpu-migrations                                              
    10.121964797        455,760,575      L1-dcache-load-misses                                       
    10.121964797          2,542,702      dTLB-load-misses                                            
    10.121964797              7,478      cpu-migrations                                              
    11.131622847        447,760,015      L1-dcache-load-misses                                       
    11.131622847          2,239,352      dTLB-load-misses                                            
    11.131622847              7,797      cpu-migrations                                              
    12.139883495        459,589,415      L1-dcache-load-misses                                       
    12.139883495          2,216,288      dTLB-load-misses                                            
    12.139883495              7,872      cpu-migrations                                              
    13.146169710        448,433,709      L1-dcache-load-misses                                       
    13.146169710          2,751,781      dTLB-load-misses                                            
    13.146169710              7,623      cpu-migrations                                              
    14.151042558        443,866,587      L1-dcache-load-misses                                       
    14.151042558          3,227,580      dTLB-load-misses                                            
    14.151042558              4,484      cpu-migrations                                              
    15.161185817        459,412,429      L1-dcache-load-misses                                       
    15.161185817          2,792,337      dTLB-load-misses                                            
    15.161185817              6,258      cpu-migrations                                              
    16.170371911        463,196,399      L1-dcache-load-misses                                       
    16.170371911          2,480,028      dTLB-load-misses                                            
    16.170371911              6,408      cpu-migrations                                              
    17.182834167        472,315,318      L1-dcache-load-misses                                       
    17.182834167          2,907,716      dTLB-load-misses                                            
    17.182834167              7,521      cpu-migrations                                              
    18.202816321        483,044,075      L1-dcache-load-misses                                       
    18.202816321          3,676,738      dTLB-load-misses                                            
    18.202816321              8,078      cpu-migrations                                              
    19.214569260        474,783,710      L1-dcache-load-misses                                       
    19.214569260          3,613,179      dTLB-load-misses                                            
    19.214569260              5,221      cpu-migrations                                              
    20.224728959        467,770,165      L1-dcache-load-misses                                       
    20.224728959          3,218,279      dTLB-load-misses                                            
    20.224728959              6,554      cpu-migrations                                              
    21.235981371        466,525,534      L1-dcache-load-misses                                       
    21.235981371          3,147,197      dTLB-load-misses                                            
    21.235981371              7,407      cpu-migrations                                              
    22.247971233        472,847,179      L1-dcache-load-misses                                       
    22.247971233          3,441,434      dTLB-load-misses                                            
    22.247971233              7,208      cpu-migrations                                              
    23.269655353        481,375,348      L1-dcache-load-misses                                       
    23.269655353          3,717,056      dTLB-load-misses                                            
    23.269655353              7,678      cpu-migrations                                              
    24.279964235        465,161,353      L1-dcache-load-misses                                       
    24.279964235          3,665,966      dTLB-load-misses                                            
    24.279964235              4,782      cpu-migrations                                              
    25.294608672        472,432,385      L1-dcache-load-misses                                       
    25.294608672          3,761,193      dTLB-load-misses                                            
    25.294608672              6,666      cpu-migrations                                              
#           time             counts unit events
    26.310811342        477,791,948      L1-dcache-load-misses                                       
    26.310811342          3,561,878      dTLB-load-misses                                            
    26.310811342              7,294      cpu-migrations                                              
    27.324381603        474,194,186      L1-dcache-load-misses                                       
    27.324381603          3,207,619      dTLB-load-misses                                            
    27.324381603              7,422      cpu-migrations                                              
    28.348709215        479,517,721      L1-dcache-load-misses                                       
    28.348709215          3,532,717      dTLB-load-misses                                            
    28.348709215              7,206      cpu-migrations                                              
    29.359814390        462,053,649      L1-dcache-load-misses                                       
    29.359814390          3,957,456      dTLB-load-misses                                            
    29.359814390              5,155      cpu-migrations                                              
    30.369248692        469,366,826      L1-dcache-load-misses                                       
    30.369248692          3,645,653      dTLB-load-misses                                            
    30.369248692              6,614      cpu-migrations                                              
