#           time             counts unit events
     1.001080367        437,303,511      L1-dcache-load-misses                                       
     1.001080367          2,566,902      dTLB-load-misses                                            
     1.001080367              1,452      cpu-migrations                                              
     2.015887145        883,576,983      L1-dcache-load-misses                                       
     2.015887145          4,382,695      dTLB-load-misses                                            
     2.015887145              2,747      cpu-migrations                                              
     3.034055979        822,628,543      L1-dcache-load-misses                                       
     3.034055979          4,129,309      dTLB-load-misses                                            
     3.034055979              2,303      cpu-migrations                                              
     4.063998654        452,884,096      L1-dcache-load-misses                                       
     4.063998654          1,950,098      dTLB-load-misses                                            
     4.063998654              2,645      cpu-migrations                                              
     5.066260582        556,566,063      L1-dcache-load-misses                                       
     5.066260582          3,691,265      dTLB-load-misses                                            
     5.066260582              3,096      cpu-migrations                                              
     6.070597479        612,357,275      L1-dcache-load-misses                                       
     6.070597479          3,288,718      dTLB-load-misses                                            
     6.070597479              3,761      cpu-migrations                                              
     7.097234990        584,493,050      L1-dcache-load-misses                                       
     7.097234990          2,772,469      dTLB-load-misses                                            
     7.097234990              2,731      cpu-migrations                                              
     8.101956935        568,024,336      L1-dcache-load-misses                                       
     8.101956935          2,735,543      dTLB-load-misses                                            
     8.101956935              2,700      cpu-migrations                                              
     9.106427700        564,717,398      L1-dcache-load-misses                                       
     9.106427700          2,786,953      dTLB-load-misses                                            
     9.106427700              2,642      cpu-migrations                                              
    10.108000370        601,481,539      L1-dcache-load-misses                                       
    10.108000370          3,047,876      dTLB-load-misses                                            
    10.108000370              1,919      cpu-migrations                                              
    11.111026113        537,863,948      L1-dcache-load-misses                                       
    11.111026113          3,037,376      dTLB-load-misses                                            
    11.111026113              2,261      cpu-migrations                                              
    12.122135410        571,608,801      L1-dcache-load-misses                                       
    12.122135410          3,117,399      dTLB-load-misses                                            
    12.122135410              1,722      cpu-migrations                                              
    13.129202471        579,876,634      L1-dcache-load-misses                                       
    13.129202471          3,320,822      dTLB-load-misses                                            
    13.129202471              2,667      cpu-migrations                                              
    14.131578830        603,966,427      L1-dcache-load-misses                                       
    14.131578830          3,099,356      dTLB-load-misses                                            
    14.131578830              1,792      cpu-migrations                                              
    15.134180813        636,701,929      L1-dcache-load-misses                                       
    15.134180813          3,569,794      dTLB-load-misses                                            
    15.134180813              1,488      cpu-migrations                                              
    16.141354481        498,779,492      L1-dcache-load-misses                                       
    16.141354481          2,429,539      dTLB-load-misses                                            
    16.141354481              1,508      cpu-migrations                                              
    17.144029360        512,680,360      L1-dcache-load-misses                                       
    17.144029360          2,662,432      dTLB-load-misses                                            
    17.144029360              1,199      cpu-migrations                                              
    18.147099647        632,498,921      L1-dcache-load-misses                                       
    18.147099647          3,138,785      dTLB-load-misses                                            
    18.147099647              1,270      cpu-migrations                                              
    19.149729632        643,880,223      L1-dcache-load-misses                                       
    19.149729632          3,615,556      dTLB-load-misses                                            
    19.149729632              1,351      cpu-migrations                                              
    20.153649703        630,080,373      L1-dcache-load-misses                                       
    20.153649703          3,745,901      dTLB-load-misses                                            
    20.153649703              1,358      cpu-migrations                                              
    21.161153816        531,980,243      L1-dcache-load-misses                                       
    21.161153816          3,229,860      dTLB-load-misses                                            
    21.161153816              1,303      cpu-migrations                                              
    22.165362915        582,643,534      L1-dcache-load-misses                                       
    22.165362915          3,095,496      dTLB-load-misses                                            
    22.165362915                990      cpu-migrations                                              
    23.167903059        597,287,573      L1-dcache-load-misses                                       
    23.167903059          3,086,020      dTLB-load-misses                                            
    23.167903059              1,132      cpu-migrations                                              
    24.170198065        558,127,004      L1-dcache-load-misses                                       
    24.170198065          3,114,962      dTLB-load-misses                                            
    24.170198065              1,046      cpu-migrations                                              
    25.172446260        618,750,426      L1-dcache-load-misses                                       
    25.172446260          3,225,874      dTLB-load-misses                                            
    25.172446260                886      cpu-migrations                                              
#           time             counts unit events
    26.181357242        549,869,838      L1-dcache-load-misses                                       
    26.181357242          2,919,331      dTLB-load-misses                                            
    26.181357242                853      cpu-migrations                                              
    27.197436845        649,483,086      L1-dcache-load-misses                                       
    27.197436845          3,973,091      dTLB-load-misses                                            
    27.197436845              1,061      cpu-migrations                                              
    28.209920983        635,887,788      L1-dcache-load-misses                                       
    28.209920983          3,278,772      dTLB-load-misses                                            
    28.209920983                895      cpu-migrations                                              
    29.213203509        635,179,151      L1-dcache-load-misses                                       
    29.213203509          3,378,693      dTLB-load-misses                                            
    29.213203509              1,056      cpu-migrations                                              
    30.215539998        541,030,500      L1-dcache-load-misses                                       
    30.215539998          3,394,748      dTLB-load-misses                                            
    30.215539998                921      cpu-migrations                                              
    31.217580130        131,038,019      L1-dcache-load-misses                                       
    31.217580130            676,488      dTLB-load-misses                                            
    31.217580130                265      cpu-migrations                                              
    32.219489158         10,723,813      L1-dcache-load-misses                                       
    32.219489158             69,372      dTLB-load-misses                                            
    32.219489158                 49      cpu-migrations                                              
    33.221448052          8,863,547      L1-dcache-load-misses                                       
    33.221448052             51,711      dTLB-load-misses                                            
    33.221448052                 50      cpu-migrations                                              
    34.223357433         10,016,739      L1-dcache-load-misses                                       
    34.223357433             44,352      dTLB-load-misses                                            
    34.223357433                 45      cpu-migrations                                              
    35.225616816          9,819,050      L1-dcache-load-misses                                       
    35.225616816             37,366      dTLB-load-misses                                            
    35.225616816                 44      cpu-migrations                                              
