randread: (g=0): rw=randread, bs=(R) 4096B-4096B, (W) 4096B-4096B, (T) 4096B-4096B, ioengine=libaio, iodepth=16
...
fio-3.16
Starting 32 processes

randread: (groupid=0, jobs=32): err= 0: pid=393988: Wed Oct 22 09:50:38 2025
  read: IOPS=359k, BW=1401MiB/s (1469MB/s)(4096MiB/2924msec)
    slat (nsec): min=1157, max=5299.1k, avg=84281.77, stdev=70981.33
    clat (nsec): min=1090, max=10723k, avg=1316972.81, stdev=397779.69
     lat (usec): min=3, max=10848, avg=1401.77, stdev=417.77
    clat percentiles (usec):
     |  1.00th=[  396],  5.00th=[  635], 10.00th=[  783], 20.00th=[  979],
     | 30.00th=[ 1123], 40.00th=[ 1237], 50.00th=[ 1352], 60.00th=[ 1450],
     | 70.00th=[ 1565], 80.00th=[ 1663], 90.00th=[ 1795], 95.00th=[ 1876],
     | 99.00th=[ 2040], 99.50th=[ 2114], 99.90th=[ 2868], 99.95th=[ 4359],
     | 99.99th=[ 5932]
   bw (  MiB/s): min= 1079, max= 1639, per=94.67%, avg=1326.09, stdev= 6.18, samples=160
   iops        : min=276446, max=419647, avg=339478.60, stdev=1581.79, samples=160
  lat (usec)   : 2=0.01%, 4=0.01%, 10=0.01%, 20=0.01%, 50=0.01%
  lat (usec)   : 100=0.01%, 250=0.18%, 500=2.10%, 750=6.39%, 1000=12.92%
  lat (msec)   : 2=76.97%, 4=1.36%, 10=0.06%, 20=0.01%
  cpu          : usr=3.19%, sys=21.69%, ctx=984046, majf=0, minf=862
  IO depths    : 1=0.1%, 2=0.1%, 4=0.1%, 8=0.1%, 16=100.0%, 32=0.0%, >=64=0.0%
     submit    : 0=0.0%, 4=100.0%, 8=0.0%, 16=0.0%, 32=0.0%, 64=0.0%, >=64=0.0%
     complete  : 0=0.0%, 4=100.0%, 8=0.0%, 16=0.1%, 32=0.0%, 64=0.0%, >=64=0.0%
     issued rwts: total=1048576,0,0,0 short=0,0,0,0 dropped=0,0,0,0
     latency   : target=0, window=0, percentile=100.00%, depth=16

Run status group 0 (all jobs):
   READ: bw=1401MiB/s (1469MB/s), 1401MiB/s-1401MiB/s (1469MB/s-1469MB/s), io=4096MiB (4295MB), run=2924-2924msec
