randread: (g=0): rw=randread, bs=(R) 4096B-4096B, (W) 4096B-4096B, (T) 4096B-4096B, ioengine=libaio, iodepth=16
fio-3.16
Starting 1 process

randread: (groupid=0, jobs=1): err= 0: pid=22283: Wed Oct 22 07:54:56 2025
  read: IOPS=17.6k, BW=68.9MiB/s (72.3MB/s)(128MiB/1857msec)
    slat (nsec): min=1088, max=10208k, avg=55226.59, stdev=74583.32
    clat (nsec): min=1537, max=11289k, avg=849989.05, stdev=391441.03
     lat (usec): min=3, max=11410, avg=905.42, stdev=410.61
    clat percentiles (usec):
     |  1.00th=[  225],  5.00th=[  334], 10.00th=[  420], 20.00th=[  537],
     | 30.00th=[  644], 40.00th=[  750], 50.00th=[  848], 60.00th=[  947],
     | 70.00th=[ 1045], 80.00th=[ 1156], 90.00th=[ 1270], 95.00th=[ 1336],
     | 99.00th=[ 1450], 99.50th=[ 1500], 99.90th=[ 1762], 99.95th=[ 4948],
     | 99.99th=[11207]
   bw (  KiB/s): min=48296, max=75488, per=86.13%, avg=60789.33, stdev=13729.49, samples=3
   iops        : min=12074, max=18872, avg=15197.33, stdev=3432.37, samples=3
  lat (usec)   : 2=0.01%, 10=0.01%, 100=0.02%, 250=1.59%, 500=14.94%
  lat (usec)   : 750=23.75%, 1000=25.02%
  lat (msec)   : 2=34.58%, 10=0.05%, 20=0.05%
  cpu          : usr=3.50%, sys=17.30%, ctx=21497, majf=0, minf=25
  IO depths    : 1=0.1%, 2=0.1%, 4=0.1%, 8=0.1%, 16=100.0%, 32=0.0%, >=64=0.0%
     submit    : 0=0.0%, 4=100.0%, 8=0.0%, 16=0.0%, 32=0.0%, 64=0.0%, >=64=0.0%
     complete  : 0=0.0%, 4=100.0%, 8=0.0%, 16=0.1%, 32=0.0%, 64=0.0%, >=64=0.0%
     issued rwts: total=32768,0,0,0 short=0,0,0,0 dropped=0,0,0,0
     latency   : target=0, window=0, percentile=100.00%, depth=16

Run status group 0 (all jobs):
   READ: bw=68.9MiB/s (72.3MB/s), 68.9MiB/s-68.9MiB/s (72.3MB/s-72.3MB/s), io=128MiB (134MB), run=1857-1857msec
