randread: (g=0): rw=randread, bs=(R) 128KiB-128KiB, (W) 128KiB-128KiB, (T) 128KiB-128KiB, ioengine=psync, iodepth=1
...
fio-3.16
Starting 4 processes

randread: (groupid=0, jobs=4): err= 0: pid=87378: Mon Oct 27 02:27:09 2025
  read: IOPS=6400, BW=800MiB/s (839MB/s)(512MiB/640msec)
    clat (usec): min=6, max=9858, avg=610.97, stdev=486.38
     lat (usec): min=6, max=9859, avg=611.17, stdev=486.41
    clat percentiles (usec):
     |  1.00th=[   51],  5.00th=[   69], 10.00th=[   82], 20.00th=[  111],
     | 30.00th=[  161], 40.00th=[  529], 50.00th=[  701], 60.00th=[  807],
     | 70.00th=[  881], 80.00th=[  955], 90.00th=[ 1057], 95.00th=[ 1205],
     | 99.00th=[ 1582], 99.50th=[ 1778], 99.90th=[ 3294], 99.95th=[ 8848],
     | 99.99th=[ 9896]
   bw (  KiB/s): min=757504, max=757504, per=92.47%, avg=757504.00, stdev= 0.00, samples=4
   iops        : min= 5918, max= 5918, avg=5918.00, stdev= 0.00, samples=4
  lat (usec)   : 10=0.05%, 20=0.02%, 50=0.78%, 100=16.06%, 250=18.12%
  lat (usec)   : 500=3.71%, 750=15.43%, 1000=30.83%
  lat (msec)   : 2=14.62%, 4=0.29%, 10=0.07%
  cpu          : usr=0.99%, sys=35.48%, ctx=2971, majf=0, minf=169
  IO depths    : 1=100.0%, 2=0.0%, 4=0.0%, 8=0.0%, 16=0.0%, 32=0.0%, >=64=0.0%
     submit    : 0=0.0%, 4=100.0%, 8=0.0%, 16=0.0%, 32=0.0%, 64=0.0%, >=64=0.0%
     complete  : 0=0.0%, 4=100.0%, 8=0.0%, 16=0.0%, 32=0.0%, 64=0.0%, >=64=0.0%
     issued rwts: total=4096,0,0,0 short=0,0,0,0 dropped=0,0,0,0
     latency   : target=0, window=0, percentile=100.00%, depth=1

Run status group 0 (all jobs):
   READ: bw=800MiB/s (839MB/s), 800MiB/s-800MiB/s (839MB/s-839MB/s), io=512MiB (537MB), run=640-640msec
