randwrite: (g=0): rw=randwrite, bs=(R) 4096B-4096B, (W) 4096B-4096B, (T) 4096B-4096B, ioengine=libaio, iodepth=16
...
fio-3.16
Starting 32 processes

randwrite: (groupid=0, jobs=32): err= 0: pid=395395: Wed Oct 22 09:53:06 2025
  write: IOPS=347k, BW=1356MiB/s (1422MB/s)(4096MiB/3021msec); 0 zone resets
    slat (usec): min=8, max=6468, avg=59.86, stdev=23.63
    clat (nsec): min=915, max=7655.7k, avg=930551.85, stdev=167755.78
     lat (usec): min=11, max=7735, avg=990.63, stdev=176.54
    clat percentiles (usec):
     |  1.00th=[  441],  5.00th=[  685], 10.00th=[  742], 20.00th=[  824],
     | 30.00th=[  873], 40.00th=[  906], 50.00th=[  938], 60.00th=[  963],
     | 70.00th=[ 1004], 80.00th=[ 1045], 90.00th=[ 1106], 95.00th=[ 1156],
     | 99.00th=[ 1270], 99.50th=[ 1450], 99.90th=[ 2180], 99.95th=[ 2278],
     | 99.99th=[ 2507]
   bw (  MiB/s): min= 1892, max= 2100, per=100.00%, avg=1994.68, stdev= 3.21, samples=120
   iops        : min=484368, max=537661, avg=510638.00, stdev=822.21, samples=120
  lat (nsec)   : 1000=0.01%
  lat (usec)   : 2=0.01%, 4=0.01%, 10=0.01%, 20=0.01%, 50=0.01%
  lat (usec)   : 100=0.01%, 250=0.07%, 500=1.40%, 750=9.13%, 1000=59.39%
  lat (msec)   : 2=29.71%, 4=0.29%, 10=0.01%
  cpu          : usr=2.38%, sys=24.34%, ctx=1069294, majf=0, minf=347
  IO depths    : 1=0.1%, 2=0.1%, 4=0.1%, 8=0.1%, 16=100.0%, 32=0.0%, >=64=0.0%
     submit    : 0=0.0%, 4=100.0%, 8=0.0%, 16=0.0%, 32=0.0%, 64=0.0%, >=64=0.0%
     complete  : 0=0.0%, 4=100.0%, 8=0.0%, 16=0.1%, 32=0.0%, 64=0.0%, >=64=0.0%
     issued rwts: total=0,1048576,0,32 short=0,0,0,0 dropped=0,0,0,0
     latency   : target=0, window=0, percentile=100.00%, depth=16

Run status group 0 (all jobs):
  WRITE: bw=1356MiB/s (1422MB/s), 1356MiB/s-1356MiB/s (1422MB/s-1422MB/s), io=4096MiB (4295MB), run=3021-3021msec
