write: (g=0): rw=write, bs=(R) 128KiB-128KiB, (W) 128KiB-128KiB, (T) 128KiB-128KiB, ioengine=libaio, iodepth=16
...
fio-3.16
Starting 16 processes

write: (groupid=0, jobs=16): err= 0: pid=23548: Wed Oct 22 07:57:05 2025
  write: IOPS=9497, BW=1187MiB/s (1245MB/s)(2048MiB/1725msec); 0 zone resets
    slat (usec): min=178, max=13926, avg=1084.21, stdev=389.46
    clat (nsec): min=1887, max=35473k, avg=16323974.67, stdev=3725878.32
     lat (usec): min=185, max=36341, avg=17410.58, stdev=3904.67
    clat percentiles (usec):
     |  1.00th=[ 4047],  5.00th=[10814], 10.00th=[12387], 20.00th=[13566],
     | 30.00th=[14484], 40.00th=[15401], 50.00th=[16319], 60.00th=[17171],
     | 70.00th=[18220], 80.00th=[19268], 90.00th=[20841], 95.00th=[22152],
     | 99.00th=[24511], 99.50th=[25560], 99.90th=[28967], 99.95th=[31065],
     | 99.99th=[35390]
   bw (  MiB/s): min= 1740, max= 1802, per=100.00%, avg=1771.38, stdev= 2.53, samples=32
   iops        : min=13924, max=14418, avg=14171.00, stdev=20.26, samples=32
  lat (usec)   : 2=0.01%, 4=0.04%, 10=0.02%, 20=0.02%, 50=0.01%
  lat (usec)   : 250=0.01%, 500=0.05%, 750=0.05%, 1000=0.04%
  lat (msec)   : 2=0.20%, 4=0.50%, 10=2.48%, 20=81.71%, 50=14.87%
  cpu          : usr=4.23%, sys=32.42%, ctx=22279, majf=0, minf=187
  IO depths    : 1=0.2%, 2=0.2%, 4=0.4%, 8=0.8%, 16=98.5%, 32=0.0%, >=64=0.0%
     submit    : 0=0.0%, 4=100.0%, 8=0.0%, 16=0.0%, 32=0.0%, 64=0.0%, >=64=0.0%
     complete  : 0=0.0%, 4=99.9%, 8=0.0%, 16=0.1%, 32=0.0%, 64=0.0%, >=64=0.0%
     issued rwts: total=0,16384,0,16 short=0,0,0,0 dropped=0,0,0,0
     latency   : target=0, window=0, percentile=100.00%, depth=16

Run status group 0 (all jobs):
  WRITE: bw=1187MiB/s (1245MB/s), 1187MiB/s-1187MiB/s (1245MB/s-1245MB/s), io=2048MiB (2147MB), run=1725-1725msec
