write: (g=0): rw=write, bs=(R) 4096B-4096B, (W) 4096B-4096B, (T) 4096B-4096B, ioengine=libaio, iodepth=16
...
fio-3.16
Starting 2 processes

write: (groupid=0, jobs=2): err= 0: pid=23039: Wed Oct 22 07:56:14 2025
  write: IOPS=118k, BW=460MiB/s (483MB/s)(256MiB/556msec); 0 zone resets
    slat (usec): min=7, max=8108, avg=13.24, stdev=54.42
    clat (nsec): min=980, max=9219.4k, avg=208949.05, stdev=132838.96
     lat (usec): min=11, max=9304, avg=222.30, stdev=145.52
    clat percentiles (usec):
     |  1.00th=[  167],  5.00th=[  176], 10.00th=[  182], 20.00th=[  188],
     | 30.00th=[  194], 40.00th=[  198], 50.00th=[  204], 60.00th=[  210],
     | 70.00th=[  215], 80.00th=[  223], 90.00th=[  233], 95.00th=[  245],
     | 99.00th=[  285], 99.50th=[  355], 99.90th=[  445], 99.95th=[  701],
     | 99.99th=[ 8455]
  lat (nsec)   : 1000=0.01%
  lat (usec)   : 2=0.01%, 20=0.01%, 50=0.01%, 100=0.01%, 250=96.25%
  lat (usec)   : 500=3.63%, 750=0.06%, 1000=0.01%
  lat (msec)   : 2=0.01%, 10=0.02%
  cpu          : usr=3.61%, sys=34.66%, ctx=66018, majf=0, minf=27
  IO depths    : 1=0.1%, 2=0.1%, 4=0.1%, 8=0.1%, 16=100.0%, 32=0.0%, >=64=0.0%
     submit    : 0=0.0%, 4=100.0%, 8=0.0%, 16=0.0%, 32=0.0%, 64=0.0%, >=64=0.0%
     complete  : 0=0.0%, 4=100.0%, 8=0.0%, 16=0.1%, 32=0.0%, 64=0.0%, >=64=0.0%
     issued rwts: total=0,65536,0,2 short=0,0,0,0 dropped=0,0,0,0
     latency   : target=0, window=0, percentile=100.00%, depth=16

Run status group 0 (all jobs):
  WRITE: bw=460MiB/s (483MB/s), 460MiB/s-460MiB/s (483MB/s-483MB/s), io=256MiB (268MB), run=556-556msec
