write: (g=0): rw=write, bs=(R) 128KiB-128KiB, (W) 128KiB-128KiB, (T) 128KiB-128KiB, ioengine=psync, iodepth=1
...
fio-3.16
Starting 8 processes

write: (groupid=0, jobs=8): err= 0: pid=88873: Mon Oct 27 02:28:56 2025
  write: IOPS=8055, BW=1007MiB/s (1056MB/s)(1024MiB/1017msec); 0 zone resets
    clat (usec): min=187, max=9309, avg=632.67, stdev=348.57
     lat (usec): min=188, max=9317, avg=639.26, stdev=352.03
    clat percentiles (usec):
     |  1.00th=[  302],  5.00th=[  355], 10.00th=[  383], 20.00th=[  424],
     | 30.00th=[  461], 40.00th=[  498], 50.00th=[  537], 60.00th=[  594],
     | 70.00th=[  668], 80.00th=[  791], 90.00th=[ 1020], 95.00th=[ 1221],
     | 99.00th=[ 1631], 99.50th=[ 1827], 99.90th=[ 2343], 99.95th=[ 8455],
     | 99.99th=[ 9372]
   bw (  MiB/s): min= 1583, max= 1583, per=100.00%, avg=1583.50, stdev= 0.00, samples=8
   iops        : min=12668, max=12668, avg=12668.00, stdev= 0.00, samples=8
  lat (usec)   : 250=0.26%, 500=40.37%, 750=36.88%, 1000=12.10%
  lat (msec)   : 2=10.12%, 4=0.22%, 10=0.06%
  cpu          : usr=0.87%, sys=28.58%, ctx=8520, majf=0, minf=75
  IO depths    : 1=100.1%, 2=0.0%, 4=0.0%, 8=0.0%, 16=0.0%, 32=0.0%, >=64=0.0%
     submit    : 0=0.0%, 4=100.0%, 8=0.0%, 16=0.0%, 32=0.0%, 64=0.0%, >=64=0.0%
     complete  : 0=0.0%, 4=100.0%, 8=0.0%, 16=0.0%, 32=0.0%, 64=0.0%, >=64=0.0%
     issued rwts: total=0,8192,0,8 short=0,0,0,0 dropped=0,0,0,0
     latency   : target=0, window=0, percentile=100.00%, depth=1

Run status group 0 (all jobs):
  WRITE: bw=1007MiB/s (1056MB/s), 1007MiB/s-1007MiB/s (1056MB/s-1056MB/s), io=1024MiB (1074MB), run=1017-1017msec
