randwrite: (g=0): rw=randwrite, bs=(R) 4096B-4096B, (W) 4096B-4096B, (T) 4096B-4096B, ioengine=psync, iodepth=1
...
fio-3.16
Starting 2 processes

randwrite: (groupid=0, jobs=2): err= 0: pid=208574: Mon Oct 27 06:20:43 2025
  write: IOPS=75.5k, BW=295MiB/s (309MB/s)(256MiB/868msec); 0 zone resets
    clat (usec): min=5, max=29076, avg=21.20, stdev=130.45
     lat (usec): min=5, max=29076, avg=21.28, stdev=130.45
    clat percentiles (usec):
     |  1.00th=[    8],  5.00th=[    9], 10.00th=[   10], 20.00th=[   10],
     | 30.00th=[   11], 40.00th=[   11], 50.00th=[   12], 60.00th=[   13],
     | 70.00th=[   15], 80.00th=[   21], 90.00th=[   37], 95.00th=[   52],
     | 99.00th=[  119], 99.50th=[  145], 99.90th=[  988], 99.95th=[ 1532],
     | 99.99th=[ 2900]
   bw (  KiB/s): min=381008, max=381008, per=100.00%, avg=381008.00, stdev= 0.00, samples=2
   iops        : min=95252, max=95252, avg=95252.00, stdev= 0.00, samples=2
  lat (usec)   : 10=23.77%, 20=56.11%, 50=14.75%, 100=3.68%, 250=1.45%
  lat (usec)   : 500=0.06%, 750=0.04%, 1000=0.03%
  lat (msec)   : 2=0.08%, 4=0.02%, 10=0.01%, 50=0.01%
  cpu          : usr=3.80%, sys=35.35%, ctx=66509, majf=0, minf=19
  IO depths    : 1=100.0%, 2=0.0%, 4=0.0%, 8=0.0%, 16=0.0%, 32=0.0%, >=64=0.0%
     submit    : 0=0.0%, 4=100.0%, 8=0.0%, 16=0.0%, 32=0.0%, 64=0.0%, >=64=0.0%
     complete  : 0=0.0%, 4=100.0%, 8=0.0%, 16=0.0%, 32=0.0%, 64=0.0%, >=64=0.0%
     issued rwts: total=0,65536,0,2 short=0,0,0,0 dropped=0,0,0,0
     latency   : target=0, window=0, percentile=100.00%, depth=1

Run status group 0 (all jobs):
  WRITE: bw=295MiB/s (309MB/s), 295MiB/s-295MiB/s (309MB/s-309MB/s), io=256MiB (268MB), run=868-868msec
