randread: (g=0): rw=randread, bs=(R) 128KiB-128KiB, (W) 128KiB-128KiB, (T) 128KiB-128KiB, ioengine=psync, iodepth=1
...
fio-3.16
Starting 16 processes

randread: (groupid=0, jobs=16): err= 0: pid=206257: Mon Oct 27 06:17:14 2025
  read: IOPS=7031, BW=879MiB/s (922MB/s)(2048MiB/2330msec)
    clat (usec): min=6, max=50142, avg=2093.08, stdev=3244.39
     lat (usec): min=6, max=50143, avg=2093.58, stdev=3244.37
    clat percentiles (usec):
     |  1.00th=[   30],  5.00th=[   45], 10.00th=[   72], 20.00th=[  188],
     | 30.00th=[  375], 40.00th=[  955], 50.00th=[ 1434], 60.00th=[ 1811],
     | 70.00th=[ 2212], 80.00th=[ 2802], 90.00th=[ 4228], 95.00th=[ 6390],
     | 99.00th=[19006], 99.50th=[22414], 99.90th=[31065], 99.95th=[34866],
     | 99.99th=[47449]
   bw (  KiB/s): min=741849, max=1138944, per=100.00%, avg=923977.08, stdev=9851.38, samples=63
   iops        : min= 5795, max= 8898, avg=7218.25, stdev=76.98, samples=63
  lat (usec)   : 10=0.04%, 20=0.09%, 50=6.40%, 100=6.73%, 250=10.22%
  lat (usec)   : 500=10.68%, 750=3.63%, 1000=2.83%
  lat (msec)   : 2=24.15%, 4=24.02%, 10=8.48%, 20=1.88%, 50=0.84%
  lat (msec)   : 100=0.01%
  cpu          : usr=0.38%, sys=24.75%, ctx=22774, majf=0, minf=645
  IO depths    : 1=100.0%, 2=0.0%, 4=0.0%, 8=0.0%, 16=0.0%, 32=0.0%, >=64=0.0%
     submit    : 0=0.0%, 4=100.0%, 8=0.0%, 16=0.0%, 32=0.0%, 64=0.0%, >=64=0.0%
     complete  : 0=0.0%, 4=100.0%, 8=0.0%, 16=0.0%, 32=0.0%, 64=0.0%, >=64=0.0%
     issued rwts: total=16384,0,0,0 short=0,0,0,0 dropped=0,0,0,0
     latency   : target=0, window=0, percentile=100.00%, depth=1

Run status group 0 (all jobs):
   READ: bw=879MiB/s (922MB/s), 879MiB/s-879MiB/s (922MB/s-922MB/s), io=2048MiB (2147MB), run=2330-2330msec
