randwrite: (g=0): rw=randwrite, bs=(R) 4096B-4096B, (W) 4096B-4096B, (T) 4096B-4096B, ioengine=psync, iodepth=1
...
fio-3.16
Starting 32 processes

randwrite: (groupid=0, jobs=32): err= 0: pid=236958: Mon Oct 27 07:05:31 2025
  write: IOPS=315k, BW=1232MiB/s (1292MB/s)(4096MiB/3324msec); 0 zone resets
    clat (usec): min=5, max=799245, avg=71.91, stdev=1173.66
     lat (usec): min=5, max=799246, avg=72.08, stdev=1173.66
    clat percentiles (usec):
     |  1.00th=[   10],  5.00th=[   16], 10.00th=[   26], 20.00th=[   37],
     | 30.00th=[   42], 40.00th=[   46], 50.00th=[   50], 60.00th=[   55],
     | 70.00th=[   59], 80.00th=[   66], 90.00th=[   80], 95.00th=[  103],
     | 99.00th=[  204], 99.50th=[  359], 99.90th=[ 5211], 99.95th=[11731],
     | 99.99th=[20055]
   bw (  MiB/s): min= 1237, max= 1924, per=100.00%, avg=1628.20, stdev= 9.71, samples=131
   iops        : min=316845, max=492681, avg=416818.57, stdev=2486.26, samples=131
  lat (usec)   : 10=1.28%, 20=6.59%, 50=42.82%, 100=43.89%, 250=4.68%
  lat (usec)   : 500=0.35%, 750=0.11%, 1000=0.06%
  lat (msec)   : 2=0.07%, 4=0.01%, 10=0.07%, 20=0.05%, 50=0.01%
  lat (msec)   : 100=0.01%, 250=0.01%, 750=0.01%, 1000=0.01%
  cpu          : usr=1.54%, sys=27.96%, ctx=1087266, majf=0, minf=317
  IO depths    : 1=100.0%, 2=0.0%, 4=0.0%, 8=0.0%, 16=0.0%, 32=0.0%, >=64=0.0%
     submit    : 0=0.0%, 4=100.0%, 8=0.0%, 16=0.0%, 32=0.0%, 64=0.0%, >=64=0.0%
     complete  : 0=0.0%, 4=100.0%, 8=0.0%, 16=0.0%, 32=0.0%, 64=0.0%, >=64=0.0%
     issued rwts: total=0,1048576,0,32 short=0,0,0,0 dropped=0,0,0,0
     latency   : target=0, window=0, percentile=100.00%, depth=1

Run status group 0 (all jobs):
  WRITE: bw=1232MiB/s (1292MB/s), 1232MiB/s-1232MiB/s (1292MB/s-1292MB/s), io=4096MiB (4295MB), run=3324-3324msec
