randwrite: (g=0): rw=randwrite, bs=(R) 4096B-4096B, (W) 4096B-4096B, (T) 4096B-4096B, ioengine=psync, iodepth=1
...
fio-3.16
Starting 16 processes

randwrite: (groupid=0, jobs=16): err= 0: pid=371767: Mon Oct 27 11:40:02 2025
  write: IOPS=136k, BW=532MiB/s (557MB/s)(2048MiB/3852msec); 0 zone resets
    clat (usec): min=4, max=73382, avg=98.71, stdev=615.21
     lat (usec): min=4, max=73383, avg=98.79, stdev=615.21
    clat percentiles (usec):
     |  1.00th=[   10],  5.00th=[   13], 10.00th=[   16], 20.00th=[   25],
     | 30.00th=[   31], 40.00th=[   39], 50.00th=[   47], 60.00th=[   58],
     | 70.00th=[   74], 80.00th=[   98], 90.00th=[  155], 95.00th=[  231],
     | 99.00th=[  676], 99.50th=[ 1172], 99.90th=[ 6652], 99.95th=[12518],
     | 99.99th=[27657]
   bw (  KiB/s): min=359962, max=1027630, per=100.00%, avg=630137.92, stdev=15622.71, samples=97
   iops        : min=89990, max=256907, avg=157534.41, stdev=3905.67, samples=97
  lat (usec)   : 10=1.09%, 20=13.17%, 50=39.62%, 100=26.59%, 250=15.17%
  lat (usec)   : 500=2.86%, 750=0.60%, 1000=0.27%
  lat (msec)   : 2=0.36%, 4=0.10%, 10=0.10%, 20=0.04%, 50=0.02%
  lat (msec)   : 100=0.01%
  cpu          : usr=0.91%, sys=18.48%, ctx=6606369, majf=0, minf=143
  IO depths    : 1=100.0%, 2=0.0%, 4=0.0%, 8=0.0%, 16=0.0%, 32=0.0%, >=64=0.0%
     submit    : 0=0.0%, 4=100.0%, 8=0.0%, 16=0.0%, 32=0.0%, 64=0.0%, >=64=0.0%
     complete  : 0=0.0%, 4=100.0%, 8=0.0%, 16=0.0%, 32=0.0%, 64=0.0%, >=64=0.0%
     issued rwts: total=0,524288,0,16 short=0,0,0,0 dropped=0,0,0,0
     latency   : target=0, window=0, percentile=100.00%, depth=1

Run status group 0 (all jobs):
  WRITE: bw=532MiB/s (557MB/s), 532MiB/s-532MiB/s (557MB/s-557MB/s), io=2048MiB (2147MB), run=3852-3852msec
