randread: (g=0): rw=randread, bs=(R) 4096B-4096B, (W) 4096B-4096B, (T) 4096B-4096B, ioengine=psync, iodepth=1
...
fio-3.16
Starting 16 processes

randread: (groupid=0, jobs=16): err= 0: pid=233153: Mon Oct 27 06:59:38 2025
  read: IOPS=52.7k, BW=206MiB/s (216MB/s)(2048MiB/9945msec)
    clat (nsec): min=512, max=35069k, avg=292738.03, stdev=1056670.69
     lat (nsec): min=540, max=35069k, avg=292926.40, stdev=1056822.26
    clat percentiles (nsec):
     |  1.00th=[    1944],  5.00th=[    3088], 10.00th=[    4080],
     | 20.00th=[    6048], 30.00th=[    9536], 40.00th=[   90624],
     | 50.00th=[  138240], 60.00th=[  168960], 70.00th=[  203776],
     | 80.00th=[  254976], 90.00th=[  374784], 95.00th=[  888832],
     | 99.00th=[ 4177920], 99.50th=[ 7176192], 99.90th=[15007744],
     | 99.95th=[18219008], 99.99th=[23986176]
   bw (  KiB/s): min=35288, max=428624, per=100.00%, avg=212440.22, stdev=6051.05, samples=302
   iops        : min= 8822, max=107156, avg=53109.86, stdev=1512.77, samples=302
  lat (nsec)   : 750=0.01%, 1000=0.01%
  lat (usec)   : 2=1.15%, 4=8.43%, 10=21.14%, 20=3.85%, 50=2.52%
  lat (usec)   : 100=4.00%, 250=38.14%, 500=13.39%, 750=1.80%, 1000=0.99%
  lat (msec)   : 2=2.26%, 4=1.29%, 10=0.72%, 20=0.30%, 50=0.03%
  cpu          : usr=1.02%, sys=10.67%, ctx=410697, majf=0, minf=209
  IO depths    : 1=100.0%, 2=0.0%, 4=0.0%, 8=0.0%, 16=0.0%, 32=0.0%, >=64=0.0%
     submit    : 0=0.0%, 4=100.0%, 8=0.0%, 16=0.0%, 32=0.0%, 64=0.0%, >=64=0.0%
     complete  : 0=0.0%, 4=100.0%, 8=0.0%, 16=0.0%, 32=0.0%, 64=0.0%, >=64=0.0%
     issued rwts: total=524288,0,0,0 short=0,0,0,0 dropped=0,0,0,0
     latency   : target=0, window=0, percentile=100.00%, depth=1

Run status group 0 (all jobs):
   READ: bw=206MiB/s (216MB/s), 206MiB/s-206MiB/s (216MB/s-216MB/s), io=2048MiB (2147MB), run=9945-9945msec
