randwrite: (g=0): rw=randwrite, bs=(R) 4096B-4096B, (W) 4096B-4096B, (T) 4096B-4096B, ioengine=psync, iodepth=1
fio-3.16
Starting 1 process

randwrite: (groupid=0, jobs=1): err= 0: pid=208399: Mon Oct 27 06:20:30 2025
  write: IOPS=39.8k, BW=155MiB/s (163MB/s)(128MiB/824msec); 0 zone resets
    clat (usec): min=5, max=28226, avg=22.07, stdev=211.35
     lat (usec): min=5, max=28226, avg=22.14, stdev=211.35
    clat percentiles (usec):
     |  1.00th=[    7],  5.00th=[    8], 10.00th=[    9], 20.00th=[    9],
     | 30.00th=[   10], 40.00th=[   11], 50.00th=[   12], 60.00th=[   13],
     | 70.00th=[   16], 80.00th=[   23], 90.00th=[   36], 95.00th=[   51],
     | 99.00th=[  115], 99.50th=[  143], 99.90th=[  898], 99.95th=[ 1385],
     | 99.99th=[10159]
   bw (  KiB/s): min=181832, max=181832, per=100.00%, avg=181832.00, stdev= 0.00, samples=1
   iops        : min=45458, max=45458, avg=45458.00, stdev= 0.00, samples=1
  lat (usec)   : 10=34.39%, 20=43.42%, 50=17.07%, 100=3.68%, 250=1.20%
  lat (usec)   : 500=0.07%, 750=0.06%, 1000=0.03%
  lat (msec)   : 2=0.05%, 4=0.02%, 20=0.01%, 50=0.01%
  cpu          : usr=2.31%, sys=39.73%, ctx=33377, majf=0, minf=9
  IO depths    : 1=100.0%, 2=0.0%, 4=0.0%, 8=0.0%, 16=0.0%, 32=0.0%, >=64=0.0%
     submit    : 0=0.0%, 4=100.0%, 8=0.0%, 16=0.0%, 32=0.0%, 64=0.0%, >=64=0.0%
     complete  : 0=0.0%, 4=100.0%, 8=0.0%, 16=0.0%, 32=0.0%, 64=0.0%, >=64=0.0%
     issued rwts: total=0,32768,0,1 short=0,0,0,0 dropped=0,0,0,0
     latency   : target=0, window=0, percentile=100.00%, depth=1

Run status group 0 (all jobs):
  WRITE: bw=155MiB/s (163MB/s), 155MiB/s-155MiB/s (163MB/s-163MB/s), io=128MiB (134MB), run=824-824msec
