randwrite: (g=0): rw=randwrite, bs=(R) 4096B-4096B, (W) 4096B-4096B, (T) 4096B-4096B, ioengine=psync, iodepth=1
...
fio-3.16
Starting 8 processes

randwrite: (groupid=0, jobs=8): err= 0: pid=208839: Mon Oct 27 06:21:11 2025
  write: IOPS=223k, BW=873MiB/s (915MB/s)(1024MiB/1173msec); 0 zone resets
    clat (usec): min=5, max=45813, avg=30.97, stdev=337.85
     lat (usec): min=5, max=45813, avg=31.08, stdev=337.86
    clat percentiles (usec):
     |  1.00th=[   10],  5.00th=[   12], 10.00th=[   13], 20.00th=[   14],
     | 30.00th=[   16], 40.00th=[   17], 50.00th=[   19], 60.00th=[   21],
     | 70.00th=[   24], 80.00th=[   28], 90.00th=[   37], 95.00th=[   49],
     | 99.00th=[  110], 99.50th=[  161], 99.90th=[ 1237], 99.95th=[ 1958],
     | 99.99th=[19268]
   bw (  KiB/s): min=991576, max=1026144, per=100.00%, avg=1008860.00, stdev=2752.51, samples=15
   iops        : min=247894, max=256536, avg=252215.00, stdev=688.13, samples=15
  lat (usec)   : 10=1.37%, 20=56.37%, 50=37.59%, 100=3.49%, 250=0.84%
  lat (usec)   : 500=0.11%, 750=0.06%, 1000=0.04%
  lat (msec)   : 2=0.08%, 4=0.02%, 10=0.01%, 20=0.02%, 50=0.01%
  cpu          : usr=2.47%, sys=44.62%, ctx=265587, majf=0, minf=79
  IO depths    : 1=100.0%, 2=0.0%, 4=0.0%, 8=0.0%, 16=0.0%, 32=0.0%, >=64=0.0%
     submit    : 0=0.0%, 4=100.0%, 8=0.0%, 16=0.0%, 32=0.0%, 64=0.0%, >=64=0.0%
     complete  : 0=0.0%, 4=100.0%, 8=0.0%, 16=0.0%, 32=0.0%, 64=0.0%, >=64=0.0%
     issued rwts: total=0,262144,0,8 short=0,0,0,0 dropped=0,0,0,0
     latency   : target=0, window=0, percentile=100.00%, depth=1

Run status group 0 (all jobs):
  WRITE: bw=873MiB/s (915MB/s), 873MiB/s-873MiB/s (915MB/s-915MB/s), io=1024MiB (1074MB), run=1173-1173msec
