randread: (g=0): rw=randread, bs=(R) 128KiB-128KiB, (W) 128KiB-128KiB, (T) 128KiB-128KiB, ioengine=psync, iodepth=1
...
fio-3.16
Starting 4 processes

randread: (groupid=0, jobs=4): err= 0: pid=205984: Mon Oct 27 06:16:47 2025
  read: IOPS=2651, BW=331MiB/s (347MB/s)(512MiB/1545msec)
    clat (usec): min=6, max=26107, avg=1445.94, stdev=2281.00
     lat (usec): min=6, max=26107, avg=1446.16, stdev=2280.97
    clat percentiles (usec):
     |  1.00th=[   26],  5.00th=[   34], 10.00th=[   41], 20.00th=[   64],
     | 30.00th=[  178], 40.00th=[  553], 50.00th=[  881], 60.00th=[ 1106],
     | 70.00th=[ 1369], 80.00th=[ 2073], 90.00th=[ 3490], 95.00th=[ 5014],
     | 99.00th=[12387], 99.50th=[16450], 99.90th=[20317], 99.95th=[21627],
     | 99.99th=[26084]
   bw (  KiB/s): min=318976, max=418304, per=100.00%, avg=366720.00, stdev=12876.09, samples=9
   iops        : min= 2492, max= 3268, avg=2865.00, stdev=100.59, samples=9
  lat (usec)   : 10=0.07%, 20=0.05%, 50=16.26%, 100=8.40%, 250=8.86%
  lat (usec)   : 500=5.25%, 750=5.47%, 1000=10.74%
  lat (msec)   : 2=24.46%, 4=12.62%, 10=6.54%, 20=1.15%, 50=0.12%
  cpu          : usr=0.24%, sys=17.51%, ctx=5222, majf=0, minf=171
  IO depths    : 1=100.0%, 2=0.0%, 4=0.0%, 8=0.0%, 16=0.0%, 32=0.0%, >=64=0.0%
     submit    : 0=0.0%, 4=100.0%, 8=0.0%, 16=0.0%, 32=0.0%, 64=0.0%, >=64=0.0%
     complete  : 0=0.0%, 4=100.0%, 8=0.0%, 16=0.0%, 32=0.0%, 64=0.0%, >=64=0.0%
     issued rwts: total=4096,0,0,0 short=0,0,0,0 dropped=0,0,0,0
     latency   : target=0, window=0, percentile=100.00%, depth=1

Run status group 0 (all jobs):
   READ: bw=331MiB/s (347MB/s), 331MiB/s-331MiB/s (347MB/s-347MB/s), io=512MiB (537MB), run=1545-1545msec
