read: (g=0): rw=read, bs=(R) 4096B-4096B, (W) 4096B-4096B, (T) 4096B-4096B, ioengine=psync, iodepth=1
...
fio-3.16
Starting 16 processes

read: (groupid=0, jobs=16): err= 0: pid=203160: Mon Oct 27 06:12:08 2025
  read: IOPS=235k, BW=917MiB/s (962MB/s)(2048MiB/2233msec)
    clat (nsec): min=402, max=77513k, avg=63118.47, stdev=825305.83
     lat (nsec): min=428, max=77513k, avg=63204.92, stdev=825308.02
    clat percentiles (nsec):
     |  1.00th=[     684],  5.00th=[    1004], 10.00th=[    1368],
     | 20.00th=[    2256], 30.00th=[    3280], 40.00th=[    4320],
     | 50.00th=[    5280], 60.00th=[    6304], 70.00th=[    7520],
     | 80.00th=[    9280], 90.00th=[   12736], 95.00th=[   18304],
     | 99.00th=[ 1318912], 99.50th=[ 2834432], 99.90th=[10158080],
     | 99.95th=[17432576], 99.99th=[35913728]
   bw (  KiB/s): min=842152, max=1110864, per=100.00%, avg=978877.33, stdev=7107.75, samples=62
   iops        : min=210538, max=277716, avg=244719.83, stdev=1776.97, samples=62
  lat (nsec)   : 500=0.06%, 750=1.82%, 1000=3.05%
  lat (usec)   : 2=12.38%, 4=19.74%, 10=45.95%, 20=12.71%, 50=2.10%
  lat (usec)   : 100=0.15%, 250=0.30%, 500=0.17%, 750=0.18%, 1000=0.20%
  lat (msec)   : 2=0.48%, 4=0.37%, 10=0.24%, 20=0.06%, 50=0.04%
  lat (msec)   : 100=0.01%
  cpu          : usr=1.37%, sys=39.95%, ctx=16146, majf=0, minf=202
  IO depths    : 1=100.0%, 2=0.0%, 4=0.0%, 8=0.0%, 16=0.0%, 32=0.0%, >=64=0.0%
     submit    : 0=0.0%, 4=100.0%, 8=0.0%, 16=0.0%, 32=0.0%, 64=0.0%, >=64=0.0%
     complete  : 0=0.0%, 4=100.0%, 8=0.0%, 16=0.0%, 32=0.0%, 64=0.0%, >=64=0.0%
     issued rwts: total=524288,0,0,0 short=0,0,0,0 dropped=0,0,0,0
     latency   : target=0, window=0, percentile=100.00%, depth=1

Run status group 0 (all jobs):
   READ: bw=917MiB/s (962MB/s), 917MiB/s-917MiB/s (962MB/s-962MB/s), io=2048MiB (2147MB), run=2233-2233msec
