read: (g=0): rw=read, bs=(R) 128KiB-128KiB, (W) 128KiB-128KiB, (T) 128KiB-128KiB, ioengine=psync, iodepth=1
...
fio-3.16
Starting 32 processes

read: (groupid=0, jobs=32): err= 0: pid=204259: Mon Oct 27 06:13:47 2025
  read: IOPS=7953, BW=994MiB/s (1042MB/s)(4096MiB/4120msec)
    clat (usec): min=10, max=123922, avg=3794.44, stdev=7593.48
     lat (usec): min=10, max=123922, avg=3795.22, stdev=7593.30
    clat percentiles (usec):
     |  1.00th=[   31],  5.00th=[   95], 10.00th=[  196], 20.00th=[  334],
     | 30.00th=[  449], 40.00th=[  594], 50.00th=[  988], 60.00th=[ 1696],
     | 70.00th=[ 2966], 80.00th=[ 5145], 90.00th=[ 9896], 95.00th=[15926],
     | 99.00th=[39060], 99.50th=[50070], 99.90th=[74974], 99.95th=[81265],
     | 99.99th=[98042]
   bw (  MiB/s): min=  840, max= 1291, per=100.00%, avg=1029.54, stdev= 4.88, samples=232
   iops        : min= 6720, max=10330, avg=8232.02, stdev=39.05, samples=232
  lat (usec)   : 20=0.37%, 50=2.11%, 100=2.82%, 250=8.08%, 500=20.69%
  lat (usec)   : 750=11.86%, 1000=4.27%
  lat (msec)   : 2=12.92%, 4=12.27%, 10=14.71%, 20=6.41%, 50=2.97%
  lat (msec)   : 100=0.51%, 250=0.01%
  cpu          : usr=0.49%, sys=29.30%, ctx=29081, majf=0, minf=2215
  IO depths    : 1=100.0%, 2=0.0%, 4=0.0%, 8=0.0%, 16=0.0%, 32=0.0%, >=64=0.0%
     submit    : 0=0.0%, 4=100.0%, 8=0.0%, 16=0.0%, 32=0.0%, 64=0.0%, >=64=0.0%
     complete  : 0=0.0%, 4=100.0%, 8=0.0%, 16=0.0%, 32=0.0%, 64=0.0%, >=64=0.0%
     issued rwts: total=32768,0,0,0 short=0,0,0,0 dropped=0,0,0,0
     latency   : target=0, window=0, percentile=100.00%, depth=1

Run status group 0 (all jobs):
   READ: bw=994MiB/s (1042MB/s), 994MiB/s-994MiB/s (1042MB/s-1042MB/s), io=4096MiB (4295MB), run=4120-4120msec
