read: (g=0): rw=read, bs=(R) 4096B-4096B, (W) 4096B-4096B, (T) 4096B-4096B, ioengine=psync, iodepth=1
...
fio-3.16
Starting 4 processes

read: (groupid=0, jobs=4): err= 0: pid=365257: Mon Oct 27 11:29:54 2025
  read: IOPS=108k, BW=423MiB/s (443MB/s)(512MiB/1211msec)
    clat (nsec): min=407, max=33343k, avg=35429.71, stdev=437339.23
     lat (nsec): min=435, max=33345k, avg=35520.06, stdev=437389.41
    clat percentiles (nsec):
     |  1.00th=[     540],  5.00th=[     668], 10.00th=[     820],
     | 20.00th=[    1080], 30.00th=[    1432], 40.00th=[    1976],
     | 50.00th=[    2736], 60.00th=[    3632], 70.00th=[    4576],
     | 80.00th=[    5664], 90.00th=[    7456], 95.00th=[    9792],
     | 99.00th=[  839680], 99.50th=[ 1499136], 99.90th=[ 5472256],
     | 99.95th=[ 9109504], 99.99th=[17432576]
   bw (  KiB/s): min=400552, max=457760, per=99.13%, avg=429156.00, stdev=8332.49, samples=8
   iops        : min=100138, max=114440, avg=107289.00, stdev=2083.12, samples=8
  lat (nsec)   : 500=0.21%, 750=7.43%, 1000=8.98%
  lat (usec)   : 2=23.81%, 4=23.51%, 10=31.27%, 20=2.16%, 50=0.27%
  lat (usec)   : 100=0.41%, 250=0.33%, 500=0.14%, 750=0.37%, 1000=0.30%
  lat (msec)   : 2=0.46%, 4=0.20%, 10=0.11%, 20=0.04%, 50=0.01%
  cpu          : usr=1.15%, sys=40.80%, ctx=5217, majf=0, minf=47
  IO depths    : 1=100.0%, 2=0.0%, 4=0.0%, 8=0.0%, 16=0.0%, 32=0.0%, >=64=0.0%
     submit    : 0=0.0%, 4=100.0%, 8=0.0%, 16=0.0%, 32=0.0%, 64=0.0%, >=64=0.0%
     complete  : 0=0.0%, 4=100.0%, 8=0.0%, 16=0.0%, 32=0.0%, 64=0.0%, >=64=0.0%
     issued rwts: total=131072,0,0,0 short=0,0,0,0 dropped=0,0,0,0
     latency   : target=0, window=0, percentile=100.00%, depth=1

Run status group 0 (all jobs):
   READ: bw=423MiB/s (443MB/s), 423MiB/s-423MiB/s (443MB/s-443MB/s), io=512MiB (537MB), run=1211-1211msec
