write: (g=0): rw=write, bs=(R) 4096B-4096B, (W) 4096B-4096B, (T) 4096B-4096B, ioengine=psync, iodepth=1
...
fio-3.16
Starting 16 processes

write: (groupid=0, jobs=16): err= 0: pid=207112: Mon Oct 27 06:18:36 2025
  write: IOPS=222k, BW=866MiB/s (908MB/s)(2048MiB/2365msec); 0 zone resets
    clat (usec): min=7, max=34260, avg=55.97, stdev=389.46
     lat (usec): min=7, max=34261, avg=56.09, stdev=389.47
    clat percentiles (usec):
     |  1.00th=[   12],  5.00th=[   17], 10.00th=[   21], 20.00th=[   25],
     | 30.00th=[   29], 40.00th=[   33], 50.00th=[   37], 60.00th=[   41],
     | 70.00th=[   46], 80.00th=[   53], 90.00th=[   68], 95.00th=[   92],
     | 99.00th=[  176], 99.50th=[  310], 99.90th=[ 4228], 99.95th=[ 6390],
     | 99.99th=[20317]
   bw (  MiB/s): min=  909, max= 1185, per=100.00%, avg=1037.68, stdev= 7.83, samples=48
   iops        : min=232756, max=303434, avg=265647.33, stdev=2003.98, samples=48
  lat (usec)   : 10=0.32%, 20=9.44%, 50=66.77%, 100=19.31%, 250=3.57%
  lat (usec)   : 500=0.24%, 750=0.09%, 1000=0.05%
  lat (msec)   : 2=0.06%, 4=0.05%, 10=0.07%, 20=0.03%, 50=0.01%
  cpu          : usr=1.57%, sys=36.58%, ctx=534987, majf=0, minf=165
  IO depths    : 1=100.0%, 2=0.0%, 4=0.0%, 8=0.0%, 16=0.0%, 32=0.0%, >=64=0.0%
     submit    : 0=0.0%, 4=100.0%, 8=0.0%, 16=0.0%, 32=0.0%, 64=0.0%, >=64=0.0%
     complete  : 0=0.0%, 4=100.0%, 8=0.0%, 16=0.0%, 32=0.0%, 64=0.0%, >=64=0.0%
     issued rwts: total=0,524288,0,16 short=0,0,0,0 dropped=0,0,0,0
     latency   : target=0, window=0, percentile=100.00%, depth=1

Run status group 0 (all jobs):
  WRITE: bw=866MiB/s (908MB/s), 866MiB/s-866MiB/s (908MB/s-908MB/s), io=2048MiB (2147MB), run=2365-2365msec
