write: (g=0): rw=write, bs=(R) 4096B-4096B, (W) 4096B-4096B, (T) 4096B-4096B, ioengine=psync, iodepth=1
fio-3.16
Starting 1 process

write: (groupid=0, jobs=1): err= 0: pid=206635: Mon Oct 27 06:17:42 2025
  write: IOPS=36.9k, BW=144MiB/s (151MB/s)(128MiB/888msec); 0 zone resets
    clat (usec): min=6, max=4362, avg=23.74, stdev=66.62
     lat (usec): min=6, max=4362, avg=23.82, stdev=66.63
    clat percentiles (usec):
     |  1.00th=[    8],  5.00th=[    9], 10.00th=[    9], 20.00th=[   10],
     | 30.00th=[   11], 40.00th=[   11], 50.00th=[   12], 60.00th=[   15],
     | 70.00th=[   21], 80.00th=[   30], 90.00th=[   43], 95.00th=[   67],
     | 99.00th=[  125], 99.50th=[  149], 99.90th=[ 1074], 99.95th=[ 1369],
     | 99.99th=[ 2573]
   bw (  KiB/s): min=148192, max=148192, per=100.00%, avg=148192.00, stdev= 0.00, samples=1
   iops        : min=37048, max=37048, avg=37048.00, stdev= 0.00, samples=1
  lat (usec)   : 10=27.80%, 20=41.50%, 50=22.92%, 100=5.65%, 250=1.88%
  lat (usec)   : 500=0.06%, 750=0.05%, 1000=0.03%
  lat (msec)   : 2=0.08%, 4=0.02%, 10=0.01%
  cpu          : usr=4.28%, sys=34.95%, ctx=33361, majf=0, minf=10
  IO depths    : 1=100.0%, 2=0.0%, 4=0.0%, 8=0.0%, 16=0.0%, 32=0.0%, >=64=0.0%
     submit    : 0=0.0%, 4=100.0%, 8=0.0%, 16=0.0%, 32=0.0%, 64=0.0%, >=64=0.0%
     complete  : 0=0.0%, 4=100.0%, 8=0.0%, 16=0.0%, 32=0.0%, 64=0.0%, >=64=0.0%
     issued rwts: total=0,32768,0,1 short=0,0,0,0 dropped=0,0,0,0
     latency   : target=0, window=0, percentile=100.00%, depth=1

Run status group 0 (all jobs):
  WRITE: bw=144MiB/s (151MB/s), 144MiB/s-144MiB/s (151MB/s-151MB/s), io=128MiB (134MB), run=888-888msec
