write: (g=0): rw=write, bs=(R) 4096B-4096B, (W) 4096B-4096B, (T) 4096B-4096B, ioengine=psync, iodepth=1
...
fio-3.16
Starting 32 processes

write: (groupid=0, jobs=32): err= 0: pid=235244: Mon Oct 27 07:02:50 2025
  write: IOPS=311k, BW=1214MiB/s (1273MB/s)(4096MiB/3374msec); 0 zone resets
    clat (usec): min=6, max=416753, avg=84.19, stdev=1008.93
     lat (usec): min=6, max=416753, avg=84.33, stdev=1009.10
    clat percentiles (usec):
     |  1.00th=[   12],  5.00th=[   17], 10.00th=[   26], 20.00th=[   38],
     | 30.00th=[   44], 40.00th=[   48], 50.00th=[   52], 60.00th=[   57],
     | 70.00th=[   62], 80.00th=[   70], 90.00th=[   86], 95.00th=[  110],
     | 99.00th=[  233], 99.50th=[  529], 99.90th=[ 8717], 99.95th=[13173],
     | 99.99th=[28181]
   bw (  MiB/s): min= 1159, max= 1646, per=100.00%, avg=1457.96, stdev= 6.11, samples=164
   iops        : min=296775, max=421614, avg=373236.27, stdev=1564.96, samples=164
  lat (usec)   : 10=0.40%, 20=6.61%, 50=38.46%, 100=48.25%, 250=5.36%
  lat (usec)   : 500=0.40%, 750=0.12%, 1000=0.06%
  lat (msec)   : 2=0.10%, 4=0.02%, 10=0.12%, 20=0.07%, 50=0.02%
  lat (msec)   : 100=0.01%, 250=0.01%, 500=0.01%
  cpu          : usr=1.47%, sys=33.11%, ctx=1114593, majf=0, minf=518
  IO depths    : 1=100.0%, 2=0.0%, 4=0.0%, 8=0.0%, 16=0.0%, 32=0.0%, >=64=0.0%
     submit    : 0=0.0%, 4=100.0%, 8=0.0%, 16=0.0%, 32=0.0%, 64=0.0%, >=64=0.0%
     complete  : 0=0.0%, 4=100.0%, 8=0.0%, 16=0.0%, 32=0.0%, 64=0.0%, >=64=0.0%
     issued rwts: total=0,1048576,0,32 short=0,0,0,0 dropped=0,0,0,0
     latency   : target=0, window=0, percentile=100.00%, depth=1

Run status group 0 (all jobs):
  WRITE: bw=1214MiB/s (1273MB/s), 1214MiB/s-1214MiB/s (1273MB/s-1273MB/s), io=4096MiB (4295MB), run=3374-3374msec
