randread: (g=0): rw=randread, bs=(R) 128KiB-128KiB, (W) 128KiB-128KiB, (T) 128KiB-128KiB, ioengine=psync, iodepth=1
...
fio-3.16
Starting 32 processes

randread: (groupid=0, jobs=32): err= 0: pid=165662: Mon Oct 20 17:43:42 2025
  read: IOPS=28.0k, BW=3504MiB/s (3674MB/s)(4096MiB/1169msec)
    clat (usec): min=2, max=9198, avg=1121.74, stdev=1077.51
     lat (usec): min=2, max=9198, avg=1121.78, stdev=1077.52
    clat percentiles (usec):
     |  1.00th=[   10],  5.00th=[   12], 10.00th=[   14], 20.00th=[   16],
     | 30.00th=[   19], 40.00th=[  603], 50.00th=[ 1057], 60.00th=[ 1352],
     | 70.00th=[ 1696], 80.00th=[ 2147], 90.00th=[ 2638], 95.00th=[ 3032],
     | 99.00th=[ 3720], 99.50th=[ 3949], 99.90th=[ 4883], 99.95th=[ 7439],
     | 99.99th=[ 8586]
   bw (  MiB/s): min= 2533, max= 3800, per=90.37%, avg=3166.50, stdev=20.29, samples=64
   iops        : min=20264, max=30400, avg=25332.00, stdev=162.29, samples=64
  lat (usec)   : 4=0.04%, 10=1.14%, 20=31.86%, 50=3.91%, 100=0.04%
  lat (usec)   : 250=0.15%, 500=1.73%, 750=3.36%, 1000=5.87%
  lat (msec)   : 2=28.90%, 4=22.56%, 10=0.45%
  cpu          : usr=0.18%, sys=2.49%, ctx=20787, majf=0, minf=1352
  IO depths    : 1=100.0%, 2=0.0%, 4=0.0%, 8=0.0%, 16=0.0%, 32=0.0%, >=64=0.0%
     submit    : 0=0.0%, 4=100.0%, 8=0.0%, 16=0.0%, 32=0.0%, 64=0.0%, >=64=0.0%
     complete  : 0=0.0%, 4=100.0%, 8=0.0%, 16=0.0%, 32=0.0%, 64=0.0%, >=64=0.0%
     issued rwts: total=32768,0,0,0 short=0,0,0,0 dropped=0,0,0,0
     latency   : target=0, window=0, percentile=100.00%, depth=1

Run status group 0 (all jobs):
   READ: bw=3504MiB/s (3674MB/s), 3504MiB/s-3504MiB/s (3674MB/s-3674MB/s), io=4096MiB (4295MB), run=1169-1169msec
