randwrite: (g=0): rw=randwrite, bs=(R) 128KiB-128KiB, (W) 128KiB-128KiB, (T) 128KiB-128KiB, ioengine=psync, iodepth=1
...
fio-3.16
Starting 8 processes

randwrite: (groupid=0, jobs=8): err= 0: pid=14052: Sun Oct 26 14:34:36 2025
  write: IOPS=8427, BW=1053MiB/s (1105MB/s)(1024MiB/972msec); 0 zone resets
    clat (usec): min=36, max=18547, avg=727.74, stdev=1593.70
     lat (usec): min=38, max=18548, avg=729.47, stdev=1593.84
    clat percentiles (usec):
     |  1.00th=[   51],  5.00th=[   71], 10.00th=[   89], 20.00th=[  124],
     | 30.00th=[  157], 40.00th=[  206], 50.00th=[  285], 60.00th=[  408],
     | 70.00th=[  562], 80.00th=[  750], 90.00th=[ 1090], 95.00th=[ 2802],
     | 99.00th=[ 8094], 99.50th=[10814], 99.90th=[16057], 99.95th=[17957],
     | 99.99th=[18482]
   bw (  MiB/s): min= 1388, max= 1388, per=100.00%, avg=1388.50, stdev= 0.00, samples=8
   iops        : min=11108, max=11108, avg=11108.00, stdev= 0.00, samples=8
  lat (usec)   : 50=0.96%, 100=12.95%, 250=32.29%, 500=20.25%, 750=13.65%
  lat (usec)   : 1000=7.97%
  lat (msec)   : 2=6.41%, 4=1.07%, 10=3.76%, 20=0.68%
  cpu          : usr=0.08%, sys=73.95%, ctx=1257, majf=0, minf=70
  IO depths    : 1=100.1%, 2=0.0%, 4=0.0%, 8=0.0%, 16=0.0%, 32=0.0%, >=64=0.0%
     submit    : 0=0.0%, 4=100.0%, 8=0.0%, 16=0.0%, 32=0.0%, 64=0.0%, >=64=0.0%
     complete  : 0=0.0%, 4=100.0%, 8=0.0%, 16=0.0%, 32=0.0%, 64=0.0%, >=64=0.0%
     issued rwts: total=0,8192,0,8 short=0,0,0,0 dropped=0,0,0,0
     latency   : target=0, window=0, percentile=100.00%, depth=1

Run status group 0 (all jobs):
  WRITE: bw=1053MiB/s (1105MB/s), 1053MiB/s-1053MiB/s (1105MB/s-1105MB/s), io=1024MiB (1074MB), run=972-972msec
