randread: (g=0): rw=randread, bs=(R) 4096B-4096B, (W) 4096B-4096B, (T) 4096B-4096B, ioengine=psync, iodepth=1
...
fio-3.16
Starting 16 processes

randread: (groupid=0, jobs=16): err= 0: pid=44885: Sun Oct 26 16:20:50 2025
  read: IOPS=34.3k, BW=134MiB/s (141MB/s)(2048MiB/15263msec)
    clat (nsec): min=206, max=42370k, avg=452618.74, stdev=1448301.62
     lat (nsec): min=218, max=42370k, avg=452660.49, stdev=1448302.54
    clat percentiles (nsec):
     |  1.00th=[    1020],  5.00th=[    1544], 10.00th=[    1912],
     | 20.00th=[    2512], 30.00th=[    3440], 40.00th=[   69120],
     | 50.00th=[  205824], 60.00th=[  382976], 70.00th=[  561152],
     | 80.00th=[  733184], 90.00th=[  954368], 95.00th=[ 1155072],
     | 99.00th=[ 1777664], 99.50th=[ 8224768], 99.90th=[25034752],
     | 99.95th=[32899072], 99.99th=[36962304]
   bw (  KiB/s): min=70686, max=253920, per=100.00%, avg=139023.11, stdev=2972.51, samples=468
   iops        : min=17671, max=63482, avg=34755.63, stdev=743.15, samples=468
  lat (nsec)   : 250=0.01%, 500=0.01%, 750=0.15%, 1000=0.74%
  lat (usec)   : 2=10.60%, 4=21.13%, 10=4.06%, 20=0.59%, 50=0.79%
  lat (usec)   : 100=5.32%, 250=9.17%, 500=14.03%, 750=14.15%, 1000=10.74%
  lat (msec)   : 2=7.71%, 4=0.14%, 10=0.24%, 20=0.26%, 50=0.16%
  cpu          : usr=0.32%, sys=1.32%, ctx=334293, majf=1, minf=166
  IO depths    : 1=100.0%, 2=0.0%, 4=0.0%, 8=0.0%, 16=0.0%, 32=0.0%, >=64=0.0%
     submit    : 0=0.0%, 4=100.0%, 8=0.0%, 16=0.0%, 32=0.0%, 64=0.0%, >=64=0.0%
     complete  : 0=0.0%, 4=100.0%, 8=0.0%, 16=0.0%, 32=0.0%, 64=0.0%, >=64=0.0%
     issued rwts: total=524288,0,0,0 short=0,0,0,0 dropped=0,0,0,0
     latency   : target=0, window=0, percentile=100.00%, depth=1

Run status group 0 (all jobs):
   READ: bw=134MiB/s (141MB/s), 134MiB/s-134MiB/s (141MB/s-141MB/s), io=2048MiB (2147MB), run=15263-15263msec
