randwrite: (g=0): rw=randwrite, bs=(R) 4096B-4096B, (W) 4096B-4096B, (T) 4096B-4096B, ioengine=psync, iodepth=1
...
fio-3.16
Starting 32 processes
randwrite: Laying out IO file (1 file / 256MiB)
randwrite: Laying out IO file (1 file / 256MiB)
randwrite: Laying out IO file (1 file / 256MiB)
randwrite: Laying out IO file (1 file / 256MiB)

randwrite: (groupid=0, jobs=32): err= 0: pid=210547: Sat Oct 18 13:49:05 2025
  write: IOPS=223k, BW=872MiB/s (915MB/s)(8192MiB/9391msec); 0 zone resets
    clat (usec): min=3, max=1227.5k, avg=100.52, stdev=1248.29
     lat (usec): min=3, max=1227.5k, avg=100.56, stdev=1248.29
    clat percentiles (usec):
     |  1.00th=[    5],  5.00th=[    6], 10.00th=[    6], 20.00th=[    7],
     | 30.00th=[    8], 40.00th=[    9], 50.00th=[   11], 60.00th=[   17],
     | 70.00th=[  119], 80.00th=[  149], 90.00th=[  188], 95.00th=[  363],
     | 99.00th=[ 1020], 99.50th=[ 1582], 99.90th=[ 4621], 99.95th=[ 7701],
     | 99.99th=[12125]
   bw (  MiB/s): min=  374, max= 2811, per=100.00%, avg=1096.01, stdev=23.33, samples=396
   iops        : min=95845, max=719648, avg=280576.22, stdev=5973.67, samples=396
  lat (usec)   : 4=0.22%, 10=48.68%, 20=12.70%, 50=3.19%, 100=2.92%
  lat (usec)   : 250=24.73%, 500=4.75%, 750=1.22%, 1000=0.57%
  lat (msec)   : 2=0.68%, 4=0.22%, 10=0.10%, 20=0.02%, 50=0.01%
  lat (msec)   : 100=0.01%, 2000=0.01%
  cpu          : usr=0.39%, sys=57.98%, ctx=88390997, majf=2, minf=333
  IO depths    : 1=100.0%, 2=0.0%, 4=0.0%, 8=0.0%, 16=0.0%, 32=0.0%, >=64=0.0%
     submit    : 0=0.0%, 4=100.0%, 8=0.0%, 16=0.0%, 32=0.0%, 64=0.0%, >=64=0.0%
     complete  : 0=0.0%, 4=100.0%, 8=0.0%, 16=0.0%, 32=0.0%, 64=0.0%, >=64=0.0%
     issued rwts: total=0,2097152,0,32 short=0,0,0,0 dropped=0,0,0,0
     latency   : target=0, window=0, percentile=100.00%, depth=1

Run status group 0 (all jobs):
  WRITE: bw=872MiB/s (915MB/s), 872MiB/s-872MiB/s (915MB/s-915MB/s), io=8192MiB (8590MB), run=9391-9391msec
