randread: (g=0): rw=randread, bs=(R) 128KiB-128KiB, (W) 128KiB-128KiB, (T) 128KiB-128KiB, ioengine=psync, iodepth=1
...
fio-3.16
Starting 4 processes

randread: (groupid=0, jobs=4): err= 0: pid=56844: Mon Oct 20 15:12:34 2025
  read: IOPS=18.5k, BW=2306MiB/s (2418MB/s)(512MiB/222msec)
    clat (usec): min=2, max=8417, avg=209.75, stdev=296.22
     lat (usec): min=2, max=8417, avg=209.77, stdev=296.22
    clat percentiles (usec):
     |  1.00th=[    8],  5.00th=[   10], 10.00th=[   11], 20.00th=[   12],
     | 30.00th=[   14], 40.00th=[  221], 50.00th=[  258], 60.00th=[  281],
     | 70.00th=[  310], 80.00th=[  338], 90.00th=[  383], 95.00th=[  416],
     | 99.00th=[  510], 99.50th=[  545], 99.90th=[  734], 99.95th=[ 8160],
     | 99.99th=[ 8455]
  lat (usec)   : 4=0.07%, 10=7.81%, 20=28.81%, 50=0.12%, 100=0.29%
  lat (usec)   : 250=10.86%, 500=50.85%, 750=1.07%
  lat (msec)   : 10=0.10%
  cpu          : usr=0.00%, sys=10.97%, ctx=2601, majf=0, minf=164
  IO depths    : 1=100.0%, 2=0.0%, 4=0.0%, 8=0.0%, 16=0.0%, 32=0.0%, >=64=0.0%
     submit    : 0=0.0%, 4=100.0%, 8=0.0%, 16=0.0%, 32=0.0%, 64=0.0%, >=64=0.0%
     complete  : 0=0.0%, 4=100.0%, 8=0.0%, 16=0.0%, 32=0.0%, 64=0.0%, >=64=0.0%
     issued rwts: total=4096,0,0,0 short=0,0,0,0 dropped=0,0,0,0
     latency   : target=0, window=0, percentile=100.00%, depth=1

Run status group 0 (all jobs):
   READ: bw=2306MiB/s (2418MB/s), 2306MiB/s-2306MiB/s (2418MB/s-2418MB/s), io=512MiB (537MB), run=222-222msec
