randwrite: (g=0): rw=randwrite, bs=(R) 128KiB-128KiB, (W) 128KiB-128KiB, (T) 128KiB-128KiB, ioengine=psync, iodepth=1
fio-3.16
Starting 1 process

randwrite: (groupid=0, jobs=1): err= 0: pid=28451: Mon Oct 27 00:59:10 2025
  write: IOPS=2951, BW=369MiB/s (387MB/s)(128MiB/347msec); 0 zone resets
    clat (usec): min=66, max=2329, avg=301.38, stdev=180.93
     lat (usec): min=67, max=2330, avg=302.93, stdev=181.33
    clat percentiles (usec):
     |  1.00th=[  126],  5.00th=[  139], 10.00th=[  153], 20.00th=[  198],
     | 30.00th=[  221], 40.00th=[  241], 50.00th=[  265], 60.00th=[  289],
     | 70.00th=[  318], 80.00th=[  383], 90.00th=[  457], 95.00th=[  537],
     | 99.00th=[ 1139], 99.50th=[ 1319], 99.90th=[ 1958], 99.95th=[ 2343],
     | 99.99th=[ 2343]
  lat (usec)   : 100=0.49%, 250=43.65%, 500=49.61%, 750=4.30%, 1000=0.29%
  lat (msec)   : 2=1.56%, 4=0.10%
  cpu          : usr=0.00%, sys=36.99%, ctx=1569, majf=0, minf=9
  IO depths    : 1=100.1%, 2=0.0%, 4=0.0%, 8=0.0%, 16=0.0%, 32=0.0%, >=64=0.0%
     submit    : 0=0.0%, 4=100.0%, 8=0.0%, 16=0.0%, 32=0.0%, 64=0.0%, >=64=0.0%
     complete  : 0=0.0%, 4=100.0%, 8=0.0%, 16=0.0%, 32=0.0%, 64=0.0%, >=64=0.0%
     issued rwts: total=0,1024,0,1 short=0,0,0,0 dropped=0,0,0,0
     latency   : target=0, window=0, percentile=100.00%, depth=1

Run status group 0 (all jobs):
  WRITE: bw=369MiB/s (387MB/s), 369MiB/s-369MiB/s (387MB/s-387MB/s), io=128MiB (134MB), run=347-347msec
