randread: (g=0): rw=randread, bs=(R) 128KiB-128KiB, (W) 128KiB-128KiB, (T) 128KiB-128KiB, ioengine=psync, iodepth=1
...
fio-3.16
Starting 16 processes

randread: (groupid=0, jobs=16): err= 0: pid=177102: Mon Oct 20 11:21:48 2025
  read: IOPS=10.5k, BW=1308MiB/s (1371MB/s)(8192MiB/6264msec)
    clat (usec): min=2, max=14863, avg=1200.84, stdev=1219.89
     lat (usec): min=2, max=14863, avg=1200.91, stdev=1219.89
    clat percentiles (usec):
     |  1.00th=[   10],  5.00th=[   11], 10.00th=[   12], 20.00th=[   15],
     | 30.00th=[   17], 40.00th=[  416], 50.00th=[ 1106], 60.00th=[ 1647],
     | 70.00th=[ 1827], 80.00th=[ 2147], 90.00th=[ 2638], 95.00th=[ 3326],
     | 99.00th=[ 4621], 99.50th=[ 5014], 99.90th=[ 6652], 99.95th=[12256],
     | 99.99th=[13829]
   bw (  MiB/s): min=  952, max= 2897, per=100.00%, avg=1594.93, stdev=42.68, samples=148
   iops        : min= 7622, max=23176, avg=12759.03, stdev=341.44, samples=148
  lat (usec)   : 4=0.01%, 10=2.68%, 20=33.01%, 50=1.47%, 100=0.01%
  lat (usec)   : 250=0.63%, 500=3.31%, 750=3.43%, 1000=3.82%
  lat (msec)   : 2=27.84%, 4=20.97%, 10=2.77%, 20=0.05%
  cpu          : usr=0.15%, sys=3.13%, ctx=41254, majf=0, minf=673
  IO depths    : 1=100.0%, 2=0.0%, 4=0.0%, 8=0.0%, 16=0.0%, 32=0.0%, >=64=0.0%
     submit    : 0=0.0%, 4=100.0%, 8=0.0%, 16=0.0%, 32=0.0%, 64=0.0%, >=64=0.0%
     complete  : 0=0.0%, 4=100.0%, 8=0.0%, 16=0.0%, 32=0.0%, 64=0.0%, >=64=0.0%
     issued rwts: total=65536,0,0,0 short=0,0,0,0 dropped=0,0,0,0
     latency   : target=0, window=0, percentile=100.00%, depth=1

Run status group 0 (all jobs):
   READ: bw=1308MiB/s (1371MB/s), 1308MiB/s-1308MiB/s (1371MB/s-1371MB/s), io=8192MiB (8590MB), run=6264-6264msec
