read: (g=0): rw=read, bs=(R) 128KiB-128KiB, (W) 128KiB-128KiB, (T) 128KiB-128KiB, ioengine=psync, iodepth=1
...
fio-3.16
Starting 16 processes

read: (groupid=0, jobs=16): err= 0: pid=145999: Mon Oct 20 10:32:56 2025
  read: IOPS=8807, BW=1101MiB/s (1154MB/s)(8192MiB/7441msec)
    clat (usec): min=4, max=27855, avg=1416.30, stdev=2517.01
     lat (usec): min=4, max=27855, avg=1416.36, stdev=2516.99
    clat percentiles (usec):
     |  1.00th=[    7],  5.00th=[    8], 10.00th=[    9], 20.00th=[   10],
     | 30.00th=[   11], 40.00th=[   12], 50.00th=[   42], 60.00th=[  594],
     | 70.00th=[ 1827], 80.00th=[ 2540], 90.00th=[ 4178], 95.00th=[ 5407],
     | 99.00th=[13173], 99.50th=[15795], 99.90th=[19792], 99.95th=[21103],
     | 99.99th=[23200]
   bw (  MiB/s): min=  868, max= 2566, per=100.00%, avg=1423.23, stdev=37.18, samples=177
   iops        : min= 6949, max=20530, avg=11385.07, stdev=297.49, samples=177
  lat (usec)   : 10=29.16%, 20=19.63%, 50=3.27%, 100=1.75%, 250=2.52%
  lat (usec)   : 500=2.84%, 750=2.00%, 1000=1.48%
  lat (msec)   : 2=9.62%, 4=16.63%, 10=9.23%, 20=1.76%, 50=0.09%
  cpu          : usr=0.11%, sys=2.69%, ctx=30889, majf=0, minf=701
  IO depths    : 1=100.0%, 2=0.0%, 4=0.0%, 8=0.0%, 16=0.0%, 32=0.0%, >=64=0.0%
     submit    : 0=0.0%, 4=100.0%, 8=0.0%, 16=0.0%, 32=0.0%, 64=0.0%, >=64=0.0%
     complete  : 0=0.0%, 4=100.0%, 8=0.0%, 16=0.0%, 32=0.0%, 64=0.0%, >=64=0.0%
     issued rwts: total=65536,0,0,0 short=0,0,0,0 dropped=0,0,0,0
     latency   : target=0, window=0, percentile=100.00%, depth=1

Run status group 0 (all jobs):
   READ: bw=1101MiB/s (1154MB/s), 1101MiB/s-1101MiB/s (1154MB/s-1154MB/s), io=8192MiB (8590MB), run=7441-7441msec
