read: (g=0): rw=read, bs=(R) 128KiB-128KiB, (W) 128KiB-128KiB, (T) 128KiB-128KiB, ioengine=psync, iodepth=1
...
fio-3.16
Starting 2 processes

read: (groupid=0, jobs=2): err= 0: pid=164310: Mon Oct 20 17:42:03 2025
  read: IOPS=3103, BW=388MiB/s (407MB/s)(256MiB/660msec)
    clat (usec): min=3, max=5222, avg=642.11, stdev=924.03
     lat (usec): min=3, max=5222, avg=642.16, stdev=924.01
    clat percentiles (usec):
     |  1.00th=[    5],  5.00th=[    6], 10.00th=[    6], 20.00th=[    7],
     | 30.00th=[    7], 40.00th=[    8], 50.00th=[   31], 60.00th=[  105],
     | 70.00th=[ 1565], 80.00th=[ 1713], 90.00th=[ 1811], 95.00th=[ 1926],
     | 99.00th=[ 3458], 99.50th=[ 3621], 99.90th=[ 4948], 99.95th=[ 5014],
     | 99.99th=[ 5211]
   bw (  KiB/s): min=408064, max=408064, per=100.00%, avg=408064.00, stdev= 0.00, samples=2
   iops        : min= 3188, max= 3188, avg=3188.00, stdev= 0.00, samples=2
  lat (usec)   : 4=0.20%, 10=46.48%, 20=2.44%, 50=8.20%, 100=2.39%
  lat (usec)   : 250=4.59%, 500=2.98%, 750=0.20%, 1000=0.05%
  lat (msec)   : 2=28.66%, 4=3.61%, 10=0.20%
  cpu          : usr=0.15%, sys=4.64%, ctx=889, majf=0, minf=85
  IO depths    : 1=100.0%, 2=0.0%, 4=0.0%, 8=0.0%, 16=0.0%, 32=0.0%, >=64=0.0%
     submit    : 0=0.0%, 4=100.0%, 8=0.0%, 16=0.0%, 32=0.0%, 64=0.0%, >=64=0.0%
     complete  : 0=0.0%, 4=100.0%, 8=0.0%, 16=0.0%, 32=0.0%, 64=0.0%, >=64=0.0%
     issued rwts: total=2048,0,0,0 short=0,0,0,0 dropped=0,0,0,0
     latency   : target=0, window=0, percentile=100.00%, depth=1

Run status group 0 (all jobs):
   READ: bw=388MiB/s (407MB/s), 388MiB/s-388MiB/s (407MB/s-407MB/s), io=256MiB (268MB), run=660-660msec
