read: (g=0): rw=read, bs=(R) 4096B-4096B, (W) 4096B-4096B, (T) 4096B-4096B, ioengine=psync, iodepth=1
fio-3.16
Starting 1 process

read: (groupid=0, jobs=1): err= 0: pid=498188: Mon Oct 20 14:09:20 2025
  read: IOPS=98.1k, BW=383MiB/s (402MB/s)(128MiB/334msec)
    clat (nsec): min=182, max=4979.6k, avg=10057.30, stdev=121758.42
     lat (nsec): min=194, max=4979.6k, avg=10071.46, stdev=121758.34
    clat percentiles (nsec):
     |  1.00th=[    217],  5.00th=[    227], 10.00th=[    235],
     | 20.00th=[    253], 30.00th=[    278], 40.00th=[    290],
     | 50.00th=[    298], 60.00th=[    306], 70.00th=[    314],
     | 80.00th=[    330], 90.00th=[    354], 95.00th=[    410],
     | 99.00th=[  73216], 99.50th=[1384448], 99.90th=[1662976],
     | 99.95th=[1695744], 99.99th=[2834432]
  lat (nsec)   : 250=18.94%, 500=77.84%, 750=0.86%, 1000=0.10%
  lat (usec)   : 2=0.37%, 4=0.28%, 10=0.03%, 50=0.48%, 100=0.20%
  lat (usec)   : 250=0.32%, 500=0.02%, 750=0.01%
  lat (msec)   : 2=0.55%, 4=0.01%, 10=0.01%
  cpu          : usr=2.10%, sys=6.61%, ctx=390, majf=0, minf=10
  IO depths    : 1=100.0%, 2=0.0%, 4=0.0%, 8=0.0%, 16=0.0%, 32=0.0%, >=64=0.0%
     submit    : 0=0.0%, 4=100.0%, 8=0.0%, 16=0.0%, 32=0.0%, 64=0.0%, >=64=0.0%
     complete  : 0=0.0%, 4=100.0%, 8=0.0%, 16=0.0%, 32=0.0%, 64=0.0%, >=64=0.0%
     issued rwts: total=32768,0,0,0 short=0,0,0,0 dropped=0,0,0,0
     latency   : target=0, window=0, percentile=100.00%, depth=1

Run status group 0 (all jobs):
   READ: bw=383MiB/s (402MB/s), 383MiB/s-383MiB/s (402MB/s-402MB/s), io=128MiB (134MB), run=334-334msec
