read: (g=0): rw=read, bs=(R) 4096B-4096B, (W) 4096B-4096B, (T) 4096B-4096B, ioengine=psync, iodepth=1
...
fio-3.16
Starting 16 processes

read: (groupid=0, jobs=16): err= 0: pid=55579: Mon Oct 20 15:10:51 2025
  read: IOPS=262k, BW=1025MiB/s (1074MB/s)(2048MiB/1999msec)
    clat (nsec): min=181, max=24671k, avg=59719.00, stdev=661914.04
     lat (nsec): min=193, max=24671k, avg=59734.82, stdev=661913.93
    clat percentiles (nsec):
     |  1.00th=[     227],  5.00th=[     286], 10.00th=[     298],
     | 20.00th=[     310], 30.00th=[     322], 40.00th=[     338],
     | 50.00th=[     374], 60.00th=[     386], 70.00th=[     402],
     | 80.00th=[     426], 90.00th=[     498], 95.00th=[     660],
     | 99.00th=[ 1794048], 99.50th=[ 4816896], 99.90th=[10420224],
     | 99.95th=[11993088], 99.99th=[15138816]
   bw (  MiB/s): min=  892, max= 1272, per=100.00%, avg=1081.62, stdev=10.04, samples=48
   iops        : min=228352, max=325856, avg=276896.00, stdev=2569.30, samples=48
  lat (nsec)   : 250=2.18%, 500=87.84%, 750=6.20%, 1000=1.04%
  lat (usec)   : 2=0.63%, 4=0.50%, 10=0.02%, 20=0.01%, 50=0.42%
  lat (usec)   : 100=0.07%, 250=0.02%, 500=0.01%, 750=0.01%, 1000=0.01%
  lat (msec)   : 2=0.06%, 4=0.29%, 10=0.58%, 20=0.11%, 50=0.01%
  cpu          : usr=0.58%, sys=1.99%, ctx=6080, majf=0, minf=185
  IO depths    : 1=100.0%, 2=0.0%, 4=0.0%, 8=0.0%, 16=0.0%, 32=0.0%, >=64=0.0%
     submit    : 0=0.0%, 4=100.0%, 8=0.0%, 16=0.0%, 32=0.0%, 64=0.0%, >=64=0.0%
     complete  : 0=0.0%, 4=100.0%, 8=0.0%, 16=0.0%, 32=0.0%, 64=0.0%, >=64=0.0%
     issued rwts: total=524288,0,0,0 short=0,0,0,0 dropped=0,0,0,0
     latency   : target=0, window=0, percentile=100.00%, depth=1

Run status group 0 (all jobs):
   READ: bw=1025MiB/s (1074MB/s), 1025MiB/s-1025MiB/s (1074MB/s-1074MB/s), io=2048MiB (2147MB), run=1999-1999msec
