read: (g=0): rw=read, bs=(R) 128KiB-128KiB, (W) 128KiB-128KiB, (T) 128KiB-128KiB, ioengine=psync, iodepth=1
...
fio-3.16
Starting 8 processes

read: (groupid=0, jobs=8): err= 0: pid=29559: Sun Oct 26 15:50:55 2025
  read: IOPS=19.1k, BW=2381MiB/s (2497MB/s)(1024MiB/430msec)
    clat (usec): min=6, max=3190, avg=407.45, stdev=567.17
     lat (usec): min=6, max=3190, avg=407.52, stdev=567.15
    clat percentiles (usec):
     |  1.00th=[    9],  5.00th=[   10], 10.00th=[   12], 20.00th=[   15],
     | 30.00th=[   20], 40.00th=[   26], 50.00th=[   50], 60.00th=[  137],
     | 70.00th=[  553], 80.00th=[  930], 90.00th=[ 1352], 95.00th=[ 1631],
     | 99.00th=[ 2008], 99.50th=[ 2114], 99.90th=[ 2343], 99.95th=[ 2442],
     | 99.99th=[ 3195]
  lat (usec)   : 10=5.10%, 20=26.06%, 50=18.84%, 100=6.81%, 250=6.23%
  lat (usec)   : 500=5.81%, 750=6.69%, 1000=6.41%
  lat (msec)   : 2=17.02%, 4=1.04%
  cpu          : usr=0.09%, sys=14.74%, ctx=3331, majf=0, minf=334
  IO depths    : 1=100.0%, 2=0.0%, 4=0.0%, 8=0.0%, 16=0.0%, 32=0.0%, >=64=0.0%
     submit    : 0=0.0%, 4=100.0%, 8=0.0%, 16=0.0%, 32=0.0%, 64=0.0%, >=64=0.0%
     complete  : 0=0.0%, 4=100.0%, 8=0.0%, 16=0.0%, 32=0.0%, 64=0.0%, >=64=0.0%
     issued rwts: total=8192,0,0,0 short=0,0,0,0 dropped=0,0,0,0
     latency   : target=0, window=0, percentile=100.00%, depth=1

Run status group 0 (all jobs):
   READ: bw=2381MiB/s (2497MB/s), 2381MiB/s-2381MiB/s (2497MB/s-2497MB/s), io=1024MiB (1074MB), run=430-430msec
