read: (g=0): rw=read, bs=(R) 4096B-4096B, (W) 4096B-4096B, (T) 4096B-4096B, ioengine=psync, iodepth=1
...
fio-3.16
Starting 32 processes

read: (groupid=0, jobs=32): err= 0: pid=714366: Mon Oct 20 07:10:12 2025
  read: IOPS=399k, BW=1559MiB/s (1635MB/s)(8192MiB/5253msec)
    clat (nsec): min=401, max=33496k, avg=78270.37, stdev=723091.88
     lat (nsec): min=428, max=33496k, avg=78382.29, stdev=723098.34
    clat percentiles (nsec):
     |  1.00th=[     724],  5.00th=[    1368], 10.00th=[    2320],
     | 20.00th=[    3856], 30.00th=[    4960], 40.00th=[    6112],
     | 50.00th=[    7328], 60.00th=[    8768], 70.00th=[   10560],
     | 80.00th=[   13376], 90.00th=[   19072], 95.00th=[   25984],
     | 99.00th=[ 1941504], 99.50th=[ 5275648], 99.90th=[11468800],
     | 99.95th=[13172736], 99.99th=[16449536]
   bw (  MiB/s): min= 1376, max= 1731, per=100.00%, avg=1560.73, stdev= 3.51, samples=320
   iops        : min=352332, max=443246, avg=399543.10, stdev=898.71, samples=320
  lat (nsec)   : 500=0.04%, 750=1.07%, 1000=1.83%
  lat (usec)   : 2=5.46%, 4=12.82%, 10=45.93%, 20=23.86%, 50=7.00%
  lat (usec)   : 100=0.32%, 250=0.02%, 500=0.05%, 750=0.12%, 1000=0.15%
  lat (msec)   : 2=0.34%, 4=0.34%, 10=0.48%, 20=0.16%, 50=0.01%
  cpu          : usr=2.14%, sys=32.71%, ctx=28757, majf=1, minf=548
  IO depths    : 1=100.0%, 2=0.0%, 4=0.0%, 8=0.0%, 16=0.0%, 32=0.0%, >=64=0.0%
     submit    : 0=0.0%, 4=100.0%, 8=0.0%, 16=0.0%, 32=0.0%, 64=0.0%, >=64=0.0%
     complete  : 0=0.0%, 4=100.0%, 8=0.0%, 16=0.0%, 32=0.0%, 64=0.0%, >=64=0.0%
     issued rwts: total=2097152,0,0,0 short=0,0,0,0 dropped=0,0,0,0
     latency   : target=0, window=0, percentile=100.00%, depth=1

Run status group 0 (all jobs):
   READ: bw=1559MiB/s (1635MB/s), 1559MiB/s-1559MiB/s (1635MB/s-1635MB/s), io=8192MiB (8590MB), run=5253-5253msec
