read: (g=0): rw=read, bs=(R) 4096B-4096B, (W) 4096B-4096B, (T) 4096B-4096B, ioengine=psync, iodepth=1
...
fio-3.16
Starting 2 processes

read: (groupid=0, jobs=2): err= 0: pid=29063: Sun Oct 26 15:50:20 2025
  read: IOPS=103k, BW=402MiB/s (421MB/s)(256MiB/637msec)
    clat (nsec): min=392, max=5670.3k, avg=18638.14, stdev=184956.45
     lat (nsec): min=406, max=5670.3k, avg=18677.72, stdev=184956.33
    clat percentiles (nsec):
     |  1.00th=[    580],  5.00th=[    732], 10.00th=[    804],
     | 20.00th=[    900], 30.00th=[    964], 40.00th=[   1012],
     | 50.00th=[   1048], 60.00th=[   1096], 70.00th=[   1144],
     | 80.00th=[   1208], 90.00th=[   1304], 95.00th=[   1432],
     | 99.00th=[ 552960], 99.50th=[1449984], 99.90th=[2867200],
     | 99.95th=[3325952], 99.99th=[4014080]
   bw (  KiB/s): min=425392, max=425392, per=100.00%, avg=425392.00, stdev= 0.00, samples=2
   iops        : min=106348, max=106348, avg=106348.00, stdev= 0.00, samples=2
  lat (nsec)   : 500=0.47%, 750=5.36%, 1000=32.22%
  lat (usec)   : 2=59.48%, 4=0.62%, 10=0.25%, 20=0.01%, 50=0.01%
  lat (usec)   : 100=0.31%, 250=0.10%, 500=0.12%, 750=0.17%, 1000=0.16%
  lat (msec)   : 2=0.42%, 4=0.29%, 10=0.01%
  cpu          : usr=3.54%, sys=11.74%, ctx=821, majf=0, minf=24
  IO depths    : 1=100.0%, 2=0.0%, 4=0.0%, 8=0.0%, 16=0.0%, 32=0.0%, >=64=0.0%
     submit    : 0=0.0%, 4=100.0%, 8=0.0%, 16=0.0%, 32=0.0%, 64=0.0%, >=64=0.0%
     complete  : 0=0.0%, 4=100.0%, 8=0.0%, 16=0.0%, 32=0.0%, 64=0.0%, >=64=0.0%
     issued rwts: total=65536,0,0,0 short=0,0,0,0 dropped=0,0,0,0
     latency   : target=0, window=0, percentile=100.00%, depth=1

Run status group 0 (all jobs):
   READ: bw=402MiB/s (421MB/s), 402MiB/s-402MiB/s (421MB/s-421MB/s), io=256MiB (268MB), run=637-637msec
