write: (g=0): rw=write, bs=(R) 128KiB-128KiB, (W) 128KiB-128KiB, (T) 128KiB-128KiB, ioengine=psync, iodepth=1
...
fio-3.16
Starting 32 processes

write: (groupid=0, jobs=32): err= 0: pid=148998: Mon Oct 20 10:38:16 2025
  write: IOPS=13.9k, BW=1733MiB/s (1818MB/s)(16.0GiB/9452msec); 0 zone resets
    clat (usec): min=46, max=1273.6k, avg=1742.62, stdev=12321.15
     lat (usec): min=46, max=1273.6k, avg=1744.10, stdev=12321.19
    clat percentiles (usec):
     |  1.00th=[    59],  5.00th=[    73], 10.00th=[    82], 20.00th=[    93],
     | 30.00th=[   106], 40.00th=[   121], 50.00th=[   139], 60.00th=[   163],
     | 70.00th=[   221], 80.00th=[   594], 90.00th=[  3064], 95.00th=[  6456],
     | 99.00th=[ 43779], 99.50th=[ 50594], 99.90th=[ 64750], 99.95th=[ 76022],
     | 99.99th=[168821]
   bw (  MiB/s): min= 1000, max= 3758, per=100.00%, avg=2341.55, stdev=24.90, samples=434
   iops        : min= 8000, max=30066, avg=18731.55, stdev=199.25, samples=434
  lat (usec)   : 50=0.04%, 100=26.12%, 250=46.55%, 500=6.48%, 750=1.88%
  lat (usec)   : 1000=1.62%
  lat (msec)   : 2=4.42%, 4=4.84%, 10=5.03%, 20=1.22%, 50=1.27%
  lat (msec)   : 100=0.49%, 250=0.03%, 1000=0.01%, 2000=0.01%
  cpu          : usr=0.10%, sys=33.90%, ctx=15805505, majf=0, minf=376
  IO depths    : 1=100.0%, 2=0.0%, 4=0.0%, 8=0.0%, 16=0.0%, 32=0.0%, >=64=0.0%
     submit    : 0=0.0%, 4=100.0%, 8=0.0%, 16=0.0%, 32=0.0%, 64=0.0%, >=64=0.0%
     complete  : 0=0.0%, 4=100.0%, 8=0.0%, 16=0.0%, 32=0.0%, 64=0.0%, >=64=0.0%
     issued rwts: total=0,131072,0,32 short=0,0,0,0 dropped=0,0,0,0
     latency   : target=0, window=0, percentile=100.00%, depth=1

Run status group 0 (all jobs):
  WRITE: bw=1733MiB/s (1818MB/s), 1733MiB/s-1733MiB/s (1818MB/s-1818MB/s), io=16.0GiB (17.2GB), run=9452-9452msec
