write: (g=0): rw=write, bs=(R) 4096B-4096B, (W) 4096B-4096B, (T) 4096B-4096B, ioengine=psync, iodepth=1
...
fio-3.16
Starting 8 processes

write: (groupid=0, jobs=8): err= 0: pid=120393: Sun Oct 19 20:52:00 2025
  write: IOPS=324k, BW=1267MiB/s (1329MB/s)(1024MiB/808msec); 0 zone resets
    clat (usec): min=3, max=8121, avg= 7.17, stdev=49.71
     lat (usec): min=3, max=8121, avg= 7.20, stdev=49.71
    clat percentiles (usec):
     |  1.00th=[    5],  5.00th=[    5], 10.00th=[    5], 20.00th=[    6],
     | 30.00th=[    6], 40.00th=[    6], 50.00th=[    7], 60.00th=[    7],
     | 70.00th=[    7], 80.00th=[    7], 90.00th=[    8], 95.00th=[    9],
     | 99.00th=[   29], 99.50th=[   35], 99.90th=[   46], 99.95th=[   51],
     | 99.99th=[  133]
  lat (usec)   : 4=0.07%, 10=95.70%, 20=1.80%, 50=2.38%, 100=0.03%
  lat (usec)   : 250=0.02%, 500=0.01%, 1000=0.01%
  lat (msec)   : 4=0.01%, 10=0.01%
  cpu          : usr=0.90%, sys=29.60%, ctx=10300, majf=0, minf=75
  IO depths    : 1=100.0%, 2=0.0%, 4=0.0%, 8=0.0%, 16=0.0%, 32=0.0%, >=64=0.0%
     submit    : 0=0.0%, 4=100.0%, 8=0.0%, 16=0.0%, 32=0.0%, 64=0.0%, >=64=0.0%
     complete  : 0=0.0%, 4=100.0%, 8=0.0%, 16=0.0%, 32=0.0%, 64=0.0%, >=64=0.0%
     issued rwts: total=0,262144,0,8 short=0,0,0,0 dropped=0,0,0,0
     latency   : target=0, window=0, percentile=100.00%, depth=1

Run status group 0 (all jobs):
  WRITE: bw=1267MiB/s (1329MB/s), 1267MiB/s-1267MiB/s (1329MB/s-1329MB/s), io=1024MiB (1074MB), run=808-808msec
