Linux 5.15.0 (noslab-gpu) 	11/14/2025 	_x86_64_	(40 CPU)

# Time        UID       PID  minflt/s  majflt/s     VSZ     RSS   %MEM  Command
07:38:07 AM     0    511958  27382.35    427.45 27522380  135508   0.21  java

# Time        UID       PID  minflt/s  majflt/s     VSZ     RSS   %MEM  Command
07:38:08 AM     0    511958  47843.00      0.00 27555156  317172   0.48  java

# Time        UID       PID  minflt/s  majflt/s     VSZ     RSS   %MEM  Command
07:38:09 AM     0    511958  56356.00      0.00 27604320  487816   0.75  java

# Time        UID       PID  minflt/s  majflt/s     VSZ     RSS   %MEM  Command
07:38:10 AM     0    511958  46164.00      0.00 27653484  661336   1.01  java

# Time        UID       PID  minflt/s  majflt/s     VSZ     RSS   %MEM  Command
07:38:11 AM     0    511958  44163.00      0.00 27686260  837480   1.28  java

# Time        UID       PID  minflt/s  majflt/s     VSZ     RSS   %MEM  Command
07:38:12 AM     0    511958  43478.00      0.00 27735424  926968   1.42  java

# Time        UID       PID  minflt/s  majflt/s     VSZ     RSS   %MEM  Command
07:38:13 AM     0    511958  13109.00      0.00 27786644  970000   1.48  java

# Time        UID       PID  minflt/s  majflt/s     VSZ     RSS   %MEM  Command
07:38:14 AM     0    511958  11271.00      0.00 27538768  753920   1.15  java

# Time        UID       PID  minflt/s  majflt/s     VSZ     RSS   %MEM  Command
07:38:15 AM     0    511958  13659.00      0.00 27604304  796100   1.22  java

# Time        UID       PID  minflt/s  majflt/s     VSZ     RSS   %MEM  Command
07:38:16 AM     0    511958  34207.00      0.00 27669840  843224   1.29  java

# Time        UID       PID  minflt/s  majflt/s     VSZ     RSS   %MEM  Command
07:38:17 AM     0    511958  40460.00      1.00 27669840  885624   1.35  java

# Time        UID       PID  minflt/s  majflt/s     VSZ     RSS   %MEM  Command
07:38:18 AM     0    511958  57958.00      0.00 27735376  930592   1.42  java

# Time        UID       PID  minflt/s  majflt/s     VSZ     RSS   %MEM  Command
07:38:19 AM     0    511958  66123.00      0.00 27800912  973756   1.49  java

# Time        UID       PID  minflt/s  majflt/s     VSZ     RSS   %MEM  Command
07:38:20 AM     0    511958  50391.09      0.00 27817284  965960   1.48  java

# Time        UID       PID  minflt/s  majflt/s     VSZ     RSS   %MEM  Command
07:38:21 AM     0    511958  32032.00      0.00 27817284  979836   1.50  java

# Time        UID       PID  minflt/s  majflt/s     VSZ     RSS   %MEM  Command
07:38:22 AM     0    511958   4211.00      0.00 27817284  985236   1.51  java

# Time        UID       PID  minflt/s  majflt/s     VSZ     RSS   %MEM  Command
07:38:23 AM     0    511958    539.00      0.00 27817284  986548   1.51  java

# Time        UID       PID  minflt/s  majflt/s     VSZ     RSS   %MEM  Command
07:38:24 AM     0    511958  30543.00      0.00 27817284  986864   1.51  java

# Time        UID       PID  minflt/s  majflt/s     VSZ     RSS   %MEM  Command
07:38:25 AM     0    511958  20510.00      0.00 27817284  987848   1.51  java

# Time        UID       PID  minflt/s  majflt/s     VSZ     RSS   %MEM  Command
07:38:26 AM     0    511958  11855.00      0.00 27882820 1024780   1.57  java

# Time        UID       PID  minflt/s  majflt/s     VSZ     RSS   %MEM  Command
07:38:27 AM     0    511958  46235.00      0.00 27882820 1036124   1.58  java

# Time        UID       PID  minflt/s  majflt/s     VSZ     RSS   %MEM  Command
07:38:28 AM     0    511958  27812.00      0.00 27882820 1036124   1.58  java

# Time        UID       PID  minflt/s  majflt/s     VSZ     RSS   %MEM  Command
07:38:29 AM     0    511958  12223.00      0.00 27882820 1036124   1.58  java

# Time        UID       PID  minflt/s  majflt/s     VSZ     RSS   %MEM  Command
07:38:30 AM     0    511958  12483.00      0.00 27882820 1036124   1.58  java

# Time        UID       PID  minflt/s  majflt/s     VSZ     RSS   %MEM  Command
07:38:31 AM     0    511958  16607.00      0.00 27882820 1036164   1.58  java

# Time        UID       PID  minflt/s  majflt/s     VSZ     RSS   %MEM  Command
07:38:32 AM     0    511958  17219.00      0.00 27751748  956336   1.46  java

# Time        UID       PID  minflt/s  majflt/s     VSZ     RSS   %MEM  Command
07:38:33 AM     0    511958   1616.00      0.00 27751748  957900   1.46  java

# Time        UID       PID  minflt/s  majflt/s     VSZ     RSS   %MEM  Command
07:38:34 AM     0    511958    451.00      0.00 27751748  958864   1.47  java

# Time        UID       PID  minflt/s  majflt/s     VSZ     RSS   %MEM  Command
07:38:35 AM     0    511958  19573.00      0.00 27751748  960320   1.47  java

# Time        UID       PID  minflt/s  majflt/s     VSZ     RSS   %MEM  Command
07:38:36 AM     0    511958  47180.00      0.00 27751748  961436   1.47  java

# Time        UID       PID  minflt/s  majflt/s     VSZ     RSS   %MEM  Command
07:38:37 AM     0    511958  39727.00      2.00 27768228  971296   1.48  java

# Time        UID       PID  minflt/s  majflt/s     VSZ     RSS   %MEM  Command
07:38:38 AM     0    511958  56278.00      0.00 27800996 1007056   1.54  java

# Time        UID       PID  minflt/s  majflt/s     VSZ     RSS   %MEM  Command
07:38:39 AM     0    511958  47302.00      0.00 27817380 1028468   1.57  java

# Time        UID       PID  minflt/s  majflt/s     VSZ     RSS   %MEM  Command
07:38:40 AM     0    511958  29561.00      0.00 27702692  946604   1.45  java

# Time        UID       PID  minflt/s  majflt/s     VSZ     RSS   %MEM  Command
07:38:41 AM     0    511958   1029.00      2.00 27702692  946728   1.45  java

# Time        UID       PID  minflt/s  majflt/s     VSZ     RSS   %MEM  Command
07:38:42 AM     0    511958    100.00      0.00 27702692  946728   1.45  java

# Time        UID       PID  minflt/s  majflt/s     VSZ     RSS   %MEM  Command
07:38:43 AM     0    511958   3404.00      0.00 27768228  955896   1.46  java

# Time        UID       PID  minflt/s  majflt/s     VSZ     RSS   %MEM  Command
07:38:44 AM     0    511958  11320.00      0.00 27833764 1001304   1.53  java

# Time        UID       PID  minflt/s  majflt/s     VSZ     RSS   %MEM  Command
07:38:45 AM     0    511958  13253.00      0.00 27833764 1039576   1.59  java

# Time        UID       PID  minflt/s  majflt/s     VSZ     RSS   %MEM  Command
07:38:46 AM     0    511958  31776.00      0.00 27817380  986156   1.51  java

# Time        UID       PID  minflt/s  majflt/s     VSZ     RSS   %MEM  Command
07:38:47 AM     0    511958    498.00      0.00 27817380  987748   1.51  java

# Time        UID       PID  minflt/s  majflt/s     VSZ     RSS   %MEM  Command
07:38:48 AM     0    511958   4096.00      0.00 27817380  988892   1.51  java

# Time        UID       PID  minflt/s  majflt/s     VSZ     RSS   %MEM  Command
07:38:49 AM     0    511958  41208.00      0.00 27817380  989864   1.51  java

# Time        UID       PID  minflt/s  majflt/s     VSZ     RSS   %MEM  Command
07:38:50 AM     0    511958  39286.00      0.00 27817380  991316   1.51  java

# Time        UID       PID  minflt/s  majflt/s     VSZ     RSS   %MEM  Command
07:38:51 AM     0    511958  15401.00      0.00 27817380 1003684   1.53  java

# Time        UID       PID  minflt/s  majflt/s     VSZ     RSS   %MEM  Command
07:38:52 AM     0    511958  64098.00      0.00 27882916 1038580   1.59  java

# Time        UID       PID  minflt/s  majflt/s     VSZ     RSS   %MEM  Command
07:38:53 AM     0    511958  33565.00      2.00 27882916 1071192   1.64  java

# Time        UID       PID  minflt/s  majflt/s     VSZ     RSS   %MEM  Command
07:38:54 AM     0    511958  15637.00      0.00 27882916 1077048   1.65  java

# Time        UID       PID  minflt/s  majflt/s     VSZ     RSS   %MEM  Command
07:38:55 AM     0    511958    216.00      0.00 27882916 1077732   1.65  java

# Time        UID       PID  minflt/s  majflt/s     VSZ     RSS   %MEM  Command
07:38:56 AM     0    511958   3528.00      0.00 27882916 1078428   1.65  java

# Time        UID       PID  minflt/s  majflt/s     VSZ     RSS   %MEM  Command
07:38:57 AM     0    511958   2169.00      2.00 27882916 1078456   1.65  java

# Time        UID       PID  minflt/s  majflt/s     VSZ     RSS   %MEM  Command
07:38:58 AM     0    511958   1200.00      0.00 27882916 1078812   1.65  java

# Time        UID       PID  minflt/s  majflt/s     VSZ     RSS   %MEM  Command
07:38:59 AM     0    511958    189.00      0.00 27882916 1078944   1.65  java

# Time        UID       PID  minflt/s  majflt/s     VSZ     RSS   %MEM  Command
07:39:00 AM     0    511958   1042.00      0.00 27751844  984088   1.50  java

# Time        UID       PID  minflt/s  majflt/s     VSZ     RSS   %MEM  Command
07:39:01 AM     0    511958    358.00      0.00 27751844  985268   1.51  java

# Time        UID       PID  minflt/s  majflt/s     VSZ     RSS   %MEM  Command
07:39:02 AM     0    511958  12905.00      0.00 27751844  986076   1.51  java

# Time        UID       PID  minflt/s  majflt/s     VSZ     RSS   %MEM  Command
07:39:03 AM     0    511958  39466.00      0.00 27751844  987304   1.51  java

# Time        UID       PID  minflt/s  majflt/s     VSZ     RSS   %MEM  Command
07:39:04 AM     0    511958  45320.00      0.00 27768228  995196   1.52  java

# Time        UID       PID  minflt/s  majflt/s     VSZ     RSS   %MEM  Command
07:39:05 AM     0    511958  53229.00      0.00 27800996 1031840   1.58  java

# Time        UID       PID  minflt/s  majflt/s     VSZ     RSS   %MEM  Command
07:39:06 AM     0    511958  53660.00      0.00 27833764 1066868   1.63  java

# Time        UID       PID  minflt/s  majflt/s     VSZ     RSS   %MEM  Command
07:39:07 AM     0    511958  25187.00      0.00 27588004  889224   1.36  java

# Time        UID       PID  minflt/s  majflt/s     VSZ     RSS   %MEM  Command
07:39:08 AM     0    511958  13019.00      1.00 27653540  896632   1.37  java

# Time        UID       PID  minflt/s  majflt/s     VSZ     RSS   %MEM  Command
07:39:09 AM     0    511958  10497.00      0.00 27719076  937648   1.43  java

# Time        UID       PID  minflt/s  majflt/s     VSZ     RSS   %MEM  Command
07:39:10 AM     0    511958  10414.00      0.00 27719076  978792   1.50  java

# Time        UID       PID  minflt/s  majflt/s     VSZ     RSS   %MEM  Command
07:39:11 AM     0    511958  10280.00      0.00 27784612 1019104   1.56  java

# Time        UID       PID  minflt/s  majflt/s     VSZ     RSS   %MEM  Command
07:39:12 AM     0    511958   9752.00      0.00 27850148 1056512   1.61  java

# Time        UID       PID  minflt/s  majflt/s     VSZ     RSS   %MEM  Command
07:39:13 AM     0    511958   6607.00      0.00 27751844  988008   1.51  java

# Time        UID       PID  minflt/s  majflt/s     VSZ     RSS   %MEM  Command
07:39:14 AM     0    511958   1387.00      0.00 27751844  992944   1.52  java

# Time        UID       PID  minflt/s  majflt/s     VSZ     RSS   %MEM  Command
07:39:15 AM     0    511958   1284.00      0.00 27751844  997660   1.52  java

# Time        UID       PID  minflt/s  majflt/s     VSZ     RSS   %MEM  Command
07:39:16 AM     0    511958    293.00      0.00 27751844  998148   1.53  java

# Time        UID       PID  minflt/s  majflt/s     VSZ     RSS   %MEM  Command
07:39:17 AM     0    511958    187.00      0.00 27751844  998148   1.53  java

# Time        UID       PID  minflt/s  majflt/s     VSZ     RSS   %MEM  Command
07:39:18 AM     0    511958  15283.00      2.00 27817380 1030072   1.57  java

# Time        UID       PID  minflt/s  majflt/s     VSZ     RSS   %MEM  Command
07:39:19 AM     0    511958  27817.00      0.00 27882916 1065628   1.63  java

# Time        UID       PID  minflt/s  majflt/s     VSZ     RSS   %MEM  Command
07:39:20 AM     0    511958  43727.00      0.00 27882916 1079472   1.65  java

# Time        UID       PID  minflt/s  majflt/s     VSZ     RSS   %MEM  Command
07:39:21 AM     0    511958  39294.00      0.00 27882916 1084500   1.66  java

# Time        UID       PID  minflt/s  majflt/s     VSZ     RSS   %MEM  Command
07:39:22 AM     0    511958  41304.00      0.00 27882916 1084500   1.66  java

# Time        UID       PID  minflt/s  majflt/s     VSZ     RSS   %MEM  Command
07:39:23 AM     0    511958  35356.00      3.00 27882916 1086284   1.66  java

# Time        UID       PID  minflt/s  majflt/s     VSZ     RSS   %MEM  Command
07:39:24 AM     0    511958  30286.00      0.00 27882916 1087236   1.66  java

# Time        UID       PID  minflt/s  majflt/s     VSZ     RSS   %MEM  Command
07:39:25 AM     0    511958  10346.00      0.00 27882916 1087236   1.66  java

# Time        UID       PID  minflt/s  majflt/s     VSZ     RSS   %MEM  Command
07:39:26 AM     0    511958  10146.00      0.00 27882916 1087728   1.66  java

# Time        UID       PID  minflt/s  majflt/s     VSZ     RSS   %MEM  Command
07:39:27 AM     0    511958   2539.00      0.00 27686308  956644   1.46  java

# Time        UID       PID  minflt/s  majflt/s     VSZ     RSS   %MEM  Command
07:39:28 AM     0    511958    982.00      0.00 27686308  957300   1.46  java

# Time        UID       PID  minflt/s  majflt/s     VSZ     RSS   %MEM  Command
07:39:29 AM     0    511958    409.00      0.00 27686308  957792   1.46  java

# Time        UID       PID  minflt/s  majflt/s     VSZ     RSS   %MEM  Command
07:39:30 AM     0    511958   7266.00      0.00 27719076  981548   1.50  java

# Time        UID       PID  minflt/s  majflt/s     VSZ     RSS   %MEM  Command

# Time        UID       PID  minflt/s  majflt/s     VSZ     RSS   %MEM  Command
07:39:32 AM     0    513056  48424.00      8.00 27095432  218168   0.33  java

# Time        UID       PID  minflt/s  majflt/s     VSZ     RSS   %MEM  Command
07:39:33 AM     0    513056  22079.00      0.00 27028832  170672   0.26  java

# Time        UID       PID  minflt/s  majflt/s     VSZ     RSS   %MEM  Command
07:39:34 AM     0    513056  14964.00      1.00 27511228  221116   0.34  java

# Time        UID       PID  minflt/s  majflt/s     VSZ     RSS   %MEM  Command
07:39:35 AM     0    513056  16299.00      0.00 27511228  285980   0.44  java

# Time        UID       PID  minflt/s  majflt/s     VSZ     RSS   %MEM  Command
07:39:36 AM     0    513056  23304.00      1.00 27511228  359208   0.55  java

# Time        UID       PID  minflt/s  majflt/s     VSZ     RSS   %MEM  Command
07:39:37 AM     0    513056  30510.00      0.00 27511228  434884   0.66  java

# Time        UID       PID  minflt/s  majflt/s     VSZ     RSS   %MEM  Command
07:39:38 AM     0    513056  27306.00      0.00 27576764  539824   0.82  java

# Time        UID       PID  minflt/s  majflt/s     VSZ     RSS   %MEM  Command
07:39:39 AM     0    513056  31739.00      0.00 27576764  655532   1.00  java

# Time        UID       PID  minflt/s  majflt/s     VSZ     RSS   %MEM  Command
07:39:40 AM     0    513056  32642.00      0.00 27642300  773652   1.18  java

# Time        UID       PID  minflt/s  majflt/s     VSZ     RSS   %MEM  Command
07:39:41 AM     0    513056  49787.00      0.00 27642300  894448   1.37  java

# Time        UID       PID  minflt/s  majflt/s     VSZ     RSS   %MEM  Command
07:39:42 AM     0    513056  45102.00      0.00 27707836  978108   1.49  java

# Time        UID       PID  minflt/s  majflt/s     VSZ     RSS   %MEM  Command
07:39:43 AM     0    513056  33760.00      0.00 27764968  998304   1.53  java

# Time        UID       PID  minflt/s  majflt/s     VSZ     RSS   %MEM  Command
07:39:44 AM     0    513056  32054.00      0.00 27764476 1024932   1.57  java

# Time        UID       PID  minflt/s  majflt/s     VSZ     RSS   %MEM  Command
07:39:45 AM     0    513056  38432.00      0.00 27830012 1055032   1.61  java

# Time        UID       PID  minflt/s  majflt/s     VSZ     RSS   %MEM  Command
07:39:46 AM     0    513056  26570.00      0.00 27829028 1078352   1.65  java

# Time        UID       PID  minflt/s  majflt/s     VSZ     RSS   %MEM  Command
07:39:47 AM     0    513056   3120.00      0.00 27829028 1080928   1.65  java

# Time        UID       PID  minflt/s  majflt/s     VSZ     RSS   %MEM  Command
07:39:48 AM     0    513056    255.00      0.00 27829028 1081984   1.65  java

# Time        UID       PID  minflt/s  majflt/s     VSZ     RSS   %MEM  Command
07:39:49 AM     0    513056    283.00      4.00 27827064 1080868   1.65  java

# Time        UID       PID  minflt/s  majflt/s     VSZ     RSS   %MEM  Command
07:39:50 AM     0    513056    130.00      0.00 27826088 1080612   1.65  java

# Time        UID       PID  minflt/s  majflt/s     VSZ     RSS   %MEM  Command
07:39:51 AM     0    513056    134.00      0.00 27826088 1080868   1.65  java

# Time        UID       PID  minflt/s  majflt/s     VSZ     RSS   %MEM  Command
07:39:52 AM     0    513056    126.00      0.00 27825108 1080620   1.65  java

# Time        UID       PID  minflt/s  majflt/s     VSZ     RSS   %MEM  Command
07:39:53 AM     0    513056   1278.00      0.00 27825108 1085444   1.66  java

# Time        UID       PID  minflt/s  majflt/s     VSZ     RSS   %MEM  Command
07:39:54 AM     0    513056    247.00      0.00 27824620 1085900   1.66  java

# Time        UID       PID  minflt/s  majflt/s     VSZ     RSS   %MEM  Command
07:39:55 AM     0    513056    699.00      0.00 27824620 1088536   1.66  java

# Time        UID       PID  minflt/s  majflt/s     VSZ     RSS   %MEM  Command
07:39:56 AM     0    513056    276.00      0.00 27627520  962348   1.47  java

# Time        UID       PID  minflt/s  majflt/s     VSZ     RSS   %MEM  Command
07:39:57 AM     0    513056    100.00      0.00 27627028  962240   1.47  java

# Time        UID       PID  minflt/s  majflt/s     VSZ     RSS   %MEM  Command
07:39:58 AM     0    513056    124.00      0.00 27627028  962768   1.47  java

# Time        UID       PID  minflt/s  majflt/s     VSZ     RSS   %MEM  Command
07:39:59 AM     0    513056    286.00      0.00 27626536  963216   1.47  java

# Time        UID       PID  minflt/s  majflt/s     VSZ     RSS   %MEM  Command
07:40:00 AM     0    513056    131.00      0.00 27626536  963744   1.47  java

# Time        UID       PID  minflt/s  majflt/s     VSZ     RSS   %MEM  Command
07:40:01 AM     0    513056   2620.00      0.00 27625552  963448   1.47  java

# Time        UID       PID  minflt/s  majflt/s     VSZ     RSS   %MEM  Command
07:40:02 AM     0    513056  24753.00      0.00 27691088  974808   1.49  java

# Time        UID       PID  minflt/s  majflt/s     VSZ     RSS   %MEM  Command
07:40:03 AM     0    513056  25295.00      0.00 27691088 1000200   1.53  java

# Time        UID       PID  minflt/s  majflt/s     VSZ     RSS   %MEM  Command
07:40:04 AM     0    513056   6327.00      0.00 27756624 1024584   1.57  java

# Time        UID       PID  minflt/s  majflt/s     VSZ     RSS   %MEM  Command
07:40:05 AM     0    513056  15293.00      0.00 27754656 1046616   1.60  java

# Time        UID       PID  minflt/s  majflt/s     VSZ     RSS   %MEM  Command
07:40:06 AM     0    513056  25873.00      0.00 27820192 1067772   1.63  java

# Time        UID       PID  minflt/s  majflt/s     VSZ     RSS   %MEM  Command
07:40:07 AM     0    513056  26321.00      0.00 27820192 1075276   1.64  java

# Time        UID       PID  minflt/s  majflt/s     VSZ     RSS   %MEM  Command
07:40:08 AM     0    513056  33302.00      0.00 27820192 1075504   1.64  java

# Time        UID       PID  minflt/s  majflt/s     VSZ     RSS   %MEM  Command
07:40:09 AM     0    513056  44345.00      0.00 27820192 1075512   1.64  java

# Time        UID       PID  minflt/s  majflt/s     VSZ     RSS   %MEM  Command
07:40:10 AM     0    513056  32224.00      0.00 27820192 1077276   1.65  java

# Time        UID       PID  minflt/s  majflt/s     VSZ     RSS   %MEM  Command
07:40:11 AM     0    513056  32154.00      0.00 27820192 1081112   1.65  java

# Time        UID       PID  minflt/s  majflt/s     VSZ     RSS   %MEM  Command
07:40:12 AM     0    513056  28175.00      0.00 27820192 1081844   1.65  java

# Time        UID       PID  minflt/s  majflt/s     VSZ     RSS   %MEM  Command
07:40:13 AM     0    513056  27053.00      0.00 27820192 1082212   1.65  java

# Time        UID       PID  minflt/s  majflt/s     VSZ     RSS   %MEM  Command
07:40:14 AM     0    513056  25906.00      0.00 27819700 1081720   1.65  java

# Time        UID       PID  minflt/s  majflt/s     VSZ     RSS   %MEM  Command
07:40:15 AM     0    513056  25592.00      0.00 27819700 1082468   1.65  java

# Time        UID       PID  minflt/s  majflt/s     VSZ     RSS   %MEM  Command
07:40:16 AM     0    513056  20871.00      0.00 27819208 1082472   1.65  java

# Time        UID       PID  minflt/s  majflt/s     VSZ     RSS   %MEM  Command
07:40:17 AM     0    513056  11986.00      0.00 27819208 1084060   1.66  java

# Time        UID       PID  minflt/s  majflt/s     VSZ     RSS   %MEM  Command
07:40:18 AM     0    513056  21664.00      0.00 27687644 1019064   1.56  java

# Time        UID       PID  minflt/s  majflt/s     VSZ     RSS   %MEM  Command
07:40:19 AM     0    513056  14056.00      0.00 27687644 1019160   1.56  java

# Time        UID       PID  minflt/s  majflt/s     VSZ     RSS   %MEM  Command
07:40:20 AM     0    513056   1282.00      2.00 27687644 1020216   1.56  java

# Time        UID       PID  minflt/s  majflt/s     VSZ     RSS   %MEM  Command
07:40:21 AM     0    513056    131.00      0.00 27686660 1019808   1.56  java

# Time        UID       PID  minflt/s  majflt/s     VSZ     RSS   %MEM  Command
07:40:22 AM     0    513056   6607.00      0.00 27686660 1020592   1.56  java

# Time        UID       PID  minflt/s  majflt/s     VSZ     RSS   %MEM  Command
07:40:23 AM     0    513056  20293.00      0.00 27686660 1021648   1.56  java

# Time        UID       PID  minflt/s  majflt/s     VSZ     RSS   %MEM  Command
07:40:24 AM     0    513056  45131.00      0.00 27686168 1021292   1.56  java

# Time        UID       PID  minflt/s  majflt/s     VSZ     RSS   %MEM  Command
07:40:25 AM     0    513056  30581.00      0.00 27686168 1021784   1.56  java

# Time        UID       PID  minflt/s  majflt/s     VSZ     RSS   %MEM  Command
07:40:26 AM     0    513056  10272.00      0.00 27685676 1021784   1.56  java

# Time        UID       PID  minflt/s  majflt/s     VSZ     RSS   %MEM  Command
07:40:27 AM     0    513056  21204.00      3.00 27751212 1037552   1.59  java

# Time        UID       PID  minflt/s  majflt/s     VSZ     RSS   %MEM  Command
07:40:28 AM     0    513056  33371.00      0.00 27751212 1061320   1.62  java

# Time        UID       PID  minflt/s  majflt/s     VSZ     RSS   %MEM  Command
07:40:29 AM     0    513056  27736.00      0.00 27816748 1082004   1.65  java

# Time        UID       PID  minflt/s  majflt/s     VSZ     RSS   %MEM  Command
07:40:30 AM     0    513056  12447.00      0.00 27816256 1084348   1.66  java

# Time        UID       PID  minflt/s  majflt/s     VSZ     RSS   %MEM  Command
07:40:31 AM     0    513056  20891.00      0.00 27816256 1084348   1.66  java

# Time        UID       PID  minflt/s  majflt/s     VSZ     RSS   %MEM  Command
07:40:32 AM     0    513056  41208.00      0.00 27816256 1084348   1.66  java

# Time        UID       PID  minflt/s  majflt/s     VSZ     RSS   %MEM  Command
07:40:33 AM     0    513056  50699.00      0.00 27816256 1088436   1.66  java

# Time        UID       PID  minflt/s  majflt/s     VSZ     RSS   %MEM  Command
07:40:34 AM     0    513056  33231.00      0.00 27816256 1088520   1.66  java

# Time        UID       PID  minflt/s  majflt/s     VSZ     RSS   %MEM  Command
07:40:35 AM     0    513056  31203.00      0.00 27816256 1088584   1.66  java

# Time        UID       PID  minflt/s  majflt/s     VSZ     RSS   %MEM  Command
07:40:36 AM     0    513056  29531.00      0.00 27816256 1088872   1.66  java

# Time        UID       PID  minflt/s  majflt/s     VSZ     RSS   %MEM  Command
07:40:37 AM     0    513056  28536.00      0.00 27816256 1089884   1.67  java

# Time        UID       PID  minflt/s  majflt/s     VSZ     RSS   %MEM  Command
07:40:38 AM     0    513056  26551.00      0.00 27816256 1090336   1.67  java

# Time        UID       PID  minflt/s  majflt/s     VSZ     RSS   %MEM  Command
07:40:39 AM     0    513056  29236.00      0.00 27816256 1090476   1.67  java

# Time        UID       PID  minflt/s  majflt/s     VSZ     RSS   %MEM  Command
07:40:40 AM     0    513056  62337.00      0.00 27816256 1091236   1.67  java

# Time        UID       PID  minflt/s  majflt/s     VSZ     RSS   %MEM  Command
07:40:41 AM     0    513056  19769.00      0.00 27619648  977048   1.49  java

# Time        UID       PID  minflt/s  majflt/s     VSZ     RSS   %MEM  Command
07:40:42 AM     0    513056   2935.00      0.00 27619648  978092   1.49  java

# Time        UID       PID  minflt/s  majflt/s     VSZ     RSS   %MEM  Command
07:40:43 AM     0    513056  28872.00      0.00 27619648  978760   1.50  java

# Time        UID       PID  minflt/s  majflt/s     VSZ     RSS   %MEM  Command
07:40:44 AM     0    513056  23404.00      0.00 27619648  978760   1.50  java

# Time        UID       PID  minflt/s  majflt/s     VSZ     RSS   %MEM  Command
07:40:45 AM     0    513056  23708.00      0.00 27619648  979104   1.50  java

# Time        UID       PID  minflt/s  majflt/s     VSZ     RSS   %MEM  Command
07:40:46 AM     0    513056  24296.00      0.00 27619648  979748   1.50  java

# Time        UID       PID  minflt/s  majflt/s     VSZ     RSS   %MEM  Command
07:40:47 AM     0    513056  23062.00      0.00 27685184  981660   1.50  java

# Time        UID       PID  minflt/s  majflt/s     VSZ     RSS   %MEM  Command
07:40:48 AM     0    513056  27311.00      0.00 27685184 1005884   1.54  java

# Time        UID       PID  minflt/s  majflt/s     VSZ     RSS   %MEM  Command
07:40:49 AM     0    513056  28737.00      0.00 27750720 1031080   1.58  java

# Time        UID       PID  minflt/s  majflt/s     VSZ     RSS   %MEM  Command
07:40:50 AM     0    513056  25501.00      2.00 27750720 1053348   1.61  java

# Time        UID       PID  minflt/s  majflt/s     VSZ     RSS   %MEM  Command
07:40:51 AM     0    513056  28937.00      2.00 27816256 1075240   1.64  java

# Time        UID       PID  minflt/s  majflt/s     VSZ     RSS   %MEM  Command
07:40:52 AM     0    513056  39812.00      0.00 27816256 1091908   1.67  java

# Time        UID       PID  minflt/s  majflt/s     VSZ     RSS   %MEM  Command
07:40:53 AM     0    513056  22584.00      0.00 27816256 1091908   1.67  java

# Time        UID       PID  minflt/s  majflt/s     VSZ     RSS   %MEM  Command
07:40:54 AM     0    513056  13365.00      0.00 27816256 1091908   1.67  java

# Time        UID       PID  minflt/s  majflt/s     VSZ     RSS   %MEM  Command
07:40:55 AM     0    513056   9594.00      0.00 27816256 1091908   1.67  java

# Time        UID       PID  minflt/s  majflt/s     VSZ     RSS   %MEM  Command
07:40:56 AM     0    513056  35082.00      0.00 27816256 1096000   1.67  java

# Time        UID       PID  minflt/s  majflt/s     VSZ     RSS   %MEM  Command
07:40:57 AM     0    513056  40474.00      0.00 27816256 1096000   1.67  java

# Time        UID       PID  minflt/s  majflt/s     VSZ     RSS   %MEM  Command
07:40:58 AM     0    513056  31204.00      0.00 27816256 1096000   1.67  java

# Time        UID       PID  minflt/s  majflt/s     VSZ     RSS   %MEM  Command
07:40:59 AM     0    513056  33601.00      0.00 27816256 1096032   1.67  java

# Time        UID       PID  minflt/s  majflt/s     VSZ     RSS   %MEM  Command
07:41:00 AM     0    513056  30492.00      0.00 27816256 1096032   1.67  java

# Time        UID       PID  minflt/s  majflt/s     VSZ     RSS   %MEM  Command
07:41:01 AM     0    513056  28379.00      0.00 27816256 1096032   1.67  java

# Time        UID       PID  minflt/s  majflt/s     VSZ     RSS   %MEM  Command
07:41:02 AM     0    513056  30790.00      0.00 27816256 1096032   1.67  java

# Time        UID       PID  minflt/s  majflt/s     VSZ     RSS   %MEM  Command
07:41:03 AM     0    513056   9363.00      0.00 27554112  932228   1.42  java

# Time        UID       PID  minflt/s  majflt/s     VSZ     RSS   %MEM  Command
07:41:04 AM     0    513056  18186.00      0.00 27554112  932540   1.43  java

# Time        UID       PID  minflt/s  majflt/s     VSZ     RSS   %MEM  Command
07:41:05 AM     0    513056  20521.00      0.00 27554112  933580   1.43  java

# Time        UID       PID  minflt/s  majflt/s     VSZ     RSS   %MEM  Command
07:41:06 AM     0    513056  32594.00      0.00 27554112  934228   1.43  java

# Time        UID       PID  minflt/s  majflt/s     VSZ     RSS   %MEM  Command
07:41:07 AM     0    513056  38218.00      0.00 27554112  934228   1.43  java

# Time        UID       PID  minflt/s  majflt/s     VSZ     RSS   %MEM  Command
07:41:08 AM     0    513056  27905.00      0.00 27619648  950252   1.45  java

# Time        UID       PID  minflt/s  majflt/s     VSZ     RSS   %MEM  Command
07:41:09 AM     0    513056  27178.00      0.00 27619648  973488   1.49  java

# Time        UID       PID  minflt/s  majflt/s     VSZ     RSS   %MEM  Command
07:41:10 AM     0    513056  27697.00      0.00 27685184  998468   1.53  java

# Time        UID       PID  minflt/s  majflt/s     VSZ     RSS   %MEM  Command
07:41:11 AM     0    513056  26466.00      2.00 27685184 1021492   1.56  java

# Time        UID       PID  minflt/s  majflt/s     VSZ     RSS   %MEM  Command
07:41:12 AM     0    513056   8371.00      0.00 27750720 1045860   1.60  java

# Time        UID       PID  minflt/s  majflt/s     VSZ     RSS   %MEM  Command
07:41:13 AM     0    513056   7357.00      0.00 27750720 1068160   1.63  java

# Time        UID       PID  minflt/s  majflt/s     VSZ     RSS   %MEM  Command
07:41:14 AM     0    513056   8882.00      2.00 27816256 1089120   1.66  java

# Time        UID       PID  minflt/s  majflt/s     VSZ     RSS   %MEM  Command
07:41:15 AM     0    513056   1676.00      0.00 27816256 1095888   1.67  java

# Time        UID       PID  minflt/s  majflt/s     VSZ     RSS   %MEM  Command
07:41:16 AM     0    513056    261.00      0.00 27816256 1096384   1.68  java

# Time        UID       PID  minflt/s  majflt/s     VSZ     RSS   %MEM  Command
07:41:17 AM     0    513056   1035.00      0.00 27816256 1096472   1.68  java

# Time        UID       PID  minflt/s  majflt/s     VSZ     RSS   %MEM  Command
07:41:18 AM     0    513056    861.00      0.00 27816256 1099420   1.68  java

# Time        UID       PID  minflt/s  majflt/s     VSZ     RSS   %MEM  Command
07:41:19 AM     0    513056    521.00      0.00 27816256 1101388   1.68  java

# Time        UID       PID  minflt/s  majflt/s     VSZ     RSS   %MEM  Command
07:41:20 AM     0    513056    292.00      0.00 27816256 1101988   1.68  java

# Time        UID       PID  minflt/s  majflt/s     VSZ     RSS   %MEM  Command
07:41:21 AM     0    513056  17872.00      0.00 27816256 1102048   1.68  java

# Time        UID       PID  minflt/s  majflt/s     VSZ     RSS   %MEM  Command
07:41:22 AM     0    513056  11297.00      0.00 27816256 1102816   1.69  java

# Time        UID       PID  minflt/s  majflt/s     VSZ     RSS   %MEM  Command
07:41:23 AM     0    513056  22103.00      0.00 27816256 1103056   1.69  java

# Time        UID       PID  minflt/s  majflt/s     VSZ     RSS   %MEM  Command
07:41:24 AM     0    513056  20799.00      0.00 27816256 1103056   1.69  java

# Time        UID       PID  minflt/s  majflt/s     VSZ     RSS   %MEM  Command
07:41:25 AM     0    513056  86394.00      0.00 27816256 1103552   1.69  java

# Time        UID       PID  minflt/s  majflt/s     VSZ     RSS   %MEM  Command
07:41:26 AM     0    513056  28863.00      0.00 27619648  989348   1.51  java

# Time        UID       PID  minflt/s  majflt/s     VSZ     RSS   %MEM  Command
07:41:27 AM     0    513056  19786.00      0.00 27619648  989348   1.51  java

# Time        UID       PID  minflt/s  majflt/s     VSZ     RSS   %MEM  Command
07:41:28 AM     0    513056  19717.00      0.00 27619648  989348   1.51  java

# Time        UID       PID  minflt/s  majflt/s     VSZ     RSS   %MEM  Command
07:41:29 AM     0    513056  21052.00      0.00 27619648  989348   1.51  java

# Time        UID       PID  minflt/s  majflt/s     VSZ     RSS   %MEM  Command
07:41:30 AM     0    513056  23717.00      4.00 27619648  991336   1.51  java

# Time        UID       PID  minflt/s  majflt/s     VSZ     RSS   %MEM  Command
07:41:31 AM     0    513056   3545.00      0.00 27619648  991336   1.51  java

# Time        UID       PID  minflt/s  majflt/s     VSZ     RSS   %MEM  Command
07:41:32 AM     0    513056    479.00      0.00 27619648  991336   1.51  java

# Time        UID       PID  minflt/s  majflt/s     VSZ     RSS   %MEM  Command
07:41:33 AM     0    513056   5811.00      0.00 27685184 1013316   1.55  java

# Time        UID       PID  minflt/s  majflt/s     VSZ     RSS   %MEM  Command
07:41:34 AM     0    513056  41115.00      0.00 27685184 1036700   1.58  java

# Time        UID       PID  minflt/s  majflt/s     VSZ     RSS   %MEM  Command
07:41:35 AM     0    513056  52730.00      0.00 27750720 1062264   1.62  java

# Time        UID       PID  minflt/s  majflt/s     VSZ     RSS   %MEM  Command
07:41:36 AM     0    513056  43158.00      1.00 27816256 1087744   1.66  java

# Time        UID       PID  minflt/s  majflt/s     VSZ     RSS   %MEM  Command
07:41:37 AM     0    513056  57428.00      3.00 27816256 1110224   1.70  java

# Time        UID       PID  minflt/s  majflt/s     VSZ     RSS   %MEM  Command
07:41:38 AM     0    513056  23497.00      0.00 27816256 1119860   1.71  java

# Time        UID       PID  minflt/s  majflt/s     VSZ     RSS   %MEM  Command
07:41:39 AM     0    513056  23041.00      0.00 27816256 1119860   1.71  java

# Time        UID       PID  minflt/s  majflt/s     VSZ     RSS   %MEM  Command
07:41:40 AM     0    513056  24673.00      0.00 27816256 1120712   1.71  java

# Time        UID       PID  minflt/s  majflt/s     VSZ     RSS   %MEM  Command
07:41:41 AM     0    513056  24358.00      0.00 27816256 1121116   1.71  java

# Time        UID       PID  minflt/s  majflt/s     VSZ     RSS   %MEM  Command

# Time        UID       PID  minflt/s  majflt/s     VSZ     RSS   %MEM  Command
