randread: (g=0): rw=randread, bs=(R) 4096B-4096B, (W) 4096B-4096B, (T) 4096B-4096B, ioengine=psync, iodepth=1
...
fio-3.16
Starting 2 processes

randread: (groupid=0, jobs=2): err= 0: pid=185475: Thu Oct 30 14:37:58 2025
  read: IOPS=499k, BW=1951MiB/s (2046MB/s)(57.2GiB/30001msec)
    clat (nsec): min=357, max=28008k, avg=3607.55, stdev=104851.77
     lat (nsec): min=384, max=28008k, avg=3647.32, stdev=105673.27
    clat percentiles (nsec):
     |  1.00th=[   780],  5.00th=[   828], 10.00th=[   852], 20.00th=[   868],
     | 30.00th=[   884], 40.00th=[   908], 50.00th=[   932], 60.00th=[   964],
     | 70.00th=[  1012], 80.00th=[  1128], 90.00th=[  1256], 95.00th=[  1576],
     | 99.00th=[ 63744], 99.50th=[ 67072], 99.90th=[ 97792], 99.95th=[119296],
     | 99.99th=[724992]
   bw (  MiB/s): min=  125, max= 3412, per=98.82%, avg=1927.70, stdev=722.74, samples=118
   iops        : min=32064, max=873696, avg=493492.15, stdev=185022.03, samples=118
  lat (nsec)   : 500=0.04%, 750=0.27%, 1000=67.70%
  lat (usec)   : 2=27.94%, 4=0.36%, 10=0.19%, 20=0.36%, 50=0.84%
  lat (usec)   : 100=2.22%, 250=0.06%, 500=0.01%, 750=0.01%, 1000=0.01%
  lat (msec)   : 2=0.01%, 4=0.01%, 10=0.01%, 20=0.01%, 50=0.01%
  cpu          : usr=8.82%, sys=28.89%, ctx=535168, majf=0, minf=25
  IO depths    : 1=100.0%, 2=0.0%, 4=0.0%, 8=0.0%, 16=0.0%, 32=0.0%, >=64=0.0%
     submit    : 0=0.0%, 4=100.0%, 8=0.0%, 16=0.0%, 32=0.0%, 64=0.0%, >=64=0.0%
     complete  : 0=0.0%, 4=100.0%, 8=0.0%, 16=0.0%, 32=0.0%, 64=0.0%, >=64=0.0%
     issued rwts: total=14982389,0,0,0 short=0,0,0,0 dropped=0,0,0,0
     latency   : target=0, window=0, percentile=100.00%, depth=1

Run status group 0 (all jobs):
   READ: bw=1951MiB/s (2046MB/s), 1951MiB/s-1951MiB/s (2046MB/s-2046MB/s), io=57.2GiB (61.4GB), run=30001-30001msec
