randread: (g=0): rw=randread, bs=(R) 128KiB-128KiB, (W) 128KiB-128KiB, (T) 128KiB-128KiB, ioengine=psync, iodepth=1
fio-3.16
Starting 1 process

randread: (groupid=0, jobs=1): err= 0: pid=45676: Thu Oct 30 01:58:57 2025
  read: IOPS=5720, BW=715MiB/s (750MB/s)(512MiB/716msec)
    clat (usec): min=9, max=8286, avg=174.25, stdev=173.96
     lat (usec): min=9, max=8286, avg=174.30, stdev=173.97
    clat percentiles (usec):
     |  1.00th=[   14],  5.00th=[   15], 10.00th=[   17], 20.00th=[   21],
     | 30.00th=[   29], 40.00th=[  221], 50.00th=[  229], 60.00th=[  241],
     | 70.00th=[  277], 80.00th=[  285], 90.00th=[  297], 95.00th=[  302],
     | 99.00th=[  310], 99.50th=[  310], 99.90th=[  314], 99.95th=[  322],
     | 99.99th=[ 8291]
   bw (  KiB/s): min=639488, max=639488, per=87.33%, avg=639488.00, stdev= 0.00, samples=1
   iops        : min= 4996, max= 4996, avg=4996.00, stdev= 0.00, samples=1
  lat (usec)   : 10=0.02%, 20=17.36%, 50=20.02%, 250=30.10%, 500=32.47%
  lat (msec)   : 10=0.02%
  cpu          : usr=0.56%, sys=27.69%, ctx=2631, majf=0, minf=40
  IO depths    : 1=100.0%, 2=0.0%, 4=0.0%, 8=0.0%, 16=0.0%, 32=0.0%, >=64=0.0%
     submit    : 0=0.0%, 4=100.0%, 8=0.0%, 16=0.0%, 32=0.0%, 64=0.0%, >=64=0.0%
     complete  : 0=0.0%, 4=100.0%, 8=0.0%, 16=0.0%, 32=0.0%, 64=0.0%, >=64=0.0%
     issued rwts: total=4096,0,0,0 short=0,0,0,0 dropped=0,0,0,0
     latency   : target=0, window=0, percentile=100.00%, depth=1

Run status group 0 (all jobs):
   READ: bw=715MiB/s (750MB/s), 715MiB/s-715MiB/s (750MB/s-750MB/s), io=512MiB (537MB), run=716-716msec
