randread: (g=0): rw=randread, bs=(R) 4096B-4096B, (W) 4096B-4096B, (T) 4096B-4096B, ioengine=psync, iodepth=1
...
fio-3.16
Starting 8 processes

randread: (groupid=0, jobs=8): err= 0: pid=185968: Thu Oct 30 14:39:01 2025
  read: IOPS=261k, BW=1019MiB/s (1069MB/s)(29.9GiB/30002msec)
    clat (nsec): min=333, max=8096.9k, avg=30351.43, stdev=67925.85
     lat (nsec): min=360, max=8097.7k, avg=30390.70, stdev=67928.97
    clat percentiles (nsec):
     |  1.00th=[    924],  5.00th=[    988], 10.00th=[   1032],
     | 20.00th=[   1080], 30.00th=[   1160], 40.00th=[   1256],
     | 50.00th=[   1384], 60.00th=[   1576], 70.00th=[   2448],
     | 80.00th=[  69120], 90.00th=[ 100864], 95.00th=[ 134144],
     | 99.00th=[ 272384], 99.50th=[ 374784], 99.90th=[ 716800],
     | 99.95th=[ 897024], 99.99th=[1368064]
   bw (  KiB/s): min=393854, max=2457864, per=99.42%, avg=1037508.96, stdev=73960.81, samples=478
   iops        : min=98463, max=614466, avg=259376.93, stdev=18490.21, samples=478
  lat (nsec)   : 500=0.01%, 750=0.01%, 1000=6.13%
  lat (usec)   : 2=62.37%, 4=3.53%, 10=1.76%, 20=0.18%, 50=0.77%
  lat (usec)   : 100=15.16%, 250=8.89%, 500=0.95%, 750=0.17%, 1000=0.05%
  lat (msec)   : 2=0.03%, 4=0.01%, 10=0.01%
  cpu          : usr=1.76%, sys=10.34%, ctx=2082426, majf=0, minf=85
  IO depths    : 1=100.0%, 2=0.0%, 4=0.0%, 8=0.0%, 16=0.0%, 32=0.0%, >=64=0.0%
     submit    : 0=0.0%, 4=100.0%, 8=0.0%, 16=0.0%, 32=0.0%, 64=0.0%, >=64=0.0%
     complete  : 0=0.0%, 4=100.0%, 8=0.0%, 16=0.0%, 32=0.0%, 64=0.0%, >=64=0.0%
     issued rwts: total=7827312,0,0,0 short=0,0,0,0 dropped=0,0,0,0
     latency   : target=0, window=0, percentile=100.00%, depth=1

Run status group 0 (all jobs):
   READ: bw=1019MiB/s (1069MB/s), 1019MiB/s-1019MiB/s (1069MB/s-1069MB/s), io=29.9GiB (32.1GB), run=30002-30002msec
