randread: (g=0): rw=randread, bs=(R) 4096B-4096B, (W) 4096B-4096B, (T) 4096B-4096B, ioengine=psync, iodepth=1
fio-3.16
Starting 1 process

randread: (groupid=0, jobs=1): err= 0: pid=185195: Thu Oct 30 14:37:27 2025
  read: IOPS=515k, BW=2011MiB/s (2109MB/s)(58.9GiB/30001msec)
    clat (nsec): min=353, max=8095.4k, avg=1709.93, stdev=7532.21
     lat (nsec): min=379, max=8095.7k, avg=1737.81, stdev=7534.26
    clat percentiles (nsec):
     |  1.00th=[  732],  5.00th=[  788], 10.00th=[  804], 20.00th=[  844],
     | 30.00th=[  860], 40.00th=[  876], 50.00th=[  892], 60.00th=[  908],
     | 70.00th=[  948], 80.00th=[ 1020], 90.00th=[ 1160], 95.00th=[ 1256],
     | 99.00th=[56064], 99.50th=[61696], 99.90th=[69120], 99.95th=[87552],
     | 99.99th=[97792]
   bw (  MiB/s): min=   59, max= 3418, per=98.84%, avg=1988.03, stdev=1571.97, samples=59
   iops        : min=15208, max=875078, avg=508936.00, stdev=402424.58, samples=59
  lat (nsec)   : 500=0.05%, 750=1.58%, 1000=76.65%
  lat (usec)   : 2=19.89%, 4=0.06%, 10=0.07%, 20=0.43%, 50=0.23%
  lat (usec)   : 100=1.04%, 250=0.01%, 500=0.01%, 1000=0.01%
  lat (msec)   : 2=0.01%, 4=0.01%, 10=0.01%
  cpu          : usr=16.46%, sys=50.69%, ctx=266309, majf=0, minf=9
  IO depths    : 1=100.0%, 2=0.0%, 4=0.0%, 8=0.0%, 16=0.0%, 32=0.0%, >=64=0.0%
     submit    : 0=0.0%, 4=100.0%, 8=0.0%, 16=0.0%, 32=0.0%, 64=0.0%, >=64=0.0%
     complete  : 0=0.0%, 4=100.0%, 8=0.0%, 16=0.0%, 32=0.0%, 64=0.0%, >=64=0.0%
     issued rwts: total=15448552,0,0,0 short=0,0,0,0 dropped=0,0,0,0
     latency   : target=0, window=0, percentile=100.00%, depth=1

Run status group 0 (all jobs):
   READ: bw=2011MiB/s (2109MB/s), 2011MiB/s-2011MiB/s (2109MB/s-2109MB/s), io=58.9GiB (63.3GB), run=30001-30001msec
