randwrite: (g=0): rw=randwrite, bs=(R) 128KiB-128KiB, (W) 128KiB-128KiB, (T) 128KiB-128KiB, ioengine=psync, iodepth=1
fio-3.16
Starting 1 process

randwrite: (groupid=0, jobs=1): err= 0: pid=46847: Thu Oct 30 02:00:15 2025
  write: IOPS=7892, BW=987MiB/s (1034MB/s)(512MiB/519msec); 0 zone resets
    clat (usec): min=44, max=187, avg=94.66, stdev=19.04
     lat (usec): min=44, max=188, avg=95.48, stdev=19.04
    clat percentiles (usec):
     |  1.00th=[   59],  5.00th=[   71], 10.00th=[   71], 20.00th=[   72],
     | 30.00th=[   73], 40.00th=[  106], 50.00th=[  108], 60.00th=[  109],
     | 70.00th=[  110], 80.00th=[  110], 90.00th=[  112], 95.00th=[  114],
     | 99.00th=[  119], 99.50th=[  121], 99.90th=[  135], 99.95th=[  145],
     | 99.99th=[  188]
  lat (usec)   : 50=0.32%, 100=37.08%, 250=62.60%
  cpu          : usr=1.35%, sys=29.34%, ctx=4101, majf=0, minf=8
  IO depths    : 1=100.0%, 2=0.0%, 4=0.0%, 8=0.0%, 16=0.0%, 32=0.0%, >=64=0.0%
     submit    : 0=0.0%, 4=100.0%, 8=0.0%, 16=0.0%, 32=0.0%, 64=0.0%, >=64=0.0%
     complete  : 0=0.0%, 4=100.0%, 8=0.0%, 16=0.0%, 32=0.0%, 64=0.0%, >=64=0.0%
     issued rwts: total=0,4096,0,1 short=0,0,0,0 dropped=0,0,0,0
     latency   : target=0, window=0, percentile=100.00%, depth=1

Run status group 0 (all jobs):
  WRITE: bw=987MiB/s (1034MB/s), 987MiB/s-987MiB/s (1034MB/s-1034MB/s), io=512MiB (537MB), run=519-519msec
