read: (g=0): rw=read, bs=(R) 4096B-4096B, (W) 4096B-4096B, (T) 4096B-4096B, ioengine=psync, iodepth=1
...
fio-3.16
Starting 2 processes
read: Laying out IO file (1 file / 1024MiB)

read: (groupid=0, jobs=2): err= 0: pid=183057: Thu Oct 30 14:33:05 2025
  read: IOPS=1064k, BW=4157MiB/s (4359MB/s)(122GiB/30001msec)
    clat (nsec): min=428, max=28010k, avg=1463.73, stdev=106645.11
     lat (nsec): min=456, max=28010k, avg=1518.96, stdev=108723.06
    clat percentiles (nsec):
     |  1.00th=[   572],  5.00th=[   620], 10.00th=[   620], 20.00th=[   628],
     | 30.00th=[   636], 40.00th=[   652], 50.00th=[   660], 60.00th=[   668],
     | 70.00th=[   716], 80.00th=[   740], 90.00th=[   860], 95.00th=[   948],
     | 99.00th=[  1128], 99.50th=[  1288], 99.90th=[  2480], 99.95th=[  3120],
     | 99.99th=[254976]
   bw (  MiB/s): min= 1593, max= 4443, per=99.94%, avg=4154.11, stdev=278.39, samples=118
   iops        : min=407908, max=1137486, avg=1063451.47, stdev=71266.93, samples=118
  lat (nsec)   : 500=0.03%, 750=81.90%, 1000=14.72%
  lat (usec)   : 2=3.18%, 4=0.12%, 10=0.01%, 20=0.01%, 50=0.01%
  lat (usec)   : 100=0.02%, 250=0.01%, 500=0.01%, 750=0.01%, 1000=0.01%
  lat (msec)   : 2=0.01%, 4=0.01%, 10=0.01%, 20=0.01%, 50=0.01%
  cpu          : usr=15.29%, sys=34.62%, ctx=7223, majf=0, minf=25
  IO depths    : 1=100.0%, 2=0.0%, 4=0.0%, 8=0.0%, 16=0.0%, 32=0.0%, >=64=0.0%
     submit    : 0=0.0%, 4=100.0%, 8=0.0%, 16=0.0%, 32=0.0%, 64=0.0%, >=64=0.0%
     complete  : 0=0.0%, 4=100.0%, 8=0.0%, 16=0.0%, 32=0.0%, 64=0.0%, >=64=0.0%
     issued rwts: total=31925224,0,0,0 short=0,0,0,0 dropped=0,0,0,0
     latency   : target=0, window=0, percentile=100.00%, depth=1

Run status group 0 (all jobs):
   READ: bw=4157MiB/s (4359MB/s), 4157MiB/s-4157MiB/s (4359MB/s-4359MB/s), io=122GiB (131GB), run=30001-30001msec
