read: (g=0): rw=read, bs=(R) 128KiB-128KiB, (W) 128KiB-128KiB, (T) 128KiB-128KiB, ioengine=psync, iodepth=1
...
fio-3.16
Starting 32 processes
read: Laying out IO file (1 file / 512MiB)
read: Laying out IO file (1 file / 512MiB)
read: Laying out IO file (1 file / 512MiB)
read: Laying out IO file (1 file / 512MiB)
read: Laying out IO file (1 file / 512MiB)
read: Laying out IO file (1 file / 512MiB)
read: Laying out IO file (1 file / 512MiB)
read: Laying out IO file (1 file / 512MiB)
read: Laying out IO file (1 file / 512MiB)
read: Laying out IO file (1 file / 512MiB)
read: Laying out IO file (1 file / 512MiB)
read: Laying out IO file (1 file / 512MiB)
read: Laying out IO file (1 file / 512MiB)
read: Laying out IO file (1 file / 512MiB)
read: Laying out IO file (1 file / 512MiB)
read: Laying out IO file (1 file / 512MiB)

read: (groupid=0, jobs=32): err= 0: pid=45545: Thu Oct 30 01:58:53 2025
  read: IOPS=15.8k, BW=1969MiB/s (2064MB/s)(16.0GiB/8322msec)
    clat (usec): min=10, max=65531, avg=1962.68, stdev=4676.12
     lat (usec): min=10, max=65531, avg=1962.74, stdev=4676.11
    clat percentiles (usec):
     |  1.00th=[   12],  5.00th=[   14], 10.00th=[   16], 20.00th=[   21],
     | 30.00th=[   29], 40.00th=[   33], 50.00th=[   82], 60.00th=[   91],
     | 70.00th=[   97], 80.00th=[  212], 90.00th=[ 8356], 95.00th=[ 9765],
     | 99.00th=[22414], 99.50th=[28705], 99.90th=[40633], 99.95th=[42206],
     | 99.99th=[47973]
   bw (  MiB/s): min= 1883, max= 2557, per=100.00%, avg=2006.16, stdev= 5.79, samples=496
   iops        : min=15070, max=20458, avg=16048.35, stdev=46.29, samples=496
  lat (usec)   : 20=19.65%, 50=29.90%, 100=24.68%, 250=6.09%, 500=0.40%
  lat (usec)   : 750=0.01%, 1000=0.01%
  lat (msec)   : 2=0.06%, 4=0.45%, 10=14.29%, 20=3.16%, 50=1.31%
  lat (msec)   : 100=0.01%
  cpu          : usr=0.05%, sys=3.09%, ctx=28373, majf=0, minf=1323
  IO depths    : 1=100.0%, 2=0.0%, 4=0.0%, 8=0.0%, 16=0.0%, 32=0.0%, >=64=0.0%
     submit    : 0=0.0%, 4=100.0%, 8=0.0%, 16=0.0%, 32=0.0%, 64=0.0%, >=64=0.0%
     complete  : 0=0.0%, 4=100.0%, 8=0.0%, 16=0.0%, 32=0.0%, 64=0.0%, >=64=0.0%
     issued rwts: total=131072,0,0,0 short=0,0,0,0 dropped=0,0,0,0
     latency   : target=0, window=0, percentile=100.00%, depth=1

Run status group 0 (all jobs):
   READ: bw=1969MiB/s (2064MB/s), 1969MiB/s-1969MiB/s (2064MB/s-2064MB/s), io=16.0GiB (17.2GB), run=8322-8322msec
