read: (g=0): rw=read, bs=(R) 128KiB-128KiB, (W) 128KiB-128KiB, (T) 128KiB-128KiB, ioengine=psync, iodepth=1
...
fio-3.16
Starting 2 processes
read: Laying out IO file (1 file / 512MiB)

read: (groupid=0, jobs=2): err= 0: pid=44803: Thu Oct 30 01:58:08 2025
  read: IOPS=15.5k, BW=1939MiB/s (2034MB/s)(1024MiB/528msec)
    clat (usec): min=9, max=8830, avg=126.71, stdev=188.63
     lat (usec): min=9, max=8830, avg=126.75, stdev=188.62
    clat percentiles (usec):
     |  1.00th=[   12],  5.00th=[   13], 10.00th=[   14], 20.00th=[   16],
     | 30.00th=[   32], 40.00th=[   34], 50.00th=[   84], 60.00th=[  102],
     | 70.00th=[  130], 80.00th=[  198], 90.00th=[  310], 95.00th=[  408],
     | 99.00th=[  824], 99.50th=[  971], 99.90th=[ 1287], 99.95th=[ 1352],
     | 99.99th=[ 8848]
   bw (  MiB/s): min= 1955, max= 1955, per=100.00%, avg=1955.58, stdev= 0.00, samples=2
   iops        : min=15644, max=15644, avg=15644.00, stdev= 0.00, samples=2
  lat (usec)   : 10=0.28%, 20=23.05%, 50=24.44%, 100=10.61%, 250=26.45%
  lat (usec)   : 500=12.00%, 750=1.87%, 1000=0.88%
  lat (msec)   : 2=0.42%, 10=0.01%
  cpu          : usr=0.67%, sys=47.84%, ctx=3008, majf=0, minf=83
  IO depths    : 1=100.0%, 2=0.0%, 4=0.0%, 8=0.0%, 16=0.0%, 32=0.0%, >=64=0.0%
     submit    : 0=0.0%, 4=100.0%, 8=0.0%, 16=0.0%, 32=0.0%, 64=0.0%, >=64=0.0%
     complete  : 0=0.0%, 4=100.0%, 8=0.0%, 16=0.0%, 32=0.0%, 64=0.0%, >=64=0.0%
     issued rwts: total=8192,0,0,0 short=0,0,0,0 dropped=0,0,0,0
     latency   : target=0, window=0, percentile=100.00%, depth=1

Run status group 0 (all jobs):
   READ: bw=1939MiB/s (2034MB/s), 1939MiB/s-1939MiB/s (2034MB/s-2034MB/s), io=1024MiB (1074MB), run=528-528msec
