read: (g=0): rw=read, bs=(R) 4096B-4096B, (W) 4096B-4096B, (T) 4096B-4096B, ioengine=psync, iodepth=1
...
fio-3.16
Starting 4 processes
read: Laying out IO file (1 file / 1024MiB)
read: Laying out IO file (1 file / 1024MiB)

read: (groupid=0, jobs=4): err= 0: pid=183324: Thu Oct 30 14:33:42 2025
  read: IOPS=1033k, BW=4036MiB/s (4232MB/s)(118GiB/30002msec)
    clat (nsec): min=438, max=36343k, avg=3081.27, stdev=226026.60
     lat (nsec): min=465, max=36343k, avg=3173.49, stdev=229450.60
    clat percentiles (nsec):
     |  1.00th=[    564],  5.00th=[    620], 10.00th=[    620],
     | 20.00th=[    628], 30.00th=[    636], 40.00th=[    652],
     | 50.00th=[    660], 60.00th=[    668], 70.00th=[    716],
     | 80.00th=[    748], 90.00th=[    884], 95.00th=[    988],
     | 99.00th=[   1224], 99.50th=[   1416], 99.90th=[   2704],
     | 99.95th=[  73216], 99.99th=[4358144]
   bw (  MiB/s): min= 1606, max= 4496, per=99.96%, avg=4034.29, stdev=188.24, samples=238
   iops        : min=411166, max=1151168, avg=1032778.67, stdev=48189.43, samples=238
  lat (nsec)   : 500=0.05%, 750=80.78%, 1000=14.86%
  lat (usec)   : 2=4.00%, 4=0.25%, 10=0.01%, 20=0.01%, 50=0.01%
  lat (usec)   : 100=0.04%, 250=0.01%, 500=0.01%, 750=0.01%, 1000=0.01%
  lat (msec)   : 2=0.01%, 4=0.01%, 10=0.01%, 20=0.01%, 50=0.01%
  cpu          : usr=7.72%, sys=17.22%, ctx=8968, majf=0, minf=48
  IO depths    : 1=100.0%, 2=0.0%, 4=0.0%, 8=0.0%, 16=0.0%, 32=0.0%, >=64=0.0%
     submit    : 0=0.0%, 4=100.0%, 8=0.0%, 16=0.0%, 32=0.0%, 64=0.0%, >=64=0.0%
     complete  : 0=0.0%, 4=100.0%, 8=0.0%, 16=0.0%, 32=0.0%, 64=0.0%, >=64=0.0%
     issued rwts: total=30998409,0,0,0 short=0,0,0,0 dropped=0,0,0,0
     latency   : target=0, window=0, percentile=100.00%, depth=1

Run status group 0 (all jobs):
   READ: bw=4036MiB/s (4232MB/s), 4036MiB/s-4036MiB/s (4232MB/s-4232MB/s), io=118GiB (127GB), run=30002-30002msec
