write: (g=0): rw=write, bs=(R) 4096B-4096B, (W) 4096B-4096B, (T) 4096B-4096B, ioengine=psync, iodepth=1
...
fio-3.16
Starting 16 processes

write: (groupid=0, jobs=16): err= 0: pid=189340: Thu Oct 30 14:42:51 2025
  write: IOPS=31.3k, BW=122MiB/s (128MB/s)(3785MiB/30946msec); 0 zone resets
    clat (usec): min=8, max=622747, avg=498.18, stdev=1547.10
     lat (usec): min=8, max=622747, avg=498.24, stdev=1547.10
    clat percentiles (usec):
     |  1.00th=[   51],  5.00th=[  106], 10.00th=[  120], 20.00th=[  147],
     | 30.00th=[  190], 40.00th=[  247], 50.00th=[  457], 60.00th=[  725],
     | 70.00th=[  799], 80.00th=[  840], 90.00th=[  889], 95.00th=[  914],
     | 99.00th=[  971], 99.50th=[  988], 99.90th=[ 1037], 99.95th=[ 1106],
     | 99.99th=[ 8848]
   bw (  KiB/s): min=116931, max=173128, per=100.00%, avg=128290.99, stdev=458.83, samples=954
   iops        : min=29232, max=43282, avg=32072.72, stdev=114.71, samples=954
  lat (usec)   : 10=0.01%, 20=0.18%, 50=0.81%, 100=2.67%, 250=36.64%
  lat (usec)   : 500=10.87%, 750=11.53%, 1000=37.01%
  lat (msec)   : 2=0.27%, 4=0.01%, 10=0.01%, 20=0.01%, 50=0.01%
  lat (msec)   : 100=0.01%, 750=0.01%
  cpu          : usr=0.11%, sys=5.36%, ctx=43022989, majf=0, minf=158
  IO depths    : 1=100.0%, 2=0.0%, 4=0.0%, 8=0.0%, 16=0.0%, 32=0.0%, >=64=0.0%
     submit    : 0=0.0%, 4=100.0%, 8=0.0%, 16=0.0%, 32=0.0%, 64=0.0%, >=64=0.0%
     complete  : 0=0.0%, 4=100.0%, 8=0.0%, 16=0.0%, 32=0.0%, 64=0.0%, >=64=0.0%
     issued rwts: total=0,968847,0,16 short=0,0,0,0 dropped=0,0,0,0
     latency   : target=0, window=0, percentile=100.00%, depth=1

Run status group 0 (all jobs):
  WRITE: bw=122MiB/s (128MB/s), 122MiB/s-122MiB/s (128MB/s-128MB/s), io=3785MiB (3968MB), run=30946-30946msec
