write: (g=0): rw=write, bs=(R) 128KiB-128KiB, (W) 128KiB-128KiB, (T) 128KiB-128KiB, ioengine=psync, iodepth=1
...
fio-3.16
Starting 8 processes

write: (groupid=0, jobs=8): err= 0: pid=46385: Thu Oct 30 01:59:41 2025
  write: IOPS=2703, BW=338MiB/s (354MB/s)(4096MiB/12120msec); 0 zone resets
    clat (usec): min=86, max=54504, avg=2599.14, stdev=1472.11
     lat (usec): min=87, max=54505, avg=2601.32, stdev=1472.15
    clat percentiles (usec):
     |  1.00th=[  113],  5.00th=[  668], 10.00th=[  824], 20.00th=[ 1090],
     | 30.00th=[ 1516], 40.00th=[ 2040], 50.00th=[ 2573], 60.00th=[ 3130],
     | 70.00th=[ 3621], 80.00th=[ 4178], 90.00th=[ 4424], 95.00th=[ 4555],
     | 99.00th=[ 4752], 99.50th=[ 4817], 99.90th=[ 7111], 99.95th=[10814],
     | 99.99th=[36963]
   bw (  KiB/s): min=371456, max=499712, per=100.00%, avg=391216.67, stdev=4022.99, samples=168
   iops        : min= 2902, max= 3904, avg=3056.29, stdev=31.43, samples=168
  lat (usec)   : 100=0.01%, 250=1.24%, 500=2.41%, 750=3.50%, 1000=9.80%
  lat (msec)   : 2=22.11%, 4=37.32%, 10=23.55%, 20=0.04%, 50=0.01%
  lat (msec)   : 100=0.01%
  cpu          : usr=0.10%, sys=8.71%, ctx=13943140, majf=0, minf=84
  IO depths    : 1=100.0%, 2=0.0%, 4=0.0%, 8=0.0%, 16=0.0%, 32=0.0%, >=64=0.0%
     submit    : 0=0.0%, 4=100.0%, 8=0.0%, 16=0.0%, 32=0.0%, 64=0.0%, >=64=0.0%
     complete  : 0=0.0%, 4=100.0%, 8=0.0%, 16=0.0%, 32=0.0%, 64=0.0%, >=64=0.0%
     issued rwts: total=0,32768,0,8 short=0,0,0,0 dropped=0,0,0,0
     latency   : target=0, window=0, percentile=100.00%, depth=1

Run status group 0 (all jobs):
  WRITE: bw=338MiB/s (354MB/s), 338MiB/s-338MiB/s (354MB/s-354MB/s), io=4096MiB (4295MB), run=12120-12120msec
