write: (g=0): rw=write, bs=(R) 128KiB-128KiB, (W) 128KiB-128KiB, (T) 128KiB-128KiB, ioengine=psync, iodepth=1
...
fio-3.16
Starting 4 processes

write: (groupid=0, jobs=4): err= 0: pid=46336: Thu Oct 30 01:59:28 2025
  write: IOPS=4164, BW=521MiB/s (546MB/s)(2048MiB/3934msec); 0 zone resets
    clat (usec): min=104, max=13995, avg=788.37, stdev=363.56
     lat (usec): min=104, max=13996, avg=790.47, stdev=363.56
    clat percentiles (usec):
     |  1.00th=[  151],  5.00th=[  359], 10.00th=[  408], 20.00th=[  465],
     | 30.00th=[  553], 40.00th=[  635], 50.00th=[  775], 60.00th=[  922],
     | 70.00th=[ 1037], 80.00th=[ 1106], 90.00th=[ 1188], 95.00th=[ 1221],
     | 99.00th=[ 1303], 99.50th=[ 1319], 99.90th=[ 1860], 99.95th=[ 2900],
     | 99.99th=[13829]
   bw (  KiB/s): min=628224, max=686848, per=100.00%, avg=639701.33, stdev=7152.18, samples=24
   iops        : min= 4908, max= 5366, avg=4997.67, stdev=55.88, samples=24
  lat (usec)   : 250=2.69%, 500=20.62%, 750=25.16%, 1000=18.02%
  lat (msec)   : 2=33.44%, 4=0.06%, 10=0.01%, 20=0.02%
  cpu          : usr=0.47%, sys=13.32%, ctx=2989561, majf=0, minf=41
  IO depths    : 1=100.0%, 2=0.0%, 4=0.0%, 8=0.0%, 16=0.0%, 32=0.0%, >=64=0.0%
     submit    : 0=0.0%, 4=100.0%, 8=0.0%, 16=0.0%, 32=0.0%, 64=0.0%, >=64=0.0%
     complete  : 0=0.0%, 4=100.0%, 8=0.0%, 16=0.0%, 32=0.0%, 64=0.0%, >=64=0.0%
     issued rwts: total=0,16384,0,4 short=0,0,0,0 dropped=0,0,0,0
     latency   : target=0, window=0, percentile=100.00%, depth=1

Run status group 0 (all jobs):
  WRITE: bw=521MiB/s (546MB/s), 521MiB/s-521MiB/s (546MB/s-546MB/s), io=2048MiB (2147MB), run=3934-3934msec
