write: (g=0): rw=write, bs=(R) 4096B-4096B, (W) 4096B-4096B, (T) 4096B-4096B, ioengine=psync, iodepth=1
...
fio-3.16
Starting 4 processes

write: (groupid=0, jobs=4): err= 0: pid=13648: Thu Oct 30 01:14:13 2025
  write: IOPS=78.9k, BW=308MiB/s (323MB/s)(512MiB/1661msec); 0 zone resets
    clat (usec): min=7, max=104076, avg=45.96, stdev=398.94
     lat (usec): min=7, max=104076, avg=46.04, stdev=398.94
    clat percentiles (usec):
     |  1.00th=[   19],  5.00th=[   24], 10.00th=[   26], 20.00th=[   32],
     | 30.00th=[   38], 40.00th=[   41], 50.00th=[   44], 60.00th=[   48],
     | 70.00th=[   52], 80.00th=[   57], 90.00th=[   63], 95.00th=[   67],
     | 99.00th=[   74], 99.50th=[   77], 99.90th=[   85], 99.95th=[   89],
     | 99.99th=[  293]
   bw (  KiB/s): min=342520, max=362120, per=100.00%, avg=353772.00, stdev=2788.74, samples=10
   iops        : min=85630, max=90530, avg=88443.00, stdev=697.19, samples=10
  lat (usec)   : 10=0.20%, 20=1.24%, 50=63.53%, 100=35.00%, 250=0.01%
  lat (usec)   : 500=0.01%
  lat (msec)   : 2=0.01%, 4=0.01%, 10=0.01%, 100=0.01%, 250=0.01%
  cpu          : usr=1.98%, sys=13.29%, ctx=1111799, majf=0, minf=40
  IO depths    : 1=100.0%, 2=0.0%, 4=0.0%, 8=0.0%, 16=0.0%, 32=0.0%, >=64=0.0%
     submit    : 0=0.0%, 4=100.0%, 8=0.0%, 16=0.0%, 32=0.0%, 64=0.0%, >=64=0.0%
     complete  : 0=0.0%, 4=100.0%, 8=0.0%, 16=0.0%, 32=0.0%, 64=0.0%, >=64=0.0%
     issued rwts: total=0,131072,0,4 short=0,0,0,0 dropped=0,0,0,0
     latency   : target=0, window=0, percentile=100.00%, depth=1

Run status group 0 (all jobs):
  WRITE: bw=308MiB/s (323MB/s), 308MiB/s-308MiB/s (323MB/s-323MB/s), io=512MiB (537MB), run=1661-1661msec
