Linux 5.15.0 (noslab-gpu) 	11/14/2025 	_x86_64_	(40 CPU)

# Time        UID       PID    %usr %system  %guest   %wait    %CPU   CPU  Command
07:36:12 AM     0    508545  166.67   66.67    0.00    0.00  233.33     3  java

# Time        UID       PID    %usr %system  %guest   %wait    %CPU   CPU  Command
07:36:13 AM     0    508545   18.00   81.00    0.00    0.00   99.00     3  java

# Time        UID       PID    %usr %system  %guest   %wait    %CPU   CPU  Command
07:36:14 AM     0    508545   13.00   86.00    0.00    0.00   99.00     3  java

# Time        UID       PID    %usr %system  %guest   %wait    %CPU   CPU  Command
07:36:15 AM     0    508545   16.00   83.00    0.00    0.00   99.00     3  java

# Time        UID       PID    %usr %system  %guest   %wait    %CPU   CPU  Command
07:36:16 AM     0    508545   19.00   81.00    0.00    0.00  100.00     3  java

# Time        UID       PID    %usr %system  %guest   %wait    %CPU   CPU  Command
07:36:17 AM     0    508545   15.00   83.00    0.00    0.00   98.00     3  java

# Time        UID       PID    %usr %system  %guest   %wait    %CPU   CPU  Command
07:36:18 AM     0    508545   16.00   83.00    0.00    0.00   99.00     3  java

# Time        UID       PID    %usr %system  %guest   %wait    %CPU   CPU  Command
07:36:19 AM     0    508545   14.00   85.00    0.00    0.00   99.00     3  java

# Time        UID       PID    %usr %system  %guest   %wait    %CPU   CPU  Command
07:36:20 AM     0    508545   13.00   86.00    0.00    0.00   99.00     3  java

# Time        UID       PID    %usr %system  %guest   %wait    %CPU   CPU  Command
07:36:21 AM     0    508545   28.00   84.00    0.00    0.00  112.00     3  java

# Time        UID       PID    %usr %system  %guest   %wait    %CPU   CPU  Command
07:36:22 AM     0    508545   15.00   82.00    0.00    0.00   97.00     3  java

# Time        UID       PID    %usr %system  %guest   %wait    %CPU   CPU  Command
07:36:23 AM     0    508545   23.00   75.00    0.00    0.00   98.00     3  java

# Time        UID       PID    %usr %system  %guest   %wait    %CPU   CPU  Command
07:36:24 AM     0    508545   35.00  117.00    0.00    0.00  152.00     3  java

# Time        UID       PID    %usr %system  %guest   %wait    %CPU   CPU  Command
07:36:25 AM     0    508545   35.00  133.00    0.00    0.00  168.00     3  java

# Time        UID       PID    %usr %system  %guest   %wait    %CPU   CPU  Command
07:36:26 AM     0    508545   16.00   83.00    0.00    0.00   99.00     3  java

# Time        UID       PID    %usr %system  %guest   %wait    %CPU   CPU  Command
07:36:27 AM     0    508545   15.00   85.00    0.00    0.00  100.00     3  java

# Time        UID       PID    %usr %system  %guest   %wait    %CPU   CPU  Command
07:36:28 AM     0    508545   17.00   82.00    0.00    0.00   99.00     3  java

# Time        UID       PID    %usr %system  %guest   %wait    %CPU   CPU  Command
07:36:29 AM     0    508545   15.00   84.00    0.00    0.00   99.00     3  java

# Time        UID       PID    %usr %system  %guest   %wait    %CPU   CPU  Command
07:36:30 AM     0    508545   23.00   89.00    0.00    0.00  112.00     3  java

# Time        UID       PID    %usr %system  %guest   %wait    %CPU   CPU  Command
07:36:31 AM     0    508545   14.00   86.00    0.00    0.00  100.00     3  java

# Time        UID       PID    %usr %system  %guest   %wait    %CPU   CPU  Command
07:36:32 AM     0    508545   13.00   86.00    0.00    0.00   99.00     3  java

# Time        UID       PID    %usr %system  %guest   %wait    %CPU   CPU  Command
07:36:33 AM     0    508545   15.00   85.00    0.00    0.00  100.00     3  java

# Time        UID       PID    %usr %system  %guest   %wait    %CPU   CPU  Command
07:36:34 AM     0    508545   18.00   80.00    0.00    0.00   98.00     3  java

# Time        UID       PID    %usr %system  %guest   %wait    %CPU   CPU  Command
07:36:35 AM     0    508545   13.00   85.00    0.00    0.00   98.00     3  java

# Time        UID       PID    %usr %system  %guest   %wait    %CPU   CPU  Command
07:36:36 AM     0    508545   35.00  114.00    0.00    0.00  149.00     3  java

# Time        UID       PID    %usr %system  %guest   %wait    %CPU   CPU  Command
07:36:37 AM     0    508545   45.00  144.00    0.00    0.00  189.00     3  java

# Time        UID       PID    %usr %system  %guest   %wait    %CPU   CPU  Command
07:36:38 AM     0    508545   56.00  134.00    0.00    0.00  190.00     3  java

# Time        UID       PID    %usr %system  %guest   %wait    %CPU   CPU  Command
07:36:39 AM     0    508545   62.00  137.00    0.00    0.00  199.00     3  java

# Time        UID       PID    %usr %system  %guest   %wait    %CPU   CPU  Command
07:36:40 AM     0    508545   52.00  139.00    0.00    0.00  191.00     3  java

# Time        UID       PID    %usr %system  %guest   %wait    %CPU   CPU  Command
07:36:41 AM     0    508545   21.00   95.00    0.00    0.00  116.00     3  java

# Time        UID       PID    %usr %system  %guest   %wait    %CPU   CPU  Command
07:36:42 AM     0    508545   12.00   87.00    0.00    0.00   99.00     3  java

# Time        UID       PID    %usr %system  %guest   %wait    %CPU   CPU  Command
07:36:43 AM     0    508545   12.00   87.00    0.00    0.00   99.00     3  java

# Time        UID       PID    %usr %system  %guest   %wait    %CPU   CPU  Command
07:36:44 AM     0    508545   15.00   84.00    0.00    0.00   99.00     3  java

# Time        UID       PID    %usr %system  %guest   %wait    %CPU   CPU  Command
07:36:45 AM     0    508545   17.00   82.00    0.00    0.00   99.00     3  java

# Time        UID       PID    %usr %system  %guest   %wait    %CPU   CPU  Command
07:36:46 AM     0    508545   16.00   83.00    0.00    0.00   99.00     3  java

# Time        UID       PID    %usr %system  %guest   %wait    %CPU   CPU  Command
07:36:47 AM     0    508545   24.00   86.00    0.00    0.00  110.00     3  java

# Time        UID       PID    %usr %system  %guest   %wait    %CPU   CPU  Command
07:36:48 AM     0    508545   17.00   82.00    0.00    0.00   99.00     3  java

# Time        UID       PID    %usr %system  %guest   %wait    %CPU   CPU  Command
07:36:49 AM     0    508545   34.00  116.00    0.00    0.00  150.00     3  java

# Time        UID       PID    %usr %system  %guest   %wait    %CPU   CPU  Command
07:36:50 AM     0    508545   34.00  129.00    0.00    0.00  163.00     3  java

# Time        UID       PID    %usr %system  %guest   %wait    %CPU   CPU  Command
07:36:51 AM     0    508545   16.00   83.00    0.00    0.00   99.00     3  java

# Time        UID       PID    %usr %system  %guest   %wait    %CPU   CPU  Command
07:36:52 AM     0    508545   20.00   80.00    0.00    0.00  100.00     3  java

# Time        UID       PID    %usr %system  %guest   %wait    %CPU   CPU  Command

# Time        UID       PID    %usr %system  %guest   %wait    %CPU   CPU  Command
07:36:54 AM     0    509207   41.00    7.00    0.00    0.00   48.00     5  java

# Time        UID       PID    %usr %system  %guest   %wait    %CPU   CPU  Command
07:36:55 AM     0    509207   65.00   57.00    0.00    0.00  122.00     5  java

# Time        UID       PID    %usr %system  %guest   %wait    %CPU   CPU  Command
07:36:56 AM     0    509207  153.00   76.00    0.00    0.00  229.00     5  java

# Time        UID       PID    %usr %system  %guest   %wait    %CPU   CPU  Command
07:36:57 AM     0    509207  105.00   77.00    0.00    0.00  182.00     5  java

# Time        UID       PID    %usr %system  %guest   %wait    %CPU   CPU  Command
07:36:58 AM     0    509207   99.00   71.00    0.00    0.00  170.00     5  java

# Time        UID       PID    %usr %system  %guest   %wait    %CPU   CPU  Command
07:36:59 AM     0    509207  108.00   72.00    0.00    0.00  180.00     5  java

# Time        UID       PID    %usr %system  %guest   %wait    %CPU   CPU  Command
07:37:00 AM     0    509207  115.00   71.00    0.00    0.00  186.00     5  java

# Time        UID       PID    %usr %system  %guest   %wait    %CPU   CPU  Command
07:37:01 AM     0    509207  101.00   62.00    0.00    0.00  163.00     5  java

# Time        UID       PID    %usr %system  %guest   %wait    %CPU   CPU  Command
07:37:02 AM     0    509207   55.00   68.00    0.00    0.00  123.00     5  java

# Time        UID       PID    %usr %system  %guest   %wait    %CPU   CPU  Command
07:37:03 AM     0    509207   70.00   73.00    0.00    0.00  143.00     5  java

# Time        UID       PID    %usr %system  %guest   %wait    %CPU   CPU  Command
07:37:04 AM     0    509207   72.00   55.00    0.00    0.00  127.00     5  java

# Time        UID       PID    %usr %system  %guest   %wait    %CPU   CPU  Command
07:37:05 AM     0    509207   35.00   21.00    0.00    0.00   56.00     5  java

# Time        UID       PID    %usr %system  %guest   %wait    %CPU   CPU  Command
07:37:06 AM     0    509207   34.00   25.00    0.00    0.00   59.00     5  java

# Time        UID       PID    %usr %system  %guest   %wait    %CPU   CPU  Command
07:37:07 AM     0    509207   40.00   25.00    0.00    0.00   65.00     5  java

# Time        UID       PID    %usr %system  %guest   %wait    %CPU   CPU  Command
07:37:08 AM     0    509207   48.00   21.00    0.00    0.00   69.00     5  java

# Time        UID       PID    %usr %system  %guest   %wait    %CPU   CPU  Command
07:37:09 AM     0    509207   66.00   22.00    0.00    0.00   88.00     5  java

# Time        UID       PID    %usr %system  %guest   %wait    %CPU   CPU  Command
07:37:10 AM     0    509207   61.00   18.00    0.00    0.00   79.00     5  java

# Time        UID       PID    %usr %system  %guest   %wait    %CPU   CPU  Command
07:37:11 AM     0    509207   68.00   15.00    0.00    0.00   83.00     5  java

# Time        UID       PID    %usr %system  %guest   %wait    %CPU   CPU  Command
07:37:12 AM     0    509207   73.00   15.00    0.00    0.00   88.00     5  java

# Time        UID       PID    %usr %system  %guest   %wait    %CPU   CPU  Command
