Linux 5.15.0 (noslab-gpu) 	11/14/2025 	_x86_64_	(40 CPU)

# Time        UID       PID  minflt/s  majflt/s     VSZ     RSS   %MEM  Command
07:36:12 AM     0    508545  34930.39    426.47 27639120  148968   0.23  java

# Time        UID       PID  minflt/s  majflt/s     VSZ     RSS   %MEM  Command
07:36:13 AM     0    508545  21290.00      0.00 27671896  202052   0.31  java

# Time        UID       PID  minflt/s  majflt/s     VSZ     RSS   %MEM  Command
07:36:14 AM     0    508545  30907.00      0.00 27688284  287764   0.44  java

# Time        UID       PID  minflt/s  majflt/s     VSZ     RSS   %MEM  Command
07:36:15 AM     0    508545  21452.00      0.00 27704672  372628   0.57  java

# Time        UID       PID  minflt/s  majflt/s     VSZ     RSS   %MEM  Command
07:36:16 AM     0    508545  23325.00      0.00 27721060  464680   0.71  java

# Time        UID       PID  minflt/s  majflt/s     VSZ     RSS   %MEM  Command
07:36:17 AM     0    508545  24123.00      0.00 27737448  549592   0.84  java

# Time        UID       PID  minflt/s  majflt/s     VSZ     RSS   %MEM  Command
07:36:18 AM     0    508545  24863.00      0.00 27770224  648460   0.99  java

# Time        UID       PID  minflt/s  majflt/s     VSZ     RSS   %MEM  Command
07:36:19 AM     0    508545  25650.00      0.00 27803000  750872   1.15  java

# Time        UID       PID  minflt/s  majflt/s     VSZ     RSS   %MEM  Command
07:36:20 AM     0    508545  27077.00      0.00 27819388  846260   1.29  java

# Time        UID       PID  minflt/s  majflt/s     VSZ     RSS   %MEM  Command
07:36:21 AM     0    508545  32981.00      1.00 27835776  902868   1.38  java

# Time        UID       PID  minflt/s  majflt/s     VSZ     RSS   %MEM  Command
07:36:22 AM     0    508545  21505.00      0.00 27852164  921840   1.41  java

# Time        UID       PID  minflt/s  majflt/s     VSZ     RSS   %MEM  Command
07:36:23 AM     0    508545  24681.00      0.00 27884940  944372   1.44  java

# Time        UID       PID  minflt/s  majflt/s     VSZ     RSS   %MEM  Command
07:36:24 AM     0    508545  50724.00      0.00 27901328  966192   1.48  java

# Time        UID       PID  minflt/s  majflt/s     VSZ     RSS   %MEM  Command
07:36:25 AM     0    508545  21115.00      0.00 27655508  729660   1.12  java

# Time        UID       PID  minflt/s  majflt/s     VSZ     RSS   %MEM  Command
07:36:26 AM     0    508545   6898.00      0.00 27655508  750816   1.15  java

# Time        UID       PID  minflt/s  majflt/s     VSZ     RSS   %MEM  Command
07:36:27 AM     0    508545   5510.00      0.00 27655508  772672   1.18  java

# Time        UID       PID  minflt/s  majflt/s     VSZ     RSS   %MEM  Command
07:36:28 AM     0    508545  11580.00      0.00 27721044  795992   1.22  java

# Time        UID       PID  minflt/s  majflt/s     VSZ     RSS   %MEM  Command
07:36:29 AM     0    508545  23469.00      0.00 27721044  817416   1.25  java

# Time        UID       PID  minflt/s  majflt/s     VSZ     RSS   %MEM  Command
07:36:30 AM     0    508545  10455.00      0.00 27786580  839876   1.28  java

# Time        UID       PID  minflt/s  majflt/s     VSZ     RSS   %MEM  Command
07:36:31 AM     0    508545  10609.00      0.00 27786580  861352   1.32  java

# Time        UID       PID  minflt/s  majflt/s     VSZ     RSS   %MEM  Command
07:36:32 AM     0    508545  24753.00      0.00 27852116  883936   1.35  java

# Time        UID       PID  minflt/s  majflt/s     VSZ     RSS   %MEM  Command
07:36:33 AM     0    508545  33879.00      0.00 27852116  907284   1.39  java

# Time        UID       PID  minflt/s  majflt/s     VSZ     RSS   %MEM  Command
07:36:34 AM     0    508545  26889.00      0.00 27852116  928268   1.42  java

# Time        UID       PID  minflt/s  majflt/s     VSZ     RSS   %MEM  Command
07:36:35 AM     0    508545  22955.00      0.00 27917652  949124   1.45  java

# Time        UID       PID  minflt/s  majflt/s     VSZ     RSS   %MEM  Command
07:36:36 AM     0    508545  51270.00      0.00 27917652  969852   1.48  java

# Time        UID       PID  minflt/s  majflt/s     VSZ     RSS   %MEM  Command
07:36:37 AM     0    508545  19902.00      0.00 27950412  958224   1.46  java

# Time        UID       PID  minflt/s  majflt/s     VSZ     RSS   %MEM  Command
07:36:38 AM     0    508545  16056.00      0.00 27950412  965368   1.48  java

# Time        UID       PID  minflt/s  majflt/s     VSZ     RSS   %MEM  Command
07:36:39 AM     0    508545  17162.00      0.00 27950412  967076   1.48  java

# Time        UID       PID  minflt/s  majflt/s     VSZ     RSS   %MEM  Command
07:36:40 AM     0    508545  21020.00      0.00 27950412  972280   1.49  java

# Time        UID       PID  minflt/s  majflt/s     VSZ     RSS   %MEM  Command
07:36:41 AM     0    508545  17186.00      0.00 27950412  972280   1.49  java

# Time        UID       PID  minflt/s  majflt/s     VSZ     RSS   %MEM  Command
07:36:42 AM     0    508545  18440.00      2.00 27950412  976372   1.49  java

# Time        UID       PID  minflt/s  majflt/s     VSZ     RSS   %MEM  Command
07:36:43 AM     0    508545  17852.00      0.00 27950412  976372   1.49  java

# Time        UID       PID  minflt/s  majflt/s     VSZ     RSS   %MEM  Command
07:36:44 AM     0    508545  27445.00      0.00 27950412  976372   1.49  java

# Time        UID       PID  minflt/s  majflt/s     VSZ     RSS   %MEM  Command
07:36:45 AM     0    508545  23593.00      0.00 27950412  976372   1.49  java

# Time        UID       PID  minflt/s  majflt/s     VSZ     RSS   %MEM  Command
07:36:46 AM     0    508545  12863.00      0.00 27950412  976492   1.49  java

# Time        UID       PID  minflt/s  majflt/s     VSZ     RSS   %MEM  Command
07:36:47 AM     0    508545    896.00      3.00 27950412  976548   1.49  java

# Time        UID       PID  minflt/s  majflt/s     VSZ     RSS   %MEM  Command
07:36:48 AM     0    508545  25680.00      0.00 27950412  981528   1.50  java

# Time        UID       PID  minflt/s  majflt/s     VSZ     RSS   %MEM  Command
07:36:49 AM     0    508545  30964.00      0.00 27950412  998716   1.53  java

# Time        UID       PID  minflt/s  majflt/s     VSZ     RSS   %MEM  Command
07:36:50 AM     0    508545   7078.00      0.00 28015948 1018272   1.56  java

# Time        UID       PID  minflt/s  majflt/s     VSZ     RSS   %MEM  Command
07:36:51 AM     0    508545    864.00      0.00 28015948 1021612   1.56  java

# Time        UID       PID  minflt/s  majflt/s     VSZ     RSS   %MEM  Command
07:36:52 AM     0    508545   1106.00      0.00 28015948 1025704   1.57  java

# Time        UID       PID  minflt/s  majflt/s     VSZ     RSS   %MEM  Command

# Time        UID       PID  minflt/s  majflt/s     VSZ     RSS   %MEM  Command
07:36:54 AM     0    509207   7407.00      8.00 19811456   53140   0.08  java

# Time        UID       PID  minflt/s  majflt/s     VSZ     RSS   %MEM  Command
07:36:55 AM     0    509207  29484.00      0.00 26553872   84304   0.13  java

# Time        UID       PID  minflt/s  majflt/s     VSZ     RSS   %MEM  Command
07:36:56 AM     0    509207  10550.00      1.00 26553872  125028   0.19  java

# Time        UID       PID  minflt/s  majflt/s     VSZ     RSS   %MEM  Command
07:36:57 AM     0    509207   8696.00      0.00 27361892  150012   0.23  java

# Time        UID       PID  minflt/s  majflt/s     VSZ     RSS   %MEM  Command
07:36:58 AM     0    509207   2910.00      0.00 27361892  155148   0.24  java

# Time        UID       PID  minflt/s  majflt/s     VSZ     RSS   %MEM  Command
07:36:59 AM     0    509207  13007.00      0.00 27361892  207364   0.32  java

# Time        UID       PID  minflt/s  majflt/s     VSZ     RSS   %MEM  Command
07:37:00 AM     0    509207  18819.00      0.00 27361892  266264   0.41  java

# Time        UID       PID  minflt/s  majflt/s     VSZ     RSS   %MEM  Command
07:37:01 AM     0    509207  13972.00      0.00 27361892  318892   0.49  java

# Time        UID       PID  minflt/s  majflt/s     VSZ     RSS   %MEM  Command
07:37:02 AM     0    509207   9483.00      0.00 27356476  351120   0.54  java

# Time        UID       PID  minflt/s  majflt/s     VSZ     RSS   %MEM  Command
07:37:03 AM     0    509207  10417.00      2.00 27356476  392672   0.60  java

# Time        UID       PID  minflt/s  majflt/s     VSZ     RSS   %MEM  Command
07:37:04 AM     0    509207  11275.00      0.00 27356476  437400   0.67  java

# Time        UID       PID  minflt/s  majflt/s     VSZ     RSS   %MEM  Command
07:37:05 AM     0    509207  13563.00      0.00 27356476  491604   0.75  java

# Time        UID       PID  minflt/s  majflt/s     VSZ     RSS   %MEM  Command
07:37:06 AM     0    509207  15494.00      0.00 27356476  553168   0.85  java

# Time        UID       PID  minflt/s  majflt/s     VSZ     RSS   %MEM  Command
07:37:07 AM     0    509207  18216.00      0.00 27356476  625780   0.96  java

# Time        UID       PID  minflt/s  majflt/s     VSZ     RSS   %MEM  Command
07:37:08 AM     0    509207  21344.00      0.00 27356476  711024   1.09  java

# Time        UID       PID  minflt/s  majflt/s     VSZ     RSS   %MEM  Command
07:37:09 AM     0    509207   2762.00      2.00 27356476  717884   1.10  java

# Time        UID       PID  minflt/s  majflt/s     VSZ     RSS   %MEM  Command
07:37:10 AM     0    509207    366.00      0.00 27356476  717888   1.10  java

# Time        UID       PID  minflt/s  majflt/s     VSZ     RSS   %MEM  Command

# Time        UID       PID  minflt/s  majflt/s     VSZ     RSS   %MEM  Command
07:37:12 AM     0    509207    626.00      0.00 27356476  717888   1.10  java

# Time        UID       PID  minflt/s  majflt/s     VSZ     RSS   %MEM  Command
