randwrite: (g=0): rw=randwrite, bs=(R) 4096B-4096B, (W) 4096B-4096B, (T) 4096B-4096B, ioengine=libaio, iodepth=16
fio-3.16
Starting 1 process

randwrite: (groupid=0, jobs=1): err= 0: pid=17857: Wed Oct 22 07:41:38 2025
  write: IOPS=52.9k, BW=207MiB/s (217MB/s)(128MiB/619msec); 0 zone resets
    slat (usec): min=5, max=373, avg=15.63, stdev=12.09
    clat (nsec): min=925, max=649114, avg=247549.53, stdev=68196.35
     lat (usec): min=9, max=741, avg=263.31, stdev=71.88
    clat percentiles (usec):
     |  1.00th=[  153],  5.00th=[  165], 10.00th=[  174], 20.00th=[  192],
     | 30.00th=[  206], 40.00th=[  219], 50.00th=[  235], 60.00th=[  251],
     | 70.00th=[  273], 80.00th=[  302], 90.00th=[  334], 95.00th=[  371],
     | 99.00th=[  474], 99.50th=[  529], 99.90th=[  611], 99.95th=[  635],
     | 99.99th=[  644]
   bw (  KiB/s): min=239096, max=239096, per=100.00%, avg=239096.00, stdev= 0.00, samples=1
   iops        : min=59774, max=59774, avg=59774.00, stdev= 0.00, samples=1
  lat (nsec)   : 1000=0.01%
  lat (usec)   : 20=0.01%, 50=0.01%, 100=0.02%, 250=59.58%, 500=39.64%
  lat (usec)   : 750=0.75%
  cpu          : usr=2.91%, sys=33.98%, ctx=33335, majf=0, minf=10
  IO depths    : 1=0.1%, 2=0.1%, 4=0.1%, 8=0.1%, 16=100.0%, 32=0.0%, >=64=0.0%
     submit    : 0=0.0%, 4=100.0%, 8=0.0%, 16=0.0%, 32=0.0%, 64=0.0%, >=64=0.0%
     complete  : 0=0.0%, 4=100.0%, 8=0.0%, 16=0.1%, 32=0.0%, 64=0.0%, >=64=0.0%
     issued rwts: total=0,32768,0,1 short=0,0,0,0 dropped=0,0,0,0
     latency   : target=0, window=0, percentile=100.00%, depth=16

Run status group 0 (all jobs):
  WRITE: bw=207MiB/s (217MB/s), 207MiB/s-207MiB/s (217MB/s-217MB/s), io=128MiB (134MB), run=619-619msec
