randread: (g=0): rw=randread, bs=(R) 128KiB-128KiB, (W) 128KiB-128KiB, (T) 128KiB-128KiB, ioengine=libaio, iodepth=16
...
fio-3.16
Starting 16 processes

randread: (groupid=0, jobs=16): err= 0: pid=17008: Wed Oct 22 07:38:50 2025
  read: IOPS=10.0k, BW=1255MiB/s (1316MB/s)(2048MiB/1632msec)
    slat (usec): min=29, max=24580, avg=1543.44, stdev=1615.80
    clat (nsec): min=1118, max=62570k, avg=23063835.56, stdev=7734635.15
     lat (usec): min=142, max=64437, avg=24610.08, stdev=8084.59
    clat percentiles (usec):
     |  1.00th=[ 5276],  5.00th=[11338], 10.00th=[14091], 20.00th=[16909],
     | 30.00th=[19006], 40.00th=[20841], 50.00th=[22676], 60.00th=[24249],
     | 70.00th=[26346], 80.00th=[29230], 90.00th=[32900], 95.00th=[35914],
     | 99.00th=[44303], 99.50th=[47973], 99.90th=[56361], 99.95th=[58983],
     | 99.99th=[62129]
   bw (  MiB/s): min=  967, max= 1472, per=97.80%, avg=1227.28, stdev=13.67, samples=48
   iops        : min= 7736, max=11776, avg=9818.00, stdev=109.39, samples=48
  lat (usec)   : 2=0.01%, 4=0.04%, 10=0.03%, 20=0.01%, 50=0.01%
  lat (usec)   : 250=0.02%, 500=0.01%, 750=0.04%, 1000=0.08%
  lat (msec)   : 2=0.15%, 4=0.35%, 10=2.67%, 20=31.94%, 50=64.29%
  lat (msec)   : 100=0.35%
  cpu          : usr=0.65%, sys=38.80%, ctx=27946, majf=0, minf=8356
  IO depths    : 1=0.1%, 2=0.2%, 4=0.4%, 8=0.8%, 16=98.5%, 32=0.0%, >=64=0.0%
     submit    : 0=0.0%, 4=100.0%, 8=0.0%, 16=0.0%, 32=0.0%, 64=0.0%, >=64=0.0%
     complete  : 0=0.0%, 4=99.9%, 8=0.0%, 16=0.1%, 32=0.0%, 64=0.0%, >=64=0.0%
     issued rwts: total=16384,0,0,0 short=0,0,0,0 dropped=0,0,0,0
     latency   : target=0, window=0, percentile=100.00%, depth=16

Run status group 0 (all jobs):
   READ: bw=1255MiB/s (1316MB/s), 1255MiB/s-1255MiB/s (1316MB/s-1316MB/s), io=2048MiB (2147MB), run=1632-1632msec
