randread: (g=0): rw=randread, bs=(R) 4096B-4096B, (W) 4096B-4096B, (T) 4096B-4096B, ioengine=libaio, iodepth=16
...
fio-3.16
Starting 4 processes

randread: (groupid=0, jobs=4): err= 0: pid=16549: Wed Oct 22 07:37:00 2025
  read: IOPS=34.8k, BW=136MiB/s (142MB/s)(512MiB/3769msec)
    slat (nsec): min=1040, max=14470k, avg=111534.52, stdev=608530.10
    clat (nsec): min=1060, max=21137k, avg=1694983.26, stdev=2340115.36
     lat (usec): min=3, max=21144, avg=1806.72, stdev=2415.71
    clat percentiles (usec):
     |  1.00th=[  255],  5.00th=[  396], 10.00th=[  502], 20.00th=[  660],
     | 30.00th=[  799], 40.00th=[  938], 50.00th=[ 1074], 60.00th=[ 1221],
     | 70.00th=[ 1385], 80.00th=[ 1582], 90.00th=[ 2245], 95.00th=[ 7504],
     | 99.00th=[12780], 99.50th=[13304], 99.90th=[14222], 99.95th=[14877],
     | 99.99th=[15795]
   bw (  KiB/s): min=87840, max=190272, per=96.50%, avg=134233.86, stdev=7869.56, samples=28
   iops        : min=21962, max=47568, avg=33558.43, stdev=1967.34, samples=28
  lat (usec)   : 2=0.01%, 4=0.01%, 10=0.01%, 20=0.01%, 50=0.01%
  lat (usec)   : 100=0.02%, 250=0.88%, 500=9.09%, 750=16.39%, 1000=18.20%
  lat (msec)   : 2=44.38%, 4=3.34%, 10=4.43%, 20=3.24%, 50=0.01%
  cpu          : usr=1.20%, sys=11.73%, ctx=85392, majf=0, minf=103
  IO depths    : 1=0.1%, 2=0.1%, 4=0.1%, 8=0.1%, 16=100.0%, 32=0.0%, >=64=0.0%
     submit    : 0=0.0%, 4=100.0%, 8=0.0%, 16=0.0%, 32=0.0%, 64=0.0%, >=64=0.0%
     complete  : 0=0.0%, 4=100.0%, 8=0.0%, 16=0.1%, 32=0.0%, 64=0.0%, >=64=0.0%
     issued rwts: total=131072,0,0,0 short=0,0,0,0 dropped=0,0,0,0
     latency   : target=0, window=0, percentile=100.00%, depth=16

Run status group 0 (all jobs):
   READ: bw=136MiB/s (142MB/s), 136MiB/s-136MiB/s (142MB/s-142MB/s), io=512MiB (537MB), run=3769-3769msec
