randread: (g=0): rw=randread, bs=(R) 128KiB-128KiB, (W) 128KiB-128KiB, (T) 128KiB-128KiB, ioengine=psync, iodepth=1
...
fio-3.16
Starting 4 processes

randread: (groupid=0, jobs=4): err= 0: pid=47823: Mon Oct 27 01:29:56 2025
  read: IOPS=7699, BW=962MiB/s (1009MB/s)(512MiB/532msec)
    clat (usec): min=7, max=14604, avg=491.07, stdev=915.36
     lat (usec): min=7, max=14604, avg=491.18, stdev=915.36
    clat percentiles (usec):
     |  1.00th=[   32],  5.00th=[   46], 10.00th=[   56], 20.00th=[   78],
     | 30.00th=[  115], 40.00th=[  359], 50.00th=[  433], 60.00th=[  494],
     | 70.00th=[  578], 80.00th=[  660], 90.00th=[  766], 95.00th=[  865],
     | 99.00th=[ 3884], 99.50th=[ 7046], 99.90th=[12649], 99.95th=[14353],
     | 99.99th=[14615]
   bw (  KiB/s): min=492288, max=492288, per=49.95%, avg=492288.00, stdev= 0.00, samples=2
   iops        : min= 3846, max= 3846, avg=3846.00, stdev= 0.00, samples=2
  lat (usec)   : 10=0.07%, 20=0.02%, 50=7.30%, 100=19.70%, 250=9.38%
  lat (usec)   : 500=24.24%, 750=28.00%, 1000=8.76%
  lat (msec)   : 2=0.76%, 4=0.78%, 10=0.66%, 20=0.32%
  cpu          : usr=0.15%, sys=27.94%, ctx=3788, majf=0, minf=165
  IO depths    : 1=100.0%, 2=0.0%, 4=0.0%, 8=0.0%, 16=0.0%, 32=0.0%, >=64=0.0%
     submit    : 0=0.0%, 4=100.0%, 8=0.0%, 16=0.0%, 32=0.0%, 64=0.0%, >=64=0.0%
     complete  : 0=0.0%, 4=100.0%, 8=0.0%, 16=0.0%, 32=0.0%, 64=0.0%, >=64=0.0%
     issued rwts: total=4096,0,0,0 short=0,0,0,0 dropped=0,0,0,0
     latency   : target=0, window=0, percentile=100.00%, depth=1

Run status group 0 (all jobs):
   READ: bw=962MiB/s (1009MB/s), 962MiB/s-962MiB/s (1009MB/s-1009MB/s), io=512MiB (537MB), run=532-532msec
