randwrite: (g=0): rw=randwrite, bs=(R) 128KiB-128KiB, (W) 128KiB-128KiB, (T) 128KiB-128KiB, ioengine=libaio, iodepth=16
...
fio-3.16
Starting 32 processes

randwrite: (groupid=0, jobs=32): err= 0: pid=18479: Wed Oct 22 07:43:44 2025
  write: IOPS=10.8k, BW=1344MiB/s (1410MB/s)(4096MiB/3047msec); 0 zone resets
    slat (usec): min=97, max=50571, avg=2394.20, stdev=2037.29
    clat (nsec): min=1485, max=117230k, avg=35987255.85, stdev=16012369.96
     lat (usec): min=114, max=121719, avg=38387.37, stdev=16932.17
    clat percentiles (msec):
     |  1.00th=[    6],  5.00th=[   15], 10.00th=[   19], 20.00th=[   24],
     | 30.00th=[   28], 40.00th=[   31], 50.00th=[   33], 60.00th=[   36],
     | 70.00th=[   41], 80.00th=[   48], 90.00th=[   59], 95.00th=[   68],
     | 99.00th=[   86], 99.50th=[   91], 99.90th=[  102], 99.95th=[  106],
     | 99.99th=[  115]
   bw (  MiB/s): min= 1177, max= 2061, per=100.00%, avg=1536.09, stdev=10.66, samples=142
   iops        : min= 9418, max=16479, avg=12285.18, stdev=85.20, samples=142
  lat (usec)   : 2=0.01%, 4=0.01%, 10=0.02%, 20=0.04%, 50=0.02%
  lat (usec)   : 250=0.01%, 500=0.02%, 750=0.03%, 1000=0.04%
  lat (msec)   : 2=0.12%, 4=0.45%, 10=1.02%, 20=10.15%, 50=70.57%
  lat (msec)   : 100=17.36%, 250=0.13%
  cpu          : usr=3.59%, sys=36.23%, ctx=63281, majf=0, minf=5068
  IO depths    : 1=0.2%, 2=0.2%, 4=0.4%, 8=0.8%, 16=98.5%, 32=0.0%, >=64=0.0%
     submit    : 0=0.0%, 4=100.0%, 8=0.0%, 16=0.0%, 32=0.0%, 64=0.0%, >=64=0.0%
     complete  : 0=0.0%, 4=99.9%, 8=0.0%, 16=0.1%, 32=0.0%, 64=0.0%, >=64=0.0%
     issued rwts: total=0,32768,0,32 short=0,0,0,0 dropped=0,0,0,0
     latency   : target=0, window=0, percentile=100.00%, depth=16

Run status group 0 (all jobs):
  WRITE: bw=1344MiB/s (1410MB/s), 1344MiB/s-1344MiB/s (1410MB/s-1410MB/s), io=4096MiB (4295MB), run=3047-3047msec
