randwrite: (g=0): rw=randwrite, bs=(R) 128KiB-128KiB, (W) 128KiB-128KiB, (T) 128KiB-128KiB, ioengine=psync, iodepth=1
...
fio-3.16
Starting 16 processes

randwrite: (groupid=0, jobs=16): err= 0: pid=51085: Mon Oct 27 01:34:26 2025
  write: IOPS=9503, BW=1188MiB/s (1246MB/s)(2048MiB/1724msec); 0 zone resets
    clat (usec): min=67, max=13350, avg=1284.09, stdev=970.25
     lat (usec): min=68, max=13385, avg=1304.53, stdev=974.35
    clat percentiles (usec):
     |  1.00th=[  180],  5.00th=[  375], 10.00th=[  529], 20.00th=[  709],
     | 30.00th=[  840], 40.00th=[  963], 50.00th=[ 1074], 60.00th=[ 1188],
     | 70.00th=[ 1352], 80.00th=[ 1582], 90.00th=[ 1942], 95.00th=[ 3589],
     | 99.00th=[ 5276], 99.50th=[ 5669], 99.90th=[ 8029], 99.95th=[ 9765],
     | 99.99th=[12518]
   bw (  MiB/s): min= 1365, max= 1530, per=100.00%, avg=1447.88, stdev= 6.57, samples=32
   iops        : min=10926, max=12240, avg=11583.00, stdev=52.56, samples=32
  lat (usec)   : 100=0.04%, 250=2.15%, 500=6.60%, 750=14.28%, 1000=20.21%
  lat (msec)   : 2=47.63%, 4=4.80%, 10=4.25%, 20=0.04%
  cpu          : usr=2.12%, sys=33.99%, ctx=29531, majf=0, minf=150
  IO depths    : 1=100.1%, 2=0.0%, 4=0.0%, 8=0.0%, 16=0.0%, 32=0.0%, >=64=0.0%
     submit    : 0=0.0%, 4=100.0%, 8=0.0%, 16=0.0%, 32=0.0%, 64=0.0%, >=64=0.0%
     complete  : 0=0.0%, 4=100.0%, 8=0.0%, 16=0.0%, 32=0.0%, 64=0.0%, >=64=0.0%
     issued rwts: total=0,16384,0,16 short=0,0,0,0 dropped=0,0,0,0
     latency   : target=0, window=0, percentile=100.00%, depth=1

Run status group 0 (all jobs):
  WRITE: bw=1188MiB/s (1246MB/s), 1188MiB/s-1188MiB/s (1246MB/s-1246MB/s), io=2048MiB (2147MB), run=1724-1724msec
