randwrite: (g=0): rw=randwrite, bs=(R) 4096B-4096B, (W) 4096B-4096B, (T) 4096B-4096B, ioengine=psync, iodepth=1
...
fio-3.16
Starting 2 processes

randwrite: (groupid=0, jobs=2): err= 0: pid=49962: Mon Oct 27 01:32:45 2025
  write: IOPS=95.0k, BW=375MiB/s (393MB/s)(256MiB/683msec); 0 zone resets
    clat (usec): min=5, max=8049, avg=17.12, stdev=33.28
     lat (usec): min=5, max=8050, avg=17.19, stdev=33.29
    clat percentiles (usec):
     |  1.00th=[   10],  5.00th=[   11], 10.00th=[   11], 20.00th=[   12],
     | 30.00th=[   13], 40.00th=[   14], 50.00th=[   15], 60.00th=[   16],
     | 70.00th=[   18], 80.00th=[   20], 90.00th=[   25], 95.00th=[   32],
     | 99.00th=[   55], 99.50th=[   74], 99.90th=[  153], 99.95th=[  196],
     | 99.99th=[  297]
   bw (  KiB/s): min=455576, max=455576, per=100.00%, avg=455576.00, stdev= 0.00, samples=2
   iops        : min=113894, max=113894, avg=113894.00, stdev= 0.00, samples=2
  lat (usec)   : 10=3.32%, 20=78.27%, 50=17.13%, 100=1.01%, 250=0.25%
  lat (usec)   : 500=0.02%
  lat (msec)   : 10=0.01%
  cpu          : usr=2.36%, sys=33.23%, ctx=66513, majf=0, minf=23
  IO depths    : 1=100.0%, 2=0.0%, 4=0.0%, 8=0.0%, 16=0.0%, 32=0.0%, >=64=0.0%
     submit    : 0=0.0%, 4=100.0%, 8=0.0%, 16=0.0%, 32=0.0%, 64=0.0%, >=64=0.0%
     complete  : 0=0.0%, 4=100.0%, 8=0.0%, 16=0.0%, 32=0.0%, 64=0.0%, >=64=0.0%
     issued rwts: total=0,65536,0,2 short=0,0,0,0 dropped=0,0,0,0
     latency   : target=0, window=0, percentile=100.00%, depth=1

Run status group 0 (all jobs):
  WRITE: bw=375MiB/s (393MB/s), 375MiB/s-375MiB/s (393MB/s-393MB/s), io=256MiB (268MB), run=683-683msec
