randwrite: (g=0): rw=randwrite, bs=(R) 4096B-4096B, (W) 4096B-4096B, (T) 4096B-4096B, ioengine=psync, iodepth=1
...
fio-3.16
Starting 32 processes

randwrite: (groupid=0, jobs=32): err= 0: pid=50401: Mon Oct 27 01:33:33 2025
  write: IOPS=309k, BW=1207MiB/s (1266MB/s)(4096MiB/3393msec); 0 zone resets
    clat (usec): min=5, max=20551, avg=81.78, stdev=274.67
     lat (usec): min=5, max=20551, avg=81.93, stdev=274.68
    clat percentiles (usec):
     |  1.00th=[   13],  5.00th=[   26], 10.00th=[   34], 20.00th=[   42],
     | 30.00th=[   47], 40.00th=[   52], 50.00th=[   57], 60.00th=[   62],
     | 70.00th=[   68], 80.00th=[   79], 90.00th=[  117], 95.00th=[  153],
     | 99.00th=[  318], 99.50th=[  562], 99.90th=[ 4752], 99.95th=[ 5145],
     | 99.99th=[ 7963]
   bw (  MiB/s): min= 1188, max= 1661, per=100.00%, avg=1395.28, stdev= 6.18, samples=150
   iops        : min=304378, max=425425, avg=357188.95, stdev=1583.26, samples=150
  lat (usec)   : 10=0.28%, 20=2.99%, 50=33.61%, 100=50.06%, 250=11.50%
  lat (usec)   : 500=1.00%, 750=0.15%, 1000=0.07%
  lat (msec)   : 2=0.05%, 4=0.07%, 10=0.21%, 20=0.01%, 50=0.01%
  cpu          : usr=1.68%, sys=31.39%, ctx=1176952, majf=0, minf=387
  IO depths    : 1=100.0%, 2=0.0%, 4=0.0%, 8=0.0%, 16=0.0%, 32=0.0%, >=64=0.0%
     submit    : 0=0.0%, 4=100.0%, 8=0.0%, 16=0.0%, 32=0.0%, 64=0.0%, >=64=0.0%
     complete  : 0=0.0%, 4=100.0%, 8=0.0%, 16=0.0%, 32=0.0%, 64=0.0%, >=64=0.0%
     issued rwts: total=0,1048576,0,32 short=0,0,0,0 dropped=0,0,0,0
     latency   : target=0, window=0, percentile=100.00%, depth=1

Run status group 0 (all jobs):
  WRITE: bw=1207MiB/s (1266MB/s), 1207MiB/s-1207MiB/s (1266MB/s-1266MB/s), io=4096MiB (4295MB), run=3393-3393msec
