read: (g=0): rw=read, bs=(R) 4096B-4096B, (W) 4096B-4096B, (T) 4096B-4096B, ioengine=psync, iodepth=1
...
fio-3.16
Starting 4 processes

read: (groupid=0, jobs=4): err= 0: pid=44904: Mon Oct 27 01:26:35 2025
  read: IOPS=230k, BW=898MiB/s (942MB/s)(512MiB/570msec)
    clat (nsec): min=405, max=16091k, avg=16417.01, stdev=174958.39
     lat (nsec): min=432, max=16091k, avg=16482.55, stdev=175059.73
    clat percentiles (nsec):
     |  1.00th=[    612],  5.00th=[    732], 10.00th=[    852],
     | 20.00th=[   1080], 30.00th=[   1368], 40.00th=[   1768],
     | 50.00th=[   2320], 60.00th=[   3056], 70.00th=[   3920],
     | 80.00th=[   4896], 90.00th=[   6240], 95.00th=[   7712],
     | 99.00th=[ 468992], 99.50th=[ 757760], 99.90th=[2244608],
     | 99.95th=[3293184], 99.99th=[7045120]
   bw (  KiB/s): min=942304, max=942304, per=100.00%, avg=942304.00, stdev= 0.00, samples=4
   iops        : min=235576, max=235576, avg=235576.00, stdev= 0.00, samples=4
  lat (nsec)   : 500=0.11%, 750=5.57%, 1000=10.69%
  lat (usec)   : 2=28.41%, 4=26.00%, 10=26.28%, 20=0.81%, 50=0.20%
  lat (usec)   : 100=0.23%, 250=0.23%, 500=0.51%, 750=0.43%, 1000=0.24%
  lat (msec)   : 2=0.16%, 4=0.08%, 10=0.02%, 20=0.01%
  cpu          : usr=1.63%, sys=56.86%, ctx=3345, majf=0, minf=45
  IO depths    : 1=100.0%, 2=0.0%, 4=0.0%, 8=0.0%, 16=0.0%, 32=0.0%, >=64=0.0%
     submit    : 0=0.0%, 4=100.0%, 8=0.0%, 16=0.0%, 32=0.0%, 64=0.0%, >=64=0.0%
     complete  : 0=0.0%, 4=100.0%, 8=0.0%, 16=0.0%, 32=0.0%, 64=0.0%, >=64=0.0%
     issued rwts: total=131072,0,0,0 short=0,0,0,0 dropped=0,0,0,0
     latency   : target=0, window=0, percentile=100.00%, depth=1

Run status group 0 (all jobs):
   READ: bw=898MiB/s (942MB/s), 898MiB/s-898MiB/s (942MB/s-942MB/s), io=512MiB (537MB), run=570-570msec
