read: (g=0): rw=read, bs=(R) 4096B-4096B, (W) 4096B-4096B, (T) 4096B-4096B, ioengine=libaio, iodepth=16
...
fio-3.16
Starting 8 processes

read: (groupid=0, jobs=8): err= 0: pid=15893: Wed Oct 22 07:34:51 2025
  read: IOPS=269k, BW=1052MiB/s (1104MB/s)(1024MiB/973msec)
    slat (nsec): min=714, max=19173k, avg=27400.36, stdev=225476.73
    clat (nsec): min=879, max=19387k, avg=434105.73, stdev=838830.80
     lat (nsec): min=1803, max=19395k, avg=461646.47, stdev=863027.00
    clat percentiles (usec):
     |  1.00th=[   29],  5.00th=[   38], 10.00th=[   48], 20.00th=[   72],
     | 30.00th=[   94], 40.00th=[  116], 50.00th=[  139], 60.00th=[  172],
     | 70.00th=[  243], 80.00th=[  685], 90.00th=[ 1156], 95.00th=[ 1582],
     | 99.00th=[ 4228], 99.50th=[ 5014], 99.90th=[ 8848], 99.95th=[11207],
     | 99.99th=[17171]
   bw (  MiB/s): min= 1034, max= 1034, per=98.34%, avg=1034.98, stdev= 0.00, samples=8
   iops        : min=264958, max=264958, avg=264958.00, stdev= 0.00, samples=8
  lat (nsec)   : 1000=0.01%
  lat (usec)   : 2=0.01%, 4=0.01%, 10=0.01%, 20=0.01%, 50=10.85%
  lat (usec)   : 100=22.31%, 250=37.28%, 500=5.89%, 750=5.15%, 1000=5.69%
  lat (msec)   : 2=9.71%, 4=1.94%, 10=1.10%, 20=0.06%
  cpu          : usr=3.31%, sys=61.40%, ctx=8753, majf=0, minf=204
  IO depths    : 1=0.1%, 2=0.1%, 4=0.1%, 8=0.1%, 16=100.0%, 32=0.0%, >=64=0.0%
     submit    : 0=0.0%, 4=100.0%, 8=0.0%, 16=0.0%, 32=0.0%, 64=0.0%, >=64=0.0%
     complete  : 0=0.0%, 4=100.0%, 8=0.0%, 16=0.1%, 32=0.0%, 64=0.0%, >=64=0.0%
     issued rwts: total=262144,0,0,0 short=0,0,0,0 dropped=0,0,0,0
     latency   : target=0, window=0, percentile=100.00%, depth=16

Run status group 0 (all jobs):
   READ: bw=1052MiB/s (1104MB/s), 1052MiB/s-1052MiB/s (1104MB/s-1104MB/s), io=1024MiB (1074MB), run=973-973msec
