read: (g=0): rw=read, bs=(R) 4096B-4096B, (W) 4096B-4096B, (T) 4096B-4096B, ioengine=libaio, iodepth=16
...
fio-3.16
Starting 2 processes

read: (groupid=0, jobs=2): err= 0: pid=15791: Wed Oct 22 07:34:33 2025
  read: IOPS=204k, BW=795MiB/s (834MB/s)(256MiB/322msec)
    slat (nsec): min=749, max=13878k, avg=9074.20, stdev=132135.54
    clat (nsec): min=844, max=13941k, avg=146835.60, stdev=504441.98
     lat (usec): min=2, max=13943, avg=155.97, stdev=520.35
    clat percentiles (usec):
     |  1.00th=[   23],  5.00th=[   25], 10.00th=[   26], 20.00th=[   29],
     | 30.00th=[   34], 40.00th=[   41], 50.00th=[   48], 60.00th=[   60],
     | 70.00th=[   82], 80.00th=[  200], 90.00th=[  363], 95.00th=[  494],
     | 99.00th=[  807], 99.50th=[ 1549], 99.90th=[ 9372], 99.95th=[10945],
     | 99.99th=[13960]
  lat (nsec)   : 1000=0.01%
  lat (usec)   : 2=0.01%, 4=0.01%, 10=0.01%, 20=0.03%, 50=52.14%
  lat (usec)   : 100=20.99%, 250=10.40%, 500=11.67%, 750=3.60%, 1000=0.43%
  lat (msec)   : 2=0.34%, 4=0.08%, 10=0.21%, 20=0.09%
  cpu          : usr=6.09%, sys=55.16%, ctx=1591, majf=0, minf=53
  IO depths    : 1=0.1%, 2=0.1%, 4=0.1%, 8=0.1%, 16=100.0%, 32=0.0%, >=64=0.0%
     submit    : 0=0.0%, 4=100.0%, 8=0.0%, 16=0.0%, 32=0.0%, 64=0.0%, >=64=0.0%
     complete  : 0=0.0%, 4=100.0%, 8=0.0%, 16=0.1%, 32=0.0%, 64=0.0%, >=64=0.0%
     issued rwts: total=65536,0,0,0 short=0,0,0,0 dropped=0,0,0,0
     latency   : target=0, window=0, percentile=100.00%, depth=16

Run status group 0 (all jobs):
   READ: bw=795MiB/s (834MB/s), 795MiB/s-795MiB/s (834MB/s-834MB/s), io=256MiB (268MB), run=322-322msec
