read: (g=0): rw=read, bs=(R) 128KiB-128KiB, (W) 128KiB-128KiB, (T) 128KiB-128KiB, ioengine=libaio, iodepth=16
...
fio-3.16
Starting 2 processes

read: (groupid=0, jobs=2): err= 0: pid=16148: Wed Oct 22 07:35:34 2025
  read: IOPS=4751, BW=594MiB/s (623MB/s)(256MiB/431msec)
    slat (usec): min=18, max=18989, avg=402.02, stdev=853.29
    clat (nsec): min=1668, max=23665k, avg=5952038.59, stdev=3473011.18
     lat (usec): min=61, max=23890, avg=6354.59, stdev=3602.63
    clat percentiles (usec):
     |  1.00th=[ 1942],  5.00th=[ 2474], 10.00th=[ 2835], 20.00th=[ 3458],
     | 30.00th=[ 3884], 40.00th=[ 4359], 50.00th=[ 5014], 60.00th=[ 5669],
     | 70.00th=[ 6718], 80.00th=[ 7767], 90.00th=[10421], 95.00th=[13304],
     | 99.00th=[18220], 99.50th=[22938], 99.90th=[23725], 99.95th=[23725],
     | 99.99th=[23725]
  lat (usec)   : 2=0.05%, 4=0.05%, 100=0.15%, 250=0.15%, 500=0.05%
  lat (usec)   : 750=0.15%, 1000=0.10%
  lat (msec)   : 2=0.34%, 4=31.49%, 10=56.79%, 20=9.96%, 50=0.73%
  cpu          : usr=0.00%, sys=55.68%, ctx=1768, majf=0, minf=1048
  IO depths    : 1=0.1%, 2=0.2%, 4=0.4%, 8=0.8%, 16=98.5%, 32=0.0%, >=64=0.0%
     submit    : 0=0.0%, 4=100.0%, 8=0.0%, 16=0.0%, 32=0.0%, 64=0.0%, >=64=0.0%
     complete  : 0=0.0%, 4=99.9%, 8=0.0%, 16=0.1%, 32=0.0%, 64=0.0%, >=64=0.0%
     issued rwts: total=2048,0,0,0 short=0,0,0,0 dropped=0,0,0,0
     latency   : target=0, window=0, percentile=100.00%, depth=16

Run status group 0 (all jobs):
   READ: bw=594MiB/s (623MB/s), 594MiB/s-594MiB/s (623MB/s-623MB/s), io=256MiB (268MB), run=431-431msec
