read: (g=0): rw=read, bs=(R) 4096B-4096B, (W) 4096B-4096B, (T) 4096B-4096B, ioengine=libaio, iodepth=16
...
fio-3.16
Starting 16 processes

read: (groupid=0, jobs=16): err= 0: pid=15950: Wed Oct 22 07:35:01 2025
  read: IOPS=280k, BW=1095MiB/s (1148MB/s)(2048MiB/1871msec)
    slat (nsec): min=725, max=33837k, avg=53474.44, stdev=455006.87
    clat (nsec): min=819, max=33983k, avg=840220.95, stdev=1695367.17
     lat (usec): min=2, max=33989, avg=893.96, stdev=1744.19
    clat percentiles (usec):
     |  1.00th=[   30],  5.00th=[   51], 10.00th=[   75], 20.00th=[  110],
     | 30.00th=[  141], 40.00th=[  172], 50.00th=[  206], 60.00th=[  260],
     | 70.00th=[  412], 80.00th=[ 1123], 90.00th=[ 2343], 95.00th=[ 3851],
     | 99.00th=[ 8356], 99.50th=[10683], 99.90th=[15926], 99.95th=[17433],
     | 99.99th=[28705]
   bw (  MiB/s): min= 1051, max= 1162, per=100.00%, avg=1103.62, stdev= 3.80, samples=48
   iops        : min=269131, max=297710, avg=282527.00, stdev=973.79, samples=48
  lat (nsec)   : 1000=0.01%
  lat (usec)   : 2=0.01%, 4=0.01%, 10=0.01%, 20=0.01%, 50=4.93%
  lat (usec)   : 100=12.18%, 250=41.48%, 500=13.36%, 750=3.30%, 1000=3.15%
  lat (msec)   : 2=9.48%, 4=7.41%, 10=4.10%, 20=0.56%, 50=0.03%
  cpu          : usr=3.13%, sys=48.28%, ctx=20252, majf=0, minf=402
  IO depths    : 1=0.1%, 2=0.1%, 4=0.1%, 8=0.1%, 16=100.0%, 32=0.0%, >=64=0.0%
     submit    : 0=0.0%, 4=100.0%, 8=0.0%, 16=0.0%, 32=0.0%, 64=0.0%, >=64=0.0%
     complete  : 0=0.0%, 4=100.0%, 8=0.0%, 16=0.1%, 32=0.0%, 64=0.0%, >=64=0.0%
     issued rwts: total=524288,0,0,0 short=0,0,0,0 dropped=0,0,0,0
     latency   : target=0, window=0, percentile=100.00%, depth=16

Run status group 0 (all jobs):
   READ: bw=1095MiB/s (1148MB/s), 1095MiB/s-1095MiB/s (1148MB/s-1148MB/s), io=2048MiB (2147MB), run=1871-1871msec
