write: (g=0): rw=write, bs=(R) 4096B-4096B, (W) 4096B-4096B, (T) 4096B-4096B, ioengine=psync, iodepth=1
...
fio-3.16
Starting 16 processes

write: (groupid=0, jobs=16): err= 0: pid=48733: Mon Oct 27 01:31:13 2025
  write: IOPS=257k, BW=1002MiB/s (1051MB/s)(2048MiB/2043msec); 0 zone resets
    clat (usec): min=8, max=8201, avg=47.70, stdev=151.63
     lat (usec): min=8, max=8201, avg=47.81, stdev=151.64
    clat percentiles (usec):
     |  1.00th=[   15],  5.00th=[   20], 10.00th=[   23], 20.00th=[   26],
     | 30.00th=[   29], 40.00th=[   32], 50.00th=[   35], 60.00th=[   38],
     | 70.00th=[   43], 80.00th=[   49], 90.00th=[   63], 95.00th=[   82],
     | 99.00th=[  137], 99.50th=[  206], 99.90th=[ 2999], 99.95th=[ 3261],
     | 99.99th=[ 3720]
   bw (  MiB/s): min= 1231, max= 1320, per=100.00%, avg=1279.26, stdev= 2.63, samples=48
   iops        : min=315314, max=337936, avg=327492.00, stdev=673.81, samples=48
  lat (usec)   : 10=0.08%, 20=5.33%, 50=76.32%, 100=15.52%, 250=2.31%
  lat (usec)   : 500=0.12%, 750=0.05%, 1000=0.01%
  lat (msec)   : 2=0.01%, 4=0.25%, 10=0.01%
  cpu          : usr=1.98%, sys=33.27%, ctx=536194, majf=0, minf=173
  IO depths    : 1=100.0%, 2=0.0%, 4=0.0%, 8=0.0%, 16=0.0%, 32=0.0%, >=64=0.0%
     submit    : 0=0.0%, 4=100.0%, 8=0.0%, 16=0.0%, 32=0.0%, 64=0.0%, >=64=0.0%
     complete  : 0=0.0%, 4=100.0%, 8=0.0%, 16=0.0%, 32=0.0%, 64=0.0%, >=64=0.0%
     issued rwts: total=0,524288,0,16 short=0,0,0,0 dropped=0,0,0,0
     latency   : target=0, window=0, percentile=100.00%, depth=1

Run status group 0 (all jobs):
  WRITE: bw=1002MiB/s (1051MB/s), 1002MiB/s-1002MiB/s (1051MB/s-1051MB/s), io=2048MiB (2147MB), run=2043-2043msec
