write: (g=0): rw=write, bs=(R) 4096B-4096B, (W) 4096B-4096B, (T) 4096B-4096B, ioengine=psync, iodepth=1
...
fio-3.16
Starting 2 processes

write: (groupid=0, jobs=2): err= 0: pid=48413: Mon Oct 27 01:30:43 2025
  write: IOPS=97.8k, BW=382MiB/s (401MB/s)(256MiB/670msec); 0 zone resets
    clat (usec): min=7, max=8020, avg=17.23, stdev=33.66
     lat (usec): min=7, max=8020, avg=17.30, stdev=33.67
    clat percentiles (usec):
     |  1.00th=[   11],  5.00th=[   11], 10.00th=[   12], 20.00th=[   13],
     | 30.00th=[   13], 40.00th=[   14], 50.00th=[   15], 60.00th=[   16],
     | 70.00th=[   18], 80.00th=[   20], 90.00th=[   25], 95.00th=[   32],
     | 99.00th=[   52], 99.50th=[   67], 99.90th=[  176], 99.95th=[  260],
     | 99.99th=[  392]
   bw (  KiB/s): min=452016, max=452016, per=100.00%, avg=452016.00, stdev= 0.00, samples=2
   iops        : min=113004, max=113004, avg=113004.00, stdev= 0.00, samples=2
  lat (usec)   : 10=1.01%, 20=81.33%, 50=16.58%, 100=0.83%, 250=0.20%
  lat (usec)   : 500=0.05%, 1000=0.01%
  lat (msec)   : 10=0.01%
  cpu          : usr=2.11%, sys=33.36%, ctx=66434, majf=0, minf=22
  IO depths    : 1=100.0%, 2=0.0%, 4=0.0%, 8=0.0%, 16=0.0%, 32=0.0%, >=64=0.0%
     submit    : 0=0.0%, 4=100.0%, 8=0.0%, 16=0.0%, 32=0.0%, 64=0.0%, >=64=0.0%
     complete  : 0=0.0%, 4=100.0%, 8=0.0%, 16=0.0%, 32=0.0%, 64=0.0%, >=64=0.0%
     issued rwts: total=0,65536,0,2 short=0,0,0,0 dropped=0,0,0,0
     latency   : target=0, window=0, percentile=100.00%, depth=1

Run status group 0 (all jobs):
  WRITE: bw=382MiB/s (401MB/s), 382MiB/s-382MiB/s (401MB/s-401MB/s), io=256MiB (268MB), run=670-670msec
