write: (g=0): rw=write, bs=(R) 128KiB-128KiB, (W) 128KiB-128KiB, (T) 128KiB-128KiB, ioengine=psync, iodepth=1
...
fio-3.16
Starting 8 processes

write: (groupid=0, jobs=8): err= 0: pid=49424: Mon Oct 27 01:32:05 2025
  write: IOPS=7508, BW=939MiB/s (984MB/s)(1024MiB/1091msec); 0 zone resets
    clat (usec): min=185, max=5439, avg=695.87, stdev=577.93
     lat (usec): min=188, max=5441, avg=700.74, stdev=578.48
    clat percentiles (usec):
     |  1.00th=[  262],  5.00th=[  314], 10.00th=[  355], 20.00th=[  412],
     | 30.00th=[  465], 40.00th=[  510], 50.00th=[  553], 60.00th=[  594],
     | 70.00th=[  652], 80.00th=[  725], 90.00th=[  881], 95.00th=[ 2278],
     | 99.00th=[ 3294], 99.50th=[ 3654], 99.90th=[ 4047], 99.95th=[ 4228],
     | 99.99th=[ 5473]
   bw (  MiB/s): min= 1378, max= 1378, per=100.00%, avg=1378.75, stdev= 0.00, samples=8
   iops        : min=11030, max=11030, avg=11030.00, stdev= 0.00, samples=8
  lat (usec)   : 250=0.60%, 500=37.17%, 750=44.68%, 1000=9.69%
  lat (msec)   : 2=1.61%, 4=6.07%, 10=0.18%
  cpu          : usr=0.51%, sys=33.39%, ctx=12562, majf=0, minf=86
  IO depths    : 1=100.1%, 2=0.0%, 4=0.0%, 8=0.0%, 16=0.0%, 32=0.0%, >=64=0.0%
     submit    : 0=0.0%, 4=100.0%, 8=0.0%, 16=0.0%, 32=0.0%, 64=0.0%, >=64=0.0%
     complete  : 0=0.0%, 4=100.0%, 8=0.0%, 16=0.0%, 32=0.0%, 64=0.0%, >=64=0.0%
     issued rwts: total=0,8192,0,8 short=0,0,0,0 dropped=0,0,0,0
     latency   : target=0, window=0, percentile=100.00%, depth=1

Run status group 0 (all jobs):
  WRITE: bw=939MiB/s (984MB/s), 939MiB/s-939MiB/s (984MB/s-984MB/s), io=1024MiB (1074MB), run=1091-1091msec
