randwrite: (g=0): rw=randwrite, bs=(R) 4096B-4096B, (W) 4096B-4096B, (T) 4096B-4096B, ioengine=psync, iodepth=1
...
fio-3.16
Starting 8 processes

randwrite: (groupid=0, jobs=8): err= 0: pid=63257: Mon Oct 27 01:57:06 2025
  write: IOPS=237k, BW=925MiB/s (970MB/s)(1024MiB/1107msec); 0 zone resets
    clat (usec): min=5, max=3236, avg=21.03, stdev=58.46
     lat (usec): min=5, max=3236, avg=21.10, stdev=58.46
    clat percentiles (usec):
     |  1.00th=[   10],  5.00th=[   11], 10.00th=[   11], 20.00th=[   13],
     | 30.00th=[   14], 40.00th=[   15], 50.00th=[   17], 60.00th=[   18],
     | 70.00th=[   21], 80.00th=[   24], 90.00th=[   31], 95.00th=[   40],
     | 99.00th=[   74], 99.50th=[   92], 99.90th=[  310], 99.95th=[ 1975],
     | 99.99th=[ 2573]
   bw (  MiB/s): min= 1303, max= 1303, per=100.00%, avg=1303.68, stdev= 0.00, samples=8
   iops        : min=333742, max=333742, avg=333742.00, stdev= 0.00, samples=8
  lat (usec)   : 10=4.80%, 20=65.20%, 50=27.22%, 100=2.38%, 250=0.28%
  lat (usec)   : 500=0.06%, 750=0.01%, 1000=0.01%
  lat (msec)   : 2=0.01%, 4=0.05%
  cpu          : usr=2.73%, sys=25.39%, ctx=265514, majf=0, minf=71
  IO depths    : 1=100.0%, 2=0.0%, 4=0.0%, 8=0.0%, 16=0.0%, 32=0.0%, >=64=0.0%
     submit    : 0=0.0%, 4=100.0%, 8=0.0%, 16=0.0%, 32=0.0%, 64=0.0%, >=64=0.0%
     complete  : 0=0.0%, 4=100.0%, 8=0.0%, 16=0.0%, 32=0.0%, 64=0.0%, >=64=0.0%
     issued rwts: total=0,262144,0,8 short=0,0,0,0 dropped=0,0,0,0
     latency   : target=0, window=0, percentile=100.00%, depth=1

Run status group 0 (all jobs):
  WRITE: bw=925MiB/s (970MB/s), 925MiB/s-925MiB/s (970MB/s-970MB/s), io=1024MiB (1074MB), run=1107-1107msec
