randread: (g=0): rw=randread, bs=(R) 4096B-4096B, (W) 4096B-4096B, (T) 4096B-4096B, ioengine=psync, iodepth=1
...
fio-3.16
Starting 8 processes

randread: (groupid=0, jobs=8): err= 0: pid=60478: Mon Oct 27 01:53:10 2025
  read: IOPS=61.2k, BW=239MiB/s (251MB/s)(1024MiB/4281msec)
    clat (nsec): min=370, max=21027k, avg=124661.08, stdev=720637.47
     lat (nsec): min=397, max=21027k, avg=124736.70, stdev=720637.59
    clat percentiles (nsec):
     |  1.00th=[    1704],  5.00th=[    2256], 10.00th=[    2704],
     | 20.00th=[    3568], 30.00th=[    5216], 40.00th=[   40192],
     | 50.00th=[   77312], 60.00th=[   87552], 70.00th=[   98816],
     | 80.00th=[  116224], 90.00th=[  152576], 95.00th=[  193536],
     | 99.00th=[  452608], 99.50th=[ 4046848], 99.90th=[12779520],
     | 99.95th=[13697024], 99.99th=[15007744]
   bw (  KiB/s): min=159824, max=384576, per=100.00%, avg=246528.00, stdev=9667.42, samples=63
   iops        : min=39956, max=96144, avg=61632.00, stdev=2416.86, samples=63
  lat (nsec)   : 500=0.01%, 750=0.01%, 1000=0.01%
  lat (usec)   : 2=2.70%, 4=20.96%, 10=11.22%, 20=1.49%, 50=4.81%
  lat (usec)   : 100=29.40%, 250=27.00%, 500=1.45%, 750=0.10%, 1000=0.06%
  lat (msec)   : 2=0.12%, 4=0.17%, 10=0.27%, 20=0.23%, 50=0.01%
  cpu          : usr=1.24%, sys=11.09%, ctx=169675, majf=0, minf=84
  IO depths    : 1=100.0%, 2=0.0%, 4=0.0%, 8=0.0%, 16=0.0%, 32=0.0%, >=64=0.0%
     submit    : 0=0.0%, 4=100.0%, 8=0.0%, 16=0.0%, 32=0.0%, 64=0.0%, >=64=0.0%
     complete  : 0=0.0%, 4=100.0%, 8=0.0%, 16=0.0%, 32=0.0%, 64=0.0%, >=64=0.0%
     issued rwts: total=262144,0,0,0 short=0,0,0,0 dropped=0,0,0,0
     latency   : target=0, window=0, percentile=100.00%, depth=1

Run status group 0 (all jobs):
   READ: bw=239MiB/s (251MB/s), 239MiB/s-239MiB/s (251MB/s-251MB/s), io=1024MiB (1074MB), run=4281-4281msec
