randwrite: (g=0): rw=randwrite, bs=(R) 128KiB-128KiB, (W) 128KiB-128KiB, (T) 128KiB-128KiB, ioengine=psync, iodepth=1
...
fio-3.16
Starting 8 processes

randwrite: (groupid=0, jobs=8): err= 0: pid=63950: Mon Oct 27 01:58:08 2025
  write: IOPS=10.2k, BW=1280MiB/s (1342MB/s)(1024MiB/800msec); 0 zone resets
    clat (usec): min=41, max=6401, avg=571.77, stdev=527.47
     lat (usec): min=42, max=6412, avg=576.99, stdev=529.97
    clat percentiles (usec):
     |  1.00th=[  126],  5.00th=[  190], 10.00th=[  241], 20.00th=[  310],
     | 30.00th=[  363], 40.00th=[  416], 50.00th=[  465], 60.00th=[  529],
     | 70.00th=[  586], 80.00th=[  660], 90.00th=[  783], 95.00th=[  988],
     | 99.00th=[ 3261], 99.50th=[ 3523], 99.90th=[ 4359], 99.95th=[ 4817],
     | 99.99th=[ 6390]
   bw (  MiB/s): min= 1703, max= 1703, per=100.00%, avg=1703.05, stdev= 0.00, samples=8
   iops        : min=13620, max=13620, avg=13620.00, stdev= 0.00, samples=8
  lat (usec)   : 50=0.01%, 100=0.35%, 250=10.88%, 500=44.35%, 750=32.18%
  lat (usec)   : 1000=7.37%
  lat (msec)   : 2=1.20%, 4=3.52%, 10=0.15%
  cpu          : usr=0.86%, sys=35.96%, ctx=11506, majf=0, minf=84
  IO depths    : 1=100.1%, 2=0.0%, 4=0.0%, 8=0.0%, 16=0.0%, 32=0.0%, >=64=0.0%
     submit    : 0=0.0%, 4=100.0%, 8=0.0%, 16=0.0%, 32=0.0%, 64=0.0%, >=64=0.0%
     complete  : 0=0.0%, 4=100.0%, 8=0.0%, 16=0.0%, 32=0.0%, 64=0.0%, >=64=0.0%
     issued rwts: total=0,8192,0,8 short=0,0,0,0 dropped=0,0,0,0
     latency   : target=0, window=0, percentile=100.00%, depth=1

Run status group 0 (all jobs):
  WRITE: bw=1280MiB/s (1342MB/s), 1280MiB/s-1280MiB/s (1342MB/s-1342MB/s), io=1024MiB (1074MB), run=800-800msec
