randwrite: (g=0): rw=randwrite, bs=(R) 128KiB-128KiB, (W) 128KiB-128KiB, (T) 128KiB-128KiB, ioengine=libaio, iodepth=16
...
fio-3.16
Starting 4 processes

randwrite: (groupid=0, jobs=4): err= 0: pid=15324: Wed Oct 22 07:30:13 2025
  write: IOPS=5237, BW=655MiB/s (687MB/s)(512MiB/782msec); 0 zone resets
    slat (usec): min=87, max=9799, avg=653.43, stdev=620.67
    clat (usec): min=2, max=29438, avg=9786.88, stdev=4145.35
     lat (usec): min=196, max=30036, avg=10441.16, stdev=4332.28
    clat percentiles (usec):
     |  1.00th=[ 2180],  5.00th=[ 3752], 10.00th=[ 4555], 20.00th=[ 5997],
     | 30.00th=[ 7111], 40.00th=[ 8356], 50.00th=[ 9503], 60.00th=[10814],
     | 70.00th=[11994], 80.00th=[13173], 90.00th=[15008], 95.00th=[16712],
     | 99.00th=[21103], 99.50th=[22414], 99.90th=[26346], 99.95th=[26608],
     | 99.99th=[29492]
   bw (  KiB/s): min=726357, max=726357, per=100.00%, avg=726357.00, stdev= 0.00, samples=4
   iops        : min= 5674, max= 5674, avg=5674.00, stdev= 0.00, samples=4
  lat (usec)   : 4=0.10%, 250=0.02%, 500=0.07%, 750=0.07%, 1000=0.17%
  lat (msec)   : 2=0.39%, 4=5.37%, 10=46.90%, 20=45.21%, 50=1.68%
  cpu          : usr=3.91%, sys=34.08%, ctx=9306, majf=0, minf=41
  IO depths    : 1=0.2%, 2=0.2%, 4=0.4%, 8=0.8%, 16=98.5%, 32=0.0%, >=64=0.0%
     submit    : 0=0.0%, 4=100.0%, 8=0.0%, 16=0.0%, 32=0.0%, 64=0.0%, >=64=0.0%
     complete  : 0=0.0%, 4=99.9%, 8=0.0%, 16=0.1%, 32=0.0%, 64=0.0%, >=64=0.0%
     issued rwts: total=0,4096,0,4 short=0,0,0,0 dropped=0,0,0,0
     latency   : target=0, window=0, percentile=100.00%, depth=16

Run status group 0 (all jobs):
  WRITE: bw=655MiB/s (687MB/s), 655MiB/s-655MiB/s (687MB/s-687MB/s), io=512MiB (537MB), run=782-782msec
