randread: (g=0): rw=randread, bs=(R) 4096B-4096B, (W) 4096B-4096B, (T) 4096B-4096B, ioengine=psync, iodepth=1
fio-3.16
Starting 1 process

randread: (groupid=0, jobs=1): err= 0: pid=60093: Mon Oct 27 01:52:27 2025
  read: IOPS=9285, BW=36.3MiB/s (38.0MB/s)(128MiB/3529msec)
    clat (nsec): min=734, max=13338k, avg=106922.23, stdev=569724.35
     lat (nsec): min=769, max=13338k, avg=106995.04, stdev=569724.34
    clat percentiles (nsec):
     |  1.00th=[    1592],  5.00th=[    2040], 10.00th=[    2416],
     | 20.00th=[    3088], 30.00th=[    4320], 40.00th=[   36096],
     | 50.00th=[   76288], 60.00th=[   83456], 70.00th=[   91648],
     | 80.00th=[  104960], 90.00th=[  138240], 95.00th=[  175104],
     | 99.00th=[  321536], 99.50th=[ 3522560], 99.90th=[10158080],
     | 99.95th=[11337728], 99.99th=[12779520]
   bw (  KiB/s): min=26608, max=64128, per=98.92%, avg=36738.29, stdev=12718.73, samples=7
   iops        : min= 6652, max=16032, avg=9184.57, stdev=3179.68, samples=7
  lat (nsec)   : 750=0.01%, 1000=0.03%
  lat (usec)   : 2=4.34%, 4=24.08%, 10=6.89%, 20=1.11%, 50=5.43%
  lat (usec)   : 100=35.10%, 250=21.35%, 500=0.92%, 750=0.04%, 1000=0.01%
  lat (msec)   : 2=0.07%, 4=0.17%, 10=0.35%, 20=0.10%
  cpu          : usr=1.08%, sys=11.31%, ctx=20934, majf=0, minf=9
  IO depths    : 1=100.0%, 2=0.0%, 4=0.0%, 8=0.0%, 16=0.0%, 32=0.0%, >=64=0.0%
     submit    : 0=0.0%, 4=100.0%, 8=0.0%, 16=0.0%, 32=0.0%, 64=0.0%, >=64=0.0%
     complete  : 0=0.0%, 4=100.0%, 8=0.0%, 16=0.0%, 32=0.0%, 64=0.0%, >=64=0.0%
     issued rwts: total=32768,0,0,0 short=0,0,0,0 dropped=0,0,0,0
     latency   : target=0, window=0, percentile=100.00%, depth=1

Run status group 0 (all jobs):
   READ: bw=36.3MiB/s (38.0MB/s), 36.3MiB/s-36.3MiB/s (38.0MB/s-38.0MB/s), io=128MiB (134MB), run=3529-3529msec
