randwrite: (g=0): rw=randwrite, bs=(R) 128KiB-128KiB, (W) 128KiB-128KiB, (T) 128KiB-128KiB, ioengine=psync, iodepth=1
...
fio-3.16
Starting 2 processes

randwrite: (groupid=0, jobs=2): err= 0: pid=63740: Mon Oct 27 01:57:51 2025
  write: IOPS=6301, BW=788MiB/s (826MB/s)(256MiB/325msec); 0 zone resets
    clat (usec): min=46, max=3112, avg=258.77, stdev=253.13
     lat (usec): min=47, max=3112, avg=260.18, stdev=253.58
    clat percentiles (usec):
     |  1.00th=[   86],  5.00th=[   97], 10.00th=[  106], 20.00th=[  126],
     | 30.00th=[  159], 40.00th=[  192], 50.00th=[  219], 60.00th=[  239],
     | 70.00th=[  273], 80.00th=[  306], 90.00th=[  379], 95.00th=[  441],
     | 99.00th=[ 1598], 99.50th=[ 1991], 99.90th=[ 2638], 99.95th=[ 2671],
     | 99.99th=[ 3097]
  lat (usec)   : 50=0.05%, 100=6.98%, 250=56.35%, 500=32.81%, 750=0.98%
  lat (usec)   : 1000=0.34%
  lat (msec)   : 2=2.00%, 4=0.49%
  cpu          : usr=0.66%, sys=37.11%, ctx=2528, majf=0, minf=21
  IO depths    : 1=100.1%, 2=0.0%, 4=0.0%, 8=0.0%, 16=0.0%, 32=0.0%, >=64=0.0%
     submit    : 0=0.0%, 4=100.0%, 8=0.0%, 16=0.0%, 32=0.0%, 64=0.0%, >=64=0.0%
     complete  : 0=0.0%, 4=100.0%, 8=0.0%, 16=0.0%, 32=0.0%, 64=0.0%, >=64=0.0%
     issued rwts: total=0,2048,0,2 short=0,0,0,0 dropped=0,0,0,0
     latency   : target=0, window=0, percentile=100.00%, depth=1

Run status group 0 (all jobs):
  WRITE: bw=788MiB/s (826MB/s), 788MiB/s-788MiB/s (826MB/s-826MB/s), io=256MiB (268MB), run=325-325msec
