randread: (g=0): rw=randread, bs=(R) 128KiB-128KiB, (W) 128KiB-128KiB, (T) 128KiB-128KiB, ioengine=psync, iodepth=1
...
fio-3.16
Starting 16 processes

randread: (groupid=0, jobs=16): err= 0: pid=61335: Mon Oct 27 01:54:27 2025
  read: IOPS=13.2k, BW=1649MiB/s (1729MB/s)(2048MiB/1242msec)
    clat (usec): min=10, max=30648, avg=1159.79, stdev=1724.16
     lat (usec): min=10, max=30649, avg=1160.07, stdev=1724.20
    clat percentiles (usec):
     |  1.00th=[   48],  5.00th=[   88], 10.00th=[  135], 20.00th=[  247],
     | 30.00th=[  375], 40.00th=[  668], 50.00th=[  922], 60.00th=[ 1106],
     | 70.00th=[ 1270], 80.00th=[ 1450], 90.00th=[ 1811], 95.00th=[ 3720],
     | 99.00th=[ 8291], 99.50th=[13829], 99.90th=[20579], 99.95th=[22152],
     | 99.99th=[26084]
   bw (  MiB/s): min= 1311, max= 1785, per=93.92%, avg=1548.62, stdev=16.03, samples=32
   iops        : min=10492, max=14286, avg=12389.00, stdev=128.23, samples=32
  lat (usec)   : 20=0.09%, 50=1.01%, 100=5.29%, 250=13.87%, 500=14.67%
  lat (usec)   : 750=7.75%, 1000=11.57%
  lat (msec)   : 2=37.52%, 4=3.92%, 10=3.52%, 20=0.69%, 50=0.11%
  cpu          : usr=0.54%, sys=33.80%, ctx=21154, majf=0, minf=670
  IO depths    : 1=100.0%, 2=0.0%, 4=0.0%, 8=0.0%, 16=0.0%, 32=0.0%, >=64=0.0%
     submit    : 0=0.0%, 4=100.0%, 8=0.0%, 16=0.0%, 32=0.0%, 64=0.0%, >=64=0.0%
     complete  : 0=0.0%, 4=100.0%, 8=0.0%, 16=0.0%, 32=0.0%, 64=0.0%, >=64=0.0%
     issued rwts: total=16384,0,0,0 short=0,0,0,0 dropped=0,0,0,0
     latency   : target=0, window=0, percentile=100.00%, depth=1

Run status group 0 (all jobs):
   READ: bw=1649MiB/s (1729MB/s), 1649MiB/s-1649MiB/s (1729MB/s-1729MB/s), io=2048MiB (2147MB), run=1242-1242msec
