randread: (g=0): rw=randread, bs=(R) 128KiB-128KiB, (W) 128KiB-128KiB, (T) 128KiB-128KiB, ioengine=libaio, iodepth=16
...
fio-3.16
Starting 8 processes

randread: (groupid=0, jobs=8): err= 0: pid=13963: Wed Oct 22 07:21:19 2025
  read: IOPS=5897, BW=737MiB/s (773MB/s)(1024MiB/1389msec)
    slat (usec): min=33, max=28403, avg=1282.92, stdev=1699.88
    clat (usec): min=2, max=53653, avg=19088.85, stdev=8516.07
     lat (usec): min=182, max=54279, avg=20373.59, stdev=8905.88
    clat percentiles (usec):
     |  1.00th=[ 4948],  5.00th=[ 7767], 10.00th=[ 9634], 20.00th=[11863],
     | 30.00th=[13829], 40.00th=[15795], 50.00th=[17957], 60.00th=[19792],
     | 70.00th=[22152], 80.00th=[25297], 90.00th=[30278], 95.00th=[35914],
     | 99.00th=[45351], 99.50th=[48497], 99.90th=[51643], 99.95th=[52167],
     | 99.99th=[53740]
   bw (  KiB/s): min=581376, max=831744, per=93.59%, avg=706560.00, stdev=16546.53, samples=16
   iops        : min= 4542, max= 6498, avg=5520.00, stdev=129.27, samples=16
  lat (usec)   : 4=0.02%, 10=0.07%, 250=0.01%, 750=0.01%, 1000=0.05%
  lat (msec)   : 2=0.17%, 4=0.24%, 10=10.74%, 20=49.74%, 50=38.68%
  lat (msec)   : 100=0.24%
  cpu          : usr=0.58%, sys=33.29%, ctx=19823, majf=0, minf=4189
  IO depths    : 1=0.1%, 2=0.2%, 4=0.4%, 8=0.8%, 16=98.5%, 32=0.0%, >=64=0.0%
     submit    : 0=0.0%, 4=100.0%, 8=0.0%, 16=0.0%, 32=0.0%, 64=0.0%, >=64=0.0%
     complete  : 0=0.0%, 4=99.9%, 8=0.0%, 16=0.1%, 32=0.0%, 64=0.0%, >=64=0.0%
     issued rwts: total=8192,0,0,0 short=0,0,0,0 dropped=0,0,0,0
     latency   : target=0, window=0, percentile=100.00%, depth=16

Run status group 0 (all jobs):
   READ: bw=737MiB/s (773MB/s), 737MiB/s-737MiB/s (773MB/s-773MB/s), io=1024MiB (1074MB), run=1389-1389msec
