read: (g=0): rw=read, bs=(R) 4096B-4096B, (W) 4096B-4096B, (T) 4096B-4096B, ioengine=psync, iodepth=1
...
fio-3.16
Starting 32 processes

read: (groupid=0, jobs=32): err= 0: pid=59266: Mon Oct 27 01:51:20 2025
  read: IOPS=294k, BW=1147MiB/s (1203MB/s)(4096MiB/3570msec)
    clat (nsec): min=410, max=107715k, avg=104510.38, stdev=1012084.03
     lat (nsec): min=438, max=107715k, avg=104699.58, stdev=1012217.66
    clat percentiles (nsec):
     |  1.00th=[     836],  5.00th=[    1768], 10.00th=[    2992],
     | 20.00th=[    4576], 30.00th=[    5792], 40.00th=[    6944],
     | 50.00th=[    8256], 60.00th=[    9664], 70.00th=[   11584],
     | 80.00th=[   14528], 90.00th=[   20352], 95.00th=[   27776],
     | 99.00th=[ 2867200], 99.50th=[ 6389760], 99.90th=[15269888],
     | 99.95th=[19267584], 99.99th=[28180480]
   bw (  MiB/s): min= 1004, max= 1290, per=100.00%, avg=1149.12, stdev= 3.23, samples=212
   iops        : min=257088, max=330326, avg=294174.45, stdev=827.48, samples=212
  lat (nsec)   : 500=0.04%, 750=0.65%, 1000=0.98%
  lat (usec)   : 2=4.29%, 4=9.81%, 10=46.06%, 20=27.70%, 50=8.05%
  lat (usec)   : 100=0.33%, 250=0.15%, 500=0.16%, 750=0.06%, 1000=0.10%
  lat (msec)   : 2=0.42%, 4=0.39%, 10=0.54%, 20=0.22%, 50=0.04%
  lat (msec)   : 100=0.01%, 250=0.01%
  cpu          : usr=1.74%, sys=33.33%, ctx=47547, majf=0, minf=472
  IO depths    : 1=100.0%, 2=0.0%, 4=0.0%, 8=0.0%, 16=0.0%, 32=0.0%, >=64=0.0%
     submit    : 0=0.0%, 4=100.0%, 8=0.0%, 16=0.0%, 32=0.0%, 64=0.0%, >=64=0.0%
     complete  : 0=0.0%, 4=100.0%, 8=0.0%, 16=0.0%, 32=0.0%, 64=0.0%, >=64=0.0%
     issued rwts: total=1048576,0,0,0 short=0,0,0,0 dropped=0,0,0,0
     latency   : target=0, window=0, percentile=100.00%, depth=1

Run status group 0 (all jobs):
   READ: bw=1147MiB/s (1203MB/s), 1147MiB/s-1147MiB/s (1203MB/s-1203MB/s), io=4096MiB (4295MB), run=3570-3570msec
