write: (g=0): rw=write, bs=(R) 4096B-4096B, (W) 4096B-4096B, (T) 4096B-4096B, ioengine=psync, iodepth=1
...
fio-3.16
Starting 4 processes

write: (groupid=0, jobs=4): err= 0: pid=61762: Mon Oct 27 01:55:04 2025
  write: IOPS=179k, BW=698MiB/s (732MB/s)(512MiB/733msec); 0 zone resets
    clat (usec): min=7, max=2617, avg=16.65, stdev=27.15
     lat (usec): min=7, max=2617, avg=16.72, stdev=27.15
    clat percentiles (usec):
     |  1.00th=[   10],  5.00th=[   11], 10.00th=[   11], 20.00th=[   12],
     | 30.00th=[   12], 40.00th=[   13], 50.00th=[   14], 60.00th=[   15],
     | 70.00th=[   17], 80.00th=[   19], 90.00th=[   24], 95.00th=[   32],
     | 99.00th=[   53], 99.50th=[   65], 99.90th=[  169], 99.95th=[  285],
     | 99.99th=[ 1631]
   bw (  KiB/s): min=926768, max=926768, per=100.00%, avg=926768.00, stdev= 0.00, samples=4
   iops        : min=231692, max=231692, avg=231692.00, stdev= 0.00, samples=4
  lat (usec)   : 10=3.94%, 20=79.83%, 50=15.03%, 100=1.05%, 250=0.09%
  lat (usec)   : 500=0.04%, 750=0.01%, 1000=0.01%
  lat (msec)   : 2=0.01%, 4=0.01%
  cpu          : usr=3.44%, sys=29.38%, ctx=132224, majf=0, minf=46
  IO depths    : 1=100.0%, 2=0.0%, 4=0.0%, 8=0.0%, 16=0.0%, 32=0.0%, >=64=0.0%
     submit    : 0=0.0%, 4=100.0%, 8=0.0%, 16=0.0%, 32=0.0%, 64=0.0%, >=64=0.0%
     complete  : 0=0.0%, 4=100.0%, 8=0.0%, 16=0.0%, 32=0.0%, 64=0.0%, >=64=0.0%
     issued rwts: total=0,131072,0,4 short=0,0,0,0 dropped=0,0,0,0
     latency   : target=0, window=0, percentile=100.00%, depth=1

Run status group 0 (all jobs):
  WRITE: bw=698MiB/s (732MB/s), 698MiB/s-698MiB/s (732MB/s-732MB/s), io=512MiB (537MB), run=733-733msec
