write: (g=0): rw=write, bs=(R) 128KiB-128KiB, (W) 128KiB-128KiB, (T) 128KiB-128KiB, ioengine=libaio, iodepth=16
...
fio-3.16
Starting 2 processes

write: (groupid=0, jobs=2): err= 0: pid=14570: Wed Oct 22 07:25:13 2025
  write: IOPS=2981, BW=373MiB/s (391MB/s)(256MiB/687msec); 0 zone resets
    slat (usec): min=145, max=13005, avg=579.12, stdev=690.42
    clat (nsec): min=1548, max=28940k, avg=8669094.38, stdev=5265846.72
     lat (usec): min=241, max=29549, avg=9248.86, stdev=5534.07
    clat percentiles (usec):
     |  1.00th=[ 2671],  5.00th=[ 3130], 10.00th=[ 3458], 20.00th=[ 4113],
     | 30.00th=[ 4883], 40.00th=[ 5735], 50.00th=[ 7177], 60.00th=[ 8979],
     | 70.00th=[10683], 80.00th=[12518], 90.00th=[15664], 95.00th=[19006],
     | 99.00th=[25297], 99.50th=[26608], 99.90th=[28705], 99.95th=[28967],
     | 99.99th=[28967]
   bw (  KiB/s): min=408832, max=408832, per=100.00%, avg=408832.00, stdev= 0.00, samples=2
   iops        : min= 3194, max= 3194, avg=3194.00, stdev= 0.00, samples=2
  lat (usec)   : 2=0.05%, 4=0.05%, 250=0.05%, 500=0.10%, 750=0.10%
  lat (usec)   : 1000=0.10%
  lat (msec)   : 2=0.29%, 4=17.43%, 10=48.29%, 20=29.20%, 50=4.35%
  cpu          : usr=2.43%, sys=31.91%, ctx=4765, majf=0, minf=25
  IO depths    : 1=0.2%, 2=0.2%, 4=0.4%, 8=0.8%, 16=98.5%, 32=0.0%, >=64=0.0%
     submit    : 0=0.0%, 4=100.0%, 8=0.0%, 16=0.0%, 32=0.0%, 64=0.0%, >=64=0.0%
     complete  : 0=0.0%, 4=99.9%, 8=0.0%, 16=0.1%, 32=0.0%, 64=0.0%, >=64=0.0%
     issued rwts: total=0,2048,0,2 short=0,0,0,0 dropped=0,0,0,0
     latency   : target=0, window=0, percentile=100.00%, depth=16

Run status group 0 (all jobs):
  WRITE: bw=373MiB/s (391MB/s), 373MiB/s-373MiB/s (391MB/s-391MB/s), io=256MiB (268MB), run=687-687msec
