/usr/bin/java  -classpath /home/ldy/src/YCSB/conf:/home/ldy/src/YCSB/core/target/core-0.17.0.jar:/home/ldy/src/YCSB/rocksdb/target/rocksdb-binding-0.17.0.jar:/home/ldy/src/YCSB/rocksdb/target/dependency/HdrHistogram-2.1.4.jar:/home/ldy/src/YCSB/rocksdb/target/dependency/htrace-core4-4.1.0-incubating.jar:/home/ldy/src/YCSB/rocksdb/target/dependency/jcip-annotations-1.0.jar:/home/ldy/src/YCSB/rocksdb/target/dependency/rocksdbjni-5.11.3.jar:/home/ldy/src/YCSB/rocksdb/target/dependency/slf4j-api-1.7.25.jar:/home/ldy/src/YCSB/rocksdb/target/dependency/slf4j-simple-1.7.25.jar site.ycsb.Client -t -db site.ycsb.db.rocksdb.RocksDBClient -P ../../../YCSB/LDY_bound_setting/cpu_bound_run.properties -p rocksdb.dir=/mnt/test -p rocksdb.optionsfile=../../../YCSB/LDY_bound_setting/cpu_bound.ini
Command line: -t -db site.ycsb.db.rocksdb.RocksDBClient -P ../../../YCSB/LDY_bound_setting/cpu_bound_run.properties -p rocksdb.dir=/mnt/test -p rocksdb.optionsfile=../../../YCSB/LDY_bound_setting/cpu_bound.ini
YCSB Client 0.17.0

Loading workload...
Starting test.
[Thread-1] INFO site.ycsb.db.rocksdb.RocksDBClient - RocksDB data dir: /mnt/test
DBWrapper: report latency for each error is false and specific error codes to track for latency are: []
[OVERALL], RunTime(ms), 99313
[OVERALL], Throughput(ops/sec), 8055.340187085276
[TOTAL_GCS_G1_Young_Generation], Count, 15
[TOTAL_GC_TIME_G1_Young_Generation], Time(ms), 98
[TOTAL_GC_TIME_%_G1_Young_Generation], Time(%), 0.09867791729179463
[TOTAL_GCS_G1_Old_Generation], Count, 0
[TOTAL_GC_TIME_G1_Old_Generation], Time(ms), 0
[TOTAL_GC_TIME_%_G1_Old_Generation], Time(%), 0.0
[TOTAL_GCs], Count, 15
[TOTAL_GC_TIME], Time(ms), 98
[TOTAL_GC_TIME_%], Time(%), 0.09867791729179463
[READ], Operations, 399286
[READ], AverageLatency(us), 66.62477271930396
[READ], MinLatency(us), 1
[READ], MaxLatency(us), 17055
[READ], 95thPercentileLatency(us), 154
[READ], 99thPercentileLatency(us), 353
[READ], Return=OK, 399286
[CLEANUP], Operations, 1
[CLEANUP], AverageLatency(us), 190400.0
[CLEANUP], MinLatency(us), 190336
[CLEANUP], MaxLatency(us), 190463
[CLEANUP], 95thPercentileLatency(us), 190463
[CLEANUP], 99thPercentileLatency(us), 190463
[UPDATE], Operations, 400714
[UPDATE], AverageLatency(us), 173.5620217911029
[UPDATE], MinLatency(us), 51
[UPDATE], MaxLatency(us), 19199
[UPDATE], 95thPercentileLatency(us), 287
[UPDATE], 99thPercentileLatency(us), 1112
[UPDATE], Return=OK, 400714
