randread: (g=0): rw=randread, bs=(R) 4096B-4096B, (W) 4096B-4096B, (T) 4096B-4096B, ioengine=psync, iodepth=1
fio-3.16
Starting 1 process

randread: (groupid=0, jobs=1): err= 0: pid=402973: Wed Oct  1 10:17:57 2025
  read: IOPS=20.0k, BW=78.2MiB/s (82.0MB/s)(2348MiB/30001msec)
    clat (usec): min=25, max=7953, avg=49.18, stdev=18.38
     lat (usec): min=25, max=7953, avg=49.25, stdev=18.39
    clat percentiles (usec):
     |  1.00th=[   45],  5.00th=[   46], 10.00th=[   46], 20.00th=[   46],
     | 30.00th=[   47], 40.00th=[   48], 50.00th=[   49], 60.00th=[   49],
     | 70.00th=[   49], 80.00th=[   50], 90.00th=[   53], 95.00th=[   65],
     | 99.00th=[   69], 99.50th=[   71], 99.90th=[   74], 99.95th=[   80],
     | 99.99th=[  141]
   bw (  KiB/s): min=70960, max=84448, per=100.00%, avg=80126.78, stdev=2448.61, samples=59
   iops        : min=17740, max=21112, avg=20031.69, stdev=612.15, samples=59
  lat (usec)   : 50=81.81%, 100=18.17%, 250=0.02%, 500=0.01%, 750=0.01%
  lat (msec)   : 2=0.01%, 4=0.01%, 10=0.01%
  cpu          : usr=1.99%, sys=11.39%, ctx=601282, majf=0, minf=11
  IO depths    : 1=100.0%, 2=0.0%, 4=0.0%, 8=0.0%, 16=0.0%, 32=0.0%, >=64=0.0%
     submit    : 0=0.0%, 4=100.0%, 8=0.0%, 16=0.0%, 32=0.0%, 64=0.0%, >=64=0.0%
     complete  : 0=0.0%, 4=100.0%, 8=0.0%, 16=0.0%, 32=0.0%, 64=0.0%, >=64=0.0%
     issued rwts: total=600961,0,0,0 short=0,0,0,0 dropped=0,0,0,0
     latency   : target=0, window=0, percentile=100.00%, depth=1

Run status group 0 (all jobs):
   READ: bw=78.2MiB/s (82.0MB/s), 78.2MiB/s-78.2MiB/s (82.0MB/s-82.0MB/s), io=2348MiB (2462MB), run=30001-30001msec

Disk stats (read/write):
  nvme1n1: ios=598748/8, merge=0/8, ticks=26661/0, in_queue=26661, util=99.18%
