randwrite: (g=0): rw=randwrite, bs=(R) 4096B-4096B, (W) 4096B-4096B, (T) 4096B-4096B, ioengine=psync, iodepth=1
...
fio-3.16
Starting 16 processes

randwrite: (groupid=0, jobs=16): err= 0: pid=255656: Mon Oct 27 07:33:54 2025
  write: IOPS=346k, BW=1351MiB/s (1417MB/s)(2048MiB/1516msec); 0 zone resets
    clat (usec): min=5, max=23857, avg=25.32, stdev=126.04
     lat (usec): min=5, max=23857, avg=25.44, stdev=126.06
    clat percentiles (usec):
     |  1.00th=[    9],  5.00th=[   11], 10.00th=[   12], 20.00th=[   14],
     | 30.00th=[   15], 40.00th=[   17], 50.00th=[   18], 60.00th=[   20],
     | 70.00th=[   22], 80.00th=[   26], 90.00th=[   34], 95.00th=[   44],
     | 99.00th=[   97], 99.50th=[  149], 99.90th=[ 1270], 99.95th=[ 1745],
     | 99.99th=[ 3720]
   bw (  MiB/s): min= 2261, max= 2261, per=100.00%, avg=2261.45, stdev= 0.00, samples=16
   iops        : min=578932, max=578932, avg=578932.00, stdev= 0.00, samples=16
  lat (usec)   : 10=3.83%, 20=59.21%, 50=33.33%, 100=2.68%, 250=0.61%
  lat (usec)   : 500=0.09%, 750=0.06%, 1000=0.05%
  lat (msec)   : 2=0.10%, 4=0.03%, 10=0.01%, 20=0.01%, 50=0.01%
  cpu          : usr=2.09%, sys=27.05%, ctx=529590, majf=0, minf=140
  IO depths    : 1=100.0%, 2=0.0%, 4=0.0%, 8=0.0%, 16=0.0%, 32=0.0%, >=64=0.0%
     submit    : 0=0.0%, 4=100.0%, 8=0.0%, 16=0.0%, 32=0.0%, 64=0.0%, >=64=0.0%
     complete  : 0=0.0%, 4=100.0%, 8=0.0%, 16=0.0%, 32=0.0%, 64=0.0%, >=64=0.0%
     issued rwts: total=0,524288,0,16 short=0,0,0,0 dropped=0,0,0,0
     latency   : target=0, window=0, percentile=100.00%, depth=1

Run status group 0 (all jobs):
  WRITE: bw=1351MiB/s (1417MB/s), 1351MiB/s-1351MiB/s (1417MB/s-1417MB/s), io=2048MiB (2147MB), run=1516-1516msec
