randread: (g=0): rw=randread, bs=(R) 4096B-4096B, (W) 4096B-4096B, (T) 4096B-4096B, ioengine=psync, iodepth=1
...
fio-3.16
Starting 2 processes

randread: (groupid=0, jobs=2): err= 0: pid=291331: Mon Oct 27 08:33:52 2025
  read: IOPS=8365, BW=32.7MiB/s (34.3MB/s)(256MiB/7834msec)
    clat (nsec): min=376, max=31121k, avg=237169.10, stdev=883292.35
     lat (nsec): min=402, max=31121k, avg=237251.39, stdev=883292.74
    clat percentiles (nsec):
     |  1.00th=[    1864],  5.00th=[    2416], 10.00th=[    2864],
     | 20.00th=[    3600], 30.00th=[    4704], 40.00th=[   49920],
     | 50.00th=[  115200], 60.00th=[  128512], 70.00th=[  144384],
     | 80.00th=[  171008], 90.00th=[  264192], 95.00th=[  921600],
     | 99.00th=[ 3293184], 99.50th=[ 5275648], 99.90th=[12517376],
     | 99.95th=[16908288], 99.99th=[26345472]
   bw (  KiB/s): min=15704, max=51904, per=97.16%, avg=32510.40, stdev=5046.95, samples=30
   iops        : min= 3926, max=12976, avg=8127.47, stdev=1261.74, samples=30
  lat (nsec)   : 500=0.01%, 1000=0.01%
  lat (usec)   : 2=1.71%, 4=22.87%, 10=11.57%, 20=0.55%, 50=3.29%
  lat (usec)   : 100=3.56%, 250=45.81%, 500=3.50%, 750=1.38%, 1000=1.05%
  lat (msec)   : 2=2.55%, 4=1.44%, 10=0.57%, 20=0.15%, 50=0.02%
  cpu          : usr=0.68%, sys=6.76%, ctx=41945, majf=0, minf=25
  IO depths    : 1=100.0%, 2=0.0%, 4=0.0%, 8=0.0%, 16=0.0%, 32=0.0%, >=64=0.0%
     submit    : 0=0.0%, 4=100.0%, 8=0.0%, 16=0.0%, 32=0.0%, 64=0.0%, >=64=0.0%
     complete  : 0=0.0%, 4=100.0%, 8=0.0%, 16=0.0%, 32=0.0%, 64=0.0%, >=64=0.0%
     issued rwts: total=65536,0,0,0 short=0,0,0,0 dropped=0,0,0,0
     latency   : target=0, window=0, percentile=100.00%, depth=1

Run status group 0 (all jobs):
   READ: bw=32.7MiB/s (34.3MB/s), 32.7MiB/s-32.7MiB/s (34.3MB/s-34.3MB/s), io=256MiB (268MB), run=7834-7834msec
