randread: (g=0): rw=randread, bs=(R) 4096B-4096B, (W) 4096B-4096B, (T) 4096B-4096B, ioengine=psync, iodepth=1
...
fio-3.16
Starting 32 processes

randread: (groupid=0, jobs=32): err= 0: pid=177220: Mon Oct 27 05:34:38 2025
  read: IOPS=156k, BW=611MiB/s (640MB/s)(4096MiB/6706msec)
    clat (nsec): min=360, max=47742k, avg=200766.46, stdev=781313.75
     lat (nsec): min=387, max=47742k, avg=200830.97, stdev=781314.34
    clat percentiles (nsec):
     |  1.00th=[    1416],  5.00th=[    1816], 10.00th=[    2096],
     | 20.00th=[    2608], 30.00th=[    3568], 40.00th=[   32640],
     | 50.00th=[   69120], 60.00th=[   75264], 70.00th=[   81408],
     | 80.00th=[   95744], 90.00th=[  191488], 95.00th=[ 1171456],
     | 99.00th=[ 2506752], 99.50th=[ 3883008], 99.90th=[10420224],
     | 99.95th=[14352384], 99.99th=[25034752]
   bw (  KiB/s): min=154655, max=1083704, per=99.79%, avg=624150.58, stdev=8012.88, samples=415
   iops        : min=38662, max=270926, avg=156036.91, stdev=2003.23, samples=415
  lat (nsec)   : 500=0.01%, 750=0.01%, 1000=0.03%
  lat (usec)   : 2=8.15%, 4=23.66%, 10=4.35%, 20=0.81%, 50=4.81%
  lat (usec)   : 100=39.92%, 250=8.67%, 500=0.64%, 750=1.01%, 1000=1.62%
  lat (msec)   : 2=4.83%, 4=1.02%, 10=0.37%, 20=0.09%, 50=0.02%
  cpu          : usr=0.65%, sys=4.80%, ctx=667636, majf=0, minf=348
  IO depths    : 1=100.0%, 2=0.0%, 4=0.0%, 8=0.0%, 16=0.0%, 32=0.0%, >=64=0.0%
     submit    : 0=0.0%, 4=100.0%, 8=0.0%, 16=0.0%, 32=0.0%, 64=0.0%, >=64=0.0%
     complete  : 0=0.0%, 4=100.0%, 8=0.0%, 16=0.0%, 32=0.0%, 64=0.0%, >=64=0.0%
     issued rwts: total=1048576,0,0,0 short=0,0,0,0 dropped=0,0,0,0
     latency   : target=0, window=0, percentile=100.00%, depth=1

Run status group 0 (all jobs):
   READ: bw=611MiB/s (640MB/s), 611MiB/s-611MiB/s (640MB/s-640MB/s), io=4096MiB (4295MB), run=6706-6706msec
