randwrite: (g=0): rw=randwrite, bs=(R) 128KiB-128KiB, (W) 128KiB-128KiB, (T) 128KiB-128KiB, ioengine=psync, iodepth=1
...
fio-3.16
Starting 16 processes

randwrite: (groupid=0, jobs=16): err= 0: pid=295862: Mon Oct 27 08:40:48 2025
  write: IOPS=9421, BW=1178MiB/s (1235MB/s)(2048MiB/1739msec); 0 zone resets
    clat (usec): min=36, max=42599, avg=1239.08, stdev=1933.50
     lat (usec): min=37, max=42601, avg=1246.20, stdev=1942.81
    clat percentiles (usec):
     |  1.00th=[  135],  5.00th=[  180], 10.00th=[  212], 20.00th=[  265],
     | 30.00th=[  326], 40.00th=[  412], 50.00th=[  578], 60.00th=[  857],
     | 70.00th=[ 1237], 80.00th=[ 1795], 90.00th=[ 2900], 95.00th=[ 4228],
     | 99.00th=[ 8291], 99.50th=[10421], 99.90th=[26608], 99.95th=[32113],
     | 99.99th=[41157]
   bw (  MiB/s): min= 1143, max= 1627, per=100.00%, avg=1375.42, stdev=20.93, samples=31
   iops        : min= 9147, max=13015, avg=10999.67, stdev=167.36, samples=31
  lat (usec)   : 50=0.02%, 100=0.20%, 250=17.05%, 500=28.89%, 750=10.27%
  lat (usec)   : 1000=7.57%
  lat (msec)   : 2=18.43%, 4=12.07%, 10=4.91%, 20=0.45%, 50=0.14%
  cpu          : usr=0.57%, sys=13.76%, ctx=1270976, majf=0, minf=136
  IO depths    : 1=100.1%, 2=0.0%, 4=0.0%, 8=0.0%, 16=0.0%, 32=0.0%, >=64=0.0%
     submit    : 0=0.0%, 4=100.0%, 8=0.0%, 16=0.0%, 32=0.0%, 64=0.0%, >=64=0.0%
     complete  : 0=0.0%, 4=100.0%, 8=0.0%, 16=0.0%, 32=0.0%, 64=0.0%, >=64=0.0%
     issued rwts: total=0,16384,0,16 short=0,0,0,0 dropped=0,0,0,0
     latency   : target=0, window=0, percentile=100.00%, depth=1

Run status group 0 (all jobs):
  WRITE: bw=1178MiB/s (1235MB/s), 1178MiB/s-1178MiB/s (1235MB/s-1235MB/s), io=2048MiB (2147MB), run=1739-1739msec
