read: (g=0): rw=read, bs=(R) 128KiB-128KiB, (W) 128KiB-128KiB, (T) 128KiB-128KiB, ioengine=psync, iodepth=1
fio-3.16
Starting 1 process

read: (groupid=0, jobs=1): err= 0: pid=175806: Mon Oct 27 05:32:38 2025
  read: IOPS=3390, BW=424MiB/s (444MB/s)(128MiB/302msec)
    clat (usec): min=10, max=7069, avg=293.21, stdev=703.35
     lat (usec): min=10, max=7069, avg=293.40, stdev=703.30
    clat percentiles (usec):
     |  1.00th=[   13],  5.00th=[   16], 10.00th=[   17], 20.00th=[   24],
     | 30.00th=[   44], 40.00th=[   58], 50.00th=[  106], 60.00th=[  157],
     | 70.00th=[  241], 80.00th=[  347], 90.00th=[  482], 95.00th=[  717],
     | 99.00th=[ 4359], 99.50th=[ 5145], 99.90th=[ 5866], 99.95th=[ 7046],
     | 99.99th=[ 7046]
  lat (usec)   : 20=17.29%, 50=18.36%, 100=13.67%, 250=21.09%, 500=19.63%
  lat (usec)   : 750=5.27%, 1000=0.20%
  lat (msec)   : 2=1.17%, 4=2.05%, 10=1.27%
  cpu          : usr=0.00%, sys=30.56%, ctx=521, majf=0, minf=42
  IO depths    : 1=100.0%, 2=0.0%, 4=0.0%, 8=0.0%, 16=0.0%, 32=0.0%, >=64=0.0%
     submit    : 0=0.0%, 4=100.0%, 8=0.0%, 16=0.0%, 32=0.0%, 64=0.0%, >=64=0.0%
     complete  : 0=0.0%, 4=100.0%, 8=0.0%, 16=0.0%, 32=0.0%, 64=0.0%, >=64=0.0%
     issued rwts: total=1024,0,0,0 short=0,0,0,0 dropped=0,0,0,0
     latency   : target=0, window=0, percentile=100.00%, depth=1

Run status group 0 (all jobs):
   READ: bw=424MiB/s (444MB/s), 424MiB/s-424MiB/s (444MB/s-444MB/s), io=128MiB (134MB), run=302-302msec
