read: (g=0): rw=read, bs=(R) 4096B-4096B, (W) 4096B-4096B, (T) 4096B-4096B, ioengine=psync, iodepth=1
...
fio-3.16
Starting 4 processes

read: (groupid=0, jobs=4): err= 0: pid=250270: Mon Oct 27 07:26:00 2025
  read: IOPS=194k, BW=760MiB/s (797MB/s)(512MiB/674msec)
    clat (nsec): min=412, max=27023k, avg=19162.87, stdev=227765.64
     lat (nsec): min=438, max=27023k, avg=19225.67, stdev=227810.42
    clat percentiles (nsec):
     |  1.00th=[    524],  5.00th=[    612], 10.00th=[    724],
     | 20.00th=[   1048], 30.00th=[   1416], 40.00th=[   1864],
     | 50.00th=[   2448], 60.00th=[   3184], 70.00th=[   3920],
     | 80.00th=[   4768], 90.00th=[   6112], 95.00th=[   7904],
     | 99.00th=[ 473088], 99.50th=[ 905216], 99.90th=[2703360],
     | 99.95th=[4292608], 99.99th=[8093696]
   bw (  KiB/s): min=825294, max=825294, per=100.00%, avg=825294.00, stdev= 0.00, samples=4
   iops        : min=206323, max=206323, avg=206323.00, stdev= 0.00, samples=4
  lat (nsec)   : 500=0.42%, 750=10.47%, 1000=7.80%
  lat (usec)   : 2=23.83%, 4=28.50%, 10=25.76%, 20=1.07%, 50=0.20%
  lat (usec)   : 100=0.26%, 250=0.38%, 500=0.34%, 750=0.29%, 1000=0.26%
  lat (msec)   : 2=0.25%, 4=0.11%, 10=0.05%, 20=0.01%, 50=0.01%
  cpu          : usr=1.83%, sys=39.25%, ctx=2958, majf=0, minf=46
  IO depths    : 1=100.0%, 2=0.0%, 4=0.0%, 8=0.0%, 16=0.0%, 32=0.0%, >=64=0.0%
     submit    : 0=0.0%, 4=100.0%, 8=0.0%, 16=0.0%, 32=0.0%, 64=0.0%, >=64=0.0%
     complete  : 0=0.0%, 4=100.0%, 8=0.0%, 16=0.0%, 32=0.0%, 64=0.0%, >=64=0.0%
     issued rwts: total=131072,0,0,0 short=0,0,0,0 dropped=0,0,0,0
     latency   : target=0, window=0, percentile=100.00%, depth=1

Run status group 0 (all jobs):
   READ: bw=760MiB/s (797MB/s), 760MiB/s-760MiB/s (797MB/s-797MB/s), io=512MiB (537MB), run=674-674msec
