read: (g=0): rw=read, bs=(R) 4096B-4096B, (W) 4096B-4096B, (T) 4096B-4096B, ioengine=psync, iodepth=1
fio-3.16
Starting 1 process

read: (groupid=0, jobs=1): err= 0: pid=175062: Mon Oct 27 05:31:51 2025
  read: IOPS=60.5k, BW=236MiB/s (248MB/s)(128MiB/542msec)
    clat (nsec): min=404, max=19958k, avg=16204.78, stdev=295327.94
     lat (nsec): min=430, max=19958k, avg=16243.75, stdev=295327.99
    clat percentiles (nsec):
     |  1.00th=[     502],  5.00th=[     572], 10.00th=[     620],
     | 20.00th=[     700], 30.00th=[     796], 40.00th=[     892],
     | 50.00th=[     988], 60.00th=[    1096], 70.00th=[    1224],
     | 80.00th=[    1448], 90.00th=[    1864], 95.00th=[    2352],
     | 99.00th=[  220160], 99.50th=[  544768], 99.90th=[ 2899968],
     | 99.95th=[ 3489792], 99.99th=[17170432]
   bw (  KiB/s): min=220120, max=220120, per=91.02%, avg=220120.00, stdev= 0.00, samples=1
   iops        : min=55030, max=55030, avg=55030.00, stdev= 0.00, samples=1
  lat (nsec)   : 500=0.98%, 750=24.78%, 1000=25.20%
  lat (usec)   : 2=41.06%, 4=5.85%, 10=0.34%, 20=0.05%, 50=0.16%
  lat (usec)   : 100=0.09%, 250=0.60%, 500=0.35%, 750=0.19%, 1000=0.03%
  lat (msec)   : 2=0.10%, 4=0.20%, 10=0.01%, 20=0.02%
  cpu          : usr=0.55%, sys=21.63%, ctx=563, majf=0, minf=10
  IO depths    : 1=100.0%, 2=0.0%, 4=0.0%, 8=0.0%, 16=0.0%, 32=0.0%, >=64=0.0%
     submit    : 0=0.0%, 4=100.0%, 8=0.0%, 16=0.0%, 32=0.0%, 64=0.0%, >=64=0.0%
     complete  : 0=0.0%, 4=100.0%, 8=0.0%, 16=0.0%, 32=0.0%, 64=0.0%, >=64=0.0%
     issued rwts: total=32768,0,0,0 short=0,0,0,0 dropped=0,0,0,0
     latency   : target=0, window=0, percentile=100.00%, depth=1

Run status group 0 (all jobs):
   READ: bw=236MiB/s (248MB/s), 236MiB/s-236MiB/s (248MB/s-248MB/s), io=128MiB (134MB), run=542-542msec
