write: (g=0): rw=write, bs=(R) 4096B-4096B, (W) 4096B-4096B, (T) 4096B-4096B, ioengine=psync, iodepth=1
...
fio-3.16
Starting 32 processes

write: (groupid=0, jobs=32): err= 0: pid=293504: Mon Oct 27 08:37:34 2025
  write: IOPS=178k, BW=695MiB/s (729MB/s)(4096MiB/5893msec); 0 zone resets
    clat (usec): min=6, max=144708, avg=148.98, stdev=737.98
     lat (usec): min=6, max=144708, avg=149.06, stdev=737.98
    clat percentiles (usec):
     |  1.00th=[   10],  5.00th=[   11], 10.00th=[   13], 20.00th=[   19],
     | 30.00th=[   30], 40.00th=[   43], 50.00th=[   60], 60.00th=[   81],
     | 70.00th=[  112], 80.00th=[  165], 90.00th=[  289], 95.00th=[  416],
     | 99.00th=[ 1037], 99.50th=[ 2278], 99.90th=[ 8979], 99.95th=[13698],
     | 99.99th=[31065]
   bw (  KiB/s): min=546692, max=1553977, per=100.00%, avg=901439.25, stdev=11287.23, samples=294
   iops        : min=136672, max=388494, avg=225358.14, stdev=2821.81, samples=294
  lat (usec)   : 10=2.22%, 20=18.76%, 50=23.74%, 100=22.08%, 250=20.96%
  lat (usec)   : 500=8.88%, 750=1.79%, 1000=0.53%
  lat (msec)   : 2=0.49%, 4=0.25%, 10=0.23%, 20=0.06%, 50=0.03%
  lat (msec)   : 100=0.01%, 250=0.01%
  cpu          : usr=0.71%, sys=10.99%, ctx=17237525, majf=0, minf=370
  IO depths    : 1=100.0%, 2=0.0%, 4=0.0%, 8=0.0%, 16=0.0%, 32=0.0%, >=64=0.0%
     submit    : 0=0.0%, 4=100.0%, 8=0.0%, 16=0.0%, 32=0.0%, 64=0.0%, >=64=0.0%
     complete  : 0=0.0%, 4=100.0%, 8=0.0%, 16=0.0%, 32=0.0%, 64=0.0%, >=64=0.0%
     issued rwts: total=0,1048576,0,32 short=0,0,0,0 dropped=0,0,0,0
     latency   : target=0, window=0, percentile=100.00%, depth=1

Run status group 0 (all jobs):
  WRITE: bw=695MiB/s (729MB/s), 695MiB/s-695MiB/s (729MB/s-729MB/s), io=4096MiB (4295MB), run=5893-5893msec
