write: (g=0): rw=write, bs=(R) 4096B-4096B, (W) 4096B-4096B, (T) 4096B-4096B, ioengine=psync, iodepth=1
...
fio-3.16
Starting 8 processes

write: (groupid=0, jobs=8): err= 0: pid=253870: Mon Oct 27 07:31:28 2025
  write: IOPS=228k, BW=892MiB/s (935MB/s)(1024MiB/1148msec); 0 zone resets
    clat (usec): min=7, max=22082, avg=17.37, stdev=91.47
     lat (usec): min=7, max=22082, avg=17.44, stdev=91.47
    clat percentiles (usec):
     |  1.00th=[    9],  5.00th=[    9], 10.00th=[   10], 20.00th=[   10],
     | 30.00th=[   11], 40.00th=[   11], 50.00th=[   12], 60.00th=[   13],
     | 70.00th=[   15], 80.00th=[   17], 90.00th=[   23], 95.00th=[   31],
     | 99.00th=[   64], 99.50th=[   94], 99.90th=[  996], 99.95th=[ 1565],
     | 99.99th=[ 3097]
   bw (  MiB/s): min= 1763, max= 1763, per=100.00%, avg=1763.40, stdev= 0.00, samples=8
   iops        : min=451427, max=451427, avg=451427.00, stdev= 0.00, samples=8
  lat (usec)   : 10=22.46%, 20=64.46%, 50=11.56%, 100=1.08%, 250=0.21%
  lat (usec)   : 500=0.05%, 750=0.03%, 1000=0.03%
  lat (msec)   : 2=0.06%, 4=0.03%, 10=0.01%, 20=0.01%, 50=0.01%
  cpu          : usr=1.59%, sys=24.28%, ctx=263977, majf=0, minf=90
  IO depths    : 1=100.0%, 2=0.0%, 4=0.0%, 8=0.0%, 16=0.0%, 32=0.0%, >=64=0.0%
     submit    : 0=0.0%, 4=100.0%, 8=0.0%, 16=0.0%, 32=0.0%, 64=0.0%, >=64=0.0%
     complete  : 0=0.0%, 4=100.0%, 8=0.0%, 16=0.0%, 32=0.0%, 64=0.0%, >=64=0.0%
     issued rwts: total=0,262144,0,8 short=0,0,0,0 dropped=0,0,0,0
     latency   : target=0, window=0, percentile=100.00%, depth=1

Run status group 0 (all jobs):
  WRITE: bw=892MiB/s (935MB/s), 892MiB/s-892MiB/s (935MB/s-935MB/s), io=1024MiB (1074MB), run=1148-1148msec
