write: (g=0): rw=write, bs=(R) 128KiB-128KiB, (W) 128KiB-128KiB, (T) 128KiB-128KiB, ioengine=psync, iodepth=1
...
fio-3.16
Starting 16 processes

write: (groupid=0, jobs=16): err= 0: pid=294187: Mon Oct 27 08:38:28 2025
  write: IOPS=7831, BW=979MiB/s (1027MB/s)(2048MiB/2092msec); 0 zone resets
    clat (usec): min=113, max=72823, avg=1331.65, stdev=2239.99
     lat (usec): min=117, max=72824, avg=1335.71, stdev=2241.09
    clat percentiles (usec):
     |  1.00th=[  176],  5.00th=[  217], 10.00th=[  245], 20.00th=[  293],
     | 30.00th=[  347], 40.00th=[  416], 50.00th=[  537], 60.00th=[  758],
     | 70.00th=[ 1188], 80.00th=[ 1909], 90.00th=[ 3195], 95.00th=[ 4621],
     | 99.00th=[ 9765], 99.50th=[12911], 99.90th=[25822], 99.95th=[28705],
     | 99.99th=[60556]
   bw (  MiB/s): min= 1216, max= 1845, per=100.00%, avg=1479.10, stdev=24.41, samples=39
   iops        : min= 9733, max=14760, avg=11832.67, stdev=195.25, samples=39
  lat (usec)   : 250=10.99%, 500=36.82%, 750=11.90%, 1000=6.44%
  lat (msec)   : 2=14.74%, 4=12.37%, 10=5.80%, 20=0.76%, 50=0.15%
  lat (msec)   : 100=0.02%
  cpu          : usr=0.35%, sys=13.92%, ctx=1365333, majf=0, minf=184
  IO depths    : 1=100.1%, 2=0.0%, 4=0.0%, 8=0.0%, 16=0.0%, 32=0.0%, >=64=0.0%
     submit    : 0=0.0%, 4=100.0%, 8=0.0%, 16=0.0%, 32=0.0%, 64=0.0%, >=64=0.0%
     complete  : 0=0.0%, 4=100.0%, 8=0.0%, 16=0.0%, 32=0.0%, 64=0.0%, >=64=0.0%
     issued rwts: total=0,16384,0,16 short=0,0,0,0 dropped=0,0,0,0
     latency   : target=0, window=0, percentile=100.00%, depth=1

Run status group 0 (all jobs):
  WRITE: bw=979MiB/s (1027MB/s), 979MiB/s-979MiB/s (1027MB/s-1027MB/s), io=2048MiB (2147MB), run=2092-2092msec
