read: (g=0): rw=read, bs=(R) 128KiB-128KiB, (W) 128KiB-128KiB, (T) 128KiB-128KiB, ioengine=psync, iodepth=1
fio-3.16
Starting 1 process

read: (groupid=0, jobs=1): err= 0: pid=27378: Fri Oct 10 01:41:02 2025
  read: IOPS=19.1k, BW=2387MiB/s (2503MB/s)(1024MiB/429msec)
    clat (usec): min=4, max=3158, avg=52.01, stdev=68.63
     lat (usec): min=4, max=3159, avg=52.04, stdev=68.63
    clat percentiles (usec):
     |  1.00th=[    5],  5.00th=[    6], 10.00th=[    7], 20.00th=[    7],
     | 30.00th=[    7], 40.00th=[    9], 50.00th=[   33], 60.00th=[   70],
     | 70.00th=[   80], 80.00th=[   92], 90.00th=[  101], 95.00th=[  149],
     | 99.00th=[  281], 99.50th=[  343], 99.90th=[  441], 99.95th=[  486],
     | 99.99th=[ 3163]
  lat (usec)   : 10=46.39%, 20=1.89%, 50=4.48%, 100=36.65%, 250=9.31%
  lat (usec)   : 500=1.23%, 750=0.02%
  lat (msec)   : 2=0.01%, 4=0.01%
  cpu          : usr=0.00%, sys=48.13%, ctx=3921, majf=0, minf=41
  IO depths    : 1=100.0%, 2=0.0%, 4=0.0%, 8=0.0%, 16=0.0%, 32=0.0%, >=64=0.0%
     submit    : 0=0.0%, 4=100.0%, 8=0.0%, 16=0.0%, 32=0.0%, 64=0.0%, >=64=0.0%
     complete  : 0=0.0%, 4=100.0%, 8=0.0%, 16=0.0%, 32=0.0%, 64=0.0%, >=64=0.0%
     issued rwts: total=8192,0,0,0 short=0,0,0,0 dropped=0,0,0,0
     latency   : target=0, window=0, percentile=100.00%, depth=1

Run status group 0 (all jobs):
   READ: bw=2387MiB/s (2503MB/s), 2387MiB/s-2387MiB/s (2503MB/s-2503MB/s), io=1024MiB (1074MB), run=429-429msec
