write: (g=0): rw=write, bs=(R) 4096B-4096B, (W) 4096B-4096B, (T) 4096B-4096B, ioengine=psync, iodepth=1
...
fio-3.16
Starting 16 processes

write: (groupid=0, jobs=16): err= 0: pid=34917: Fri Oct 10 01:43:37 2025
  write: IOPS=115k, BW=450MiB/s (472MB/s)(16.0GiB/36372msec); 0 zone resets
    clat (usec): min=4, max=508062, avg=92.44, stdev=2096.93
     lat (usec): min=4, max=508062, avg=92.51, stdev=2096.93
    clat percentiles (usec):
     |  1.00th=[    6],  5.00th=[    7], 10.00th=[    7], 20.00th=[    9],
     | 30.00th=[   10], 40.00th=[   11], 50.00th=[   12], 60.00th=[   13],
     | 70.00th=[   15], 80.00th=[   19], 90.00th=[   30], 95.00th=[   44],
     | 99.00th=[   73], 99.50th=[   94], 99.90th=[36439], 99.95th=[39584],
     | 99.99th=[50070]
   bw (  KiB/s): min= 3616, max=4189602, per=100.00%, avg=689939.13, stdev=47700.34, samples=770
   iops        : min=  904, max=1047402, avg=172484.51, stdev=11925.09, samples=770
  lat (usec)   : 10=37.82%, 20=45.36%, 50=13.33%, 100=3.04%, 250=0.23%
  lat (usec)   : 500=0.01%, 750=0.01%, 1000=0.01%
  lat (msec)   : 2=0.01%, 4=0.01%, 10=0.01%, 50=0.20%, 100=0.01%
  lat (msec)   : 250=0.01%, 500=0.01%, 750=0.01%
  cpu          : usr=0.77%, sys=4.38%, ctx=4194423, majf=0, minf=180
  IO depths    : 1=100.0%, 2=0.0%, 4=0.0%, 8=0.0%, 16=0.0%, 32=0.0%, >=64=0.0%
     submit    : 0=0.0%, 4=100.0%, 8=0.0%, 16=0.0%, 32=0.0%, 64=0.0%, >=64=0.0%
     complete  : 0=0.0%, 4=100.0%, 8=0.0%, 16=0.0%, 32=0.0%, 64=0.0%, >=64=0.0%
     issued rwts: total=0,4194304,0,16 short=0,0,0,0 dropped=0,0,0,0
     latency   : target=0, window=0, percentile=100.00%, depth=1

Run status group 0 (all jobs):
  WRITE: bw=450MiB/s (472MB/s), 450MiB/s-450MiB/s (472MB/s-472MB/s), io=16.0GiB (17.2GB), run=36372-36372msec
