write: (g=0): rw=write, bs=(R) 4096B-4096B, (W) 4096B-4096B, (T) 4096B-4096B, ioengine=psync, iodepth=1
...
fio-3.16
Starting 4 processes

write: (groupid=0, jobs=4): err= 0: pid=33041: Fri Oct 10 01:42:39 2025
  write: IOPS=97.5k, BW=381MiB/s (399MB/s)(4096MiB/10755msec); 0 zone resets
    clat (usec): min=4, max=1009, avg= 8.98, stdev= 3.49
     lat (usec): min=4, max=1011, avg= 9.02, stdev= 3.51
    clat percentiles (nsec):
     |  1.00th=[ 5472],  5.00th=[ 6112], 10.00th=[ 6560], 20.00th=[ 7200],
     | 30.00th=[ 7648], 40.00th=[ 8096], 50.00th=[ 8512], 60.00th=[ 9024],
     | 70.00th=[ 9664], 80.00th=[10304], 90.00th=[11200], 95.00th=[12096],
     | 99.00th=[20608], 99.50th=[30080], 99.90th=[42240], 99.95th=[45312],
     | 99.99th=[70144]
   bw (  MiB/s): min= 1502, max= 1831, per=100.00%, avg=1685.94, stdev=34.19, samples=16
   iops        : min=384584, max=468736, avg=431601.50, stdev=8753.64, samples=16
  lat (usec)   : 10=75.99%, 20=22.96%, 50=1.02%, 100=0.02%, 250=0.01%
  lat (usec)   : 500=0.01%, 1000=0.01%
  lat (msec)   : 2=0.01%
  cpu          : usr=1.69%, sys=10.93%, ctx=1048599, majf=0, minf=49
  IO depths    : 1=100.0%, 2=0.0%, 4=0.0%, 8=0.0%, 16=0.0%, 32=0.0%, >=64=0.0%
     submit    : 0=0.0%, 4=100.0%, 8=0.0%, 16=0.0%, 32=0.0%, 64=0.0%, >=64=0.0%
     complete  : 0=0.0%, 4=100.0%, 8=0.0%, 16=0.0%, 32=0.0%, 64=0.0%, >=64=0.0%
     issued rwts: total=0,1048576,0,4 short=0,0,0,0 dropped=0,0,0,0
     latency   : target=0, window=0, percentile=100.00%, depth=1

Run status group 0 (all jobs):
  WRITE: bw=381MiB/s (399MB/s), 381MiB/s-381MiB/s (399MB/s-399MB/s), io=4096MiB (4295MB), run=10755-10755msec
