randread: (g=0): rw=randread, bs=(R) 128KiB-128KiB, (W) 128KiB-128KiB, (T) 128KiB-128KiB, ioengine=psync, iodepth=1
...
fio-3.16
Starting 16 processes

randread: (groupid=0, jobs=16): err= 0: pid=97742: Mon Oct 27 02:42:50 2025
  read: IOPS=9319, BW=1165MiB/s (1222MB/s)(2048MiB/1758msec)
    clat (usec): min=7, max=37233, avg=1643.58, stdev=1882.85
     lat (usec): min=7, max=37235, avg=1644.07, stdev=1882.90
    clat percentiles (usec):
     |  1.00th=[   61],  5.00th=[  114], 10.00th=[  196], 20.00th=[  363],
     | 30.00th=[  523], 40.00th=[ 1090], 50.00th=[ 1418], 60.00th=[ 1663],
     | 70.00th=[ 1926], 80.00th=[ 2245], 90.00th=[ 2835], 95.00th=[ 4752],
     | 99.00th=[ 9503], 99.50th=[12649], 99.90th=[18220], 99.95th=[21365],
     | 99.99th=[34866]
   bw (  MiB/s): min=  860, max= 1425, per=97.42%, avg=1134.86, stdev=15.40, samples=48
   iops        : min= 6881, max=11402, avg=9077.67, stdev=123.18, samples=48
  lat (usec)   : 10=0.01%, 20=0.03%, 50=0.68%, 100=3.38%, 250=8.42%
  lat (usec)   : 500=16.47%, 750=6.33%, 1000=3.18%
  lat (msec)   : 2=33.86%, 4=21.61%, 10=5.19%, 20=0.78%, 50=0.07%
  cpu          : usr=0.66%, sys=38.15%, ctx=16821, majf=0, minf=653
  IO depths    : 1=100.0%, 2=0.0%, 4=0.0%, 8=0.0%, 16=0.0%, 32=0.0%, >=64=0.0%
     submit    : 0=0.0%, 4=100.0%, 8=0.0%, 16=0.0%, 32=0.0%, 64=0.0%, >=64=0.0%
     complete  : 0=0.0%, 4=100.0%, 8=0.0%, 16=0.0%, 32=0.0%, 64=0.0%, >=64=0.0%
     issued rwts: total=16384,0,0,0 short=0,0,0,0 dropped=0,0,0,0
     latency   : target=0, window=0, percentile=100.00%, depth=1

Run status group 0 (all jobs):
   READ: bw=1165MiB/s (1222MB/s), 1165MiB/s-1165MiB/s (1222MB/s-1222MB/s), io=2048MiB (2147MB), run=1758-1758msec
