randwrite: (g=0): rw=randwrite, bs=(R) 4096B-4096B, (W) 4096B-4096B, (T) 4096B-4096B, ioengine=psync, iodepth=1
...
fio-3.16
Starting 4 processes

randwrite: (groupid=0, jobs=4): err= 0: pid=100961: Mon Oct 27 02:47:48 2025
  write: IOPS=68.5k, BW=268MiB/s (281MB/s)(512MiB/1913msec); 0 zone resets
    clat (usec): min=6, max=5357, avg=49.12, stdev=142.05
     lat (usec): min=6, max=5357, avg=49.24, stdev=142.08
    clat percentiles (usec):
     |  1.00th=[   12],  5.00th=[   16], 10.00th=[   18], 20.00th=[   21],
     | 30.00th=[   24], 40.00th=[   28], 50.00th=[   31], 60.00th=[   35],
     | 70.00th=[   41], 80.00th=[   51], 90.00th=[   71], 95.00th=[   95],
     | 99.00th=[  281], 99.50th=[  824], 99.90th=[ 2573], 99.95th=[ 2868],
     | 99.99th=[ 3654]
   bw (  KiB/s): min=301536, max=323136, per=100.00%, avg=312517.33, stdev=3252.29, samples=12
   iops        : min=75384, max=80786, avg=78130.00, stdev=813.17, samples=12
  lat (usec)   : 10=0.22%, 20=16.64%, 50=62.98%, 100=15.78%, 250=3.34%
  lat (usec)   : 500=0.15%, 750=0.31%, 1000=0.20%
  lat (msec)   : 2=0.20%, 4=0.17%, 10=0.01%
  cpu          : usr=2.25%, sys=35.02%, ctx=131705, majf=0, minf=43
  IO depths    : 1=100.0%, 2=0.0%, 4=0.0%, 8=0.0%, 16=0.0%, 32=0.0%, >=64=0.0%
     submit    : 0=0.0%, 4=100.0%, 8=0.0%, 16=0.0%, 32=0.0%, 64=0.0%, >=64=0.0%
     complete  : 0=0.0%, 4=100.0%, 8=0.0%, 16=0.0%, 32=0.0%, 64=0.0%, >=64=0.0%
     issued rwts: total=0,131072,0,4 short=0,0,0,0 dropped=0,0,0,0
     latency   : target=0, window=0, percentile=100.00%, depth=1

Run status group 0 (all jobs):
  WRITE: bw=268MiB/s (281MB/s), 268MiB/s-268MiB/s (281MB/s-281MB/s), io=512MiB (537MB), run=1913-1913msec
