randread: (g=0): rw=randread, bs=(R) 4096B-4096B, (W) 4096B-4096B, (T) 4096B-4096B, ioengine=psync, iodepth=1
...
fio-3.16
Starting 8 processes

randread: (groupid=0, jobs=8): err= 0: pid=96253: Mon Oct 27 02:40:20 2025
  read: IOPS=25.8k, BW=101MiB/s (105MB/s)(1024MiB/10179msec)
    clat (nsec): min=347, max=25955k, avg=298575.41, stdev=1054691.34
     lat (nsec): min=374, max=25955k, avg=298693.68, stdev=1054712.85
    clat percentiles (usec):
     |  1.00th=[    3],  5.00th=[    4], 10.00th=[    5], 20.00th=[    8],
     | 30.00th=[   14], 40.00th=[  101], 50.00th=[  123], 60.00th=[  143],
     | 70.00th=[  165], 80.00th=[  202], 90.00th=[  359], 95.00th=[ 1074],
     | 99.00th=[ 4752], 99.50th=[ 7963], 99.90th=[14353], 99.95th=[16581],
     | 99.99th=[20317]
   bw (  KiB/s): min=58224, max=177112, per=100.00%, avg=106265.84, stdev=4007.36, samples=154
   iops        : min=14556, max=44278, avg=26566.16, stdev=1001.86, samples=154
  lat (nsec)   : 500=0.01%, 750=0.01%, 1000=0.01%
  lat (usec)   : 2=0.12%, 4=5.88%, 10=20.59%, 20=4.80%, 50=2.13%
  lat (usec)   : 100=6.24%, 250=46.38%, 500=5.38%, 750=1.87%, 1000=1.29%
  lat (msec)   : 2=2.49%, 4=1.60%, 10=0.90%, 20=0.30%, 50=0.01%
  cpu          : usr=0.82%, sys=11.60%, ctx=185917, majf=0, minf=141
  IO depths    : 1=100.0%, 2=0.0%, 4=0.0%, 8=0.0%, 16=0.0%, 32=0.0%, >=64=0.0%
     submit    : 0=0.0%, 4=100.0%, 8=0.0%, 16=0.0%, 32=0.0%, 64=0.0%, >=64=0.0%
     complete  : 0=0.0%, 4=100.0%, 8=0.0%, 16=0.0%, 32=0.0%, 64=0.0%, >=64=0.0%
     issued rwts: total=262144,0,0,0 short=0,0,0,0 dropped=0,0,0,0
     latency   : target=0, window=0, percentile=100.00%, depth=1

Run status group 0 (all jobs):
   READ: bw=101MiB/s (105MB/s), 101MiB/s-101MiB/s (105MB/s-105MB/s), io=1024MiB (1074MB), run=10179-10179msec
