randwrite: (g=0): rw=randwrite, bs=(R) 4096B-4096B, (W) 4096B-4096B, (T) 4096B-4096B, ioengine=libaio, iodepth=16
...
fio-3.16
Starting 2 processes

randwrite: (groupid=0, jobs=2): err= 0: pid=398737: Wed Oct 22 10:08:17 2025
  write: IOPS=122k, BW=479MiB/s (502MB/s)(256MiB/535msec); 0 zone resets
    slat (usec): min=5, max=128, avg=12.61, stdev= 5.03
    clat (nsec): min=1378, max=451505, avg=202352.35, stdev=31399.56
     lat (usec): min=15, max=469, avg=215.06, stdev=33.04
    clat percentiles (usec):
     |  1.00th=[  159],  5.00th=[  169], 10.00th=[  176], 20.00th=[  182],
     | 30.00th=[  188], 40.00th=[  192], 50.00th=[  196], 60.00th=[  202],
     | 70.00th=[  208], 80.00th=[  217], 90.00th=[  233], 95.00th=[  258],
     | 99.00th=[  334], 99.50th=[  359], 99.90th=[  392], 99.95th=[  408],
     | 99.99th=[  429]
  lat (usec)   : 2=0.01%, 20=0.01%, 50=0.01%, 100=0.01%, 250=94.10%
  lat (usec)   : 500=5.88%
  cpu          : usr=5.15%, sys=31.26%, ctx=66479, majf=0, minf=22
  IO depths    : 1=0.1%, 2=0.1%, 4=0.1%, 8=0.1%, 16=100.0%, 32=0.0%, >=64=0.0%
     submit    : 0=0.0%, 4=100.0%, 8=0.0%, 16=0.0%, 32=0.0%, 64=0.0%, >=64=0.0%
     complete  : 0=0.0%, 4=100.0%, 8=0.0%, 16=0.1%, 32=0.0%, 64=0.0%, >=64=0.0%
     issued rwts: total=0,65536,0,2 short=0,0,0,0 dropped=0,0,0,0
     latency   : target=0, window=0, percentile=100.00%, depth=16

Run status group 0 (all jobs):
  WRITE: bw=479MiB/s (502MB/s), 479MiB/s-479MiB/s (502MB/s-502MB/s), io=256MiB (268MB), run=535-535msec
