randwrite: (g=0): rw=randwrite, bs=(R) 4096B-4096B, (W) 4096B-4096B, (T) 4096B-4096B, ioengine=libaio, iodepth=16
...
fio-3.16
Starting 16 processes

randwrite: (groupid=0, jobs=16): err= 0: pid=20999: Wed Oct 22 07:49:05 2025
  write: IOPS=376k, BW=1467MiB/s (1538MB/s)(2048MiB/1396msec); 0 zone resets
    slat (usec): min=6, max=676, avg=20.96, stdev=11.75
    clat (nsec): min=853, max=1111.2k, avg=337198.15, stdev=71731.18
     lat (usec): min=9, max=1147, avg=358.34, stdev=75.15
    clat percentiles (usec):
     |  1.00th=[  198],  5.00th=[  223], 10.00th=[  239], 20.00th=[  269],
     | 30.00th=[  297], 40.00th=[  322], 50.00th=[  343], 60.00th=[  359],
     | 70.00th=[  375], 80.00th=[  396], 90.00th=[  424], 95.00th=[  449],
     | 99.00th=[  502], 99.50th=[  529], 99.90th=[  652], 99.95th=[  775],
     | 99.99th=[ 1012]
   bw (  MiB/s): min= 2748, max= 2748, per=100.00%, avg=2748.56, stdev= 0.00, samples=16
   iops        : min=703632, max=703632, avg=703632.00, stdev= 0.00, samples=16
  lat (nsec)   : 1000=0.01%
  lat (usec)   : 2=0.01%, 4=0.01%, 20=0.01%, 50=0.01%, 100=0.01%
  lat (usec)   : 250=13.78%, 500=85.17%, 750=0.97%, 1000=0.05%
  lat (msec)   : 2=0.01%
  cpu          : usr=3.25%, sys=19.94%, ctx=530674, majf=0, minf=139
  IO depths    : 1=0.1%, 2=0.1%, 4=0.1%, 8=0.1%, 16=100.0%, 32=0.0%, >=64=0.0%
     submit    : 0=0.0%, 4=100.0%, 8=0.0%, 16=0.0%, 32=0.0%, 64=0.0%, >=64=0.0%
     complete  : 0=0.0%, 4=100.0%, 8=0.0%, 16=0.1%, 32=0.0%, 64=0.0%, >=64=0.0%
     issued rwts: total=0,524288,0,16 short=0,0,0,0 dropped=0,0,0,0
     latency   : target=0, window=0, percentile=100.00%, depth=16

Run status group 0 (all jobs):
  WRITE: bw=1467MiB/s (1538MB/s), 1467MiB/s-1467MiB/s (1538MB/s-1538MB/s), io=2048MiB (2147MB), run=1396-1396msec
