randwrite: (g=0): rw=randwrite, bs=(R) 128KiB-128KiB, (W) 128KiB-128KiB, (T) 128KiB-128KiB, ioengine=psync, iodepth=1
...
fio-3.16
Starting 8 processes

randwrite: (groupid=0, jobs=8): err= 0: pid=102212: Mon Oct 27 02:50:00 2025
  write: IOPS=6077, BW=760MiB/s (797MB/s)(1024MiB/1348msec); 0 zone resets
    clat (usec): min=46, max=11823, avg=1109.87, stdev=1040.87
     lat (usec): min=47, max=11883, avg=1131.70, stdev=1049.70
    clat percentiles (usec):
     |  1.00th=[  143],  5.00th=[  306], 10.00th=[  371], 20.00th=[  486],
     | 30.00th=[  586], 40.00th=[  685], 50.00th=[  799], 60.00th=[  938],
     | 70.00th=[ 1123], 80.00th=[ 1434], 90.00th=[ 2147], 95.00th=[ 3097],
     | 99.00th=[ 5604], 99.50th=[ 6915], 99.90th=[ 9372], 99.95th=[ 9896],
     | 99.99th=[11863]
   bw (  KiB/s): min=879660, max=941828, per=100.00%, avg=910744.00, stdev=5785.17, samples=16
   iops        : min= 6872, max= 7358, avg=7115.00, stdev=45.22, samples=16
  lat (usec)   : 50=0.01%, 100=0.27%, 250=2.32%, 500=18.82%, 750=24.58%
  lat (usec)   : 1000=17.54%
  lat (msec)   : 2=25.10%, 4=8.57%, 10=2.73%, 20=0.05%
  cpu          : usr=2.32%, sys=46.47%, ctx=9290, majf=0, minf=80
  IO depths    : 1=100.1%, 2=0.0%, 4=0.0%, 8=0.0%, 16=0.0%, 32=0.0%, >=64=0.0%
     submit    : 0=0.0%, 4=100.0%, 8=0.0%, 16=0.0%, 32=0.0%, 64=0.0%, >=64=0.0%
     complete  : 0=0.0%, 4=100.0%, 8=0.0%, 16=0.0%, 32=0.0%, 64=0.0%, >=64=0.0%
     issued rwts: total=0,8192,0,8 short=0,0,0,0 dropped=0,0,0,0
     latency   : target=0, window=0, percentile=100.00%, depth=1

Run status group 0 (all jobs):
  WRITE: bw=760MiB/s (797MB/s), 760MiB/s-760MiB/s (797MB/s-797MB/s), io=1024MiB (1074MB), run=1348-1348msec
