randwrite: (g=0): rw=randwrite, bs=(R) 128KiB-128KiB, (W) 128KiB-128KiB, (T) 128KiB-128KiB, ioengine=psync, iodepth=1
fio-3.16
Starting 1 process

randwrite: (groupid=0, jobs=1): err= 0: pid=101717: Mon Oct 27 02:49:10 2025
  write: IOPS=1170, BW=146MiB/s (153MB/s)(128MiB/875msec); 0 zone resets
    clat (usec): min=105, max=12864, avg=774.36, stdev=806.92
     lat (usec): min=106, max=12919, avg=789.87, stdev=814.05
    clat percentiles (usec):
     |  1.00th=[  143],  5.00th=[  212], 10.00th=[  289], 20.00th=[  359],
     | 30.00th=[  424], 40.00th=[  494], 50.00th=[  562], 60.00th=[  652],
     | 70.00th=[  766], 80.00th=[  947], 90.00th=[ 1450], 95.00th=[ 2180],
     | 99.00th=[ 3425], 99.50th=[ 4490], 99.90th=[10552], 99.95th=[12911],
     | 99.99th=[12911]
   bw (  KiB/s): min=171776, max=171776, per=100.00%, avg=171776.00, stdev= 0.00, samples=1
   iops        : min= 1342, max= 1342, avg=1342.00, stdev= 0.00, samples=1
  lat (usec)   : 250=7.23%, 500=33.59%, 750=27.83%, 1000=13.28%
  lat (msec)   : 2=12.01%, 4=5.37%, 10=0.49%, 20=0.20%
  cpu          : usr=0.46%, sys=44.28%, ctx=1427, majf=0, minf=9
  IO depths    : 1=100.1%, 2=0.0%, 4=0.0%, 8=0.0%, 16=0.0%, 32=0.0%, >=64=0.0%
     submit    : 0=0.0%, 4=100.0%, 8=0.0%, 16=0.0%, 32=0.0%, 64=0.0%, >=64=0.0%
     complete  : 0=0.0%, 4=100.0%, 8=0.0%, 16=0.0%, 32=0.0%, 64=0.0%, >=64=0.0%
     issued rwts: total=0,1024,0,1 short=0,0,0,0 dropped=0,0,0,0
     latency   : target=0, window=0, percentile=100.00%, depth=1

Run status group 0 (all jobs):
  WRITE: bw=146MiB/s (153MB/s), 146MiB/s-146MiB/s (153MB/s-153MB/s), io=128MiB (134MB), run=875-875msec
