read: (g=0): rw=read, bs=(R) 4096B-4096B, (W) 4096B-4096B, (T) 4096B-4096B, ioengine=libaio, iodepth=16
...
fio-3.16
Starting 32 processes

read: (groupid=0, jobs=32): err= 0: pid=18952: Wed Oct 22 07:45:00 2025
  read: IOPS=315k, BW=1229MiB/s (1289MB/s)(4096MiB/3333msec)
    slat (nsec): min=763, max=47869k, avg=94353.22, stdev=760298.55
    clat (nsec): min=768, max=49951k, avg=1499549.18, stdev=2883913.89
     lat (nsec): min=1884, max=49969k, avg=1594549.08, stdev=2966297.75
    clat percentiles (usec):
     |  1.00th=[   51],  5.00th=[  126], 10.00th=[  165], 20.00th=[  212],
     | 30.00th=[  251], 40.00th=[  289], 50.00th=[  343], 60.00th=[  433],
     | 70.00th=[  734], 80.00th=[ 1991], 90.00th=[ 4490], 95.00th=[ 6915],
     | 99.00th=[14353], 99.50th=[17433], 99.90th=[26084], 99.95th=[29230],
     | 99.99th=[36439]
   bw (  MiB/s): min= 1082, max= 1368, per=100.00%, avg=1237.27, stdev= 3.21, samples=192
   iops        : min=277166, max=350371, avg=316740.50, stdev=821.53, samples=192
  lat (nsec)   : 1000=0.01%
  lat (usec)   : 2=0.01%, 4=0.01%, 10=0.01%, 20=0.01%, 50=0.97%
  lat (usec)   : 100=2.08%, 250=26.96%, 500=34.43%, 750=5.71%, 1000=1.82%
  lat (msec)   : 2=8.09%, 4=8.25%, 10=9.23%, 20=2.16%, 50=0.28%
  cpu          : usr=3.18%, sys=37.61%, ctx=38518, majf=0, minf=1510
  IO depths    : 1=0.1%, 2=0.1%, 4=0.1%, 8=0.1%, 16=100.0%, 32=0.0%, >=64=0.0%
     submit    : 0=0.0%, 4=100.0%, 8=0.0%, 16=0.0%, 32=0.0%, 64=0.0%, >=64=0.0%
     complete  : 0=0.0%, 4=100.0%, 8=0.0%, 16=0.1%, 32=0.0%, 64=0.0%, >=64=0.0%
     issued rwts: total=1048576,0,0,0 short=0,0,0,0 dropped=0,0,0,0
     latency   : target=0, window=0, percentile=100.00%, depth=16

Run status group 0 (all jobs):
   READ: bw=1229MiB/s (1289MB/s), 1229MiB/s-1229MiB/s (1289MB/s-1289MB/s), io=4096MiB (4295MB), run=3333-3333msec
