read: (g=0): rw=read, bs=(R) 4096B-4096B, (W) 4096B-4096B, (T) 4096B-4096B, ioengine=libaio, iodepth=16
...
fio-3.16
Starting 2 processes

read: (groupid=0, jobs=2): err= 0: pid=396625: Wed Oct 22 10:03:43 2025
  read: IOPS=248k, BW=970MiB/s (1017MB/s)(256MiB/264msec)
    slat (nsec): min=729, max=2030.7k, avg=6810.93, stdev=40239.11
    clat (nsec): min=935, max=2109.7k, avg=114570.90, stdev=145169.24
     lat (usec): min=2, max=2111, avg=121.45, stdev=148.89
    clat percentiles (usec):
     |  1.00th=[   21],  5.00th=[   23], 10.00th=[   24], 20.00th=[   30],
     | 30.00th=[   36], 40.00th=[   42], 50.00th=[   49], 60.00th=[   60],
     | 70.00th=[   78], 80.00th=[  190], 90.00th=[  347], 95.00th=[  453],
     | 99.00th=[  611], 99.50th=[  676], 99.90th=[  824], 99.95th=[  873],
     | 99.99th=[ 2073]
  lat (nsec)   : 1000=0.01%
  lat (usec)   : 2=0.01%, 4=0.01%, 10=0.01%, 20=0.09%, 50=51.08%
  lat (usec)   : 100=22.88%, 250=9.77%, 500=13.13%, 750=2.84%, 1000=0.19%
  lat (msec)   : 4=0.02%
  cpu          : usr=7.62%, sys=66.53%, ctx=1577, majf=0, minf=53
  IO depths    : 1=0.1%, 2=0.1%, 4=0.1%, 8=0.1%, 16=100.0%, 32=0.0%, >=64=0.0%
     submit    : 0=0.0%, 4=100.0%, 8=0.0%, 16=0.0%, 32=0.0%, 64=0.0%, >=64=0.0%
     complete  : 0=0.0%, 4=100.0%, 8=0.0%, 16=0.1%, 32=0.0%, 64=0.0%, >=64=0.0%
     issued rwts: total=65536,0,0,0 short=0,0,0,0 dropped=0,0,0,0
     latency   : target=0, window=0, percentile=100.00%, depth=16

Run status group 0 (all jobs):
   READ: bw=970MiB/s (1017MB/s), 970MiB/s-970MiB/s (1017MB/s-1017MB/s), io=256MiB (268MB), run=264-264msec
