write: (g=0): rw=write, bs=(R) 128KiB-128KiB, (W) 128KiB-128KiB, (T) 128KiB-128KiB, ioengine=psync, iodepth=1
...
fio-3.16
Starting 8 processes

write: (groupid=0, jobs=8): err= 0: pid=99587: Mon Oct 27 02:46:12 2025
  write: IOPS=4437, BW=555MiB/s (582MB/s)(1024MiB/1846msec); 0 zone resets
    clat (usec): min=141, max=17991, avg=1439.67, stdev=1350.11
     lat (usec): min=143, max=18081, avg=1462.77, stdev=1358.91
    clat percentiles (usec):
     |  1.00th=[  219],  5.00th=[  469], 10.00th=[  545], 20.00th=[  652],
     | 30.00th=[  742], 40.00th=[  832], 50.00th=[  947], 60.00th=[ 1106],
     | 70.00th=[ 1336], 80.00th=[ 1827], 90.00th=[ 3228], 95.00th=[ 4424],
     | 99.00th=[ 6521], 99.50th=[ 7504], 99.90th=[10028], 99.95th=[13698],
     | 99.99th=[17957]
   bw (  KiB/s): min=607744, max=821243, per=100.00%, avg=704405.00, stdev=12473.79, samples=21
   iops        : min= 4748, max= 6414, avg=5501.67, stdev=97.39, samples=21
  lat (usec)   : 250=1.35%, 500=5.25%, 750=24.06%, 1000=23.21%
  lat (msec)   : 2=28.30%, 4=11.21%, 10=6.53%, 20=0.10%
  cpu          : usr=2.23%, sys=46.71%, ctx=9614, majf=0, minf=90
  IO depths    : 1=100.1%, 2=0.0%, 4=0.0%, 8=0.0%, 16=0.0%, 32=0.0%, >=64=0.0%
     submit    : 0=0.0%, 4=100.0%, 8=0.0%, 16=0.0%, 32=0.0%, 64=0.0%, >=64=0.0%
     complete  : 0=0.0%, 4=100.0%, 8=0.0%, 16=0.0%, 32=0.0%, 64=0.0%, >=64=0.0%
     issued rwts: total=0,8192,0,8 short=0,0,0,0 dropped=0,0,0,0
     latency   : target=0, window=0, percentile=100.00%, depth=1

Run status group 0 (all jobs):
  WRITE: bw=555MiB/s (582MB/s), 555MiB/s-555MiB/s (582MB/s-582MB/s), io=1024MiB (1074MB), run=1846-1846msec
