write: (g=0): rw=write, bs=(R) 128KiB-128KiB, (W) 128KiB-128KiB, (T) 128KiB-128KiB, ioengine=psync, iodepth=1
...
fio-3.16
Starting 2 processes

write: (groupid=0, jobs=2): err= 0: pid=99320: Mon Oct 27 02:45:38 2025
  write: IOPS=1437, BW=180MiB/s (188MB/s)(256MiB/1425msec); 0 zone resets
    clat (usec): min=202, max=11520, avg=1234.11, stdev=910.84
     lat (usec): min=207, max=11544, avg=1262.60, stdev=915.29
    clat percentiles (usec):
     |  1.00th=[  388],  5.00th=[  515], 10.00th=[  594], 20.00th=[  693],
     | 30.00th=[  775], 40.00th=[  865], 50.00th=[  963], 60.00th=[ 1074],
     | 70.00th=[ 1221], 80.00th=[ 1450], 90.00th=[ 2180], 95.00th=[ 3294],
     | 99.00th=[ 4817], 99.50th=[ 5342], 99.90th=[ 6390], 99.95th=[10159],
     | 99.99th=[11469]
   bw (  KiB/s): min=177408, max=213248, per=100.00%, avg=195328.00, stdev=10646.85, samples=4
   iops        : min= 1386, max= 1666, avg=1526.00, stdev=83.18, samples=4
  lat (usec)   : 250=0.15%, 500=4.00%, 750=22.27%, 1000=27.29%
  lat (msec)   : 2=35.06%, 4=8.69%, 10=2.44%, 20=0.10%
  cpu          : usr=3.29%, sys=47.96%, ctx=2637, majf=0, minf=23
  IO depths    : 1=100.1%, 2=0.0%, 4=0.0%, 8=0.0%, 16=0.0%, 32=0.0%, >=64=0.0%
     submit    : 0=0.0%, 4=100.0%, 8=0.0%, 16=0.0%, 32=0.0%, 64=0.0%, >=64=0.0%
     complete  : 0=0.0%, 4=100.0%, 8=0.0%, 16=0.0%, 32=0.0%, 64=0.0%, >=64=0.0%
     issued rwts: total=0,2048,0,2 short=0,0,0,0 dropped=0,0,0,0
     latency   : target=0, window=0, percentile=100.00%, depth=1

Run status group 0 (all jobs):
  WRITE: bw=180MiB/s (188MB/s), 180MiB/s-180MiB/s (188MB/s-188MB/s), io=256MiB (268MB), run=1425-1425msec
