write: (g=0): rw=write, bs=(R) 4096B-4096B, (W) 4096B-4096B, (T) 4096B-4096B, ioengine=libaio, iodepth=16
...
fio-3.16
Starting 16 processes

write: (groupid=0, jobs=16): err= 0: pid=20297: Wed Oct 22 07:47:43 2025
  write: IOPS=318k, BW=1243MiB/s (1304MB/s)(2048MiB/1647msec); 0 zone resets
    slat (usec): min=7, max=10917, avg=35.24, stdev=43.37
    clat (nsec): min=915, max=12204k, avg=549992.00, stdev=176905.56
     lat (usec): min=10, max=12228, avg=585.40, stdev=187.70
    clat percentiles (usec):
     |  1.00th=[  227],  5.00th=[  359], 10.00th=[  408], 20.00th=[  449],
     | 30.00th=[  478], 40.00th=[  502], 50.00th=[  529], 60.00th=[  562],
     | 70.00th=[  594], 80.00th=[  635], 90.00th=[  725], 95.00th=[  824],
     | 99.00th=[  996], 99.50th=[ 1057], 99.90th=[ 1188], 99.95th=[ 1237],
     | 99.99th=[ 9372]
   bw (  MiB/s): min= 1528, max= 1755, per=100.00%, avg=1642.21, stdev= 9.08, samples=32
   iops        : min=391384, max=449426, avg=420405.00, stdev=2324.57, samples=32
  lat (nsec)   : 1000=0.01%
  lat (usec)   : 2=0.01%, 4=0.01%, 20=0.01%, 50=0.01%, 100=0.01%
  lat (usec)   : 250=1.63%, 500=37.05%, 750=52.94%, 1000=7.43%
  lat (msec)   : 2=0.91%, 10=0.01%, 20=0.01%
  cpu          : usr=3.16%, sys=28.62%, ctx=536798, majf=0, minf=176
  IO depths    : 1=0.1%, 2=0.1%, 4=0.1%, 8=0.1%, 16=100.0%, 32=0.0%, >=64=0.0%
     submit    : 0=0.0%, 4=100.0%, 8=0.0%, 16=0.0%, 32=0.0%, 64=0.0%, >=64=0.0%
     complete  : 0=0.0%, 4=100.0%, 8=0.0%, 16=0.1%, 32=0.0%, 64=0.0%, >=64=0.0%
     issued rwts: total=0,524288,0,16 short=0,0,0,0 dropped=0,0,0,0
     latency   : target=0, window=0, percentile=100.00%, depth=16

Run status group 0 (all jobs):
  WRITE: bw=1243MiB/s (1304MB/s), 1243MiB/s-1243MiB/s (1304MB/s-1304MB/s), io=2048MiB (2147MB), run=1647-1647msec
