write: (g=0): rw=write, bs=(R) 128KiB-128KiB, (W) 128KiB-128KiB, (T) 128KiB-128KiB, ioengine=psync, iodepth=1
...
fio-3.16
Starting 4 processes

write: (groupid=0, jobs=4): err= 0: pid=99424: Mon Oct 27 02:45:54 2025
  write: IOPS=3063, BW=383MiB/s (402MB/s)(512MiB/1337msec); 0 zone resets
    clat (usec): min=223, max=12762, avg=1099.56, stdev=717.39
     lat (usec): min=225, max=12804, avg=1123.80, stdev=727.39
    clat percentiles (usec):
     |  1.00th=[  404],  5.00th=[  523], 10.00th=[  578], 20.00th=[  668],
     | 30.00th=[  742], 40.00th=[  816], 50.00th=[  906], 60.00th=[ 1004],
     | 70.00th=[ 1139], 80.00th=[ 1352], 90.00th=[ 1745], 95.00th=[ 2343],
     | 99.00th=[ 4146], 99.50th=[ 4555], 99.90th=[ 5866], 99.95th=[ 7242],
     | 99.99th=[12780]
   bw (  KiB/s): min=440064, max=502272, per=100.00%, avg=471168.00, stdev=8807.45, samples=8
   iops        : min= 3438, max= 3924, avg=3681.00, stdev=68.81, samples=8
  lat (usec)   : 250=0.10%, 500=3.61%, 750=27.22%, 1000=28.83%
  lat (msec)   : 2=33.52%, 4=5.49%, 10=1.20%, 20=0.02%
  cpu          : usr=2.67%, sys=44.50%, ctx=4879, majf=0, minf=44
  IO depths    : 1=100.1%, 2=0.0%, 4=0.0%, 8=0.0%, 16=0.0%, 32=0.0%, >=64=0.0%
     submit    : 0=0.0%, 4=100.0%, 8=0.0%, 16=0.0%, 32=0.0%, 64=0.0%, >=64=0.0%
     complete  : 0=0.0%, 4=100.0%, 8=0.0%, 16=0.0%, 32=0.0%, 64=0.0%, >=64=0.0%
     issued rwts: total=0,4096,0,4 short=0,0,0,0 dropped=0,0,0,0
     latency   : target=0, window=0, percentile=100.00%, depth=1

Run status group 0 (all jobs):
  WRITE: bw=383MiB/s (402MB/s), 383MiB/s-383MiB/s (402MB/s-402MB/s), io=512MiB (537MB), run=1337-1337msec
