randwrite: (g=0): rw=randwrite, bs=(R) 4096B-4096B, (W) 4096B-4096B, (T) 4096B-4096B, ioengine=psync, iodepth=1
...
fio-3.16
Starting 4 processes

randwrite: (groupid=0, jobs=4): err= 0: pid=20279: Thu Oct  9 09:20:02 2025
  write: IOPS=344k, BW=1343MiB/s (1408MB/s)(4096MiB/3050msec); 0 zone resets
    clat (nsec): min=251, max=1621.7k, avg=1066.85, stdev=2769.99
     lat (nsec): min=270, max=1622.9k, avg=1086.88, stdev=2772.73
    clat percentiles (nsec):
     |  1.00th=[  580],  5.00th=[  644], 10.00th=[  684], 20.00th=[  780],
     | 30.00th=[  836], 40.00th=[  876], 50.00th=[  932], 60.00th=[  996],
     | 70.00th=[ 1096], 80.00th=[ 1336], 90.00th=[ 1560], 95.00th=[ 1784],
     | 99.00th=[ 2416], 99.50th=[ 2992], 99.90th=[ 5984], 99.95th=[ 7392],
     | 99.99th=[26496]
  lat (nsec)   : 500=0.15%, 750=16.96%, 1000=43.44%
  lat (usec)   : 2=36.74%, 4=2.35%, 10=0.34%, 20=0.01%, 50=0.02%
  lat (usec)   : 100=0.01%
  lat (msec)   : 2=0.01%
  cpu          : usr=1.95%, sys=12.82%, ctx=5251, majf=0, minf=48
  IO depths    : 1=100.0%, 2=0.0%, 4=0.0%, 8=0.0%, 16=0.0%, 32=0.0%, >=64=0.0%
     submit    : 0=0.0%, 4=100.0%, 8=0.0%, 16=0.0%, 32=0.0%, 64=0.0%, >=64=0.0%
     complete  : 0=0.0%, 4=100.0%, 8=0.0%, 16=0.0%, 32=0.0%, 64=0.0%, >=64=0.0%
     issued rwts: total=0,1048576,0,4 short=0,0,0,0 dropped=0,0,0,0
     latency   : target=0, window=0, percentile=100.00%, depth=1

Run status group 0 (all jobs):
  WRITE: bw=1343MiB/s (1408MB/s), 1343MiB/s-1343MiB/s (1408MB/s-1408MB/s), io=4096MiB (4295MB), run=3050-3050msec

Disk stats (read/write):
  nvme1n1: ios=3/230605, merge=0/2, ticks=5/847894, in_queue=847914, util=87.11%
