randwrite: (g=0): rw=randwrite, bs=(R) 128KiB-128KiB, (W) 128KiB-128KiB, (T) 128KiB-128KiB, ioengine=psync, iodepth=1
...
fio-3.16
Starting 4 processes

randwrite: (groupid=0, jobs=4): err= 0: pid=103223: Thu Oct  9 11:25:29 2025
  write: IOPS=25.5k, BW=3185MiB/s (3340MB/s)(4096MiB/1286msec); 0 zone resets
    clat (usec): min=5, max=291, avg=28.18, stdev= 7.56
     lat (usec): min=5, max=291, avg=28.63, stdev= 7.57
    clat percentiles (nsec):
     |  1.00th=[15808],  5.00th=[17280], 10.00th=[18048], 20.00th=[19584],
     | 30.00th=[21120], 40.00th=[29824], 50.00th=[31104], 60.00th=[32128],
     | 70.00th=[33024], 80.00th=[34048], 90.00th=[35072], 95.00th=[36608],
     | 99.00th=[42752], 99.50th=[50944], 99.90th=[66048], 99.95th=[68096],
     | 99.99th=[77312]
  lat (usec)   : 10=0.09%, 20=22.96%, 50=76.41%, 100=0.54%, 500=0.01%
  cpu          : usr=0.49%, sys=30.79%, ctx=504, majf=0, minf=40
  IO depths    : 1=100.0%, 2=0.0%, 4=0.0%, 8=0.0%, 16=0.0%, 32=0.0%, >=64=0.0%
     submit    : 0=0.0%, 4=100.0%, 8=0.0%, 16=0.0%, 32=0.0%, 64=0.0%, >=64=0.0%
     complete  : 0=0.0%, 4=100.0%, 8=0.0%, 16=0.0%, 32=0.0%, 64=0.0%, >=64=0.0%
     issued rwts: total=0,32768,0,4 short=0,0,0,0 dropped=0,0,0,0
     latency   : target=0, window=0, percentile=100.00%, depth=1

Run status group 0 (all jobs):
  WRITE: bw=3185MiB/s (3340MB/s), 3185MiB/s-3185MiB/s (3340MB/s-3340MB/s), io=4096MiB (4295MB), run=1286-1286msec

Disk stats (read/write):
  nvme1n1: ios=0/7913, merge=0/0, ticks=0/161369, in_queue=161368, util=73.31%
