randread: (g=0): rw=randread, bs=(R) 128KiB-128KiB, (W) 128KiB-128KiB, (T) 128KiB-128KiB, ioengine=psync, iodepth=1
fio-3.16
Starting 1 process

randread: (groupid=0, jobs=1): err= 0: pid=16034: Thu Oct  9 09:18:08 2025
  read: IOPS=10.1k, BW=1256MiB/s (1317MB/s)(1024MiB/815msec)
    clat (usec): min=4, max=2684, avg=99.32, stdev=80.50
     lat (usec): min=4, max=2684, avg=99.34, stdev=80.50
    clat percentiles (usec):
     |  1.00th=[    9],  5.00th=[    9], 10.00th=[   10], 20.00th=[   12],
     | 30.00th=[   12], 40.00th=[  118], 50.00th=[  133], 60.00th=[  139],
     | 70.00th=[  155], 80.00th=[  159], 90.00th=[  178], 95.00th=[  182],
     | 99.00th=[  190], 99.50th=[  192], 99.90th=[  231], 99.95th=[ 1303],
     | 99.99th=[ 2671]
   bw (  MiB/s): min= 1036, max= 1036, per=82.46%, avg=1036.00, stdev= 0.00, samples=1
   iops        : min= 8288, max= 8288, avg=8288.00, stdev= 0.00, samples=1
  lat (usec)   : 10=10.90%, 20=25.96%, 250=63.05%, 500=0.01%, 1000=0.01%
  lat (msec)   : 2=0.05%, 4=0.01%
  cpu          : usr=0.00%, sys=20.39%, ctx=5176, majf=0, minf=41
  IO depths    : 1=100.0%, 2=0.0%, 4=0.0%, 8=0.0%, 16=0.0%, 32=0.0%, >=64=0.0%
     submit    : 0=0.0%, 4=100.0%, 8=0.0%, 16=0.0%, 32=0.0%, 64=0.0%, >=64=0.0%
     complete  : 0=0.0%, 4=100.0%, 8=0.0%, 16=0.0%, 32=0.0%, 64=0.0%, >=64=0.0%
     issued rwts: total=8192,0,0,0 short=0,0,0,0 dropped=0,0,0,0
     latency   : target=0, window=0, percentile=100.00%, depth=1

Run status group 0 (all jobs):
   READ: bw=1256MiB/s (1317MB/s), 1256MiB/s-1256MiB/s (1317MB/s-1317MB/s), io=1024MiB (1074MB), run=815-815msec

Disk stats (read/write):
  nvme1n1: ios=4126/0, merge=0/0, ticks=523/0, in_queue=523, util=87.10%
