read: (g=0): rw=read, bs=(R) 4096B-4096B, (W) 4096B-4096B, (T) 4096B-4096B, ioengine=psync, iodepth=1
...
fio-3.16
Starting 4 processes

read: (groupid=0, jobs=4): err= 0: pid=6494: Thu Oct  9 09:08:06 2025
  read: IOPS=925k, BW=3612MiB/s (3787MB/s)(4096MiB/1134msec)
    clat (nsec): min=315, max=8283.0k, avg=4113.60, stdev=32478.93
     lat (nsec): min=327, max=8285.2k, avg=4141.64, stdev=32480.05
    clat percentiles (nsec):
     |  1.00th=[   398],  5.00th=[   458], 10.00th=[   494], 20.00th=[   548],
     | 30.00th=[   588], 40.00th=[   620], 50.00th=[   668], 60.00th=[   724],
     | 70.00th=[   788], 80.00th=[   852], 90.00th=[   940], 95.00th=[  1064],
     | 99.00th=[199680], 99.50th=[236544], 99.90th=[337920], 99.95th=[362496],
     | 99.99th=[448512]
   bw (  MiB/s): min= 3505, max= 3659, per=99.18%, avg=3582.44, stdev=20.72, samples=8
   iops        : min=897290, max=936920, avg=917105.00, stdev=5304.17, samples=8
  lat (nsec)   : 500=10.82%, 750=52.85%, 1000=29.81%
  lat (usec)   : 2=4.86%, 4=0.03%, 10=0.06%, 20=0.01%, 50=0.02%
  lat (usec)   : 100=0.09%, 250=1.03%, 500=0.43%, 750=0.01%
  lat (msec)   : 10=0.01%
  cpu          : usr=7.06%, sys=32.38%, ctx=15795, majf=0, minf=51
  IO depths    : 1=100.0%, 2=0.0%, 4=0.0%, 8=0.0%, 16=0.0%, 32=0.0%, >=64=0.0%
     submit    : 0=0.0%, 4=100.0%, 8=0.0%, 16=0.0%, 32=0.0%, 64=0.0%, >=64=0.0%
     complete  : 0=0.0%, 4=100.0%, 8=0.0%, 16=0.0%, 32=0.0%, 64=0.0%, >=64=0.0%
     issued rwts: total=1048576,0,0,0 short=0,0,0,0 dropped=0,0,0,0
     latency   : target=0, window=0, percentile=100.00%, depth=1

Run status group 0 (all jobs):
   READ: bw=3612MiB/s (3787MB/s), 3612MiB/s-3612MiB/s (3787MB/s-3787MB/s), io=4096MiB (4295MB), run=1134-1134msec

Disk stats (read/write):
  nvme1n1: ios=12811/0, merge=0/0, ticks=5684/0, in_queue=5684, util=90.14%
