write: (g=0): rw=write, bs=(R) 4096B-4096B, (W) 4096B-4096B, (T) 4096B-4096B, ioengine=psync, iodepth=1
fio-3.16
Starting 1 process

write: (groupid=0, jobs=1): err= 0: pid=74342: Thu Oct  9 11:14:02 2025
  write: IOPS=368k, BW=1436MiB/s (1506MB/s)(1024MiB/713msec); 0 zone resets
    clat (nsec): min=705, max=7985.3k, avg=911.94, stdev=15602.84
     lat (nsec): min=724, max=7986.5k, avg=931.42, stdev=15605.31
    clat percentiles (nsec):
     |  1.00th=[  724],  5.00th=[  732], 10.00th=[  740], 20.00th=[  748],
     | 30.00th=[  756], 40.00th=[  772], 50.00th=[  780], 60.00th=[  796],
     | 70.00th=[  828], 80.00th=[  916], 90.00th=[ 1208], 95.00th=[ 1288],
     | 99.00th=[ 1656], 99.50th=[ 2608], 99.90th=[ 4448], 99.95th=[ 7008],
     | 99.99th=[26240]
  lat (nsec)   : 750=22.64%, 1000=61.60%
  lat (usec)   : 2=15.19%, 4=0.14%, 10=0.41%, 20=0.01%, 50=0.02%
  lat (usec)   : 100=0.01%
  lat (msec)   : 10=0.01%
  cpu          : usr=6.18%, sys=49.02%, ctx=58, majf=0, minf=13
  IO depths    : 1=100.0%, 2=0.0%, 4=0.0%, 8=0.0%, 16=0.0%, 32=0.0%, >=64=0.0%
     submit    : 0=0.0%, 4=100.0%, 8=0.0%, 16=0.0%, 32=0.0%, 64=0.0%, >=64=0.0%
     complete  : 0=0.0%, 4=100.0%, 8=0.0%, 16=0.0%, 32=0.0%, 64=0.0%, >=64=0.0%
     issued rwts: total=0,262144,0,1 short=0,0,0,0 dropped=0,0,0,0
     latency   : target=0, window=0, percentile=100.00%, depth=1

Run status group 0 (all jobs):
  WRITE: bw=1436MiB/s (1506MB/s), 1436MiB/s-1436MiB/s (1506MB/s-1506MB/s), io=1024MiB (1074MB), run=713-713msec

Disk stats (read/write):
  nvme1n1: ios=1/1771, merge=0/0, ticks=8/8661, in_queue=8670, util=52.69%
