write: (g=0): rw=write, bs=(R) 4096B-4096B, (W) 4096B-4096B, (T) 4096B-4096B, ioengine=psync, iodepth=1
...
fio-3.16
Starting 8 processes

write: (groupid=0, jobs=8): err= 0: pid=74940: Thu Oct  9 11:14:34 2025
  write: IOPS=600k, BW=2344MiB/s (2458MB/s)(8192MiB/3495msec); 0 zone resets
    clat (nsec): min=665, max=66531k, avg=5810.38, stdev=460129.14
     lat (nsec): min=684, max=66531k, avg=5856.43, stdev=460129.43
    clat percentiles (nsec):
     |  1.00th=[  692],  5.00th=[  732], 10.00th=[  828], 20.00th=[  996],
     | 30.00th=[ 1096], 40.00th=[ 1224], 50.00th=[ 1384], 60.00th=[ 1608],
     | 70.00th=[ 1976], 80.00th=[ 4048], 90.00th=[ 4320], 95.00th=[ 5152],
     | 99.00th=[ 8384], 99.50th=[ 9920], 99.90th=[13632], 99.95th=[15680],
     | 99.99th=[35072]
   bw (  MiB/s): min= 2311, max=10591, per=100.00%, avg=5143.50, stdev=497.55, samples=24
   iops        : min=591720, max=2711470, avg=1316735.33, stdev=127373.62, samples=24
  lat (nsec)   : 750=6.26%, 1000=14.25%
  lat (usec)   : 2=49.88%, 4=9.25%, 10=19.88%, 20=0.46%, 50=0.01%
  lat (usec)   : 100=0.01%
  lat (msec)   : 10=0.01%, 50=0.01%, 100=0.01%
  cpu          : usr=4.24%, sys=18.21%, ctx=8252, majf=0, minf=96
  IO depths    : 1=100.0%, 2=0.0%, 4=0.0%, 8=0.0%, 16=0.0%, 32=0.0%, >=64=0.0%
     submit    : 0=0.0%, 4=100.0%, 8=0.0%, 16=0.0%, 32=0.0%, 64=0.0%, >=64=0.0%
     complete  : 0=0.0%, 4=100.0%, 8=0.0%, 16=0.0%, 32=0.0%, 64=0.0%, >=64=0.0%
     issued rwts: total=0,2097152,0,8 short=0,0,0,0 dropped=0,0,0,0
     latency   : target=0, window=0, percentile=100.00%, depth=1

Run status group 0 (all jobs):
  WRITE: bw=2344MiB/s (2458MB/s), 2344MiB/s-2344MiB/s (2458MB/s-2458MB/s), io=8192MiB (8590MB), run=3495-3495msec

Disk stats (read/write):
  nvme1n1: ios=4/16676, merge=0/6, ticks=30/1121081, in_queue=1121184, util=93.44%
