randread: (g=0): rw=randread, bs=(R) 128KiB-128KiB, (W) 128KiB-128KiB, (T) 128KiB-128KiB, ioengine=psync, iodepth=1
...
fio-3.16
Starting 32 processes

randread: (groupid=0, jobs=32): err= 0: pid=87137: Thu Oct 30 03:20:47 2025
  read: IOPS=21.6k, BW=2695MiB/s (2826MB/s)(4096MiB/1520msec)
    clat (usec): min=6, max=12171, avg=1419.89, stdev=1294.78
     lat (usec): min=6, max=12171, avg=1419.95, stdev=1294.77
    clat percentiles (usec):
     |  1.00th=[   16],  5.00th=[   18], 10.00th=[   20], 20.00th=[   23],
     | 30.00th=[   24], 40.00th=[ 1139], 50.00th=[ 1532], 60.00th=[ 1958],
     | 70.00th=[ 2147], 80.00th=[ 2343], 90.00th=[ 2933], 95.00th=[ 3523],
     | 99.00th=[ 4948], 99.50th=[ 5669], 99.90th=[ 7504], 99.95th=[ 8455],
     | 99.99th=[10159]
   bw (  MiB/s): min= 2376, max= 2601, per=92.23%, avg=2485.40, stdev= 4.51, samples=66
   iops        : min=19008, max=20810, avg=19881.67, stdev=36.11, samples=66
  lat (usec)   : 10=0.09%, 20=10.00%, 50=26.88%, 250=0.06%, 500=0.73%
  lat (usec)   : 750=1.21%, 1000=0.72%
  lat (msec)   : 2=22.12%, 4=35.41%, 10=2.77%, 20=0.02%
  cpu          : usr=0.14%, sys=3.25%, ctx=20695, majf=0, minf=1318
  IO depths    : 1=100.0%, 2=0.0%, 4=0.0%, 8=0.0%, 16=0.0%, 32=0.0%, >=64=0.0%
     submit    : 0=0.0%, 4=100.0%, 8=0.0%, 16=0.0%, 32=0.0%, 64=0.0%, >=64=0.0%
     complete  : 0=0.0%, 4=100.0%, 8=0.0%, 16=0.0%, 32=0.0%, 64=0.0%, >=64=0.0%
     issued rwts: total=32768,0,0,0 short=0,0,0,0 dropped=0,0,0,0
     latency   : target=0, window=0, percentile=100.00%, depth=1

Run status group 0 (all jobs):
   READ: bw=2695MiB/s (2826MB/s), 2695MiB/s-2695MiB/s (2826MB/s-2826MB/s), io=4096MiB (4295MB), run=1520-1520msec

Disk stats (read/write):
  nvme0n1: ios=18297/0, merge=0/0, ticks=3057/0, in_queue=3056, util=92.86%
