randread: (g=0): rw=randread, bs=(R) 128KiB-128KiB, (W) 128KiB-128KiB, (T) 128KiB-128KiB, ioengine=psync, iodepth=1
...
fio-3.16
Starting 8 processes

randread: (groupid=0, jobs=8): err= 0: pid=86969: Thu Oct 30 03:20:43 2025
  read: IOPS=22.5k, BW=2813MiB/s (2950MB/s)(1024MiB/364msec)
    clat (usec): min=6, max=2376, avg=352.32, stdev=302.47
     lat (usec): min=6, max=2376, avg=352.37, stdev=302.47
    clat percentiles (usec):
     |  1.00th=[   17],  5.00th=[   18], 10.00th=[   21], 20.00th=[   23],
     | 30.00th=[   25], 40.00th=[  330], 50.00th=[  412], 60.00th=[  457],
     | 70.00th=[  498], 80.00th=[  562], 90.00th=[  693], 95.00th=[  840],
     | 99.00th=[ 1205], 99.50th=[ 1401], 99.90th=[ 1844], 99.95th=[ 2180],
     | 99.99th=[ 2376]
  lat (usec)   : 10=0.11%, 20=9.97%, 50=26.83%, 100=0.01%, 250=0.56%
  lat (usec)   : 500=33.01%, 750=21.68%, 1000=5.35%
  lat (msec)   : 2=2.40%, 4=0.07%
  cpu          : usr=0.31%, sys=12.05%, ctx=5175, majf=0, minf=324
  IO depths    : 1=100.0%, 2=0.0%, 4=0.0%, 8=0.0%, 16=0.0%, 32=0.0%, >=64=0.0%
     submit    : 0=0.0%, 4=100.0%, 8=0.0%, 16=0.0%, 32=0.0%, 64=0.0%, >=64=0.0%
     complete  : 0=0.0%, 4=100.0%, 8=0.0%, 16=0.0%, 32=0.0%, 64=0.0%, >=64=0.0%
     issued rwts: total=8192,0,0,0 short=0,0,0,0 dropped=0,0,0,0
     latency   : target=0, window=0, percentile=100.00%, depth=1

Run status group 0 (all jobs):
   READ: bw=2813MiB/s (2950MB/s), 2813MiB/s-2813MiB/s (2950MB/s-2950MB/s), io=1024MiB (1074MB), run=364-364msec

Disk stats (read/write):
  nvme0n1: ios=2369/0, merge=0/0, ticks=416/0, in_queue=416, util=59.44%
