randread: (g=0): rw=randread, bs=(R) 128KiB-128KiB, (W) 128KiB-128KiB, (T) 128KiB-128KiB, ioengine=psync, iodepth=1
...
fio-3.16
Starting 2 processes

randread: (groupid=0, jobs=2): err= 0: pid=86873: Thu Oct 30 03:20:41 2025
  read: IOPS=14.1k, BW=1766MiB/s (1851MB/s)(256MiB/145msec)
    clat (usec): min=12, max=610, avg=138.82, stdev=94.14
     lat (usec): min=12, max=610, avg=138.88, stdev=94.14
    clat percentiles (usec):
     |  1.00th=[   15],  5.00th=[   16], 10.00th=[   18], 20.00th=[   21],
     | 30.00th=[   22], 40.00th=[  188], 50.00th=[  190], 60.00th=[  194],
     | 70.00th=[  202], 80.00th=[  217], 90.00th=[  223], 95.00th=[  239],
     | 99.00th=[  289], 99.50th=[  330], 99.90th=[  453], 99.95th=[  461],
     | 99.99th=[  611]
  lat (usec)   : 20=19.38%, 50=17.43%, 250=60.50%, 500=2.64%, 750=0.05%
  cpu          : usr=0.00%, sys=28.07%, ctx=1295, majf=0, minf=85
  IO depths    : 1=100.0%, 2=0.0%, 4=0.0%, 8=0.0%, 16=0.0%, 32=0.0%, >=64=0.0%
     submit    : 0=0.0%, 4=100.0%, 8=0.0%, 16=0.0%, 32=0.0%, 64=0.0%, >=64=0.0%
     complete  : 0=0.0%, 4=100.0%, 8=0.0%, 16=0.0%, 32=0.0%, 64=0.0%, >=64=0.0%
     issued rwts: total=2048,0,0,0 short=0,0,0,0 dropped=0,0,0,0
     latency   : target=0, window=0, percentile=100.00%, depth=1

Run status group 0 (all jobs):
   READ: bw=1766MiB/s (1851MB/s), 1766MiB/s-1766MiB/s (1851MB/s-1851MB/s), io=256MiB (268MB), run=145-145msec

Disk stats (read/write):
  nvme0n1: ios=0/0, merge=0/0, ticks=0/0, in_queue=0, util=0.00%
