write: (g=0): rw=write, bs=(R) 128KiB-128KiB, (W) 128KiB-128KiB, (T) 128KiB-128KiB, ioengine=psync, iodepth=1
...
fio-3.16
Starting 16 processes

write: (groupid=0, jobs=16): err= 0: pid=87409: Thu Oct 30 03:20:54 2025
  write: IOPS=9542, BW=1193MiB/s (1251MB/s)(2048MiB/1717msec); 0 zone resets
    clat (usec): min=48, max=100077, avg=777.15, stdev=6517.98
     lat (usec): min=48, max=100078, avg=786.78, stdev=6554.85
    clat percentiles (usec):
     |  1.00th=[   50],  5.00th=[   51], 10.00th=[   51], 20.00th=[   51],
     | 30.00th=[   52], 40.00th=[   52], 50.00th=[   53], 60.00th=[   53],
     | 70.00th=[   54], 80.00th=[   54], 90.00th=[   55], 95.00th=[   57],
     | 99.00th=[55837], 99.50th=[60031], 99.90th=[64226], 99.95th=[64226],
     | 99.99th=[91751]
   bw (  MiB/s): min= 2616, max= 2616, per=100.00%, avg=2616.44, stdev= 0.00, samples=16
   iops        : min=20931, max=20931, avg=20931.00, stdev= 0.00, samples=16
  lat (usec)   : 50=3.74%, 100=94.98%, 1000=0.01%
  lat (msec)   : 2=0.01%, 10=0.01%, 20=0.01%, 50=0.12%, 100=1.12%
  lat (msec)   : 250=0.01%
  cpu          : usr=0.07%, sys=4.42%, ctx=348, majf=0, minf=180
  IO depths    : 1=100.1%, 2=0.0%, 4=0.0%, 8=0.0%, 16=0.0%, 32=0.0%, >=64=0.0%
     submit    : 0=0.0%, 4=100.0%, 8=0.0%, 16=0.0%, 32=0.0%, 64=0.0%, >=64=0.0%
     complete  : 0=0.0%, 4=100.0%, 8=0.0%, 16=0.0%, 32=0.0%, 64=0.0%, >=64=0.0%
     issued rwts: total=0,16384,0,16 short=0,0,0,0 dropped=0,0,0,0
     latency   : target=0, window=0, percentile=100.00%, depth=1

Run status group 0 (all jobs):
  WRITE: bw=1193MiB/s (1251MB/s), 1193MiB/s-1193MiB/s (1251MB/s-1251MB/s), io=2048MiB (2147MB), run=1717-1717msec

Disk stats (read/write):
  nvme0n1: ios=0/3509, merge=0/2, ticks=0/295667, in_queue=295862, util=48.03%
