randread: (g=0): rw=randread, bs=(R) 4096B-4096B, (W) 4096B-4096B, (T) 4096B-4096B, ioengine=psync, iodepth=1
...
fio-3.16
Starting 16 processes

randread: (groupid=0, jobs=16): err= 0: pid=510768: Mon Oct 20 14:26:45 2025
  read: IOPS=177k, BW=690MiB/s (723MB/s)(2048MiB/2969msec)
    clat (nsec): min=185, max=8061.8k, avg=89354.63, stdev=105439.26
     lat (nsec): min=199, max=8062.0k, avg=89376.26, stdev=105439.88
    clat percentiles (nsec):
     |  1.00th=[   516],  5.00th=[   604], 10.00th=[   668], 20.00th=[   788],
     | 30.00th=[  1048], 40.00th=[ 12608], 50.00th=[ 75264], 60.00th=[ 91648],
     | 70.00th=[130560], 80.00th=[166912], 90.00th=[218112], 95.00th=[264192],
     | 99.00th=[391168], 99.50th=[452608], 99.90th=[593920], 99.95th=[659456],
     | 99.99th=[856064]
   bw (  KiB/s): min=511048, max=812048, per=90.79%, avg=641265.60, stdev=6599.30, samples=80
   iops        : min=127762, max=203012, avg=160316.40, stdev=1649.82, samples=80
  lat (nsec)   : 250=0.01%, 500=0.65%, 750=16.57%, 1000=11.79%
  lat (usec)   : 2=6.90%, 4=0.84%, 10=2.33%, 20=2.06%, 50=0.63%
  lat (usec)   : 100=20.64%, 250=31.34%, 500=5.97%, 750=0.27%, 1000=0.02%
  lat (msec)   : 2=0.01%, 4=0.01%, 10=0.01%
  cpu          : usr=0.47%, sys=3.00%, ctx=331643, majf=0, minf=163
  IO depths    : 1=100.0%, 2=0.0%, 4=0.0%, 8=0.0%, 16=0.0%, 32=0.0%, >=64=0.0%
     submit    : 0=0.0%, 4=100.0%, 8=0.0%, 16=0.0%, 32=0.0%, 64=0.0%, >=64=0.0%
     complete  : 0=0.0%, 4=100.0%, 8=0.0%, 16=0.0%, 32=0.0%, 64=0.0%, >=64=0.0%
     issued rwts: total=524288,0,0,0 short=0,0,0,0 dropped=0,0,0,0
     latency   : target=0, window=0, percentile=100.00%, depth=1

Run status group 0 (all jobs):
   READ: bw=690MiB/s (723MB/s), 690MiB/s-690MiB/s (723MB/s-723MB/s), io=2048MiB (2147MB), run=2969-2969msec
