randread: (g=0): rw=randread, bs=(R) 128KiB-128KiB, (W) 128KiB-128KiB, (T) 128KiB-128KiB, ioengine=psync, iodepth=1
...
fio-3.16
Starting 4 processes

randread: (groupid=0, jobs=4): err= 0: pid=511073: Mon Oct 20 14:27:05 2025
  read: IOPS=18.9k, BW=2359MiB/s (2474MB/s)(512MiB/217msec)
    clat (usec): min=2, max=8543, avg=207.96, stdev=298.34
     lat (usec): min=2, max=8543, avg=207.98, stdev=298.35
    clat percentiles (usec):
     |  1.00th=[    8],  5.00th=[   10], 10.00th=[   11], 20.00th=[   13],
     | 30.00th=[   14], 40.00th=[  215], 50.00th=[  258], 60.00th=[  281],
     | 70.00th=[  306], 80.00th=[  334], 90.00th=[  379], 95.00th=[  412],
     | 99.00th=[  494], 99.50th=[  529], 99.90th=[  676], 99.95th=[ 8291],
     | 99.99th=[ 8586]
  lat (usec)   : 4=0.07%, 10=5.57%, 20=31.01%, 50=0.05%, 100=0.49%
  lat (usec)   : 250=10.60%, 500=51.42%, 750=0.71%
  lat (msec)   : 10=0.10%
  cpu          : usr=0.00%, sys=9.39%, ctx=2602, majf=0, minf=168
  IO depths    : 1=100.0%, 2=0.0%, 4=0.0%, 8=0.0%, 16=0.0%, 32=0.0%, >=64=0.0%
     submit    : 0=0.0%, 4=100.0%, 8=0.0%, 16=0.0%, 32=0.0%, 64=0.0%, >=64=0.0%
     complete  : 0=0.0%, 4=100.0%, 8=0.0%, 16=0.0%, 32=0.0%, 64=0.0%, >=64=0.0%
     issued rwts: total=4096,0,0,0 short=0,0,0,0 dropped=0,0,0,0
     latency   : target=0, window=0, percentile=100.00%, depth=1

Run status group 0 (all jobs):
   READ: bw=2359MiB/s (2474MB/s), 2359MiB/s-2359MiB/s (2474MB/s-2474MB/s), io=512MiB (537MB), run=217-217msec
