randwrite: (g=0): rw=randwrite, bs=(R) 4096B-4096B, (W) 4096B-4096B, (T) 4096B-4096B, ioengine=psync, iodepth=1
...
fio-3.16
Starting 2 processes

randwrite: (groupid=0, jobs=2): err= 0: pid=63525: Mon Oct 20 15:19:19 2025
  write: IOPS=156k, BW=611MiB/s (641MB/s)(256MiB/419msec); 0 zone resets
    clat (usec): min=3, max=12229, avg= 9.04, stdev=107.04
     lat (usec): min=3, max=12229, avg= 9.06, stdev=107.04
    clat percentiles (usec):
     |  1.00th=[    5],  5.00th=[    5], 10.00th=[    6], 20.00th=[    6],
     | 30.00th=[    6], 40.00th=[    7], 50.00th=[    7], 60.00th=[    8],
     | 70.00th=[    8], 80.00th=[    8], 90.00th=[    9], 95.00th=[   10],
     | 99.00th=[   45], 99.50th=[   51], 99.90th=[   74], 99.95th=[   81],
     | 99.99th=[ 6521]
  lat (usec)   : 4=0.23%, 10=96.57%, 20=1.68%, 50=0.96%, 100=0.53%
  lat (usec)   : 500=0.01%
  lat (msec)   : 2=0.01%, 4=0.01%, 10=0.02%, 20=0.01%
  cpu          : usr=2.24%, sys=70.81%, ctx=2333, majf=0, minf=21
  IO depths    : 1=100.0%, 2=0.0%, 4=0.0%, 8=0.0%, 16=0.0%, 32=0.0%, >=64=0.0%
     submit    : 0=0.0%, 4=100.0%, 8=0.0%, 16=0.0%, 32=0.0%, 64=0.0%, >=64=0.0%
     complete  : 0=0.0%, 4=100.0%, 8=0.0%, 16=0.0%, 32=0.0%, 64=0.0%, >=64=0.0%
     issued rwts: total=0,65536,0,2 short=0,0,0,0 dropped=0,0,0,0
     latency   : target=0, window=0, percentile=100.00%, depth=1

Run status group 0 (all jobs):
  WRITE: bw=611MiB/s (641MB/s), 611MiB/s-611MiB/s (641MB/s-641MB/s), io=256MiB (268MB), run=419-419msec
