randread: (g=0): rw=randread, bs=(R) 4096B-4096B, (W) 4096B-4096B, (T) 4096B-4096B, ioengine=psync, iodepth=1
...
fio-3.16
Starting 4 processes

randread: (groupid=0, jobs=4): err= 0: pid=510530: Mon Oct 20 14:26:26 2025
  read: IOPS=15.6k, BW=60.8MiB/s (63.8MB/s)(512MiB/8419msec)
    clat (nsec): min=211, max=13824k, avg=256228.95, stdev=587716.67
     lat (nsec): min=225, max=13824k, avg=256256.62, stdev=587732.27
    clat percentiles (nsec):
     |  1.00th=[     422],  5.00th=[     506], 10.00th=[     564],
     | 20.00th=[     660], 30.00th=[     852], 40.00th=[    9664],
     | 50.00th=[   73216], 60.00th=[   84480], 70.00th=[  107008],
     | 80.00th=[  148480], 90.00th=[ 1466368], 95.00th=[ 1630208],
     | 99.00th=[ 3031040], 99.50th=[ 3194880], 99.90th=[ 3358720],
     | 99.95th=[ 3457024], 99.99th=[12517376]
   bw (  KiB/s): min=11304, max=273688, per=68.90%, avg=42907.75, stdev=19400.67, samples=64
   iops        : min= 2826, max=68422, avg=10726.81, stdev=4850.14, samples=64
  lat (nsec)   : 250=0.02%, 500=4.35%, 750=21.98%, 1000=6.22%
  lat (usec)   : 2=3.37%, 4=0.80%, 10=3.44%, 20=1.89%, 50=0.90%
  lat (usec)   : 100=25.43%, 250=19.08%, 500=0.88%, 750=0.04%, 1000=0.03%
  lat (msec)   : 2=10.27%, 4=1.28%, 10=0.01%, 20=0.01%
  cpu          : usr=0.19%, sys=2.02%, ctx=83138, majf=0, minf=38
  IO depths    : 1=100.0%, 2=0.0%, 4=0.0%, 8=0.0%, 16=0.0%, 32=0.0%, >=64=0.0%
     submit    : 0=0.0%, 4=100.0%, 8=0.0%, 16=0.0%, 32=0.0%, 64=0.0%, >=64=0.0%
     complete  : 0=0.0%, 4=100.0%, 8=0.0%, 16=0.0%, 32=0.0%, 64=0.0%, >=64=0.0%
     issued rwts: total=131072,0,0,0 short=0,0,0,0 dropped=0,0,0,0
     latency   : target=0, window=0, percentile=100.00%, depth=1

Run status group 0 (all jobs):
   READ: bw=60.8MiB/s (63.8MB/s), 60.8MiB/s-60.8MiB/s (63.8MB/s-63.8MB/s), io=512MiB (537MB), run=8419-8419msec
