randread: (g=0): rw=randread, bs=(R) 128KiB-128KiB, (W) 128KiB-128KiB, (T) 128KiB-128KiB, ioengine=psync, iodepth=1
...
fio-3.16
Starting 8 processes

randread: (groupid=0, jobs=8): err= 0: pid=62324: Mon Oct 20 15:18:03 2025
  read: IOPS=26.9k, BW=3368MiB/s (3532MB/s)(1024MiB/304msec)
    clat (usec): min=2, max=8606, avg=290.70, stdev=343.86
     lat (usec): min=2, max=8607, avg=290.72, stdev=343.87
    clat percentiles (usec):
     |  1.00th=[    9],  5.00th=[   10], 10.00th=[   12], 20.00th=[   13],
     | 30.00th=[   14], 40.00th=[  245], 50.00th=[  318], 60.00th=[  371],
     | 70.00th=[  429], 80.00th=[  502], 90.00th=[  594], 95.00th=[  660],
     | 99.00th=[  824], 99.50th=[  881], 99.90th=[ 1369], 99.95th=[ 8160],
     | 99.99th=[ 8586]
  lat (usec)   : 4=0.10%, 10=5.44%, 20=31.32%, 50=0.07%, 100=0.15%
  lat (usec)   : 250=3.56%, 500=38.92%, 750=18.26%, 1000=2.01%
  lat (msec)   : 2=0.06%, 10=0.10%
  cpu          : usr=1.01%, sys=5.92%, ctx=5193, majf=0, minf=323
  IO depths    : 1=100.0%, 2=0.0%, 4=0.0%, 8=0.0%, 16=0.0%, 32=0.0%, >=64=0.0%
     submit    : 0=0.0%, 4=100.0%, 8=0.0%, 16=0.0%, 32=0.0%, 64=0.0%, >=64=0.0%
     complete  : 0=0.0%, 4=100.0%, 8=0.0%, 16=0.0%, 32=0.0%, 64=0.0%, >=64=0.0%
     issued rwts: total=8192,0,0,0 short=0,0,0,0 dropped=0,0,0,0
     latency   : target=0, window=0, percentile=100.00%, depth=1

Run status group 0 (all jobs):
   READ: bw=3368MiB/s (3532MB/s), 3368MiB/s-3368MiB/s (3532MB/s-3532MB/s), io=1024MiB (1074MB), run=304-304msec
