randread: (g=0): rw=randread, bs=(R) 4096B-4096B, (W) 4096B-4096B, (T) 4096B-4096B, ioengine=psync, iodepth=1
fio-3.16
Starting 1 process

randread: (groupid=0, jobs=1): err= 0: pid=61566: Mon Oct 20 15:16:57 2025
  read: IOPS=4001, BW=15.6MiB/s (16.4MB/s)(128MiB/8188msec)
    clat (nsec): min=220, max=12956k, avg=249595.04, stdev=527403.40
     lat (nsec): min=235, max=12956k, avg=249625.72, stdev=527421.70
    clat percentiles (nsec):
     |  1.00th=[     322],  5.00th=[     390], 10.00th=[     434],
     | 20.00th=[     502], 30.00th=[     636], 40.00th=[    8512],
     | 50.00th=[   70144], 60.00th=[   83456], 70.00th=[   93696],
     | 80.00th=[  156672], 90.00th=[ 1449984], 95.00th=[ 1597440],
     | 99.00th=[ 1744896], 99.50th=[ 1794048], 99.90th=[ 1941504],
     | 99.95th=[ 3063808], 99.99th=[12517376]
   bw (  KiB/s): min= 3448, max=93072, per=78.01%, avg=12487.00, stdev=23921.39, samples=16
   iops        : min=  862, max=23268, avg=3121.75, stdev=5980.35, samples=16
  lat (nsec)   : 250=0.02%, 500=19.60%, 750=12.85%, 1000=1.03%
  lat (usec)   : 2=2.23%, 4=0.82%, 10=5.19%, 20=1.57%, 50=0.58%
  lat (usec)   : 100=30.43%, 250=11.07%, 500=1.59%, 750=0.24%, 1000=0.11%
  lat (msec)   : 2=12.59%, 4=0.05%, 10=0.01%, 20=0.01%
  cpu          : usr=0.31%, sys=2.30%, ctx=21072, majf=0, minf=10
  IO depths    : 1=100.0%, 2=0.0%, 4=0.0%, 8=0.0%, 16=0.0%, 32=0.0%, >=64=0.0%
     submit    : 0=0.0%, 4=100.0%, 8=0.0%, 16=0.0%, 32=0.0%, 64=0.0%, >=64=0.0%
     complete  : 0=0.0%, 4=100.0%, 8=0.0%, 16=0.0%, 32=0.0%, 64=0.0%, >=64=0.0%
     issued rwts: total=32768,0,0,0 short=0,0,0,0 dropped=0,0,0,0
     latency   : target=0, window=0, percentile=100.00%, depth=1

Run status group 0 (all jobs):
   READ: bw=15.6MiB/s (16.4MB/s), 15.6MiB/s-15.6MiB/s (16.4MB/s-16.4MB/s), io=128MiB (134MB), run=8188-8188msec
