randread: (g=0): rw=randread, bs=(R) 128KiB-128KiB, (W) 128KiB-128KiB, (T) 128KiB-128KiB, ioengine=psync, iodepth=1
...
fio-3.16
Starting 16 processes

randread: (groupid=0, jobs=16): err= 0: pid=511203: Mon Oct 20 14:27:13 2025
  read: IOPS=30.2k, BW=3779MiB/s (3962MB/s)(2048MiB/542msec)
    clat (usec): min=2, max=9134, avg=514.21, stdev=503.58
     lat (usec): min=2, max=9134, avg=514.24, stdev=503.59
    clat percentiles (usec):
     |  1.00th=[   10],  5.00th=[   12], 10.00th=[   13], 20.00th=[   15],
     | 30.00th=[   17], 40.00th=[  351], 50.00th=[  523], 60.00th=[  652],
     | 70.00th=[  775], 80.00th=[  914], 90.00th=[ 1123], 95.00th=[ 1303],
     | 99.00th=[ 1663], 99.50th=[ 1795], 99.90th=[ 3228], 99.95th=[ 6718],
     | 99.99th=[ 8848]
   bw (  MiB/s): min= 3673, max= 3673, per=97.23%, avg=3673.75, stdev= 0.00, samples=16
   iops        : min=29390, max=29390, avg=29390.00, stdev= 0.00, samples=16
  lat (usec)   : 4=0.10%, 10=1.86%, 20=33.48%, 50=1.46%, 100=0.09%
  lat (usec)   : 250=0.61%, 500=11.10%, 750=19.26%, 1000=17.02%
  lat (msec)   : 2=14.80%, 4=0.14%, 10=0.07%
  cpu          : usr=0.06%, sys=4.82%, ctx=10409, majf=0, minf=659
  IO depths    : 1=100.0%, 2=0.0%, 4=0.0%, 8=0.0%, 16=0.0%, 32=0.0%, >=64=0.0%
     submit    : 0=0.0%, 4=100.0%, 8=0.0%, 16=0.0%, 32=0.0%, 64=0.0%, >=64=0.0%
     complete  : 0=0.0%, 4=100.0%, 8=0.0%, 16=0.0%, 32=0.0%, 64=0.0%, >=64=0.0%
     issued rwts: total=16384,0,0,0 short=0,0,0,0 dropped=0,0,0,0
     latency   : target=0, window=0, percentile=100.00%, depth=1

Run status group 0 (all jobs):
   READ: bw=3779MiB/s (3962MB/s), 3779MiB/s-3779MiB/s (3962MB/s-3962MB/s), io=2048MiB (2147MB), run=542-542msec
