randwrite: (g=0): rw=randwrite, bs=(R) 128KiB-128KiB, (W) 128KiB-128KiB, (T) 128KiB-128KiB, ioengine=psync, iodepth=1
fio-3.16
Starting 1 process

randwrite: (groupid=0, jobs=1): err= 0: pid=63890: Mon Oct 20 15:19:46 2025
  write: IOPS=6564, BW=821MiB/s (860MB/s)(128MiB/156msec); 0 zone resets
    clat (usec): min=27, max=5920, avg=92.40, stdev=259.68
     lat (usec): min=28, max=5920, avg=92.83, stdev=259.68
    clat percentiles (usec):
     |  1.00th=[   36],  5.00th=[   40], 10.00th=[   44], 20.00th=[   47],
     | 30.00th=[   61], 40.00th=[   75], 50.00th=[   77], 60.00th=[   79],
     | 70.00th=[  105], 80.00th=[  120], 90.00th=[  124], 95.00th=[  129],
     | 99.00th=[  139], 99.50th=[  145], 99.90th=[ 5932], 99.95th=[ 5932],
     | 99.99th=[ 5932]
  lat (usec)   : 50=28.52%, 100=39.26%, 250=32.03%
  lat (msec)   : 10=0.20%
  cpu          : usr=0.00%, sys=65.16%, ctx=19, majf=0, minf=10
  IO depths    : 1=100.1%, 2=0.0%, 4=0.0%, 8=0.0%, 16=0.0%, 32=0.0%, >=64=0.0%
     submit    : 0=0.0%, 4=100.0%, 8=0.0%, 16=0.0%, 32=0.0%, 64=0.0%, >=64=0.0%
     complete  : 0=0.0%, 4=100.0%, 8=0.0%, 16=0.0%, 32=0.0%, 64=0.0%, >=64=0.0%
     issued rwts: total=0,1024,0,1 short=0,0,0,0 dropped=0,0,0,0
     latency   : target=0, window=0, percentile=100.00%, depth=1

Run status group 0 (all jobs):
  WRITE: bw=821MiB/s (860MB/s), 821MiB/s-821MiB/s (860MB/s-860MB/s), io=128MiB (134MB), run=156-156msec
