read: (g=0): rw=read, bs=(R) 4096B-4096B, (W) 4096B-4096B, (T) 4096B-4096B, ioengine=psync, iodepth=1
...
fio-3.16
Starting 16 processes

read: (groupid=0, jobs=16): err= 0: pid=509699: Mon Oct 20 14:25:15 2025
  read: IOPS=273k, BW=1067MiB/s (1118MB/s)(2048MiB/1920msec)
    clat (nsec): min=180, max=26440k, avg=57228.74, stdev=651011.26
     lat (nsec): min=190, max=26440k, avg=57243.70, stdev=651011.18
    clat percentiles (nsec):
     |  1.00th=[     229],  5.00th=[     243], 10.00th=[     258],
     | 20.00th=[     286], 30.00th=[     302], 40.00th=[     310],
     | 50.00th=[     318], 60.00th=[     330], 70.00th=[     350],
     | 80.00th=[     382], 90.00th=[     442], 95.00th=[     556],
     | 99.00th=[ 1138688], 99.50th=[ 4751360], 99.90th=[10420224],
     | 99.95th=[12255232], 99.99th=[15269888]
   bw (  MiB/s): min=  967, max= 1213, per=100.00%, avg=1074.65, stdev= 6.93, samples=48
   iops        : min=247680, max=310762, avg=275107.33, stdev=1775.11, samples=48
  lat (nsec)   : 250=7.72%, 500=85.83%, 750=3.52%, 1000=0.63%
  lat (usec)   : 2=0.60%, 4=0.10%, 10=0.02%, 20=0.01%, 50=0.45%
  lat (usec)   : 100=0.06%, 250=0.03%, 500=0.01%, 750=0.01%, 1000=0.01%
  lat (msec)   : 2=0.08%, 4=0.29%, 10=0.53%, 20=0.11%, 50=0.01%
  cpu          : usr=0.45%, sys=1.88%, ctx=5942, majf=0, minf=178
  IO depths    : 1=100.0%, 2=0.0%, 4=0.0%, 8=0.0%, 16=0.0%, 32=0.0%, >=64=0.0%
     submit    : 0=0.0%, 4=100.0%, 8=0.0%, 16=0.0%, 32=0.0%, 64=0.0%, >=64=0.0%
     complete  : 0=0.0%, 4=100.0%, 8=0.0%, 16=0.0%, 32=0.0%, 64=0.0%, >=64=0.0%
     issued rwts: total=524288,0,0,0 short=0,0,0,0 dropped=0,0,0,0
     latency   : target=0, window=0, percentile=100.00%, depth=1

Run status group 0 (all jobs):
   READ: bw=1067MiB/s (1118MB/s), 1067MiB/s-1067MiB/s (1118MB/s-1118MB/s), io=2048MiB (2147MB), run=1920-1920msec
