read: (g=0): rw=read, bs=(R) 4096B-4096B, (W) 4096B-4096B, (T) 4096B-4096B, ioengine=psync, iodepth=1
...
fio-3.16
Starting 32 processes

read: (groupid=0, jobs=32): err= 0: pid=61013: Mon Oct 20 15:16:16 2025
  read: IOPS=266k, BW=1037MiB/s (1088MB/s)(4096MiB/3948msec)
    clat (nsec): min=186, max=54446k, avg=117936.43, stdev=1379986.06
     lat (nsec): min=197, max=54446k, avg=117951.65, stdev=1379985.99
    clat percentiles (nsec):
     |  1.00th=[     235],  5.00th=[     249], 10.00th=[     266],
     | 20.00th=[     294], 30.00th=[     310], 40.00th=[     318],
     | 50.00th=[     326], 60.00th=[     342], 70.00th=[     370],
     | 80.00th=[     402], 90.00th=[     462], 95.00th=[     620],
     | 99.00th=[ 2408448], 99.50th=[ 9371648], 99.90th=[22675456],
     | 99.95th=[25559040], 99.99th=[31588352]
   bw (  MiB/s): min=  907, max= 1252, per=100.00%, avg=1066.01, stdev= 3.75, samples=224
   iops        : min=232320, max=320721, avg=272896.86, stdev=959.51, samples=224
  lat (nsec)   : 250=5.01%, 500=87.10%, 750=4.26%, 1000=0.95%
  lat (usec)   : 2=0.83%, 4=0.26%, 10=0.02%, 20=0.01%, 50=0.41%
  lat (usec)   : 100=0.06%, 250=0.03%, 500=0.01%, 750=0.01%, 1000=0.01%
  lat (msec)   : 2=0.03%, 4=0.15%, 10=0.40%, 20=0.32%, 50=0.16%
  lat (msec)   : 100=0.01%
  cpu          : usr=0.18%, sys=1.24%, ctx=12247, majf=0, minf=406
  IO depths    : 1=100.0%, 2=0.0%, 4=0.0%, 8=0.0%, 16=0.0%, 32=0.0%, >=64=0.0%
     submit    : 0=0.0%, 4=100.0%, 8=0.0%, 16=0.0%, 32=0.0%, 64=0.0%, >=64=0.0%
     complete  : 0=0.0%, 4=100.0%, 8=0.0%, 16=0.0%, 32=0.0%, 64=0.0%, >=64=0.0%
     issued rwts: total=1048576,0,0,0 short=0,0,0,0 dropped=0,0,0,0
     latency   : target=0, window=0, percentile=100.00%, depth=1

Run status group 0 (all jobs):
   READ: bw=1037MiB/s (1088MB/s), 1037MiB/s-1037MiB/s (1088MB/s-1088MB/s), io=4096MiB (4295MB), run=3948-3948msec
