read: (g=0): rw=read, bs=(R) 128KiB-128KiB, (W) 128KiB-128KiB, (T) 128KiB-128KiB, ioengine=psync, iodepth=1
...
fio-3.16
Starting 32 processes

read: (groupid=0, jobs=32): err= 0: pid=61448: Mon Oct 20 15:16:45 2025
  read: IOPS=12.5k, BW=1563MiB/s (1639MB/s)(4096MiB/2621msec)
    clat (usec): min=3, max=57039, avg=2507.74, stdev=5471.36
     lat (usec): min=3, max=57039, avg=2507.79, stdev=5471.34
    clat percentiles (usec):
     |  1.00th=[    5],  5.00th=[    7], 10.00th=[    8], 20.00th=[   12],
     | 30.00th=[   14], 40.00th=[   17], 50.00th=[   33], 60.00th=[   50],
     | 70.00th=[ 1270], 80.00th=[ 3982], 90.00th=[ 8029], 95.00th=[14615],
     | 99.00th=[27132], 99.50th=[30802], 99.90th=[38536], 99.95th=[40633],
     | 99.99th=[45876]
   bw (  MiB/s): min=  904, max= 2706, per=94.89%, avg=1482.91, stdev=21.48, samples=157
   iops        : min= 7236, max=21654, avg=11863.30, stdev=171.83, samples=157
  lat (usec)   : 4=0.01%, 10=15.15%, 20=31.05%, 50=14.15%, 100=4.38%
  lat (usec)   : 250=1.80%, 500=0.86%, 750=0.76%, 1000=0.82%
  lat (msec)   : 2=4.15%, 4=6.91%, 10=12.33%, 20=4.96%, 50=2.67%
  lat (msec)   : 100=0.01%
  cpu          : usr=0.07%, sys=1.59%, ctx=12038, majf=0, minf=1350
  IO depths    : 1=100.0%, 2=0.0%, 4=0.0%, 8=0.0%, 16=0.0%, 32=0.0%, >=64=0.0%
     submit    : 0=0.0%, 4=100.0%, 8=0.0%, 16=0.0%, 32=0.0%, 64=0.0%, >=64=0.0%
     complete  : 0=0.0%, 4=100.0%, 8=0.0%, 16=0.0%, 32=0.0%, 64=0.0%, >=64=0.0%
     issued rwts: total=32768,0,0,0 short=0,0,0,0 dropped=0,0,0,0
     latency   : target=0, window=0, percentile=100.00%, depth=1

Run status group 0 (all jobs):
   READ: bw=1563MiB/s (1639MB/s), 1563MiB/s-1563MiB/s (1639MB/s-1639MB/s), io=4096MiB (4295MB), run=2621-2621msec
