write: (g=0): rw=write, bs=(R) 128KiB-128KiB, (W) 128KiB-128KiB, (T) 128KiB-128KiB, ioengine=psync, iodepth=1
...
fio-3.16
Starting 2 processes

write: (groupid=0, jobs=2): err= 0: pid=63054: Mon Oct 20 15:18:50 2025
  write: IOPS=7062, BW=883MiB/s (926MB/s)(256MiB/290msec); 0 zone resets
    clat (usec): min=61, max=9585, avg=128.03, stdev=352.21
     lat (usec): min=61, max=9585, avg=128.49, stdev=352.21
    clat percentiles (usec):
     |  1.00th=[   68],  5.00th=[   78], 10.00th=[   87], 20.00th=[   96],
     | 30.00th=[   97], 40.00th=[   99], 50.00th=[  106], 60.00th=[  114],
     | 70.00th=[  117], 80.00th=[  121], 90.00th=[  135], 95.00th=[  141],
     | 99.00th=[  204], 99.50th=[  221], 99.90th=[ 5735], 99.95th=[ 8455],
     | 99.99th=[ 9634]
  lat (usec)   : 100=44.63%, 250=54.88%, 750=0.05%, 1000=0.05%
  lat (msec)   : 2=0.10%, 4=0.05%, 10=0.24%
  cpu          : usr=0.00%, sys=46.53%, ctx=76, majf=0, minf=24
  IO depths    : 1=100.1%, 2=0.0%, 4=0.0%, 8=0.0%, 16=0.0%, 32=0.0%, >=64=0.0%
     submit    : 0=0.0%, 4=100.0%, 8=0.0%, 16=0.0%, 32=0.0%, 64=0.0%, >=64=0.0%
     complete  : 0=0.0%, 4=100.0%, 8=0.0%, 16=0.0%, 32=0.0%, 64=0.0%, >=64=0.0%
     issued rwts: total=0,2048,0,2 short=0,0,0,0 dropped=0,0,0,0
     latency   : target=0, window=0, percentile=100.00%, depth=1

Run status group 0 (all jobs):
  WRITE: bw=883MiB/s (926MB/s), 883MiB/s-883MiB/s (926MB/s-926MB/s), io=256MiB (268MB), run=290-290msec
