write: (g=0): rw=write, bs=(R) 4096B-4096B, (W) 4096B-4096B, (T) 4096B-4096B, ioengine=psync, iodepth=1
...
fio-3.16
Starting 16 processes

write: (groupid=0, jobs=16): err= 0: pid=62801: Mon Oct 20 15:18:34 2025
  write: IOPS=213k, BW=834MiB/s (874MB/s)(2048MiB/2456msec); 0 zone resets
    clat (usec): min=4, max=452664, avg=55.86, stdev=1478.96
     lat (usec): min=4, max=452664, avg=55.89, stdev=1478.96
    clat percentiles (usec):
     |  1.00th=[    7],  5.00th=[    7], 10.00th=[    8], 20.00th=[    9],
     | 30.00th=[    9], 40.00th=[   11], 50.00th=[   13], 60.00th=[   15],
     | 70.00th=[   17], 80.00th=[   22], 90.00th=[   42], 95.00th=[   97],
     | 99.00th=[  223], 99.50th=[  652], 99.90th=[ 7832], 99.95th=[ 7963],
     | 99.99th=[10290]
   bw (  MiB/s): min= 1095, max= 1275, per=100.00%, avg=1196.93, stdev= 6.73, samples=49
   iops        : min=280448, max=326516, avg=306414.33, stdev=1723.39, samples=49
  lat (usec)   : 10=38.66%, 20=39.18%, 50=13.32%, 100=4.01%, 250=4.16%
  lat (usec)   : 500=0.16%, 750=0.02%, 1000=0.02%
  lat (msec)   : 2=0.05%, 4=0.07%, 10=0.34%, 20=0.01%, 500=0.01%
  cpu          : usr=0.55%, sys=68.71%, ctx=145494, majf=1, minf=179
  IO depths    : 1=100.0%, 2=0.0%, 4=0.0%, 8=0.0%, 16=0.0%, 32=0.0%, >=64=0.0%
     submit    : 0=0.0%, 4=100.0%, 8=0.0%, 16=0.0%, 32=0.0%, 64=0.0%, >=64=0.0%
     complete  : 0=0.0%, 4=100.0%, 8=0.0%, 16=0.0%, 32=0.0%, 64=0.0%, >=64=0.0%
     issued rwts: total=0,524288,0,16 short=0,0,0,0 dropped=0,0,0,0
     latency   : target=0, window=0, percentile=100.00%, depth=1

Run status group 0 (all jobs):
  WRITE: bw=834MiB/s (874MB/s), 834MiB/s-834MiB/s (874MB/s-874MB/s), io=2048MiB (2147MB), run=2456-2456msec
