write: (g=0): rw=write, bs=(R) 4096B-4096B, (W) 4096B-4096B, (T) 4096B-4096B, ioengine=psync, iodepth=1
...
fio-3.16
Starting 8 processes

write: (groupid=0, jobs=8): err= 0: pid=511526: Mon Oct 20 14:27:34 2025
  write: IOPS=216k, BW=845MiB/s (886MB/s)(1024MiB/1212msec); 0 zone resets
    clat (usec): min=4, max=171194, avg=27.91, stdev=777.33
     lat (usec): min=4, max=171194, avg=27.94, stdev=777.33
    clat percentiles (usec):
     |  1.00th=[    6],  5.00th=[    7], 10.00th=[    7], 20.00th=[    8],
     | 30.00th=[    9], 40.00th=[   10], 50.00th=[   12], 60.00th=[   13],
     | 70.00th=[   14], 80.00th=[   16], 90.00th=[   18], 95.00th=[   19],
     | 99.00th=[   48], 99.50th=[   63], 99.90th=[ 6587], 99.95th=[ 7767],
     | 99.99th=[ 8225]
   bw (  MiB/s): min= 1118, max= 1197, per=100.00%, avg=1158.30, stdev=13.16, samples=10
   iops        : min=286452, max=306596, avg=296524.00, stdev=3367.70, samples=10
  lat (usec)   : 10=43.32%, 20=53.44%, 50=2.37%, 100=0.60%, 250=0.02%
  lat (usec)   : 500=0.01%, 750=0.01%, 1000=0.01%
  lat (msec)   : 2=0.02%, 4=0.04%, 10=0.15%, 20=0.01%, 250=0.01%
  cpu          : usr=0.87%, sys=71.82%, ctx=37202, majf=0, minf=92
  IO depths    : 1=100.0%, 2=0.0%, 4=0.0%, 8=0.0%, 16=0.0%, 32=0.0%, >=64=0.0%
     submit    : 0=0.0%, 4=100.0%, 8=0.0%, 16=0.0%, 32=0.0%, 64=0.0%, >=64=0.0%
     complete  : 0=0.0%, 4=100.0%, 8=0.0%, 16=0.0%, 32=0.0%, 64=0.0%, >=64=0.0%
     issued rwts: total=0,262144,0,8 short=0,0,0,0 dropped=0,0,0,0
     latency   : target=0, window=0, percentile=100.00%, depth=1

Run status group 0 (all jobs):
  WRITE: bw=845MiB/s (886MB/s), 845MiB/s-845MiB/s (886MB/s-886MB/s), io=1024MiB (1074MB), run=1212-1212msec
