write: (g=0): rw=write, bs=(R) 128KiB-128KiB, (W) 128KiB-128KiB, (T) 128KiB-128KiB, ioengine=psync, iodepth=1
fio-3.16
Starting 1 process

write: (groupid=0, jobs=1): err= 0: pid=62967: Mon Oct 20 15:18:47 2025
  write: IOPS=5197, BW=650MiB/s (681MB/s)(128MiB/197msec); 0 zone resets
    clat (usec): min=55, max=7997, avg=105.33, stdev=282.80
     lat (usec): min=55, max=7997, avg=105.76, stdev=282.81
    clat percentiles (usec):
     |  1.00th=[   59],  5.00th=[   72], 10.00th=[   73], 20.00th=[   75],
     | 30.00th=[   76], 40.00th=[   77], 50.00th=[   79], 60.00th=[  102],
     | 70.00th=[  118], 80.00th=[  121], 90.00th=[  125], 95.00th=[  127],
     | 99.00th=[  137], 99.50th=[  149], 99.90th=[ 4424], 99.95th=[ 8029],
     | 99.99th=[ 8029]
  lat (usec)   : 100=58.98%, 250=40.82%
  lat (msec)   : 10=0.20%
  cpu          : usr=1.53%, sys=55.10%, ctx=20, majf=0, minf=11
  IO depths    : 1=100.1%, 2=0.0%, 4=0.0%, 8=0.0%, 16=0.0%, 32=0.0%, >=64=0.0%
     submit    : 0=0.0%, 4=100.0%, 8=0.0%, 16=0.0%, 32=0.0%, 64=0.0%, >=64=0.0%
     complete  : 0=0.0%, 4=100.0%, 8=0.0%, 16=0.0%, 32=0.0%, 64=0.0%, >=64=0.0%
     issued rwts: total=0,1024,0,1 short=0,0,0,0 dropped=0,0,0,0
     latency   : target=0, window=0, percentile=100.00%, depth=1

Run status group 0 (all jobs):
  WRITE: bw=650MiB/s (681MB/s), 650MiB/s-650MiB/s (681MB/s-681MB/s), io=128MiB (134MB), run=197-197msec
