randread: (g=0): rw=randread, bs=(R) 4096B-4096B, (W) 4096B-4096B, (T) 4096B-4096B, ioengine=psync, iodepth=1
...
fio-3.16
Starting 2 processes

randread: (groupid=0, jobs=2): err= 0: pid=292268: Wed Oct 22 20:13:37 2025
  read: IOPS=45.5k, BW=178MiB/s (187MB/s)(256MiB/1439msec)
    clat (nsec): min=190, max=8056.5k, avg=43226.77, stdev=58886.49
     lat (nsec): min=204, max=8056.6k, avg=43251.19, stdev=58887.58
    clat percentiles (nsec):
     |  1.00th=[   588],  5.00th=[   740], 10.00th=[   860], 20.00th=[  1080],
     | 30.00th=[  1448], 40.00th=[  9664], 50.00th=[ 54016], 60.00th=[ 60160],
     | 70.00th=[ 67072], 80.00th=[ 80384], 90.00th=[ 90624], 95.00th=[ 97792],
     | 99.00th=[136192], 99.50th=[154624], 99.90th=[185344], 99.95th=[214016],
     | 99.99th=[268288]
   bw (  KiB/s): min=120416, max=161424, per=77.36%, avg=140920.00, stdev=11876.91, samples=4
   iops        : min=30104, max=40358, avg=35231.00, stdev=2969.85, samples=4
  lat (nsec)   : 250=0.02%, 500=0.24%, 750=5.00%, 1000=11.03%
  lat (usec)   : 2=18.55%, 4=1.40%, 10=4.05%, 20=2.97%, 50=3.47%
  lat (usec)   : 100=49.27%, 250=4.00%, 500=0.01%
  lat (msec)   : 10=0.01%
  cpu          : usr=1.26%, sys=6.78%, ctx=41488, majf=0, minf=20
  IO depths    : 1=100.0%, 2=0.0%, 4=0.0%, 8=0.0%, 16=0.0%, 32=0.0%, >=64=0.0%
     submit    : 0=0.0%, 4=100.0%, 8=0.0%, 16=0.0%, 32=0.0%, 64=0.0%, >=64=0.0%
     complete  : 0=0.0%, 4=100.0%, 8=0.0%, 16=0.0%, 32=0.0%, 64=0.0%, >=64=0.0%
     issued rwts: total=65536,0,0,0 short=0,0,0,0 dropped=0,0,0,0
     latency   : target=0, window=0, percentile=100.00%, depth=1

Run status group 0 (all jobs):
   READ: bw=178MiB/s (187MB/s), 178MiB/s-178MiB/s (187MB/s-187MB/s), io=256MiB (268MB), run=1439-1439msec
