randwrite: (g=0): rw=randwrite, bs=(R) 128KiB-128KiB, (W) 128KiB-128KiB, (T) 128KiB-128KiB, ioengine=psync, iodepth=1
...
fio-3.16
Starting 8 processes

randwrite: (groupid=0, jobs=8): err= 0: pid=312088: Wed Oct 22 20:15:34 2025
  write: IOPS=16.3k, BW=2032MiB/s (2130MB/s)(1024MiB/504msec); 0 zone resets
    clat (usec): min=29, max=1886, avg=120.46, stdev=38.14
     lat (usec): min=30, max=1887, avg=122.17, stdev=38.47
    clat percentiles (usec):
     |  1.00th=[   59],  5.00th=[   73], 10.00th=[   81], 20.00th=[   92],
     | 30.00th=[  102], 40.00th=[  111], 50.00th=[  119], 60.00th=[  128],
     | 70.00th=[  137], 80.00th=[  147], 90.00th=[  163], 95.00th=[  176],
     | 99.00th=[  196], 99.50th=[  204], 99.90th=[  249], 99.95th=[  553],
     | 99.99th=[ 1893]
  lat (usec)   : 50=0.27%, 100=27.91%, 250=71.73%, 500=0.04%, 750=0.05%
  lat (msec)   : 2=0.01%
  cpu          : usr=0.95%, sys=9.24%, ctx=8228, majf=0, minf=71
  IO depths    : 1=100.1%, 2=0.0%, 4=0.0%, 8=0.0%, 16=0.0%, 32=0.0%, >=64=0.0%
     submit    : 0=0.0%, 4=100.0%, 8=0.0%, 16=0.0%, 32=0.0%, 64=0.0%, >=64=0.0%
     complete  : 0=0.0%, 4=100.0%, 8=0.0%, 16=0.0%, 32=0.0%, 64=0.0%, >=64=0.0%
     issued rwts: total=0,8192,0,8 short=0,0,0,0 dropped=0,0,0,0
     latency   : target=0, window=0, percentile=100.00%, depth=1

Run status group 0 (all jobs):
  WRITE: bw=2032MiB/s (2130MB/s), 2032MiB/s-2032MiB/s (2130MB/s-2130MB/s), io=1024MiB (1074MB), run=504-504msec
