randread: (g=0): rw=randread, bs=(R) 4096B-4096B, (W) 4096B-4096B, (T) 4096B-4096B, ioengine=psync, iodepth=1
...
fio-3.16
Starting 16 processes

randread: (groupid=0, jobs=16): err= 0: pid=292492: Wed Oct 22 20:13:54 2025
  read: IOPS=222k, BW=868MiB/s (910MB/s)(2048MiB/2360msec)
    clat (nsec): min=185, max=8141.7k, avg=68571.92, stdev=81054.64
     lat (nsec): min=198, max=8141.9k, avg=68599.74, stdev=81056.04
    clat percentiles (nsec):
     |  1.00th=[   628],  5.00th=[   756], 10.00th=[   860], 20.00th=[  1064],
     | 30.00th=[  1384], 40.00th=[ 30592], 50.00th=[ 70144], 60.00th=[ 86528],
     | 70.00th=[101888], 80.00th=[120320], 90.00th=[150528], 95.00th=[183296],
     | 99.00th=[272384], 99.50th=[317440], 99.90th=[428032], 99.95th=[468992],
     | 99.99th=[618496]
   bw (  KiB/s): min=657464, max=1073008, per=95.05%, avg=844624.00, stdev=9678.39, samples=64
   iops        : min=164366, max=268252, avg=211156.00, stdev=2419.60, samples=64
  lat (nsec)   : 250=0.01%, 500=0.05%, 750=4.65%, 1000=12.35%
  lat (usec)   : 2=17.81%, 4=1.76%, 10=1.08%, 20=1.45%, 50=3.79%
  lat (usec)   : 100=25.72%, 250=29.86%, 500=1.46%, 750=0.03%, 1000=0.01%
  lat (msec)   : 10=0.01%
  cpu          : usr=0.70%, sys=6.60%, ctx=623031, majf=0, minf=166
  IO depths    : 1=100.0%, 2=0.0%, 4=0.0%, 8=0.0%, 16=0.0%, 32=0.0%, >=64=0.0%
     submit    : 0=0.0%, 4=100.0%, 8=0.0%, 16=0.0%, 32=0.0%, 64=0.0%, >=64=0.0%
     complete  : 0=0.0%, 4=100.0%, 8=0.0%, 16=0.0%, 32=0.0%, 64=0.0%, >=64=0.0%
     issued rwts: total=524288,0,0,0 short=0,0,0,0 dropped=0,0,0,0
     latency   : target=0, window=0, percentile=100.00%, depth=1

Run status group 0 (all jobs):
   READ: bw=868MiB/s (910MB/s), 868MiB/s-868MiB/s (910MB/s-910MB/s), io=2048MiB (2147MB), run=2360-2360msec
