randread: (g=0): rw=randread, bs=(R) 128KiB-128KiB, (W) 128KiB-128KiB, (T) 128KiB-128KiB, ioengine=psync, iodepth=1
...
fio-3.16
Starting 16 processes

randread: (groupid=0, jobs=16): err= 0: pid=292818: Wed Oct 22 20:14:13 2025
  read: IOPS=38.7k, BW=4842MiB/s (5077MB/s)(2048MiB/423msec)
    clat (usec): min=2, max=9102, avg=407.21, stdev=412.71
     lat (usec): min=2, max=9102, avg=407.25, stdev=412.71
    clat percentiles (usec):
     |  1.00th=[   12],  5.00th=[   15], 10.00th=[   17], 20.00th=[   21],
     | 30.00th=[   26], 40.00th=[  375], 50.00th=[  474], 60.00th=[  537],
     | 70.00th=[  603], 80.00th=[  668], 90.00th=[  775], 95.00th=[  906],
     | 99.00th=[ 1270], 99.50th=[ 1385], 99.90th=[ 1942], 99.95th=[ 8291],
     | 99.99th=[ 8586]
  lat (usec)   : 4=0.06%, 10=0.28%, 20=18.78%, 50=17.78%, 250=0.30%
  lat (usec)   : 500=17.31%, 750=33.65%, 1000=8.44%
  lat (msec)   : 2=3.30%, 10=0.10%
  cpu          : usr=0.19%, sys=7.51%, ctx=20551, majf=0, minf=664
  IO depths    : 1=100.0%, 2=0.0%, 4=0.0%, 8=0.0%, 16=0.0%, 32=0.0%, >=64=0.0%
     submit    : 0=0.0%, 4=100.0%, 8=0.0%, 16=0.0%, 32=0.0%, 64=0.0%, >=64=0.0%
     complete  : 0=0.0%, 4=100.0%, 8=0.0%, 16=0.0%, 32=0.0%, 64=0.0%, >=64=0.0%
     issued rwts: total=16384,0,0,0 short=0,0,0,0 dropped=0,0,0,0
     latency   : target=0, window=0, percentile=100.00%, depth=1

Run status group 0 (all jobs):
   READ: bw=4842MiB/s (5077MB/s), 4842MiB/s-4842MiB/s (5077MB/s-5077MB/s), io=2048MiB (2147MB), run=423-423msec
