randread: (g=0): rw=randread, bs=(R) 4096B-4096B, (W) 4096B-4096B, (T) 4096B-4096B, ioengine=psync, iodepth=1
fio-3.16
Starting 1 process

randread: (groupid=0, jobs=1): err= 0: pid=292235: Wed Oct 22 20:13:32 2025
  read: IOPS=21.9k, BW=85.6MiB/s (89.7MB/s)(128MiB/1496msec)
    clat (nsec): min=265, max=7911.0k, avg=45379.43, stdev=58922.74
     lat (nsec): min=280, max=7911.2k, avg=45410.79, stdev=58927.09
    clat percentiles (nsec):
     |  1.00th=[   644],  5.00th=[   772], 10.00th=[   884], 20.00th=[  1112],
     | 30.00th=[  1480], 40.00th=[  9536], 50.00th=[ 60672], 60.00th=[ 64768],
     | 70.00th=[ 72192], 80.00th=[ 82432], 90.00th=[ 93696], 95.00th=[ 98816],
     | 99.00th=[132096], 99.50th=[150528], 99.90th=[166912], 99.95th=[185344],
     | 99.99th=[232448]
   bw (  KiB/s): min=53328, max=75176, per=73.34%, avg=64252.00, stdev=15448.87, samples=2
   iops        : min=13332, max=18794, avg=16063.00, stdev=3862.22, samples=2
  lat (nsec)   : 500=0.06%, 750=4.04%, 1000=11.28%
  lat (usec)   : 2=19.07%, 4=1.95%, 10=4.17%, 20=2.55%, 50=0.84%
  lat (usec)   : 100=51.62%, 250=4.41%, 500=0.01%
  lat (msec)   : 10=0.01%
  cpu          : usr=1.74%, sys=6.56%, ctx=20756, majf=0, minf=10
  IO depths    : 1=100.0%, 2=0.0%, 4=0.0%, 8=0.0%, 16=0.0%, 32=0.0%, >=64=0.0%
     submit    : 0=0.0%, 4=100.0%, 8=0.0%, 16=0.0%, 32=0.0%, 64=0.0%, >=64=0.0%
     complete  : 0=0.0%, 4=100.0%, 8=0.0%, 16=0.0%, 32=0.0%, 64=0.0%, >=64=0.0%
     issued rwts: total=32768,0,0,0 short=0,0,0,0 dropped=0,0,0,0
     latency   : target=0, window=0, percentile=100.00%, depth=1

Run status group 0 (all jobs):
   READ: bw=85.6MiB/s (89.7MB/s), 85.6MiB/s-85.6MiB/s (89.7MB/s-89.7MB/s), io=128MiB (134MB), run=1496-1496msec
