read: (g=0): rw=read, bs=(R) 128KiB-128KiB, (W) 128KiB-128KiB, (T) 128KiB-128KiB, ioengine=psync, iodepth=1
fio-3.16
Starting 1 process

read: (groupid=0, jobs=1): err= 0: pid=291924: Wed Oct 22 20:13:11 2025
  read: IOPS=2364, BW=296MiB/s (310MB/s)(128MiB/433msec)
    clat (usec): min=5, max=12635, avg=422.29, stdev=764.89
     lat (usec): min=5, max=12635, avg=422.32, stdev=764.89
    clat percentiles (usec):
     |  1.00th=[    7],  5.00th=[    7], 10.00th=[    7], 20.00th=[    7],
     | 30.00th=[    8], 40.00th=[    9], 50.00th=[   17], 60.00th=[   78],
     | 70.00th=[  178], 80.00th=[ 1450], 90.00th=[ 1614], 95.00th=[ 1713],
     | 99.00th=[ 1795], 99.50th=[ 1860], 99.90th=[ 3687], 99.95th=[12649],
     | 99.99th=[12649]
  lat (usec)   : 10=48.73%, 20=1.27%, 50=4.00%, 100=8.20%, 250=11.52%
  lat (usec)   : 500=2.83%, 750=0.10%
  lat (msec)   : 2=23.05%, 4=0.20%, 20=0.10%
  cpu          : usr=0.00%, sys=6.48%, ctx=471, majf=0, minf=43
  IO depths    : 1=100.0%, 2=0.0%, 4=0.0%, 8=0.0%, 16=0.0%, 32=0.0%, >=64=0.0%
     submit    : 0=0.0%, 4=100.0%, 8=0.0%, 16=0.0%, 32=0.0%, 64=0.0%, >=64=0.0%
     complete  : 0=0.0%, 4=100.0%, 8=0.0%, 16=0.0%, 32=0.0%, 64=0.0%, >=64=0.0%
     issued rwts: total=1024,0,0,0 short=0,0,0,0 dropped=0,0,0,0
     latency   : target=0, window=0, percentile=100.00%, depth=1

Run status group 0 (all jobs):
   READ: bw=296MiB/s (310MB/s), 296MiB/s-296MiB/s (310MB/s-310MB/s), io=128MiB (134MB), run=433-433msec
