read: (g=0): rw=read, bs=(R) 128KiB-128KiB, (W) 128KiB-128KiB, (T) 128KiB-128KiB, ioengine=psync, iodepth=1
...
fio-3.16
Starting 8 processes

read: (groupid=0, jobs=8): err= 0: pid=292085: Wed Oct 22 20:13:22 2025
  read: IOPS=25.4k, BW=3180MiB/s (3335MB/s)(1024MiB/322msec)
    clat (usec): min=3, max=9910, avg=304.17, stdev=437.00
     lat (usec): min=3, max=9911, avg=304.21, stdev=437.00
    clat percentiles (usec):
     |  1.00th=[    7],  5.00th=[    7], 10.00th=[    7], 20.00th=[    9],
     | 30.00th=[   10], 40.00th=[   12], 50.00th=[   21], 60.00th=[  383],
     | 70.00th=[  545], 80.00th=[  660], 90.00th=[  783], 95.00th=[  865],
     | 99.00th=[ 1029], 99.50th=[ 1090], 99.90th=[ 1549], 99.95th=[ 9241],
     | 99.99th=[ 9896]
  lat (usec)   : 4=0.39%, 10=32.19%, 20=17.40%, 50=0.59%, 100=1.14%
  lat (usec)   : 250=3.44%, 500=11.35%, 750=21.35%, 1000=10.84%
  lat (msec)   : 2=1.22%, 10=0.10%
  cpu          : usr=0.28%, sys=10.79%, ctx=4107, majf=0, minf=335
  IO depths    : 1=100.0%, 2=0.0%, 4=0.0%, 8=0.0%, 16=0.0%, 32=0.0%, >=64=0.0%
     submit    : 0=0.0%, 4=100.0%, 8=0.0%, 16=0.0%, 32=0.0%, 64=0.0%, >=64=0.0%
     complete  : 0=0.0%, 4=100.0%, 8=0.0%, 16=0.0%, 32=0.0%, 64=0.0%, >=64=0.0%
     issued rwts: total=8192,0,0,0 short=0,0,0,0 dropped=0,0,0,0
     latency   : target=0, window=0, percentile=100.00%, depth=1

Run status group 0 (all jobs):
   READ: bw=3180MiB/s (3335MB/s), 3180MiB/s-3180MiB/s (3335MB/s-3335MB/s), io=1024MiB (1074MB), run=322-322msec
