read: (g=0): rw=read, bs=(R) 4096B-4096B, (W) 4096B-4096B, (T) 4096B-4096B, ioengine=psync, iodepth=1
...
fio-3.16
Starting 16 processes

read: (groupid=0, jobs=16): err= 0: pid=291799: Wed Oct 22 20:13:07 2025
  read: IOPS=222k, BW=867MiB/s (910MB/s)(2048MiB/2361msec)
    clat (nsec): min=177, max=11680k, avg=70043.56, stdev=577710.81
     lat (nsec): min=190, max=11680k, avg=70059.67, stdev=577710.66
    clat percentiles (nsec):
     |  1.00th=[    274],  5.00th=[    302], 10.00th=[    310],
     | 20.00th=[    322], 30.00th=[    338], 40.00th=[    374],
     | 50.00th=[    398], 60.00th=[    414], 70.00th=[    426],
     | 80.00th=[    446], 90.00th=[    486], 95.00th=[    572],
     | 99.00th=[4079616], 99.50th=[4882432], 99.90th=[6520832],
     | 99.95th=[7110656], 99.99th=[8454144]
   bw (  KiB/s): min=829152, max=972896, per=100.00%, avg=889828.00, stdev=3899.63, samples=64
   iops        : min=207288, max=243224, avg=222457.00, stdev=974.91, samples=64
  lat (nsec)   : 250=0.68%, 500=90.69%, 750=5.47%, 1000=0.68%
  lat (usec)   : 2=0.60%, 4=0.27%, 10=0.04%, 20=0.01%, 50=0.01%
  lat (usec)   : 100=0.01%, 250=0.01%, 500=0.01%, 750=0.01%, 1000=0.01%
  lat (msec)   : 2=0.02%, 4=0.50%, 10=1.03%, 20=0.01%
  cpu          : usr=0.33%, sys=1.72%, ctx=16453, majf=0, minf=179
  IO depths    : 1=100.0%, 2=0.0%, 4=0.0%, 8=0.0%, 16=0.0%, 32=0.0%, >=64=0.0%
     submit    : 0=0.0%, 4=100.0%, 8=0.0%, 16=0.0%, 32=0.0%, 64=0.0%, >=64=0.0%
     complete  : 0=0.0%, 4=100.0%, 8=0.0%, 16=0.0%, 32=0.0%, 64=0.0%, >=64=0.0%
     issued rwts: total=524288,0,0,0 short=0,0,0,0 dropped=0,0,0,0
     latency   : target=0, window=0, percentile=100.00%, depth=1

Run status group 0 (all jobs):
   READ: bw=867MiB/s (910MB/s), 867MiB/s-867MiB/s (910MB/s-910MB/s), io=2048MiB (2147MB), run=2361-2361msec
