read: (g=0): rw=read, bs=(R) 128KiB-128KiB, (W) 128KiB-128KiB, (T) 128KiB-128KiB, ioengine=psync, iodepth=1
...
fio-3.16
Starting 4 processes

read: (groupid=0, jobs=4): err= 0: pid=291991: Wed Oct 22 20:13:18 2025
  read: IOPS=27.9k, BW=3483MiB/s (3652MB/s)(512MiB/147msec)
    clat (usec): min=3, max=9073, avg=141.28, stdev=315.63
     lat (usec): min=3, max=9073, avg=141.31, stdev=315.63
    clat percentiles (usec):
     |  1.00th=[    7],  5.00th=[    7], 10.00th=[    8], 20.00th=[    9],
     | 30.00th=[   11], 40.00th=[   13], 50.00th=[   27], 60.00th=[  131],
     | 70.00th=[  190], 80.00th=[  265], 90.00th=[  371], 95.00th=[  457],
     | 99.00th=[  652], 99.50th=[  725], 99.90th=[ 1319], 99.95th=[ 8717],
     | 99.99th=[ 9110]
  lat (usec)   : 4=0.15%, 10=27.12%, 20=22.00%, 50=1.64%, 100=4.79%
  lat (usec)   : 250=22.68%, 500=17.72%, 750=3.56%, 1000=0.22%
  lat (msec)   : 2=0.02%, 10=0.10%
  cpu          : usr=0.00%, sys=22.63%, ctx=2000, majf=0, minf=169
  IO depths    : 1=100.0%, 2=0.0%, 4=0.0%, 8=0.0%, 16=0.0%, 32=0.0%, >=64=0.0%
     submit    : 0=0.0%, 4=100.0%, 8=0.0%, 16=0.0%, 32=0.0%, 64=0.0%, >=64=0.0%
     complete  : 0=0.0%, 4=100.0%, 8=0.0%, 16=0.0%, 32=0.0%, 64=0.0%, >=64=0.0%
     issued rwts: total=4096,0,0,0 short=0,0,0,0 dropped=0,0,0,0
     latency   : target=0, window=0, percentile=100.00%, depth=1

Run status group 0 (all jobs):
   READ: bw=3483MiB/s (3652MB/s), 3483MiB/s-3483MiB/s (3652MB/s-3652MB/s), io=512MiB (537MB), run=147-147msec
