read: (g=0): rw=read, bs=(R) 4096B-4096B, (W) 4096B-4096B, (T) 4096B-4096B, ioengine=psync, iodepth=1
...
fio-3.16
Starting 2 processes

read: (groupid=0, jobs=2): err= 0: pid=291628: Wed Oct 22 20:12:52 2025
  read: IOPS=142k, BW=555MiB/s (582MB/s)(256MiB/461msec)
    clat (nsec): min=223, max=3429.2k, avg=13782.34, stdev=150580.55
     lat (nsec): min=236, max=3429.3k, avg=13796.14, stdev=150580.53
    clat percentiles (nsec):
     |  1.00th=[    241],  5.00th=[    262], 10.00th=[    278],
     | 20.00th=[    298], 30.00th=[    306], 40.00th=[    314],
     | 50.00th=[    322], 60.00th=[    334], 70.00th=[    342],
     | 80.00th=[    354], 90.00th=[    382], 95.00th=[    446],
     | 99.00th=[  43776], 99.50th=[1630208], 99.90th=[1810432],
     | 99.95th=[1892352], 99.99th=[3227648]
  lat (nsec)   : 250=2.42%, 500=93.50%, 750=1.69%, 1000=0.33%
  lat (usec)   : 2=0.36%, 4=0.11%, 10=0.02%, 50=0.69%, 100=0.05%
  lat (usec)   : 250=0.04%, 500=0.02%, 750=0.01%, 1000=0.01%
  lat (msec)   : 2=0.72%, 4=0.03%
  cpu          : usr=2.31%, sys=6.26%, ctx=574, majf=0, minf=21
  IO depths    : 1=100.0%, 2=0.0%, 4=0.0%, 8=0.0%, 16=0.0%, 32=0.0%, >=64=0.0%
     submit    : 0=0.0%, 4=100.0%, 8=0.0%, 16=0.0%, 32=0.0%, 64=0.0%, >=64=0.0%
     complete  : 0=0.0%, 4=100.0%, 8=0.0%, 16=0.0%, 32=0.0%, 64=0.0%, >=64=0.0%
     issued rwts: total=65536,0,0,0 short=0,0,0,0 dropped=0,0,0,0
     latency   : target=0, window=0, percentile=100.00%, depth=1

Run status group 0 (all jobs):
   READ: bw=555MiB/s (582MB/s), 555MiB/s-555MiB/s (582MB/s-582MB/s), io=256MiB (268MB), run=461-461msec
