read: (g=0): rw=read, bs=(R) 4096B-4096B, (W) 4096B-4096B, (T) 4096B-4096B, ioengine=psync, iodepth=1
...
fio-3.16
Starting 4 processes

read: (groupid=0, jobs=4): err= 0: pid=291662: Wed Oct 22 20:12:57 2025
  read: IOPS=245k, BW=959MiB/s (1005MB/s)(512MiB/534msec)
    clat (nsec): min=182, max=5208.5k, avg=15736.49, stdev=152367.62
     lat (nsec): min=194, max=5208.5k, avg=15752.22, stdev=152367.56
    clat percentiles (nsec):
     |  1.00th=[    197],  5.00th=[    270], 10.00th=[    290],
     | 20.00th=[    306], 30.00th=[    314], 40.00th=[    322],
     | 50.00th=[    334], 60.00th=[    346], 70.00th=[    362],
     | 80.00th=[    402], 90.00th=[    486], 95.00th=[    620],
     | 99.00th=[ 464896], 99.50th=[1531904], 99.90th=[1925120],
     | 99.95th=[2113536], 99.99th=[3194880]
   bw (  KiB/s): min=1007200, max=1007200, per=100.00%, avg=1007200.00, stdev= 0.00, samples=4
   iops        : min=251800, max=251800, avg=251800.00, stdev= 0.00, samples=4
  lat (nsec)   : 250=3.02%, 500=87.85%, 750=5.80%, 1000=1.13%
  lat (usec)   : 2=0.45%, 4=0.02%, 10=0.01%, 20=0.01%, 50=0.24%
  lat (usec)   : 100=0.11%, 250=0.19%, 500=0.21%, 750=0.14%, 1000=0.06%
  lat (msec)   : 2=0.68%, 4=0.08%, 10=0.01%
  cpu          : usr=0.82%, sys=6.36%, ctx=1932, majf=0, minf=46
  IO depths    : 1=100.0%, 2=0.0%, 4=0.0%, 8=0.0%, 16=0.0%, 32=0.0%, >=64=0.0%
     submit    : 0=0.0%, 4=100.0%, 8=0.0%, 16=0.0%, 32=0.0%, 64=0.0%, >=64=0.0%
     complete  : 0=0.0%, 4=100.0%, 8=0.0%, 16=0.0%, 32=0.0%, 64=0.0%, >=64=0.0%
     issued rwts: total=131072,0,0,0 short=0,0,0,0 dropped=0,0,0,0
     latency   : target=0, window=0, percentile=100.00%, depth=1

Run status group 0 (all jobs):
   READ: bw=959MiB/s (1005MB/s), 959MiB/s-959MiB/s (1005MB/s-1005MB/s), io=512MiB (537MB), run=534-534msec
