write: (g=0): rw=write, bs=(R) 4096B-4096B, (W) 4096B-4096B, (T) 4096B-4096B, ioengine=psync, iodepth=1
...
fio-3.16
Starting 2 processes

write: (groupid=0, jobs=2): err= 0: pid=292957: Wed Oct 22 20:14:21 2025
  write: IOPS=170k, BW=665MiB/s (697MB/s)(256MiB/385msec); 0 zone resets
    clat (usec): min=4, max=7967, avg= 8.65, stdev=31.16
     lat (usec): min=4, max=7967, avg= 8.69, stdev=31.16
    clat percentiles (nsec):
     |  1.00th=[ 5216],  5.00th=[ 5664], 10.00th=[ 6112], 20.00th=[ 6624],
     | 30.00th=[ 7264], 40.00th=[ 7840], 50.00th=[ 8384], 60.00th=[ 8896],
     | 70.00th=[ 9536], 80.00th=[10176], 90.00th=[11072], 95.00th=[11712],
     | 99.00th=[13504], 99.50th=[15040], 99.90th=[23168], 99.95th=[28288],
     | 99.99th=[36608]
  lat (usec)   : 10=77.71%, 20=22.11%, 50=0.18%, 100=0.01%
  lat (msec)   : 10=0.01%
  cpu          : usr=5.16%, sys=32.07%, ctx=65543, majf=0, minf=23
  IO depths    : 1=100.0%, 2=0.0%, 4=0.0%, 8=0.0%, 16=0.0%, 32=0.0%, >=64=0.0%
     submit    : 0=0.0%, 4=100.0%, 8=0.0%, 16=0.0%, 32=0.0%, 64=0.0%, >=64=0.0%
     complete  : 0=0.0%, 4=100.0%, 8=0.0%, 16=0.0%, 32=0.0%, 64=0.0%, >=64=0.0%
     issued rwts: total=0,65536,0,2 short=0,0,0,0 dropped=0,0,0,0
     latency   : target=0, window=0, percentile=100.00%, depth=1

Run status group 0 (all jobs):
  WRITE: bw=665MiB/s (697MB/s), 665MiB/s-665MiB/s (697MB/s-697MB/s), io=256MiB (268MB), run=385-385msec
