write: (g=0): rw=write, bs=(R) 4096B-4096B, (W) 4096B-4096B, (T) 4096B-4096B, ioengine=psync, iodepth=1
...
fio-3.16
Starting 8 processes

write: (groupid=0, jobs=8): err= 0: pid=293081: Wed Oct 22 20:14:30 2025
  write: IOPS=322k, BW=1258MiB/s (1319MB/s)(1024MiB/814msec); 0 zone resets
    clat (usec): min=4, max=8033, avg=11.64, stdev=44.35
     lat (usec): min=4, max=8034, avg=11.68, stdev=44.35
    clat percentiles (nsec):
     |  1.00th=[ 6496],  5.00th=[ 7456], 10.00th=[ 8096], 20.00th=[ 8896],
     | 30.00th=[ 9536], 40.00th=[10176], 50.00th=[10816], 60.00th=[11456],
     | 70.00th=[12224], 80.00th=[13248], 90.00th=[14656], 95.00th=[16192],
     | 99.00th=[25728], 99.50th=[34560], 99.90th=[53504], 99.95th=[64256],
     | 99.99th=[97792]
  lat (usec)   : 10=36.63%, 20=61.64%, 50=1.60%, 100=0.12%, 250=0.01%
  lat (usec)   : 500=0.01%, 1000=0.01%
  lat (msec)   : 2=0.01%, 10=0.01%
  cpu          : usr=1.89%, sys=21.49%, ctx=262178, majf=0, minf=86
  IO depths    : 1=100.0%, 2=0.0%, 4=0.0%, 8=0.0%, 16=0.0%, 32=0.0%, >=64=0.0%
     submit    : 0=0.0%, 4=100.0%, 8=0.0%, 16=0.0%, 32=0.0%, 64=0.0%, >=64=0.0%
     complete  : 0=0.0%, 4=100.0%, 8=0.0%, 16=0.0%, 32=0.0%, 64=0.0%, >=64=0.0%
     issued rwts: total=0,262144,0,8 short=0,0,0,0 dropped=0,0,0,0
     latency   : target=0, window=0, percentile=100.00%, depth=1

Run status group 0 (all jobs):
  WRITE: bw=1258MiB/s (1319MB/s), 1258MiB/s-1258MiB/s (1319MB/s-1319MB/s), io=1024MiB (1074MB), run=814-814msec
