write: (g=0): rw=write, bs=(R) 128KiB-128KiB, (W) 128KiB-128KiB, (T) 128KiB-128KiB, ioengine=psync, iodepth=1
...
fio-3.16
Starting 4 processes

write: (groupid=0, jobs=4): err= 0: pid=301477: Wed Oct 22 20:14:47 2025
  write: IOPS=13.5k, BW=1684MiB/s (1766MB/s)(512MiB/304msec); 0 zone resets
    clat (usec): min=54, max=8072, avg=88.16, stdev=176.93
     lat (usec): min=54, max=8073, avg=88.65, stdev=176.94
    clat percentiles (usec):
     |  1.00th=[   59],  5.00th=[   64], 10.00th=[   68], 20.00th=[   72],
     | 30.00th=[   76], 40.00th=[   80], 50.00th=[   84], 60.00th=[   88],
     | 70.00th=[   92], 80.00th=[   97], 90.00th=[  102], 95.00th=[  108],
     | 99.00th=[  121], 99.50th=[  127], 99.90th=[  149], 99.95th=[  441],
     | 99.99th=[ 8094]
  lat (usec)   : 100=86.62%, 250=13.31%, 500=0.02%
  lat (msec)   : 10=0.05%
  cpu          : usr=0.00%, sys=9.70%, ctx=4108, majf=0, minf=38
  IO depths    : 1=100.1%, 2=0.0%, 4=0.0%, 8=0.0%, 16=0.0%, 32=0.0%, >=64=0.0%
     submit    : 0=0.0%, 4=100.0%, 8=0.0%, 16=0.0%, 32=0.0%, 64=0.0%, >=64=0.0%
     complete  : 0=0.0%, 4=100.0%, 8=0.0%, 16=0.0%, 32=0.0%, 64=0.0%, >=64=0.0%
     issued rwts: total=0,4096,0,4 short=0,0,0,0 dropped=0,0,0,0
     latency   : target=0, window=0, percentile=100.00%, depth=1

Run status group 0 (all jobs):
  WRITE: bw=1684MiB/s (1766MB/s), 1684MiB/s-1684MiB/s (1766MB/s-1766MB/s), io=512MiB (537MB), run=304-304msec
