write: (g=0): rw=write, bs=(R) 4096B-4096B, (W) 4096B-4096B, (T) 4096B-4096B, ioengine=psync, iodepth=1
...
fio-3.16
Starting 16 processes

write: (groupid=0, jobs=16): err= 0: pid=293724: Wed Oct 22 20:14:35 2025
  write: IOPS=306k, BW=1197MiB/s (1255MB/s)(2048MiB/1711msec); 0 zone resets
    clat (usec): min=5, max=8081, avg=18.15, stdev=34.37
     lat (usec): min=5, max=8082, avg=18.21, stdev=34.38
    clat percentiles (usec):
     |  1.00th=[    9],  5.00th=[   11], 10.00th=[   11], 20.00th=[   12],
     | 30.00th=[   13], 40.00th=[   14], 50.00th=[   15], 60.00th=[   16],
     | 70.00th=[   18], 80.00th=[   22], 90.00th=[   29], 95.00th=[   38],
     | 99.00th=[   62], 99.50th=[   74], 99.90th=[  121], 99.95th=[  188],
     | 99.99th=[  510]
   bw (  MiB/s): min= 3382, max= 3382, per=100.00%, avg=3382.38, stdev= 0.00, samples=16
   iops        : min=865890, max=865890, avg=865890.00, stdev= 0.00, samples=16
  lat (usec)   : 10=4.87%, 20=72.18%, 50=21.01%, 100=1.79%, 250=0.12%
  lat (usec)   : 500=0.02%, 750=0.01%, 1000=0.01%
  lat (msec)   : 2=0.01%, 4=0.01%, 10=0.01%
  cpu          : usr=2.12%, sys=9.00%, ctx=524395, majf=0, minf=186
  IO depths    : 1=100.0%, 2=0.0%, 4=0.0%, 8=0.0%, 16=0.0%, 32=0.0%, >=64=0.0%
     submit    : 0=0.0%, 4=100.0%, 8=0.0%, 16=0.0%, 32=0.0%, 64=0.0%, >=64=0.0%
     complete  : 0=0.0%, 4=100.0%, 8=0.0%, 16=0.0%, 32=0.0%, 64=0.0%, >=64=0.0%
     issued rwts: total=0,524288,0,16 short=0,0,0,0 dropped=0,0,0,0
     latency   : target=0, window=0, percentile=100.00%, depth=1

Run status group 0 (all jobs):
  WRITE: bw=1197MiB/s (1255MB/s), 1197MiB/s-1197MiB/s (1255MB/s-1255MB/s), io=2048MiB (2147MB), run=1711-1711msec
