write: (g=0): rw=write, bs=(R) 4096B-4096B, (W) 4096B-4096B, (T) 4096B-4096B, ioengine=psync, iodepth=1
...
fio-3.16
Starting 4 processes

write: (groupid=0, jobs=4): err= 0: pid=292991: Wed Oct 22 20:14:25 2025
  write: IOPS=257k, BW=1004MiB/s (1053MB/s)(512MiB/510msec); 0 zone resets
    clat (usec): min=4, max=7994, avg= 9.48, stdev=38.16
     lat (usec): min=4, max=7994, avg= 9.52, stdev=38.16
    clat percentiles (nsec):
     |  1.00th=[ 5600],  5.00th=[ 6304], 10.00th=[ 6816], 20.00th=[ 7520],
     | 30.00th=[ 8096], 40.00th=[ 8640], 50.00th=[ 9152], 60.00th=[ 9664],
     | 70.00th=[10176], 80.00th=[10944], 90.00th=[11840], 95.00th=[12736],
     | 99.00th=[14656], 99.50th=[15936], 99.90th=[25472], 99.95th=[31616],
     | 99.99th=[65280]
  lat (usec)   : 10=66.35%, 20=33.45%, 50=0.18%, 100=0.01%
  lat (msec)   : 10=0.01%
  cpu          : usr=3.96%, sys=27.03%, ctx=131089, majf=0, minf=39
  IO depths    : 1=100.0%, 2=0.0%, 4=0.0%, 8=0.0%, 16=0.0%, 32=0.0%, >=64=0.0%
     submit    : 0=0.0%, 4=100.0%, 8=0.0%, 16=0.0%, 32=0.0%, 64=0.0%, >=64=0.0%
     complete  : 0=0.0%, 4=100.0%, 8=0.0%, 16=0.0%, 32=0.0%, 64=0.0%, >=64=0.0%
     issued rwts: total=0,131072,0,4 short=0,0,0,0 dropped=0,0,0,0
     latency   : target=0, window=0, percentile=100.00%, depth=1

Run status group 0 (all jobs):
  WRITE: bw=1004MiB/s (1053MB/s), 1004MiB/s-1004MiB/s (1053MB/s-1053MB/s), io=512MiB (537MB), run=510-510msec
