randread: (g=0): rw=randread, bs=(R) 128KiB-128KiB, (W) 128KiB-128KiB, (T) 128KiB-128KiB, ioengine=psync, iodepth=1
...
fio-3.16
Starting 32 processes

randread: (groupid=0, jobs=32): err= 0: pid=88704: Thu Oct 30 03:21:21 2025
  read: IOPS=39.6k, BW=4947MiB/s (5187MB/s)(4096MiB/828msec)
    clat (usec): min=6, max=5944, avg=792.51, stdev=762.09
     lat (usec): min=6, max=5944, avg=792.60, stdev=762.10
    clat percentiles (usec):
     |  1.00th=[   17],  5.00th=[   19], 10.00th=[   21], 20.00th=[   25],
     | 30.00th=[   28], 40.00th=[  775], 50.00th=[  881], 60.00th=[  947],
     | 70.00th=[ 1029], 80.00th=[ 1172], 90.00th=[ 1680], 95.00th=[ 2311],
     | 99.00th=[ 3261], 99.50th=[ 3589], 99.90th=[ 4359], 99.95th=[ 4555],
     | 99.99th=[ 5080]
   bw (  MiB/s): min= 3974, max= 3974, per=80.34%, avg=3974.25, stdev= 0.00, samples=32
   iops        : min=31794, max=31794, avg=31794.00, stdev= 0.00, samples=32
  lat (usec)   : 10=0.09%, 20=9.05%, 50=27.81%, 100=0.01%, 250=0.26%
  lat (usec)   : 500=0.41%, 750=1.56%, 1000=27.50%
  lat (msec)   : 2=26.08%, 4=6.99%, 10=0.24%
  cpu          : usr=0.23%, sys=6.27%, ctx=20807, majf=0, minf=1347
  IO depths    : 1=100.0%, 2=0.0%, 4=0.0%, 8=0.0%, 16=0.0%, 32=0.0%, >=64=0.0%
     submit    : 0=0.0%, 4=100.0%, 8=0.0%, 16=0.0%, 32=0.0%, 64=0.0%, >=64=0.0%
     complete  : 0=0.0%, 4=100.0%, 8=0.0%, 16=0.0%, 32=0.0%, 64=0.0%, >=64=0.0%
     issued rwts: total=32768,0,0,0 short=0,0,0,0 dropped=0,0,0,0
     latency   : target=0, window=0, percentile=100.00%, depth=1

Run status group 0 (all jobs):
   READ: bw=4947MiB/s (5187MB/s), 4947MiB/s-4947MiB/s (5187MB/s-5187MB/s), io=4096MiB (4295MB), run=828-828msec

Disk stats (read/write):
  nvme0n1: ios=16004/0, merge=0/0, ticks=19147/0, in_queue=19147, util=86.10%
