read: (g=0): rw=read, bs=(R) 128KiB-128KiB, (W) 128KiB-128KiB, (T) 128KiB-128KiB, ioengine=psync, iodepth=1
...
fio-3.16
Starting 16 processes

read: (groupid=0, jobs=16): err= 0: pid=88184: Thu Oct 30 03:21:13 2025
  read: IOPS=25.1k, BW=3136MiB/s (3289MB/s)(2048MiB/653msec)
    clat (usec): min=9, max=6685, avg=628.23, stdev=1019.96
     lat (usec): min=9, max=6685, avg=628.30, stdev=1019.94
    clat percentiles (usec):
     |  1.00th=[   12],  5.00th=[   14], 10.00th=[   15], 20.00th=[   17],
     | 30.00th=[   20], 40.00th=[   23], 50.00th=[   37], 60.00th=[   97],
     | 70.00th=[  619], 80.00th=[ 1369], 90.00th=[ 2073], 95.00th=[ 2933],
     | 99.00th=[ 4228], 99.50th=[ 4621], 99.90th=[ 5473], 99.95th=[ 5735],
     | 99.99th=[ 6325]
   bw (  MiB/s): min= 3132, max= 3132, per=99.88%, avg=3132.50, stdev= 0.00, samples=16
   iops        : min=25060, max=25060, avg=25060.00, stdev= 0.00, samples=16
  lat (usec)   : 10=0.03%, 20=31.38%, 50=18.60%, 100=10.78%, 250=4.07%
  lat (usec)   : 500=3.86%, 750=2.53%, 1000=2.83%
  lat (msec)   : 2=15.40%, 4=9.08%, 10=1.44%
  cpu          : usr=0.16%, sys=8.99%, ctx=6426, majf=0, minf=665
  IO depths    : 1=100.0%, 2=0.0%, 4=0.0%, 8=0.0%, 16=0.0%, 32=0.0%, >=64=0.0%
     submit    : 0=0.0%, 4=100.0%, 8=0.0%, 16=0.0%, 32=0.0%, 64=0.0%, >=64=0.0%
     complete  : 0=0.0%, 4=100.0%, 8=0.0%, 16=0.0%, 32=0.0%, 64=0.0%, >=64=0.0%
     issued rwts: total=16384,0,0,0 short=0,0,0,0 dropped=0,0,0,0
     latency   : target=0, window=0, percentile=100.00%, depth=1

Run status group 0 (all jobs):
   READ: bw=3136MiB/s (3289MB/s), 3136MiB/s-3136MiB/s (3289MB/s-3289MB/s), io=2048MiB (2147MB), run=653-653msec

Disk stats (read/write):
  nvme0n1: ios=8078/0, merge=0/0, ticks=17536/0, in_queue=17536, util=86.52%
