write: (g=0): rw=write, bs=(R) 128KiB-128KiB, (W) 128KiB-128KiB, (T) 128KiB-128KiB, ioengine=psync, iodepth=1
...
fio-3.16
Starting 32 processes

write: (groupid=0, jobs=32): err= 0: pid=89091: Thu Oct 30 03:21:31 2025
  write: IOPS=14.6k, BW=1824MiB/s (1913MB/s)(4096MiB/2245msec); 0 zone resets
    clat (usec): min=50, max=80074, avg=302.52, stdev=3005.71
     lat (usec): min=51, max=80074, avg=306.27, stdev=3020.97
    clat percentiles (usec):
     |  1.00th=[   52],  5.00th=[   53], 10.00th=[   53], 20.00th=[   55],
     | 30.00th=[   55], 40.00th=[   56], 50.00th=[   56], 60.00th=[   57],
     | 70.00th=[   57], 80.00th=[   58], 90.00th=[   60], 95.00th=[   61],
     | 99.00th=[   72], 99.50th=[23987], 99.90th=[40109], 99.95th=[52167],
     | 99.99th=[67634]
  lat (usec)   : 100=99.15%, 250=0.01%, 500=0.02%, 750=0.02%
  lat (msec)   : 2=0.01%, 10=0.06%, 20=0.09%, 50=0.60%, 100=0.06%
  cpu          : usr=0.04%, sys=3.79%, ctx=9241, majf=0, minf=379
  IO depths    : 1=100.1%, 2=0.0%, 4=0.0%, 8=0.0%, 16=0.0%, 32=0.0%, >=64=0.0%
     submit    : 0=0.0%, 4=100.0%, 8=0.0%, 16=0.0%, 32=0.0%, 64=0.0%, >=64=0.0%
     complete  : 0=0.0%, 4=100.0%, 8=0.0%, 16=0.0%, 32=0.0%, 64=0.0%, >=64=0.0%
     issued rwts: total=0,32768,0,32 short=0,0,0,0 dropped=0,0,0,0
     latency   : target=0, window=0, percentile=100.00%, depth=1

Run status group 0 (all jobs):
  WRITE: bw=1824MiB/s (1913MB/s), 1824MiB/s-1824MiB/s (1913MB/s-1913MB/s), io=4096MiB (4295MB), run=2245-2245msec

Disk stats (read/write):
  nvme0n1: ios=0/7991, merge=0/6, ticks=0/160389, in_queue=160613, util=90.00%
