Linux 5.15.0 (noslab-gpu) 	11/14/2025 	_x86_64_	(40 CPU)

# Time        UID       PID  minflt/s  majflt/s     VSZ     RSS   %MEM  Command
09:21:36 AM     0    583287  64555.88    428.43 27688284  270288   0.41  java

# Time        UID       PID  minflt/s  majflt/s     VSZ     RSS   %MEM  Command
09:21:37 AM     0    583287  82372.00      0.00 27770224  599732   0.92  java

# Time        UID       PID  minflt/s  majflt/s     VSZ     RSS   %MEM  Command
09:21:38 AM     0    583287  84963.00      0.00 27852164  924356   1.41  java

# Time        UID       PID  minflt/s  majflt/s     VSZ     RSS   %MEM  Command
09:21:39 AM     0    583287  81373.00      0.00 27934104 1018972   1.56  java

# Time        UID       PID  minflt/s  majflt/s     VSZ     RSS   %MEM  Command
09:21:40 AM     0    583287  31496.00      0.00 27737448  856988   1.31  java

# Time        UID       PID  minflt/s  majflt/s     VSZ     RSS   %MEM  Command
09:21:41 AM     0    583287  25522.00      4.00 27868520  949808   1.45  java

# Time        UID       PID  minflt/s  majflt/s     VSZ     RSS   %MEM  Command
09:21:42 AM     0    583287  24076.00      0.00 27999592 1045880   1.60  java

# Time        UID       PID  minflt/s  majflt/s     VSZ     RSS   %MEM  Command
09:21:43 AM     0    583287   8997.00      2.00 27884876  967208   1.48  java

# Time        UID       PID  minflt/s  majflt/s     VSZ     RSS   %MEM  Command
09:21:44 AM     0    583287   5651.00      0.00 27950412  989644   1.51  java

# Time        UID       PID  minflt/s  majflt/s     VSZ     RSS   %MEM  Command
09:21:45 AM     0    583287  35531.00      0.00 28081484 1080084   1.65  java

# Time        UID       PID  minflt/s  majflt/s     VSZ     RSS   %MEM  Command
09:21:46 AM     0    583287  74289.00      2.00 28081484 1102956   1.69  java

# Time        UID       PID  minflt/s  majflt/s     VSZ     RSS   %MEM  Command
09:21:47 AM     0    583287  96256.00      2.00 28081484 1103528   1.69  java

# Time        UID       PID  minflt/s  majflt/s     VSZ     RSS   %MEM  Command
09:21:48 AM     0    583287  69166.00      0.00 28081484 1110496   1.70  java

# Time        UID       PID  minflt/s  majflt/s     VSZ     RSS   %MEM  Command
09:21:49 AM     0    583287   5560.00      0.00 28081484 1127484   1.72  java

# Time        UID       PID  minflt/s  majflt/s     VSZ     RSS   %MEM  Command
09:21:50 AM     0    583287    626.00      0.00 28081484 1129072   1.73  java

# Time        UID       PID  minflt/s  majflt/s     VSZ     RSS   %MEM  Command
09:21:51 AM     0    583287  53591.00      4.00 28015948 1082040   1.65  java

# Time        UID       PID  minflt/s  majflt/s     VSZ     RSS   %MEM  Command
09:21:52 AM     0    583287  85195.00      0.00 28015948 1083524   1.66  java

# Time        UID       PID  minflt/s  majflt/s     VSZ     RSS   %MEM  Command
09:21:53 AM     0    583287  83101.00      0.00 28015948 1085284   1.66  java

# Time        UID       PID  minflt/s  majflt/s     VSZ     RSS   %MEM  Command
09:21:54 AM     0    583287  31024.00      0.00 28081484 1137004   1.74  java

# Time        UID       PID  minflt/s  majflt/s     VSZ     RSS   %MEM  Command
09:21:55 AM     0    583287   1176.00      0.00 28081484 1137388   1.74  java

# Time        UID       PID  minflt/s  majflt/s     VSZ     RSS   %MEM  Command
09:21:56 AM     0    583287   1548.00      2.00 28081484 1138084   1.74  java

# Time        UID       PID  minflt/s  majflt/s     VSZ     RSS   %MEM  Command
09:21:57 AM     0    583287    476.00      0.00 28015948 1089640   1.67  java

# Time        UID       PID  minflt/s  majflt/s     VSZ     RSS   %MEM  Command
09:21:58 AM     0    583287    471.00      2.00 28015948 1090644   1.67  java

# Time        UID       PID  minflt/s  majflt/s     VSZ     RSS   %MEM  Command
09:21:59 AM     0    583287  17579.00      0.00 28081484 1128292   1.72  java

# Time        UID       PID  minflt/s  majflt/s     VSZ     RSS   %MEM  Command
09:22:00 AM     0    583287  76698.00      0.00 28081484 1142820   1.75  java

# Time        UID       PID  minflt/s  majflt/s     VSZ     RSS   %MEM  Command
09:22:01 AM     0    583287  92699.00      4.00 28081484 1143800   1.75  java

# Time        UID       PID  minflt/s  majflt/s     VSZ     RSS   %MEM  Command
09:22:02 AM     0    583287  75778.00      2.00 28081484 1146068   1.75  java

# Time        UID       PID  minflt/s  majflt/s     VSZ     RSS   %MEM  Command
09:22:03 AM     0    583287   3987.00      0.00 28015948 1098164   1.68  java

# Time        UID       PID  minflt/s  majflt/s     VSZ     RSS   %MEM  Command
09:22:04 AM     0    583287   2213.00      0.00 28015948 1099648   1.68  java

# Time        UID       PID  minflt/s  majflt/s     VSZ     RSS   %MEM  Command
09:22:05 AM     0    583287  13626.00      0.00 28081484 1151276   1.76  java

# Time        UID       PID  minflt/s  majflt/s     VSZ     RSS   %MEM  Command
09:22:06 AM     0    583287    522.00      3.00 28081484 1151760   1.76  java

# Time        UID       PID  minflt/s  majflt/s     VSZ     RSS   %MEM  Command
09:22:07 AM     0    583287    532.00      2.00 28081484 1152032   1.76  java

# Time        UID       PID  minflt/s  majflt/s     VSZ     RSS   %MEM  Command
09:22:08 AM     0    583287  10957.00      0.00 28147020 1190020   1.82  java

# Time        UID       PID  minflt/s  majflt/s     VSZ     RSS   %MEM  Command
09:22:09 AM     0    583287   3099.00      0.00 28147020 1196304   1.83  java

# Time        UID       PID  minflt/s  majflt/s     VSZ     RSS   %MEM  Command
09:22:10 AM     0    583287   2991.00      0.00 28147020 1200356   1.83  java

# Time        UID       PID  minflt/s  majflt/s     VSZ     RSS   %MEM  Command
09:22:11 AM     0    583287  90599.00      0.00 28081484 1189736   1.82  java

# Time        UID       PID  minflt/s  majflt/s     VSZ     RSS   %MEM  Command
09:22:12 AM     0    583287  78735.00      4.00 28081484 1195144   1.83  java

# Time        UID       PID  minflt/s  majflt/s     VSZ     RSS   %MEM  Command

# Time        UID       PID  minflt/s  majflt/s     VSZ     RSS   %MEM  Command
09:22:14 AM     0    584102  41526.00      8.00 27011240  192064   0.29  java

# Time        UID       PID  minflt/s  majflt/s     VSZ     RSS   %MEM  Command
09:22:15 AM     0    584102  31373.00      0.00 26962060  169432   0.26  java

# Time        UID       PID  minflt/s  majflt/s     VSZ     RSS   %MEM  Command
09:22:16 AM     0    584102   8816.00      0.00 26963088  201448   0.31  java

# Time        UID       PID  minflt/s  majflt/s     VSZ     RSS   %MEM  Command
09:22:17 AM     0    584102   8588.00      4.00 27311328  222860   0.34  java

# Time        UID       PID  minflt/s  majflt/s     VSZ     RSS   %MEM  Command
09:22:18 AM     0    584102  10362.00      2.00 27444456  262980   0.40  java

# Time        UID       PID  minflt/s  majflt/s     VSZ     RSS   %MEM  Command
09:22:19 AM     0    584102  28679.00      0.00 27444456  348484   0.53  java

# Time        UID       PID  minflt/s  majflt/s     VSZ     RSS   %MEM  Command
09:22:20 AM     0    584102  22600.00      0.00 27444456  418180   0.64  java

# Time        UID       PID  minflt/s  majflt/s     VSZ     RSS   %MEM  Command
09:22:21 AM     0    584102  24977.00      0.00 27444456  501472   0.77  java

# Time        UID       PID  minflt/s  majflt/s     VSZ     RSS   %MEM  Command
09:22:22 AM     0    584102  28810.00      2.00 27444456  604396   0.92  java

# Time        UID       PID  minflt/s  majflt/s     VSZ     RSS   %MEM  Command
09:22:23 AM     0    584102  50781.00      0.00 27509992  725900   1.11  java

# Time        UID       PID  minflt/s  majflt/s     VSZ     RSS   %MEM  Command
09:22:24 AM     0    584102  38210.00      0.00 27509992  856040   1.31  java

# Time        UID       PID  minflt/s  majflt/s     VSZ     RSS   %MEM  Command
09:22:25 AM     0    584102  38072.00      4.00 27575528  924512   1.41  java

# Time        UID       PID  minflt/s  majflt/s     VSZ     RSS   %MEM  Command
09:22:26 AM     0    584102  35834.00      0.00 27568548  939580   1.44  java

# Time        UID       PID  minflt/s  majflt/s     VSZ     RSS   %MEM  Command
09:22:27 AM     0    584102  36112.00      2.00 27628936  957264   1.46  java

# Time        UID       PID  minflt/s  majflt/s     VSZ     RSS   %MEM  Command
09:22:28 AM     0    584102  14190.00      0.00 27628936  982704   1.50  java

# Time        UID       PID  minflt/s  majflt/s     VSZ     RSS   %MEM  Command
09:22:29 AM     0    584102   6704.00      1.00 27694472 1008684   1.54  java

# Time        UID       PID  minflt/s  majflt/s     VSZ     RSS   %MEM  Command
09:22:30 AM     0    584102   7057.00      1.00 27694472 1036504   1.58  java

# Time        UID       PID  minflt/s  majflt/s     VSZ     RSS   %MEM  Command
09:22:31 AM     0    584102  10202.00      0.00 27759520 1062580   1.62  java

# Time        UID       PID  minflt/s  majflt/s     VSZ     RSS   %MEM  Command
09:22:32 AM     0    584102   2880.00      2.00 27759032 1073840   1.64  java

# Time        UID       PID  minflt/s  majflt/s     VSZ     RSS   %MEM  Command
09:22:33 AM     0    584102     24.00      0.00 27759032 1073840   1.64  java

# Time        UID       PID  minflt/s  majflt/s     VSZ     RSS   %MEM  Command
09:22:34 AM     0    584102    101.00      0.00 27758544 1073612   1.64  java

# Time        UID       PID  minflt/s  majflt/s     VSZ     RSS   %MEM  Command
09:22:35 AM     0    584102   1301.00      2.00 27758544 1078848   1.65  java

# Time        UID       PID  minflt/s  majflt/s     VSZ     RSS   %MEM  Command
09:22:36 AM     0    584102    284.00      0.00 27757564 1078672   1.65  java

# Time        UID       PID  minflt/s  majflt/s     VSZ     RSS   %MEM  Command
09:22:37 AM     0    584102   1028.00      2.00 27757564 1082744   1.65  java

# Time        UID       PID  minflt/s  majflt/s     VSZ     RSS   %MEM  Command
09:22:38 AM     0    584102      4.00      0.00 27757072 1082484   1.65  java

# Time        UID       PID  minflt/s  majflt/s     VSZ     RSS   %MEM  Command
09:22:39 AM     0    584102  17244.00      0.00 27756580 1082032   1.65  java

# Time        UID       PID  minflt/s  majflt/s     VSZ     RSS   %MEM  Command
09:22:40 AM     0    584102  11700.00      2.00 27756580 1082488   1.65  java

# Time        UID       PID  minflt/s  majflt/s     VSZ     RSS   %MEM  Command
09:22:41 AM     0    584102    257.00      0.00 27756088 1082980   1.66  java

# Time        UID       PID  minflt/s  majflt/s     VSZ     RSS   %MEM  Command
09:22:42 AM     0    584102    769.00      3.00 27493452  921192   1.41  java

# Time        UID       PID  minflt/s  majflt/s     VSZ     RSS   %MEM  Command
09:22:43 AM     0    584102    248.00      0.00 27493452  922248   1.41  java

# Time        UID       PID  minflt/s  majflt/s     VSZ     RSS   %MEM  Command
09:22:44 AM     0    584102    257.00      0.00 27491484  921152   1.41  java

# Time        UID       PID  minflt/s  majflt/s     VSZ     RSS   %MEM  Command
09:22:45 AM     0    584102    261.00      1.00 27491484  922208   1.41  java

# Time        UID       PID  minflt/s  majflt/s     VSZ     RSS   %MEM  Command
09:22:46 AM     0    584102    246.00      0.00 27491484  923264   1.41  java

# Time        UID       PID  minflt/s  majflt/s     VSZ     RSS   %MEM  Command
09:22:47 AM     0    584102    948.00      2.00 27555544  925640   1.41  java

# Time        UID       PID  minflt/s  majflt/s     VSZ     RSS   %MEM  Command
09:22:48 AM     0    584102   6286.00      0.00 27555052  949960   1.45  java

# Time        UID       PID  minflt/s  majflt/s     VSZ     RSS   %MEM  Command
09:22:49 AM     0    584102   6764.00      0.00 27620588  976880   1.49  java

# Time        UID       PID  minflt/s  majflt/s     VSZ     RSS   %MEM  Command
09:22:50 AM     0    584102  45783.00      2.00 27620588 1003364   1.53  java

# Time        UID       PID  minflt/s  majflt/s     VSZ     RSS   %MEM  Command
09:22:51 AM     0    584102  66448.00      0.00 27686124 1029788   1.57  java

# Time        UID       PID  minflt/s  majflt/s     VSZ     RSS   %MEM  Command
09:22:52 AM     0    584102  50970.00      1.00 27686124 1055208   1.61  java

# Time        UID       PID  minflt/s  majflt/s     VSZ     RSS   %MEM  Command
09:22:53 AM     0    584102  33494.00      2.00 27751660 1072960   1.64  java

# Time        UID       PID  minflt/s  majflt/s     VSZ     RSS   %MEM  Command
09:22:54 AM     0    584102   7973.00      0.00 27751660 1084580   1.66  java

# Time        UID       PID  minflt/s  majflt/s     VSZ     RSS   %MEM  Command
09:22:55 AM     0    584102  11831.00      2.00 27751168 1084824   1.66  java

# Time        UID       PID  minflt/s  majflt/s     VSZ     RSS   %MEM  Command
09:22:56 AM     0    584102    129.00      0.00 27751168 1085076   1.66  java

# Time        UID       PID  minflt/s  majflt/s     VSZ     RSS   %MEM  Command
09:22:57 AM     0    584102    980.00      0.00 27750676 1088512   1.66  java

# Time        UID       PID  minflt/s  majflt/s     VSZ     RSS   %MEM  Command
09:22:58 AM     0    584102    436.00      3.00 27750676 1090084   1.67  java

# Time        UID       PID  minflt/s  majflt/s     VSZ     RSS   %MEM  Command
09:22:59 AM     0    584102   1050.00      0.00 27750184 1089876   1.67  java

# Time        UID       PID  minflt/s  majflt/s     VSZ     RSS   %MEM  Command
09:23:00 AM     0    584102  17816.00      2.00 27750184 1090012   1.67  java

# Time        UID       PID  minflt/s  majflt/s     VSZ     RSS   %MEM  Command
09:23:01 AM     0    584102  26136.00      0.00 27750184 1090012   1.67  java

# Time        UID       PID  minflt/s  majflt/s     VSZ     RSS   %MEM  Command
09:23:02 AM     0    584102  79356.00      0.00 27750184 1090012   1.67  java

# Time        UID       PID  minflt/s  majflt/s     VSZ     RSS   %MEM  Command
09:23:03 AM     0    584102  51223.00      2.00 27750184 1090012   1.67  java

# Time        UID       PID  minflt/s  majflt/s     VSZ     RSS   %MEM  Command
09:23:04 AM     0    584102  35215.00      2.00 27487548  928048   1.42  java

# Time        UID       PID  minflt/s  majflt/s     VSZ     RSS   %MEM  Command
09:23:05 AM     0    584102  29418.00      0.00 27487548  929892   1.42  java

# Time        UID       PID  minflt/s  majflt/s     VSZ     RSS   %MEM  Command
09:23:06 AM     0    584102   1285.00      0.00 27487548  930948   1.42  java

# Time        UID       PID  minflt/s  majflt/s     VSZ     RSS   %MEM  Command
09:23:07 AM     0    584102  54628.00      0.00 27487548  932036   1.42  java

# Time        UID       PID  minflt/s  majflt/s     VSZ     RSS   %MEM  Command
09:23:08 AM     0    584102  50368.00      2.00 27487548  933424   1.43  java

# Time        UID       PID  minflt/s  majflt/s     VSZ     RSS   %MEM  Command
09:23:09 AM     0    584102  40432.00      3.00 27553084  952256   1.46  java

# Time        UID       PID  minflt/s  majflt/s     VSZ     RSS   %MEM  Command
09:23:10 AM     0    584102  34892.00      0.00 27553084  974828   1.49  java

# Time        UID       PID  minflt/s  majflt/s     VSZ     RSS   %MEM  Command
09:23:11 AM     0    584102  30713.00      0.00 27618620  997828   1.52  java

# Time        UID       PID  minflt/s  majflt/s     VSZ     RSS   %MEM  Command
09:23:12 AM     0    584102   6669.00      0.00 27618620 1023664   1.56  java

# Time        UID       PID  minflt/s  majflt/s     VSZ     RSS   %MEM  Command
09:23:13 AM     0    584102   6591.00      2.00 27684156 1049780   1.60  java

# Time        UID       PID  minflt/s  majflt/s     VSZ     RSS   %MEM  Command
09:23:14 AM     0    584102  10306.00      2.00 27684156 1076480   1.65  java

# Time        UID       PID  minflt/s  majflt/s     VSZ     RSS   %MEM  Command
09:23:15 AM     0    584102   6329.00      0.00 27749692 1096200   1.68  java

# Time        UID       PID  minflt/s  majflt/s     VSZ     RSS   %MEM  Command
09:23:16 AM     0    584102    973.00      0.00 27749692 1100140   1.68  java

# Time        UID       PID  minflt/s  majflt/s     VSZ     RSS   %MEM  Command
09:23:17 AM     0    584102     90.00      0.00 27749692 1100308   1.68  java

# Time        UID       PID  minflt/s  majflt/s     VSZ     RSS   %MEM  Command
09:23:18 AM     0    584102  12506.00      4.00 27749692 1104072   1.69  java

# Time        UID       PID  minflt/s  majflt/s     VSZ     RSS   %MEM  Command
09:23:19 AM     0    584102  21075.00      1.00 27749692 1104508   1.69  java

# Time        UID       PID  minflt/s  majflt/s     VSZ     RSS   %MEM  Command
09:23:20 AM     0    584102  64108.00      0.00 27749692 1104508   1.69  java

# Time        UID       PID  minflt/s  majflt/s     VSZ     RSS   %MEM  Command
09:23:21 AM     0    584102  51584.00      0.00 27749692 1104508   1.69  java

# Time        UID       PID  minflt/s  majflt/s     VSZ     RSS   %MEM  Command
09:23:22 AM     0    584102  43009.00      0.00 27749692 1104508   1.69  java

# Time        UID       PID  minflt/s  majflt/s     VSZ     RSS   %MEM  Command
09:23:23 AM     0    584102  25906.00      4.00 27749692 1104596   1.69  java

# Time        UID       PID  minflt/s  majflt/s     VSZ     RSS   %MEM  Command
09:23:24 AM     0    584102  14859.00      0.00 27749692 1104596   1.69  java

# Time        UID       PID  minflt/s  majflt/s     VSZ     RSS   %MEM  Command
09:23:25 AM     0    584102   8681.00      1.00 27487548  943372   1.44  java

# Time        UID       PID  minflt/s  majflt/s     VSZ     RSS   %MEM  Command
09:23:26 AM     0    584102   1451.00      0.00 27487548  944688   1.44  java

# Time        UID       PID  minflt/s  majflt/s     VSZ     RSS   %MEM  Command
09:23:27 AM     0    584102  32079.00      0.00 27487548  946316   1.45  java
