Linux 5.15.0 (noslab-gpu) 	11/14/2025 	_x86_64_	(40 CPU)

# Time        UID       PID    %usr %system  %guest   %wait    %CPU   CPU  Command
09:21:36 AM     0    583287  178.43   53.92    0.00    0.00  232.35     4  java

# Time        UID       PID    %usr %system  %guest   %wait    %CPU   CPU  Command
09:21:37 AM     0    583287   30.00   70.00    0.00    0.00  100.00     4  java

# Time        UID       PID    %usr %system  %guest   %wait    %CPU   CPU  Command
09:21:38 AM     0    583287   43.00   74.00    0.00    0.00  117.00     4  java

# Time        UID       PID    %usr %system  %guest   %wait    %CPU   CPU  Command
09:21:39 AM     0    583287   46.00   92.00    0.00    0.00  138.00     4  java

# Time        UID       PID    %usr %system  %guest   %wait    %CPU   CPU  Command
09:21:40 AM     0    583287   48.00  104.00    0.00    0.00  152.00     4  java

# Time        UID       PID    %usr %system  %guest   %wait    %CPU   CPU  Command
09:21:41 AM     0    583287   38.00   70.00    0.00    0.00  108.00     4  java

# Time        UID       PID    %usr %system  %guest   %wait    %CPU   CPU  Command
09:21:42 AM     0    583287   60.00  102.00    0.00    0.00  162.00     4  java

# Time        UID       PID    %usr %system  %guest   %wait    %CPU   CPU  Command
09:21:43 AM     0    583287   83.00  110.00    0.00    0.00  193.00     4  java

# Time        UID       PID    %usr %system  %guest   %wait    %CPU   CPU  Command
09:21:44 AM     0    583287   78.00  112.00    0.00    0.00  190.00     4  java

# Time        UID       PID    %usr %system  %guest   %wait    %CPU   CPU  Command
09:21:45 AM     0    583287  121.00  161.00    0.00    0.00  282.00     4  java

# Time        UID       PID    %usr %system  %guest   %wait    %CPU   CPU  Command
09:21:46 AM     0    583287   45.00   97.00    0.00    0.00  142.00     4  java

# Time        UID       PID    %usr %system  %guest   %wait    %CPU   CPU  Command
09:21:47 AM     0    583287   41.00   72.00    0.00    0.00  113.00     4  java

# Time        UID       PID    %usr %system  %guest   %wait    %CPU   CPU  Command
09:21:48 AM     0    583287   72.00  116.00    0.00    0.00  188.00     4  java

# Time        UID       PID    %usr %system  %guest   %wait    %CPU   CPU  Command
09:21:49 AM     0    583287   88.00  117.00    0.00    0.00  205.00     4  java

# Time        UID       PID    %usr %system  %guest   %wait    %CPU   CPU  Command
09:21:50 AM     0    583287   97.00  117.00    0.00    0.00  214.00     4  java

# Time        UID       PID    %usr %system  %guest   %wait    %CPU   CPU  Command
09:21:51 AM     0    583287  100.00  144.00    0.00    0.00  244.00     4  java

# Time        UID       PID    %usr %system  %guest   %wait    %CPU   CPU  Command
09:21:52 AM     0    583287   70.00  119.00    0.00    0.00  189.00     4  java

# Time        UID       PID    %usr %system  %guest   %wait    %CPU   CPU  Command
09:21:53 AM     0    583287   89.00  127.00    0.00    0.00  216.00     4  java

# Time        UID       PID    %usr %system  %guest   %wait    %CPU   CPU  Command
09:21:54 AM     0    583287   92.00  156.00    0.00    0.00  248.00     4  java

# Time        UID       PID    %usr %system  %guest   %wait    %CPU   CPU  Command
09:21:55 AM     0    583287   72.00  116.00    0.00    0.00  188.00     4  java

# Time        UID       PID    %usr %system  %guest   %wait    %CPU   CPU  Command
09:21:56 AM     0    583287  121.00  145.00    0.00    0.00  266.00     4  java

# Time        UID       PID    %usr %system  %guest   %wait    %CPU   CPU  Command
09:21:57 AM     0    583287   84.00  123.00    0.00    0.00  207.00     4  java

# Time        UID       PID    %usr %system  %guest   %wait    %CPU   CPU  Command
09:21:58 AM     0    583287   94.00  107.00    0.00    0.00  201.00     4  java

# Time        UID       PID    %usr %system  %guest   %wait    %CPU   CPU  Command
09:21:59 AM     0    583287  107.00  161.00    0.00    0.00  268.00     4  java

# Time        UID       PID    %usr %system  %guest   %wait    %CPU   CPU  Command
09:22:00 AM     0    583287   76.00  128.00    0.00    0.00  204.00     4  java

# Time        UID       PID    %usr %system  %guest   %wait    %CPU   CPU  Command
09:22:01 AM     0    583287   77.00  118.00    0.00    0.00  195.00     4  java

# Time        UID       PID    %usr %system  %guest   %wait    %CPU   CPU  Command
09:22:02 AM     0    583287  120.00  156.00    0.00    0.00  276.00     4  java

# Time        UID       PID    %usr %system  %guest   %wait    %CPU   CPU  Command
09:22:03 AM     0    583287   75.00  115.00    0.00    0.00  190.00     4  java

# Time        UID       PID    %usr %system  %guest   %wait    %CPU   CPU  Command
09:22:04 AM     0    583287  112.00  122.00    0.00    0.00  234.00     4  java

# Time        UID       PID    %usr %system  %guest   %wait    %CPU   CPU  Command
09:22:05 AM     0    583287   93.00  145.00    0.00    0.00  238.00     4  java

# Time        UID       PID    %usr %system  %guest   %wait    %CPU   CPU  Command
09:22:06 AM     0    583287   56.00  123.00    0.00    0.00  179.00     4  java

# Time        UID       PID    %usr %system  %guest   %wait    %CPU   CPU  Command
09:22:07 AM     0    583287  111.00  139.00    0.00    0.00  250.00     4  java

# Time        UID       PID    %usr %system  %guest   %wait    %CPU   CPU  Command
09:22:08 AM     0    583287  380.00  382.00    0.00    0.00  762.00     4  java

# Time        UID       PID    %usr %system  %guest   %wait    %CPU   CPU  Command
09:22:09 AM     0    583287  147.00  177.00    0.00    0.00  324.00     4  java

# Time        UID       PID    %usr %system  %guest   %wait    %CPU   CPU  Command
09:22:10 AM     0    583287  117.00  152.00    0.00    0.00  269.00     4  java

# Time        UID       PID    %usr %system  %guest   %wait    %CPU   CPU  Command
09:22:11 AM     0    583287   90.00  161.00    0.00    0.00  251.00     4  java

# Time        UID       PID    %usr %system  %guest   %wait    %CPU   CPU  Command
09:22:12 AM     0    583287   70.00  113.00    0.00    0.00  183.00     4  java

# Time        UID       PID    %usr %system  %guest   %wait    %CPU   CPU  Command

# Time        UID       PID    %usr %system  %guest   %wait    %CPU   CPU  Command
09:22:14 AM     0    584102   68.00   29.00    0.00    0.00   97.00    32  java

# Time        UID       PID    %usr %system  %guest   %wait    %CPU   CPU  Command
09:22:15 AM     0    584102   39.00   48.00    0.00    0.00   87.00    32  java

# Time        UID       PID    %usr %system  %guest   %wait    %CPU   CPU  Command
09:22:16 AM     0    584102   95.00   80.00    0.00    0.00  175.00    32  java

# Time        UID       PID    %usr %system  %guest   %wait    %CPU   CPU  Command
09:22:17 AM     0    584102  109.00   76.00    0.00    0.00  185.00    32  java

# Time        UID       PID    %usr %system  %guest   %wait    %CPU   CPU  Command
09:22:18 AM     0    584102  156.00   84.00    0.00    0.00  240.00    32  java

# Time        UID       PID    %usr %system  %guest   %wait    %CPU   CPU  Command
09:22:19 AM     0    584102  201.00   82.00    0.00    0.00  283.00    32  java

# Time        UID       PID    %usr %system  %guest   %wait    %CPU   CPU  Command
09:22:20 AM     0    584102   85.00   81.00    0.00    0.00  166.00    32  java

# Time        UID       PID    %usr %system  %guest   %wait    %CPU   CPU  Command
09:22:21 AM     0    584102   88.00   79.00    0.00    0.00  167.00    32  java

# Time        UID       PID    %usr %system  %guest   %wait    %CPU   CPU  Command
09:22:22 AM     0    584102   94.00   78.00    0.00    0.00  172.00    32  java

# Time        UID       PID    %usr %system  %guest   %wait    %CPU   CPU  Command
09:22:23 AM     0    584102   94.00   83.00    0.00    0.00  177.00    32  java

# Time        UID       PID    %usr %system  %guest   %wait    %CPU   CPU  Command
09:22:24 AM     0    584102  104.00   79.00    0.00    0.00  183.00    32  java

# Time        UID       PID    %usr %system  %guest   %wait    %CPU   CPU  Command
09:22:25 AM     0    584102  122.00   71.00    0.00    0.00  193.00    32  java

# Time        UID       PID    %usr %system  %guest   %wait    %CPU   CPU  Command
09:22:26 AM     0    584102   77.00   77.00    0.00    0.00  154.00    32  java

# Time        UID       PID    %usr %system  %guest   %wait    %CPU   CPU  Command
09:22:27 AM     0    584102   79.00   72.00    0.00    0.00  151.00    32  java

# Time        UID       PID    %usr %system  %guest   %wait    %CPU   CPU  Command
09:22:28 AM     0    584102   82.00   71.00    0.00    0.00  153.00    32  java

# Time        UID       PID    %usr %system  %guest   %wait    %CPU   CPU  Command
09:22:29 AM     0    584102   85.00   72.00    0.00    0.00  157.00    32  java

# Time        UID       PID    %usr %system  %guest   %wait    %CPU   CPU  Command
09:22:30 AM     0    584102   89.00   78.00    0.00    0.00  167.00    32  java

# Time        UID       PID    %usr %system  %guest   %wait    %CPU   CPU  Command
09:22:31 AM     0    584102   91.00  114.00    0.00    0.00  205.00    32  java

# Time        UID       PID    %usr %system  %guest   %wait    %CPU   CPU  Command
09:22:32 AM     0    584102   77.00   77.00    0.00    0.00  154.00    32  java

# Time        UID       PID    %usr %system  %guest   %wait    %CPU   CPU  Command
09:22:33 AM     0    584102   83.00   74.00    0.00    0.00  157.00    32  java

# Time        UID       PID    %usr %system  %guest   %wait    %CPU   CPU  Command
09:22:34 AM     0    584102   79.00   74.00    0.00    0.00  153.00    32  java

# Time        UID       PID    %usr %system  %guest   %wait    %CPU   CPU  Command
09:22:35 AM     0    584102   98.00   72.00    0.00    0.00  170.00    32  java

# Time        UID       PID    %usr %system  %guest   %wait    %CPU   CPU  Command
09:22:36 AM     0    584102   75.00   81.00    0.00    0.00  156.00    32  java

# Time        UID       PID    %usr %system  %guest   %wait    %CPU   CPU  Command
09:22:37 AM     0    584102   89.00   72.00    0.00    0.00  161.00    32  java

# Time        UID       PID    %usr %system  %guest   %wait    %CPU   CPU  Command
09:22:38 AM     0    584102   85.00   76.00    0.00    0.00  161.00    32  java

# Time        UID       PID    %usr %system  %guest   %wait    %CPU   CPU  Command
09:22:39 AM     0    584102   93.00   71.00    0.00    0.00  164.00    32  java

# Time        UID       PID    %usr %system  %guest   %wait    %CPU   CPU  Command
09:22:40 AM     0    584102  106.00   70.00    0.00    0.00  176.00    32  java

# Time        UID       PID    %usr %system  %guest   %wait    %CPU   CPU  Command
09:22:41 AM     0    584102   82.00   79.00    0.00    0.00  161.00    32  java

# Time        UID       PID    %usr %system  %guest   %wait    %CPU   CPU  Command
09:22:42 AM     0    584102  109.00  113.00    0.00    0.00  222.00    32  java

# Time        UID       PID    %usr %system  %guest   %wait    %CPU   CPU  Command
09:22:43 AM     0    584102   85.00   73.00    0.00    0.00  158.00    32  java

# Time        UID       PID    %usr %system  %guest   %wait    %CPU   CPU  Command
09:22:44 AM     0    584102   78.00   76.00    0.00    0.00  154.00    32  java

# Time        UID       PID    %usr %system  %guest   %wait    %CPU   CPU  Command
09:22:45 AM     0    584102  110.00   63.00    0.00    0.00  173.00    32  java

# Time        UID       PID    %usr %system  %guest   %wait    %CPU   CPU  Command
09:22:46 AM     0    584102   95.00   68.00    0.00    0.00  163.00    32  java

# Time        UID       PID    %usr %system  %guest   %wait    %CPU   CPU  Command
09:22:47 AM     0    584102   83.00   75.00    0.00    0.00  158.00    32  java

# Time        UID       PID    %usr %system  %guest   %wait    %CPU   CPU  Command
09:22:48 AM     0    584102   90.00   77.00    0.00    0.00  167.00    32  java

# Time        UID       PID    %usr %system  %guest   %wait    %CPU   CPU  Command
09:22:49 AM     0    584102   88.00   79.00    0.00    0.00  167.00    32  java

# Time        UID       PID    %usr %system  %guest   %wait    %CPU   CPU  Command
09:22:50 AM     0    584102  101.00   80.00    0.00    0.00  181.00    32  java

# Time        UID       PID    %usr %system  %guest   %wait    %CPU   CPU  Command
09:22:51 AM     0    584102   90.00   82.00    0.00    0.00  172.00    32  java

# Time        UID       PID    %usr %system  %guest   %wait    %CPU   CPU  Command
09:22:52 AM     0    584102   88.12   89.11    0.00    0.00  177.23    32  java

# Time        UID       PID    %usr %system  %guest   %wait    %CPU   CPU  Command
09:22:53 AM     0    584102   89.00  119.00    0.00    0.00  208.00    32  java

# Time        UID       PID    %usr %system  %guest   %wait    %CPU   CPU  Command
09:22:54 AM     0    584102   81.00   72.00    0.00    0.00  153.00    32  java

# Time        UID       PID    %usr %system  %guest   %wait    %CPU   CPU  Command
09:22:55 AM     0    584102   94.00   70.00    0.00    0.00  164.00    32  java

# Time        UID       PID    %usr %system  %guest   %wait    %CPU   CPU  Command
09:22:56 AM     0    584102   85.00   76.00    0.00    0.00  161.00    32  java

# Time        UID       PID    %usr %system  %guest   %wait    %CPU   CPU  Command
09:22:57 AM     0    584102   86.00   67.00    0.00    0.00  153.00    32  java

# Time        UID       PID    %usr %system  %guest   %wait    %CPU   CPU  Command
09:22:58 AM     0    584102   89.00   70.00    0.00    0.00  159.00    32  java

# Time        UID       PID    %usr %system  %guest   %wait    %CPU   CPU  Command
09:22:59 AM     0    584102   43.00   34.00    0.00    0.00   77.00    32  java

# Time        UID       PID    %usr %system  %guest   %wait    %CPU   CPU  Command
09:23:00 AM     0    584102   53.00   35.00    0.00    0.00   88.00    32  java

# Time        UID       PID    %usr %system  %guest   %wait    %CPU   CPU  Command
09:23:01 AM     0    584102   40.00   38.00    0.00    0.00   78.00    32  java

# Time        UID       PID    %usr %system  %guest   %wait    %CPU   CPU  Command
09:23:02 AM     0    584102   42.00   39.00    0.00    0.00   81.00    32  java

# Time        UID       PID    %usr %system  %guest   %wait    %CPU   CPU  Command
09:23:03 AM     0    584102   41.00   39.00    0.00    0.00   80.00    32  java

# Time        UID       PID    %usr %system  %guest   %wait    %CPU   CPU  Command
09:23:04 AM     0    584102   85.00   91.00    0.00    0.00  176.00    32  java

# Time        UID       PID    %usr %system  %guest   %wait    %CPU   CPU  Command
09:23:05 AM     0    584102   81.00   80.00    0.00    0.00  161.00    32  java

# Time        UID       PID    %usr %system  %guest   %wait    %CPU   CPU  Command
09:23:06 AM     0    584102   94.00   74.00    0.00    0.00  168.00    32  java

# Time        UID       PID    %usr %system  %guest   %wait    %CPU   CPU  Command
09:23:07 AM     0    584102   92.00   80.00    0.00    0.00  172.00    32  java

# Time        UID       PID    %usr %system  %guest   %wait    %CPU   CPU  Command
09:23:08 AM     0    584102   91.00   74.00    0.00    0.00  165.00    32  java

# Time        UID       PID    %usr %system  %guest   %wait    %CPU   CPU  Command
09:23:09 AM     0    584102   81.00   86.00    0.00    0.00  167.00    32  java

# Time        UID       PID    %usr %system  %guest   %wait    %CPU   CPU  Command
09:23:10 AM     0    584102   79.00   78.00    0.00    0.00  157.00    32  java

# Time        UID       PID    %usr %system  %guest   %wait    %CPU   CPU  Command
09:23:11 AM     0    584102   87.00   72.00    0.00    0.00  159.00    32  java

# Time        UID       PID    %usr %system  %guest   %wait    %CPU   CPU  Command
09:23:12 AM     0    584102   85.00   69.00    0.00    0.00  154.00    32  java

# Time        UID       PID    %usr %system  %guest   %wait    %CPU   CPU  Command
09:23:13 AM     0    584102   89.00   69.00    0.00    0.00  158.00    32  java

# Time        UID       PID    %usr %system  %guest   %wait    %CPU   CPU  Command
09:23:14 AM     0    584102  110.00   88.00    0.00    0.00  198.00    32  java

# Time        UID       PID    %usr %system  %guest   %wait    %CPU   CPU  Command
09:23:15 AM     0    584102   86.00  106.00    0.00    0.00  192.00    32  java

# Time        UID       PID    %usr %system  %guest   %wait    %CPU   CPU  Command
09:23:16 AM     0    584102   88.00   69.00    0.00    0.00  157.00    32  java

# Time        UID       PID    %usr %system  %guest   %wait    %CPU   CPU  Command
09:23:17 AM     0    584102   43.00   34.00    0.00    0.00   77.00    32  java

# Time        UID       PID    %usr %system  %guest   %wait    %CPU   CPU  Command
09:23:18 AM     0    584102   38.00   37.00    0.00    0.00   75.00    32  java

# Time        UID       PID    %usr %system  %guest   %wait    %CPU   CPU  Command
09:23:19 AM     0    584102   52.00   31.00    0.00    0.00   83.00    32  java

# Time        UID       PID    %usr %system  %guest   %wait    %CPU   CPU  Command
09:23:20 AM     0    584102   44.00   34.00    0.00    0.00   78.00    32  java

# Time        UID       PID    %usr %system  %guest   %wait    %CPU   CPU  Command
09:23:21 AM     0    584102   42.00   36.00    0.00    0.00   78.00    32  java

# Time        UID       PID    %usr %system  %guest   %wait    %CPU   CPU  Command
09:23:22 AM     0    584102   46.00   33.00    0.00    0.00   79.00    32  java

# Time        UID       PID    %usr %system  %guest   %wait    %CPU   CPU  Command
09:23:23 AM     0    584102   56.00   37.00    0.00    0.00   93.00    32  java

# Time        UID       PID    %usr %system  %guest   %wait    %CPU   CPU  Command
09:23:24 AM     0    584102   58.00   50.00    0.00    0.00  108.00    32  java

# Time        UID       PID    %usr %system  %guest   %wait    %CPU   CPU  Command
09:23:25 AM     0    584102   77.00   81.00    0.00    0.00  158.00    32  java

# Time        UID       PID    %usr %system  %guest   %wait    %CPU   CPU  Command
09:23:26 AM     0    584102   89.00   76.00    0.00    0.00  165.00    32  java

# Time        UID       PID    %usr %system  %guest   %wait    %CPU   CPU  Command
09:23:27 AM     0    584102   89.00   79.00    0.00    0.00  168.00    32  java
