procs -----------memory---------- ---swap-- -----io---- -system-- ------cpu-----
 r  b   swpd   free   buff  cache   si   so    bi    bo   in   cs us sy id wa st
 4  2      0 63505928  15724 424420    0    0     7  1515   10   14  1  1 98  0  0
 4  0      0 63125856  17204 568800    0    0 39704  1156 20292 86999  6  2 92  0  0
 2  0      0 62565452  17204 753080    0    0     0     0 12291 139974  2  2 97  0  0
 3  0      0 62110088  17208 935220    0    0     4     0 12513 136708  2  2 97  0  0
 6  0      0 61539628  17232 1418892    0    0     0 253788 13671 127320  2  3 95  0  0
 4  3      0 62034568  17292 1054652    0    0     4 255768 13903 150595  2  3 95  0  0
 2  0      0 61694660  17344 1285724    0    0    12 261860 13438 163505  1  2 97  0  0
 4  0      0 61717616  17376 1265680    0    0     0 255628 14229 158191  3  3 94  0  0
 2  0      0 61104136  17404 1862560    0    0     0 132164 16968 177745  3  3 94  0  0
 8  0      0 60174396  17480 2705292    0    0     0 452028 19143 166770  3  4 92  0  0
 2  1      0 60156624  17544 2673008    0    0     0 387872 18518 155201  3  4 92  0  0
 2  0      0 61022060  17596 1802964    0    0     0 302916 14370 153820  2  2 96  0  0
 4  0      0 61006684  17624 1817840    0    0     0 255644 16428 164093  2  3 94  0  0
 4  0      0 60402568  17656 2405032    0    0     0 132172 16220 166692  3  3 94  0  0
 7  0      0 59587448  17732 3219980    0    0     0 452044 19555 162686  3  4 92  0  0
 6  1      0 59670544  17796 3240336    0    0     0 412412 22584 155960  3  4 92  0  0
 5  1      0 59184864  17844 3728240    0    0     0 300828 17259 163886  3  3 94  0  0
 5  0      0 58039496  17900 4804144    0    0     0 259100 18943 156619  4  4 91  0  0
 4  0      0 58277328  17948 4514080    0    0     0 387804 21072 171415  2  4 93  1  0
 7  0      0 59749168  18012 3053828    0    0     0 351976 17638 167352  3  4 93  0  0
 4  0      0 59977156  18092 2792564    0    0     0 387408 17930 174751  3  4 92  1  0
procs -----------memory---------- ---swap-- -----io---- -system-- ------cpu-----
 r  b   swpd   free   buff  cache   si   so    bi    bo   in   cs us sy id wa st
 6  0      0 59740812  18156 3026240    0    0     0 316148 16289 169543  3  3 93  0  0
 4  0      0 58721020  18220 4044852    0    0     0 523344 19363 171426  4  4 91  0  0
 4  0      0 58960328  18268 3874868    0    0     0 132272 18839 170060  3  4 93  0  0
 3  0      0 58269064  18348 4569184    0    0     0 452052 19832 159277  3  4 92  0  0
 2  0      0 58141368  18412 4628864    0    0     0 387892 18968 155021  3  4 92  0  0
 1  3      0 57587684  18460 5186900    0    0     0 325320 17289 174213  3  3 94  0  0
 3  0      0 56596920  18520 6174644    0    0     0 259124 19432 174917  4  4 91  0  0
 4  0      0 56744864  18576 5992388    0    0     0 387860 19406 179168  3  4 93  0  0
 5  0      0 55897044  18652 6838728    0    0     0 452088 19706 174101  4  4 92  0  0
 4  0      0 55836532  18724 6884312    0    0     0 387944 20875 182604  4  4 91  1  0
32  0      0 53108664  18788 9575132    0    0     0 327016 27251 163263 12 19 69  0  0
 3  0      0 51831892  18984 10829804    0    0     0 1308516 42159 142111  9 17 62 13  0
 2  0      0 54028480  18992 8704536    0    0     0    28 15823 163203  3  4 93  0  0
 0  0      0 59273236  18992 4624456    0    0   916     0 15153 35675  1  2 97  0  0
 1  0      0 59251124  19004 4624512    0    0    32   124 13597 4964  1  0 99  0  0
 3  0      0 59656052  19020 4153396    0    0   152 136004 17155 13698  2  2 96  0  0
 5  1      0 59619432  19068 4142472    0    0     0 77600 29201 47196  2  3 95  1  0
 4  0      0 59118636  19096 4603996    0    0     0 132188 49039 99751  3  4 92  1  0
 7  1      0 58659200  19124 5039888    0    0     0 132188 46930 98314  3  4 92  1  0
 6  1      0 58215928  19160 5436724    0    0     0 132292 42163 89353  5  3 91  1  0
 8  0      0 57804160  19188 5778592    0    0     0 132408 39297 83768  4  3 92  1  0
procs -----------memory---------- ---swap-- -----io---- -system-- ------cpu-----
 r  b   swpd   free   buff  cache   si   so    bi    bo   in   cs us sy id wa st
 5  1      0 57372916  19220 6140584    0    0     0 132180 37618 85331  3  3 94  0  0
 5  1      0 56970944  19248 6459956    0    0     0 132180 33786 78667  3  3 94  0  0
 4  0      0 56570704  19276 6755092    0    0     0 132180 30268 71963  3  3 94  0  0
 5  2      0 56168740  19328 7036996    0    0     0 198360 28416 68764  3  3 94  0  0
 6  0      0 55825240  19356 7258312    0    0     0 132196 26628 65895  3  3 94  0  0
 5  0      0 55494412  19388 7542328    0    0     0 132404 25377 62008  3  2 94  0  0
 8  1      0 55159260  19416 7843448    0    0     0 132184 25810 62871  3  2 94  0  0
 9  1      0 54935524  19460 8045444    0    0     0 198284 25789 65918  3  2 94  0  0
 6  1      0 54644684  19496 8316172    0    0     0 132284 24111 61539  3  2 94  0  0
 6  1      0 54242984  19528 8693900    0    0     0 103184 30403 77872  3  2 94  0  0
 8  1      0 57949524  19548 4976644    0    0     0 66048 36851 94801  2  4 94  1  0
 9  1      0 57792376  19620 5118340    0    0     0 385572 37868 94972  3  4 92  1  0
 8  1      0 57899520  19676 4982072    0    0     0 301416 40091 99095  3  4 92  1  0
 7  2      0 58068140  19704 4810260    0    0     0 65900 42995 102488  3  3 93  1  0
10  1      0 58045508  19740 4834184    0    0     0 131672 42172 104407  3  3 94  1  0
 8  1      0 57731552  19772 5146740    0    0     0 131868 41957 106508  3  3 94  1  0
 7  1      0 57309824  19788 5533132    0    0     0 114968 40570 101297  5  3 91  1  0
 7  2      0 57039364  19820 5799556    0    0     0 82504 40368 103315  3  3 93  1  0
 6  1      0 57678864  19864 5145388    0    0     0 131748 38821 103028  3  3 94  1  0
 6  1      0 57343224  19880 5502400    0    0     0 65848 38358 102949  3  3 94  1  0
 5  0      0 57050096  19916 5789900    0    0     0 132324 36146 97060  3  3 94  1  0
procs -----------memory---------- ---swap-- -----io---- -system-- ------cpu-----
 r  b   swpd   free   buff  cache   si   so    bi    bo   in   cs us sy id wa st
 6  0      0 56762560  19944 6077192    0    0     0 131644 37399 103096  3  3 94  1  0
 8  0      0 56390204  19956 6449704    0    0     0 123168 36371 99971  3  3 94  0  0
10  0      0 56074732  20032 6768336    0    0     0 328204 37496 99283  4  4 91  1  0
 5  0      0 57228356  20092 5719564    0    0     0 301588 46482 114102  3  3 93  1  0
 5  0      0 57420724  20116 5528452    0    0     0 66128 43568 109202  3  3 94  1  0
 8  2      0 57104436  20152 5831256    0    0     0 131716 41042 103698  3  3 93  1  0
 5  0      0 56809540  20180 6126160    0    0     0 131628 38988 103177  3  3 94  0  0
 6  0      0 56822848  20224 6112568    0    0     0 131784 38083 102137  3  3 94  1  0
 6  0      0 56465564  20240 6471444    0    0     0 65824 37502 103172  3  3 94  0  0
 5  0      0 56622336  20276 6310876    0    0     0 131904 36952 102683  3  3 94  1  0
 6  0      0 56812040  20312 6090512    0    0     0 131672 35469 97886  3  3 94  1  0
 5  0      0 56800692  20328 6076592    0    0     0 65872 35002 97747  3  3 94  0  0
 8  1      0 56938860  20404 5904204    0    0     0 385612 34856 91830  3  3 93  1  0
 6  2      0 56988628  20752 5843592    0    0   300 302452 36793 97117  4  4 91  1  0
 4  0      0 56693716  22760 6135604    0    0  8780 132372 43668 106236  3  3 93  1  0
 5  0      0 56437684  22988 6388992    0    0  1220 132200 41222 101504  3  3 93  1  0
 4  1      0 56128680  23008 6701612    0    0     0 132128 37821 95510  3  3 94  1  0
 4  0      0 55910144  23048 6920752    0    0     0 93716 35579 92759  3  3 94  1  0
 3  0      0 56207188  23096 6611300    0    0     0 147216 34951 91262  3  3 94  1  0
 4  0      0 57095884  23108 5730180    0    0     0 66060 41543 103937  3  3 94  1  0
 4  1      0 56827188  23144 5998380    0    0     0 124808 42249 107764  3  3 93  1  0
procs -----------memory---------- ---swap-- -----io---- -system-- ------cpu-----
 r  b   swpd   free   buff  cache   si   so    bi    bo   in   cs us sy id wa st
 4  1      0 56444800  23160 6378148    0    0     0 65816 40212 103814  3  3 94  0  0
 6  1      0 56980876  23204 5840116    0    0     0 125032 37684 98507  2  3 94  1  0
 4  0      0 56701464  23232 6125168    0    0     0 131708 38235 103106  3  3 94  1  0
 5  1      0 56216336  23280 6613212    0    0     0 305940 38555 101443  3  4 92  1  0
 4  0      0 56975404  23336 5960112    0    0     0 301968 43925 106066  4  4 91  1  0
 4  0      0 56659620  23372 6272664    0    0     0 125136 43674 105499  3  3 93  1  0
 4  1      0 56266280  23396 6672352    0    0     0 78472 39347 103525  3  3 93  1  0
 4  1      0 55978668  23424 6960968    0    0     0 119896 35708 98029  3  3 94  1  0
 3  0      0 55704012  23452 7234896    0    0     0 132188 34335 96328  3  3 94  0  0
 6  1      0 55484404  23488 7456492    0    0     0 147836 32343 91707  3  3 94  0  0
 2  0      0 55243956  23516 7689976    0    0     0 132172 30658 89159  3  3 94  0  0
 3  0      0 57093832  23556 5808856    0    0     0 81960 33750 88132  2  3 94  1  0
 4  0      0 56688136  23568 6197420    0    0     0 65888 41928 108853  3  3 94  1  0
 2  0      0 56792080  23604 6072608    0    0     0 117872 41080 107693  2  3 94  1  0
 2  1      0 56127844  23652 6708636    0    0     0 385692 41374 103044  4  4 90  1  0
 3  1      0 56479628  23696 6345608    0    0     0 235724 45849 110754  3  4 93  1  0
 3  1      0 56205772  23736 6623620    0    0     0 111040 46326 115582  3  3 94  1  0
 4  1      0 55853612  23748 6974720    0    0     0 131584 45170 115606  3  3 94  1  0
 4  0      0 56092412  23780 6734220    0    0     0 42312 39660 102373  3  3 94  1  0
 6  0      0 55828316  23808 6997064    0    0     0 131832 41220 108596  3  3 94  1  0
 2  0      0 55494780  23820 7329700    0    0     0 65816 38212 103790  3  3 94  1  0
procs -----------memory---------- ---swap-- -----io---- -system-- ------cpu-----
 r  b   swpd   free   buff  cache   si   so    bi    bo   in   cs us sy id wa st
 2  1      0 56548392  23856 6248464    0    0     0 85580 35063 92245  2  3 95  1  0
 2  0      0 56463936  25348 6360916    0    0  2760   228 33394 93671  2  2 96  0  0
 1  0      0 56342984  25348 6472900    0    0     0     0 33310 93492  2  2 96  0  0
 3  1      0 56163588  28168 6621040    0    0 30916 254136 35766 93857  2  3 94  1  0
 7  1      0 56491552  28188 6379768    0    0     0 169992 31315 82256  3  3 93  1  0
 4  0      0 56148684  28200 6734352    0    0     0 66096 40924 101940  3  3 93  1  0
 4  0      0 55882428  28232 7000740    0    0     0 132292 35334 96348  3  3 94  0  0
 3  1      0 55658632  28264 7227884    0    0     0 141788 32210 91749  3  3 94  0  0
