Linux 5.15.0 (noslab-gpu) 	11/14/2025 	_x86_64_	(40 CPU)

# Time        UID       PID   kB_rd/s   kB_wr/s kB_ccwr/s iodelay  Command
09:12:04 AM     0    572540  35235.29   7643.14      0.00       0  java

# Time        UID       PID   kB_rd/s   kB_wr/s kB_ccwr/s iodelay  Command

# Time        UID       PID   kB_rd/s   kB_wr/s kB_ccwr/s iodelay  Command

# Time        UID       PID   kB_rd/s   kB_wr/s kB_ccwr/s iodelay  Command

# Time        UID       PID   kB_rd/s   kB_wr/s kB_ccwr/s iodelay  Command

# Time        UID       PID   kB_rd/s   kB_wr/s kB_ccwr/s iodelay  Command

# Time        UID       PID   kB_rd/s   kB_wr/s kB_ccwr/s iodelay  Command

# Time        UID       PID   kB_rd/s   kB_wr/s kB_ccwr/s iodelay  Command

# Time        UID       PID   kB_rd/s   kB_wr/s kB_ccwr/s iodelay  Command

# Time        UID       PID   kB_rd/s   kB_wr/s kB_ccwr/s iodelay  Command

# Time        UID       PID   kB_rd/s   kB_wr/s kB_ccwr/s iodelay  Command

# Time        UID       PID   kB_rd/s   kB_wr/s kB_ccwr/s iodelay  Command

# Time        UID       PID   kB_rd/s   kB_wr/s kB_ccwr/s iodelay  Command

# Time        UID       PID   kB_rd/s   kB_wr/s kB_ccwr/s iodelay  Command

# Time        UID       PID   kB_rd/s   kB_wr/s kB_ccwr/s iodelay  Command

# Time        UID       PID   kB_rd/s   kB_wr/s kB_ccwr/s iodelay  Command

# Time        UID       PID   kB_rd/s   kB_wr/s kB_ccwr/s iodelay  Command

# Time        UID       PID   kB_rd/s   kB_wr/s kB_ccwr/s iodelay  Command

# Time        UID       PID   kB_rd/s   kB_wr/s kB_ccwr/s iodelay  Command

# Time        UID       PID   kB_rd/s   kB_wr/s kB_ccwr/s iodelay  Command

# Time        UID       PID   kB_rd/s   kB_wr/s kB_ccwr/s iodelay  Command

# Time        UID       PID   kB_rd/s   kB_wr/s kB_ccwr/s iodelay  Command

# Time        UID       PID   kB_rd/s   kB_wr/s kB_ccwr/s iodelay  Command

# Time        UID       PID   kB_rd/s   kB_wr/s kB_ccwr/s iodelay  Command

# Time        UID       PID   kB_rd/s   kB_wr/s kB_ccwr/s iodelay  Command

# Time        UID       PID   kB_rd/s   kB_wr/s kB_ccwr/s iodelay  Command

# Time        UID       PID   kB_rd/s   kB_wr/s kB_ccwr/s iodelay  Command

# Time        UID       PID   kB_rd/s   kB_wr/s kB_ccwr/s iodelay  Command

# Time        UID       PID   kB_rd/s   kB_wr/s kB_ccwr/s iodelay  Command

# Time        UID       PID   kB_rd/s   kB_wr/s kB_ccwr/s iodelay  Command

# Time        UID       PID   kB_rd/s   kB_wr/s kB_ccwr/s iodelay  Command
09:12:34 AM     0    572540      0.00      8.00      0.00       0  java

# Time        UID       PID   kB_rd/s   kB_wr/s kB_ccwr/s iodelay  Command

# Time        UID       PID   kB_rd/s   kB_wr/s kB_ccwr/s iodelay  Command

# Time        UID       PID   kB_rd/s   kB_wr/s kB_ccwr/s iodelay  Command

# Time        UID       PID   kB_rd/s   kB_wr/s kB_ccwr/s iodelay  Command
09:12:38 AM     0    572540      0.00      8.00      0.00       0  java

# Time        UID       PID   kB_rd/s   kB_wr/s kB_ccwr/s iodelay  Command

# Time        UID       PID   kB_rd/s   kB_wr/s kB_ccwr/s iodelay  Command

# Time        UID       PID   kB_rd/s   kB_wr/s kB_ccwr/s iodelay  Command

# Time        UID       PID   kB_rd/s   kB_wr/s kB_ccwr/s iodelay  Command

# Time        UID       PID   kB_rd/s   kB_wr/s kB_ccwr/s iodelay  Command

# Time        UID       PID   kB_rd/s   kB_wr/s kB_ccwr/s iodelay  Command

# Time        UID       PID   kB_rd/s   kB_wr/s kB_ccwr/s iodelay  Command

# Time        UID       PID   kB_rd/s   kB_wr/s kB_ccwr/s iodelay  Command

# Time        UID       PID   kB_rd/s   kB_wr/s kB_ccwr/s iodelay  Command

# Time        UID       PID   kB_rd/s   kB_wr/s kB_ccwr/s iodelay  Command

# Time        UID       PID   kB_rd/s   kB_wr/s kB_ccwr/s iodelay  Command

# Time        UID       PID   kB_rd/s   kB_wr/s kB_ccwr/s iodelay  Command

# Time        UID       PID   kB_rd/s   kB_wr/s kB_ccwr/s iodelay  Command

# Time        UID       PID   kB_rd/s   kB_wr/s kB_ccwr/s iodelay  Command

# Time        UID       PID   kB_rd/s   kB_wr/s kB_ccwr/s iodelay  Command

# Time        UID       PID   kB_rd/s   kB_wr/s kB_ccwr/s iodelay  Command

# Time        UID       PID   kB_rd/s   kB_wr/s kB_ccwr/s iodelay  Command

# Time        UID       PID   kB_rd/s   kB_wr/s kB_ccwr/s iodelay  Command

# Time        UID       PID   kB_rd/s   kB_wr/s kB_ccwr/s iodelay  Command

# Time        UID       PID   kB_rd/s   kB_wr/s kB_ccwr/s iodelay  Command

# Time        UID       PID   kB_rd/s   kB_wr/s kB_ccwr/s iodelay  Command

# Time        UID       PID   kB_rd/s   kB_wr/s kB_ccwr/s iodelay  Command

# Time        UID       PID   kB_rd/s   kB_wr/s kB_ccwr/s iodelay  Command

# Time        UID       PID   kB_rd/s   kB_wr/s kB_ccwr/s iodelay  Command

# Time        UID       PID   kB_rd/s   kB_wr/s kB_ccwr/s iodelay  Command

# Time        UID       PID   kB_rd/s   kB_wr/s kB_ccwr/s iodelay  Command

# Time        UID       PID   kB_rd/s   kB_wr/s kB_ccwr/s iodelay  Command
09:13:05 AM     0    572540      0.00      8.00      0.00       0  java

# Time        UID       PID   kB_rd/s   kB_wr/s kB_ccwr/s iodelay  Command

# Time        UID       PID   kB_rd/s   kB_wr/s kB_ccwr/s iodelay  Command

# Time        UID       PID   kB_rd/s   kB_wr/s kB_ccwr/s iodelay  Command

# Time        UID       PID   kB_rd/s   kB_wr/s kB_ccwr/s iodelay  Command

# Time        UID       PID   kB_rd/s   kB_wr/s kB_ccwr/s iodelay  Command
09:13:10 AM     0    572540      0.00      8.00      0.00       0  java

# Time        UID       PID   kB_rd/s   kB_wr/s kB_ccwr/s iodelay  Command

# Time        UID       PID   kB_rd/s   kB_wr/s kB_ccwr/s iodelay  Command

# Time        UID       PID   kB_rd/s   kB_wr/s kB_ccwr/s iodelay  Command

# Time        UID       PID   kB_rd/s   kB_wr/s kB_ccwr/s iodelay  Command

# Time        UID       PID   kB_rd/s   kB_wr/s kB_ccwr/s iodelay  Command

# Time        UID       PID   kB_rd/s   kB_wr/s kB_ccwr/s iodelay  Command

# Time        UID       PID   kB_rd/s   kB_wr/s kB_ccwr/s iodelay  Command

# Time        UID       PID   kB_rd/s   kB_wr/s kB_ccwr/s iodelay  Command

# Time        UID       PID   kB_rd/s   kB_wr/s kB_ccwr/s iodelay  Command

# Time        UID       PID   kB_rd/s   kB_wr/s kB_ccwr/s iodelay  Command

# Time        UID       PID   kB_rd/s   kB_wr/s kB_ccwr/s iodelay  Command

# Time        UID       PID   kB_rd/s   kB_wr/s kB_ccwr/s iodelay  Command

# Time        UID       PID   kB_rd/s   kB_wr/s kB_ccwr/s iodelay  Command

# Time        UID       PID   kB_rd/s   kB_wr/s kB_ccwr/s iodelay  Command

# Time        UID       PID   kB_rd/s   kB_wr/s kB_ccwr/s iodelay  Command

# Time        UID       PID   kB_rd/s   kB_wr/s kB_ccwr/s iodelay  Command

# Time        UID       PID   kB_rd/s   kB_wr/s kB_ccwr/s iodelay  Command

# Time        UID       PID   kB_rd/s   kB_wr/s kB_ccwr/s iodelay  Command

# Time        UID       PID   kB_rd/s   kB_wr/s kB_ccwr/s iodelay  Command
09:13:29 AM     0    573698    184.00   7796.00      0.00       0  java

# Time        UID       PID   kB_rd/s   kB_wr/s kB_ccwr/s iodelay  Command

# Time        UID       PID   kB_rd/s   kB_wr/s kB_ccwr/s iodelay  Command

# Time        UID       PID   kB_rd/s   kB_wr/s kB_ccwr/s iodelay  Command

# Time        UID       PID   kB_rd/s   kB_wr/s kB_ccwr/s iodelay  Command

# Time        UID       PID   kB_rd/s   kB_wr/s kB_ccwr/s iodelay  Command

# Time        UID       PID   kB_rd/s   kB_wr/s kB_ccwr/s iodelay  Command

# Time        UID       PID   kB_rd/s   kB_wr/s kB_ccwr/s iodelay  Command

# Time        UID       PID   kB_rd/s   kB_wr/s kB_ccwr/s iodelay  Command

# Time        UID       PID   kB_rd/s   kB_wr/s kB_ccwr/s iodelay  Command

# Time        UID       PID   kB_rd/s   kB_wr/s kB_ccwr/s iodelay  Command

# Time        UID       PID   kB_rd/s   kB_wr/s kB_ccwr/s iodelay  Command

# Time        UID       PID   kB_rd/s   kB_wr/s kB_ccwr/s iodelay  Command

# Time        UID       PID   kB_rd/s   kB_wr/s kB_ccwr/s iodelay  Command

# Time        UID       PID   kB_rd/s   kB_wr/s kB_ccwr/s iodelay  Command

# Time        UID       PID   kB_rd/s   kB_wr/s kB_ccwr/s iodelay  Command

# Time        UID       PID   kB_rd/s   kB_wr/s kB_ccwr/s iodelay  Command

# Time        UID       PID   kB_rd/s   kB_wr/s kB_ccwr/s iodelay  Command

# Time        UID       PID   kB_rd/s   kB_wr/s kB_ccwr/s iodelay  Command

# Time        UID       PID   kB_rd/s   kB_wr/s kB_ccwr/s iodelay  Command

# Time        UID       PID   kB_rd/s   kB_wr/s kB_ccwr/s iodelay  Command

# Time        UID       PID   kB_rd/s   kB_wr/s kB_ccwr/s iodelay  Command

# Time        UID       PID   kB_rd/s   kB_wr/s kB_ccwr/s iodelay  Command
09:13:51 AM     0    573698      0.00      8.00      0.00       0  java

# Time        UID       PID   kB_rd/s   kB_wr/s kB_ccwr/s iodelay  Command

# Time        UID       PID   kB_rd/s   kB_wr/s kB_ccwr/s iodelay  Command

# Time        UID       PID   kB_rd/s   kB_wr/s kB_ccwr/s iodelay  Command

# Time        UID       PID   kB_rd/s   kB_wr/s kB_ccwr/s iodelay  Command

# Time        UID       PID   kB_rd/s   kB_wr/s kB_ccwr/s iodelay  Command
09:13:56 AM     0    573698      0.00      8.00      0.00       0  java

# Time        UID       PID   kB_rd/s   kB_wr/s kB_ccwr/s iodelay  Command

# Time        UID       PID   kB_rd/s   kB_wr/s kB_ccwr/s iodelay  Command

# Time        UID       PID   kB_rd/s   kB_wr/s kB_ccwr/s iodelay  Command

# Time        UID       PID   kB_rd/s   kB_wr/s kB_ccwr/s iodelay  Command

# Time        UID       PID   kB_rd/s   kB_wr/s kB_ccwr/s iodelay  Command

# Time        UID       PID   kB_rd/s   kB_wr/s kB_ccwr/s iodelay  Command

# Time        UID       PID   kB_rd/s   kB_wr/s kB_ccwr/s iodelay  Command

# Time        UID       PID   kB_rd/s   kB_wr/s kB_ccwr/s iodelay  Command

# Time        UID       PID   kB_rd/s   kB_wr/s kB_ccwr/s iodelay  Command

# Time        UID       PID   kB_rd/s   kB_wr/s kB_ccwr/s iodelay  Command

# Time        UID       PID   kB_rd/s   kB_wr/s kB_ccwr/s iodelay  Command

# Time        UID       PID   kB_rd/s   kB_wr/s kB_ccwr/s iodelay  Command

# Time        UID       PID   kB_rd/s   kB_wr/s kB_ccwr/s iodelay  Command

# Time        UID       PID   kB_rd/s   kB_wr/s kB_ccwr/s iodelay  Command

# Time        UID       PID   kB_rd/s   kB_wr/s kB_ccwr/s iodelay  Command

# Time        UID       PID   kB_rd/s   kB_wr/s kB_ccwr/s iodelay  Command

# Time        UID       PID   kB_rd/s   kB_wr/s kB_ccwr/s iodelay  Command

# Time        UID       PID   kB_rd/s   kB_wr/s kB_ccwr/s iodelay  Command

# Time        UID       PID   kB_rd/s   kB_wr/s kB_ccwr/s iodelay  Command

# Time        UID       PID   kB_rd/s   kB_wr/s kB_ccwr/s iodelay  Command

# Time        UID       PID   kB_rd/s   kB_wr/s kB_ccwr/s iodelay  Command

# Time        UID       PID   kB_rd/s   kB_wr/s kB_ccwr/s iodelay  Command

# Time        UID       PID   kB_rd/s   kB_wr/s kB_ccwr/s iodelay  Command

# Time        UID       PID   kB_rd/s   kB_wr/s kB_ccwr/s iodelay  Command

# Time        UID       PID   kB_rd/s   kB_wr/s kB_ccwr/s iodelay  Command

# Time        UID       PID   kB_rd/s   kB_wr/s kB_ccwr/s iodelay  Command
09:14:22 AM     0    573698      0.00      8.00      0.00       0  java

# Time        UID       PID   kB_rd/s   kB_wr/s kB_ccwr/s iodelay  Command
09:14:23 AM     0    573698      0.00      8.00      0.00       0  java

# Time        UID       PID   kB_rd/s   kB_wr/s kB_ccwr/s iodelay  Command

# Time        UID       PID   kB_rd/s   kB_wr/s kB_ccwr/s iodelay  Command

# Time        UID       PID   kB_rd/s   kB_wr/s kB_ccwr/s iodelay  Command

# Time        UID       PID   kB_rd/s   kB_wr/s kB_ccwr/s iodelay  Command

# Time        UID       PID   kB_rd/s   kB_wr/s kB_ccwr/s iodelay  Command

# Time        UID       PID   kB_rd/s   kB_wr/s kB_ccwr/s iodelay  Command

# Time        UID       PID   kB_rd/s   kB_wr/s kB_ccwr/s iodelay  Command

# Time        UID       PID   kB_rd/s   kB_wr/s kB_ccwr/s iodelay  Command

# Time        UID       PID   kB_rd/s   kB_wr/s kB_ccwr/s iodelay  Command

# Time        UID       PID   kB_rd/s   kB_wr/s kB_ccwr/s iodelay  Command

# Time        UID       PID   kB_rd/s   kB_wr/s kB_ccwr/s iodelay  Command

# Time        UID       PID   kB_rd/s   kB_wr/s kB_ccwr/s iodelay  Command

# Time        UID       PID   kB_rd/s   kB_wr/s kB_ccwr/s iodelay  Command

# Time        UID       PID   kB_rd/s   kB_wr/s kB_ccwr/s iodelay  Command

# Time        UID       PID   kB_rd/s   kB_wr/s kB_ccwr/s iodelay  Command

# Time        UID       PID   kB_rd/s   kB_wr/s kB_ccwr/s iodelay  Command

# Time        UID       PID   kB_rd/s   kB_wr/s kB_ccwr/s iodelay  Command

# Time        UID       PID   kB_rd/s   kB_wr/s kB_ccwr/s iodelay  Command

# Time        UID       PID   kB_rd/s   kB_wr/s kB_ccwr/s iodelay  Command

# Time        UID       PID   kB_rd/s   kB_wr/s kB_ccwr/s iodelay  Command

# Time        UID       PID   kB_rd/s   kB_wr/s kB_ccwr/s iodelay  Command

# Time        UID       PID   kB_rd/s   kB_wr/s kB_ccwr/s iodelay  Command

# Time        UID       PID   kB_rd/s   kB_wr/s kB_ccwr/s iodelay  Command

# Time        UID       PID   kB_rd/s   kB_wr/s kB_ccwr/s iodelay  Command

# Time        UID       PID   kB_rd/s   kB_wr/s kB_ccwr/s iodelay  Command

# Time        UID       PID   kB_rd/s   kB_wr/s kB_ccwr/s iodelay  Command

# Time        UID       PID   kB_rd/s   kB_wr/s kB_ccwr/s iodelay  Command

# Time        UID       PID   kB_rd/s   kB_wr/s kB_ccwr/s iodelay  Command

# Time        UID       PID   kB_rd/s   kB_wr/s kB_ccwr/s iodelay  Command

# Time        UID       PID   kB_rd/s   kB_wr/s kB_ccwr/s iodelay  Command
09:14:53 AM     0    573698      0.00      8.00      0.00       0  java

# Time        UID       PID   kB_rd/s   kB_wr/s kB_ccwr/s iodelay  Command

# Time        UID       PID   kB_rd/s   kB_wr/s kB_ccwr/s iodelay  Command

# Time        UID       PID   kB_rd/s   kB_wr/s kB_ccwr/s iodelay  Command
09:14:56 AM     0    573698      0.00      8.00      0.00       0  java

# Time        UID       PID   kB_rd/s   kB_wr/s kB_ccwr/s iodelay  Command

# Time        UID       PID   kB_rd/s   kB_wr/s kB_ccwr/s iodelay  Command

# Time        UID       PID   kB_rd/s   kB_wr/s kB_ccwr/s iodelay  Command

# Time        UID       PID   kB_rd/s   kB_wr/s kB_ccwr/s iodelay  Command

# Time        UID       PID   kB_rd/s   kB_wr/s kB_ccwr/s iodelay  Command

# Time        UID       PID   kB_rd/s   kB_wr/s kB_ccwr/s iodelay  Command

# Time        UID       PID   kB_rd/s   kB_wr/s kB_ccwr/s iodelay  Command

# Time        UID       PID   kB_rd/s   kB_wr/s kB_ccwr/s iodelay  Command

# Time        UID       PID   kB_rd/s   kB_wr/s kB_ccwr/s iodelay  Command

# Time        UID       PID   kB_rd/s   kB_wr/s kB_ccwr/s iodelay  Command

# Time        UID       PID   kB_rd/s   kB_wr/s kB_ccwr/s iodelay  Command

# Time        UID       PID   kB_rd/s   kB_wr/s kB_ccwr/s iodelay  Command
