Linux 5.15.0 (noslab-gpu) 	11/14/2025 	_x86_64_	(40 CPU)

# Time        UID       PID    %usr %system  %guest   %wait    %CPU   CPU  Command
09:12:04 AM     0    572540  107.84   58.82    0.00    0.00  166.67    28  java

# Time        UID       PID    %usr %system  %guest   %wait    %CPU   CPU  Command
09:12:05 AM     0    572540  102.00   83.00    0.00    0.00  185.00    28  java

# Time        UID       PID    %usr %system  %guest   %wait    %CPU   CPU  Command
09:12:06 AM     0    572540   18.00   81.00    0.00    0.00   99.00    28  java

# Time        UID       PID    %usr %system  %guest   %wait    %CPU   CPU  Command
09:12:07 AM     0    572540   18.00   80.00    0.00    0.00   98.00    28  java

# Time        UID       PID    %usr %system  %guest   %wait    %CPU   CPU  Command
09:12:08 AM     0    572540   16.00   84.00    0.00    0.00  100.00    28  java

# Time        UID       PID    %usr %system  %guest   %wait    %CPU   CPU  Command
09:12:09 AM     0    572540   30.00   77.00    0.00    0.00  107.00    28  java

# Time        UID       PID    %usr %system  %guest   %wait    %CPU   CPU  Command
09:12:10 AM     0    572540   40.00  106.00    0.00    0.00  146.00    28  java

# Time        UID       PID    %usr %system  %guest   %wait    %CPU   CPU  Command
09:12:11 AM     0    572540   39.00  123.00    0.00    0.00  162.00    28  java

# Time        UID       PID    %usr %system  %guest   %wait    %CPU   CPU  Command
09:12:12 AM     0    572540   18.00   81.00    0.00    0.00   99.00    28  java

# Time        UID       PID    %usr %system  %guest   %wait    %CPU   CPU  Command
09:12:13 AM     0    572540   21.00   79.00    0.00    0.00  100.00    28  java

# Time        UID       PID    %usr %system  %guest   %wait    %CPU   CPU  Command
09:12:14 AM     0    572540   35.00   73.00    0.00    0.00  108.00    28  java

# Time        UID       PID    %usr %system  %guest   %wait    %CPU   CPU  Command
09:12:15 AM     0    572540   22.00   76.00    0.00    0.00   98.00    28  java

# Time        UID       PID    %usr %system  %guest   %wait    %CPU   CPU  Command
09:12:16 AM     0    572540   33.00  122.00    0.00    0.00  155.00    28  java

# Time        UID       PID    %usr %system  %guest   %wait    %CPU   CPU  Command
09:12:17 AM     0    572540   46.00  141.00    0.00    0.00  187.00    28  java

# Time        UID       PID    %usr %system  %guest   %wait    %CPU   CPU  Command
09:12:18 AM     0    572540   59.00  140.00    0.00    0.00  199.00    28  java

# Time        UID       PID    %usr %system  %guest   %wait    %CPU   CPU  Command
09:12:19 AM     0    572540   52.00  139.00    0.00    0.00  191.00    28  java

# Time        UID       PID    %usr %system  %guest   %wait    %CPU   CPU  Command
09:12:20 AM     0    572540   47.00  137.00    0.00    0.00  184.00    28  java

# Time        UID       PID    %usr %system  %guest   %wait    %CPU   CPU  Command
09:12:21 AM     0    572540   16.00   85.00    0.00    0.00  101.00    28  java

# Time        UID       PID    %usr %system  %guest   %wait    %CPU   CPU  Command
09:12:22 AM     0    572540   22.00   78.00    0.00    0.00  100.00    28  java

# Time        UID       PID    %usr %system  %guest   %wait    %CPU   CPU  Command
09:12:23 AM     0    572540   62.00  137.00    0.00    0.00  199.00    28  java

# Time        UID       PID    %usr %system  %guest   %wait    %CPU   CPU  Command
09:12:24 AM     0    572540   19.00   86.00    0.00    0.00  105.00    28  java

# Time        UID       PID    %usr %system  %guest   %wait    %CPU   CPU  Command
09:12:25 AM     0    572540   21.00   79.00    0.00    0.00  100.00    28  java

# Time        UID       PID    %usr %system  %guest   %wait    %CPU   CPU  Command
09:12:26 AM     0    572540   21.00   77.00    0.00    0.00   98.00    28  java

# Time        UID       PID    %usr %system  %guest   %wait    %CPU   CPU  Command
09:12:27 AM     0    572540   26.00   73.00    0.00    0.00   99.00    28  java

# Time        UID       PID    %usr %system  %guest   %wait    %CPU   CPU  Command
09:12:28 AM     0    572540   40.00   89.00    0.00    0.00  129.00    28  java

# Time        UID       PID    %usr %system  %guest   %wait    %CPU   CPU  Command
09:12:29 AM     0    572540   43.00  143.00    0.00    0.00  186.00    28  java

# Time        UID       PID    %usr %system  %guest   %wait    %CPU   CPU  Command
09:12:30 AM     0    572540   55.00  132.00    0.00    0.00  187.00    28  java

# Time        UID       PID    %usr %system  %guest   %wait    %CPU   CPU  Command
09:12:31 AM     0    572540   62.00  128.00    0.00    0.00  190.00    28  java

# Time        UID       PID    %usr %system  %guest   %wait    %CPU   CPU  Command
09:12:32 AM     0    572540   59.00  128.00    0.00    0.00  187.00    28  java

# Time        UID       PID    %usr %system  %guest   %wait    %CPU   CPU  Command
09:12:33 AM     0    572540   62.00  131.00    0.00    0.00  193.00    28  java

# Time        UID       PID    %usr %system  %guest   %wait    %CPU   CPU  Command
09:12:34 AM     0    572540   64.00  122.00    0.00    0.00  186.00    28  java

# Time        UID       PID    %usr %system  %guest   %wait    %CPU   CPU  Command
09:12:35 AM     0    572540   64.00  146.00    0.00    0.00  210.00    28  java

# Time        UID       PID    %usr %system  %guest   %wait    %CPU   CPU  Command
09:12:36 AM     0    572540   83.00  187.00    0.00    0.00  270.00    28  java

# Time        UID       PID    %usr %system  %guest   %wait    %CPU   CPU  Command
09:12:37 AM     0    572540   59.00  141.00    0.00    0.00  200.00    28  java

# Time        UID       PID    %usr %system  %guest   %wait    %CPU   CPU  Command
09:12:38 AM     0    572540   72.00  121.00    0.00    0.00  193.00    28  java

# Time        UID       PID    %usr %system  %guest   %wait    %CPU   CPU  Command
09:12:39 AM     0    572540   64.00  124.00    0.00    0.00  188.00    28  java

# Time        UID       PID    %usr %system  %guest   %wait    %CPU   CPU  Command
09:12:40 AM     0    572540   52.00  119.00    0.00    0.00  171.00    28  java

# Time        UID       PID    %usr %system  %guest   %wait    %CPU   CPU  Command
09:12:41 AM     0    572540   25.00   73.00    0.00    0.00   98.00    28  java

# Time        UID       PID    %usr %system  %guest   %wait    %CPU   CPU  Command
09:12:42 AM     0    572540   50.00  127.00    0.00    0.00  177.00    28  java

# Time        UID       PID    %usr %system  %guest   %wait    %CPU   CPU  Command
09:12:43 AM     0    572540   58.00  127.00    0.00    0.00  185.00    28  java

# Time        UID       PID    %usr %system  %guest   %wait    %CPU   CPU  Command
09:12:44 AM     0    572540   60.00  129.00    0.00    0.00  189.00    28  java

# Time        UID       PID    %usr %system  %guest   %wait    %CPU   CPU  Command
09:12:45 AM     0    572540   57.00  129.00    0.00    0.00  186.00    28  java

# Time        UID       PID    %usr %system  %guest   %wait    %CPU   CPU  Command
09:12:46 AM     0    572540   60.00  131.00    0.00    0.00  191.00    28  java

# Time        UID       PID    %usr %system  %guest   %wait    %CPU   CPU  Command
09:12:47 AM     0    572540   52.00  137.00    0.00    0.00  189.00    28  java

# Time        UID       PID    %usr %system  %guest   %wait    %CPU   CPU  Command
09:12:48 AM     0    572540   71.00  141.00    0.00    0.00  212.00    28  java

# Time        UID       PID    %usr %system  %guest   %wait    %CPU   CPU  Command
09:12:49 AM     0    572540   79.00  189.00    0.00    0.00  268.00    28  java

# Time        UID       PID    %usr %system  %guest   %wait    %CPU   CPU  Command
09:12:50 AM     0    572540   45.00  136.00    0.00    0.00  181.00    28  java

# Time        UID       PID    %usr %system  %guest   %wait    %CPU   CPU  Command
09:12:51 AM     0    572540   65.00  124.00    0.00    0.00  189.00    28  java

# Time        UID       PID    %usr %system  %guest   %wait    %CPU   CPU  Command
09:12:52 AM     0    572540   63.00  124.00    0.00    0.00  187.00    28  java

# Time        UID       PID    %usr %system  %guest   %wait    %CPU   CPU  Command
09:12:53 AM     0    572540   65.00  123.00    0.00    0.00  188.00    28  java

# Time        UID       PID    %usr %system  %guest   %wait    %CPU   CPU  Command
09:12:54 AM     0    572540   72.00  123.00    0.00    0.00  195.00    28  java

# Time        UID       PID    %usr %system  %guest   %wait    %CPU   CPU  Command
09:12:55 AM     0    572540   76.00  138.00    0.00    0.00  214.00    28  java

# Time        UID       PID    %usr %system  %guest   %wait    %CPU   CPU  Command
09:12:56 AM     0    572540   96.00  165.00    0.00    0.00  261.00    28  java

# Time        UID       PID    %usr %system  %guest   %wait    %CPU   CPU  Command
09:12:57 AM     0    572540   59.00  128.00    0.00    0.00  187.00    28  java

# Time        UID       PID    %usr %system  %guest   %wait    %CPU   CPU  Command
09:12:58 AM     0    572540   66.00  123.00    0.00    0.00  189.00    28  java

# Time        UID       PID    %usr %system  %guest   %wait    %CPU   CPU  Command
09:12:59 AM     0    572540   70.00  122.00    0.00    0.00  192.00    28  java

# Time        UID       PID    %usr %system  %guest   %wait    %CPU   CPU  Command
09:13:00 AM     0    572540   55.00  130.00    0.00    0.00  185.00    28  java

# Time        UID       PID    %usr %system  %guest   %wait    %CPU   CPU  Command
09:13:01 AM     0    572540   52.00  137.00    0.00    0.00  189.00    28  java

# Time        UID       PID    %usr %system  %guest   %wait    %CPU   CPU  Command
09:13:02 AM     0    572540   63.00  158.00    0.00    0.00  221.00    28  java

# Time        UID       PID    %usr %system  %guest   %wait    %CPU   CPU  Command
09:13:03 AM     0    572540   86.00  171.00    0.00    0.00  257.00    28  java

# Time        UID       PID    %usr %system  %guest   %wait    %CPU   CPU  Command
09:13:04 AM     0    572540   75.00  130.00    0.00    0.00  205.00    28  java

# Time        UID       PID    %usr %system  %guest   %wait    %CPU   CPU  Command
09:13:05 AM     0    572540   60.00  125.00    0.00    0.00  185.00    28  java

# Time        UID       PID    %usr %system  %guest   %wait    %CPU   CPU  Command
09:13:06 AM     0    572540   70.00  120.00    0.00    0.00  190.00    28  java

# Time        UID       PID    %usr %system  %guest   %wait    %CPU   CPU  Command
09:13:07 AM     0    572540   68.00  117.00    0.00    0.00  185.00    28  java

# Time        UID       PID    %usr %system  %guest   %wait    %CPU   CPU  Command
09:13:08 AM     0    572540   67.00  123.00    0.00    0.00  190.00    28  java

# Time        UID       PID    %usr %system  %guest   %wait    %CPU   CPU  Command
09:13:09 AM     0    572540   92.00  165.00    0.00    0.00  257.00    28  java

# Time        UID       PID    %usr %system  %guest   %wait    %CPU   CPU  Command
09:13:10 AM     0    572540   83.00  150.00    0.00    0.00  233.00    28  java

# Time        UID       PID    %usr %system  %guest   %wait    %CPU   CPU  Command
09:13:11 AM     0    572540   64.00  124.00    0.00    0.00  188.00    28  java

# Time        UID       PID    %usr %system  %guest   %wait    %CPU   CPU  Command
09:13:12 AM     0    572540   67.00  122.00    0.00    0.00  189.00    28  java

# Time        UID       PID    %usr %system  %guest   %wait    %CPU   CPU  Command
09:13:13 AM     0    572540   49.00  133.00    0.00    0.00  182.00    28  java

# Time        UID       PID    %usr %system  %guest   %wait    %CPU   CPU  Command
09:13:14 AM     0    572540   55.00  130.00    0.00    0.00  185.00    28  java

# Time        UID       PID    %usr %system  %guest   %wait    %CPU   CPU  Command
09:13:15 AM     0    572540   80.00  129.00    0.00    0.00  209.00    28  java

# Time        UID       PID    %usr %system  %guest   %wait    %CPU   CPU  Command
09:13:16 AM     0    572540   83.00  179.00    0.00    0.00  262.00    28  java

# Time        UID       PID    %usr %system  %guest   %wait    %CPU   CPU  Command
09:13:17 AM     0    572540   55.00  134.00    0.00    0.00  189.00    28  java

# Time        UID       PID    %usr %system  %guest   %wait    %CPU   CPU  Command
09:13:18 AM     0    572540   58.00  132.00    0.00    0.00  190.00    28  java

# Time        UID       PID    %usr %system  %guest   %wait    %CPU   CPU  Command
09:13:19 AM     0    572540   49.00  127.00    0.00    0.00  176.00    28  java

# Time        UID       PID    %usr %system  %guest   %wait    %CPU   CPU  Command
09:13:20 AM     0    572540   77.00  123.00    0.00    0.00  200.00    28  java

# Time        UID       PID    %usr %system  %guest   %wait    %CPU   CPU  Command
09:13:21 AM     0    572540   64.00  122.00    0.00    0.00  186.00    28  java

# Time        UID       PID    %usr %system  %guest   %wait    %CPU   CPU  Command
09:13:22 AM     0    572540   59.00  127.00    0.00    0.00  186.00    28  java

# Time        UID       PID    %usr %system  %guest   %wait    %CPU   CPU  Command
09:13:23 AM     0    572540  100.00  178.00    0.00    0.00  278.00    28  java

# Time        UID       PID    %usr %system  %guest   %wait    %CPU   CPU  Command
09:13:24 AM     0    572540   62.00  132.00    0.00    0.00  194.00    28  java

# Time        UID       PID    %usr %system  %guest   %wait    %CPU   CPU  Command
09:13:25 AM     0    572540   73.00  118.00    0.00    0.00  191.00    28  java

# Time        UID       PID    %usr %system  %guest   %wait    %CPU   CPU  Command
09:13:26 AM     0    572540   61.00  125.00    0.00    0.00  186.00    28  java

# Time        UID       PID    %usr %system  %guest   %wait    %CPU   CPU  Command
09:13:27 AM     0    572540   65.00  122.00    0.00    0.00  187.00    28  java

# Time        UID       PID    %usr %system  %guest   %wait    %CPU   CPU  Command

# Time        UID       PID    %usr %system  %guest   %wait    %CPU   CPU  Command
09:13:29 AM     0    573698   70.00   24.00    0.00    0.00   94.00     7  java

# Time        UID       PID    %usr %system  %guest   %wait    %CPU   CPU  Command
09:13:30 AM     0    573698   37.00   55.00    0.00    0.00   92.00     7  java

# Time        UID       PID    %usr %system  %guest   %wait    %CPU   CPU  Command
09:13:31 AM     0    573698   77.00   75.00    0.00    0.00  152.00     7  java

# Time        UID       PID    %usr %system  %guest   %wait    %CPU   CPU  Command
09:13:32 AM     0    573698   93.00   81.00    0.00    0.00  174.00     7  java

# Time        UID       PID    %usr %system  %guest   %wait    %CPU   CPU  Command
09:13:33 AM     0    573698  130.00   90.00    0.00    0.00  220.00     7  java

# Time        UID       PID    %usr %system  %guest   %wait    %CPU   CPU  Command
09:13:34 AM     0    573698  181.00   87.00    0.00    0.00  268.00     7  java

# Time        UID       PID    %usr %system  %guest   %wait    %CPU   CPU  Command
09:13:35 AM     0    573698   81.00   88.00    0.00    0.00  169.00     7  java

# Time        UID       PID    %usr %system  %guest   %wait    %CPU   CPU  Command
09:13:36 AM     0    573698   82.00   89.00    0.00    0.00  171.00     7  java

# Time        UID       PID    %usr %system  %guest   %wait    %CPU   CPU  Command
09:13:37 AM     0    573698   79.00   92.00    0.00    0.00  171.00     7  java

# Time        UID       PID    %usr %system  %guest   %wait    %CPU   CPU  Command
09:13:38 AM     0    573698   79.00   95.00    0.00    0.00  174.00     7  java

# Time        UID       PID    %usr %system  %guest   %wait    %CPU   CPU  Command
09:13:39 AM     0    573698   79.00   97.00    0.00    0.00  176.00     7  java

# Time        UID       PID    %usr %system  %guest   %wait    %CPU   CPU  Command
09:13:40 AM     0    573698   61.00   98.00    0.00    0.00  159.00     7  java

# Time        UID       PID    %usr %system  %guest   %wait    %CPU   CPU  Command
09:13:41 AM     0    573698   75.00   93.00    0.00    0.00  168.00     7  java

# Time        UID       PID    %usr %system  %guest   %wait    %CPU   CPU  Command
09:13:42 AM     0    573698   73.00   92.00    0.00    0.00  165.00     7  java

# Time        UID       PID    %usr %system  %guest   %wait    %CPU   CPU  Command
09:13:43 AM     0    573698   73.00   89.00    0.00    0.00  162.00     7  java

# Time        UID       PID    %usr %system  %guest   %wait    %CPU   CPU  Command
09:13:44 AM     0    573698   79.00   84.00    0.00    0.00  163.00     7  java

# Time        UID       PID    %usr %system  %guest   %wait    %CPU   CPU  Command
09:13:45 AM     0    573698   70.30   89.11    0.00    0.00  159.41     7  java

# Time        UID       PID    %usr %system  %guest   %wait    %CPU   CPU  Command
09:13:46 AM     0    573698   81.00   83.00    0.00    0.00  164.00     7  java

# Time        UID       PID    %usr %system  %guest   %wait    %CPU   CPU  Command
09:13:47 AM     0    573698   70.00   93.00    0.00    0.00  163.00     7  java

# Time        UID       PID    %usr %system  %guest   %wait    %CPU   CPU  Command
09:13:48 AM     0    573698   85.00   85.00    0.00    0.00  170.00     7  java

# Time        UID       PID    %usr %system  %guest   %wait    %CPU   CPU  Command
09:13:49 AM     0    573698   84.00  106.00    0.00    0.00  190.00     7  java

# Time        UID       PID    %usr %system  %guest   %wait    %CPU   CPU  Command
09:13:50 AM     0    573698   84.00  116.00    0.00    0.00  200.00     7  java

# Time        UID       PID    %usr %system  %guest   %wait    %CPU   CPU  Command
09:13:51 AM     0    573698   69.00   88.00    0.00    0.00  157.00     7  java

# Time        UID       PID    %usr %system  %guest   %wait    %CPU   CPU  Command
09:13:52 AM     0    573698   70.00   83.00    0.00    0.00  153.00     7  java

# Time        UID       PID    %usr %system  %guest   %wait    %CPU   CPU  Command
09:13:53 AM     0    573698   71.00   82.00    0.00    0.00  153.00     7  java

# Time        UID       PID    %usr %system  %guest   %wait    %CPU   CPU  Command
09:13:54 AM     0    573698   71.00   89.00    0.00    0.00  160.00     7  java

# Time        UID       PID    %usr %system  %guest   %wait    %CPU   CPU  Command
09:13:55 AM     0    573698   77.00   86.00    0.00    0.00  163.00     7  java

# Time        UID       PID    %usr %system  %guest   %wait    %CPU   CPU  Command
09:13:56 AM     0    573698   83.00   86.00    0.00    0.00  169.00     7  java

# Time        UID       PID    %usr %system  %guest   %wait    %CPU   CPU  Command
09:13:57 AM     0    573698   83.00   80.00    0.00    0.00  163.00     7  java

# Time        UID       PID    %usr %system  %guest   %wait    %CPU   CPU  Command
09:13:58 AM     0    573698   75.00   87.00    0.00    0.00  162.00     7  java

# Time        UID       PID    %usr %system  %guest   %wait    %CPU   CPU  Command
09:13:59 AM     0    573698   79.00   87.00    0.00    0.00  166.00     7  java

# Time        UID       PID    %usr %system  %guest   %wait    %CPU   CPU  Command
09:14:00 AM     0    573698   75.00   92.00    0.00    0.00  167.00     7  java

# Time        UID       PID    %usr %system  %guest   %wait    %CPU   CPU  Command
09:14:01 AM     0    573698   78.00   86.00    0.00    0.00  164.00     7  java

# Time        UID       PID    %usr %system  %guest   %wait    %CPU   CPU  Command
09:14:02 AM     0    573698   80.00   89.00    0.00    0.00  169.00     7  java

# Time        UID       PID    %usr %system  %guest   %wait    %CPU   CPU  Command
09:14:03 AM     0    573698   97.00   84.00    0.00    0.00  181.00     7  java

# Time        UID       PID    %usr %system  %guest   %wait    %CPU   CPU  Command
09:14:04 AM     0    573698   84.00   82.00    0.00    0.00  166.00     7  java

# Time        UID       PID    %usr %system  %guest   %wait    %CPU   CPU  Command
09:14:05 AM     0    573698   67.00   94.00    0.00    0.00  161.00     7  java

# Time        UID       PID    %usr %system  %guest   %wait    %CPU   CPU  Command
09:14:06 AM     0    573698  105.00  135.00    0.00    0.00  240.00     7  java

# Time        UID       PID    %usr %system  %guest   %wait    %CPU   CPU  Command
09:14:07 AM     0    573698   66.00   92.00    0.00    0.00  158.00     7  java

# Time        UID       PID    %usr %system  %guest   %wait    %CPU   CPU  Command
09:14:08 AM     0    573698   73.00   92.00    0.00    0.00  165.00     7  java

# Time        UID       PID    %usr %system  %guest   %wait    %CPU   CPU  Command
09:14:09 AM     0    573698   70.00   93.00    0.00    0.00  163.00     7  java

# Time        UID       PID    %usr %system  %guest   %wait    %CPU   CPU  Command
09:14:10 AM     0    573698   81.00   99.00    0.00    0.00  180.00     7  java

# Time        UID       PID    %usr %system  %guest   %wait    %CPU   CPU  Command
09:14:11 AM     0    573698   71.00   99.00    0.00    0.00  170.00     7  java

# Time        UID       PID    %usr %system  %guest   %wait    %CPU   CPU  Command
09:14:12 AM     0    573698   64.00   94.00    0.00    0.00  158.00     7  java

# Time        UID       PID    %usr %system  %guest   %wait    %CPU   CPU  Command
09:14:13 AM     0    573698   81.00   82.00    0.00    0.00  163.00     7  java

# Time        UID       PID    %usr %system  %guest   %wait    %CPU   CPU  Command
09:14:14 AM     0    573698   57.00   89.00    0.00    0.00  146.00     7  java

# Time        UID       PID    %usr %system  %guest   %wait    %CPU   CPU  Command
09:14:15 AM     0    573698   71.00   87.00    0.00    0.00  158.00     7  java

# Time        UID       PID    %usr %system  %guest   %wait    %CPU   CPU  Command
09:14:16 AM     0    573698   62.00   92.00    0.00    0.00  154.00     7  java

# Time        UID       PID    %usr %system  %guest   %wait    %CPU   CPU  Command
09:14:17 AM     0    573698   92.00   76.00    0.00    0.00  168.00     7  java

# Time        UID       PID    %usr %system  %guest   %wait    %CPU   CPU  Command
09:14:18 AM     0    573698   74.00   86.00    0.00    0.00  160.00     7  java

# Time        UID       PID    %usr %system  %guest   %wait    %CPU   CPU  Command
09:14:19 AM     0    573698   67.00   94.00    0.00    0.00  161.00     7  java

# Time        UID       PID    %usr %system  %guest   %wait    %CPU   CPU  Command
09:14:20 AM     0    573698   68.00   90.00    0.00    0.00  158.00     7  java

# Time        UID       PID    %usr %system  %guest   %wait    %CPU   CPU  Command
09:14:21 AM     0    573698   48.00  103.00    0.00    0.00  151.00     7  java

# Time        UID       PID    %usr %system  %guest   %wait    %CPU   CPU  Command
09:14:22 AM     0    573698   23.00   48.00    0.00    0.00   71.00     7  java

# Time        UID       PID    %usr %system  %guest   %wait    %CPU   CPU  Command
09:14:23 AM     0    573698   42.00   43.00    0.00    0.00   85.00     7  java

# Time        UID       PID    %usr %system  %guest   %wait    %CPU   CPU  Command
09:14:24 AM     0    573698   29.00   46.00    0.00    0.00   75.00     7  java

# Time        UID       PID    %usr %system  %guest   %wait    %CPU   CPU  Command
09:14:25 AM     0    573698   29.00   49.00    0.00    0.00   78.00     7  java

# Time        UID       PID    %usr %system  %guest   %wait    %CPU   CPU  Command
09:14:26 AM     0    573698   35.00   43.00    0.00    0.00   78.00     7  java

# Time        UID       PID    %usr %system  %guest   %wait    %CPU   CPU  Command
09:14:27 AM     0    573698   36.00   44.00    0.00    0.00   80.00     7  java

# Time        UID       PID    %usr %system  %guest   %wait    %CPU   CPU  Command
09:14:28 AM     0    573698   33.00   48.00    0.00    0.00   81.00     7  java

# Time        UID       PID    %usr %system  %guest   %wait    %CPU   CPU  Command
09:14:29 AM     0    573698   48.00   43.00    0.00    0.00   91.00     7  java

# Time        UID       PID    %usr %system  %guest   %wait    %CPU   CPU  Command
09:14:30 AM     0    573698   31.00   51.00    0.00    0.00   82.00     7  java

# Time        UID       PID    %usr %system  %guest   %wait    %CPU   CPU  Command
09:14:31 AM     0    573698   33.00   48.00    0.00    0.00   81.00     7  java

# Time        UID       PID    %usr %system  %guest   %wait    %CPU   CPU  Command
09:14:32 AM     0    573698   34.00   48.00    0.00    0.00   82.00     7  java

# Time        UID       PID    %usr %system  %guest   %wait    %CPU   CPU  Command
09:14:33 AM     0    573698   35.00   49.00    0.00    0.00   84.00     7  java

# Time        UID       PID    %usr %system  %guest   %wait    %CPU   CPU  Command
09:14:34 AM     0    573698   59.00   91.00    0.00    0.00  150.00     7  java

# Time        UID       PID    %usr %system  %guest   %wait    %CPU   CPU  Command
09:14:35 AM     0    573698   81.00   92.00    0.00    0.00  173.00     7  java

# Time        UID       PID    %usr %system  %guest   %wait    %CPU   CPU  Command
09:14:36 AM     0    573698   81.00   85.00    0.00    0.00  166.00     7  java

# Time        UID       PID    %usr %system  %guest   %wait    %CPU   CPU  Command
09:14:37 AM     0    573698   75.00   92.00    0.00    0.00  167.00     7  java

# Time        UID       PID    %usr %system  %guest   %wait    %CPU   CPU  Command
09:14:38 AM     0    573698   77.00   90.00    0.00    0.00  167.00     7  java

# Time        UID       PID    %usr %system  %guest   %wait    %CPU   CPU  Command
09:14:39 AM     0    573698   68.00  102.00    0.00    0.00  170.00     7  java

# Time        UID       PID    %usr %system  %guest   %wait    %CPU   CPU  Command
09:14:40 AM     0    573698   51.00  105.00    0.00    0.00  156.00     7  java

# Time        UID       PID    %usr %system  %guest   %wait    %CPU   CPU  Command
09:14:41 AM     0    573698   76.00   89.00    0.00    0.00  165.00     7  java

# Time        UID       PID    %usr %system  %guest   %wait    %CPU   CPU  Command
09:14:42 AM     0    573698   79.00   85.00    0.00    0.00  164.00     7  java

# Time        UID       PID    %usr %system  %guest   %wait    %CPU   CPU  Command
09:14:43 AM     0    573698   75.00   86.00    0.00    0.00  161.00     7  java

# Time        UID       PID    %usr %system  %guest   %wait    %CPU   CPU  Command
09:14:44 AM     0    573698   67.00   92.00    0.00    0.00  159.00     7  java

# Time        UID       PID    %usr %system  %guest   %wait    %CPU   CPU  Command
09:14:45 AM     0    573698   69.00   92.00    0.00    0.00  161.00     7  java

# Time        UID       PID    %usr %system  %guest   %wait    %CPU   CPU  Command
09:14:46 AM     0    573698   82.00   82.00    0.00    0.00  164.00     7  java

# Time        UID       PID    %usr %system  %guest   %wait    %CPU   CPU  Command
09:14:47 AM     0    573698   71.00   92.00    0.00    0.00  163.00     7  java

# Time        UID       PID    %usr %system  %guest   %wait    %CPU   CPU  Command
09:14:48 AM     0    573698   66.00  100.00    0.00    0.00  166.00     7  java

# Time        UID       PID    %usr %system  %guest   %wait    %CPU   CPU  Command
09:14:49 AM     0    573698   85.00   86.00    0.00    0.00  171.00     7  java

# Time        UID       PID    %usr %system  %guest   %wait    %CPU   CPU  Command
09:14:50 AM     0    573698   74.00  120.00    0.00    0.00  194.00     7  java

# Time        UID       PID    %usr %system  %guest   %wait    %CPU   CPU  Command
09:14:51 AM     0    573698   26.00   45.00    0.00    0.00   71.00     7  java

# Time        UID       PID    %usr %system  %guest   %wait    %CPU   CPU  Command
09:14:52 AM     0    573698   30.00   45.00    0.00    0.00   75.00     7  java

# Time        UID       PID    %usr %system  %guest   %wait    %CPU   CPU  Command
09:14:53 AM     0    573698   22.00   53.00    0.00    0.00   75.00     7  java

# Time        UID       PID    %usr %system  %guest   %wait    %CPU   CPU  Command
09:14:54 AM     0    573698   39.00   39.00    0.00    0.00   78.00     7  java

# Time        UID       PID    %usr %system  %guest   %wait    %CPU   CPU  Command
09:14:55 AM     0    573698   27.00   52.00    0.00    0.00   79.00     7  java

# Time        UID       PID    %usr %system  %guest   %wait    %CPU   CPU  Command
09:14:56 AM     0    573698   41.00   46.00    0.00    0.00   87.00     7  java

# Time        UID       PID    %usr %system  %guest   %wait    %CPU   CPU  Command
09:14:57 AM     0    573698   29.00   49.00    0.00    0.00   78.00     7  java

# Time        UID       PID    %usr %system  %guest   %wait    %CPU   CPU  Command
09:14:58 AM     0    573698   37.00   44.00    0.00    0.00   81.00     7  java

# Time        UID       PID    %usr %system  %guest   %wait    %CPU   CPU  Command
09:14:59 AM     0    573698   39.00   44.00    0.00    0.00   83.00     7  java

# Time        UID       PID    %usr %system  %guest   %wait    %CPU   CPU  Command
09:15:00 AM     0    573698   38.00   44.00    0.00    0.00   82.00     7  java

# Time        UID       PID    %usr %system  %guest   %wait    %CPU   CPU  Command
09:15:01 AM     0    573698   56.00   40.00    0.00    0.00   96.00     7  java

# Time        UID       PID    %usr %system  %guest   %wait    %CPU   CPU  Command
09:15:02 AM     0    573698   38.00   48.00    0.00    0.00   86.00     7  java

# Time        UID       PID    %usr %system  %guest   %wait    %CPU   CPU  Command
09:15:03 AM     0    573698   55.00   86.00    0.00    0.00  141.00     7  java

# Time        UID       PID    %usr %system  %guest   %wait    %CPU   CPU  Command
09:15:04 AM     0    573698   60.00  103.00    0.00    0.00  163.00     7  java

# Time        UID       PID    %usr %system  %guest   %wait    %CPU   CPU  Command
09:15:05 AM     0    573698   72.00   90.00    0.00    0.00  162.00     7  java

# Time        UID       PID    %usr %system  %guest   %wait    %CPU   CPU  Command
09:15:06 AM     0    573698   72.00   97.00    0.00    0.00  169.00     7  java

# Time        UID       PID    %usr %system  %guest   %wait    %CPU   CPU  Command
09:15:07 AM     0    573698   82.00   92.00    0.00    0.00  174.00     7  java

# Time        UID       PID    %usr %system  %guest   %wait    %CPU   CPU  Command
09:15:08 AM     0    573698   89.00   94.00    0.00    0.00  183.00     7  java
