procs -----------memory---------- ---swap-- -----io---- -system-- ------cpu-----
 r  b   swpd   free   buff  cache   si   so    bi    bo   in   cs us sy id wa st
 7  1      0 63466820  21024 494552    0    0     7  1504    7    9  1  1 98  0  0
 4  0      0 63290020  22564 586032    0    0 39656  1820 33102 51169  4  3 93  0  0
 1  0      0 63045640  22564 674892    0    0     0     0 39321 72668  4  4 92  0  0
 1  0      0 62780864  23256 782948    0    0  3112 48780 50595 82392  1  4 95  0  0
 4  0      0 62506960  23256 880708    0    0     0     0 41356 80854  1  4 95  0  0
 1  0      0 62225980  23260 983556    0    0     4     0 42014 82742  1  4 95  0  0
 2  0      0 62035220  23272 1074620    0    0     0 180284 40816 77872  2  4 95  0  0
 4  0      0 61586492  23312 1412144    0    0     4 73564 40363 74502  2  5 93  0  0
 3  0      0 62192652  23372 1006768    0    0     4 255676 40320 74646  2  6 92  0  0
 3  0      0 62043476  23372 1113368    0    0     0     0 42795 85312  1  4 95  0  0
 5  0      0 61896576  23372 1216748    0    0     0     0 42415 84287  1  4 95  0  0
 3  0      0 61752188  23492 1313520    0    0    36 73504 50724 78294  2  4 94  0  0
 7  0      0 61571812  23632 1411788    0    0  1796     0 42041 80974  2  4 94  0  0
 5  0      0 61244164  23820 1695720    0    0  1168 253792 41585 76299  2  5 93  0  0
 4  0      0 61488128  23852 1457804    0    0     0 255620 40378 74610  2  6 92  0  0
 3  0      0 61107672  23880 1836560    0    0     0 132160 40341 75074  2  6 92  0  0
 4  0      0 60698896  23916 2242236    0    0     0 165020 41625 78791  3  6 91  0  0
 6  0      0 60350212  23976 2565508    0    0   188 165468 44918 80922  3  7 90  0  0
 7  0      0 61228416  24004 1684348    0    0   156 49056 41741 78481  2  5 93  0  0
 4  0      0 61129636  24008 1783728    0    0     4     0 42361 83768  1  4 95  0  0
 7  0      0 60577644  24132 2305960    0    0     8 327324 48799 74224  2  6 92  0  0
procs -----------memory---------- ---swap-- -----io---- -system-- ------cpu-----
 r  b   swpd   free   buff  cache   si   so    bi    bo   in   cs us sy id wa st
 4  0      0 61131904  24160 1727424    0    0     0 255624 42569 81309  2  5 93  0  0
 1  0      0 61035668  24160 1824180    0    0     0     0 41567 81563  1  3 95  0  0
 3  0      0 60928584  24160 1934764    0    0     0     0 44639 90451  1  4 95  0  0
 3  0      0 60822748  24160 2042656    0    0     0     0 43380 86678  1  4 95  0  0
 6  0      0 60664756  24192 2199520    0    0     0 253852 43336 83567  2  4 94  0  0
 7  0      0 60883228  24216 2058616    0    0     0 255952 39683 73518  2  6 92  0  0
 6  0      0 60521956  24244 2419596    0    0     0 132172 41537 76919  2  6 91  0  0
 5  0      0 60101508  24376 2839048    0    0    16 205680 53665 78328  2  6 91  0  0
 5  0      0 59761456  24420 3178168    0    0     0 198252 42825 81556  2  6 92  0  0
 6  0      0 59343596  24448 3597312    0    0     0 132164 42967 82333  3  6 92  0  0
 5  0      0 58894396  24504 4036016    0    0    20 212440 41798 78603  2  6 92  0  0
 9  0      0 58331072  24584 4563040    0    0     8 452044 43703 82140  3  7 90  0  0
 5  0      0 59021612  24656 3837060    0    0     0 353908 41439 78518  3  8 89  0  0
 4  0      0 60397580  24700 2576876    0    0     0 131776 40044 74123  2  6 91  0  0
 5  0      0 60342288  24744 2628476    0    0     0 131692 40415 75654  2  6 92  0  0
 7  0      0 60270364  24792 2694896    0    0     4 131868 42233 80674  3  6 91  0  0
 6  0      0 60268320  24932 2678196    0    0     8 205268 43972 81462  2  6 92  0  0
 4  0      0 60111164  24932 2783136    0    0    44     0 43488 83791  2  4 94  0  0
 7  0      0 59612164  24964 3254668    0    0     0 253812 41191 77575  2  6 92  0  0
 5  0      0 60018896  25004 2903468    0    0     0 321720 42470 79021  2  6 91  0  0
 5  0      0 59610888  25032 3307380    0    0     0 132160 42111 80185  2  6 92  0  0
procs -----------memory---------- ---swap-- -----io---- -system-- ------cpu-----
 r  b   swpd   free   buff  cache   si   so    bi    bo   in   cs us sy id wa st
 5  0      0 59201576  25068 3718996    0    0     0 132476 42507 81598  2  6 92  0  0
 2  0      0 58857888  25112 4053700    0    0     0 198240 43023 81633  3  6 91  0  0
 4  0      0 58425448  25144 4490040    0    0     4 132160 41212 77947  2  6 92  0  0
 2  0      0 57997228  25184 4934196    0    0     4 132420 41021 77346  3  6 91  0  0
 6  0      0 57244680  25368 5647416    0    0     8 540592 45635 79771  3  9 88  1  0
 5  0      0 59642984  25432 3198864    0    0     0 387404 42581 76154  3  8 89  0  0
 6  0      0 59350060  25468 3507024    0    0     0 131660 42346 80915  2  6 92  0  0
 4  1      0 59306952  25488 3556104    0    0     0 131592 43419 84730  2  6 92  0  0
 5  0      0 59377240  25528 3483200    0    0     0 65936 41385 78602  2  6 92  0  0
 5  0      0 59312836  25580 3548684    0    0     0 131772 42611 82172  3  5 92  0  0
11  1      0 58921340  25640 3937256    0    0     0 385452 42682 79519  2  6 91  0  0
 7  0      0 58620068  25684 4234744    0    0     0 321460 41020 74759  2  7 91  0  0
 9  0      0 59210104  25756 3716988    0    0    76 140616 41029 72072  3  7 89  0  0
 6  0      0 58809676  25844 4116604    0    0     8 197392 51811 79052  2  6 91  0  0
 5  1      0 58411012  25872 4512508    0    0     4 132172 43814 82235  3  6 91  0  0
 7  1      0 58046628  25916 4867900    0    0     0 198264 43878 82923  2  6 91  0  0
 6  0      0 57602500  25948 5318456    0    0     4 132176 42272 79299  2  6 91  0  0
 8  1      0 57067200  26024 5813492    0    0     0 449944 43259 81857  2  7 91  0  0
 5  2      0 56347568  26072 6493468    0    0     0 387272 42217 77029  3  9 87  0  0
 8  0      0 58827424  26116 4193540    0    0     0 66028 40071 73471  2  7 91  0  0
 9  0      0 58915016  26160 4105836    0    0     4 201476 42200 78258  3  6 91  0  0
procs -----------memory---------- ---swap-- -----io---- -system-- ------cpu-----
 r  b   swpd   free   buff  cache   si   so    bi    bo   in   cs us sy id wa st
10  0      0 58525760  26236 4469868    0    0     0 183288 49023 76324  2  6 92  0  0
 8  0      0 58709636  26336 4249888    0    0     4 168800 50693 78560  2  6 92  0  0
 9  0      0 58749740  26372 4169444    0    0     0 131668 42413 81487  2  6 92  0  0
11  0      0 58226608  26432 4654964    0    0     0 385452 43292 80083  3  7 90  0  0
 9  0      0 58668884  26496 4203280    0    0     0 387676 43994 81203  3  8 88  0  0
 9  0      0 58349980  26528 4568020    0    0     4 131664 42082 80906  2  6 92  0  0
 9  0      0 58517912  26572 4400688    0    0     0 132076 41391 78443  2  6 92  0  0
10  0      0 58046220  26604 4875480    0    0     0 144168 41350 78809  2  6 92  0  0
 8  0      0 57687628  26644 5235488    0    0     0 186280 43562 84948  2  6 92  0  0
10  0      0 57176232  26748 5712984    0    0     8 200828 54002 80483  2  6 91  0  0
15  0      0 56606148  26816 6245680    0    0     0 452472 42213 76892  2  7 90  1  0
 9  0      0 56564576  26860 6244772    0    0     0 387816 45130 85218  3  8 89  0  0
 8  0      0 58261996  26936 4541772    0    0    52 113048 40176 74600  2  6 92  0  0
 7  0      0 57926052  26960 4891168    0    0     0 131688 41268 78559  2  6 92  0  0
 7  0      0 57997432  27004 4811528    0    0     4 131752 41711 76651  2  6 91  0  0
 7  0      0 58063828  27036 4736868    0    0     0 131660 40076 74974  2  6 92  0  0
11  0      0 57700988  27060 5099176    0    0     0 131644 42029 78629  2  6 91  0  0
10  0      0 57119040  27108 5679500    0    0    36 385460 44442 82775  3  8 89  1  0
 7  0      0 57720028  27224 5154660    0    0     8 395020 49089 79122  2  7 89  1  0
 6  0      0 57952420  27256 4929436    0    0     0 131708 41111 77875  2  6 92  0  0
 9  0      0 57600808  27280 5286324    0    0     0 131660 41972 80824  2  6 92  0  0
procs -----------memory---------- ---swap-- -----io---- -system-- ------cpu-----
 r  b   swpd   free   buff  cache   si   so    bi    bo   in   cs us sy id wa st
 5  0      0 57793284  27312 5081768    0    0     0 131672 43664 84800  2  6 92  0  0
 3  0      0 58731244  27324 5159020    0    0   916 65844 33711 54875  2  4 94  0  0
 6  0      0 58709460  27332 5159312    0    0     4    88 13461 4805  1  0 99  0  0
 4  0      0 58391564  27332 5305396    0    0   180 65296 20577 17045  2  3 95  0  0
 7  0      0 58748008  27388 4990872    0    0     4 140184 23579 27206  2  3 95  0  0
 8  0      0 58223532  27416 5490776    0    0     0 132184 50354 92294  3  5 92  1  0
 7  0      0 57799616  27452 5895556    0    0     0 198288 47118 85526  4  5 91  1  0
10  0      0 57354616  27484 6270976    0    0     0 132276 46387 83433  6  5 89  1  0
 6  1      0 56903500  27520 6636284    0    0    52 132192 43240 74104  6  5 88  1  0
 7  0      0 56465700  27548 6994724    0    0     4 193904 43201 77403  3  5 92  0  0
 5  0      0 56143088  27672 7245872    0    0     4 271928 58692 74310  2  5 92  1  0
 4  0      0 55696240  27700 7601328    0    0     0 126820 39097 67694  2  5 92  0  0
 6  2      0 55357820  27736 7828848    0    0     0 198296 40530 71813  2  5 92  0  0
 5  1      0 54853740  27768 8218652    0    0     0 108564 43792 78437  3  5 92  0  0
 6  1      0 56320460  27804 6638452    0    0    24 132136 47738 86208  2  5 92  1  0
 6  0      0 56906376  27824 6071668    0    0     0 65988 47015 87328  2  5 92  1  0
10  0      0 57268892  27856 5688816    0    0     0 131668 46774 86368  2  5 92  1  0
 5  1      0 56943520  27880 6004704    0    0     0 131676 47780 87790  3  5 92  1  0
 4  0      0 56970576  27900 5971364    0    0     0 88080 46984 85234  3  5 92  1  0
 7  0      0 56639876  27924 6290856    0    0     0 109892 46765 86986  3  5 92  1  0
 5  0      0 56296912  28056 6610112    0    0     8 205376 48636 88801  2  5 92  1  0
procs -----------memory---------- ---swap-- -----io---- -system-- ------cpu-----
 r  b   swpd   free   buff  cache   si   so    bi    bo   in   cs us sy id wa st
 5  1      0 56391500  28088 6494916    0    0     0 131660 47718 90334  3  5 92  1  0
 4  0      0 56065468  28112 6810772    0    0     0 131660 47356 88619  3  4 92  1  0
 6  0      0 55894692  28200 6953952    0    0     0 555584 46925 81780  3  7 88  1  0
 3  0      0 56520492  28220 6327752    0    0     0 65896 49369 92598  3  5 92  1  0
 5  0      0 56654476  28264 6195296    0    0     0 131732 49117 91754  3  5 92  1  0
 4  1      0 56338552  28300 6514292    0    0     0 131664 48765 91895  3  5 92  1  0
 6  1      0 56025772  28332 6825980    0    0     0 131632 47053 88010  3  5 92  1  0
 4  0      0 56153688  28368 6693508    0    0     0 131688 47229 87943  3  4 92  1  0
 7  0      0 55783856  28396 7067080    0    0     4 184592 55148 89323  3  5 91  1  0
 6  0      0 55877436  28516 6963076    0    0     8 155600 53100 86221  3  5 92  1  0
 5  0      0 55595832  28544 7247348    0    0     0 131660 46588 86148  3  5 92  1  0
 4  0      0 56426332  28584 6407600    0    0     0 131672 45051 81874  2  5 92  1  0
 7  2      0 56134900  28616 6713848    0    0     4 131680 45555 82524  3  5 92  0  0
 2  2      0 56198740  28636 6646636    0    0     0 65868 45413 84305  3  5 92  0  0
 5  0      0 55944768  28676 6904544    0    0     0 131828 46079 86066  3  4 92  1  0
 2  0      0 56267356  28716 6572204    0    0     0 131684 44855 82845  3  4 93  0  0
 3  0      0 56174828  28716 6671256    0    0     0     0 43328 80504  1  3 96  0  0
 6  0      0 56052904  28748 6794572    0    0     0 253848 43725 78715  1  3 95  0  0
 4  1      0 56211876  28772 6620692    0    0     0 169260 45578 83269  2  5 92  1  0
 3  0      0 55891420  28888 6936936    0    0     4 205800 58330 88468  3  5 92  1  0
 4  2      0 55602656  28912 7224376    0    0     0 132176 45395 84641  2  5 92  1  0
procs -----------memory---------- ---swap-- -----io---- -system-- ------cpu-----
 r  b   swpd   free   buff  cache   si   so    bi    bo   in   cs us sy id wa st
 3  0      0 55367788  28952 7458876    0    0     0 160256 43781 81285  3  5 92  1  0
 6  1      0 55090928  28980 7728580    0    0     0 132180 43826 78380  3  5 92  0  0
 6  0      0 54818148  29008 8000932    0    0     0 132184 44458 81549  3  5 92  0  0
 3  0      0 54534008  29060 8281748    0    0     0 145912 47411 89720  2  5 92  1  0
 4  0      0 54877308  29096 7926484    0    0     0 122480 47253 87564  3  5 92  1  0
 2  0      0 55646912  29112 7162264    0    0     0 65888 46975 86926  2  5 92  1  0
 5  0      0 56196936  29148 6603096    0    0     0 120828 47900 87238  3  5 92  1  0
 4  0      0 55857340  29160 6949144    0    0     0 65856 47077 86768  3  5 91  1  0
 6  0      0 55576132  29264 7228504    0    0     0 205588 60243 91439  3  5 91  1  0
 2  0      0 55279172  29300 7526608    0    0     0 112360 47461 89133  3  5 92  1  0
 4  1      0 54978224  29328 7827828    0    0     0 131636 46496 87117  3  5 92  1  0
 4  0      0 55434760  29364 7359284    0    0     0 115416 46338 84640  3  5 92  1  0
 4  0      0 55170616  29396 7633340    0    0     0 253864 43638 78080  2  4 94  0  0
 2  1      0 56119472  29432 6681216    0    0     0 170364 45218 81736  2  4 94  1  0
 2  1      0 56017180  29432 6787332    0    0     0     0 47377 89002  1  2 96  0  0
 2  1      0 55913624  29432 6896648    0    0     0     0 47984 90557  2  3 95  0  0
 4  0      0 55815108  29432 6999596    0    0     0     0 46502 87760  1  2 96  0  0
 1  1      0 55721868  29460 7097900    0    0     4   132 45153 84471  1  3 96  0  0
 3  1      0 55616832  29540 7203176    0    0     8 136652 62835 85108  1  3 95  1  0
 4  0      0 55501196  29540 7298896    0    0     0     0 45960 82843  2  3 95  0  0
 4  1      0 55418568  29540 7392268    0    0     0     0 43779 80872  1  3 96  0  0
procs -----------memory---------- ---swap-- -----io---- -system-- ------cpu-----
 r  b   swpd   free   buff  cache   si   so    bi    bo   in   cs us sy id wa st
 2  1      0 55321828  29540 7487040    0    0     0     0 44336 81235  2  3 95  0  0
 1  0      0 55233124  29540 7581756    0    0     0     0 43659 81282  1  3 96  0  0
 3  0      0 55139140  29560 7677408    0    0     0   404 44387 82878  1  3 96  0  0
 4  0      0 55040108  29564 7769440    0    0     4     0 42599 77150  2  3 95  0  0
 7  0      0 54746332  29580 8067908    0    0     0 253788 42031 72694  2  4 93  1  0
 4  1      0 55063168  29620 7737424    0    0     0 235592 44051 79283  2  5 92  1  0
 7  0      0 54779948  29644 8016328    0    0     0 132172 43981 80033  3  4 92  1  0
 4  0      0 54510568  29772 8283384    0    0    12 205792 56351 81379  3  5 92  1  0
 3  1      0 54240448  29804 8553040    0    0     0 156700 47751 90143  2  5 92  0  0
 3  1      0 53978540  29828 8817920    0    0     0 132180 44130 82138  2  5 93  0  0
 2  0      0 54331656  29872 8445364    0    0     0 139628 44909 80685  2  5 92  0  0
 5  0      0 55117624  29884 7656832    0    0     0 65876 50316 93855  3  5 91  1  0
 6  0      0 54861888  29920 7929240    0    0     0 131708 48391 90501  3  5 92  1  0
 5  1      0 54510784  29948 8279276    0    0     0 131628 49196 93310  3  5 92  1  0
 6  1      0 54234068  29972 8553552    0    0     0 65876 49780 95446  3  4 92  1  0
 6  1      0 54553516  30008 8224980    0    0     0 105896 48185 90638  2  5 92  1  0
 6  0      0 54322592  30128 8466296    0    0     8 205320 57161 88847  3  5 92  1  0
 4  0      0 55110156  30160 7674428    0    0     0 88840 45994 84733  2  5 92  1  0
 2  1      0 54799584  30176 7998392    0    0     0 131772 48603 92438  3  5 92  1  0
 3  0      0 54513824  30236 8279340    0    0     0 319700 48324 89980  3  5 91  1  0
 5  0      0 54634204  30288 8165568    0    0     0 301188 47668 84953  3  7 89  1  0
procs -----------memory---------- ---swap-- -----io---- -system-- ------cpu-----
 r  b   swpd   free   buff  cache   si   so    bi    bo   in   cs us sy id wa st
 2  0      0 54547672  30312 8248068    0    0     0 25928 47174 88158  1  3 95  1  0
 4  0      0 54440592  30312 8353792    0    0     0     0 47380 89564  1  3 96  0  0
 3  0      0 54335524  30312 8459156    0    0     0     0 46697 88041  1  3 96  0  0
 2  0      0 54240268  30312 8555768    0    0     0     0 45029 83949  1  3 96  0  0
 3  0      0 54148044  30312 8649032    0    0     0     0 44001 81371  1  3 96  0  0
 3  0      0 54049544  30412 8745776    0    0     8 73588 53160 81349  2  3 95  0  0
 1  0      0 53952316  30412 8835116    0    0     0     0 43402 78328  2  3 95  0  0
 5  0      0 53886996  30424 8923924    0    0     4 63460 42895 76968  2  3 95  0  0
 3  0      0 53810920  30424 9011848    0    0     0     0 42284 75800  1  3 96  0  0
 2  0      0 53724036  30424 9097108    0    0     0     0 42251 76207  2  3 95  0  0
 2  1      0 53637600  30432 9188160    0    0     0    36 41880 76569  2  3 95  0  0
 4  0      0 53554188  30432 9273320    0    0     0     0 41044 74490  2  2 96  0  0
 3  1      0 53137200  30468 9686580    0    0     0 254416 40932 71783  2  5 93  1  0
 3  1      0 54273616  30508 8546412    0    0     0 236024 44852 80318  2  5 92  1  0
 4  0      0 53978164  30536 8841564    0    0     0 132180 44572 81766  3  5 92  1  0
 1  1      0 53730080  30568 9086976    0    0     0 196700 42766 76578  2  5 92  1  0
 3  1      0 53449512  30700 9336176    0    0     8 205788 55081 78334  3  5 91  1  0
 7  0      0 53268248  30728 9514472    0    0     0 132244 43679 76532  3  5 91  0  0
