Linux 5.15.0 (noslab-gpu) 	11/20/2025 	_x86_64_	(40 CPU)

Device            r/s     rkB/s   rrqm/s  %rrqm r_await rareq-sz     w/s     wkB/s   wrqm/s  %wrqm w_await wareq-sz     d/s     dkB/s   drqm/s  %drqm d_await dareq-sz  aqu-sz  %util
nvme0n1        639.07  10270.78     0.00   0.00    0.21    16.07  812.73  32653.32     8.19   1.00    4.67    40.18    0.08 172882.29     0.00   0.00    1.24 2091568.70    3.93   2.66


Device            r/s     rkB/s   rrqm/s  %rrqm r_await rareq-sz     w/s     wkB/s   wrqm/s  %wrqm w_await wareq-sz     d/s     dkB/s   drqm/s  %drqm d_await dareq-sz  aqu-sz  %util
nvme0n1          0.00      0.00     0.00   0.00    0.00     0.00    0.00      0.00     0.00   0.00    0.00     0.00    0.00      0.00     0.00   0.00    0.00     0.00    0.00   0.00


Device            r/s     rkB/s   rrqm/s  %rrqm r_await rareq-sz     w/s     wkB/s   wrqm/s  %wrqm w_await wareq-sz     d/s     dkB/s   drqm/s  %drqm d_await dareq-sz  aqu-sz  %util
nvme0n1         34.00    144.00     2.00   5.56    7.35     4.24    0.00      0.00     0.00   0.00    0.00     0.00    0.00      0.00     0.00   0.00    0.00     0.00    0.25   2.40


Device            r/s     rkB/s   rrqm/s  %rrqm r_await rareq-sz     w/s     wkB/s   wrqm/s  %wrqm w_await wareq-sz     d/s     dkB/s   drqm/s  %drqm d_await dareq-sz  aqu-sz  %util
nvme0n1          0.00      0.00     0.00   0.00    0.00     0.00    0.00      0.00     0.00   0.00    0.00     0.00    0.00      0.00     0.00   0.00    0.00     0.00    0.00   0.00


Device            r/s     rkB/s   rrqm/s  %rrqm r_await rareq-sz     w/s     wkB/s   wrqm/s  %wrqm w_await wareq-sz     d/s     dkB/s   drqm/s  %drqm d_await dareq-sz  aqu-sz  %util
nvme0n1          0.00      0.00     0.00   0.00    0.00     0.00    0.00      0.00     0.00   0.00    0.00     0.00    0.00      0.00     0.00   0.00    0.00     0.00    0.00   0.00


Device            r/s     rkB/s   rrqm/s  %rrqm r_await rareq-sz     w/s     wkB/s   wrqm/s  %wrqm w_await wareq-sz     d/s     dkB/s   drqm/s  %drqm d_await dareq-sz  aqu-sz  %util
nvme0n1          0.00      0.00     0.00   0.00    0.00     0.00 96304.00 405500.00     0.00   0.00    0.06     4.21    0.00      0.00     0.00   0.00    0.00     0.00    5.39  41.20


Device            r/s     rkB/s   rrqm/s  %rrqm r_await rareq-sz     w/s     wkB/s   wrqm/s  %wrqm w_await wareq-sz     d/s     dkB/s   drqm/s  %drqm d_await dareq-sz  aqu-sz  %util
nvme0n1          0.00      0.00     0.00   0.00    0.00     0.00 311373.00 1326500.00     0.00   0.00    0.05     4.26    0.00      0.00     0.00   0.00    0.00     0.00   14.69 100.00


Device            r/s     rkB/s   rrqm/s  %rrqm r_await rareq-sz     w/s     wkB/s   wrqm/s  %wrqm w_await wareq-sz     d/s     dkB/s   drqm/s  %drqm d_await dareq-sz  aqu-sz  %util
nvme0n1          1.00      4.00     0.00   0.00    0.00     4.00 311666.00 1349936.00     3.00   0.00    0.05     4.33    0.00      0.00     0.00   0.00    0.00     0.00   14.87 100.00


Device            r/s     rkB/s   rrqm/s  %rrqm r_await rareq-sz     w/s     wkB/s   wrqm/s  %wrqm w_await wareq-sz     d/s     dkB/s   drqm/s  %drqm d_await dareq-sz  aqu-sz  %util
nvme0n1          0.00      0.00     0.00   0.00    0.00     0.00 302488.00 1331928.00     0.00   0.00    0.09     4.40    0.00      0.00     0.00   0.00    0.00     0.00   26.42 100.00


Device            r/s     rkB/s   rrqm/s  %rrqm r_await rareq-sz     w/s     wkB/s   wrqm/s  %wrqm w_await wareq-sz     d/s     dkB/s   drqm/s  %drqm d_await dareq-sz  aqu-sz  %util
nvme0n1          0.00      0.00     0.00   0.00    0.00     0.00 311178.00 1393036.00     0.00   0.00    0.05     4.48    0.00      0.00     0.00   0.00    0.00     0.00   15.08 100.00


Device            r/s     rkB/s   rrqm/s  %rrqm r_await rareq-sz     w/s     wkB/s   wrqm/s  %wrqm w_await wareq-sz     d/s     dkB/s   drqm/s  %drqm d_await dareq-sz  aqu-sz  %util
nvme0n1          0.00      0.00     0.00   0.00    0.00     0.00 300629.00 1366004.00     0.00   0.00    0.09     4.54    0.00      0.00     0.00   0.00    0.00     0.00   26.51 100.00


Device            r/s     rkB/s   rrqm/s  %rrqm r_await rareq-sz     w/s     wkB/s   wrqm/s  %wrqm w_await wareq-sz     d/s     dkB/s   drqm/s  %drqm d_await dareq-sz  aqu-sz  %util
nvme0n1          0.00      0.00     0.00   0.00    0.00     0.00 307066.00 1419768.00     0.00   0.00    0.05     4.62    0.00      0.00     0.00   0.00    0.00     0.00   15.25 100.00


Device            r/s     rkB/s   rrqm/s  %rrqm r_await rareq-sz     w/s     wkB/s   wrqm/s  %wrqm w_await wareq-sz     d/s     dkB/s   drqm/s  %drqm d_await dareq-sz  aqu-sz  %util
nvme0n1          0.00      0.00     0.00   0.00    0.00     0.00 298785.00 1404260.00     3.00   0.00    0.13     4.70    0.00      0.00     0.00   0.00    0.00     0.00   38.97 100.00


Device            r/s     rkB/s   rrqm/s  %rrqm r_await rareq-sz     w/s     wkB/s   wrqm/s  %wrqm w_await wareq-sz     d/s     dkB/s   drqm/s  %drqm d_await dareq-sz  aqu-sz  %util
nvme0n1          0.00      0.00     0.00   0.00    0.00     0.00 315440.00 1509136.00     0.00   0.00    0.05     4.78    0.00      0.00     0.00   0.00    0.00     0.00   15.86 100.00


Device            r/s     rkB/s   rrqm/s  %rrqm r_await rareq-sz     w/s     wkB/s   wrqm/s  %wrqm w_await wareq-sz     d/s     dkB/s   drqm/s  %drqm d_await dareq-sz  aqu-sz  %util
nvme0n1          0.00      0.00     0.00   0.00    0.00     0.00 322770.00 1569196.00     0.00   0.00    0.12     4.86    0.00      0.00     0.00   0.00    0.00     0.00   39.51 100.00


Device            r/s     rkB/s   rrqm/s  %rrqm r_await rareq-sz     w/s     wkB/s   wrqm/s  %wrqm w_await wareq-sz     d/s     dkB/s   drqm/s  %drqm d_await dareq-sz  aqu-sz  %util
nvme0n1          0.00      0.00     0.00   0.00    0.00     0.00 326589.00 1582272.00     0.00   0.00    0.05     4.84    0.00      0.00     0.00   0.00    0.00     0.00   16.30 100.00


Device            r/s     rkB/s   rrqm/s  %rrqm r_await rareq-sz     w/s     wkB/s   wrqm/s  %wrqm w_await wareq-sz     d/s     dkB/s   drqm/s  %drqm d_await dareq-sz  aqu-sz  %util
nvme0n1          0.00      0.00     0.00   0.00    0.00     0.00 322152.00 1497148.00     0.00   0.00    0.12     4.65    0.00      0.00     0.00   0.00    0.00     0.00   39.03 100.00


Device            r/s     rkB/s   rrqm/s  %rrqm r_await rareq-sz     w/s     wkB/s   wrqm/s  %wrqm w_await wareq-sz     d/s     dkB/s   drqm/s  %drqm d_await dareq-sz  aqu-sz  %util
nvme0n1          0.00      0.00     0.00   0.00    0.00     0.00 334770.00 1593988.00     3.00   0.00    0.05     4.76    0.00      0.00     0.00   0.00    0.00     0.00   16.44 100.00


Device            r/s     rkB/s   rrqm/s  %rrqm r_await rareq-sz     w/s     wkB/s   wrqm/s  %wrqm w_await wareq-sz     d/s     dkB/s   drqm/s  %drqm d_await dareq-sz  aqu-sz  %util
nvme0n1          0.00      0.00     0.00   0.00    0.00     0.00 325845.00 1557664.00     0.00   0.00    0.12     4.78    0.00      0.00     0.00   0.00    0.00     0.00   39.48 100.00


Device            r/s     rkB/s   rrqm/s  %rrqm r_await rareq-sz     w/s     wkB/s   wrqm/s  %wrqm w_await wareq-sz     d/s     dkB/s   drqm/s  %drqm d_await dareq-sz  aqu-sz  %util
nvme0n1          0.00      0.00     0.00   0.00    0.00     0.00 333332.00 1599256.00     0.00   0.00    0.05     4.80    0.00      0.00     0.00   0.00    0.00     0.00   16.40 100.00


Device            r/s     rkB/s   rrqm/s  %rrqm r_await rareq-sz     w/s     wkB/s   wrqm/s  %wrqm w_await wareq-sz     d/s     dkB/s   drqm/s  %drqm d_await dareq-sz  aqu-sz  %util
nvme0n1          0.00      0.00     0.00   0.00    0.00     0.00 344092.00 1645040.00     0.00   0.00    0.12     4.78    0.00      0.00     0.00   0.00    0.00     0.00   40.35 100.00


Device            r/s     rkB/s   rrqm/s  %rrqm r_await rareq-sz     w/s     wkB/s   wrqm/s  %wrqm w_await wareq-sz     d/s     dkB/s   drqm/s  %drqm d_await dareq-sz  aqu-sz  %util
nvme0n1          0.00      0.00     0.00   0.00    0.00     0.00 337042.00 1617808.00     0.00   0.00    0.05     4.80    0.00      0.00     0.00   0.00    0.00     0.00   16.58 100.00


Device            r/s     rkB/s   rrqm/s  %rrqm r_await rareq-sz     w/s     wkB/s   wrqm/s  %wrqm w_await wareq-sz     d/s     dkB/s   drqm/s  %drqm d_await dareq-sz  aqu-sz  %util
nvme0n1          0.00      0.00     0.00   0.00    0.00     0.00 300789.00 1449252.00     3.00   0.00    0.13     4.82    0.00      0.00     0.00   0.00    0.00     0.00   38.50 100.00


Device            r/s     rkB/s   rrqm/s  %rrqm r_await rareq-sz     w/s     wkB/s   wrqm/s  %wrqm w_await wareq-sz     d/s     dkB/s   drqm/s  %drqm d_await dareq-sz  aqu-sz  %util
nvme0n1          0.00      0.00     0.00   0.00    0.00     0.00 312658.00 1514812.00     0.00   0.00    0.05     4.84    0.00      0.00     0.00   0.00    0.00     0.00   15.88 100.00


Device            r/s     rkB/s   rrqm/s  %rrqm r_await rareq-sz     w/s     wkB/s   wrqm/s  %wrqm w_await wareq-sz     d/s     dkB/s   drqm/s  %drqm d_await dareq-sz  aqu-sz  %util
nvme0n1          0.00      0.00     0.00   0.00    0.00     0.00 310814.00 1515476.00     0.00   0.00    0.05     4.88    0.00      0.00     0.00   0.00    0.00     0.00   15.92 100.00


Device            r/s     rkB/s   rrqm/s  %rrqm r_await rareq-sz     w/s     wkB/s   wrqm/s  %wrqm w_await wareq-sz     d/s     dkB/s   drqm/s  %drqm d_await dareq-sz  aqu-sz  %util
nvme0n1          0.00      0.00     0.00   0.00    0.00     0.00 308156.00 1505576.00     0.00   0.00    0.13     4.89    0.00      0.00     0.00   0.00    0.00     0.00   39.53 100.00


Device            r/s     rkB/s   rrqm/s  %rrqm r_await rareq-sz     w/s     wkB/s   wrqm/s  %wrqm w_await wareq-sz     d/s     dkB/s   drqm/s  %drqm d_await dareq-sz  aqu-sz  %util
nvme0n1          0.00      0.00     0.00   0.00    0.00     0.00 318512.00 1535928.00     0.00   0.00    0.05     4.82    0.00      0.00     0.00   0.00    0.00     0.00   16.02 100.00


Device            r/s     rkB/s   rrqm/s  %rrqm r_await rareq-sz     w/s     wkB/s   wrqm/s  %wrqm w_await wareq-sz     d/s     dkB/s   drqm/s  %drqm d_await dareq-sz  aqu-sz  %util
nvme0n1          0.00      0.00     0.00   0.00    0.00     0.00 311636.00 1506428.00     3.00   0.00    0.12     4.83    0.00      0.00     0.00   0.00    0.00     0.00   38.84 100.00


Device            r/s     rkB/s   rrqm/s  %rrqm r_await rareq-sz     w/s     wkB/s   wrqm/s  %wrqm w_await wareq-sz     d/s     dkB/s   drqm/s  %drqm d_await dareq-sz  aqu-sz  %util
nvme0n1          0.00      0.00     0.00   0.00    0.00     0.00 334064.00 1569720.00     0.00   0.00    0.05     4.70    0.00      0.00     0.00   0.00    0.00     0.00   16.25 100.00


Device            r/s     rkB/s   rrqm/s  %rrqm r_await rareq-sz     w/s     wkB/s   wrqm/s  %wrqm w_await wareq-sz     d/s     dkB/s   drqm/s  %drqm d_await dareq-sz  aqu-sz  %util
nvme0n1          0.00      0.00     0.00   0.00    0.00     0.00 324530.00 1526292.00     0.00   0.00    0.12     4.70    0.00      0.00     0.00   0.00    0.00     0.00   39.05 100.00


Device            r/s     rkB/s   rrqm/s  %rrqm r_await rareq-sz     w/s     wkB/s   wrqm/s  %wrqm w_await wareq-sz     d/s     dkB/s   drqm/s  %drqm d_await dareq-sz  aqu-sz  %util
nvme0n1          0.00      0.00     0.00   0.00    0.00     0.00 321697.00 1530524.00     0.00   0.00    0.05     4.76    0.00      0.00     0.00   0.00    0.00     0.00   16.02 100.00


Device            r/s     rkB/s   rrqm/s  %rrqm r_await rareq-sz     w/s     wkB/s   wrqm/s  %wrqm w_await wareq-sz     d/s     dkB/s   drqm/s  %drqm d_await dareq-sz  aqu-sz  %util
nvme0n1          0.00      0.00     0.00   0.00    0.00     0.00 300965.00 1455052.00     0.00   0.00    0.13     4.83    0.00      0.00     0.00   0.00    0.00     0.00   38.82 100.00


Device            r/s     rkB/s   rrqm/s  %rrqm r_await rareq-sz     w/s     wkB/s   wrqm/s  %wrqm w_await wareq-sz     d/s     dkB/s   drqm/s  %drqm d_await dareq-sz  aqu-sz  %util
nvme0n1          0.00      0.00     0.00   0.00    0.00     0.00 324146.00 1566480.00     3.00   0.00    0.05     4.83    0.00      0.00     0.00   0.00    0.00     0.00   16.24 100.00


Device            r/s     rkB/s   rrqm/s  %rrqm r_await rareq-sz     w/s     wkB/s   wrqm/s  %wrqm w_await wareq-sz     d/s     dkB/s   drqm/s  %drqm d_await dareq-sz  aqu-sz  %util
nvme0n1          0.00      0.00     0.00   0.00    0.00     0.00 321106.00 1534900.00     0.00   0.00    0.13     4.78    0.00      0.00     0.00   0.00    0.00     0.00   41.18 100.00


Device            r/s     rkB/s   rrqm/s  %rrqm r_await rareq-sz     w/s     wkB/s   wrqm/s  %wrqm w_await wareq-sz     d/s     dkB/s   drqm/s  %drqm d_await dareq-sz  aqu-sz  %util
nvme0n1          0.00      0.00     0.00   0.00    0.00     0.00 308080.00 1473780.00     0.00   0.00    0.05     4.78    0.00      0.00     0.00   0.00    0.00     0.00   15.61 100.00


Device            r/s     rkB/s   rrqm/s  %rrqm r_await rareq-sz     w/s     wkB/s   wrqm/s  %wrqm w_await wareq-sz     d/s     dkB/s   drqm/s  %drqm d_await dareq-sz  aqu-sz  %util
nvme0n1          0.00      0.00     0.00   0.00    0.00     0.00 309262.00 1499012.00     0.00   0.00    0.13     4.85    0.00      0.00     0.00   0.00    0.00     0.00   39.15 100.00


Device            r/s     rkB/s   rrqm/s  %rrqm r_await rareq-sz     w/s     wkB/s   wrqm/s  %wrqm w_await wareq-sz     d/s     dkB/s   drqm/s  %drqm d_await dareq-sz  aqu-sz  %util
nvme0n1          0.00      0.00     0.00   0.00    0.00     0.00 319263.00 1543076.00     0.00   0.00    0.05     4.83    0.00      0.00     0.00   0.00    0.00     0.00   16.06 100.00


Device            r/s     rkB/s   rrqm/s  %rrqm r_await rareq-sz     w/s     wkB/s   wrqm/s  %wrqm w_await wareq-sz     d/s     dkB/s   drqm/s  %drqm d_await dareq-sz  aqu-sz  %util
nvme0n1          0.00      0.00     0.00   0.00    0.00     0.00 317790.00 1541316.00     3.00   0.00    0.14     4.85    0.00      0.00     0.00   0.00    0.00     0.00   43.65 100.00


Device            r/s     rkB/s   rrqm/s  %rrqm r_await rareq-sz     w/s     wkB/s   wrqm/s  %wrqm w_await wareq-sz     d/s     dkB/s   drqm/s  %drqm d_await dareq-sz  aqu-sz  %util
nvme0n1          0.00      0.00     0.00   0.00    0.00     0.00 306512.00 1485236.00     0.00   0.00    0.05     4.85    0.00      0.00     0.00   0.00    0.00     0.00   15.72 100.00


Device            r/s     rkB/s   rrqm/s  %rrqm r_await rareq-sz     w/s     wkB/s   wrqm/s  %wrqm w_await wareq-sz     d/s     dkB/s   drqm/s  %drqm d_await dareq-sz  aqu-sz  %util
nvme0n1          0.00      0.00     0.00   0.00    0.00     0.00 307587.00 1469596.00     0.00   0.00    0.13     4.78    0.00      0.00     0.00   0.00    0.00     0.00   39.05 100.00


Device            r/s     rkB/s   rrqm/s  %rrqm r_await rareq-sz     w/s     wkB/s   wrqm/s  %wrqm w_await wareq-sz     d/s     dkB/s   drqm/s  %drqm d_await dareq-sz  aqu-sz  %util
nvme0n1          0.00      0.00     0.00   0.00    0.00     0.00 319967.00 1528376.00     0.00   0.00    0.05     4.78    0.00      0.00     0.00   0.00    0.00     0.00   15.98 100.00


Device            r/s     rkB/s   rrqm/s  %rrqm r_await rareq-sz     w/s     wkB/s   wrqm/s  %wrqm w_await wareq-sz     d/s     dkB/s   drqm/s  %drqm d_await dareq-sz  aqu-sz  %util
nvme0n1          0.00      0.00     0.00   0.00    0.00     0.00 314669.00 1505004.00     0.00   0.00    0.12     4.78    0.00      0.00     0.00   0.00    0.00     0.00   39.14 100.00


Device            r/s     rkB/s   rrqm/s  %rrqm r_await rareq-sz     w/s     wkB/s   wrqm/s  %wrqm w_await wareq-sz     d/s     dkB/s   drqm/s  %drqm d_await dareq-sz  aqu-sz  %util
nvme0n1          0.00      0.00     0.00   0.00    0.00     0.00 329701.00 1561132.00     3.00   0.00    0.05     4.73    0.00      0.00     0.00   0.00    0.00     0.00   16.23 100.00


Device            r/s     rkB/s   rrqm/s  %rrqm r_await rareq-sz     w/s     wkB/s   wrqm/s  %wrqm w_await wareq-sz     d/s     dkB/s   drqm/s  %drqm d_await dareq-sz  aqu-sz  %util
nvme0n1          0.00      0.00     0.00   0.00    0.00     0.00 342087.00 1607604.00     0.00   0.00    0.12     4.70    0.00      0.00     0.00   0.00    0.00     0.00   39.95 100.00


Device            r/s     rkB/s   rrqm/s  %rrqm r_await rareq-sz     w/s     wkB/s   wrqm/s  %wrqm w_await wareq-sz     d/s     dkB/s   drqm/s  %drqm d_await dareq-sz  aqu-sz  %util
nvme0n1          0.00      0.00     0.00   0.00    0.00     0.00 307144.00 1471884.00     0.00   0.00    0.05     4.79    0.00      0.00     0.00   0.00    0.00     0.00   15.62 100.00


Device            r/s     rkB/s   rrqm/s  %rrqm r_await rareq-sz     w/s     wkB/s   wrqm/s  %wrqm w_await wareq-sz     d/s     dkB/s   drqm/s  %drqm d_await dareq-sz  aqu-sz  %util
nvme0n1          0.00      0.00     0.00   0.00    0.00     0.00 296349.00 1426972.00     0.00   0.00    0.13     4.82    0.00      0.00     0.00   0.00    0.00     0.00   38.47 100.00


Device            r/s     rkB/s   rrqm/s  %rrqm r_await rareq-sz     w/s     wkB/s   wrqm/s  %wrqm w_await wareq-sz     d/s     dkB/s   drqm/s  %drqm d_await dareq-sz  aqu-sz  %util
nvme0n1          0.00      0.00     0.00   0.00    0.00     0.00 306672.00 1473388.00     0.00   0.00    0.05     4.80    0.00      0.00     0.00   0.00    0.00     0.00   15.59 100.00


Device            r/s     rkB/s   rrqm/s  %rrqm r_await rareq-sz     w/s     wkB/s   wrqm/s  %wrqm w_await wareq-sz     d/s     dkB/s   drqm/s  %drqm d_await dareq-sz  aqu-sz  %util
nvme0n1          0.00      0.00     0.00   0.00    0.00     0.00 319673.00 1531304.00     3.00   0.00    0.05     4.79    0.00      0.00     0.00   0.00    0.00     0.00   15.99 100.00


Device            r/s     rkB/s   rrqm/s  %rrqm r_await rareq-sz     w/s     wkB/s   wrqm/s  %wrqm w_await wareq-sz     d/s     dkB/s   drqm/s  %drqm d_await dareq-sz  aqu-sz  %util
nvme0n1          0.00      0.00     0.00   0.00    0.00     0.00 340390.00 1628332.00     0.00   0.00    0.12     4.78    0.00      0.00     0.00   0.00    0.00     0.00   39.76 100.00


Device            r/s     rkB/s   rrqm/s  %rrqm r_await rareq-sz     w/s     wkB/s   wrqm/s  %wrqm w_await wareq-sz     d/s     dkB/s   drqm/s  %drqm d_await dareq-sz  aqu-sz  %util
nvme0n1          0.00      0.00     0.00   0.00    0.00     0.00 319173.00 1528892.00     0.00   0.00    0.05     4.79    0.00      0.00     0.00   0.00    0.00     0.00   16.00 100.00


Device            r/s     rkB/s   rrqm/s  %rrqm r_await rareq-sz     w/s     wkB/s   wrqm/s  %wrqm w_await wareq-sz     d/s     dkB/s   drqm/s  %drqm d_await dareq-sz  aqu-sz  %util
nvme0n1          0.00      0.00     0.00   0.00    0.00     0.00 297567.00 1421084.00     0.00   0.00    0.13     4.78    0.00      0.00     0.00   0.00    0.00     0.00   38.35 100.00


Device            r/s     rkB/s   rrqm/s  %rrqm r_await rareq-sz     w/s     wkB/s   wrqm/s  %wrqm w_await wareq-sz     d/s     dkB/s   drqm/s  %drqm d_await dareq-sz  aqu-sz  %util
nvme0n1          0.00      0.00     0.00   0.00    0.00     0.00 315408.00 1509544.00     0.00   0.00    0.05     4.79    0.00      0.00     0.00   0.00    0.00     0.00   15.88 100.00


Device            r/s     rkB/s   rrqm/s  %rrqm r_await rareq-sz     w/s     wkB/s   wrqm/s  %wrqm w_await wareq-sz     d/s     dkB/s   drqm/s  %drqm d_await dareq-sz  aqu-sz  %util
nvme0n1          0.00      0.00     0.00   0.00    0.00     0.00 315209.00 1507196.00     3.00   0.00    0.13     4.78    0.00      0.00     0.00   0.00    0.00     0.00   39.43 100.00


Device            r/s     rkB/s   rrqm/s  %rrqm r_await rareq-sz     w/s     wkB/s   wrqm/s  %wrqm w_await wareq-sz     d/s     dkB/s   drqm/s  %drqm d_await dareq-sz  aqu-sz  %util
nvme0n1          0.00      0.00     0.00   0.00    0.00     0.00 309841.00 1483752.00     0.00   0.00    0.05     4.79    0.00      0.00     0.00   0.00    0.00     0.00   16.16 100.00


Device            r/s     rkB/s   rrqm/s  %rrqm r_await rareq-sz     w/s     wkB/s   wrqm/s  %wrqm w_await wareq-sz     d/s     dkB/s   drqm/s  %drqm d_await dareq-sz  aqu-sz  %util
nvme0n1          0.00      0.00     0.00   0.00    0.00     0.00 312746.00 1484128.00     0.00   0.00    0.12     4.75    0.00      0.00     0.00   0.00    0.00     0.00   39.03 100.00


Device            r/s     rkB/s   rrqm/s  %rrqm r_await rareq-sz     w/s     wkB/s   wrqm/s  %wrqm w_await wareq-sz     d/s     dkB/s   drqm/s  %drqm d_await dareq-sz  aqu-sz  %util
nvme0n1          0.00      0.00     0.00   0.00    0.00     0.00 322272.00 1529080.00     0.00   0.00    0.05     4.74    0.00      0.00     0.00   0.00    0.00     0.00   16.03 100.00


Device            r/s     rkB/s   rrqm/s  %rrqm r_await rareq-sz     w/s     wkB/s   wrqm/s  %wrqm w_await wareq-sz     d/s     dkB/s   drqm/s  %drqm d_await dareq-sz  aqu-sz  %util
nvme0n1          0.00      0.00     0.00   0.00    0.00     0.00 306444.00 1462652.00     0.00   0.00    0.13     4.77    0.00      0.00     0.00   0.00    0.00     0.00   39.02 100.00


Device            r/s     rkB/s   rrqm/s  %rrqm r_await rareq-sz     w/s     wkB/s   wrqm/s  %wrqm w_await wareq-sz     d/s     dkB/s   drqm/s  %drqm d_await dareq-sz  aqu-sz  %util
nvme0n1          0.00      0.00     0.00   0.00    0.00     0.00 356786.00 1704436.00     3.00   0.00    0.05     4.78    0.00      0.00     0.00   0.00    0.00     0.00   17.20 100.00


Device            r/s     rkB/s   rrqm/s  %rrqm r_await rareq-sz     w/s     wkB/s   wrqm/s  %wrqm w_await wareq-sz     d/s     dkB/s   drqm/s  %drqm d_await dareq-sz  aqu-sz  %util
nvme0n1          0.00      0.00     0.00   0.00    0.00     0.00 300795.00 1437844.00     0.00   0.00    0.13     4.78    0.00      0.00     0.00   0.00    0.00     0.00   38.24 100.00


Device            r/s     rkB/s   rrqm/s  %rrqm r_await rareq-sz     w/s     wkB/s   wrqm/s  %wrqm w_await wareq-sz     d/s     dkB/s   drqm/s  %drqm d_await dareq-sz  aqu-sz  %util
nvme0n1          0.00      0.00     0.00   0.00    0.00     0.00 310352.00 1480820.00     0.00   0.00    0.05     4.77    0.00      0.00     0.00   0.00    0.00     0.00   15.66 100.00


Device            r/s     rkB/s   rrqm/s  %rrqm r_await rareq-sz     w/s     wkB/s   wrqm/s  %wrqm w_await wareq-sz     d/s     dkB/s   drqm/s  %drqm d_await dareq-sz  aqu-sz  %util
nvme0n1          0.00      0.00     0.00   0.00    0.00     0.00 301674.00 1443336.00     0.00   0.00    0.14     4.78    0.00      0.00     0.00   0.00    0.00     0.00   42.77 100.00


Device            r/s     rkB/s   rrqm/s  %rrqm r_await rareq-sz     w/s     wkB/s   wrqm/s  %wrqm w_await wareq-sz     d/s     dkB/s   drqm/s  %drqm d_await dareq-sz  aqu-sz  %util
nvme0n1          0.00      0.00     0.00   0.00    0.00     0.00 319976.00 1526716.00     0.00   0.00    0.05     4.77    0.00      0.00     0.00   0.00    0.00     0.00   15.98 100.00


Device            r/s     rkB/s   rrqm/s  %rrqm r_await rareq-sz     w/s     wkB/s   wrqm/s  %wrqm w_await wareq-sz     d/s     dkB/s   drqm/s  %drqm d_await dareq-sz  aqu-sz  %util
nvme0n1          0.00      0.00     0.00   0.00    0.00     0.00 361584.00 1672808.00     6.00   0.00    0.31     4.63    0.00      0.00     0.00   0.00    0.00     0.00  112.80 100.00

