read: (g=0): rw=read, bs=(R) 128KiB-128KiB, (W) 128KiB-128KiB, (T) 128KiB-128KiB, ioengine=psync, iodepth=1
...
fio-3.16
Starting 4 processes

read: (groupid=0, jobs=4): err= 0: pid=330739: Mon Oct 13 19:44:26 2025
  read: IOPS=19.3k, BW=2415MiB/s (2532MB/s)(512MiB/212msec)
    clat (usec): min=3, max=5152, avg=198.09, stdev=360.51
     lat (usec): min=3, max=5152, avg=198.11, stdev=360.51
    clat percentiles (usec):
     |  1.00th=[    4],  5.00th=[    4], 10.00th=[    4], 20.00th=[    5],
     | 30.00th=[    5], 40.00th=[    5], 50.00th=[   13], 60.00th=[  127],
     | 70.00th=[  277], 80.00th=[  351], 90.00th=[  441], 95.00th=[  717],
     | 99.00th=[ 1958], 99.50th=[ 2376], 99.90th=[ 3228], 99.95th=[ 3425],
     | 99.99th=[ 5145]
  lat (usec)   : 4=17.75%, 10=32.23%, 20=0.02%, 50=1.61%, 100=5.52%
  lat (usec)   : 250=10.52%, 500=25.46%, 750=2.00%, 1000=1.61%
  lat (msec)   : 2=2.37%, 4=0.88%, 10=0.02%
  cpu          : usr=0.36%, sys=12.50%, ctx=1991, majf=0, minf=166
  IO depths    : 1=100.0%, 2=0.0%, 4=0.0%, 8=0.0%, 16=0.0%, 32=0.0%, >=64=0.0%
     submit    : 0=0.0%, 4=100.0%, 8=0.0%, 16=0.0%, 32=0.0%, 64=0.0%, >=64=0.0%
     complete  : 0=0.0%, 4=100.0%, 8=0.0%, 16=0.0%, 32=0.0%, 64=0.0%, >=64=0.0%
     issued rwts: total=4096,0,0,0 short=0,0,0,0 dropped=0,0,0,0
     latency   : target=0, window=0, percentile=100.00%, depth=1

Run status group 0 (all jobs):
   READ: bw=2415MiB/s (2532MB/s), 2415MiB/s-2415MiB/s (2532MB/s-2532MB/s), io=512MiB (537MB), run=212-212msec
