write: (g=0): rw=write, bs=(R) 4096B-4096B, (W) 4096B-4096B, (T) 4096B-4096B, ioengine=psync, iodepth=1
...
fio-3.16
Starting 3 processes

write: (groupid=0, jobs=3): err= 0: pid=165390: Mon Oct 13 14:10:35 2025
  write: IOPS=13.5k, BW=52.7MiB/s (55.3MB/s)(384MiB/7280msec); 0 zone resets
    clat (usec): min=5, max=2546, avg=220.20, stdev=42.64
     lat (usec): min=5, max=2546, avg=220.23, stdev=42.64
    clat percentiles (usec):
     |  1.00th=[  163],  5.00th=[  178], 10.00th=[  186], 20.00th=[  194],
     | 30.00th=[  200], 40.00th=[  206], 50.00th=[  215], 60.00th=[  221],
     | 70.00th=[  229], 80.00th=[  239], 90.00th=[  265], 95.00th=[  306],
     | 99.00th=[  355], 99.50th=[  375], 99.90th=[  465], 99.95th=[  494],
     | 99.99th=[  562]
   bw (  KiB/s): min=50544, max=57632, per=100.00%, avg=54307.29, stdev=714.87, samples=42
   iops        : min=12636, max=14408, avg=13576.71, stdev=178.68, samples=42
  lat (usec)   : 10=0.06%, 20=0.27%, 50=0.12%, 100=0.08%, 250=85.43%
  lat (usec)   : 500=14.00%, 750=0.03%
  lat (msec)   : 2=0.01%, 4=0.01%
  cpu          : usr=0.22%, sys=43.79%, ctx=29998672, majf=0, minf=30
  IO depths    : 1=100.0%, 2=0.0%, 4=0.0%, 8=0.0%, 16=0.0%, 32=0.0%, >=64=0.0%
     submit    : 0=0.0%, 4=100.0%, 8=0.0%, 16=0.0%, 32=0.0%, 64=0.0%, >=64=0.0%
     complete  : 0=0.0%, 4=100.0%, 8=0.0%, 16=0.0%, 32=0.0%, 64=0.0%, >=64=0.0%
     issued rwts: total=0,98304,0,3 short=0,0,0,0 dropped=0,0,0,0
     latency   : target=0, window=0, percentile=100.00%, depth=1

Run status group 0 (all jobs):
  WRITE: bw=52.7MiB/s (55.3MB/s), 52.7MiB/s-52.7MiB/s (55.3MB/s-55.3MB/s), io=384MiB (403MB), run=7280-7280msec
