randread: (g=0): rw=randread, bs=(R) 128KiB-128KiB, (W) 128KiB-128KiB, (T) 128KiB-128KiB, ioengine=psync, iodepth=1
...
fio-3.16
Starting 3 processes

randread: (groupid=0, jobs=3): err= 0: pid=332835: Mon Oct 13 19:46:24 2025
  read: IOPS=18.5k, BW=2313MiB/s (2426MB/s)(384MiB/166msec)
    clat (usec): min=2, max=960, avg=155.77, stdev=124.18
     lat (usec): min=2, max=960, avg=155.79, stdev=124.18
    clat percentiles (usec):
     |  1.00th=[    9],  5.00th=[   10], 10.00th=[   11], 20.00th=[   12],
     | 30.00th=[   14], 40.00th=[  161], 50.00th=[  194], 60.00th=[  210],
     | 70.00th=[  229], 80.00th=[  247], 90.00th=[  289], 95.00th=[  334],
     | 99.00th=[  482], 99.50th=[  545], 99.90th=[  701], 99.95th=[  725],
     | 99.99th=[  963]
  lat (usec)   : 4=0.10%, 10=7.45%, 20=29.23%, 50=0.10%, 250=44.01%
  lat (usec)   : 500=18.29%, 750=0.78%, 1000=0.03%
  cpu          : usr=0.00%, sys=12.86%, ctx=1945, majf=0, minf=119
  IO depths    : 1=100.0%, 2=0.0%, 4=0.0%, 8=0.0%, 16=0.0%, 32=0.0%, >=64=0.0%
     submit    : 0=0.0%, 4=100.0%, 8=0.0%, 16=0.0%, 32=0.0%, 64=0.0%, >=64=0.0%
     complete  : 0=0.0%, 4=100.0%, 8=0.0%, 16=0.0%, 32=0.0%, 64=0.0%, >=64=0.0%
     issued rwts: total=3072,0,0,0 short=0,0,0,0 dropped=0,0,0,0
     latency   : target=0, window=0, percentile=100.00%, depth=1

Run status group 0 (all jobs):
   READ: bw=2313MiB/s (2426MB/s), 2313MiB/s-2313MiB/s (2426MB/s-2426MB/s), io=384MiB (403MB), run=166-166msec
