write: (g=0): rw=write, bs=(R) 4096B-4096B, (W) 4096B-4096B, (T) 4096B-4096B, ioengine=psync, iodepth=1
...
fio-3.16
Starting 4 processes

write: (groupid=0, jobs=4): err= 0: pid=165538: Mon Oct 13 14:10:49 2025
  write: IOPS=17.8k, BW=69.7MiB/s (73.1MB/s)(512MiB/7347msec); 0 zone resets
    clat (usec): min=4, max=8568, avg=220.04, stdev=65.44
     lat (usec): min=4, max=8568, avg=220.06, stdev=65.44
    clat percentiles (usec):
     |  1.00th=[   41],  5.00th=[  178], 10.00th=[  184], 20.00th=[  194],
     | 30.00th=[  200], 40.00th=[  206], 50.00th=[  212], 60.00th=[  219],
     | 70.00th=[  227], 80.00th=[  237], 90.00th=[  265], 95.00th=[  322],
     | 99.00th=[  379], 99.50th=[  412], 99.90th=[  465], 99.95th=[  502],
     | 99.99th=[  562]
   bw (  KiB/s): min=66880, max=76456, per=100.00%, avg=72604.07, stdev=728.78, samples=56
   iops        : min=16720, max=19114, avg=18150.86, stdev=182.17, samples=56
  lat (usec)   : 10=0.85%, 20=0.12%, 50=0.05%, 100=0.08%, 250=85.36%
  lat (usec)   : 500=13.49%, 750=0.05%, 1000=0.01%
  lat (msec)   : 10=0.01%
  cpu          : usr=0.15%, sys=44.18%, ctx=40928084, majf=0, minf=43
  IO depths    : 1=100.0%, 2=0.0%, 4=0.0%, 8=0.0%, 16=0.0%, 32=0.0%, >=64=0.0%
     submit    : 0=0.0%, 4=100.0%, 8=0.0%, 16=0.0%, 32=0.0%, 64=0.0%, >=64=0.0%
     complete  : 0=0.0%, 4=100.0%, 8=0.0%, 16=0.0%, 32=0.0%, 64=0.0%, >=64=0.0%
     issued rwts: total=0,131072,0,4 short=0,0,0,0 dropped=0,0,0,0
     latency   : target=0, window=0, percentile=100.00%, depth=1

Run status group 0 (all jobs):
  WRITE: bw=69.7MiB/s (73.1MB/s), 69.7MiB/s-69.7MiB/s (73.1MB/s-73.1MB/s), io=512MiB (537MB), run=7347-7347msec
