randread: (g=0): rw=randread, bs=(R) 4096B-4096B, (W) 4096B-4096B, (T) 4096B-4096B, ioengine=psync, iodepth=1
...
fio-3.16
Starting 4 processes

randread: (groupid=0, jobs=4): err= 0: pid=332411: Mon Oct 13 19:46:03 2025
  read: IOPS=85.9k, BW=336MiB/s (352MB/s)(512MiB/1526msec)
    clat (nsec): min=191, max=8070.3k, avg=41634.67, stdev=62141.94
     lat (nsec): min=204, max=8070.3k, avg=41653.25, stdev=62142.27
    clat percentiles (nsec):
     |  1.00th=[   450],  5.00th=[   524], 10.00th=[   572], 20.00th=[   676],
     | 30.00th=[   836], 40.00th=[  8256], 50.00th=[ 45312], 60.00th=[ 50432],
     | 70.00th=[ 57600], 80.00th=[ 69120], 90.00th=[ 91648], 95.00th=[119296],
     | 99.00th=[187392], 99.50th=[222208], 99.90th=[309248], 99.95th=[342016],
     | 99.99th=[464896]
   bw (  KiB/s): min=266840, max=349416, per=89.68%, avg=308128.00, stdev=11195.87, samples=8
   iops        : min=66710, max=87354, avg=77032.00, stdev=2798.97, samples=8
  lat (nsec)   : 250=0.01%, 500=3.55%, 750=22.00%, 1000=7.98%
  lat (usec)   : 2=2.67%, 4=0.69%, 10=3.75%, 20=2.46%, 50=15.50%
  lat (usec)   : 100=33.31%, 250=7.79%, 500=0.28%, 750=0.01%, 1000=0.01%
  lat (msec)   : 10=0.01%
  cpu          : usr=0.60%, sys=5.26%, ctx=82819, majf=0, minf=38
  IO depths    : 1=100.0%, 2=0.0%, 4=0.0%, 8=0.0%, 16=0.0%, 32=0.0%, >=64=0.0%
     submit    : 0=0.0%, 4=100.0%, 8=0.0%, 16=0.0%, 32=0.0%, 64=0.0%, >=64=0.0%
     complete  : 0=0.0%, 4=100.0%, 8=0.0%, 16=0.0%, 32=0.0%, 64=0.0%, >=64=0.0%
     issued rwts: total=131072,0,0,0 short=0,0,0,0 dropped=0,0,0,0
     latency   : target=0, window=0, percentile=100.00%, depth=1

Run status group 0 (all jobs):
   READ: bw=336MiB/s (352MB/s), 336MiB/s-336MiB/s (352MB/s-352MB/s), io=512MiB (537MB), run=1526-1526msec
