read: (g=0): rw=read, bs=(R) 128KiB-128KiB, (W) 128KiB-128KiB, (T) 128KiB-128KiB, ioengine=psync, iodepth=1
...
fio-3.16
Starting 3 processes

read: (groupid=0, jobs=3): err= 0: pid=164611: Mon Oct 13 14:09:43 2025
  read: IOPS=11.9k, BW=1488MiB/s (1561MB/s)(384MiB/258msec)
    clat (usec): min=3, max=4658, avg=245.70, stdev=411.48
     lat (usec): min=3, max=4658, avg=245.73, stdev=411.47
    clat percentiles (usec):
     |  1.00th=[    5],  5.00th=[    5], 10.00th=[    5], 20.00th=[    6],
     | 30.00th=[    6], 40.00th=[    7], 50.00th=[   16], 60.00th=[   38],
     | 70.00th=[   81], 80.00th=[  717], 90.00th=[  857], 95.00th=[  963],
     | 99.00th=[ 1237], 99.50th=[ 1303], 99.90th=[ 4080], 99.95th=[ 4621],
     | 99.99th=[ 4686]
  lat (usec)   : 4=0.16%, 10=48.99%, 20=0.85%, 50=19.04%, 100=3.26%
  lat (usec)   : 250=0.23%, 500=0.26%, 750=10.16%, 1000=13.15%
  lat (msec)   : 2=3.71%, 4=0.03%, 10=0.16%
  cpu          : usr=0.00%, sys=10.44%, ctx=953, majf=0, minf=122
  IO depths    : 1=100.0%, 2=0.0%, 4=0.0%, 8=0.0%, 16=0.0%, 32=0.0%, >=64=0.0%
     submit    : 0=0.0%, 4=100.0%, 8=0.0%, 16=0.0%, 32=0.0%, 64=0.0%, >=64=0.0%
     complete  : 0=0.0%, 4=100.0%, 8=0.0%, 16=0.0%, 32=0.0%, 64=0.0%, >=64=0.0%
     issued rwts: total=3072,0,0,0 short=0,0,0,0 dropped=0,0,0,0
     latency   : target=0, window=0, percentile=100.00%, depth=1

Run status group 0 (all jobs):
   READ: bw=1488MiB/s (1561MB/s), 1488MiB/s-1488MiB/s (1561MB/s-1561MB/s), io=384MiB (403MB), run=258-258msec
