read: (g=0): rw=read, bs=(R) 4096B-4096B, (W) 4096B-4096B, (T) 4096B-4096B, ioengine=psync, iodepth=1
...
fio-3.16
Starting 4 processes

read: (groupid=0, jobs=4): err= 0: pid=164255: Mon Oct 13 14:09:23 2025
  read: IOPS=449k, BW=1753MiB/s (1839MB/s)(512MiB/292msec)
    clat (nsec): min=178, max=7257.4k, avg=8549.60, stdev=98620.84
     lat (nsec): min=191, max=7257.4k, avg=8563.56, stdev=98620.87
    clat percentiles (nsec):
     |  1.00th=[    187],  5.00th=[    191], 10.00th=[    193],
     | 20.00th=[    201], 30.00th=[    223], 40.00th=[    247],
     | 50.00th=[    262], 60.00th=[    274], 70.00th=[    290],
     | 80.00th=[    314], 90.00th=[    370], 95.00th=[    486],
     | 99.00th=[  34048], 99.50th=[ 872448], 99.90th=[1187840],
     | 99.95th=[1351680], 99.99th=[3555328]
  lat (nsec)   : 250=42.33%, 500=52.88%, 750=3.05%, 1000=0.12%
  lat (usec)   : 2=0.04%, 4=0.01%, 10=0.01%, 50=0.73%, 100=0.02%
  lat (usec)   : 250=0.01%, 500=0.01%, 750=0.12%, 1000=0.39%
  lat (msec)   : 2=0.27%, 4=0.01%, 10=0.01%
  cpu          : usr=0.86%, sys=10.98%, ctx=1107, majf=1, minf=43
  IO depths    : 1=100.0%, 2=0.0%, 4=0.0%, 8=0.0%, 16=0.0%, 32=0.0%, >=64=0.0%
     submit    : 0=0.0%, 4=100.0%, 8=0.0%, 16=0.0%, 32=0.0%, 64=0.0%, >=64=0.0%
     complete  : 0=0.0%, 4=100.0%, 8=0.0%, 16=0.0%, 32=0.0%, 64=0.0%, >=64=0.0%
     issued rwts: total=131072,0,0,0 short=0,0,0,0 dropped=0,0,0,0
     latency   : target=0, window=0, percentile=100.00%, depth=1

Run status group 0 (all jobs):
   READ: bw=1753MiB/s (1839MB/s), 1753MiB/s-1753MiB/s (1839MB/s-1839MB/s), io=512MiB (537MB), run=292-292msec
