randread: (g=0): rw=randread, bs=(R) 4096B-4096B, (W) 4096B-4096B, (T) 4096B-4096B, ioengine=psync, iodepth=1
...
fio-3.16
Starting 2 processes

randread: (groupid=0, jobs=2): err= 0: pid=332142: Mon Oct 13 19:45:46 2025
  read: IOPS=52.5k, BW=205MiB/s (215MB/s)(256MiB/1248msec)
    clat (nsec): min=196, max=8065.6k, avg=37765.40, stdev=57944.97
     lat (nsec): min=210, max=8065.6k, avg=37780.90, stdev=57945.06
    clat percentiles (nsec):
     |  1.00th=[   458],  5.00th=[   516], 10.00th=[   564], 20.00th=[   644],
     | 30.00th=[   780], 40.00th=[  6944], 50.00th=[ 44800], 60.00th=[ 48896],
     | 70.00th=[ 54528], 80.00th=[ 63232], 90.00th=[ 80384], 95.00th=[100864],
     | 99.00th=[156672], 99.50th=[179200], 99.90th=[236544], 99.95th=[264192],
     | 99.99th=[329728]
   bw (  KiB/s): min=147936, max=201856, per=83.26%, avg=174896.00, stdev=15571.94, samples=4
   iops        : min=36984, max=50464, avg=43724.00, stdev=3892.99, samples=4
  lat (nsec)   : 250=0.01%, 500=3.50%, 750=24.97%, 1000=5.51%
  lat (usec)   : 2=2.44%, 4=0.39%, 10=4.53%, 20=2.07%, 50=19.28%
  lat (usec)   : 100=32.15%, 250=5.09%, 500=0.06%
  lat (msec)   : 10=0.01%
  cpu          : usr=0.12%, sys=5.86%, ctx=41492, majf=0, minf=17
  IO depths    : 1=100.0%, 2=0.0%, 4=0.0%, 8=0.0%, 16=0.0%, 32=0.0%, >=64=0.0%
     submit    : 0=0.0%, 4=100.0%, 8=0.0%, 16=0.0%, 32=0.0%, 64=0.0%, >=64=0.0%
     complete  : 0=0.0%, 4=100.0%, 8=0.0%, 16=0.0%, 32=0.0%, 64=0.0%, >=64=0.0%
     issued rwts: total=65536,0,0,0 short=0,0,0,0 dropped=0,0,0,0
     latency   : target=0, window=0, percentile=100.00%, depth=1

Run status group 0 (all jobs):
   READ: bw=205MiB/s (215MB/s), 205MiB/s-205MiB/s (215MB/s-215MB/s), io=256MiB (268MB), run=1248-1248msec
