randread: (g=0): rw=randread, bs=(R) 128KiB-128KiB, (W) 128KiB-128KiB, (T) 128KiB-128KiB, ioengine=psync, iodepth=1
...
fio-3.16
Starting 2 processes

randread: (groupid=0, jobs=2): err= 0: pid=167279: Mon Oct 13 14:12:29 2025
  read: IOPS=5610, BW=701MiB/s (735MB/s)(256MiB/365msec)
    clat (usec): min=6, max=4311, avg=347.44, stdev=356.21
     lat (usec): min=6, max=4311, avg=347.46, stdev=356.21
    clat percentiles (usec):
     |  1.00th=[   11],  5.00th=[   12], 10.00th=[   13], 20.00th=[   15],
     | 30.00th=[   16], 40.00th=[  314], 50.00th=[  355], 60.00th=[  416],
     | 70.00th=[  461], 80.00th=[  603], 90.00th=[  750], 95.00th=[  840],
     | 99.00th=[ 1074], 99.50th=[ 1156], 99.90th=[ 4146], 99.95th=[ 4146],
     | 99.99th=[ 4293]
  lat (usec)   : 10=0.73%, 20=35.55%, 50=0.54%, 250=0.10%, 500=37.60%
  lat (usec)   : 750=15.62%, 1000=8.45%
  lat (msec)   : 2=1.07%, 4=0.20%, 10=0.15%
  cpu          : usr=0.00%, sys=7.46%, ctx=1297, majf=0, minf=81
  IO depths    : 1=100.0%, 2=0.0%, 4=0.0%, 8=0.0%, 16=0.0%, 32=0.0%, >=64=0.0%
     submit    : 0=0.0%, 4=100.0%, 8=0.0%, 16=0.0%, 32=0.0%, 64=0.0%, >=64=0.0%
     complete  : 0=0.0%, 4=100.0%, 8=0.0%, 16=0.0%, 32=0.0%, 64=0.0%, >=64=0.0%
     issued rwts: total=2048,0,0,0 short=0,0,0,0 dropped=0,0,0,0
     latency   : target=0, window=0, percentile=100.00%, depth=1

Run status group 0 (all jobs):
   READ: bw=701MiB/s (735MB/s), 701MiB/s-701MiB/s (735MB/s-735MB/s), io=256MiB (268MB), run=365-365msec
