randread: (g=0): rw=randread, bs=(R) 4096B-4096B, (W) 4096B-4096B, (T) 4096B-4096B, ioengine=psync, iodepth=1
fio-3.16
Starting 1 process

randread: (groupid=0, jobs=1): err= 0: pid=166389: Mon Oct 13 14:11:34 2025
  read: IOPS=6268, BW=24.5MiB/s (25.7MB/s)(128MiB/5227msec)
    clat (nsec): min=343, max=8489.4k, avg=159088.73, stdev=231943.47
     lat (nsec): min=358, max=8489.4k, avg=159104.66, stdev=231943.76
    clat percentiles (nsec):
     |  1.00th=[    588],  5.00th=[    668], 10.00th=[    740],
     | 20.00th=[    884], 30.00th=[   1112], 40.00th=[  42752],
     | 50.00th=[ 128512], 60.00th=[ 154624], 70.00th=[ 224256],
     | 80.00th=[ 292864], 90.00th=[ 391168], 95.00th=[ 468992],
     | 99.00th=[ 626688], 99.50th=[ 749568], 99.90th=[3817472],
     | 99.95th=[3981312], 99.99th=[7962624]
   bw (  KiB/s): min=16792, max=43056, per=92.76%, avg=23259.70, stdev=8151.56, samples=10
   iops        : min= 4198, max=10764, avg=5814.90, stdev=2037.91, samples=10
  lat (nsec)   : 500=0.06%, 750=10.63%, 1000=15.64%
  lat (usec)   : 2=8.63%, 4=1.66%, 10=0.05%, 20=0.05%, 50=4.19%
  lat (usec)   : 100=1.41%, 250=31.86%, 500=22.45%, 750=2.86%, 1000=0.29%
  lat (msec)   : 2=0.05%, 4=0.12%, 10=0.05%
  cpu          : usr=0.21%, sys=2.10%, ctx=20761, majf=0, minf=8
  IO depths    : 1=100.0%, 2=0.0%, 4=0.0%, 8=0.0%, 16=0.0%, 32=0.0%, >=64=0.0%
     submit    : 0=0.0%, 4=100.0%, 8=0.0%, 16=0.0%, 32=0.0%, 64=0.0%, >=64=0.0%
     complete  : 0=0.0%, 4=100.0%, 8=0.0%, 16=0.0%, 32=0.0%, 64=0.0%, >=64=0.0%
     issued rwts: total=32768,0,0,0 short=0,0,0,0 dropped=0,0,0,0
     latency   : target=0, window=0, percentile=100.00%, depth=1

Run status group 0 (all jobs):
   READ: bw=24.5MiB/s (25.7MB/s), 24.5MiB/s-24.5MiB/s (25.7MB/s-25.7MB/s), io=128MiB (134MB), run=5227-5227msec
