write: (g=0): rw=write, bs=(R) 4096B-4096B, (W) 4096B-4096B, (T) 4096B-4096B, ioengine=psync, iodepth=1
fio-3.16
Starting 1 process

write: (groupid=0, jobs=1): err= 0: pid=164938: Mon Oct 13 14:10:07 2025
  write: IOPS=4476, BW=17.5MiB/s (18.3MB/s)(128MiB/7320msec); 0 zone resets
    clat (usec): min=5, max=4702, avg=219.17, stdev=53.07
     lat (usec): min=5, max=4702, avg=219.20, stdev=53.07
    clat percentiles (usec):
     |  1.00th=[   19],  5.00th=[  176], 10.00th=[  184], 20.00th=[  194],
     | 30.00th=[  202], 40.00th=[  208], 50.00th=[  215], 60.00th=[  223],
     | 70.00th=[  231], 80.00th=[  241], 90.00th=[  262], 95.00th=[  302],
     | 99.00th=[  363], 99.50th=[  396], 99.90th=[  469], 99.95th=[  486],
     | 99.99th=[  635]
   bw (  KiB/s): min=16992, max=19992, per=100.00%, avg=18230.43, stdev=701.60, samples=14
   iops        : min= 4248, max= 4998, avg=4557.57, stdev=175.38, samples=14
  lat (usec)   : 10=0.12%, 20=1.06%, 50=0.27%, 100=0.18%, 250=84.12%
  lat (usec)   : 500=14.20%, 750=0.03%
  lat (msec)   : 2=0.01%, 10=0.01%
  cpu          : usr=0.10%, sys=43.07%, ctx=9751483, majf=0, minf=9
  IO depths    : 1=100.0%, 2=0.0%, 4=0.0%, 8=0.0%, 16=0.0%, 32=0.0%, >=64=0.0%
     submit    : 0=0.0%, 4=100.0%, 8=0.0%, 16=0.0%, 32=0.0%, 64=0.0%, >=64=0.0%
     complete  : 0=0.0%, 4=100.0%, 8=0.0%, 16=0.0%, 32=0.0%, 64=0.0%, >=64=0.0%
     issued rwts: total=0,32768,0,1 short=0,0,0,0 dropped=0,0,0,0
     latency   : target=0, window=0, percentile=100.00%, depth=1

Run status group 0 (all jobs):
  WRITE: bw=17.5MiB/s (18.3MB/s), 17.5MiB/s-17.5MiB/s (18.3MB/s-18.3MB/s), io=128MiB (134MB), run=7320-7320msec
