read: (g=0): rw=read, bs=(R) 128KiB-128KiB, (W) 128KiB-128KiB, (T) 128KiB-128KiB, ioengine=psync, iodepth=1
...
fio-3.16
Starting 4 processes

read: (groupid=0, jobs=4): err= 0: pid=164792: Mon Oct 13 14:09:52 2025
  read: IOPS=15.5k, BW=1932MiB/s (2026MB/s)(512MiB/265msec)
    clat (usec): min=3, max=4717, avg=251.91, stdev=436.70
     lat (usec): min=3, max=4717, avg=251.94, stdev=436.69
    clat percentiles (usec):
     |  1.00th=[    5],  5.00th=[    5], 10.00th=[    5], 20.00th=[    6],
     | 30.00th=[    6], 40.00th=[    7], 50.00th=[   17], 60.00th=[   41],
     | 70.00th=[   89], 80.00th=[  734], 90.00th=[  914], 95.00th=[ 1057],
     | 99.00th=[ 1369], 99.50th=[ 1516], 99.90th=[ 4424], 99.95th=[ 4555],
     | 99.99th=[ 4686]
  lat (usec)   : 4=0.46%, 10=48.58%, 20=1.00%, 50=17.46%, 100=4.17%
  lat (usec)   : 250=2.73%, 500=0.27%, 750=6.47%, 1000=12.23%
  lat (msec)   : 2=6.42%, 10=0.20%
  cpu          : usr=0.00%, sys=11.84%, ctx=1287, majf=0, minf=166
  IO depths    : 1=100.0%, 2=0.0%, 4=0.0%, 8=0.0%, 16=0.0%, 32=0.0%, >=64=0.0%
     submit    : 0=0.0%, 4=100.0%, 8=0.0%, 16=0.0%, 32=0.0%, 64=0.0%, >=64=0.0%
     complete  : 0=0.0%, 4=100.0%, 8=0.0%, 16=0.0%, 32=0.0%, 64=0.0%, >=64=0.0%
     issued rwts: total=4096,0,0,0 short=0,0,0,0 dropped=0,0,0,0
     latency   : target=0, window=0, percentile=100.00%, depth=1

Run status group 0 (all jobs):
   READ: bw=1932MiB/s (2026MB/s), 1932MiB/s-1932MiB/s (2026MB/s-2026MB/s), io=512MiB (537MB), run=265-265msec
