randwrite: (g=0): rw=randwrite, bs=(R) 128KiB-128KiB, (W) 128KiB-128KiB, (T) 128KiB-128KiB, ioengine=psync, iodepth=1
...
fio-3.16
Starting 4 processes

randwrite: (groupid=0, jobs=4): err= 0: pid=334079: Mon Oct 13 19:47:33 2025
  write: IOPS=11.6k, BW=1446MiB/s (1517MB/s)(512MiB/354msec); 0 zone resets
    clat (usec): min=25, max=8052, avg=211.02, stdev=259.55
     lat (usec): min=25, max=8054, avg=211.54, stdev=259.62
    clat percentiles (usec):
     |  1.00th=[   86],  5.00th=[  117], 10.00th=[  129], 20.00th=[  143],
     | 30.00th=[  157], 40.00th=[  178], 50.00th=[  196], 60.00th=[  210],
     | 70.00th=[  229], 80.00th=[  251], 90.00th=[  297], 95.00th=[  334],
     | 99.00th=[  392], 99.50th=[  412], 99.90th=[ 4293], 99.95th=[ 7898],
     | 99.99th=[ 8029]
  lat (usec)   : 50=0.22%, 100=1.95%, 250=77.25%, 500=20.31%, 750=0.10%
  lat (usec)   : 1000=0.05%
  lat (msec)   : 10=0.12%
  cpu          : usr=0.00%, sys=60.73%, ctx=4225, majf=0, minf=38
  IO depths    : 1=100.1%, 2=0.0%, 4=0.0%, 8=0.0%, 16=0.0%, 32=0.0%, >=64=0.0%
     submit    : 0=0.0%, 4=100.0%, 8=0.0%, 16=0.0%, 32=0.0%, 64=0.0%, >=64=0.0%
     complete  : 0=0.0%, 4=100.0%, 8=0.0%, 16=0.0%, 32=0.0%, 64=0.0%, >=64=0.0%
     issued rwts: total=0,4096,0,4 short=0,0,0,0 dropped=0,0,0,0
     latency   : target=0, window=0, percentile=100.00%, depth=1

Run status group 0 (all jobs):
  WRITE: bw=1446MiB/s (1517MB/s), 1446MiB/s-1446MiB/s (1517MB/s-1517MB/s), io=512MiB (537MB), run=354-354msec
