write: (g=0): rw=write, bs=(R) 128KiB-128KiB, (W) 128KiB-128KiB, (T) 128KiB-128KiB, ioengine=psync, iodepth=1
...
fio-3.16
Starting 2 processes

write: (groupid=0, jobs=2): err= 0: pid=331648: Mon Oct 13 19:45:16 2025
  write: IOPS=6918, BW=865MiB/s (907MB/s)(256MiB/296msec); 0 zone resets
    clat (usec): min=115, max=4914, avg=148.98, stdev=148.65
     lat (usec): min=115, max=4915, avg=149.46, stdev=148.67
    clat percentiles (usec):
     |  1.00th=[  121],  5.00th=[  127], 10.00th=[  130], 20.00th=[  135],
     | 30.00th=[  139], 40.00th=[  141], 50.00th=[  145], 60.00th=[  147],
     | 70.00th=[  151], 80.00th=[  155], 90.00th=[  159], 95.00th=[  163],
     | 99.00th=[  172], 99.50th=[  180], 99.90th=[  204], 99.95th=[ 4883],
     | 99.99th=[ 4883]
  lat (usec)   : 250=99.90%
  lat (msec)   : 10=0.10%
  cpu          : usr=0.00%, sys=47.75%, ctx=2059, majf=0, minf=20
  IO depths    : 1=100.1%, 2=0.0%, 4=0.0%, 8=0.0%, 16=0.0%, 32=0.0%, >=64=0.0%
     submit    : 0=0.0%, 4=100.0%, 8=0.0%, 16=0.0%, 32=0.0%, 64=0.0%, >=64=0.0%
     complete  : 0=0.0%, 4=100.0%, 8=0.0%, 16=0.0%, 32=0.0%, 64=0.0%, >=64=0.0%
     issued rwts: total=0,2048,0,2 short=0,0,0,0 dropped=0,0,0,0
     latency   : target=0, window=0, percentile=100.00%, depth=1

Run status group 0 (all jobs):
  WRITE: bw=865MiB/s (907MB/s), 865MiB/s-865MiB/s (907MB/s-907MB/s), io=256MiB (268MB), run=296-296msec
