write: (g=0): rw=write, bs=(R) 4096B-4096B, (W) 4096B-4096B, (T) 4096B-4096B, ioengine=psync, iodepth=1
...
fio-3.16
Starting 2 processes

write: (groupid=0, jobs=2): err= 0: pid=331087: Mon Oct 13 19:44:48 2025
  write: IOPS=127k, BW=494MiB/s (518MB/s)(256MiB/518msec); 0 zone resets
    clat (usec): min=4, max=6169, avg=11.98, stdev=24.22
     lat (usec): min=4, max=6169, avg=12.00, stdev=24.22
    clat percentiles (nsec):
     |  1.00th=[ 9664],  5.00th=[10304], 10.00th=[10688], 20.00th=[11072],
     | 30.00th=[11328], 40.00th=[11584], 50.00th=[11712], 60.00th=[11840],
     | 70.00th=[12096], 80.00th=[12480], 90.00th=[13376], 95.00th=[14272],
     | 99.00th=[15680], 99.50th=[16512], 99.90th=[19584], 99.95th=[23680],
     | 99.99th=[71168]
  lat (usec)   : 10=2.84%, 20=97.07%, 50=0.08%, 100=0.01%, 250=0.01%
  lat (usec)   : 500=0.01%
  lat (msec)   : 10=0.01%
  cpu          : usr=0.98%, sys=63.41%, ctx=65548, majf=0, minf=20
  IO depths    : 1=100.0%, 2=0.0%, 4=0.0%, 8=0.0%, 16=0.0%, 32=0.0%, >=64=0.0%
     submit    : 0=0.0%, 4=100.0%, 8=0.0%, 16=0.0%, 32=0.0%, 64=0.0%, >=64=0.0%
     complete  : 0=0.0%, 4=100.0%, 8=0.0%, 16=0.0%, 32=0.0%, 64=0.0%, >=64=0.0%
     issued rwts: total=0,65536,0,2 short=0,0,0,0 dropped=0,0,0,0
     latency   : target=0, window=0, percentile=100.00%, depth=1

Run status group 0 (all jobs):
  WRITE: bw=494MiB/s (518MB/s), 494MiB/s-494MiB/s (518MB/s-518MB/s), io=256MiB (268MB), run=518-518msec
