randwrite: (g=0): rw=randwrite, bs=(R) 4096B-4096B, (W) 4096B-4096B, (T) 4096B-4096B, ioengine=psync, iodepth=1
...
fio-3.16
Starting 4 processes

randwrite: (groupid=0, jobs=4): err= 0: pid=333531: Mon Oct 13 19:47:07 2025
  write: IOPS=165k, BW=644MiB/s (675MB/s)(512MiB/795msec); 0 zone resets
    clat (usec): min=4, max=5687, avg=19.13, stdev=31.21
     lat (usec): min=4, max=5688, avg=19.15, stdev=31.21
    clat percentiles (usec):
     |  1.00th=[   14],  5.00th=[   15], 10.00th=[   16], 20.00th=[   16],
     | 30.00th=[   17], 40.00th=[   18], 50.00th=[   19], 60.00th=[   20],
     | 70.00th=[   21], 80.00th=[   22], 90.00th=[   23], 95.00th=[   25],
     | 99.00th=[   28], 99.50th=[   29], 99.90th=[   40], 99.95th=[   60],
     | 99.99th=[  123]
   bw (  KiB/s): min=810136, max=810136, per=100.00%, avg=810136.00, stdev= 0.00, samples=4
   iops        : min=202534, max=202534, avg=202534.00, stdev= 0.00, samples=4
  lat (usec)   : 10=0.03%, 20=62.12%, 50=37.80%, 100=0.04%, 250=0.01%
  lat (usec)   : 500=0.01%
  lat (msec)   : 10=0.01%
  cpu          : usr=0.73%, sys=70.63%, ctx=131365, majf=0, minf=36
  IO depths    : 1=100.0%, 2=0.0%, 4=0.0%, 8=0.0%, 16=0.0%, 32=0.0%, >=64=0.0%
     submit    : 0=0.0%, 4=100.0%, 8=0.0%, 16=0.0%, 32=0.0%, 64=0.0%, >=64=0.0%
     complete  : 0=0.0%, 4=100.0%, 8=0.0%, 16=0.0%, 32=0.0%, 64=0.0%, >=64=0.0%
     issued rwts: total=0,131072,0,4 short=0,0,0,0 dropped=0,0,0,0
     latency   : target=0, window=0, percentile=100.00%, depth=1

Run status group 0 (all jobs):
  WRITE: bw=644MiB/s (675MB/s), 644MiB/s-644MiB/s (675MB/s-675MB/s), io=512MiB (537MB), run=795-795msec
