randwrite: (g=0): rw=randwrite, bs=(R) 4096B-4096B, (W) 4096B-4096B, (T) 4096B-4096B, ioengine=psync, iodepth=1
...
fio-3.16
Starting 3 processes

randwrite: (groupid=0, jobs=3): err= 0: pid=333392: Mon Oct 13 19:46:59 2025
  write: IOPS=151k, BW=589MiB/s (618MB/s)(384MiB/652msec); 0 zone resets
    clat (usec): min=4, max=4258, avg=15.94, stdev=23.52
     lat (usec): min=4, max=4258, avg=15.97, stdev=23.52
    clat percentiles (usec):
     |  1.00th=[   12],  5.00th=[   13], 10.00th=[   13], 20.00th=[   14],
     | 30.00th=[   15], 40.00th=[   15], 50.00th=[   16], 60.00th=[   17],
     | 70.00th=[   18], 80.00th=[   18], 90.00th=[   19], 95.00th=[   20],
     | 99.00th=[   23], 99.50th=[   24], 99.90th=[   29], 99.95th=[   34],
     | 99.99th=[  165]
   bw (  KiB/s): min=731408, max=731408, per=100.00%, avg=731408.00, stdev= 0.00, samples=3
   iops        : min=182852, max=182852, avg=182852.00, stdev= 0.00, samples=3
  lat (usec)   : 10=0.05%, 20=95.12%, 50=4.82%, 100=0.01%, 250=0.01%
  lat (usec)   : 500=0.01%, 750=0.01%
  lat (msec)   : 10=0.01%
  cpu          : usr=0.93%, sys=70.14%, ctx=98433, majf=0, minf=26
  IO depths    : 1=100.0%, 2=0.0%, 4=0.0%, 8=0.0%, 16=0.0%, 32=0.0%, >=64=0.0%
     submit    : 0=0.0%, 4=100.0%, 8=0.0%, 16=0.0%, 32=0.0%, 64=0.0%, >=64=0.0%
     complete  : 0=0.0%, 4=100.0%, 8=0.0%, 16=0.0%, 32=0.0%, 64=0.0%, >=64=0.0%
     issued rwts: total=0,98304,0,3 short=0,0,0,0 dropped=0,0,0,0
     latency   : target=0, window=0, percentile=100.00%, depth=1

Run status group 0 (all jobs):
  WRITE: bw=589MiB/s (618MB/s), 589MiB/s-589MiB/s (618MB/s-618MB/s), io=384MiB (403MB), run=652-652msec
