randwrite: (g=0): rw=randwrite, bs=(R) 4096B-4096B, (W) 4096B-4096B, (T) 4096B-4096B, ioengine=psync, iodepth=1
...
fio-3.16
Starting 2 processes

randwrite: (groupid=0, jobs=2): err= 0: pid=167927: Mon Oct 13 14:13:12 2025
  write: IOPS=62.8k, BW=245MiB/s (257MB/s)(256MiB/1044msec); 0 zone resets
    clat (usec): min=4, max=1323, avg=11.75, stdev= 7.64
     lat (usec): min=4, max=1323, avg=11.77, stdev= 7.64
    clat percentiles (usec):
     |  1.00th=[    9],  5.00th=[   10], 10.00th=[   10], 20.00th=[   11],
     | 30.00th=[   11], 40.00th=[   11], 50.00th=[   12], 60.00th=[   12],
     | 70.00th=[   12], 80.00th=[   13], 90.00th=[   15], 95.00th=[   16],
     | 99.00th=[   19], 99.50th=[   21], 99.90th=[   65], 99.95th=[   76],
     | 99.99th=[  159]
  lat (usec)   : 10=10.70%, 20=88.71%, 50=0.32%, 100=0.25%, 250=0.01%
  lat (usec)   : 500=0.01%
  lat (msec)   : 2=0.01%
  cpu          : usr=1.05%, sys=29.82%, ctx=65746, majf=0, minf=17
  IO depths    : 1=100.0%, 2=0.0%, 4=0.0%, 8=0.0%, 16=0.0%, 32=0.0%, >=64=0.0%
     submit    : 0=0.0%, 4=100.0%, 8=0.0%, 16=0.0%, 32=0.0%, 64=0.0%, >=64=0.0%
     complete  : 0=0.0%, 4=100.0%, 8=0.0%, 16=0.0%, 32=0.0%, 64=0.0%, >=64=0.0%
     issued rwts: total=0,65536,0,2 short=0,0,0,0 dropped=0,0,0,0
     latency   : target=0, window=0, percentile=100.00%, depth=1

Run status group 0 (all jobs):
  WRITE: bw=245MiB/s (257MB/s), 245MiB/s-245MiB/s (257MB/s-257MB/s), io=256MiB (268MB), run=1044-1044msec
