randread: (g=0): rw=randread, bs=(R) 128KiB-128KiB, (W) 128KiB-128KiB, (T) 128KiB-128KiB, ioengine=psync, iodepth=1
...
fio-3.16
Starting 4 processes

randread: (groupid=0, jobs=4): err= 0: pid=167602: Mon Oct 13 14:12:47 2025
  read: IOPS=11.9k, BW=1484MiB/s (1556MB/s)(512MiB/345msec)
    clat (usec): min=3, max=4269, avg=325.25, stdev=355.25
     lat (usec): min=3, max=4269, avg=325.27, stdev=355.25
    clat percentiles (usec):
     |  1.00th=[   11],  5.00th=[   13], 10.00th=[   14], 20.00th=[   16],
     | 30.00th=[   19], 40.00th=[  202], 50.00th=[  243], 60.00th=[  363],
     | 70.00th=[  529], 80.00th=[  603], 90.00th=[  717], 95.00th=[  807],
     | 99.00th=[ 1020], 99.50th=[ 1205], 99.90th=[ 4047], 99.95th=[ 4146],
     | 99.99th=[ 4293]
  lat (usec)   : 4=0.07%, 10=0.51%, 20=31.79%, 50=4.35%, 100=0.02%
  lat (usec)   : 250=14.50%, 500=15.80%, 750=25.12%, 1000=6.74%
  lat (msec)   : 2=0.76%, 4=0.12%, 10=0.22%
  cpu          : usr=0.00%, sys=8.04%, ctx=2605, majf=0, minf=161
  IO depths    : 1=100.0%, 2=0.0%, 4=0.0%, 8=0.0%, 16=0.0%, 32=0.0%, >=64=0.0%
     submit    : 0=0.0%, 4=100.0%, 8=0.0%, 16=0.0%, 32=0.0%, 64=0.0%, >=64=0.0%
     complete  : 0=0.0%, 4=100.0%, 8=0.0%, 16=0.0%, 32=0.0%, 64=0.0%, >=64=0.0%
     issued rwts: total=4096,0,0,0 short=0,0,0,0 dropped=0,0,0,0
     latency   : target=0, window=0, percentile=100.00%, depth=1

Run status group 0 (all jobs):
   READ: bw=1484MiB/s (1556MB/s), 1484MiB/s-1484MiB/s (1556MB/s-1556MB/s), io=512MiB (537MB), run=345-345msec
