randread: (g=0): rw=randread, bs=(R) 4096B-4096B, (W) 4096B-4096B, (T) 4096B-4096B, ioengine=psync, iodepth=1
...
fio-3.16
Starting 3 processes

randread: (groupid=0, jobs=3): err= 0: pid=166787: Mon Oct 13 14:12:05 2025
  read: IOPS=40.3k, BW=158MiB/s (165MB/s)(384MiB/2438msec)
    clat (nsec): min=202, max=8055.0k, avg=64342.84, stdev=153019.83
     lat (nsec): min=216, max=8055.0k, avg=64359.88, stdev=153020.15
    clat percentiles (nsec):
     |  1.00th=[    524],  5.00th=[    620], 10.00th=[    692],
     | 20.00th=[    820], 30.00th=[   1048], 40.00th=[   4960],
     | 50.00th=[  44288], 60.00th=[  46848], 70.00th=[  49920],
     | 80.00th=[  64256], 90.00th=[ 183296], 95.00th=[ 313344],
     | 99.00th=[ 509952], 99.50th=[ 684032], 99.90th=[1417216],
     | 99.95th=[3391488], 99.99th=[4046848]
   bw (  KiB/s): min=141424, max=204016, per=100.00%, avg=166013.33, stdev=9682.09, samples=10
   iops        : min=35356, max=51004, avg=41503.33, stdev=2420.52, samples=10
  lat (nsec)   : 250=0.02%, 500=0.62%, 750=14.06%, 1000=13.95%
  lat (usec)   : 2=7.42%, 4=0.78%, 10=6.16%, 20=0.69%, 50=26.13%
  lat (usec)   : 100=17.97%, 250=5.25%, 500=5.88%, 750=0.65%, 1000=0.21%
  lat (msec)   : 2=0.13%, 4=0.05%, 10=0.01%
  cpu          : usr=0.41%, sys=4.12%, ctx=62115, majf=0, minf=34
  IO depths    : 1=100.0%, 2=0.0%, 4=0.0%, 8=0.0%, 16=0.0%, 32=0.0%, >=64=0.0%
     submit    : 0=0.0%, 4=100.0%, 8=0.0%, 16=0.0%, 32=0.0%, 64=0.0%, >=64=0.0%
     complete  : 0=0.0%, 4=100.0%, 8=0.0%, 16=0.0%, 32=0.0%, 64=0.0%, >=64=0.0%
     issued rwts: total=98304,0,0,0 short=0,0,0,0 dropped=0,0,0,0
     latency   : target=0, window=0, percentile=100.00%, depth=1

Run status group 0 (all jobs):
   READ: bw=158MiB/s (165MB/s), 158MiB/s-158MiB/s (165MB/s-165MB/s), io=384MiB (403MB), run=2438-2438msec
