randread: (g=0): rw=randread, bs=(R) 128KiB-128KiB, (W) 128KiB-128KiB, (T) 128KiB-128KiB, ioengine=psync, iodepth=1
...
fio-3.16
Starting 2 processes

randread: (groupid=0, jobs=2): err= 0: pid=332739: Mon Oct 13 19:46:21 2025
  read: IOPS=17.4k, BW=2169MiB/s (2275MB/s)(256MiB/118msec)
    clat (usec): min=6, max=314, avg=106.32, stdev=74.07
     lat (usec): min=6, max=314, avg=106.34, stdev=74.07
    clat percentiles (usec):
     |  1.00th=[    8],  5.00th=[   10], 10.00th=[   11], 20.00th=[   12],
     | 30.00th=[   13], 40.00th=[  149], 50.00th=[  151], 60.00th=[  153],
     | 70.00th=[  157], 80.00th=[  163], 90.00th=[  176], 95.00th=[  186],
     | 99.00th=[  217], 99.50th=[  229], 99.90th=[  269], 99.95th=[  297],
     | 99.99th=[  314]
  lat (usec)   : 10=9.18%, 20=27.59%, 50=0.15%, 250=62.84%, 500=0.24%
  cpu          : usr=0.00%, sys=19.91%, ctx=1296, majf=0, minf=81
  IO depths    : 1=100.0%, 2=0.0%, 4=0.0%, 8=0.0%, 16=0.0%, 32=0.0%, >=64=0.0%
     submit    : 0=0.0%, 4=100.0%, 8=0.0%, 16=0.0%, 32=0.0%, 64=0.0%, >=64=0.0%
     complete  : 0=0.0%, 4=100.0%, 8=0.0%, 16=0.0%, 32=0.0%, 64=0.0%, >=64=0.0%
     issued rwts: total=2048,0,0,0 short=0,0,0,0 dropped=0,0,0,0
     latency   : target=0, window=0, percentile=100.00%, depth=1

Run status group 0 (all jobs):
   READ: bw=2169MiB/s (2275MB/s), 2169MiB/s-2169MiB/s (2275MB/s-2275MB/s), io=256MiB (268MB), run=118-118msec
