randwrite: (g=0): rw=randwrite, bs=(R) 128KiB-128KiB, (W) 128KiB-128KiB, (T) 128KiB-128KiB, ioengine=psync, iodepth=1
fio-3.16
Starting 1 process

randwrite: (groupid=0, jobs=1): err= 0: pid=333734: Mon Oct 13 19:47:13 2025
  write: IOPS=6059, BW=757MiB/s (794MB/s)(128MiB/169msec); 0 zone resets
    clat (usec): min=54, max=7241, avg=117.46, stdev=224.81
     lat (usec): min=54, max=7242, avg=117.97, stdev=224.83
    clat percentiles (usec):
     |  1.00th=[   67],  5.00th=[   71], 10.00th=[   73], 20.00th=[   82],
     | 30.00th=[   89], 40.00th=[  103], 50.00th=[  118], 60.00th=[  122],
     | 70.00th=[  126], 80.00th=[  135], 90.00th=[  141], 95.00th=[  147],
     | 99.00th=[  208], 99.50th=[  227], 99.90th=[  314], 99.95th=[ 7242],
     | 99.99th=[ 7242]
  lat (usec)   : 100=37.99%, 250=61.62%, 500=0.29%
  lat (msec)   : 10=0.10%
  cpu          : usr=0.00%, sys=63.69%, ctx=1060, majf=0, minf=8
  IO depths    : 1=100.1%, 2=0.0%, 4=0.0%, 8=0.0%, 16=0.0%, 32=0.0%, >=64=0.0%
     submit    : 0=0.0%, 4=100.0%, 8=0.0%, 16=0.0%, 32=0.0%, 64=0.0%, >=64=0.0%
     complete  : 0=0.0%, 4=100.0%, 8=0.0%, 16=0.0%, 32=0.0%, 64=0.0%, >=64=0.0%
     issued rwts: total=0,1024,0,1 short=0,0,0,0 dropped=0,0,0,0
     latency   : target=0, window=0, percentile=100.00%, depth=1

Run status group 0 (all jobs):
  WRITE: bw=757MiB/s (794MB/s), 757MiB/s-757MiB/s (794MB/s-794MB/s), io=128MiB (134MB), run=169-169msec
