randwrite: (g=0): rw=randwrite, bs=(R) 4096B-4096B, (W) 4096B-4096B, (T) 4096B-4096B, ioengine=psync, iodepth=1
...
fio-3.16
Starting 16 processes

randwrite: (groupid=0, jobs=16): err= 0: pid=478468: Mon Oct 20 13:55:02 2025
  write: IOPS=174k, BW=678MiB/s (711MB/s)(2048MiB/3020msec); 0 zone resets
    clat (usec): min=3, max=14187, avg=66.88, stdev=246.25
     lat (usec): min=3, max=14187, avg=66.92, stdev=246.25
    clat percentiles (usec):
     |  1.00th=[    6],  5.00th=[    9], 10.00th=[   24], 20.00th=[   39],
     | 30.00th=[   44], 40.00th=[   49], 50.00th=[   54], 60.00th=[   59],
     | 70.00th=[   71], 80.00th=[   83], 90.00th=[  102], 95.00th=[  109],
     | 99.00th=[  126], 99.50th=[  135], 99.90th=[ 3982], 99.95th=[ 7963],
     | 99.99th=[ 8029]
   bw (  KiB/s): min=752188, max=1022330, per=100.00%, avg=884968.58, stdev=7983.92, samples=62
   iops        : min=188045, max=255581, avg=221240.50, stdev=1996.00, samples=62
  lat (usec)   : 4=0.01%, 10=6.73%, 20=2.53%, 50=32.51%, 100=46.57%
  lat (usec)   : 250=11.50%, 500=0.01%, 750=0.01%, 1000=0.01%
  lat (msec)   : 2=0.01%, 4=0.04%, 10=0.10%, 20=0.01%
  cpu          : usr=0.61%, sys=74.97%, ctx=568038, majf=0, minf=164
  IO depths    : 1=100.0%, 2=0.0%, 4=0.0%, 8=0.0%, 16=0.0%, 32=0.0%, >=64=0.0%
     submit    : 0=0.0%, 4=100.0%, 8=0.0%, 16=0.0%, 32=0.0%, 64=0.0%, >=64=0.0%
     complete  : 0=0.0%, 4=100.0%, 8=0.0%, 16=0.0%, 32=0.0%, 64=0.0%, >=64=0.0%
     issued rwts: total=0,524288,0,16 short=0,0,0,0 dropped=0,0,0,0
     latency   : target=0, window=0, percentile=100.00%, depth=1

Run status group 0 (all jobs):
  WRITE: bw=678MiB/s (711MB/s), 678MiB/s-678MiB/s (711MB/s-711MB/s), io=2048MiB (2147MB), run=3020-3020msec
