randwrite: (g=0): rw=randwrite, bs=(R) 128KiB-128KiB, (W) 128KiB-128KiB, (T) 128KiB-128KiB, ioengine=psync, iodepth=1
...
fio-3.16
Starting 2 processes

randwrite: (groupid=0, jobs=2): err= 0: pid=68021: Sat Oct 18 12:37:11 2025
  write: IOPS=13.2k, BW=1652MiB/s (1732MB/s)(512MiB/310msec); 0 zone resets
    clat (usec): min=19, max=8544, avg=64.72, stdev=255.82
     lat (usec): min=20, max=8545, avg=65.18, stdev=255.84
    clat percentiles (usec):
     |  1.00th=[   26],  5.00th=[   29], 10.00th=[   30], 20.00th=[   34],
     | 30.00th=[   38], 40.00th=[   48], 50.00th=[   53], 60.00th=[   56],
     | 70.00th=[   57], 80.00th=[   59], 90.00th=[   73], 95.00th=[   85],
     | 99.00th=[  118], 99.50th=[ 1029], 99.90th=[ 2376], 99.95th=[ 8029],
     | 99.99th=[ 8586]
  lat (usec)   : 20=0.02%, 50=44.21%, 100=54.64%, 250=0.42%, 500=0.10%
  lat (usec)   : 750=0.02%, 1000=0.05%
  lat (msec)   : 2=0.37%, 4=0.07%, 10=0.10%
  cpu          : usr=1.51%, sys=43.21%, ctx=2102, majf=0, minf=20
  IO depths    : 1=100.0%, 2=0.0%, 4=0.0%, 8=0.0%, 16=0.0%, 32=0.0%, >=64=0.0%
     submit    : 0=0.0%, 4=100.0%, 8=0.0%, 16=0.0%, 32=0.0%, 64=0.0%, >=64=0.0%
     complete  : 0=0.0%, 4=100.0%, 8=0.0%, 16=0.0%, 32=0.0%, 64=0.0%, >=64=0.0%
     issued rwts: total=0,4096,0,2 short=0,0,0,0 dropped=0,0,0,0
     latency   : target=0, window=0, percentile=100.00%, depth=1

Run status group 0 (all jobs):
  WRITE: bw=1652MiB/s (1732MB/s), 1652MiB/s-1652MiB/s (1732MB/s-1732MB/s), io=512MiB (537MB), run=310-310msec
