randwrite: (g=0): rw=randwrite, bs=(R) 128KiB-128KiB, (W) 128KiB-128KiB, (T) 128KiB-128KiB, ioengine=psync, iodepth=1
fio-3.16
Starting 1 process

randwrite: (groupid=0, jobs=1): err= 0: pid=285081: Fri Oct 17 20:10:10 2025
  write: IOPS=4015, BW=502MiB/s (526MB/s)(1024MiB/2040msec); 0 zone resets
    clat (usec): min=23, max=12715, avg=74.11, stdev=224.93
     lat (usec): min=23, max=12717, avg=74.58, stdev=224.94
    clat percentiles (usec):
     |  1.00th=[   30],  5.00th=[   34], 10.00th=[   35], 20.00th=[   47],
     | 30.00th=[   49], 40.00th=[   50], 50.00th=[   51], 60.00th=[   51],
     | 70.00th=[   55], 80.00th=[   63], 90.00th=[   65], 95.00th=[   67],
     | 99.00th=[ 1401], 99.50th=[ 1549], 99.90th=[ 1631], 99.95th=[ 1647],
     | 99.99th=[12780]
   bw (  MiB/s): min= 1441, max= 1441, per=100.00%, avg=1441.25, stdev= 0.00, samples=1
   iops        : min=11530, max=11530, avg=11530.00, stdev= 0.00, samples=1
  lat (usec)   : 50=46.53%, 100=51.29%, 250=0.44%, 500=0.26%, 750=0.02%
  lat (usec)   : 1000=0.04%
  lat (msec)   : 2=1.39%, 10=0.01%, 20=0.01%
  cpu          : usr=0.34%, sys=18.44%, ctx=8373, majf=0, minf=10
  IO depths    : 1=100.0%, 2=0.0%, 4=0.0%, 8=0.0%, 16=0.0%, 32=0.0%, >=64=0.0%
     submit    : 0=0.0%, 4=100.0%, 8=0.0%, 16=0.0%, 32=0.0%, 64=0.0%, >=64=0.0%
     complete  : 0=0.0%, 4=100.0%, 8=0.0%, 16=0.0%, 32=0.0%, 64=0.0%, >=64=0.0%
     issued rwts: total=0,8192,0,1 short=0,0,0,0 dropped=0,0,0,0
     latency   : target=0, window=0, percentile=100.00%, depth=1

Run status group 0 (all jobs):
  WRITE: bw=502MiB/s (526MB/s), 502MiB/s-502MiB/s (526MB/s-526MB/s), io=1024MiB (1074MB), run=2040-2040msec
