randread: (g=0): rw=randread, bs=(R) 4096B-4096B, (W) 4096B-4096B, (T) 4096B-4096B, ioengine=psync, iodepth=1
...
fio-3.16
Starting 2 processes

randread: (groupid=0, jobs=2): err= 0: pid=146694: Mon Oct 20 17:24:14 2025
  read: IOPS=7751, BW=30.3MiB/s (31.7MB/s)(256MiB/8455msec)
    clat (nsec): min=214, max=12790k, avg=256947.75, stdev=548824.16
     lat (nsec): min=227, max=12790k, avg=256985.84, stdev=548848.55
    clat percentiles (nsec):
     |  1.00th=[     366],  5.00th=[     446], 10.00th=[     498],
     | 20.00th=[     596], 30.00th=[     852], 40.00th=[    7904],
     | 50.00th=[   56576], 60.00th=[   71168], 70.00th=[   85504],
     | 80.00th=[  148480], 90.00th=[ 1482752], 95.00th=[ 1597440],
     | 99.00th=[ 1744896], 99.50th=[ 1794048], 99.90th=[ 1990656],
     | 99.95th=[ 3260416], 99.99th=[12386304]
   bw (  KiB/s): min= 5776, max=152023, per=56.32%, avg=17460.81, stdev=17669.11, samples=32
   iops        : min= 1444, max=38005, avg=4365.06, stdev=4417.20, samples=32
  lat (nsec)   : 250=0.02%, 500=10.41%, 750=17.05%, 1000=4.71%
  lat (usec)   : 2=3.16%, 4=1.22%, 10=5.76%, 20=1.58%, 50=2.64%
  lat (usec)   : 100=29.41%, 250=8.83%, 500=1.48%, 750=0.14%, 1000=0.09%
  lat (msec)   : 2=13.41%, 4=0.06%, 10=0.02%, 20=0.01%
  cpu          : usr=0.68%, sys=3.06%, ctx=41635, majf=0, minf=22
  IO depths    : 1=100.0%, 2=0.0%, 4=0.0%, 8=0.0%, 16=0.0%, 32=0.0%, >=64=0.0%
     submit    : 0=0.0%, 4=100.0%, 8=0.0%, 16=0.0%, 32=0.0%, 64=0.0%, >=64=0.0%
     complete  : 0=0.0%, 4=100.0%, 8=0.0%, 16=0.0%, 32=0.0%, 64=0.0%, >=64=0.0%
     issued rwts: total=65536,0,0,0 short=0,0,0,0 dropped=0,0,0,0
     latency   : target=0, window=0, percentile=100.00%, depth=1

Run status group 0 (all jobs):
   READ: bw=30.3MiB/s (31.7MB/s), 30.3MiB/s-30.3MiB/s (31.7MB/s-31.7MB/s), io=256MiB (268MB), run=8455-8455msec
