read: (g=0): rw=read, bs=(R) 128KiB-128KiB, (W) 128KiB-128KiB, (T) 128KiB-128KiB, ioengine=psync, iodepth=1
...
fio-3.16
Starting 8 processes

read: (groupid=0, jobs=8): err= 0: pid=474077: Mon Oct 20 13:51:59 2025
  read: IOPS=8175, BW=1022MiB/s (1072MB/s)(1024MiB/1002msec)
    clat (usec): min=4, max=15650, avg=946.93, stdev=1537.76
     lat (usec): min=4, max=15650, avg=946.97, stdev=1537.75
    clat percentiles (usec):
     |  1.00th=[    6],  5.00th=[    7], 10.00th=[    8], 20.00th=[    9],
     | 30.00th=[    9], 40.00th=[   11], 50.00th=[   35], 60.00th=[  141],
     | 70.00th=[ 1074], 80.00th=[ 2180], 90.00th=[ 3064], 95.00th=[ 4424],
     | 99.00th=[ 5538], 99.50th=[ 6587], 99.90th=[10945], 99.95th=[15008],
     | 99.99th=[15664]
   bw (  MiB/s): min= 1204, max= 1251, per=100.00%, avg=1227.88, stdev=11.56, samples=9
   iops        : min= 9638, max=10008, avg=9823.00, stdev=92.50, samples=9
  lat (usec)   : 10=39.40%, 20=9.80%, 50=7.74%, 100=2.31%, 250=3.09%
  lat (usec)   : 500=3.00%, 750=2.19%, 1000=1.99%
  lat (msec)   : 2=8.17%, 4=15.95%, 10=6.25%, 20=0.11%
  cpu          : usr=0.17%, sys=4.07%, ctx=3468, majf=0, minf=351
  IO depths    : 1=100.0%, 2=0.0%, 4=0.0%, 8=0.0%, 16=0.0%, 32=0.0%, >=64=0.0%
     submit    : 0=0.0%, 4=100.0%, 8=0.0%, 16=0.0%, 32=0.0%, 64=0.0%, >=64=0.0%
     complete  : 0=0.0%, 4=100.0%, 8=0.0%, 16=0.0%, 32=0.0%, 64=0.0%, >=64=0.0%
     issued rwts: total=8192,0,0,0 short=0,0,0,0 dropped=0,0,0,0
     latency   : target=0, window=0, percentile=100.00%, depth=1

Run status group 0 (all jobs):
   READ: bw=1022MiB/s (1072MB/s), 1022MiB/s-1022MiB/s (1072MB/s-1072MB/s), io=1024MiB (1074MB), run=1002-1002msec
