read: (g=0): rw=read, bs=(R) 128KiB-128KiB, (W) 128KiB-128KiB, (T) 128KiB-128KiB, ioengine=psync, iodepth=1
...
fio-3.16
Starting 4 processes

read: (groupid=0, jobs=4): err= 0: pid=37699: Mon Oct 20 14:51:25 2025
  read: IOPS=5375, BW=672MiB/s (705MB/s)(512MiB/762msec)
    clat (usec): min=3, max=25987, avg=583.98, stdev=1479.40
     lat (usec): min=3, max=25987, avg=584.01, stdev=1479.39
    clat percentiles (usec):
     |  1.00th=[    5],  5.00th=[    6], 10.00th=[    7], 20.00th=[    7],
     | 30.00th=[    7], 40.00th=[    8], 50.00th=[   32], 60.00th=[   81],
     | 70.00th=[  396], 80.00th=[ 1450], 90.00th=[ 1778], 95.00th=[ 1991],
     | 99.00th=[ 5211], 99.50th=[ 9765], 99.90th=[23200], 99.95th=[25560],
     | 99.99th=[26084]
   bw (  KiB/s): min=400896, max=400896, per=58.27%, avg=400896.00, stdev= 0.00, samples=2
   iops        : min= 3132, max= 3132, avg=3132.00, stdev= 0.00, samples=2
  lat (usec)   : 4=0.17%, 10=47.34%, 20=1.66%, 50=9.18%, 100=2.86%
  lat (usec)   : 250=5.59%, 500=4.88%, 750=3.05%, 1000=2.08%
  lat (msec)   : 2=18.41%, 4=3.56%, 10=0.73%, 20=0.34%, 50=0.15%
  cpu          : usr=0.00%, sys=5.59%, ctx=1736, majf=0, minf=172
  IO depths    : 1=100.0%, 2=0.0%, 4=0.0%, 8=0.0%, 16=0.0%, 32=0.0%, >=64=0.0%
     submit    : 0=0.0%, 4=100.0%, 8=0.0%, 16=0.0%, 32=0.0%, 64=0.0%, >=64=0.0%
     complete  : 0=0.0%, 4=100.0%, 8=0.0%, 16=0.0%, 32=0.0%, 64=0.0%, >=64=0.0%
     issued rwts: total=4096,0,0,0 short=0,0,0,0 dropped=0,0,0,0
     latency   : target=0, window=0, percentile=100.00%, depth=1

Run status group 0 (all jobs):
   READ: bw=672MiB/s (705MB/s), 672MiB/s-672MiB/s (705MB/s-705MB/s), io=512MiB (537MB), run=762-762msec
