read: (g=0): rw=read, bs=(R) 4096B-4096B, (W) 4096B-4096B, (T) 4096B-4096B, ioengine=psync, iodepth=1
...
fio-3.16
Starting 8 processes

read: (groupid=0, jobs=8): err= 0: pid=89599: Fri Oct 17 17:29:15 2025
  read: IOPS=239k, BW=935MiB/s (981MB/s)(1024MiB/1095msec)
    clat (nsec): min=217, max=18835k, avg=25641.96, stdev=304262.04
     lat (nsec): min=229, max=18835k, avg=25656.45, stdev=304261.98
    clat percentiles (nsec):
     |  1.00th=[    247],  5.00th=[    294], 10.00th=[    302],
     | 20.00th=[    310], 30.00th=[    314], 40.00th=[    322],
     | 50.00th=[    330], 60.00th=[    342], 70.00th=[    378],
     | 80.00th=[    394], 90.00th=[    414], 95.00th=[    470],
     | 99.00th=[ 544768], 99.50th=[1810432], 99.90th=[5210112],
     | 99.95th=[6062080], 99.99th=[8847360]
   bw (  KiB/s): min=1039552, max=1039552, per=100.00%, avg=1039552.00, stdev= 0.00, samples=8
   iops        : min=259888, max=259888, avg=259888.00, stdev= 0.00, samples=8
  lat (nsec)   : 250=1.19%, 500=94.43%, 750=1.92%, 1000=0.14%
  lat (usec)   : 2=0.25%, 4=0.46%, 10=0.03%, 20=0.01%, 50=0.18%
  lat (usec)   : 100=0.06%, 250=0.17%, 500=0.14%, 750=0.10%, 1000=0.07%
  lat (msec)   : 2=0.43%, 4=0.27%, 10=0.15%, 20=0.01%
  cpu          : usr=0.75%, sys=3.46%, ctx=3737, majf=0, minf=88
  IO depths    : 1=100.0%, 2=0.0%, 4=0.0%, 8=0.0%, 16=0.0%, 32=0.0%, >=64=0.0%
     submit    : 0=0.0%, 4=100.0%, 8=0.0%, 16=0.0%, 32=0.0%, 64=0.0%, >=64=0.0%
     complete  : 0=0.0%, 4=100.0%, 8=0.0%, 16=0.0%, 32=0.0%, 64=0.0%, >=64=0.0%
     issued rwts: total=262144,0,0,0 short=0,0,0,0 dropped=0,0,0,0
     latency   : target=0, window=0, percentile=100.00%, depth=1

Run status group 0 (all jobs):
   READ: bw=935MiB/s (981MB/s), 935MiB/s-935MiB/s (981MB/s-981MB/s), io=1024MiB (1074MB), run=1095-1095msec
