read: (g=0): rw=read, bs=(R) 4096B-4096B, (W) 4096B-4096B, (T) 4096B-4096B, ioengine=psync, iodepth=1
...
fio-3.16
Starting 4 processes

read: (groupid=0, jobs=4): err= 0: pid=103752: Sun Oct 19 16:55:30 2025
  read: IOPS=501k, BW=1958MiB/s (2053MB/s)(1024MiB/523msec)
    clat (nsec): min=415, max=8017.0k, avg=6995.48, stdev=53527.82
     lat (nsec): min=442, max=8018.0k, avg=7034.16, stdev=53531.25
    clat percentiles (nsec):
     |  1.00th=[   454],  5.00th=[   486], 10.00th=[   516], 20.00th=[   564],
     | 30.00th=[   604], 40.00th=[   652], 50.00th=[   708], 60.00th=[   772],
     | 70.00th=[   852], 80.00th=[   932], 90.00th=[  1128], 95.00th=[  1480],
     | 99.00th=[329728], 99.50th=[411648], 99.90th=[569344], 99.95th=[634880],
     | 99.99th=[733184]
   bw (  KiB/s): min=488920, max=488920, per=24.39%, avg=488920.00, stdev= 0.00, samples=1
   iops        : min=122230, max=122230, avg=122230.00, stdev= 0.00, samples=1
  lat (nsec)   : 500=7.61%, 750=49.26%, 1000=28.30%
  lat (usec)   : 2=11.32%, 4=1.35%, 10=0.10%, 20=0.01%, 50=0.20%
  lat (usec)   : 100=0.29%, 250=0.15%, 500=1.26%, 750=0.15%, 1000=0.01%
  lat (msec)   : 2=0.01%, 4=0.01%, 10=0.01%
  cpu          : usr=3.96%, sys=41.33%, ctx=6455, majf=0, minf=50
  IO depths    : 1=100.0%, 2=0.0%, 4=0.0%, 8=0.0%, 16=0.0%, 32=0.0%, >=64=0.0%
     submit    : 0=0.0%, 4=100.0%, 8=0.0%, 16=0.0%, 32=0.0%, 64=0.0%, >=64=0.0%
     complete  : 0=0.0%, 4=100.0%, 8=0.0%, 16=0.0%, 32=0.0%, 64=0.0%, >=64=0.0%
     issued rwts: total=262144,0,0,0 short=0,0,0,0 dropped=0,0,0,0
     latency   : target=0, window=0, percentile=100.00%, depth=1

Run status group 0 (all jobs):
   READ: bw=1958MiB/s (2053MB/s), 1958MiB/s-1958MiB/s (2053MB/s-2053MB/s), io=1024MiB (1074MB), run=523-523msec
