read: (g=0): rw=read, bs=(R) 128KiB-128KiB, (W) 128KiB-128KiB, (T) 128KiB-128KiB, ioengine=psync, iodepth=1
...
fio-3.16
Starting 2 processes

read: (groupid=0, jobs=2): err= 0: pid=89834: Fri Oct 17 17:29:23 2025
  read: IOPS=3961, BW=495MiB/s (519MB/s)(256MiB/517msec)
    clat (usec): min=4, max=3867, avg=450.79, stdev=748.25
     lat (usec): min=4, max=3867, avg=450.82, stdev=748.24
    clat percentiles (usec):
     |  1.00th=[    6],  5.00th=[    6], 10.00th=[    7], 20.00th=[    7],
     | 30.00th=[    7], 40.00th=[    8], 50.00th=[   31], 60.00th=[   40],
     | 70.00th=[  137], 80.00th=[ 1614], 90.00th=[ 1729], 95.00th=[ 1811],
     | 99.00th=[ 2114], 99.50th=[ 3032], 99.90th=[ 3326], 99.95th=[ 3523],
     | 99.99th=[ 3884]
   bw (  KiB/s): min=253183, max=253184, per=49.93%, avg=253184.00, stdev= 0.00, samples=1
   iops        : min= 1977, max= 1978, avg=1978.00, stdev= 0.00, samples=1
  lat (usec)   : 10=47.80%, 20=0.15%, 50=16.89%, 100=3.37%, 250=4.83%
  lat (usec)   : 500=2.54%, 750=0.44%, 1000=0.20%
  lat (msec)   : 2=22.41%, 4=1.37%
  cpu          : usr=0.00%, sys=6.24%, ctx=799, majf=0, minf=86
  IO depths    : 1=100.0%, 2=0.0%, 4=0.0%, 8=0.0%, 16=0.0%, 32=0.0%, >=64=0.0%
     submit    : 0=0.0%, 4=100.0%, 8=0.0%, 16=0.0%, 32=0.0%, 64=0.0%, >=64=0.0%
     complete  : 0=0.0%, 4=100.0%, 8=0.0%, 16=0.0%, 32=0.0%, 64=0.0%, >=64=0.0%
     issued rwts: total=2048,0,0,0 short=0,0,0,0 dropped=0,0,0,0
     latency   : target=0, window=0, percentile=100.00%, depth=1

Run status group 0 (all jobs):
   READ: bw=495MiB/s (519MB/s), 495MiB/s-495MiB/s (519MB/s-519MB/s), io=256MiB (268MB), run=517-517msec
