write: (g=0): rw=write, bs=(R) 4096B-4096B, (W) 4096B-4096B, (T) 4096B-4096B, ioengine=psync, iodepth=1
...
fio-3.16
Starting 32 processes

write: (groupid=0, jobs=32): err= 0: pid=164635: Fri Oct 10 16:10:23 2025
  write: IOPS=174k, BW=680MiB/s (713MB/s)(4096MiB/6025msec); 0 zone resets
    clat (usec): min=3, max=111129, avg=153.49, stdev=527.75
     lat (usec): min=3, max=111129, avg=153.53, stdev=527.75
    clat percentiles (usec):
     |  1.00th=[    8],  5.00th=[   42], 10.00th=[   67], 20.00th=[   87],
     | 30.00th=[   90], 40.00th=[   93], 50.00th=[   99], 60.00th=[  123],
     | 70.00th=[  137], 80.00th=[  163], 90.00th=[  297], 95.00th=[  334],
     | 99.00th=[  465], 99.50th=[  545], 99.90th=[ 7832], 99.95th=[ 9110],
     | 99.99th=[12256]
   bw (  KiB/s): min=480568, max=1232669, per=100.00%, avg=798894.93, stdev=7686.58, samples=305
   iops        : min=120142, max=308164, avg=199722.49, stdev=1921.61, samples=305
  lat (usec)   : 4=0.01%, 10=1.67%, 20=0.96%, 50=4.05%, 100=44.73%
  lat (usec)   : 250=31.60%, 500=16.28%, 750=0.47%, 1000=0.05%
  lat (msec)   : 2=0.03%, 4=0.01%, 10=0.09%, 20=0.04%, 50=0.01%
  lat (msec)   : 250=0.01%
  cpu          : usr=0.29%, sys=70.06%, ctx=70132596, majf=0, minf=408
  IO depths    : 1=100.0%, 2=0.0%, 4=0.0%, 8=0.0%, 16=0.0%, 32=0.0%, >=64=0.0%
     submit    : 0=0.0%, 4=100.0%, 8=0.0%, 16=0.0%, 32=0.0%, 64=0.0%, >=64=0.0%
     complete  : 0=0.0%, 4=100.0%, 8=0.0%, 16=0.0%, 32=0.0%, 64=0.0%, >=64=0.0%
     issued rwts: total=0,1048576,0,32 short=0,0,0,0 dropped=0,0,0,0
     latency   : target=0, window=0, percentile=100.00%, depth=1

Run status group 0 (all jobs):
  WRITE: bw=680MiB/s (713MB/s), 680MiB/s-680MiB/s (713MB/s-713MB/s), io=4096MiB (4295MB), run=6025-6025msec
