write: (g=0): rw=write, bs=(R) 4096B-4096B, (W) 4096B-4096B, (T) 4096B-4096B, ioengine=psync, iodepth=1
...
fio-3.16
Starting 2 processes

write: (groupid=0, jobs=2): err= 0: pid=701056: Mon Oct 20 06:49:48 2025
  write: IOPS=160k, BW=624MiB/s (655MB/s)(512MiB/820msec); 0 zone resets
    clat (usec): min=8, max=210, avg= 9.49, stdev= 1.34
     lat (usec): min=8, max=210, avg= 9.54, stdev= 1.34
    clat percentiles (nsec):
     |  1.00th=[ 8512],  5.00th=[ 8640], 10.00th=[ 8768], 20.00th=[ 8896],
     | 30.00th=[ 9024], 40.00th=[ 9024], 50.00th=[ 9152], 60.00th=[ 9280],
     | 70.00th=[ 9408], 80.00th=[ 9920], 90.00th=[10560], 95.00th=[11200],
     | 99.00th=[14272], 99.50th=[16064], 99.90th=[23936], 99.95th=[26240],
     | 99.99th=[31360]
   bw (  KiB/s): min=814315, max=814315, per=100.00%, avg=814315.00, stdev= 0.00, samples=2
   iops        : min=203578, max=203578, avg=203578.00, stdev= 0.00, samples=2
  lat (usec)   : 10=81.70%, 20=18.08%, 50=0.22%, 250=0.01%
  cpu          : usr=4.81%, sys=27.81%, ctx=131085, majf=0, minf=21
  IO depths    : 1=100.0%, 2=0.0%, 4=0.0%, 8=0.0%, 16=0.0%, 32=0.0%, >=64=0.0%
     submit    : 0=0.0%, 4=100.0%, 8=0.0%, 16=0.0%, 32=0.0%, 64=0.0%, >=64=0.0%
     complete  : 0=0.0%, 4=100.0%, 8=0.0%, 16=0.0%, 32=0.0%, 64=0.0%, >=64=0.0%
     issued rwts: total=0,131072,0,2 short=0,0,0,0 dropped=0,0,0,0
     latency   : target=0, window=0, percentile=100.00%, depth=1

Run status group 0 (all jobs):
  WRITE: bw=624MiB/s (655MB/s), 624MiB/s-624MiB/s (655MB/s-655MB/s), io=512MiB (537MB), run=820-820msec
