randwrite: (g=0): rw=randwrite, bs=(R) 128KiB-128KiB, (W) 128KiB-128KiB, (T) 128KiB-128KiB, ioengine=libaio, iodepth=16
fio-3.16
Starting 1 process

randwrite: (groupid=0, jobs=1): err= 0: pid=166721: Wed Oct 22 08:44:29 2025
  write: IOPS=5145, BW=643MiB/s (674MB/s)(128MiB/199msec); 0 zone resets
    slat (usec): min=68, max=383, avg=158.66, stdev=47.15
    clat (nsec): min=1940, max=4089.1k, avg=2372199.11, stdev=391758.76
     lat (usec): min=163, max=4422, avg=2531.09, stdev=413.35
    clat percentiles (usec):
     |  1.00th=[ 1270],  5.00th=[ 1893], 10.00th=[ 2008], 20.00th=[ 2147],
     | 30.00th=[ 2212], 40.00th=[ 2278], 50.00th=[ 2376], 60.00th=[ 2409],
     | 70.00th=[ 2474], 80.00th=[ 2573], 90.00th=[ 2704], 95.00th=[ 3032],
     | 99.00th=[ 3654], 99.50th=[ 3818], 99.90th=[ 4047], 99.95th=[ 4080],
     | 99.99th=[ 4080]
  lat (usec)   : 2=0.10%, 250=0.10%, 500=0.29%, 750=0.20%, 1000=0.10%
  lat (msec)   : 2=9.08%, 4=89.75%, 10=0.39%
  cpu          : usr=0.00%, sys=35.35%, ctx=1029, majf=0, minf=12
  IO depths    : 1=0.2%, 2=0.2%, 4=0.4%, 8=0.8%, 16=98.5%, 32=0.0%, >=64=0.0%
     submit    : 0=0.0%, 4=100.0%, 8=0.0%, 16=0.0%, 32=0.0%, 64=0.0%, >=64=0.0%
     complete  : 0=0.0%, 4=99.9%, 8=0.0%, 16=0.1%, 32=0.0%, 64=0.0%, >=64=0.0%
     issued rwts: total=0,1024,0,1 short=0,0,0,0 dropped=0,0,0,0
     latency   : target=0, window=0, percentile=100.00%, depth=16

Run status group 0 (all jobs):
  WRITE: bw=643MiB/s (674MB/s), 643MiB/s-643MiB/s (674MB/s-674MB/s), io=128MiB (134MB), run=199-199msec
