randwrite: (g=0): rw=randwrite, bs=(R) 4096B-4096B, (W) 4096B-4096B, (T) 4096B-4096B, ioengine=libaio, iodepth=16
...
fio-3.16
Starting 32 processes

randwrite: (groupid=0, jobs=32): err= 0: pid=157414: Wed Oct 22 08:44:21 2025
  write: IOPS=250k, BW=977MiB/s (1024MB/s)(4096MiB/4194msec); 0 zone resets
    slat (usec): min=14, max=9679, avg=97.68, stdev=132.72
    clat (nsec): min=1060, max=11069k, avg=1493794.49, stdev=546216.97
     lat (usec): min=20, max=11173, avg=1591.81, stdev=565.69
    clat percentiles (usec):
     |  1.00th=[ 1090],  5.00th=[ 1205], 10.00th=[ 1237], 20.00th=[ 1287],
     | 30.00th=[ 1336], 40.00th=[ 1369], 50.00th=[ 1418], 60.00th=[ 1450],
     | 70.00th=[ 1500], 80.00th=[ 1565], 90.00th=[ 1663], 95.00th=[ 1795],
     | 99.00th=[ 5211], 99.50th=[ 5800], 99.90th=[ 6718], 99.95th=[ 6980],
     | 99.99th=[ 7963]
   bw (  MiB/s): min= 1131, max= 1390, per=100.00%, avg=1249.87, stdev= 2.80, samples=192
   iops        : min=289666, max=355944, avg=319965.00, stdev=716.87, samples=192
  lat (usec)   : 2=0.01%, 4=0.01%, 10=0.01%, 50=0.01%, 100=0.01%
  lat (usec)   : 250=0.01%, 500=0.07%, 750=0.29%, 1000=0.33%
  lat (msec)   : 2=96.54%, 4=1.25%, 10=1.51%, 20=0.01%
  cpu          : usr=2.18%, sys=18.54%, ctx=1055308, majf=0, minf=348
  IO depths    : 1=0.1%, 2=0.1%, 4=0.1%, 8=0.1%, 16=100.0%, 32=0.0%, >=64=0.0%
     submit    : 0=0.0%, 4=100.0%, 8=0.0%, 16=0.0%, 32=0.0%, 64=0.0%, >=64=0.0%
     complete  : 0=0.0%, 4=100.0%, 8=0.0%, 16=0.1%, 32=0.0%, 64=0.0%, >=64=0.0%
     issued rwts: total=0,1048576,0,32 short=0,0,0,0 dropped=0,0,0,0
     latency   : target=0, window=0, percentile=100.00%, depth=16

Run status group 0 (all jobs):
  WRITE: bw=977MiB/s (1024MB/s), 977MiB/s-977MiB/s (1024MB/s-1024MB/s), io=4096MiB (4295MB), run=4194-4194msec
