randread: (g=0): rw=randread, bs=(R) 128KiB-128KiB, (W) 128KiB-128KiB, (T) 128KiB-128KiB, ioengine=libaio, iodepth=16
...
fio-3.16
Starting 4 processes

randread: (groupid=0, jobs=4): err= 0: pid=100966: Wed Oct 22 08:41:30 2025
  read: IOPS=11.3k, BW=1418MiB/s (1487MB/s)(512MiB/361msec)
    slat (usec): min=17, max=905, avg=322.31, stdev=200.54
    clat (nsec): min=1691, max=9455.4k, avg=4782783.30, stdev=1467113.30
     lat (usec): min=341, max=10303, avg=5105.32, stdev=1550.69
    clat percentiles (usec):
     |  1.00th=[ 1500],  5.00th=[ 2376], 10.00th=[ 2835], 20.00th=[ 3425],
     | 30.00th=[ 3916], 40.00th=[ 4424], 50.00th=[ 4883], 60.00th=[ 5276],
     | 70.00th=[ 5735], 80.00th=[ 6063], 90.00th=[ 6587], 95.00th=[ 6980],
     | 99.00th=[ 7963], 99.50th=[ 8455], 99.90th=[ 8979], 99.95th=[ 9241],
     | 99.99th=[ 9503]
  lat (usec)   : 2=0.02%, 4=0.07%, 500=0.20%, 750=0.07%, 1000=0.05%
  lat (msec)   : 2=2.03%, 4=28.88%, 10=68.68%
  cpu          : usr=1.28%, sys=36.88%, ctx=2980, majf=0, minf=2084
  IO depths    : 1=0.1%, 2=0.2%, 4=0.4%, 8=0.8%, 16=98.5%, 32=0.0%, >=64=0.0%
     submit    : 0=0.0%, 4=100.0%, 8=0.0%, 16=0.0%, 32=0.0%, 64=0.0%, >=64=0.0%
     complete  : 0=0.0%, 4=99.9%, 8=0.0%, 16=0.1%, 32=0.0%, 64=0.0%, >=64=0.0%
     issued rwts: total=4096,0,0,0 short=0,0,0,0 dropped=0,0,0,0
     latency   : target=0, window=0, percentile=100.00%, depth=16

Run status group 0 (all jobs):
   READ: bw=1418MiB/s (1487MB/s), 1418MiB/s-1418MiB/s (1487MB/s-1487MB/s), io=512MiB (537MB), run=361-361msec
