randwrite: (g=0): rw=randwrite, bs=(R) 128KiB-128KiB, (W) 128KiB-128KiB, (T) 128KiB-128KiB, ioengine=libaio, iodepth=16
...
fio-3.16
Starting 2 processes

randwrite: (groupid=0, jobs=2): err= 0: pid=166777: Wed Oct 22 08:44:35 2025
  write: IOPS=8533, BW=1067MiB/s (1118MB/s)(256MiB/240msec); 0 zone resets
    slat (usec): min=79, max=450, avg=171.78, stdev=45.66
    clat (usec): min=3, max=4421, avg=2577.43, stdev=326.20
     lat (usec): min=153, max=4873, avg=2749.49, stdev=340.82
    clat percentiles (usec):
     |  1.00th=[ 1696],  5.00th=[ 2114], 10.00th=[ 2245], 20.00th=[ 2376],
     | 30.00th=[ 2474], 40.00th=[ 2540], 50.00th=[ 2606], 60.00th=[ 2671],
     | 70.00th=[ 2737], 80.00th=[ 2802], 90.00th=[ 2868], 95.00th=[ 2966],
     | 99.00th=[ 3261], 99.50th=[ 3490], 99.90th=[ 4178], 99.95th=[ 4293],
     | 99.99th=[ 4424]
  lat (usec)   : 4=0.10%, 250=0.10%, 500=0.15%, 750=0.20%, 1000=0.15%
  lat (msec)   : 2=1.71%, 4=97.41%, 10=0.20%
  cpu          : usr=4.39%, sys=28.66%, ctx=2060, majf=0, minf=22
  IO depths    : 1=0.2%, 2=0.2%, 4=0.4%, 8=0.8%, 16=98.5%, 32=0.0%, >=64=0.0%
     submit    : 0=0.0%, 4=100.0%, 8=0.0%, 16=0.0%, 32=0.0%, 64=0.0%, >=64=0.0%
     complete  : 0=0.0%, 4=99.9%, 8=0.0%, 16=0.1%, 32=0.0%, 64=0.0%, >=64=0.0%
     issued rwts: total=0,2048,0,2 short=0,0,0,0 dropped=0,0,0,0
     latency   : target=0, window=0, percentile=100.00%, depth=16

Run status group 0 (all jobs):
  WRITE: bw=1067MiB/s (1118MB/s), 1067MiB/s-1067MiB/s (1118MB/s-1118MB/s), io=256MiB (268MB), run=240-240msec
