randread: (g=0): rw=randread, bs=(R) 4096B-4096B, (W) 4096B-4096B, (T) 4096B-4096B, ioengine=libaio, iodepth=16
...
fio-3.16
Starting 8 processes

randread: (groupid=0, jobs=8): err= 0: pid=99305: Wed Oct 22 08:40:46 2025
  read: IOPS=111k, BW=434MiB/s (456MB/s)(1024MiB/2357msec)
    slat (nsec): min=857, max=4123.6k, avg=69736.78, stdev=62903.07
    clat (nsec): min=985, max=5486.7k, avg=1064402.21, stdev=403569.52
     lat (usec): min=4, max=5651, avg=1134.29, stdev=425.91
    clat percentiles (usec):
     |  1.00th=[  273],  5.00th=[  429], 10.00th=[  537], 20.00th=[  685],
     | 30.00th=[  816], 40.00th=[  938], 50.00th=[ 1057], 60.00th=[ 1188],
     | 70.00th=[ 1303], 80.00th=[ 1434], 90.00th=[ 1582], 95.00th=[ 1696],
     | 99.00th=[ 1876], 99.50th=[ 1958], 99.90th=[ 2114], 99.95th=[ 2278],
     | 99.99th=[ 5145]
   bw (  KiB/s): min=304784, max=528424, per=90.10%, avg=400824.00, stdev=10624.48, samples=32
   iops        : min=76196, max=132106, avg=100206.50, stdev=2656.14, samples=32
  lat (nsec)   : 1000=0.01%
  lat (usec)   : 2=0.01%, 4=0.01%, 10=0.01%, 20=0.01%, 50=0.01%
  lat (usec)   : 100=0.02%, 250=0.71%, 500=7.46%, 750=16.41%, 1000=20.19%
  lat (msec)   : 2=54.90%, 4=0.25%, 10=0.05%
  cpu          : usr=1.92%, sys=19.05%, ctx=283450, majf=0, minf=202
  IO depths    : 1=0.1%, 2=0.1%, 4=0.1%, 8=0.1%, 16=100.0%, 32=0.0%, >=64=0.0%
     submit    : 0=0.0%, 4=100.0%, 8=0.0%, 16=0.0%, 32=0.0%, 64=0.0%, >=64=0.0%
     complete  : 0=0.0%, 4=100.0%, 8=0.0%, 16=0.1%, 32=0.0%, 64=0.0%, >=64=0.0%
     issued rwts: total=262144,0,0,0 short=0,0,0,0 dropped=0,0,0,0
     latency   : target=0, window=0, percentile=100.00%, depth=16

Run status group 0 (all jobs):
   READ: bw=434MiB/s (456MB/s), 434MiB/s-434MiB/s (456MB/s-456MB/s), io=1024MiB (1074MB), run=2357-2357msec
