read: (g=0): rw=read, bs=(R) 128KiB-128KiB, (W) 128KiB-128KiB, (T) 128KiB-128KiB, ioengine=libaio, iodepth=16
...
fio-3.16
Starting 2 processes

read: (groupid=0, jobs=2): err= 0: pid=98454: Wed Oct 22 08:39:40 2025
  read: IOPS=5919, BW=740MiB/s (776MB/s)(256MiB/346msec)
    slat (usec): min=23, max=1701, avg=331.43, stdev=302.31
    clat (nsec): min=1445, max=7065.8k, avg=4928531.27, stdev=680902.49
     lat (usec): min=25, max=8504, avg=5260.17, stdev=687.90
    clat percentiles (usec):
     |  1.00th=[ 2212],  5.00th=[ 4047], 10.00th=[ 4228], 20.00th=[ 4490],
     | 30.00th=[ 4686], 40.00th=[ 4817], 50.00th=[ 4948], 60.00th=[ 5080],
     | 70.00th=[ 5276], 80.00th=[ 5407], 90.00th=[ 5669], 95.00th=[ 5866],
     | 99.00th=[ 6259], 99.50th=[ 6456], 99.90th=[ 6980], 99.95th=[ 7046],
     | 99.99th=[ 7046]
  lat (usec)   : 2=0.10%, 50=0.05%, 100=0.05%, 500=0.15%, 750=0.20%
  lat (msec)   : 2=0.34%, 4=3.56%, 10=95.56%
  cpu          : usr=0.44%, sys=51.61%, ctx=1150, majf=0, minf=1049
  IO depths    : 1=0.1%, 2=0.2%, 4=0.4%, 8=0.8%, 16=98.5%, 32=0.0%, >=64=0.0%
     submit    : 0=0.0%, 4=100.0%, 8=0.0%, 16=0.0%, 32=0.0%, 64=0.0%, >=64=0.0%
     complete  : 0=0.0%, 4=99.9%, 8=0.0%, 16=0.1%, 32=0.0%, 64=0.0%, >=64=0.0%
     issued rwts: total=2048,0,0,0 short=0,0,0,0 dropped=0,0,0,0
     latency   : target=0, window=0, percentile=100.00%, depth=16

Run status group 0 (all jobs):
   READ: bw=740MiB/s (776MB/s), 740MiB/s-740MiB/s (776MB/s-776MB/s), io=256MiB (268MB), run=346-346msec
