read: (g=0): rw=read, bs=(R) 128KiB-128KiB, (W) 128KiB-128KiB, (T) 128KiB-128KiB, ioengine=libaio, iodepth=16
...
fio-3.16
Starting 16 processes

read: (groupid=0, jobs=16): err= 0: pid=98713: Wed Oct 22 08:40:00 2025
  read: IOPS=10.7k, BW=1337MiB/s (1402MB/s)(2048MiB/1532msec)
    slat (usec): min=21, max=9736, avg=1443.69, stdev=1372.86
    clat (nsec): min=1972, max=37133k, avg=21634434.93, stdev=4750981.43
     lat (usec): min=43, max=38513, avg=23079.79, stdev=4849.38
    clat percentiles (usec):
     |  1.00th=[ 5473],  5.00th=[14091], 10.00th=[16057], 20.00th=[18220],
     | 30.00th=[19792], 40.00th=[21103], 50.00th=[21890], 60.00th=[22938],
     | 70.00th=[23987], 80.00th=[25297], 90.00th=[27132], 95.00th=[28967],
     | 99.00th=[31851], 99.50th=[32900], 99.90th=[34866], 99.95th=[35390],
     | 99.99th=[36439]
   bw (  MiB/s): min= 1303, max= 1471, per=100.00%, avg=1387.92, stdev= 5.42, samples=39
   iops        : min=10426, max=11774, avg=11103.33, stdev=43.37, samples=39
  lat (usec)   : 2=0.01%, 4=0.07%, 10=0.01%, 20=0.01%, 50=0.01%
  lat (usec)   : 100=0.02%, 250=0.07%, 500=0.02%, 750=0.05%, 1000=0.04%
  lat (msec)   : 2=0.19%, 4=0.24%, 10=1.44%, 20=29.06%, 50=68.76%
  cpu          : usr=0.71%, sys=42.96%, ctx=16981, majf=0, minf=8379
  IO depths    : 1=0.1%, 2=0.2%, 4=0.4%, 8=0.8%, 16=98.5%, 32=0.0%, >=64=0.0%
     submit    : 0=0.0%, 4=100.0%, 8=0.0%, 16=0.0%, 32=0.0%, 64=0.0%, >=64=0.0%
     complete  : 0=0.0%, 4=99.9%, 8=0.0%, 16=0.1%, 32=0.0%, 64=0.0%, >=64=0.0%
     issued rwts: total=16384,0,0,0 short=0,0,0,0 dropped=0,0,0,0
     latency   : target=0, window=0, percentile=100.00%, depth=16

Run status group 0 (all jobs):
   READ: bw=1337MiB/s (1402MB/s), 1337MiB/s-1337MiB/s (1402MB/s-1402MB/s), io=2048MiB (2147MB), run=1532-1532msec
