write: (g=0): rw=write, bs=(R) 128KiB-128KiB, (W) 128KiB-128KiB, (T) 128KiB-128KiB, ioengine=libaio, iodepth=16
...
fio-3.16
Starting 2 processes

write: (groupid=0, jobs=2): err= 0: pid=134546: Wed Oct 22 08:42:58 2025
  write: IOPS=5389, BW=674MiB/s (706MB/s)(256MiB/380msec); 0 zone resets
    slat (usec): min=207, max=563, avg=269.35, stdev=27.87
    clat (nsec): min=1893, max=5080.1k, avg=4027501.24, stdev=370595.59
     lat (usec): min=220, max=5644, avg=4297.11, stdev=380.12
    clat percentiles (usec):
     |  1.00th=[ 2474],  5.00th=[ 3752], 10.00th=[ 3818], 20.00th=[ 3851],
     | 30.00th=[ 3916], 40.00th=[ 3982], 50.00th=[ 4047], 60.00th=[ 4080],
     | 70.00th=[ 4146], 80.00th=[ 4228], 90.00th=[ 4359], 95.00th=[ 4424],
     | 99.00th=[ 4686], 99.50th=[ 4883], 99.90th=[ 4948], 99.95th=[ 5014],
     | 99.99th=[ 5080]
  lat (usec)   : 2=0.05%, 4=0.05%, 250=0.05%, 500=0.10%, 750=0.10%
  lat (usec)   : 1000=0.10%
  lat (msec)   : 2=0.39%, 4=42.24%, 10=56.93%
  cpu          : usr=3.97%, sys=29.93%, ctx=2055, majf=0, minf=25
  IO depths    : 1=0.2%, 2=0.2%, 4=0.4%, 8=0.8%, 16=98.5%, 32=0.0%, >=64=0.0%
     submit    : 0=0.0%, 4=100.0%, 8=0.0%, 16=0.0%, 32=0.0%, 64=0.0%, >=64=0.0%
     complete  : 0=0.0%, 4=99.9%, 8=0.0%, 16=0.1%, 32=0.0%, 64=0.0%, >=64=0.0%
     issued rwts: total=0,2048,0,2 short=0,0,0,0 dropped=0,0,0,0
     latency   : target=0, window=0, percentile=100.00%, depth=16

Run status group 0 (all jobs):
  WRITE: bw=674MiB/s (706MB/s), 674MiB/s-674MiB/s (706MB/s-706MB/s), io=256MiB (268MB), run=380-380msec
