write: (g=0): rw=write, bs=(R) 4096B-4096B, (W) 4096B-4096B, (T) 4096B-4096B, ioengine=libaio, iodepth=16
...
fio-3.16
Starting 32 processes

write: (groupid=0, jobs=32): err= 0: pid=124987: Wed Oct 22 08:42:44 2025
  write: IOPS=264k, BW=1029MiB/s (1079MB/s)(4096MiB/3979msec); 0 zone resets
    slat (usec): min=14, max=13033, avg=106.22, stdev=202.78
    clat (nsec): min=783, max=15898k, avg=1621549.50, stdev=832298.62
     lat (usec): min=18, max=16080, avg=1728.11, stdev=861.61
    clat percentiles (usec):
     |  1.00th=[ 1004],  5.00th=[ 1156], 10.00th=[ 1205], 20.00th=[ 1287],
     | 30.00th=[ 1352], 40.00th=[ 1418], 50.00th=[ 1467], 60.00th=[ 1516],
     | 70.00th=[ 1565], 80.00th=[ 1647], 90.00th=[ 1795], 95.00th=[ 2147],
     | 99.00th=[ 5800], 99.50th=[ 6259], 99.90th=[ 7767], 99.95th=[ 9765],
     | 99.99th=[11600]
   bw (  MiB/s): min=  992, max= 1444, per=100.00%, avg=1150.80, stdev= 4.29, samples=219
   iops        : min=254188, max=369662, avg=294603.86, stdev=1098.58, samples=219
  lat (nsec)   : 1000=0.01%
  lat (usec)   : 2=0.01%, 4=0.01%, 20=0.01%, 50=0.01%, 100=0.01%
  lat (usec)   : 250=0.01%, 500=0.10%, 750=0.24%, 1000=0.62%
  lat (msec)   : 2=93.22%, 4=1.79%, 10=3.97%, 20=0.05%
  cpu          : usr=2.27%, sys=21.16%, ctx=1054973, majf=0, minf=378
  IO depths    : 1=0.1%, 2=0.1%, 4=0.1%, 8=0.1%, 16=100.0%, 32=0.0%, >=64=0.0%
     submit    : 0=0.0%, 4=100.0%, 8=0.0%, 16=0.0%, 32=0.0%, 64=0.0%, >=64=0.0%
     complete  : 0=0.0%, 4=100.0%, 8=0.0%, 16=0.1%, 32=0.0%, 64=0.0%, >=64=0.0%
     issued rwts: total=0,1048576,0,32 short=0,0,0,0 dropped=0,0,0,0
     latency   : target=0, window=0, percentile=100.00%, depth=16

Run status group 0 (all jobs):
  WRITE: bw=1029MiB/s (1079MB/s), 1029MiB/s-1029MiB/s (1079MB/s-1079MB/s), io=4096MiB (4295MB), run=3979-3979msec
