write: (g=0): rw=write, bs=(R) 128KiB-128KiB, (W) 128KiB-128KiB, (T) 128KiB-128KiB, ioengine=libaio, iodepth=16
...
fio-3.16
Starting 16 processes

write: (groupid=0, jobs=16): err= 0: pid=135052: Wed Oct 22 08:43:19 2025
  write: IOPS=9362, BW=1170MiB/s (1227MB/s)(2048MiB/1750msec); 0 zone resets
    slat (usec): min=256, max=19305, avg=1161.15, stdev=665.56
    clat (usec): min=2, max=42188, avg=17455.05, stdev=3927.27
     lat (usec): min=299, max=47612, avg=18617.76, stdev=4139.86
    clat percentiles (usec):
     |  1.00th=[ 8717],  5.00th=[13304], 10.00th=[13960], 20.00th=[14746],
     | 30.00th=[15401], 40.00th=[15926], 50.00th=[16581], 60.00th=[17171],
     | 70.00th=[18220], 80.00th=[20579], 90.00th=[22676], 95.00th=[25035],
     | 99.00th=[28181], 99.50th=[30016], 99.90th=[39584], 99.95th=[40633],
     | 99.99th=[42206]
   bw (  MiB/s): min= 1654, max= 1841, per=100.00%, avg=1747.78, stdev= 6.31, samples=32
   iops        : min=13232, max=14732, avg=13982.00, stdev=50.49, samples=32
  lat (usec)   : 4=0.04%, 10=0.05%, 50=0.01%, 500=0.02%, 750=0.03%
  lat (usec)   : 1000=0.05%
  lat (msec)   : 2=0.14%, 4=0.24%, 10=0.54%, 20=77.86%, 50=21.02%
  cpu          : usr=3.08%, sys=27.52%, ctx=17575, majf=0, minf=198
  IO depths    : 1=0.2%, 2=0.2%, 4=0.4%, 8=0.8%, 16=98.5%, 32=0.0%, >=64=0.0%
     submit    : 0=0.0%, 4=100.0%, 8=0.0%, 16=0.0%, 32=0.0%, 64=0.0%, >=64=0.0%
     complete  : 0=0.0%, 4=99.9%, 8=0.0%, 16=0.1%, 32=0.0%, 64=0.0%, >=64=0.0%
     issued rwts: total=0,16384,0,16 short=0,0,0,0 dropped=0,0,0,0
     latency   : target=0, window=0, percentile=100.00%, depth=16

Run status group 0 (all jobs):
  WRITE: bw=1170MiB/s (1227MB/s), 1170MiB/s-1170MiB/s (1227MB/s-1227MB/s), io=2048MiB (2147MB), run=1750-1750msec
