write: (g=0): rw=write, bs=(R) 128KiB-128KiB, (W) 128KiB-128KiB, (T) 128KiB-128KiB, ioengine=libaio, iodepth=16
...
fio-3.16
Starting 4 processes

write: (groupid=0, jobs=4): err= 0: pid=134601: Wed Oct 22 08:43:04 2025
  write: IOPS=8923, BW=1115MiB/s (1170MB/s)(512MiB/459msec); 0 zone resets
    slat (usec): min=172, max=525, avg=271.47, stdev=53.83
    clat (nsec): min=1914, max=6183.8k, avg=4064164.60, stdev=713417.05
     lat (usec): min=193, max=6580, avg=4335.96, stdev=753.24
    clat percentiles (usec):
     |  1.00th=[ 2245],  5.00th=[ 3228], 10.00th=[ 3523], 20.00th=[ 3687],
     | 30.00th=[ 3752], 40.00th=[ 3785], 50.00th=[ 3851], 60.00th=[ 3949],
     | 70.00th=[ 4047], 80.00th=[ 4948], 90.00th=[ 5211], 95.00th=[ 5342],
     | 99.00th=[ 5669], 99.50th=[ 5735], 99.90th=[ 6128], 99.95th=[ 6194],
     | 99.99th=[ 6194]
  lat (usec)   : 2=0.02%, 4=0.05%, 10=0.02%, 250=0.05%, 500=0.10%
  lat (usec)   : 750=0.10%, 1000=0.12%
  lat (msec)   : 2=0.42%, 4=65.75%, 10=33.37%
  cpu          : usr=2.91%, sys=27.81%, ctx=4183, majf=0, minf=49
  IO depths    : 1=0.2%, 2=0.2%, 4=0.4%, 8=0.8%, 16=98.5%, 32=0.0%, >=64=0.0%
     submit    : 0=0.0%, 4=100.0%, 8=0.0%, 16=0.0%, 32=0.0%, 64=0.0%, >=64=0.0%
     complete  : 0=0.0%, 4=99.9%, 8=0.0%, 16=0.1%, 32=0.0%, 64=0.0%, >=64=0.0%
     issued rwts: total=0,4096,0,4 short=0,0,0,0 dropped=0,0,0,0
     latency   : target=0, window=0, percentile=100.00%, depth=16

Run status group 0 (all jobs):
  WRITE: bw=1115MiB/s (1170MB/s), 1115MiB/s-1115MiB/s (1170MB/s-1170MB/s), io=512MiB (537MB), run=459-459msec
