randwrite: (g=0): rw=randwrite, bs=(R) 128KiB-128KiB, (W) 128KiB-128KiB, (T) 128KiB-128KiB, ioengine=psync, iodepth=1
...
fio-3.16
Starting 8 processes

randwrite: (groupid=0, jobs=8): err= 0: pid=93922: Thu Oct 30 03:23:04 2025
  write: IOPS=21.8k, BW=2723MiB/s (2856MB/s)(1024MiB/376msec); 0 zone resets
    clat (nsec): min=12293, max=85884, avg=48918.27, stdev=13121.53
     lat (nsec): min=13112, max=86989, avg=49748.36, stdev=13123.11
    clat percentiles (nsec):
     |  1.00th=[22656],  5.00th=[30848], 10.00th=[31872], 20.00th=[33024],
     | 30.00th=[34048], 40.00th=[54528], 50.00th=[56064], 60.00th=[57088],
     | 70.00th=[58112], 80.00th=[59648], 90.00th=[61184], 95.00th=[62720],
     | 99.00th=[68096], 99.50th=[72192], 99.90th=[79360], 99.95th=[80384],
     | 99.99th=[85504]
  lat (usec)   : 20=0.85%, 50=36.07%, 100=63.07%
  cpu          : usr=0.13%, sys=16.27%, ctx=528, majf=0, minf=84
  IO depths    : 1=100.1%, 2=0.0%, 4=0.0%, 8=0.0%, 16=0.0%, 32=0.0%, >=64=0.0%
     submit    : 0=0.0%, 4=100.0%, 8=0.0%, 16=0.0%, 32=0.0%, 64=0.0%, >=64=0.0%
     complete  : 0=0.0%, 4=100.0%, 8=0.0%, 16=0.0%, 32=0.0%, 64=0.0%, >=64=0.0%
     issued rwts: total=0,8192,0,8 short=0,0,0,0 dropped=0,0,0,0
     latency   : target=0, window=0, percentile=100.00%, depth=1

Run status group 0 (all jobs):
  WRITE: bw=2723MiB/s (2856MB/s), 2723MiB/s-2723MiB/s (2856MB/s-2856MB/s), io=1024MiB (1074MB), run=376-376msec

Disk stats (read/write):
  nvme0n1: ios=0/634, merge=0/0, ticks=0/27844, in_queue=27844, util=38.55%
