randread: (g=0): rw=randread, bs=(R) 128KiB-128KiB, (W) 128KiB-128KiB, (T) 128KiB-128KiB, ioengine=psync, iodepth=1
...
fio-3.16
Starting 4 processes

randread: (groupid=0, jobs=4): err= 0: pid=93099: Thu Oct 30 03:22:47 2025
  read: IOPS=24.0k, BW=3122MiB/s (3274MB/s)(512MiB/164msec)
    clat (usec): min=5, max=8869, avg=157.08, stdev=287.94
     lat (usec): min=5, max=8870, avg=157.13, stdev=287.95
    clat percentiles (usec):
     |  1.00th=[   14],  5.00th=[   16], 10.00th=[   17], 20.00th=[   21],
     | 30.00th=[   23], 40.00th=[  188], 50.00th=[  196], 60.00th=[  208],
     | 70.00th=[  221], 80.00th=[  231], 90.00th=[  253], 95.00th=[  277],
     | 99.00th=[  326], 99.50th=[  343], 99.90th=[  416], 99.95th=[ 8717],
     | 99.99th=[ 8848]
  lat (usec)   : 10=0.10%, 20=15.67%, 50=20.92%, 250=51.98%, 500=11.23%
  lat (msec)   : 10=0.10%
  cpu          : usr=0.78%, sys=24.38%, ctx=2601, majf=2, minf=170
  IO depths    : 1=100.0%, 2=0.0%, 4=0.0%, 8=0.0%, 16=0.0%, 32=0.0%, >=64=0.0%
     submit    : 0=0.0%, 4=100.0%, 8=0.0%, 16=0.0%, 32=0.0%, 64=0.0%, >=64=0.0%
     complete  : 0=0.0%, 4=100.0%, 8=0.0%, 16=0.0%, 32=0.0%, 64=0.0%, >=64=0.0%
     issued rwts: total=4096,0,0,0 short=0,0,0,0 dropped=0,0,0,0
     latency   : target=0, window=0, percentile=100.00%, depth=1

Run status group 0 (all jobs):
   READ: bw=3122MiB/s (3274MB/s), 3122MiB/s-3122MiB/s (3274MB/s-3274MB/s), io=512MiB (537MB), run=164-164msec

Disk stats (read/write):
  nvme0n1: ios=2370/0, merge=0/0, ticks=450/0, in_queue=450, util=61.04%
