randread: (g=0): rw=randread, bs=(R) 128KiB-128KiB, (W) 128KiB-128KiB, (T) 128KiB-128KiB, ioengine=psync, iodepth=1
...
fio-3.16
Starting 2 processes

randread: (groupid=0, jobs=2): err= 0: pid=93052: Thu Oct 30 03:22:46 2025
  read: IOPS=13.9k, BW=1741MiB/s (1826MB/s)(256MiB/147msec)
    clat (usec): min=11, max=8721, avg=141.53, stdev=282.44
     lat (usec): min=11, max=8722, avg=141.59, stdev=282.45
    clat percentiles (usec):
     |  1.00th=[   14],  5.00th=[   15], 10.00th=[   17], 20.00th=[   20],
     | 30.00th=[   22], 40.00th=[  176], 50.00th=[  188], 60.00th=[  192],
     | 70.00th=[  196], 80.00th=[  208], 90.00th=[  217], 95.00th=[  223],
     | 99.00th=[  258], 99.50th=[  277], 99.90th=[  306], 99.95th=[ 8717],
     | 99.99th=[ 8717]
  lat (usec)   : 20=21.73%, 50=15.09%, 250=61.57%, 500=1.51%
  lat (msec)   : 10=0.10%
  cpu          : usr=0.00%, sys=27.59%, ctx=1296, majf=0, minf=84
  IO depths    : 1=100.0%, 2=0.0%, 4=0.0%, 8=0.0%, 16=0.0%, 32=0.0%, >=64=0.0%
     submit    : 0=0.0%, 4=100.0%, 8=0.0%, 16=0.0%, 32=0.0%, 64=0.0%, >=64=0.0%
     complete  : 0=0.0%, 4=100.0%, 8=0.0%, 16=0.0%, 32=0.0%, 64=0.0%, >=64=0.0%
     issued rwts: total=2048,0,0,0 short=0,0,0,0 dropped=0,0,0,0
     latency   : target=0, window=0, percentile=100.00%, depth=1

Run status group 0 (all jobs):
   READ: bw=1741MiB/s (1826MB/s), 1741MiB/s-1741MiB/s (1826MB/s-1826MB/s), io=256MiB (268MB), run=147-147msec

Disk stats (read/write):
  nvme0n1: ios=0/0, merge=0/0, ticks=0/0, in_queue=0, util=0.00%
