randread: (g=0): rw=randread, bs=(R) 128KiB-128KiB, (W) 128KiB-128KiB, (T) 128KiB-128KiB, ioengine=psync, iodepth=1
...
fio-3.16
Starting 8 processes

randread: (groupid=0, jobs=8): err= 0: pid=93148: Thu Oct 30 03:22:48 2025
  read: IOPS=37.6k, BW=4697MiB/s (4925MB/s)(1024MiB/218msec)
    clat (usec): min=5, max=8966, avg=210.31, stdev=308.22
     lat (usec): min=5, max=8967, avg=210.36, stdev=308.22
    clat percentiles (usec):
     |  1.00th=[   15],  5.00th=[   16], 10.00th=[   18], 20.00th=[   22],
     | 30.00th=[   24], 40.00th=[  225], 50.00th=[  260], 60.00th=[  281],
     | 70.00th=[  302], 80.00th=[  326], 90.00th=[  367], 95.00th=[  400],
     | 99.00th=[  474], 99.50th=[  498], 99.90th=[  717], 99.95th=[ 8848],
     | 99.99th=[ 8979]
  lat (usec)   : 10=0.13%, 20=12.65%, 50=24.15%, 250=9.56%, 500=53.05%
  lat (usec)   : 750=0.37%
  lat (msec)   : 10=0.10%
  cpu          : usr=0.00%, sys=19.40%, ctx=5183, majf=0, minf=343
  IO depths    : 1=100.0%, 2=0.0%, 4=0.0%, 8=0.0%, 16=0.0%, 32=0.0%, >=64=0.0%
     submit    : 0=0.0%, 4=100.0%, 8=0.0%, 16=0.0%, 32=0.0%, 64=0.0%, >=64=0.0%
     complete  : 0=0.0%, 4=100.0%, 8=0.0%, 16=0.0%, 32=0.0%, 64=0.0%, >=64=0.0%
     issued rwts: total=8192,0,0,0 short=0,0,0,0 dropped=0,0,0,0
     latency   : target=0, window=0, percentile=100.00%, depth=1

Run status group 0 (all jobs):
   READ: bw=4697MiB/s (4925MB/s), 4697MiB/s-4697MiB/s (4925MB/s-4925MB/s), io=1024MiB (1074MB), run=218-218msec

Disk stats (read/write):
  nvme0n1: ios=3437/0, merge=0/0, ticks=972/0, in_queue=972, util=59.44%
