read: (g=0): rw=read, bs=(R) 128KiB-128KiB, (W) 128KiB-128KiB, (T) 128KiB-128KiB, ioengine=psync, iodepth=1
...
fio-3.16
Starting 32 processes

read: (groupid=0, jobs=32): err= 0: pid=92929: Thu Oct 30 03:22:45 2025
  read: IOPS=25.1k, BW=3136MiB/s (3289MB/s)(4096MiB/1306msec)
    clat (usec): min=9, max=17875, avg=1261.38, stdev=1879.42
     lat (usec): min=9, max=17875, avg=1261.45, stdev=1879.40
    clat percentiles (usec):
     |  1.00th=[   13],  5.00th=[   16], 10.00th=[   17], 20.00th=[   20],
     | 30.00th=[   23], 40.00th=[   26], 50.00th=[   42], 60.00th=[  260],
     | 70.00th=[ 1680], 80.00th=[ 3163], 90.00th=[ 4146], 95.00th=[ 5014],
     | 99.00th=[ 6783], 99.50th=[ 7373], 99.90th=[ 9896], 99.95th=[12125],
     | 99.99th=[16057]
   bw (  MiB/s): min= 3082, max= 3184, per=99.91%, avg=3133.46, stdev= 1.92, samples=64
   iops        : min=24660, max=25472, avg=25066.00, stdev=15.36, samples=64
  lat (usec)   : 10=0.01%, 20=21.89%, 50=28.12%, 100=6.80%, 250=3.09%
  lat (usec)   : 500=2.52%, 750=1.78%, 1000=1.67%
  lat (msec)   : 2=6.25%, 4=15.98%, 10=11.80%, 20=0.09%
  cpu          : usr=0.09%, sys=4.73%, ctx=13967, majf=0, minf=1411
  IO depths    : 1=100.0%, 2=0.0%, 4=0.0%, 8=0.0%, 16=0.0%, 32=0.0%, >=64=0.0%
     submit    : 0=0.0%, 4=100.0%, 8=0.0%, 16=0.0%, 32=0.0%, 64=0.0%, >=64=0.0%
     complete  : 0=0.0%, 4=100.0%, 8=0.0%, 16=0.0%, 32=0.0%, 64=0.0%, >=64=0.0%
     issued rwts: total=32768,0,0,0 short=0,0,0,0 dropped=0,0,0,0
     latency   : target=0, window=0, percentile=100.00%, depth=1

Run status group 0 (all jobs):
   READ: bw=3136MiB/s (3289MB/s), 3136MiB/s-3136MiB/s (3289MB/s-3289MB/s), io=4096MiB (4295MB), run=1306-1306msec

Disk stats (read/write):
  nvme0n1: ios=14281/2, merge=0/3, ticks=68041/10, in_queue=68054, util=91.59%
