read: (g=0): rw=read, bs=(R) 128KiB-128KiB, (W) 128KiB-128KiB, (T) 128KiB-128KiB, ioengine=psync, iodepth=1
fio-3.16
Starting 1 process

read: (groupid=0, jobs=1): err= 0: pid=92619: Thu Oct 30 03:22:39 2025
  read: IOPS=20.1k, BW=2510MiB/s (2632MB/s)(128MiB/51msec)
    clat (usec): min=9, max=1036, avg=48.63, stdev=49.51
     lat (usec): min=9, max=1037, avg=48.66, stdev=49.51
    clat percentiles (usec):
     |  1.00th=[   10],  5.00th=[   10], 10.00th=[   10], 20.00th=[   10],
     | 30.00th=[   11], 40.00th=[   11], 50.00th=[   21], 60.00th=[   83],
     | 70.00th=[   83], 80.00th=[   84], 90.00th=[   84], 95.00th=[   85],
     | 99.00th=[  128], 99.50th=[  174], 99.90th=[  247], 99.95th=[ 1037],
     | 99.99th=[ 1037]
  lat (usec)   : 10=21.48%, 20=28.42%, 50=0.10%, 100=47.75%, 250=2.15%
  lat (msec)   : 2=0.10%
  cpu          : usr=0.00%, sys=96.00%, ctx=26, majf=0, minf=43
  IO depths    : 1=100.0%, 2=0.0%, 4=0.0%, 8=0.0%, 16=0.0%, 32=0.0%, >=64=0.0%
     submit    : 0=0.0%, 4=100.0%, 8=0.0%, 16=0.0%, 32=0.0%, 64=0.0%, >=64=0.0%
     complete  : 0=0.0%, 4=100.0%, 8=0.0%, 16=0.0%, 32=0.0%, 64=0.0%, >=64=0.0%
     issued rwts: total=1024,0,0,0 short=0,0,0,0 dropped=0,0,0,0
     latency   : target=0, window=0, percentile=100.00%, depth=1

Run status group 0 (all jobs):
   READ: bw=2510MiB/s (2632MB/s), 2510MiB/s-2510MiB/s (2632MB/s-2632MB/s), io=128MiB (134MB), run=51-51msec

Disk stats (read/write):
  nvme0n1: ios=0/0, merge=0/0, ticks=0/0, in_queue=0, util=0.00%
