write: (g=0): rw=write, bs=(R) 128KiB-128KiB, (W) 128KiB-128KiB, (T) 128KiB-128KiB, ioengine=psync, iodepth=1
...
fio-3.16
Starting 8 processes

write: (groupid=0, jobs=8): err= 0: pid=93535: Thu Oct 30 03:22:55 2025
  write: IOPS=12.6k, BW=1580MiB/s (1657MB/s)(1024MiB/648msec); 0 zone resets
    clat (usec): min=74, max=140, avg=92.56, stdev= 7.06
     lat (usec): min=75, max=141, avg=93.39, stdev= 7.06
    clat percentiles (usec):
     |  1.00th=[   83],  5.00th=[   85], 10.00th=[   86], 20.00th=[   88],
     | 30.00th=[   89], 40.00th=[   90], 50.00th=[   91], 60.00th=[   93],
     | 70.00th=[   95], 80.00th=[   97], 90.00th=[  102], 95.00th=[  106],
     | 99.00th=[  118], 99.50th=[  122], 99.90th=[  129], 99.95th=[  131],
     | 99.99th=[  141]
  lat (usec)   : 100=87.45%, 250=12.55%
  cpu          : usr=0.08%, sys=16.76%, ctx=1465, majf=0, minf=79
  IO depths    : 1=100.1%, 2=0.0%, 4=0.0%, 8=0.0%, 16=0.0%, 32=0.0%, >=64=0.0%
     submit    : 0=0.0%, 4=100.0%, 8=0.0%, 16=0.0%, 32=0.0%, 64=0.0%, >=64=0.0%
     complete  : 0=0.0%, 4=100.0%, 8=0.0%, 16=0.0%, 32=0.0%, 64=0.0%, >=64=0.0%
     issued rwts: total=0,8192,0,8 short=0,0,0,0 dropped=0,0,0,0
     latency   : target=0, window=0, percentile=100.00%, depth=1

Run status group 0 (all jobs):
  WRITE: bw=1580MiB/s (1657MB/s), 1580MiB/s-1580MiB/s (1657MB/s-1657MB/s), io=1024MiB (1074MB), run=648-648msec

Disk stats (read/write):
  nvme0n1: ios=0/2068, merge=0/2, ticks=0/10680, in_queue=10693, util=72.73%
