#           time             counts unit events
     1.000097297      4,466,273,248      L1-dcache-loads                                               (35.89%)
     1.000097297        462,033,002      L1-dcache-load-misses     #   10.34% of all L1-dcache accesses  (35.89%)
     1.000097297    <not supported>      L1-icache-loads                                             
     1.000097297        424,772,996      L1-icache-load-misses                                         (36.06%)
     1.000097297        124,993,267      LLC-loads                                                     (36.43%)
     1.000097297         40,467,964      LLC-load-misses           #   32.38% of all LL-cache accesses  (36.64%)
     1.000097297         75,367,295      LLC-stores                                                    (18.32%)
     1.000097297         23,018,914      LLC-store-misses                                              (18.32%)
     1.000097297      4,892,983,521      dTLB-loads                                                    (27.48%)
     1.000097297          3,919,505      dTLB-load-misses          #    0.08% of all dTLB cache accesses  (36.64%)
     1.000097297         75,464,166      iTLB-loads                                                    (36.47%)
     1.000097297          2,964,441      iTLB-load-misses          #    3.93% of all iTLB cache accesses  (36.10%)
     1.000097297            132,059      page-faults                                                 
     1.000097297            131,186      minor-faults                                                
     1.000097297                778      major-faults                                                
     1.000097297              4,338      cpu-migrations                                              
     2.011365725      4,659,933,993      L1-dcache-loads                                               (36.32%)
     2.011365725        315,329,634      L1-dcache-load-misses     #    6.77% of all L1-dcache accesses  (36.33%)
     2.011365725    <not supported>      L1-icache-loads                                             
     2.011365725        281,575,023      L1-icache-load-misses                                         (36.38%)
     2.011365725        116,396,236      LLC-loads                                                     (36.39%)
     2.011365725         33,814,359      LLC-load-misses           #   29.05% of all LL-cache accesses  (36.39%)
     2.011365725         44,950,117      LLC-stores                                                    (18.19%)
     2.011365725         14,044,996      LLC-store-misses                                              (18.19%)
     2.011365725      4,606,421,389      dTLB-loads                                                    (27.29%)
     2.011365725          1,545,184      dTLB-load-misses          #    0.03% of all dTLB cache accesses  (36.38%)
     2.011365725         90,134,237      iTLB-loads                                                    (36.33%)
     2.011365725            569,055      iTLB-load-misses          #    0.63% of all iTLB cache accesses  (36.32%)
     2.011365725             66,304      page-faults                                                 
     2.011365725             66,232      minor-faults                                                
     2.011365725                  2      major-faults                                                
     2.011365725                 93      cpu-migrations                                              
     3.014794415      3,286,289,851      L1-dcache-loads                                               (36.11%)
     3.014794415        228,618,419      L1-dcache-load-misses     #    6.96% of all L1-dcache accesses  (36.48%)
     3.014794415    <not supported>      L1-icache-loads                                             
     3.014794415        167,286,627      L1-icache-load-misses                                         (36.66%)
     3.014794415         92,018,706      LLC-loads                                                     (36.68%)
     3.014794415         28,064,866      LLC-load-misses           #   30.50% of all LL-cache accesses  (36.68%)
     3.014794415         43,193,303      LLC-stores                                                    (18.34%)
     3.014794415         14,306,025      LLC-store-misses                                              (18.29%)
     3.014794415      3,320,069,232      dTLB-loads                                                    (27.21%)
     3.014794415          1,282,516      dTLB-load-misses          #    0.04% of all dTLB cache accesses  (36.01%)
     3.014794415         82,296,066      iTLB-loads                                                    (35.83%)
     3.014794415            630,957      iTLB-load-misses          #    0.77% of all iTLB cache accesses  (35.85%)
     3.014794415             63,176      page-faults                                                 
     3.014794415             63,141      minor-faults                                                
     3.014794415                  0      major-faults                                                
     3.014794415                 76      cpu-migrations                                              
     4.017214056      3,719,722,124      L1-dcache-loads                                               (36.69%)
     4.017214056        238,879,063      L1-dcache-load-misses     #    6.42% of all L1-dcache accesses  (36.71%)
     4.017214056    <not supported>      L1-icache-loads                                             
     4.017214056        169,874,790      L1-icache-load-misses                                         (36.71%)
     4.017214056         98,855,337      LLC-loads                                                     (36.71%)
     4.017214056         28,299,693      LLC-load-misses           #   28.63% of all LL-cache accesses  (36.60%)
     4.017214056         42,892,235      LLC-stores                                                    (17.91%)
     4.017214056         13,775,071      LLC-store-misses                                              (17.67%)
     4.017214056      3,730,072,067      dTLB-loads                                                    (26.71%)
     4.017214056          1,999,776      dTLB-load-misses          #    0.05% of all dTLB cache accesses  (35.87%)
     4.017214056         94,421,618      iTLB-loads                                                    (36.20%)
     4.017214056            643,763      iTLB-load-misses          #    0.68% of all iTLB cache accesses  (36.55%)
     4.017214056             77,968      page-faults                                                 
     4.017214056             77,900      minor-faults                                                
     4.017214056                  0      major-faults                                                
     4.017214056                 74      cpu-migrations                                              
     5.020089615      3,781,777,712      L1-dcache-loads                                               (36.70%)
     5.020089615        236,244,597      L1-dcache-load-misses     #    6.25% of all L1-dcache accesses  (36.69%)
     5.020089615    <not supported>      L1-icache-loads                                             
     5.020089615        144,265,760      L1-icache-load-misses                                         (36.51%)
     5.020089615         88,880,841      LLC-loads                                                     (36.14%)
     5.020089615         25,465,734      LLC-load-misses           #   28.65% of all LL-cache accesses  (35.86%)
     5.020089615         45,458,253      LLC-stores                                                    (17.99%)
     5.020089615         14,981,272      LLC-store-misses                                              (18.28%)
     5.020089615      3,825,705,635      dTLB-loads                                                    (27.45%)
     5.020089615            296,455      dTLB-load-misses          #    0.01% of all dTLB cache accesses  (36.62%)
     5.020089615         95,255,302      iTLB-loads                                                    (36.69%)
     5.020089615          1,993,966      iTLB-load-misses          #    2.09% of all iTLB cache accesses  (36.70%)
     5.020089615              5,731      page-faults                                                 
     5.020089615              5,691      minor-faults                                                
     5.020089615                  4      major-faults                                                
     5.020089615                106      cpu-migrations                                              
     6.023374440      4,157,526,341      L1-dcache-loads                                               (36.43%)
     6.023374440        258,128,251      L1-dcache-load-misses     #    6.21% of all L1-dcache accesses  (36.06%)
     6.023374440    <not supported>      L1-icache-loads                                             
     6.023374440        149,113,828      L1-icache-load-misses                                         (35.84%)
     6.023374440         92,310,563      LLC-loads                                                     (35.83%)
     6.023374440         26,842,724      LLC-load-misses           #   29.08% of all LL-cache accesses  (36.06%)
     6.023374440         51,955,738      LLC-stores                                                    (18.34%)
     6.023374440         16,878,315      LLC-store-misses                                              (18.34%)
     6.023374440      4,129,544,636      dTLB-loads                                                    (27.51%)
     6.023374440            138,761      dTLB-load-misses          #    0.00% of all dTLB cache accesses  (36.68%)
     6.023374440        100,659,539      iTLB-loads                                                    (36.68%)
     6.023374440          3,364,611      iTLB-load-misses          #    3.34% of all iTLB cache accesses  (36.66%)
     6.023374440              6,956      page-faults                                                 
     6.023374440              6,883      minor-faults                                                
     6.023374440                  2      major-faults                                                
     6.023374440                149      cpu-migrations                                              
     7.026428826      3,473,060,489      L1-dcache-loads                                               (35.82%)
     7.026428826        237,427,550      L1-dcache-load-misses     #    6.84% of all L1-dcache accesses  (35.86%)
     7.026428826    <not supported>      L1-icache-loads                                             
     7.026428826        110,710,579      L1-icache-load-misses                                         (36.13%)
     7.026428826        104,314,406      LLC-loads                                                     (36.49%)
     7.026428826         32,158,839      LLC-load-misses           #   30.83% of all LL-cache accesses  (36.67%)
     7.026428826         43,840,181      LLC-stores                                                    (18.34%)
     7.026428826         14,250,020      LLC-store-misses                                              (18.34%)
     7.026428826      3,481,883,578      dTLB-loads                                                    (27.52%)
     7.026428826            104,285      dTLB-load-misses          #    0.00% of all dTLB cache accesses  (36.63%)
     7.026428826         85,119,764      iTLB-loads                                                    (36.36%)
     7.026428826          2,968,500      iTLB-load-misses          #    3.49% of all iTLB cache accesses  (35.99%)
     7.026428826                226      page-faults                                                 
     7.026428826                189      minor-faults                                                
     7.026428826                  0      major-faults                                                
     7.026428826                 63      cpu-migrations                                              
     8.029212002      2,895,509,706      L1-dcache-loads                                               (36.22%)
     8.029212002        213,079,842      L1-dcache-load-misses     #    7.36% of all L1-dcache accesses  (36.56%)
     8.029212002    <not supported>      L1-icache-loads                                             
     8.029212002         98,734,702      L1-icache-load-misses                                         (36.68%)
     8.029212002         98,248,407      LLC-loads                                                     (36.70%)
     8.029212002         29,970,942      LLC-load-misses           #   30.51% of all LL-cache accesses  (36.70%)
     8.029212002         43,322,073      LLC-stores                                                    (18.35%)
     8.029212002         14,682,364      LLC-store-misses                                              (18.24%)
     8.029212002      2,893,181,707      dTLB-loads                                                    (27.08%)
     8.029212002             53,217      dTLB-load-misses          #    0.00% of all dTLB cache accesses  (35.92%)
     8.029212002         71,542,217      iTLB-loads                                                    (35.79%)
     8.029212002          3,748,504      iTLB-load-misses          #    5.24% of all iTLB cache accesses  (35.89%)
     8.029212002                299      page-faults                                                 
     8.029212002                231      minor-faults                                                
     8.029212002                  0      major-faults                                                
     8.029212002                 72      cpu-migrations                                              
     9.032090460      3,020,268,568      L1-dcache-loads                                               (36.69%)
     9.032090460        259,586,231      L1-dcache-load-misses     #    8.59% of all L1-dcache accesses  (36.70%)
     9.032090460    <not supported>      L1-icache-loads                                             
     9.032090460        113,106,826      L1-icache-load-misses                                         (36.70%)
     9.032090460        127,075,722      LLC-loads                                                     (36.70%)
     9.032090460         38,975,952      LLC-load-misses           #   30.67% of all LL-cache accesses  (36.51%)
     9.032090460         44,748,585      LLC-stores                                                    (17.79%)
     9.032090460         13,615,966      LLC-store-misses                                              (17.69%)
     9.032090460      2,992,604,967      dTLB-loads                                                    (26.79%)
     9.032090460            745,262      dTLB-load-misses          #    0.02% of all dTLB cache accesses  (35.97%)
     9.032090460         73,130,145      iTLB-loads                                                    (36.34%)
     9.032090460          3,718,959      iTLB-load-misses          #    5.09% of all iTLB cache accesses  (36.62%)
     9.032090460             27,180      page-faults                                                 
     9.032090460             27,141      minor-faults                                                
     9.032090460                  0      major-faults                                                
     9.032090460                 68      cpu-migrations                                              
    10.035152352      3,466,189,074      L1-dcache-loads                                               (36.68%)
    10.035152352        233,013,572      L1-dcache-load-misses     #    6.72% of all L1-dcache accesses  (36.66%)
    10.035152352    <not supported>      L1-icache-loads                                             
    10.035152352        131,581,960      L1-icache-load-misses                                         (36.42%)
    10.035152352         86,082,814      LLC-loads                                                     (36.05%)
    10.035152352         26,703,145      LLC-load-misses           #   31.02% of all LL-cache accesses  (35.83%)
    10.035152352         42,662,127      LLC-stores                                                    (18.10%)
    10.035152352         13,968,996      LLC-store-misses                                              (18.31%)
    10.035152352      3,481,629,630      dTLB-loads                                                    (27.48%)
    10.035152352          1,219,777      dTLB-load-misses          #    0.04% of all dTLB cache accesses  (36.65%)
    10.035152352         85,628,811      iTLB-loads                                                    (36.68%)
    10.035152352          3,020,599      iTLB-load-misses          #    3.53% of all iTLB cache accesses  (36.68%)
    10.035152352             57,073      page-faults                                                 
    10.035152352             57,038      minor-faults                                                
    10.035152352                  0      major-faults                                                
    10.035152352                 68      cpu-migrations                                              
    11.046331566      3,761,470,955      L1-dcache-loads                                               (36.39%)
    11.046331566        256,680,266      L1-dcache-load-misses     #    6.82% of all L1-dcache accesses  (36.36%)
    11.046331566    <not supported>      L1-icache-loads                                             
    11.046331566        149,879,353      L1-icache-load-misses                                         (36.32%)
    11.046331566        100,242,907      LLC-loads                                                     (36.31%)
    11.046331566         33,195,049      LLC-load-misses           #   33.11% of all LL-cache accesses  (36.31%)
    11.046331566         44,273,181      LLC-stores                                                    (18.20%)
    11.046331566         14,505,994      LLC-store-misses                                              (18.20%)
    11.046331566      3,716,514,030      dTLB-loads                                                    (27.30%)
    11.046331566          2,303,340      dTLB-load-misses          #    0.06% of all dTLB cache accesses  (36.39%)
    11.046331566         91,466,802      iTLB-loads                                                    (36.39%)
    11.046331566          2,624,792      iTLB-load-misses          #    2.87% of all iTLB cache accesses  (36.39%)
    11.046331566             73,689      page-faults                                                 
    11.046331566             73,607      minor-faults                                                
    11.046331566                  7      major-faults                                                
    11.046331566                101      cpu-migrations                                              
    12.049215210      3,947,648,340      L1-dcache-loads                                               (36.25%)
    12.049215210        219,910,838      L1-dcache-load-misses     #    5.57% of all L1-dcache accesses  (35.92%)
    12.049215210    <not supported>      L1-icache-loads                                             
    12.049215210        127,289,824      L1-icache-load-misses                                         (35.80%)
    12.049215210         77,293,568      LLC-loads                                                     (35.90%)
    12.049215210         22,058,299      LLC-load-misses           #   28.54% of all LL-cache accesses  (36.22%)
    12.049215210         44,659,402      LLC-stores                                                    (18.35%)
    12.049215210         13,712,682      LLC-store-misses                                              (18.35%)
    12.049215210      3,956,090,440      dTLB-loads                                                    (27.52%)
    12.049215210            108,010      dTLB-load-misses          #    0.00% of all dTLB cache accesses  (36.69%)
    12.049215210         97,297,352      iTLB-loads                                                    (36.69%)
    12.049215210          1,968,113      iTLB-load-misses          #    2.02% of all iTLB cache accesses  (36.58%)
    12.049215210                450      page-faults                                                 
    12.049215210                412      minor-faults                                                
    12.049215210                  0      major-faults                                                
    12.049215210                 66      cpu-migrations                                              
    13.052080485      3,946,003,774      L1-dcache-loads                                               (35.78%)
    13.052080485        219,335,259      L1-dcache-load-misses     #    5.56% of all L1-dcache accesses  (35.97%)
    13.052080485    <not supported>      L1-icache-loads                                             
    13.052080485        124,131,742      L1-icache-load-misses                                         (36.33%)
    13.052080485         77,699,621      LLC-loads                                                     (36.62%)
    13.052080485         22,194,503      LLC-load-misses           #   28.56% of all LL-cache accesses  (36.69%)
    13.052080485         44,525,970      LLC-stores                                                    (18.35%)
    13.052080485         13,667,971      LLC-store-misses                                              (18.35%)
    13.052080485      3,939,378,641      dTLB-loads                                                    (27.52%)
    13.052080485             72,283      dTLB-load-misses          #    0.00% of all dTLB cache accesses  (36.51%)
    13.052080485         97,624,034      iTLB-loads                                                    (36.14%)
    13.052080485          1,991,640      iTLB-load-misses          #    2.04% of all iTLB cache accesses  (35.86%)
    13.052080485                234      page-faults                                                 
    13.052080485                165      minor-faults                                                
    13.052080485                  0      major-faults                                                
    13.052080485                 59      cpu-migrations                                              
    14.055235855      3,963,331,129      L1-dcache-loads                                               (36.44%)
    14.055235855        221,837,670      L1-dcache-load-misses     #    5.60% of all L1-dcache accesses  (36.65%)
    14.055235855    <not supported>      L1-icache-loads                                             
    14.055235855        129,169,458      L1-icache-load-misses                                         (36.68%)
    14.055235855         78,278,969      LLC-loads                                                     (36.68%)
    14.055235855         22,372,034      LLC-load-misses           #   28.58% of all LL-cache accesses  (36.68%)
    14.055235855         44,651,863      LLC-stores                                                    (18.32%)
    14.055235855         13,682,902      LLC-store-misses                                              (18.08%)
    14.055235855      3,945,094,361      dTLB-loads                                                    (26.88%)
    14.055235855            117,096      dTLB-load-misses          #    0.00% of all dTLB cache accesses  (35.83%)
    14.055235855         97,760,329      iTLB-loads                                                    (35.83%)
    14.055235855          2,035,709      iTLB-load-misses          #    2.08% of all iTLB cache accesses  (36.06%)
    14.055235855                182      page-faults                                                 
    14.055235855                115      minor-faults                                                
    14.055235855                  0      major-faults                                                
    14.055235855                 58      cpu-migrations                                              
    15.058440996      3,959,479,113      L1-dcache-loads                                               (36.68%)
    15.058440996        223,702,289      L1-dcache-load-misses     #    5.65% of all L1-dcache accesses  (36.68%)
    15.058440996    <not supported>      L1-icache-loads                                             
    15.058440996        127,502,587      L1-icache-load-misses                                         (36.68%)
    15.058440996         79,493,775      LLC-loads                                                     (36.62%)
    15.058440996         22,755,020      LLC-load-misses           #   28.62% of all LL-cache accesses  (36.35%)
    15.058440996         44,482,273      LLC-stores                                                    (17.71%)
    15.058440996         13,746,535      LLC-store-misses                                              (17.81%)
    15.058440996      3,955,609,837      dTLB-loads                                                    (26.96%)
    15.058440996            118,395      dTLB-load-misses          #    0.00% of all dTLB cache accesses  (36.13%)
    15.058440996         97,704,008      iTLB-loads                                                    (36.49%)
    15.058440996          2,019,867      iTLB-load-misses          #    2.07% of all iTLB cache accesses  (36.66%)
    15.058440996              3,111      page-faults                                                 
    15.058440996              3,080      minor-faults                                                
    15.058440996                  1      major-faults                                                
    15.058440996                 75      cpu-migrations                                              
    16.061212615      4,015,707,279      L1-dcache-loads                                               (36.70%)
    16.061212615        223,155,601      L1-dcache-load-misses     #    5.56% of all L1-dcache accesses  (36.59%)
    16.061212615    <not supported>      L1-icache-loads                                             
    16.061212615        134,438,056      L1-icache-load-misses                                         (36.26%)
    16.061212615         78,301,372      LLC-loads                                                     (35.92%)
    16.061212615         22,560,880      LLC-load-misses           #   28.81% of all LL-cache accesses  (35.79%)
    16.061212615         44,460,408      LLC-stores                                                    (18.21%)
    16.061212615         13,832,457      LLC-store-misses                                              (18.34%)
    16.061212615      3,997,350,319      dTLB-loads                                                    (27.51%)
    16.061212615            117,415      dTLB-load-misses          #    0.00% of all dTLB cache accesses  (36.68%)
    16.061212615         95,888,040      iTLB-loads                                                    (36.70%)
    16.061212615          2,018,892      iTLB-load-misses          #    2.11% of all iTLB cache accesses  (36.70%)
    16.061212615              4,703      page-faults                                                 
    16.061212615              4,627      minor-faults                                                
    16.061212615                  5      major-faults                                                
    16.061212615                138      cpu-migrations                                              
    17.064090640      3,946,394,152      L1-dcache-loads                                               (36.14%)
    17.064090640        219,530,266      L1-dcache-load-misses     #    5.56% of all L1-dcache accesses  (35.86%)
    17.064090640    <not supported>      L1-icache-loads                                             
    17.064090640        126,467,598      L1-icache-load-misses                                         (35.79%)
    17.064090640         77,812,038      LLC-loads                                                     (35.97%)
    17.064090640         22,257,738      LLC-load-misses           #   28.60% of all LL-cache accesses  (36.33%)
    17.064090640         44,612,383      LLC-stores                                                    (18.35%)
    17.064090640         13,677,199      LLC-store-misses                                              (18.35%)
    17.064090640      3,952,447,217      dTLB-loads                                                    (27.52%)
    17.064090640             61,967      dTLB-load-misses          #    0.00% of all dTLB cache accesses  (36.69%)
    17.064090640         97,703,035      iTLB-loads                                                    (36.69%)
    17.064090640          1,980,923      iTLB-load-misses          #    2.03% of all iTLB cache accesses  (36.51%)
    17.064090640                345      page-faults                                                 
    17.064090640                272      minor-faults                                                
    17.064090640                  0      major-faults                                                
    17.064090640                 59      cpu-migrations                                              
    18.067276920      3,943,658,350      L1-dcache-loads                                               (35.83%)
    18.067276920        218,954,454      L1-dcache-load-misses     #    5.55% of all L1-dcache accesses  (36.06%)
    18.067276920    <not supported>      L1-icache-loads                                             
    18.067276920        125,032,205      L1-icache-load-misses                                         (36.44%)
    18.067276920         78,072,506      LLC-loads                                                     (36.65%)
    18.067276920         22,216,206      LLC-load-misses           #   28.46% of all LL-cache accesses  (36.68%)
    18.067276920         44,571,908      LLC-stores                                                    (18.34%)
    18.067276920         13,686,390      LLC-store-misses                                              (18.34%)
    18.067276920      3,936,546,890      dTLB-loads                                                    (27.49%)
    18.067276920            282,404      dTLB-load-misses          #    0.01% of all dTLB cache accesses  (36.43%)
    18.067276920         97,420,267      iTLB-loads                                                    (36.05%)
    18.067276920          1,966,538      iTLB-load-misses          #    2.02% of all iTLB cache accesses  (35.83%)
    18.067276920              7,826      page-faults                                                 
    18.067276920              7,788      minor-faults                                                
    18.067276920                  0      major-faults                                                
    18.067276920                 61      cpu-migrations                                              
    19.070428354      3,956,822,301      L1-dcache-loads                                               (36.49%)
    19.070428354        223,349,935      L1-dcache-load-misses     #    5.64% of all L1-dcache accesses  (36.66%)
    19.070428354    <not supported>      L1-icache-loads                                             
    19.070428354        134,270,647      L1-icache-load-misses                                         (36.68%)
    19.070428354         78,503,081      LLC-loads                                                     (36.68%)
    19.070428354         22,435,809      LLC-load-misses           #   28.58% of all LL-cache accesses  (36.68%)
    19.070428354         44,483,891      LLC-stores                                                    (18.28%)
    19.070428354         13,704,905      LLC-store-misses                                              (18.01%)
    19.070428354      3,946,071,736      dTLB-loads                                                    (26.82%)
    19.070428354            405,942      dTLB-load-misses          #    0.01% of all dTLB cache accesses  (35.83%)
    19.070428354         97,392,808      iTLB-loads                                                    (35.86%)
    19.070428354          2,023,850      iTLB-load-misses          #    2.08% of all iTLB cache accesses  (36.13%)
    19.070428354             19,091      page-faults                                                 
    19.070428354             19,023      minor-faults                                                
    19.070428354                  0      major-faults                                                
    19.070428354                 69      cpu-migrations                                              
    20.073212860      3,930,359,071      L1-dcache-loads                                               (36.70%)
    20.073212860        219,803,059      L1-dcache-load-misses     #    5.59% of all L1-dcache accesses  (36.70%)
    20.073212860    <not supported>      L1-icache-loads                                             
    20.073212860        123,940,260      L1-icache-load-misses                                         (36.70%)
    20.073212860         79,026,642      LLC-loads                                                     (36.59%)
    20.073212860         22,624,062      LLC-load-misses           #   28.63% of all LL-cache accesses  (36.26%)
    20.073212860         44,532,728      LLC-stores                                                    (17.68%)
    20.073212860         13,683,365      LLC-store-misses                                              (17.88%)
    20.073212860      3,952,381,825      dTLB-loads                                                    (27.04%)
    20.073212860             65,994      dTLB-load-misses          #    0.00% of all dTLB cache accesses  (36.22%)
    20.073212860         97,539,187      iTLB-loads                                                    (36.56%)
    20.073212860          1,923,161      iTLB-load-misses          #    1.97% of all iTLB cache accesses  (36.68%)
    20.073212860                361      page-faults                                                 
    20.073212860                293      minor-faults                                                
    20.073212860                  0      major-faults                                                
    20.073212860                 80      cpu-migrations                                              
    21.084084856      3,969,646,934      L1-dcache-loads                                               (36.41%)
    21.084084856        220,770,346      L1-dcache-load-misses     #    5.56% of all L1-dcache accesses  (36.41%)
    21.084084856    <not supported>      L1-icache-loads                                             
    21.084084856        120,925,254      L1-icache-load-misses                                         (36.40%)
    21.084084856         79,884,018      LLC-loads                                                     (36.33%)
    21.084084856         22,826,653      LLC-load-misses           #   28.57% of all LL-cache accesses  (36.29%)
    21.084084856         44,925,147      LLC-stores                                                    (18.16%)
    21.084084856         13,765,324      LLC-store-misses                                              (18.20%)
    21.084084856      3,955,287,803      dTLB-loads                                                    (27.30%)
    21.084084856             84,279      dTLB-load-misses          #    0.00% of all dTLB cache accesses  (36.40%)
    21.084084856         97,962,760      iTLB-loads                                                    (36.41%)
    21.084084856          1,965,667      iTLB-load-misses          #    2.01% of all iTLB cache accesses  (36.41%)
    21.084084856                157      page-faults                                                 
    21.084084856                119      minor-faults                                                
    21.084084856                  5      major-faults                                                
    21.084084856                 61      cpu-migrations                                              
    22.087207339      3,964,049,078      L1-dcache-loads                                               (36.66%)
    22.087207339        221,430,831      L1-dcache-load-misses     #    5.59% of all L1-dcache accesses  (36.42%)
    22.087207339    <not supported>      L1-icache-loads                                             
    22.087207339        122,956,568      L1-icache-load-misses                                         (36.05%)
    22.087207339         80,009,251      LLC-loads                                                     (35.83%)
    22.087207339         22,674,771      LLC-load-misses           #   28.34% of all LL-cache accesses  (35.83%)
    22.087207339         43,976,944      LLC-stores                                                    (18.31%)
    22.087207339         13,581,100      LLC-store-misses                                              (18.34%)
    22.087207339      3,917,206,401      dTLB-loads                                                    (27.51%)
    22.087207339             76,677      dTLB-load-misses          #    0.00% of all dTLB cache accesses  (36.68%)
    22.087207339         97,479,305      iTLB-loads                                                    (36.68%)
    22.087207339          2,024,721      iTLB-load-misses          #    2.08% of all iTLB cache accesses  (36.68%)
    22.087207339                233      page-faults                                                 
    22.087207339                160      minor-faults                                                
    22.087207339                  0      major-faults                                                
    22.087207339                 89      cpu-migrations                                              
    23.090387727      3,931,918,619      L1-dcache-loads                                               (35.99%)
    23.090387727        221,239,496      L1-dcache-load-misses     #    5.63% of all L1-dcache accesses  (35.82%)
    23.090387727    <not supported>      L1-icache-loads                                             
    23.090387727        124,212,641      L1-icache-load-misses                                         (35.87%)
    23.090387727         80,347,378      LLC-loads                                                     (36.14%)
    23.090387727         22,938,696      LLC-load-misses           #   28.55% of all LL-cache accesses  (36.50%)
    23.090387727         44,545,311      LLC-stores                                                    (18.34%)
    23.090387727         13,675,873      LLC-store-misses                                              (18.34%)
    23.090387727      3,946,859,222      dTLB-loads                                                    (27.51%)
    23.090387727             73,413      dTLB-load-misses          #    0.00% of all dTLB cache accesses  (36.68%)
    23.090387727         97,450,021      iTLB-loads                                                    (36.62%)
    23.090387727          1,952,332      iTLB-load-misses          #    2.00% of all iTLB cache accesses  (36.35%)
    23.090387727                165      page-faults                                                 
    23.090387727                 99      minor-faults                                                
    23.090387727                  0      major-faults                                                
    23.090387727                 76      cpu-migrations                                              
    24.093210492      3,935,406,820      L1-dcache-loads                                               (35.89%)
    24.093210492        220,813,477      L1-dcache-load-misses     #    5.61% of all L1-dcache accesses  (36.22%)
    24.093210492    <not supported>      L1-icache-loads                                             
    24.093210492        117,640,322      L1-icache-load-misses                                         (36.56%)
    24.093210492         81,015,937      LLC-loads                                                     (36.68%)
    24.093210492         23,049,528      LLC-load-misses           #   28.45% of all LL-cache accesses  (36.69%)
    24.093210492         44,551,339      LLC-stores                                                    (18.35%)
    24.093210492         13,665,991      LLC-store-misses                                              (18.35%)
    24.093210492      3,923,396,195      dTLB-loads                                                    (27.41%)
    24.093210492             76,443      dTLB-load-misses          #    0.00% of all dTLB cache accesses  (36.26%)
    24.093210492         97,121,317      iTLB-loads                                                    (35.92%)
    24.093210492          1,947,657      iTLB-load-misses          #    2.01% of all iTLB cache accesses  (35.80%)
    24.093210492                 66      page-faults                                                 
    24.093210492                 28      minor-faults                                                
    24.093210492                  0      major-faults                                                
    24.093210492                 64      cpu-migrations                                              
    25.096086515      3,987,779,837      L1-dcache-loads                                               (36.62%)
    25.096086515        230,940,526      L1-dcache-load-misses     #    5.79% of all L1-dcache accesses  (36.69%)
    25.096086515    <not supported>      L1-icache-loads                                             
    25.096086515        144,916,518      L1-icache-load-misses                                         (36.69%)
    25.096086515         81,426,090      LLC-loads                                                     (36.70%)
    25.096086515         23,211,567      LLC-load-misses           #   28.51% of all LL-cache accesses  (36.69%)
    25.096086515         44,856,564      LLC-stores                                                    (18.17%)
    25.096086515         14,033,507      LLC-store-misses                                              (17.80%)
    25.096086515      4,031,017,881      dTLB-loads                                                    (26.68%)
    25.096086515          1,172,415      dTLB-load-misses          #    0.03% of all dTLB cache accesses  (35.79%)
    25.096086515         97,598,187      iTLB-loads                                                    (35.96%)
    25.096086515          1,950,236      iTLB-load-misses          #    2.00% of all iTLB cache accesses  (36.33%)
    25.096086515             57,807      page-faults                                                 
    25.096086515             57,735      minor-faults                                                
    25.096086515                  0      major-faults                                                
    25.096086515                 72      cpu-migrations                                              
#           time             counts unit events
    26.107194421      4,082,437,425      L1-dcache-loads                                               (36.40%)
    26.107194421        236,468,884      L1-dcache-load-misses     #    5.79% of all L1-dcache accesses  (36.40%)
    26.107194421    <not supported>      L1-icache-loads                                             
    26.107194421        162,423,818      L1-icache-load-misses                                         (36.40%)
    26.107194421         80,992,870      LLC-loads                                                     (36.39%)
    26.107194421         23,172,413      LLC-load-misses           #   28.61% of all LL-cache accesses  (36.37%)
    26.107194421         45,701,398      LLC-stores                                                    (18.12%)
    26.107194421         14,284,392      LLC-store-misses                                              (18.14%)
    26.107194421      4,066,157,420      dTLB-loads                                                    (27.24%)
    26.107194421          1,760,529      dTLB-load-misses          #    0.04% of all dTLB cache accesses  (36.33%)
    26.107194421         97,836,385      iTLB-loads                                                    (36.39%)
    26.107194421          2,132,846      iTLB-load-misses          #    2.18% of all iTLB cache accesses  (36.40%)
    26.107194421             75,309      page-faults                                                 
    26.107194421             75,232      minor-faults                                                
    26.107194421                  5      major-faults                                                
    26.107194421                109      cpu-migrations                                              
    27.110346520      3,962,254,946      L1-dcache-loads                                               (36.68%)
    27.110346520        217,306,221      L1-dcache-load-misses     #    5.48% of all L1-dcache accesses  (36.68%)
    27.110346520    <not supported>      L1-icache-loads                                             
    27.110346520        124,583,370      L1-icache-load-misses                                         (36.62%)
    27.110346520         78,818,841      LLC-loads                                                     (36.35%)
    27.110346520         22,253,675      LLC-load-misses           #   28.23% of all LL-cache accesses  (35.99%)
    27.110346520         44,849,593      LLC-stores                                                    (17.82%)
    27.110346520         13,732,232      LLC-store-misses                                              (18.16%)
    27.110346520      3,955,895,997      dTLB-loads                                                    (27.33%)
    27.110346520             86,810      dTLB-load-misses          #    0.00% of all dTLB cache accesses  (36.50%)
    27.110346520         98,112,488      iTLB-loads                                                    (36.66%)
    27.110346520          1,838,653      iTLB-load-misses          #    1.87% of all iTLB cache accesses  (36.68%)
    27.110346520                 55      page-faults                                                 
    27.110346520                 17      minor-faults                                                
    27.110346520                  0      major-faults                                                
    27.110346520                 49      cpu-migrations                                              
    28.113212534      3,966,705,587      L1-dcache-loads                                               (36.58%)
    28.113212534        218,695,902      L1-dcache-load-misses     #    5.51% of all L1-dcache accesses  (36.25%)
    28.113212534    <not supported>      L1-icache-loads                                             
    28.113212534        132,183,944      L1-icache-load-misses                                         (35.92%)
    28.113212534         78,013,169      LLC-loads                                                     (35.80%)
    28.113212534         22,117,912      LLC-load-misses           #   28.35% of all LL-cache accesses  (35.90%)
    28.113212534         44,768,767      LLC-stores                                                    (18.33%)
    28.113212534         13,737,363      LLC-store-misses                                              (18.35%)
    28.113212534      3,972,712,643      dTLB-loads                                                    (27.52%)
    28.113212534             47,064      dTLB-load-misses          #    0.00% of all dTLB cache accesses  (36.69%)
    28.113212534         98,230,244      iTLB-loads                                                    (36.69%)
    28.113212534          1,914,466      iTLB-load-misses          #    1.95% of all iTLB cache accesses  (36.69%)
    28.113212534                 99      page-faults                                                 
    28.113212534                 28      minor-faults                                                
    28.113212534                  0      major-faults                                                
    28.113212534                 80      cpu-migrations                                              
    29.116087732      3,980,980,637      L1-dcache-loads                                               (35.86%)
    29.116087732        217,422,166      L1-dcache-load-misses     #    5.46% of all L1-dcache accesses  (35.79%)
    29.116087732    <not supported>      L1-icache-loads                                             
    29.116087732        126,905,695      L1-icache-load-misses                                         (35.97%)
    29.116087732         77,269,520      LLC-loads                                                     (36.34%)
    29.116087732         21,845,615      LLC-load-misses           #   28.27% of all LL-cache accesses  (36.62%)
    29.116087732         44,759,099      LLC-stores                                                    (18.35%)
    29.116087732         13,739,784      LLC-store-misses                                              (18.35%)
    29.116087732      3,972,749,264      dTLB-loads                                                    (27.52%)
    29.116087732             87,713      dTLB-load-misses          #    0.00% of all dTLB cache accesses  (36.69%)
    29.116087732         97,932,060      iTLB-loads                                                    (36.51%)
    29.116087732          2,001,231      iTLB-load-misses          #    2.04% of all iTLB cache accesses  (36.14%)
    29.116087732                 87      page-faults                                                 
    29.116087732                 17      minor-faults                                                
    29.116087732                  0      major-faults                                                
    29.116087732                 57      cpu-migrations                                              
    30.119279334      4,010,738,249      L1-dcache-loads                                               (36.06%)
    30.119279334        235,613,669      L1-dcache-load-misses     #    5.87% of all L1-dcache accesses  (36.44%)
    30.119279334    <not supported>      L1-icache-loads                                             
    30.119279334        151,597,033      L1-icache-load-misses                                         (36.66%)
    30.119279334         80,013,247      LLC-loads                                                     (36.69%)
    30.119279334         23,394,636      LLC-load-misses           #   29.24% of all LL-cache accesses  (36.69%)
    30.119279334         48,618,753      LLC-stores                                                    (18.34%)
    30.119279334         15,541,685      LLC-store-misses                                              (18.31%)
    30.119279334      4,051,950,781      dTLB-loads                                                    (27.25%)
    30.119279334             69,080      dTLB-load-misses          #    0.00% of all dTLB cache accesses  (36.05%)
    30.119279334        103,601,772      iTLB-loads                                                    (35.83%)
    30.119279334          3,870,963      iTLB-load-misses          #    3.74% of all iTLB cache accesses  (35.83%)
    30.119279334              4,975      page-faults                                                 
    30.119279334              4,943      minor-faults                                                
    30.119279334                  0      major-faults                                                
    30.119279334                 88      cpu-migrations                                              
    31.122245194      5,159,539,807      L1-dcache-loads                                               (36.67%)
    31.122245194        474,254,424      L1-dcache-load-misses     #    9.19% of all L1-dcache accesses  (36.69%)
    31.122245194    <not supported>      L1-icache-loads                                             
    31.122245194        639,241,273      L1-icache-load-misses                                         (36.69%)
    31.122245194         93,351,007      LLC-loads                                                     (36.69%)
    31.122245194         31,304,625      LLC-load-misses           #   33.53% of all LL-cache accesses  (36.62%)
    31.122245194         56,743,158      LLC-stores                                                    (17.99%)
    31.122245194         18,132,178      LLC-store-misses                                              (17.70%)
    31.122245194      5,220,232,838      dTLB-loads                                                    (26.71%)
    31.122245194            787,356      dTLB-load-misses          #    0.02% of all dTLB cache accesses  (35.86%)
    31.122245194        225,359,790      iTLB-loads                                                    (36.15%)
    31.122245194         51,344,619      iTLB-load-misses          #   22.78% of all iTLB cache accesses  (36.50%)
    31.122245194                225      page-faults                                                 
    31.122245194                156      minor-faults                                                
    31.122245194                  4      major-faults                                                
    31.122245194                138      cpu-migrations                                              
    32.125227525      4,470,872,223      L1-dcache-loads                                               (36.69%)
    32.125227525        379,109,529      L1-dcache-load-misses     #    8.48% of all L1-dcache accesses  (36.69%)
    32.125227525    <not supported>      L1-icache-loads                                             
    32.125227525        562,186,229      L1-icache-load-misses                                         (36.57%)
    32.125227525         82,865,777      LLC-loads                                                     (36.24%)
    32.125227525         28,047,107      LLC-load-misses           #   33.85% of all LL-cache accesses  (35.92%)
    32.125227525         51,274,682      LLC-stores                                                    (17.91%)
    32.125227525         16,012,957      LLC-store-misses                                              (18.22%)
    32.125227525      4,482,298,112      dTLB-loads                                                    (27.39%)
    32.125227525            812,813      dTLB-load-misses          #    0.02% of all dTLB cache accesses  (36.56%)
    32.125227525        115,197,094      iTLB-loads                                                    (36.68%)
    32.125227525         44,984,818      iTLB-load-misses          #   39.05% of all iTLB cache accesses  (36.69%)
    32.125227525              3,129      page-faults                                                 
    32.125227525              3,085      minor-faults                                                
    32.125227525                  0      major-faults                                                
    32.125227525                130      cpu-migrations                                              
    33.128316883      4,087,470,473      L1-dcache-loads                                               (36.51%)
    33.128316883        325,379,837      L1-dcache-load-misses     #    7.96% of all L1-dcache accesses  (36.14%)
    33.128316883    <not supported>      L1-icache-loads                                             
    33.128316883        516,745,966      L1-icache-load-misses                                         (35.86%)
    33.128316883         79,178,643      LLC-loads                                                     (35.80%)
    33.128316883         26,703,867      LLC-load-misses           #   33.73% of all LL-cache accesses  (35.98%)
    33.128316883         49,978,863      LLC-stores                                                    (18.34%)
    33.128316883         15,607,784      LLC-store-misses                                              (18.34%)
    33.128316883      4,077,521,092      dTLB-loads                                                    (27.52%)
    33.128316883            642,579      dTLB-load-misses          #    0.02% of all dTLB cache accesses  (36.69%)
    33.128316883         48,995,346      iTLB-loads                                                    (36.69%)
    33.128316883         42,124,657      iTLB-load-misses          #   85.98% of all iTLB cache accesses  (36.69%)
    33.128316883                426      page-faults                                                 
    33.128316883                407      minor-faults                                                
    33.128316883                  0      major-faults                                                
    33.128316883                 92      cpu-migrations                                              
    34.131715497      3,937,116,279      L1-dcache-loads                                               (35.85%)
    34.131715497        306,837,302      L1-dcache-load-misses     #    7.79% of all L1-dcache accesses  (35.84%)
    34.131715497    <not supported>      L1-icache-loads                                             
    34.131715497        501,463,754      L1-icache-load-misses                                         (36.05%)
    34.131715497         80,159,123      LLC-loads                                                     (36.43%)
    34.131715497         26,774,080      LLC-load-misses           #   33.40% of all LL-cache accesses  (36.64%)
    34.131715497         49,535,744      LLC-stores                                                    (18.34%)
    34.131715497         15,669,536      LLC-store-misses                                              (18.34%)
    34.131715497      3,946,553,123      dTLB-loads                                                    (27.51%)
    34.131715497            644,697      dTLB-load-misses          #    0.02% of all dTLB cache accesses  (36.66%)
    34.131715497         20,036,715      iTLB-loads                                                    (36.44%)
    34.131715497         41,359,829      iTLB-load-misses          #  206.42% of all iTLB cache accesses  (36.07%)
    34.131715497                316      page-faults                                                 
    34.131715497                299      minor-faults                                                
    34.131715497                  0      major-faults                                                
    34.131715497                126      cpu-migrations                                              
    35.134520325      3,930,823,959      L1-dcache-loads                                               (36.12%)
    35.134520325        296,926,249      L1-dcache-load-misses     #    7.55% of all L1-dcache accesses  (36.49%)
    35.134520325    <not supported>      L1-icache-loads                                             
    35.134520325        491,520,295      L1-icache-load-misses                                         (36.67%)
    35.134520325         75,091,901      LLC-loads                                                     (36.69%)
    35.134520325         26,270,280      LLC-load-misses           #   34.98% of all LL-cache accesses  (36.69%)
    35.134520325         46,730,587      LLC-stores                                                    (18.35%)
    35.134520325         15,100,125      LLC-store-misses                                              (18.28%)
    35.134520325      4,033,987,961      dTLB-loads                                                    (27.19%)
    35.134520325            713,747      dTLB-load-misses          #    0.02% of all dTLB cache accesses  (35.99%)
    35.134520325         25,856,460      iTLB-loads                                                    (35.81%)
    35.134520325         39,235,947      iTLB-load-misses          #  151.75% of all iTLB cache accesses  (35.85%)
    35.134520325              7,959      page-faults                                                 
    35.134520325              7,928      minor-faults                                                
    35.134520325                  0      major-faults                                                
    35.134520325                 96      cpu-migrations                                              
