#           time             counts unit events
     1.000805267            876,021      context-switches                                            
     1.000805267             16,114      cpu-migrations                                              
     1.000805267             13,463      minor-faults                                                
     1.000805267             71,725      major-faults                                                
     1.000805267      4,221,714,346      L1-dcache-loads                                               (36.25%)
     1.000805267        455,564,305      L1-dcache-load-misses     #   10.79% of all L1-dcache accesses  (36.26%)
     1.000805267      2,353,015,377      L1-dcache-stores                                              (36.28%)
     1.000805267    <not supported>      L1-dcache-store-misses                                      
     1.000805267         48,030,317      LLC-loads                                                     (36.41%)
     1.000805267          7,661,287      LLC-load-misses           #   15.95% of all LL-cache accesses  (36.44%)
     1.000805267         31,203,103      LLC-stores                                                    (18.21%)
     1.000805267          3,702,239      LLC-store-misses                                              (18.21%)
     1.000805267      4,073,531,081      dTLB-loads                                                    (27.32%)
     1.000805267          1,444,385      dTLB-load-misses          #    0.04% of all dTLB cache accesses  (36.42%)
     1.000805267      2,439,318,391      dTLB-stores                                                   (36.41%)
     1.000805267            954,859      dTLB-store-misses                                             (36.28%)
     2.011356241          1,846,428      context-switches                                            
     2.011356241             32,526      cpu-migrations                                              
     2.011356241              3,099      minor-faults                                                
     2.011356241                  1      major-faults                                                
     2.011356241      6,380,021,002      L1-dcache-loads                                               (36.29%)
     2.011356241        863,007,786      L1-dcache-load-misses     #   13.53% of all L1-dcache accesses  (36.27%)
     2.011356241      3,831,773,588      L1-dcache-stores                                              (36.30%)
     2.011356241    <not supported>      L1-dcache-store-misses                                      
     2.011356241        100,450,465      LLC-loads                                                     (36.35%)
     2.011356241         18,060,435      LLC-load-misses           #   17.98% of all LL-cache accesses  (36.40%)
     2.011356241         67,084,855      LLC-stores                                                    (18.21%)
     2.011356241          6,899,831      LLC-store-misses                                              (18.21%)
     2.011356241      6,369,109,049      dTLB-loads                                                    (27.31%)
     2.011356241          2,309,006      dTLB-load-misses          #    0.04% of all dTLB cache accesses  (36.41%)
     2.011356241      3,822,406,071      dTLB-stores                                                   (36.39%)
     2.011356241            326,644      dTLB-store-misses                                             (36.34%)
     3.013890983          1,382,447      context-switches                                            
     3.013890983             22,688      cpu-migrations                                              
     3.013890983                 34      minor-faults                                                
     3.013890983                  0      major-faults                                                
     3.013890983      4,487,321,224      L1-dcache-loads                                               (35.87%)
     3.013890983        630,167,163      L1-dcache-load-misses     #   14.04% of all L1-dcache accesses  (36.08%)
     3.013890983      2,616,512,101      L1-dcache-stores                                              (36.39%)
     3.013890983    <not supported>      L1-dcache-store-misses                                      
     3.013890983         78,887,231      LLC-loads                                                     (36.60%)
     3.013890983         15,254,017      LLC-load-misses           #   19.34% of all LL-cache accesses  (36.70%)
     3.013890983         50,020,057      LLC-stores                                                    (18.35%)
     3.013890983          5,390,440      LLC-store-misses                                              (18.35%)
     3.013890983      4,486,049,262      dTLB-loads                                                    (27.43%)
     3.013890983          1,720,883      dTLB-load-misses          #    0.04% of all dTLB cache accesses  (36.39%)
     3.013890983      2,516,734,735      dTLB-stores                                                   (36.08%)
     3.013890983            232,403      dTLB-store-misses                                             (35.88%)
     4.015798015          1,234,913      context-switches                                            
     4.015798015             21,031      cpu-migrations                                              
     4.015798015                 57      minor-faults                                                
     4.015798015                  0      major-faults                                                
     4.015798015      4,057,063,176      L1-dcache-loads                                               (36.44%)
     4.015798015        538,545,221      L1-dcache-load-misses     #   13.27% of all L1-dcache accesses  (36.62%)
     4.015798015      2,274,254,123      L1-dcache-stores                                              (36.67%)
     4.015798015    <not supported>      L1-dcache-store-misses                                      
     4.015798015         72,205,345      LLC-loads                                                     (36.67%)
     4.015798015         15,262,568      LLC-load-misses           #   21.14% of all LL-cache accesses  (36.67%)
     4.015798015         47,017,896      LLC-stores                                                    (18.28%)
     4.015798015          5,220,505      LLC-store-misses                                              (18.02%)
     4.015798015      4,251,955,895      dTLB-loads                                                    (26.89%)
     4.015798015          1,696,370      dTLB-load-misses          #    0.04% of all dTLB cache accesses  (35.88%)
     4.015798015      2,304,608,500      dTLB-stores                                                   (35.88%)
     4.015798015            210,860      dTLB-store-misses                                             (36.14%)
     5.020796247            509,580      context-switches                                            
     5.020796247              9,118      cpu-migrations                                              
     5.020796247                 51      minor-faults                                                
     5.020796247                  0      major-faults                                                
     5.020796247      2,408,115,556      L1-dcache-loads                                               (36.67%)
     5.020796247        218,660,526      L1-dcache-load-misses     #    9.08% of all L1-dcache accesses  (36.67%)
     5.020796247        934,151,946      L1-dcache-stores                                              (36.66%)
     5.020796247    <not supported>      L1-dcache-store-misses                                      
     5.020796247         34,119,548      LLC-loads                                                     (36.53%)
     5.020796247          8,008,513      LLC-load-misses           #   23.47% of all LL-cache accesses  (36.29%)
     5.020796247         23,581,513      LLC-stores                                                    (17.77%)
     5.020796247          2,662,460      LLC-store-misses                                              (17.88%)
     5.020796247      2,555,990,078      dTLB-loads                                                    (27.04%)
     5.020796247            778,317      dTLB-load-misses          #    0.03% of all dTLB cache accesses  (36.21%)
     5.020796247        874,634,009      dTLB-stores                                                   (36.53%)
     5.020796247            111,619      dTLB-store-misses                                             (36.66%)
     6.023339440            493,911      context-switches                                            
     6.023339440              8,941      cpu-migrations                                              
     6.023339440                162      minor-faults                                                
     6.023339440                  0      major-faults                                                
     6.023339440      2,675,001,691      L1-dcache-loads                                               (36.67%)
     6.023339440        266,919,153      L1-dcache-load-misses     #    9.98% of all L1-dcache accesses  (36.48%)
     6.023339440      1,077,424,884      L1-dcache-stores                                              (36.20%)
     6.023339440    <not supported>      L1-dcache-store-misses                                      
     6.023339440         33,362,597      LLC-loads                                                     (35.94%)
     6.023339440          7,224,279      LLC-load-misses           #   21.65% of all LL-cache accesses  (35.82%)
     6.023339440         16,317,276      LLC-stores                                                    (18.18%)
     6.023339440          2,055,652      LLC-store-misses                                              (18.33%)
     6.023339440      2,377,644,811      dTLB-loads                                                    (27.51%)
     6.023339440            734,916      dTLB-load-misses          #    0.03% of all dTLB cache accesses  (36.69%)
     6.023339440        932,132,522      dTLB-stores                                                   (36.71%)
     6.023339440            129,999      dTLB-store-misses                                             (36.71%)
     7.024797739            480,702      context-switches                                            
     7.024797739              8,823      cpu-migrations                                              
     7.024797739                 86      minor-faults                                                
     7.024797739                  0      major-faults                                                
     7.024797739      2,430,587,468      L1-dcache-loads                                               (36.01%)
     7.024797739        219,486,899      L1-dcache-load-misses     #    9.03% of all L1-dcache accesses  (35.82%)
     7.024797739        955,598,674      L1-dcache-stores                                              (35.85%)
     7.024797739    <not supported>      L1-dcache-store-misses                                      
     7.024797739         34,305,087      LLC-loads                                                     (36.09%)
     7.024797739          8,297,886      LLC-load-misses           #   24.19% of all LL-cache accesses  (36.43%)
     7.024797739         19,884,370      LLC-stores                                                    (18.37%)
     7.024797739          2,284,630      LLC-store-misses                                              (18.37%)
     7.024797739      2,351,016,286      dTLB-loads                                                    (27.56%)
     7.024797739            721,281      dTLB-load-misses          #    0.03% of all dTLB cache accesses  (36.73%)
     7.024797739        847,485,374      dTLB-stores                                                   (36.60%)
     7.024797739            109,272      dTLB-store-misses                                             (36.35%)
     8.027300760            917,713      context-switches                                            
     8.027300760             16,303      cpu-migrations                                              
     8.027300760                 70      minor-faults                                                
     8.027300760                  0      major-faults                                                
     8.027300760      3,462,952,192      L1-dcache-loads                                               (35.99%)
     8.027300760        427,835,662      L1-dcache-load-misses     #   12.35% of all L1-dcache accesses  (36.28%)
     8.027300760      1,832,349,285      L1-dcache-stores                                              (36.54%)
     8.027300760    <not supported>      L1-dcache-store-misses                                      
     8.027300760         59,600,156      LLC-loads                                                     (36.69%)
     8.027300760         13,653,215      LLC-load-misses           #   22.91% of all LL-cache accesses  (36.71%)
     8.027300760         32,666,525      LLC-stores                                                    (18.35%)
     8.027300760          3,898,935      LLC-store-misses                                              (18.31%)
     8.027300760      3,355,543,660      dTLB-loads                                                    (27.30%)
     8.027300760          1,416,879      dTLB-load-misses          #    0.04% of all dTLB cache accesses  (36.19%)
     8.027300760      1,735,650,794      dTLB-stores                                                   (35.93%)
     8.027300760            184,297      dTLB-store-misses                                             (35.82%)
     9.028797133          1,084,219      context-switches                                            
     9.028797133             19,791      cpu-migrations                                              
     9.028797133              8,015      minor-faults                                                
     9.028797133                162      major-faults                                                
     9.028797133      3,988,171,629      L1-dcache-loads                                               (36.64%)
     9.028797133        513,579,524      L1-dcache-load-misses     #   12.88% of all L1-dcache accesses  (36.74%)
     9.028797133      2,186,704,935      L1-dcache-stores                                              (36.74%)
     9.028797133    <not supported>      L1-dcache-store-misses                                      
     9.028797133         67,635,708      LLC-loads                                                     (36.73%)
     9.028797133         16,373,069      LLC-load-misses           #   24.21% of all LL-cache accesses  (36.60%)
     9.028797133         41,608,778      LLC-stores                                                    (17.99%)
     9.028797133          5,482,175      LLC-store-misses                                              (17.79%)
     9.028797133      4,182,306,061      dTLB-loads                                                    (26.77%)
     9.028797133          1,985,712      dTLB-load-misses          #    0.05% of all dTLB cache accesses  (35.85%)
     9.028797133      2,223,049,148      dTLB-stores                                                   (36.09%)
     9.028797133            259,510      dTLB-store-misses                                             (36.43%)
    10.031311303          1,173,688      context-switches                                            
    10.031311303             21,927      cpu-migrations                                              
    10.031311303                115      minor-faults                                                
    10.031311303                  0      major-faults                                                
    10.031311303      4,293,626,158      L1-dcache-loads                                               (36.71%)
    10.031311303        567,225,155      L1-dcache-load-misses     #   13.21% of all L1-dcache accesses  (36.67%)
    10.031311303      2,335,699,924      L1-dcache-stores                                              (36.48%)
    10.031311303    <not supported>      L1-dcache-store-misses                                      
    10.031311303         70,786,337      LLC-loads                                                     (36.19%)
    10.031311303         17,592,848      LLC-load-misses           #   24.85% of all LL-cache accesses  (35.94%)
    10.031311303         43,778,559      LLC-stores                                                    (17.94%)
    10.031311303          5,931,527      LLC-store-misses                                              (18.18%)
    10.031311303      4,396,984,876      dTLB-loads                                                    (27.36%)
    10.031311303          2,204,983      dTLB-load-misses          #    0.05% of all dTLB cache accesses  (36.53%)
    10.031311303      2,514,035,120      dTLB-stores                                                   (36.69%)
    10.031311303            262,147      dTLB-store-misses                                             (36.71%)
    11.033875967          1,568,641      context-switches                                            
    11.033875967             31,203      cpu-migrations                                              
    11.033875967                328      minor-faults                                                
    11.033875967                  0      major-faults                                                
    11.033875967      5,345,426,444      L1-dcache-loads                                               (36.38%)
    11.033875967        772,629,167      L1-dcache-load-misses     #   14.45% of all L1-dcache accesses  (36.08%)
    11.033875967      3,260,645,739      L1-dcache-stores                                              (35.88%)
    11.033875967    <not supported>      L1-dcache-store-misses                                      
    11.033875967        102,217,872      LLC-loads                                                     (35.87%)
    11.033875967         27,924,228      LLC-load-misses           #   27.32% of all LL-cache accesses  (36.08%)
    11.033875967         61,590,760      LLC-stores                                                    (18.35%)
    11.033875967          7,759,607      LLC-store-misses                                              (18.35%)
    11.033875967      5,345,548,652      dTLB-loads                                                    (27.53%)
    11.033875967          3,087,468      dTLB-load-misses          #    0.06% of all dTLB cache accesses  (36.71%)
    11.033875967      3,275,482,093      dTLB-stores                                                   (36.70%)
    11.033875967            356,093      dTLB-store-misses                                             (36.60%)
    12.036391498            901,398      context-switches                                            
    12.036391498             19,514      cpu-migrations                                              
    12.036391498                 64      minor-faults                                                
    12.036391498                  0      major-faults                                                
    12.036391498      3,548,659,937      L1-dcache-loads                                               (35.84%)
    12.036391498        424,306,594      L1-dcache-load-misses     #   11.96% of all L1-dcache accesses  (35.93%)
    12.036391498      1,879,862,370      L1-dcache-stores                                              (36.18%)
    12.036391498    <not supported>      L1-dcache-store-misses                                      
    12.036391498         66,377,956      LLC-loads                                                     (36.47%)
    12.036391498         20,742,542      LLC-load-misses           #   31.25% of all LL-cache accesses  (36.65%)
    12.036391498         40,076,401      LLC-stores                                                    (18.35%)
    12.036391498          5,152,717      LLC-store-misses                                              (18.35%)
    12.036391498      3,790,955,113      dTLB-loads                                                    (27.51%)
    12.036391498          2,033,133      dTLB-load-misses          #    0.05% of all dTLB cache accesses  (36.54%)
    12.036391498      1,897,061,064      dTLB-stores                                                   (36.29%)
    12.036391498            226,516      dTLB-store-misses                                             (36.00%)
    13.038983824          1,156,609      context-switches                                            
    13.038983824             27,453      cpu-migrations                                              
    13.038983824                155      minor-faults                                                
    13.038983824                  0      major-faults                                                
    13.038983824      4,521,307,294      L1-dcache-loads                                               (36.31%)
    13.038983824        620,598,244      L1-dcache-load-misses     #   13.73% of all L1-dcache accesses  (36.55%)
    13.038983824      2,764,723,423      L1-dcache-stores                                              (36.69%)
    13.038983824    <not supported>      L1-dcache-store-misses                                      
    13.038983824         92,635,867      LLC-loads                                                     (36.70%)
    13.038983824         29,445,337      LLC-load-misses           #   31.79% of all LL-cache accesses  (36.70%)
    13.038983824         49,142,325      LLC-stores                                                    (18.30%)
    13.038983824          6,437,180      LLC-store-misses                                              (18.11%)
    13.038983824      4,444,036,811      dTLB-loads                                                    (26.99%)
    13.038983824          2,759,268      dTLB-load-misses          #    0.06% of all dTLB cache accesses  (35.92%)
    13.038983824      2,425,866,072      dTLB-stores                                                   (35.83%)
    13.038983824            309,648      dTLB-store-misses                                             (36.02%)
    14.040798397          1,229,023      context-switches                                            
    14.040798397             34,162      cpu-migrations                                              
    14.040798397                204      minor-faults                                                
    14.040798397                  0      major-faults                                                
    14.040798397      5,072,976,423      L1-dcache-loads                                               (36.73%)
    14.040798397        657,635,641      L1-dcache-load-misses     #   12.96% of all L1-dcache accesses  (36.73%)
    14.040798397      2,714,247,708      L1-dcache-stores                                              (36.72%)
    14.040798397    <not supported>      L1-dcache-store-misses                                      
    14.040798397         95,182,490      LLC-loads                                                     (36.59%)
    14.040798397         33,630,939      LLC-load-misses           #   35.33% of all LL-cache accesses  (36.35%)
    14.040798397         56,691,456      LLC-stores                                                    (17.80%)
    14.040798397          7,946,062      LLC-store-misses                                              (17.83%)
    14.040798397      5,336,441,030      dTLB-loads                                                    (26.92%)
    14.040798397          4,007,343      dTLB-load-misses          #    0.08% of all dTLB cache accesses  (36.10%)
    14.040798397      3,070,711,797      dTLB-stores                                                   (36.43%)
    14.040798397            419,630      dTLB-store-misses                                             (36.63%)
    15.043471762            622,417      context-switches                                            
    15.043471762             20,733      cpu-migrations                                              
    15.043471762                 55      minor-faults                                                
    15.043471762                  0      major-faults                                                
    15.043471762      3,182,358,737      L1-dcache-loads                                               (36.67%)
    15.043471762        317,557,884      L1-dcache-load-misses     #    9.98% of all L1-dcache accesses  (36.53%)
    15.043471762      1,421,285,776      L1-dcache-stores                                              (36.25%)
    15.043471762    <not supported>      L1-dcache-store-misses                                      
    15.043471762         57,915,178      LLC-loads                                                     (35.98%)
    15.043471762         24,411,389      LLC-load-misses           #   42.15% of all LL-cache accesses  (35.84%)
    15.043471762         32,119,438      LLC-stores                                                    (18.16%)
    15.043471762          5,033,840      LLC-store-misses                                              (18.32%)
    15.043471762      3,620,500,442      dTLB-loads                                                    (27.49%)
    15.043471762          2,488,706      dTLB-load-misses          #    0.07% of all dTLB cache accesses  (36.66%)
    15.043471762      1,595,778,024      dTLB-stores                                                   (36.68%)
    15.043471762            248,263      dTLB-store-misses                                             (36.68%)
    16.048806300          1,170,421      context-switches                                            
    16.048806300             50,508      cpu-migrations                                              
    16.048806300                 29      minor-faults                                                
    16.048806300                  0      major-faults                                                
    16.048806300      5,526,984,369      L1-dcache-loads                                               (36.26%)
    16.048806300        744,881,504      L1-dcache-load-misses     #   13.48% of all L1-dcache accesses  (36.02%)
    16.048806300      3,085,811,143      L1-dcache-stores                                              (35.93%)
    16.048806300    <not supported>      L1-dcache-store-misses                                      
    16.048806300        129,543,422      LLC-loads                                                     (36.05%)
    16.048806300         53,226,561      LLC-load-misses           #   41.09% of all LL-cache accesses  (36.27%)
    16.048806300         54,520,385      LLC-stores                                                    (18.31%)
    16.048806300          7,658,674      LLC-store-misses                                              (18.31%)
    16.048806300      5,290,508,080      dTLB-loads                                                    (27.47%)
    16.048806300          5,257,677      dTLB-load-misses          #    0.10% of all dTLB cache accesses  (36.62%)
    16.048806300      3,040,080,287      dTLB-stores                                                   (36.61%)
    16.048806300            557,343      dTLB-store-misses                                             (36.49%)
    17.051677916          1,512,475      context-switches                                            
    17.051677916             95,106      cpu-migrations                                              
    17.051677916                 18      minor-faults                                                
    17.051677916                  0      major-faults                                                
    17.051677916      7,479,266,441      L1-dcache-loads                                               (35.83%)
    17.051677916      1,064,202,008      L1-dcache-load-misses     #   14.23% of all L1-dcache accesses  (35.98%)
    17.051677916      4,149,871,545      L1-dcache-stores                                              (36.25%)
    17.051677916    <not supported>      L1-dcache-store-misses                                      
    17.051677916        193,891,550      LLC-loads                                                     (36.51%)
    17.051677916         93,415,441      LLC-load-misses           #   48.18% of all LL-cache accesses  (36.67%)
    17.051677916         81,603,073      LLC-stores                                                    (18.34%)
    17.051677916         11,373,875      LLC-store-misses                                              (18.34%)
    17.051677916      7,578,505,994      dTLB-loads                                                    (27.50%)
    17.051677916         10,401,649      dTLB-load-misses          #    0.14% of all dTLB cache accesses  (36.51%)
    17.051677916      4,500,075,674      dTLB-stores                                                   (36.24%)
    17.051677916            999,061      dTLB-store-misses                                             (35.97%)
    18.054866327          1,644,193      context-switches                                            
    18.054866327             98,118      cpu-migrations                                              
    18.054866327                 66      minor-faults                                                
    18.054866327                  0      major-faults                                                
    18.054866327      9,169,458,884      L1-dcache-loads                                               (36.33%)
    18.054866327      1,386,392,247      L1-dcache-load-misses     #   15.12% of all L1-dcache accesses  (36.56%)
    18.054866327      5,474,289,255      L1-dcache-stores                                              (36.68%)
    18.054866327    <not supported>      L1-dcache-store-misses                                      
    18.054866327        291,688,056      LLC-loads                                                     (36.68%)
    18.054866327        170,147,121      LLC-load-misses           #   58.33% of all LL-cache accesses  (36.68%)
    18.054866327         91,685,287      LLC-stores                                                    (18.30%)
    18.054866327         11,909,584      LLC-store-misses                                              (18.11%)
    18.054866327      8,966,926,239      dTLB-loads                                                    (26.99%)
    18.054866327         13,818,141      dTLB-load-misses          #    0.15% of all dTLB cache accesses  (35.93%)
    18.054866327      5,379,281,012      dTLB-stores                                                   (35.85%)
    18.054866327          1,097,937      dTLB-store-misses                                             (36.04%)
    19.058064766          1,130,446      context-switches                                            
    19.058064766             27,623      cpu-migrations                                              
    19.058064766              8,088      minor-faults                                                
    19.058064766                  1      major-faults                                                
    19.058064766      8,747,189,782      L1-dcache-loads                                               (36.67%)
    19.058064766      1,282,085,685      L1-dcache-load-misses     #   14.66% of all L1-dcache accesses  (36.68%)
    19.058064766      5,162,725,879      L1-dcache-stores                                              (36.67%)
    19.058064766    <not supported>      L1-dcache-store-misses                                      
    19.058064766        288,129,407      LLC-loads                                                     (36.61%)
    19.058064766        208,346,885      LLC-load-misses           #   72.31% of all LL-cache accesses  (36.40%)
    19.058064766         59,863,014      LLC-stores                                                    (17.84%)
    19.058064766          8,759,816      LLC-store-misses                                              (17.85%)
    19.058064766      8,764,362,147      dTLB-loads                                                    (26.93%)
    19.058064766         11,725,399      dTLB-load-misses          #    0.13% of all dTLB cache accesses  (36.09%)
    19.058064766      5,148,674,636      dTLB-stores                                                   (36.38%)
    19.058064766            542,313      dTLB-store-misses                                             (36.58%)
    20.060820724            509,839      context-switches                                            
    20.060820724              5,057      cpu-migrations                                              
    20.060820724                 74      minor-faults                                                
    20.060820724                  0      major-faults                                                
    20.060820724      7,401,912,586      L1-dcache-loads                                               (36.69%)
    20.060820724      1,038,787,670      L1-dcache-load-misses     #   14.03% of all L1-dcache accesses  (36.58%)
    20.060820724      4,315,392,852      L1-dcache-stores                                              (36.35%)
    20.060820724    <not supported>      L1-dcache-store-misses                                      
    20.060820724        257,362,886      LLC-loads                                                     (36.04%)
    20.060820724        214,305,127      LLC-load-misses           #   83.27% of all LL-cache accesses  (35.86%)
    20.060820724         29,908,310      LLC-stores                                                    (18.09%)
    20.060820724          4,781,172      LLC-store-misses                                              (18.28%)
    20.060820724      7,421,596,666      dTLB-loads                                                    (27.45%)
    20.060820724          8,904,199      dTLB-load-misses          #    0.12% of all dTLB cache accesses  (36.62%)
    20.060820724      4,336,731,920      dTLB-stores                                                   (36.69%)
    20.060820724            185,170      dTLB-store-misses                                             (36.69%)
    21.063815135            183,419      context-switches                                            
    21.063815135              1,332      cpu-migrations                                              
    21.063815135                 71      minor-faults                                                
    21.063815135                  0      major-faults                                                
    21.063815135      6,512,034,013      L1-dcache-loads                                               (36.29%)
    21.063815135        873,549,624      L1-dcache-load-misses     #   13.41% of all L1-dcache accesses  (36.00%)
    21.063815135      3,748,707,447      L1-dcache-stores                                              (35.84%)
    21.063815135    <not supported>      L1-dcache-store-misses                                      
    21.063815135        226,228,964      LLC-loads                                                     (35.95%)
    21.063815135        199,704,887      LLC-load-misses           #   88.28% of all LL-cache accesses  (36.20%)
    21.063815135         14,742,709      LLC-stores                                                    (18.34%)
    21.063815135          3,068,206      LLC-store-misses                                              (18.34%)
    21.063815135      6,530,908,329      dTLB-loads                                                    (27.51%)
    21.063815135          7,625,950      dTLB-load-misses          #    0.12% of all dTLB cache accesses  (36.68%)
    21.063815135      3,790,956,723      dTLB-stores                                                   (36.67%)
    21.063815135            104,386      dTLB-store-misses                                             (36.54%)
    22.067817031             70,479      context-switches                                            
    22.067817031                551      cpu-migrations                                              
    22.067817031                 80      minor-faults                                                
    22.067817031                  0      major-faults                                                
    22.067817031      6,358,773,790      L1-dcache-loads                                               (35.89%)
    22.067817031        847,472,683      L1-dcache-load-misses     #   13.33% of all L1-dcache accesses  (36.00%)
    22.067817031      3,693,048,279      L1-dcache-stores                                              (36.24%)
    22.067817031    <not supported>      L1-dcache-store-misses                                      
    22.067817031        220,861,258      LLC-loads                                                     (36.50%)
    22.067817031        201,342,922      LLC-load-misses           #   91.16% of all LL-cache accesses  (36.64%)
    22.067817031         10,748,060      LLC-stores                                                    (18.32%)
    22.067817031          2,614,236      LLC-store-misses                                              (18.32%)
    22.067817031      6,393,789,825      dTLB-loads                                                    (27.47%)
    22.067817031          7,202,180      dTLB-load-misses          #    0.11% of all dTLB cache accesses  (36.52%)
    22.067817031      3,670,684,296      dTLB-stores                                                   (36.28%)
    22.067817031             78,242      dTLB-store-misses                                             (36.02%)
    23.080823175             29,206      context-switches                                            
    23.080823175                281      cpu-migrations                                              
    23.080823175                 77      minor-faults                                                
    23.080823175                  0      major-faults                                                
    23.080823175      6,656,846,982      L1-dcache-loads                                               (36.41%)
    23.080823175        860,492,285      L1-dcache-load-misses     #   12.93% of all L1-dcache accesses  (36.39%)
    23.080823175      3,839,984,432      L1-dcache-stores                                              (36.36%)
    23.080823175    <not supported>      L1-dcache-store-misses                                      
    23.080823175        227,540,764      LLC-loads                                                     (36.34%)
    23.080823175        210,172,947      LLC-load-misses           #   92.37% of all LL-cache accesses  (36.34%)
    23.080823175          9,890,885      LLC-stores                                                    (18.17%)
    23.080823175          2,364,069      LLC-store-misses                                              (18.17%)
    23.080823175      6,704,413,540      dTLB-loads                                                    (27.26%)
    23.080823175          7,174,243      dTLB-load-misses          #    0.11% of all dTLB cache accesses  (36.36%)
    23.080823175      3,856,696,720      dTLB-stores                                                   (36.39%)
    23.080823175             94,406      dTLB-store-misses                                             (36.41%)
    24.084833305             15,309      context-switches                                            
    24.084833305                207      cpu-migrations                                              
    24.084833305              1,596      minor-faults                                                
    24.084833305                  0      major-faults                                                
    24.084833305      6,692,130,051      L1-dcache-loads                                               (36.17%)
    24.084833305        868,444,027      L1-dcache-load-misses     #   12.98% of all L1-dcache accesses  (36.45%)
    24.084833305      3,883,839,793      L1-dcache-stores                                              (36.61%)
    24.084833305    <not supported>      L1-dcache-store-misses                                      
    24.084833305        226,047,746      LLC-loads                                                     (36.64%)
    24.084833305        208,969,641      LLC-load-misses           #   92.44% of all LL-cache accesses  (36.64%)
    24.084833305         10,129,935      LLC-stores                                                    (18.32%)
    24.084833305          2,010,126      LLC-store-misses                                              (18.24%)
    24.084833305      6,674,449,435      dTLB-loads                                                    (27.18%)
    24.084833305          6,871,188      dTLB-load-misses          #    0.10% of all dTLB cache accesses  (36.07%)
    24.084833305      3,846,607,697      dTLB-stores                                                   (35.91%)
    24.084833305             72,260      dTLB-store-misses                                             (35.95%)
    25.088825170             10,274      context-switches                                            
    25.088825170                223      cpu-migrations                                              
    25.088825170                537      minor-faults                                                
    25.088825170                  0      major-faults                                                
    25.088825170      6,586,839,869      L1-dcache-loads                                               (36.63%)
    25.088825170        852,973,523      L1-dcache-load-misses     #   12.95% of all L1-dcache accesses  (36.66%)
    25.088825170      3,828,993,711      L1-dcache-stores                                              (36.66%)
    25.088825170    <not supported>      L1-dcache-store-misses                                      
    25.088825170        220,607,874      LLC-loads                                                     (36.65%)
    25.088825170        205,285,936      LLC-load-misses           #   93.05% of all LL-cache accesses  (36.57%)
    25.088825170         10,074,440      LLC-stores                                                    (18.02%)
    25.088825170          2,062,890      LLC-store-misses                                              (17.82%)
    25.088825170      6,607,211,368      dTLB-loads                                                    (26.81%)
    25.088825170          6,527,415      dTLB-load-misses          #    0.10% of all dTLB cache accesses  (35.94%)
    25.088825170      3,793,773,024      dTLB-stores                                                   (36.16%)
    25.088825170             55,185      dTLB-store-misses                                             (36.45%)
#           time             counts unit events
    26.092844216              9,342      context-switches                                            
    26.092844216                188      cpu-migrations                                              
    26.092844216                160      minor-faults                                                
    26.092844216                  0      major-faults                                                
    26.092844216      6,658,446,968      L1-dcache-loads                                               (36.65%)
    26.092844216        851,047,062      L1-dcache-load-misses     #   12.78% of all L1-dcache accesses  (36.64%)
    26.092844216      3,837,151,098      L1-dcache-stores                                              (36.57%)
    26.092844216    <not supported>      L1-dcache-store-misses                                      
    26.092844216        219,300,828      LLC-loads                                                     (36.35%)
    26.092844216        203,808,564      LLC-load-misses           #   92.94% of all LL-cache accesses  (36.07%)
    26.092844216          9,857,279      LLC-stores                                                    (17.87%)
    26.092844216          2,143,626      LLC-store-misses                                              (18.12%)
    26.092844216      6,617,591,383      dTLB-loads                                                    (27.28%)
    26.092844216          6,379,107      dTLB-load-misses          #    0.10% of all dTLB cache accesses  (36.44%)
    26.092844216      3,822,049,613      dTLB-stores                                                   (36.61%)
    26.092844216             52,034      dTLB-store-misses                                             (36.65%)
    27.097725029              8,976      context-switches                                            
    27.097725029                235      cpu-migrations                                              
    27.097725029                 99      minor-faults                                                
    27.097725029                  0      major-faults                                                
    27.097725029      6,751,342,055      L1-dcache-loads                                               (36.57%)
    27.097725029        864,033,256      L1-dcache-load-misses     #   12.80% of all L1-dcache accesses  (36.37%)
    27.097725029      3,902,419,499      L1-dcache-stores                                              (36.11%)
    27.097725029    <not supported>      L1-dcache-store-misses                                      
    27.097725029        222,690,010      LLC-loads                                                     (35.93%)
    27.097725029        206,101,004      LLC-load-misses           #   92.55% of all LL-cache accesses  (35.95%)
    27.097725029          9,846,332      LLC-stores                                                    (18.28%)
    27.097725029          1,985,627      LLC-store-misses                                              (18.31%)
    27.097725029      6,738,088,138      dTLB-loads                                                    (27.47%)
    27.097725029          6,415,778      dTLB-load-misses          #    0.10% of all dTLB cache accesses  (36.63%)
    27.097725029      3,878,707,368      dTLB-stores                                                   (36.63%)
    27.097725029             53,940      dTLB-store-misses                                             (36.63%)
    28.102278309              9,480      context-switches                                            
    28.102278309                263      cpu-migrations                                              
    28.102278309             11,342      minor-faults                                                
    28.102278309                  4      major-faults                                                
    28.102278309      6,839,790,090      L1-dcache-loads                                               (36.16%)
    28.102278309        887,748,142      L1-dcache-load-misses     #   12.98% of all L1-dcache accesses  (35.97%)
    28.102278309      3,971,131,400      L1-dcache-stores                                              (35.93%)
    28.102278309    <not supported>      L1-dcache-store-misses                                      
    28.102278309        223,796,161      LLC-loads                                                     (36.11%)
    28.102278309        207,778,457      LLC-load-misses           #   92.84% of all LL-cache accesses  (36.37%)
    28.102278309         10,314,696      LLC-stores                                                    (18.31%)
    28.102278309          2,089,494      LLC-store-misses                                              (18.31%)
    28.102278309      6,850,154,737      dTLB-loads                                                    (27.47%)
    28.102278309          6,591,063      dTLB-load-misses          #    0.10% of all dTLB cache accesses  (36.62%)
    28.102278309      3,929,537,533      dTLB-stores                                                   (36.60%)
    28.102278309            109,939      dTLB-store-misses                                             (36.42%)
    29.107141475              9,273      context-switches                                            
    29.107141475                246      cpu-migrations                                              
    29.107141475              8,084      minor-faults                                                
    29.107141475                  0      major-faults                                                
    29.107141475      6,797,102,313      L1-dcache-loads                                               (35.91%)
    29.107141475        882,503,998      L1-dcache-load-misses     #   12.98% of all L1-dcache accesses  (36.07%)
    29.107141475      3,910,526,806      L1-dcache-stores                                              (36.34%)
    29.107141475    <not supported>      L1-dcache-store-misses                                      
    29.107141475        220,725,852      LLC-loads                                                     (36.55%)
    29.107141475        204,579,345      LLC-load-misses           #   92.68% of all LL-cache accesses  (36.63%)
    29.107141475         10,208,063      LLC-stores                                                    (18.32%)
    29.107141475          2,096,139      LLC-store-misses                                              (18.32%)
    29.107141475      6,799,578,488      dTLB-loads                                                    (27.46%)
    29.107141475          6,578,936      dTLB-load-misses          #    0.10% of all dTLB cache accesses  (36.46%)
    29.107141475      3,926,153,293      dTLB-stores                                                   (36.19%)
    29.107141475            100,081      dTLB-store-misses                                             (35.98%)
    30.111644345              8,730      context-switches                                            
    30.111644345                233      cpu-migrations                                              
    30.111644345                209      minor-faults                                                
    30.111644345                  0      major-faults                                                
    30.111644345      7,146,251,225      L1-dcache-loads                                               (36.30%)
    30.111644345        915,957,537      L1-dcache-load-misses     #   12.82% of all L1-dcache accesses  (36.53%)
    30.111644345      4,108,600,380      L1-dcache-stores                                              (36.63%)
    30.111644345    <not supported>      L1-dcache-store-misses                                      
    30.111644345        240,833,877      LLC-loads                                                     (36.64%)
    30.111644345        225,089,581      LLC-load-misses           #   93.46% of all LL-cache accesses  (36.64%)
    30.111644345         10,246,497      LLC-stores                                                    (18.31%)
    30.111644345          2,473,638      LLC-store-misses                                              (18.17%)
    30.111644345      7,098,913,079      dTLB-loads                                                    (27.07%)
    30.111644345          6,803,447      dTLB-load-misses          #    0.10% of all dTLB cache accesses  (36.00%)
    30.111644345      4,116,513,551      dTLB-stores                                                   (35.90%)
    30.111644345             59,842      dTLB-store-misses                                             (36.03%)
