nr_free_pages 15934401
nr_zone_inactive_anon 108462
nr_zone_active_anon 2713
nr_zone_inactive_file 12523
nr_zone_active_file 33399
nr_zone_unevictable 4632
nr_zone_write_pending 48
nr_mlock 4632
nr_bounce 0
nr_zspages 0
nr_free_cma 0
numa_hit 2509017673
numa_miss 0
numa_foreign 0
numa_interleave 4370
numa_local 1388115923
numa_other 1120892949
nr_inactive_anon 108462
nr_active_anon 2713
nr_inactive_file 12523
nr_active_file 33399
nr_unevictable 4632
nr_slab_reclaimable 18284
nr_slab_unreclaimable 102227
nr_isolated_anon 0
nr_isolated_file 0
workingset_nodes 0
workingset_refault_anon 0
workingset_refault_file 0
workingset_activate_anon 0
workingset_activate_file 0
workingset_restore_anon 0
workingset_restore_file 0
workingset_nodereclaim 0
nr_anon_pages 113147
nr_mapped 47212
nr_file_pages 48779
nr_dirty 48
nr_writeback 0
nr_writeback_temp 0
nr_shmem 600
nr_shmem_hugepages 0
nr_shmem_pmdmapped 0
nr_file_hugepages 0
nr_file_pmdmapped 0
nr_anon_transparent_hugepages 0
nr_vmscan_write 0
nr_vmscan_immediate_reclaim 0
nr_dirtied 796215196
nr_written 789269874
nr_kernel_misc_reclaimable 0
nr_foll_pin_acquired 0
nr_foll_pin_released 0
nr_kernel_stack 16576
nr_page_table_pages 2524
nr_swapcached 0
nr_dirty_threshold 3172314
nr_dirty_background_threshold 1584220
pgpgin 528888898
pgpgout 3501743905
pswpin 0
pswpout 0
pgalloc_dma 1024
pgalloc_dma32 50929
pgalloc_normal 2509005423
pgalloc_movable 0
allocstall_dma 0
allocstall_dma32 0
allocstall_normal 0
allocstall_movable 0
pgskip_dma 0
pgskip_dma32 0
pgskip_normal 0
pgskip_movable 0
pgfree 2526697759
pgactivate 125956632
pgdeactivate 30394
pglazyfree 0
pgfault 279627175
pgmajfault 88000
pglazyfreed 0
pgrefill 0
pgreuse 9764997
pgsteal_kswapd 0
pgsteal_direct 0
pgdemote_kswapd 0
pgdemote_direct 0
pgscan_kswapd 0
pgscan_direct 0
pgscan_direct_throttle 0
pgscan_anon 0
pgscan_file 0
pgsteal_anon 0
pgsteal_file 0
zone_reclaim_failed 0
pginodesteal 38720
slabs_scanned 9379201
kswapd_inodesteal 0
kswapd_low_wmark_hit_quickly 0
kswapd_high_wmark_hit_quickly 0
pageoutrun 0
pgrotated 102948
drop_pagecache 152
drop_slab 152
oom_kill 0
numa_pte_updates 172963971
numa_huge_pte_updates 0
numa_hint_faults 149570050
numa_hint_faults_local 77765919
numa_pages_migrated 0
pgmigrate_success 1575571
pgmigrate_fail 419
thp_migration_success 0
thp_migration_fail 0
thp_migration_split 0
compact_migrate_scanned 2804801
compact_free_scanned 2203113
compact_isolated 3151532
compact_stall 0
compact_fail 0
compact_success 0
compact_daemon_wake 0
compact_daemon_migrate_scanned 0
compact_daemon_free_scanned 0
htlb_buddy_alloc_success 0
htlb_buddy_alloc_fail 0
cma_alloc_success 0
cma_alloc_fail 0
unevictable_pgs_culled 361837
unevictable_pgs_scanned 0
unevictable_pgs_rescued 28
unevictable_pgs_mlocked 4717
unevictable_pgs_munlocked 28
unevictable_pgs_cleared 57
unevictable_pgs_stranded 57
thp_fault_alloc 0
thp_fault_fallback 0
thp_fault_fallback_charge 0
thp_collapse_alloc 0
thp_collapse_alloc_failed 0
thp_file_alloc 0
thp_file_fallback 0
thp_file_fallback_charge 0
thp_file_mapped 0
thp_split_page 0
thp_split_page_failed 0
thp_deferred_split_page 0
thp_split_pmd 0
thp_split_pud 0
thp_zero_page_alloc 0
thp_zero_page_alloc_failed 0
thp_swpout 0
thp_swpout_fallback 0
balloon_inflate 0
balloon_deflate 0
balloon_migrate 0
swap_ra 0
swap_ra_hit 0
direct_map_level2_splits 342
direct_map_level3_splits 0
nr_unstable 0
