nr_free_pages 15949211
nr_zone_inactive_anon 103439
nr_zone_active_anon 2714
nr_zone_inactive_file 12635
nr_zone_active_file 34818
nr_zone_unevictable 4632
nr_zone_write_pending 131
nr_mlock 4632
nr_bounce 0
nr_zspages 0
nr_free_cma 0
numa_hit 2491866391
numa_miss 0
numa_foreign 0
numa_interleave 4370
numa_local 1378998507
numa_other 1112859083
nr_inactive_anon 103439
nr_active_anon 2714
nr_inactive_file 12635
nr_active_file 34818
nr_unevictable 4632
nr_slab_reclaimable 17757
nr_slab_unreclaimable 101442
nr_isolated_anon 0
nr_isolated_file 0
workingset_nodes 0
workingset_refault_anon 0
workingset_refault_file 0
workingset_activate_anon 0
workingset_activate_file 0
workingset_restore_anon 0
workingset_restore_file 0
workingset_nodereclaim 0
nr_anon_pages 108243
nr_mapped 46730
nr_file_pages 50220
nr_dirty 131
nr_writeback 0
nr_writeback_temp 0
nr_shmem 600
nr_shmem_hugepages 0
nr_shmem_pmdmapped 0
nr_file_hugepages 0
nr_file_pmdmapped 0
nr_anon_transparent_hugepages 0
nr_vmscan_write 0
nr_vmscan_immediate_reclaim 0
nr_dirtied 782443308
nr_written 775497906
nr_kernel_misc_reclaimable 0
nr_foll_pin_acquired 0
nr_foll_pin_released 0
nr_kernel_stack 16716
nr_page_table_pages 2633
nr_swapcached 0
nr_dirty_threshold 3175582
nr_dirty_background_threshold 1585852
pgpgin 528653470
pgpgout 3446654309
pswpin 0
pswpout 0
pgalloc_dma 1024
pgalloc_dma32 50929
pgalloc_normal 2491854134
pgalloc_movable 0
allocstall_dma 0
allocstall_dma32 0
allocstall_normal 0
allocstall_movable 0
pgskip_dma 0
pgskip_dma32 0
pgskip_normal 0
pgskip_movable 0
pgfree 2509550416
pgactivate 125943515
pgdeactivate 29955
pglazyfree 0
pgfault 278891376
pgmajfault 86558
pglazyfreed 0
pgrefill 0
pgreuse 9669108
pgsteal_kswapd 0
pgsteal_direct 0
pgdemote_kswapd 0
pgdemote_direct 0
pgscan_kswapd 0
pgscan_direct 0
pgscan_direct_throttle 0
pgscan_anon 0
pgscan_file 0
pgsteal_anon 0
pgsteal_file 0
zone_reclaim_failed 0
pginodesteal 38707
slabs_scanned 8895552
kswapd_inodesteal 0
kswapd_low_wmark_hit_quickly 0
kswapd_high_wmark_hit_quickly 0
pageoutrun 0
pgrotated 101846
drop_pagecache 149
drop_slab 149
oom_kill 0
numa_pte_updates 172919028
numa_huge_pte_updates 0
numa_hint_faults 149534238
numa_hint_faults_local 77750943
numa_pages_migrated 0
pgmigrate_success 1575571
pgmigrate_fail 419
thp_migration_success 0
thp_migration_fail 0
thp_migration_split 0
compact_migrate_scanned 2804801
compact_free_scanned 2203113
compact_isolated 3151532
compact_stall 0
compact_fail 0
compact_success 0
compact_daemon_wake 0
compact_daemon_migrate_scanned 0
compact_daemon_free_scanned 0
htlb_buddy_alloc_success 0
htlb_buddy_alloc_fail 0
cma_alloc_success 0
cma_alloc_fail 0
unevictable_pgs_culled 361837
unevictable_pgs_scanned 0
unevictable_pgs_rescued 28
unevictable_pgs_mlocked 4717
unevictable_pgs_munlocked 28
unevictable_pgs_cleared 57
unevictable_pgs_stranded 57
thp_fault_alloc 0
thp_fault_fallback 0
thp_fault_fallback_charge 0
thp_collapse_alloc 0
thp_collapse_alloc_failed 0
thp_file_alloc 0
thp_file_fallback 0
thp_file_fallback_charge 0
thp_file_mapped 0
thp_split_page 0
thp_split_page_failed 0
thp_deferred_split_page 0
thp_split_pmd 0
thp_split_pud 0
thp_zero_page_alloc 0
thp_zero_page_alloc_failed 0
thp_swpout 0
thp_swpout_fallback 0
balloon_inflate 0
balloon_deflate 0
balloon_migrate 0
swap_ra 0
swap_ra_hit 0
direct_map_level2_splits 341
direct_map_level3_splits 0
nr_unstable 0
