#           time             counts unit events
     1.000792292      5,504,918,751      L1-dcache-loads                                               (35.92%)
     1.000792292        559,353,057      L1-dcache-load-misses     #   10.16% of all L1-dcache accesses  (35.92%)
     1.000792292    <not supported>      L1-icache-loads                                             
     1.000792292        650,386,609      L1-icache-load-misses                                         (36.09%)
     1.000792292        140,972,449      LLC-loads                                                     (36.45%)
     1.000792292         47,420,611      LLC-load-misses           #   33.64% of all LL-cache accesses  (36.62%)
     1.000792292         93,675,408      LLC-stores                                                    (18.31%)
     1.000792292         28,152,576      LLC-store-misses                                              (18.31%)
     1.000792292      5,423,727,473      dTLB-loads                                                    (27.46%)
     1.000792292          5,392,292      dTLB-load-misses          #    0.10% of all dTLB cache accesses  (36.62%)
     1.000792292         92,392,242      iTLB-loads                                                    (36.45%)
     1.000792292          2,643,829      iTLB-load-misses          #    2.86% of all iTLB cache accesses  (36.09%)
     1.000792292            180,575      page-faults                                                 
     1.000792292            180,008      minor-faults                                                
     1.000792292                489      major-faults                                                
     1.000792292              6,196      cpu-migrations                                              
     2.011743554      6,589,358,049      L1-dcache-loads                                               (36.30%)
     2.011743554        517,813,591      L1-dcache-load-misses     #    7.86% of all L1-dcache accesses  (36.30%)
     2.011743554    <not supported>      L1-icache-loads                                             
     2.011743554        612,457,771      L1-icache-load-misses                                         (36.38%)
     2.011743554        160,060,778      LLC-loads                                                     (36.40%)
     2.011743554         54,167,854      LLC-load-misses           #   33.84% of all LL-cache accesses  (36.40%)
     2.011743554         69,504,656      LLC-stores                                                    (18.20%)
     2.011743554         26,204,354      LLC-store-misses                                              (18.20%)
     2.011743554      6,617,217,502      dTLB-loads                                                    (27.30%)
     2.011743554            809,344      dTLB-load-misses          #    0.01% of all dTLB cache accesses  (36.40%)
     2.011743554        173,340,576      iTLB-loads                                                    (36.32%)
     2.011743554            630,284      iTLB-load-misses          #    0.36% of all iTLB cache accesses  (36.30%)
     2.011743554             26,633      page-faults                                                 
     2.011743554             26,526      minor-faults                                                
     2.011743554                  1      major-faults                                                
     2.011743554                119      cpu-migrations                                              
     3.014820572      4,987,489,645      L1-dcache-loads                                               (36.13%)
     3.014820572        386,171,290      L1-dcache-load-misses     #    7.74% of all L1-dcache accesses  (36.52%)
     3.014820572    <not supported>      L1-icache-loads                                             
     3.014820572        518,728,958      L1-icache-load-misses                                         (36.67%)
     3.014820572        150,601,956      LLC-loads                                                     (36.69%)
     3.014820572         50,221,873      LLC-load-misses           #   33.35% of all LL-cache accesses  (36.69%)
     3.014820572         70,966,761      LLC-stores                                                    (18.34%)
     3.014820572         26,526,753      LLC-store-misses                                              (18.30%)
     3.014820572      4,965,251,569      dTLB-loads                                                    (27.18%)
     3.014820572          1,708,488      dTLB-load-misses          #    0.03% of all dTLB cache accesses  (35.96%)
     3.014820572        168,429,679      iTLB-loads                                                    (35.81%)
     3.014820572            448,872      iTLB-load-misses          #    0.27% of all iTLB cache accesses  (35.84%)
     3.014820572             76,112      page-faults                                                 
     3.014820572             76,015      minor-faults                                                
     3.014820572                  0      major-faults                                                
     3.014820572                 84      cpu-migrations                                              
     4.017858888      4,760,397,573      L1-dcache-loads                                               (36.68%)
     4.017858888        377,624,260      L1-dcache-load-misses     #    7.93% of all L1-dcache accesses  (36.69%)
     4.017858888    <not supported>      L1-icache-loads                                             
     4.017858888        510,279,214      L1-icache-load-misses                                         (36.69%)
     4.017858888        155,360,795      LLC-loads                                                     (36.69%)
     4.017858888         50,627,270      LLC-load-misses           #   32.59% of all LL-cache accesses  (36.59%)
     4.017858888         65,041,618      LLC-stores                                                    (17.92%)
     4.017858888         24,294,461      LLC-store-misses                                              (17.67%)
     4.017858888      4,785,465,554      dTLB-loads                                                    (26.74%)
     4.017858888          1,653,114      dTLB-load-misses          #    0.03% of all dTLB cache accesses  (35.90%)
     4.017858888        157,550,812      iTLB-loads                                                    (36.22%)
     4.017858888            568,703      iTLB-load-misses          #    0.36% of all iTLB cache accesses  (36.57%)
     4.017858888             69,418      page-faults                                                 
     4.017858888             69,346      minor-faults                                                
     4.017858888                  3      major-faults                                                
     4.017858888                 98      cpu-migrations                                              
     5.020787162      4,631,802,383      L1-dcache-loads                                               (36.69%)
     5.020787162        367,228,965      L1-dcache-load-misses     #    7.93% of all L1-dcache accesses  (36.69%)
     5.020787162    <not supported>      L1-icache-loads                                             
     5.020787162        468,099,199      L1-icache-load-misses                                         (36.53%)
     5.020787162        148,167,518      LLC-loads                                                     (36.16%)
     5.020787162         49,398,367      LLC-load-misses           #   33.34% of all LL-cache accesses  (35.87%)
     5.020787162         73,325,385      LLC-stores                                                    (17.97%)
     5.020787162         28,006,593      LLC-store-misses                                              (18.27%)
     5.020787162      4,625,191,069      dTLB-loads                                                    (27.44%)
     5.020787162            345,124      dTLB-load-misses          #    0.01% of all dTLB cache accesses  (36.61%)
     5.020787162        159,573,643      iTLB-loads                                                    (36.69%)
     5.020787162            685,444      iTLB-load-misses          #    0.43% of all iTLB cache accesses  (36.69%)
     5.020787162              2,147      page-faults                                                 
     5.020787162              2,079      minor-faults                                                
     5.020787162                  0      major-faults                                                
     5.020787162                 61      cpu-migrations                                              
     6.023795716      4,477,204,581      L1-dcache-loads                                               (36.44%)
     6.023795716        360,927,065      L1-dcache-load-misses     #    8.06% of all L1-dcache accesses  (36.06%)
     6.023795716    <not supported>      L1-icache-loads                                             
     6.023795716        448,833,903      L1-icache-load-misses                                         (35.82%)
     6.023795716        157,502,441      LLC-loads                                                     (35.79%)
     6.023795716         52,928,394      LLC-load-misses           #   33.60% of all LL-cache accesses  (36.04%)
     6.023795716         65,525,743      LLC-stores                                                    (18.35%)
     6.023795716         25,039,119      LLC-store-misses                                              (18.35%)
     6.023795716      4,506,812,966      dTLB-loads                                                    (27.52%)
     6.023795716            876,544      dTLB-load-misses          #    0.02% of all dTLB cache accesses  (36.69%)
     6.023795716        152,132,343      iTLB-loads                                                    (36.69%)
     6.023795716            765,864      iTLB-load-misses          #    0.50% of all iTLB cache accesses  (36.69%)
     6.023795716                908      page-faults                                                 
     6.023795716                796      minor-faults                                                
     6.023795716                  5      major-faults                                                
     6.023795716                 94      cpu-migrations                                              
     7.026673512      4,357,236,491      L1-dcache-loads                                               (35.80%)
     7.026673512        353,188,245      L1-dcache-load-misses     #    8.11% of all L1-dcache accesses  (35.85%)
     7.026673512    <not supported>      L1-icache-loads                                             
     7.026673512        422,646,478      L1-icache-load-misses                                         (36.14%)
     7.026673512        158,937,943      LLC-loads                                                     (36.53%)
     7.026673512         51,790,060      LLC-load-misses           #   32.59% of all LL-cache accesses  (36.68%)
     7.026673512         55,801,764      LLC-stores                                                    (18.35%)
     7.026673512         21,497,618      LLC-store-misses                                              (18.35%)
     7.026673512      4,387,273,135      dTLB-loads                                                    (27.52%)
     7.026673512            180,461      dTLB-load-misses          #    0.00% of all dTLB cache accesses  (36.64%)
     7.026673512        145,116,396      iTLB-loads                                                    (36.34%)
     7.026673512          2,090,740      iTLB-load-misses          #    1.44% of all iTLB cache accesses  (35.95%)
     7.026673512              3,352      page-faults                                                 
     7.026673512              3,285      minor-faults                                                
     7.026673512                  0      major-faults                                                
     7.026673512                128      cpu-migrations                                              
     8.028787282      4,804,230,257      L1-dcache-loads                                               (36.27%)
     8.028787282        380,540,852      L1-dcache-load-misses     #    7.92% of all L1-dcache accesses  (36.61%)
     8.028787282    <not supported>      L1-icache-loads                                             
     8.028787282        468,207,126      L1-icache-load-misses                                         (36.71%)
     8.028787282        163,220,372      LLC-loads                                                     (36.72%)
     8.028787282         50,554,290      LLC-load-misses           #   30.97% of all LL-cache accesses  (36.72%)
     8.028787282         71,357,783      LLC-stores                                                    (18.36%)
     8.028787282         27,464,954      LLC-store-misses                                              (18.19%)
     8.028787282      4,803,647,828      dTLB-loads                                                    (27.01%)
     8.028787282             93,431      dTLB-load-misses          #    0.00% of all dTLB cache accesses  (35.85%)
     8.028787282        157,452,113      iTLB-loads                                                    (35.75%)
     8.028787282          3,387,072      iTLB-load-misses          #    2.15% of all iTLB cache accesses  (35.91%)
     8.028787282                100      page-faults                                                 
     8.028787282                 32      minor-faults                                                
     8.028787282                  0      major-faults                                                
     8.028787282                 70      cpu-migrations                                              
     9.031764626      4,820,495,780      L1-dcache-loads                                               (36.69%)
     9.031764626        381,576,571      L1-dcache-load-misses     #    7.92% of all L1-dcache accesses  (36.69%)
     9.031764626    <not supported>      L1-icache-loads                                             
     9.031764626        471,273,248      L1-icache-load-misses                                         (36.69%)
     9.031764626        163,097,299      LLC-loads                                                     (36.69%)
     9.031764626         50,398,405      LLC-load-misses           #   30.90% of all LL-cache accesses  (36.44%)
     9.031764626         70,952,959      LLC-stores                                                    (17.71%)
     9.031764626         27,288,568      LLC-store-misses                                              (17.73%)
     9.031764626      4,810,170,627      dTLB-loads                                                    (26.87%)
     9.031764626            109,215      dTLB-load-misses          #    0.00% of all dTLB cache accesses  (36.04%)
     9.031764626        156,570,478      iTLB-loads                                                    (36.43%)
     9.031764626          3,364,965      iTLB-load-misses          #    2.15% of all iTLB cache accesses  (36.66%)
     9.031764626                525      page-faults                                                 
     9.031764626                422      minor-faults                                                
     9.031764626                  0      major-faults                                                
     9.031764626                 80      cpu-migrations                                              
    10.034737915      4,847,295,467      L1-dcache-loads                                               (36.69%)
    10.034737915        387,169,659      L1-dcache-load-misses     #    7.99% of all L1-dcache accesses  (36.64%)
    10.034737915    <not supported>      L1-icache-loads                                             
    10.034737915        487,418,923      L1-icache-load-misses                                         (36.34%)
    10.034737915        162,918,296      LLC-loads                                                     (35.95%)
    10.034737915         50,323,318      LLC-load-misses           #   30.89% of all LL-cache accesses  (35.81%)
    10.034737915         71,090,128      LLC-stores                                                    (18.18%)
    10.034737915         27,552,846      LLC-store-misses                                              (18.33%)
    10.034737915      4,854,673,230      dTLB-loads                                                    (27.50%)
    10.034737915            483,426      dTLB-load-misses          #    0.01% of all dTLB cache accesses  (36.68%)
    10.034737915        157,403,743      iTLB-loads                                                    (36.69%)
    10.034737915          3,464,626      iTLB-load-misses          #    2.20% of all iTLB cache accesses  (36.69%)
    10.034737915             26,702      page-faults                                                 
    10.034737915             26,627      minor-faults                                                
    10.034737915                  0      major-faults                                                
    10.034737915                 91      cpu-migrations                                              
    11.044792445      4,868,778,202      L1-dcache-loads                                               (36.43%)
    11.044792445        393,098,770      L1-dcache-load-misses     #    8.07% of all L1-dcache accesses  (36.32%)
    11.044792445    <not supported>      L1-icache-loads                                             
    11.044792445        497,726,331      L1-icache-load-misses                                         (36.25%)
    11.044792445        164,112,669      LLC-loads                                                     (36.24%)
    11.044792445         50,888,537      LLC-load-misses           #   31.01% of all LL-cache accesses  (36.24%)
    11.044792445         72,040,744      LLC-stores                                                    (18.22%)
    11.044792445         28,000,216      LLC-store-misses                                              (18.22%)
    11.044792445      4,870,140,378      dTLB-loads                                                    (27.33%)
    11.044792445          1,677,158      dTLB-load-misses          #    0.03% of all dTLB cache accesses  (36.43%)
    11.044792445        157,543,239      iTLB-loads                                                    (36.43%)
    11.044792445          3,257,300      iTLB-load-misses          #    2.07% of all iTLB cache accesses  (36.43%)
    11.044792445             66,323      page-faults                                                 
    11.044792445             66,217      minor-faults                                                
    11.044792445                  0      major-faults                                                
    11.044792445                 93      cpu-migrations                                              
    12.047732934      4,810,616,978      L1-dcache-loads                                               (36.05%)
    12.047732934        382,871,280      L1-dcache-load-misses     #    7.96% of all L1-dcache accesses  (35.82%)
    12.047732934    <not supported>      L1-icache-loads                                             
    12.047732934        473,239,612      L1-icache-load-misses                                         (35.79%)
    12.047732934        163,727,500      LLC-loads                                                     (36.05%)
    12.047732934         50,632,357      LLC-load-misses           #   30.92% of all LL-cache accesses  (36.43%)
    12.047732934         71,429,849      LLC-stores                                                    (18.35%)
    12.047732934         27,401,490      LLC-store-misses                                              (18.35%)
    12.047732934      4,811,309,071      dTLB-loads                                                    (27.52%)
    12.047732934             89,404      dTLB-load-misses          #    0.00% of all dTLB cache accesses  (36.69%)
    12.047732934        157,494,316      iTLB-loads                                                    (36.69%)
    12.047732934          3,335,359      iTLB-load-misses          #    2.12% of all iTLB cache accesses  (36.44%)
    12.047732934                114      page-faults                                                 
    12.047732934                 45      minor-faults                                                
    12.047732934                  0      major-faults                                                
    12.047732934                 72      cpu-migrations                                              
    13.050719279      4,836,447,582      L1-dcache-loads                                               (35.85%)
    13.050719279        385,769,170      L1-dcache-load-misses     #    7.98% of all L1-dcache accesses  (36.14%)
    13.050719279    <not supported>      L1-icache-loads                                             
    13.050719279        480,581,855      L1-icache-load-misses                                         (36.53%)
    13.050719279        163,116,402      LLC-loads                                                     (36.68%)
    13.050719279         50,314,690      LLC-load-misses           #   30.85% of all LL-cache accesses  (36.69%)
    13.050719279         71,132,997      LLC-stores                                                    (18.35%)
    13.050719279         27,546,113      LLC-store-misses                                              (18.35%)
    13.050719279      4,818,663,108      dTLB-loads                                                    (27.46%)
    13.050719279            421,162      dTLB-load-misses          #    0.01% of all dTLB cache accesses  (36.34%)
    13.050719279        157,298,181      iTLB-loads                                                    (35.95%)
    13.050719279          3,250,729      iTLB-load-misses          #    2.07% of all iTLB cache accesses  (35.81%)
    13.050719279             16,044      page-faults                                                 
    13.050719279             15,938      minor-faults                                                
    13.050719279                  0      major-faults                                                
    13.050719279                109      cpu-migrations                                              
    14.052787086      4,886,733,754      L1-dcache-loads                                               (36.61%)
    14.052787086        391,835,920      L1-dcache-load-misses     #    8.02% of all L1-dcache accesses  (36.71%)
    14.052787086    <not supported>      L1-icache-loads                                             
    14.052787086        499,668,676      L1-icache-load-misses                                         (36.72%)
    14.052787086        162,806,300      LLC-loads                                                     (36.72%)
    14.052787086         50,446,830      LLC-load-misses           #   30.99% of all LL-cache accesses  (36.72%)
    14.052787086         71,069,021      LLC-stores                                                    (18.19%)
    14.052787086         27,393,658      LLC-store-misses                                              (17.83%)
    14.052787086      4,869,855,275      dTLB-loads                                                    (26.67%)
    14.052787086          1,664,968      dTLB-load-misses          #    0.03% of all dTLB cache accesses  (35.74%)
    14.052787086        155,191,477      iTLB-loads                                                    (35.90%)
    14.052787086          4,393,669      iTLB-load-misses          #    2.83% of all iTLB cache accesses  (36.27%)
    14.052787086             54,246      page-faults                                                 
    14.052787086             54,177      minor-faults                                                
    14.052787086                  3      major-faults                                                
    14.052787086                172      cpu-migrations                                              
    15.055763283      4,816,136,983      L1-dcache-loads                                               (36.69%)
    15.055763283        381,128,138      L1-dcache-load-misses     #    7.91% of all L1-dcache accesses  (36.69%)
    15.055763283    <not supported>      L1-icache-loads                                             
    15.055763283        468,773,600      L1-icache-load-misses                                         (36.69%)
    15.055763283        162,775,610      LLC-loads                                                     (36.44%)
    15.055763283         50,289,841      LLC-load-misses           #   30.90% of all LL-cache accesses  (36.05%)
    15.055763283         71,142,749      LLC-stores                                                    (17.73%)
    15.055763283         27,443,641      LLC-store-misses                                              (18.08%)
    15.055763283      4,827,126,611      dTLB-loads                                                    (27.25%)
    15.055763283             86,196      dTLB-load-misses          #    0.00% of all dTLB cache accesses  (36.43%)
    15.055763283        155,072,432      iTLB-loads                                                    (36.66%)
    15.055763283          3,452,264      iTLB-load-misses          #    2.23% of all iTLB cache accesses  (36.69%)
    15.055763283                162      page-faults                                                 
    15.055763283                 95      minor-faults                                                
    15.055763283                  0      major-faults                                                
    15.055763283                 78      cpu-migrations                                              
    16.066666195      4,851,852,972      L1-dcache-loads                                               (36.40%)
    16.066666195        385,011,347      L1-dcache-load-misses     #    7.94% of all L1-dcache accesses  (36.40%)
    16.066666195    <not supported>      L1-icache-loads                                             
    16.066666195        475,227,230      L1-icache-load-misses                                         (36.35%)
    16.066666195        164,478,915      LLC-loads                                                     (36.30%)
    16.066666195         50,857,293      LLC-load-misses           #   30.92% of all LL-cache accesses  (36.29%)
    16.066666195         71,825,283      LLC-stores                                                    (18.20%)
    16.066666195         27,652,568      LLC-store-misses                                              (18.20%)
    16.066666195      4,862,263,574      dTLB-loads                                                    (27.30%)
    16.066666195             98,966      dTLB-load-misses          #    0.00% of all dTLB cache accesses  (36.40%)
    16.066666195        157,870,989      iTLB-loads                                                    (36.40%)
    16.066666195          3,359,357      iTLB-load-misses          #    2.13% of all iTLB cache accesses  (36.40%)
    16.066666195                235      page-faults                                                 
    16.066666195                127      minor-faults                                                
    16.066666195                  4      major-faults                                                
    16.066666195                 85      cpu-migrations                                              
    17.068787628      4,814,513,829      L1-dcache-loads                                               (36.55%)
    17.068787628        381,955,413      L1-dcache-load-misses     #    7.93% of all L1-dcache accesses  (36.19%)
    17.068787628    <not supported>      L1-icache-loads                                             
    17.068787628        467,441,972      L1-icache-load-misses                                         (35.85%)
    17.068787628        162,788,940      LLC-loads                                                     (35.75%)
    17.068787628         50,309,581      LLC-load-misses           #   30.90% of all LL-cache accesses  (35.91%)
    17.068787628         71,123,276      LLC-stores                                                    (18.35%)
    17.068787628         27,315,787      LLC-store-misses                                              (18.36%)
    17.068787628      4,795,170,015      dTLB-loads                                                    (27.54%)
    17.068787628             82,942      dTLB-load-misses          #    0.00% of all dTLB cache accesses  (36.72%)
    17.068787628        157,556,081      iTLB-loads                                                    (36.72%)
    17.068787628          3,307,044      iTLB-load-misses          #    2.10% of all iTLB cache accesses  (36.72%)
    17.068787628                 82      page-faults                                                 
    17.068787628                 12      minor-faults                                                
    17.068787628                  0      major-faults                                                
    17.068787628                 61      cpu-migrations                                              
    18.071782277      4,824,622,700      L1-dcache-loads                                               (35.83%)
    18.071782277        382,754,342      L1-dcache-load-misses     #    7.93% of all L1-dcache accesses  (35.80%)
    18.071782277    <not supported>      L1-icache-loads                                             
    18.071782277        468,023,480      L1-icache-load-misses                                         (36.04%)
    18.071782277        162,596,968      LLC-loads                                                     (36.43%)
    18.071782277         50,274,771      LLC-load-misses           #   30.92% of all LL-cache accesses  (36.66%)
    18.071782277         71,566,925      LLC-stores                                                    (18.35%)
    18.071782277         27,624,031      LLC-store-misses                                              (18.35%)
    18.071782277      4,857,942,034      dTLB-loads                                                    (27.52%)
    18.071782277             84,649      dTLB-load-misses          #    0.00% of all dTLB cache accesses  (36.69%)
    18.071782277        157,745,948      iTLB-loads                                                    (36.44%)
    18.071782277          3,552,231      iTLB-load-misses          #    2.25% of all iTLB cache accesses  (36.06%)
    18.071782277                141      page-faults                                                 
    18.071782277                 35      minor-faults                                                
    18.071782277                  0      major-faults                                                
    18.071782277                 58      cpu-migrations                                              
    19.074712000      4,846,129,186      L1-dcache-loads                                               (36.14%)
    19.074712000        383,531,310      L1-dcache-load-misses     #    7.91% of all L1-dcache accesses  (36.53%)
    19.074712000    <not supported>      L1-icache-loads                                             
    19.074712000        470,598,292      L1-icache-load-misses                                         (36.68%)
    19.074712000        163,155,198      LLC-loads                                                     (36.69%)
    19.074712000         50,491,489      LLC-load-misses           #   30.95% of all LL-cache accesses  (36.69%)
    19.074712000         71,111,377      LLC-stores                                                    (18.35%)
    19.074712000         27,307,527      LLC-store-misses                                              (18.29%)
    19.074712000      4,804,957,909      dTLB-loads                                                    (27.17%)
    19.074712000            102,946      dTLB-load-misses          #    0.00% of all dTLB cache accesses  (35.95%)
    19.074712000        157,649,195      iTLB-loads                                                    (35.80%)
    19.074712000          3,552,407      iTLB-load-misses          #    2.25% of all iTLB cache accesses  (35.84%)
    19.074712000                 82      page-faults                                                 
    19.074712000                 12      minor-faults                                                
    19.074712000                  0      major-faults                                                
    19.074712000                 68      cpu-migrations                                              
    20.076785935      4,825,345,560      L1-dcache-loads                                               (36.71%)
    20.076785935        382,733,443      L1-dcache-load-misses     #    7.93% of all L1-dcache accesses  (36.72%)
    20.076785935    <not supported>      L1-icache-loads                                             
    20.076785935        468,519,417      L1-icache-load-misses                                         (36.72%)
    20.076785935        163,571,362      LLC-loads                                                     (36.72%)
    20.076785935         50,078,244      LLC-load-misses           #   30.62% of all LL-cache accesses  (36.55%)
    20.076785935         70,749,821      LLC-stores                                                    (17.83%)
    20.076785935         27,427,162      LLC-store-misses                                              (17.65%)
    20.076785935      4,809,103,627      dTLB-loads                                                    (26.73%)
    20.076785935             99,305      dTLB-load-misses          #    0.00% of all dTLB cache accesses  (35.90%)
    20.076785935        158,234,742      iTLB-loads                                                    (36.27%)
    20.076785935          3,146,231      iTLB-load-misses          #    1.99% of all iTLB cache accesses  (36.61%)
    20.076785935                109      page-faults                                                 
    20.076785935                 12      minor-faults                                                
    20.076785935                  0      major-faults                                                
    20.076785935                 66      cpu-migrations                                              
    21.079752608      4,760,885,359      L1-dcache-loads                                               (36.69%)
    21.079752608        381,026,184      L1-dcache-load-misses     #    8.00% of all L1-dcache accesses  (36.69%)
    21.079752608    <not supported>      L1-icache-loads                                             
    21.079752608        469,777,530      L1-icache-load-misses                                         (36.44%)
    21.079752608        163,591,093      LLC-loads                                                     (36.05%)
    21.079752608         50,673,333      LLC-load-misses           #   30.98% of all LL-cache accesses  (35.83%)
    21.079752608         70,857,136      LLC-stores                                                    (18.08%)
    21.079752608         27,369,426      LLC-store-misses                                              (18.31%)
    21.079752608      4,802,125,681      dTLB-loads                                                    (27.48%)
    21.079752608             72,521      dTLB-load-misses          #    0.00% of all dTLB cache accesses  (36.66%)
    21.079752608        155,399,951      iTLB-loads                                                    (36.69%)
    21.079752608          3,468,921      iTLB-load-misses          #    2.23% of all iTLB cache accesses  (36.69%)
    21.079752608                102      page-faults                                                 
    21.079752608                 30      minor-faults                                                
    21.079752608                  4      major-faults                                                
    21.079752608                 76      cpu-migrations                                              
    22.082722513      4,800,007,937      L1-dcache-loads                                               (36.34%)
    22.082722513        381,606,511      L1-dcache-load-misses     #    7.95% of all L1-dcache accesses  (35.95%)
    22.082722513    <not supported>      L1-icache-loads                                             
    22.082722513        465,211,400      L1-icache-load-misses                                         (35.81%)
    22.082722513        163,347,768      LLC-loads                                                     (35.85%)
    22.082722513         50,445,865      LLC-load-misses           #   30.88% of all LL-cache accesses  (36.14%)
    22.082722513         71,284,491      LLC-stores                                                    (18.35%)
    22.082722513         27,417,275      LLC-store-misses                                              (18.35%)
    22.082722513      4,798,040,801      dTLB-loads                                                    (27.52%)
    22.082722513             84,889      dTLB-load-misses          #    0.00% of all dTLB cache accesses  (36.69%)
    22.082722513        157,316,229      iTLB-loads                                                    (36.69%)
    22.082722513          3,333,805      iTLB-load-misses          #    2.12% of all iTLB cache accesses  (36.64%)
    22.082722513                121      page-faults                                                 
    22.082722513                 15      minor-faults                                                
    22.082722513                  0      major-faults                                                
    22.082722513                 60      cpu-migrations                                              
    23.084786503      4,833,077,285      L1-dcache-loads                                               (35.74%)
    23.084786503        384,584,424      L1-dcache-load-misses     #    7.96% of all L1-dcache accesses  (35.90%)
    23.084786503    <not supported>      L1-icache-loads                                             
    23.084786503        470,607,019      L1-icache-load-misses                                         (36.27%)
    23.084786503        163,906,490      LLC-loads                                                     (36.61%)
    23.084786503         50,421,762      LLC-load-misses           #   30.76% of all LL-cache accesses  (36.71%)
    23.084786503         71,540,863      LLC-stores                                                    (18.36%)
    23.084786503         27,502,024      LLC-store-misses                                              (18.36%)
    23.084786503      4,840,601,890      dTLB-loads                                                    (27.54%)
    23.084786503            117,670      dTLB-load-misses          #    0.00% of all dTLB cache accesses  (36.55%)
    23.084786503        158,217,882      iTLB-loads                                                    (36.19%)
    23.084786503          3,210,555      iTLB-load-misses          #    2.03% of all iTLB cache accesses  (35.84%)
    23.084786503                 77      page-faults                                                 
    23.084786503                 12      minor-faults                                                
    23.084786503                  0      major-faults                                                
    23.084786503                 77      cpu-migrations                                              
    24.087735511      4,895,487,590      L1-dcache-loads                                               (36.43%)
    24.087735511        389,531,925      L1-dcache-load-misses     #    7.96% of all L1-dcache accesses  (36.66%)
    24.087735511    <not supported>      L1-icache-loads                                             
    24.087735511        483,028,596      L1-icache-load-misses                                         (36.69%)
    24.087735511        164,012,079      LLC-loads                                                     (36.69%)
    24.087735511         50,611,135      LLC-load-misses           #   30.86% of all LL-cache accesses  (36.69%)
    24.087735511         70,668,411      LLC-stores                                                    (18.34%)
    24.087735511         27,458,274      LLC-store-misses                                              (18.09%)
    24.087735511      4,898,650,586      dTLB-loads                                                    (26.88%)
    24.087735511            182,865      dTLB-load-misses          #    0.00% of all dTLB cache accesses  (35.83%)
    24.087735511        157,184,923      iTLB-loads                                                    (35.80%)
    24.087735511          3,651,133      iTLB-load-misses          #    2.32% of all iTLB cache accesses  (36.04%)
    24.087735511              7,781      page-faults                                                 
    24.087735511              7,674      minor-faults                                                
    24.087735511                  0      major-faults                                                
    24.087735511                107      cpu-migrations                                              
    25.090738019      4,854,074,248      L1-dcache-loads                                               (36.69%)
    25.090738019        390,653,204      L1-dcache-load-misses     #    8.05% of all L1-dcache accesses  (36.69%)
    25.090738019    <not supported>      L1-icache-loads                                             
    25.090738019        468,720,628      L1-icache-load-misses                                         (36.69%)
    25.090738019        164,267,333      LLC-loads                                                     (36.64%)
    25.090738019         51,070,757      LLC-load-misses           #   31.09% of all LL-cache accesses  (36.34%)
    25.090738019         71,452,249      LLC-stores                                                    (17.66%)
    25.090738019         27,767,722      LLC-store-misses                                              (17.81%)
    25.090738019      4,883,976,063      dTLB-loads                                                    (26.97%)
    25.090738019            122,508      dTLB-load-misses          #    0.00% of all dTLB cache accesses  (36.14%)
    25.090738019        159,991,118      iTLB-loads                                                    (36.53%)
    25.090738019          3,606,687      iTLB-load-misses          #    2.25% of all iTLB cache accesses  (36.68%)
    25.090738019              3,535      page-faults                                                 
    25.090738019              3,470      minor-faults                                                
    25.090738019                  1      major-faults                                                
    25.090738019                108      cpu-migrations                                              
#           time             counts unit events
    26.092794507      4,549,715,812      L1-dcache-loads                                               (36.73%)
    26.092794507        340,952,465      L1-dcache-load-misses     #    7.49% of all L1-dcache accesses  (36.55%)
    26.092794507    <not supported>      L1-icache-loads                                             
    26.092794507        335,716,030      L1-icache-load-misses                                         (36.18%)
    26.092794507        149,437,656      LLC-loads                                                     (35.84%)
    26.092794507         47,821,284      LLC-load-misses           #   32.00% of all LL-cache accesses  (35.74%)
    26.092794507         66,364,437      LLC-stores                                                    (18.25%)
    26.092794507         25,530,179      LLC-store-misses                                              (18.35%)
    26.092794507      4,544,092,557      dTLB-loads                                                    (27.54%)
    26.092794507            119,288      dTLB-load-misses          #    0.00% of all dTLB cache accesses  (36.72%)
    26.092794507        122,640,249      iTLB-loads                                                    (36.73%)
    26.092794507            347,585      iTLB-load-misses          #    0.28% of all iTLB cache accesses  (36.73%)
    26.092794507                235      page-faults                                                 
    26.092794507                176      minor-faults                                                
    26.092794507                  4      major-faults                                                
    26.092794507                188      cpu-migrations                                              
    27.095709242      4,289,172,902      L1-dcache-loads                                               (36.04%)
    27.095709242        284,624,540      L1-dcache-load-misses     #    6.64% of all L1-dcache accesses  (35.82%)
    27.095709242    <not supported>      L1-icache-loads                                             
    27.095709242        296,543,688      L1-icache-load-misses                                         (35.80%)
    27.095709242        130,676,253      LLC-loads                                                     (36.05%)
    27.095709242         42,728,968      LLC-load-misses           #   32.70% of all LL-cache accesses  (36.44%)
    27.095709242         56,227,628      LLC-stores                                                    (18.35%)
    27.095709242         20,972,298      LLC-store-misses                                              (18.35%)
    27.095709242      4,222,641,562      dTLB-loads                                                    (27.52%)
    27.095709242            125,532      dTLB-load-misses          #    0.00% of all dTLB cache accesses  (36.69%)
    27.095709242         67,594,085      iTLB-loads                                                    (36.69%)
    27.095709242            271,719      iTLB-load-misses          #    0.40% of all iTLB cache accesses  (36.43%)
    27.095709242                181      page-faults                                                 
    27.095709242                123      minor-faults                                                
    27.095709242                  0      major-faults                                                
    27.095709242                105      cpu-migrations                                              
    28.098606110      3,955,650,076      L1-dcache-loads                                               (35.85%)
    28.098606110        242,223,918      L1-dcache-load-misses     #    6.12% of all L1-dcache accesses  (36.16%)
    28.098606110    <not supported>      L1-icache-loads                                             
    28.098606110        252,873,214      L1-icache-load-misses                                         (36.54%)
    28.098606110        121,462,667      LLC-loads                                                     (36.68%)
    28.098606110         40,978,075      LLC-load-misses           #   33.74% of all LL-cache accesses  (36.69%)
    28.098606110         52,453,180      LLC-stores                                                    (18.35%)
    28.098606110         20,263,496      LLC-store-misses                                              (18.35%)
    28.098606110      3,943,279,241      dTLB-loads                                                    (27.45%)
    28.098606110             57,318      dTLB-load-misses          #    0.00% of all dTLB cache accesses  (36.32%)
    28.098606110         27,952,128      iTLB-loads                                                    (35.94%)
    28.098606110            147,310      iTLB-load-misses          #    0.53% of all iTLB cache accesses  (35.80%)
    28.098606110                 68      page-faults                                                 
    28.098606110                 35      minor-faults                                                
    28.098606110                  0      major-faults                                                
    28.098606110                110      cpu-migrations                                              
