Script started on 2025-11-15 13:33:03+00:00 [<not executed on terminal>]
    HITS   MISSES  DIRTIES HITRATIO   BUFFERS_MB  CACHED_MB
     664        8      115   98.81%           19        452
   32251        0      116  100.00%           19        452
       6        0      115  100.00%           19        452
      28        0      135  100.00%           19        452
       7        0      115  100.00%           19        452
       3        0      116  100.00%           19        452
       7        0      115  100.00%           19        452
       3        0      115  100.00%           19        452
       5        0      121  100.00%           19        452
       5        1      116   83.33%           19        452
       5        0      116  100.00%           19        452
   32386        0      115  100.00%           19        452
       5        0      115  100.00%           19        452
      11        0      120  100.00%           19        452
       5        0      115  100.00%           19        452
       3        0      116  100.00%           19        452
       5        0      115  100.00%           19        452
       3        0      116  100.00%           19        452
       9        0      122  100.00%           19        452
       3        0      115  100.00%           19        452
       5        0      116  100.00%           19        452
   32486        0      115  100.00%           19        452
       5        0      116  100.00%           19        452
       7        0      122  100.00%           19        452
       5        0      118  100.00%           19        452
       3        0      115  100.00%           19        452
       2      171      122    1.16%           19        452

Script done on 2025-11-15 13:33:33+00:00 [COMMAND_EXIT_CODE="143"]
