#           time             counts unit events
     1.001070717      4,538,431,612      L1-dcache-loads                                               (36.05%)
     1.001070717        457,758,636      L1-dcache-load-misses     #   10.09% of all L1-dcache accesses  (36.06%)
     1.001070717    <not supported>      L1-icache-loads                                             
     1.001070717        396,120,615      L1-icache-load-misses                                         (36.13%)
     1.001070717        137,735,690      LLC-loads                                                     (36.40%)
     1.001070717         45,250,908      LLC-load-misses           #   32.85% of all LL-cache accesses  (36.54%)
     1.001070717         75,873,331      LLC-stores                                                    (18.27%)
     1.001070717         24,518,256      LLC-store-misses                                              (18.27%)
     1.001070717      4,540,228,429      dTLB-loads                                                    (27.41%)
     1.001070717          3,430,686      dTLB-load-misses          #    0.08% of all dTLB cache accesses  (36.54%)
     1.001070717         78,221,605      iTLB-loads                                                    (36.47%)
     1.001070717          3,051,839      iTLB-load-misses          #    3.90% of all iTLB cache accesses  (36.20%)
     1.001070717            126,967      page-faults                                                 
     1.001070717            126,401      minor-faults                                                
     1.001070717                475      major-faults                                                
     1.001070717              3,257      cpu-migrations                                              
     2.004628013      4,835,789,849      L1-dcache-loads                                               (35.92%)
     2.004628013        308,435,546      L1-dcache-load-misses     #    6.38% of all L1-dcache accesses  (36.22%)
     2.004628013    <not supported>      L1-icache-loads                                             
     2.004628013        279,232,462      L1-icache-load-misses                                         (36.55%)
     2.004628013         93,214,051      LLC-loads                                                     (36.67%)
     2.004628013         29,005,455      LLC-load-misses           #   31.12% of all LL-cache accesses  (36.67%)
     2.004628013         48,558,757      LLC-stores                                                    (18.34%)
     2.004628013         16,320,830      LLC-store-misses                                              (18.33%)
     2.004628013      4,819,589,090      dTLB-loads                                                    (27.40%)
     2.004628013          1,532,706      dTLB-load-misses          #    0.03% of all dTLB cache accesses  (36.28%)
     2.004628013        128,200,369      iTLB-loads                                                    (35.95%)
     2.004628013            886,644      iTLB-load-misses          #    0.69% of all iTLB cache accesses  (35.83%)
     2.004628013             69,404      page-faults                                                 
     2.004628013             69,330      minor-faults                                                
     2.004628013                  1      major-faults                                                
     2.004628013                100      cpu-migrations                                              
     3.007399836      3,632,272,192      L1-dcache-loads                                               (36.60%)
     3.007399836        246,090,135      L1-dcache-load-misses     #    6.78% of all L1-dcache accesses  (36.70%)
     3.007399836    <not supported>      L1-icache-loads                                             
     3.007399836        176,186,759      L1-icache-load-misses                                         (36.70%)
     3.007399836         95,978,321      LLC-loads                                                     (36.70%)
     3.007399836         28,807,402      LLC-load-misses           #   30.01% of all LL-cache accesses  (36.67%)
     3.007399836         47,616,100      LLC-stores                                                    (18.19%)
     3.007399836         16,041,694      LLC-store-misses                                              (17.86%)
     3.007399836      3,659,229,132      dTLB-loads                                                    (26.73%)
     3.007399836          1,698,810      dTLB-load-misses          #    0.05% of all dTLB cache accesses  (35.80%)
     3.007399836        110,582,628      iTLB-loads                                                    (35.94%)
     3.007399836            523,523      iTLB-load-misses          #    0.47% of all iTLB cache accesses  (36.29%)
     3.007399836             75,179      page-faults                                                 
     3.007399836             75,142      minor-faults                                                
     3.007399836                  0      major-faults                                                
     3.007399836                 77      cpu-migrations                                              
     4.010401837      3,206,232,215      L1-dcache-loads                                               (36.69%)
     4.010401837        252,704,547      L1-dcache-load-misses     #    7.88% of all L1-dcache accesses  (36.69%)
     4.010401837    <not supported>      L1-icache-loads                                             
     4.010401837        142,071,949      L1-icache-load-misses                                         (36.66%)
     4.010401837        111,512,012      LLC-loads                                                     (36.46%)
     4.010401837         33,111,644      LLC-load-misses           #   29.69% of all LL-cache accesses  (36.08%)
     4.010401837         45,332,928      LLC-stores                                                    (17.71%)
     4.010401837         15,115,767      LLC-store-misses                                              (18.05%)
     4.010401837      3,175,591,507      dTLB-loads                                                    (27.22%)
     4.010401837          1,395,758      dTLB-load-misses          #    0.04% of all dTLB cache accesses  (36.40%)
     4.010401837        100,031,157      iTLB-loads                                                    (36.66%)
     4.010401837            646,807      iTLB-load-misses          #    0.65% of all iTLB cache accesses  (36.69%)
     4.010401837             61,541      page-faults                                                 
     4.010401837             61,471      minor-faults                                                
     4.010401837                  0      major-faults                                                
     4.010401837                 68      cpu-migrations                                              
     5.013440367      3,640,281,432      L1-dcache-loads                                               (36.62%)
     5.013440367        228,003,324      L1-dcache-load-misses     #    6.26% of all L1-dcache accesses  (36.36%)
     5.013440367    <not supported>      L1-icache-loads                                             
     5.013440367        132,438,186      L1-icache-load-misses                                         (36.00%)
     5.013440367         89,159,592      LLC-loads                                                     (35.80%)
     5.013440367         28,600,999      LLC-load-misses           #   32.08% of all LL-cache accesses  (35.87%)
     5.013440367         49,738,713      LLC-stores                                                    (18.34%)
     5.013440367         16,214,129      LLC-store-misses                                              (18.34%)
     5.013440367      3,637,460,652      dTLB-loads                                                    (27.52%)
     5.013440367            285,546      dTLB-load-misses          #    0.01% of all dTLB cache accesses  (36.69%)
     5.013440367        118,103,536      iTLB-loads                                                    (36.69%)
     5.013440367            380,805      iTLB-load-misses          #    0.32% of all iTLB cache accesses  (36.68%)
     5.013440367              3,279      page-faults                                                 
     5.013440367              3,240      minor-faults                                                
     5.013440367                  3      major-faults                                                
     5.013440367                 56      cpu-migrations                                              
     6.016551864      3,771,211,230      L1-dcache-loads                                               (35.97%)
     6.016551864        229,790,094      L1-dcache-load-misses     #    6.09% of all L1-dcache accesses  (35.83%)
     6.016551864    <not supported>      L1-icache-loads                                             
     6.016551864        126,398,886      L1-icache-load-misses                                         (35.92%)
     6.016551864         82,512,580      LLC-loads                                                     (36.20%)
     6.016551864         22,955,496      LLC-load-misses           #   27.82% of all LL-cache accesses  (36.53%)
     6.016551864         46,701,624      LLC-stores                                                    (18.34%)
     6.016551864         15,498,434      LLC-store-misses                                              (18.34%)
     6.016551864      3,771,280,706      dTLB-loads                                                    (27.50%)
     6.016551864            283,659      dTLB-load-misses          #    0.01% of all dTLB cache accesses  (36.66%)
     6.016551864        116,338,875      iTLB-loads                                                    (36.58%)
     6.016551864          1,215,807      iTLB-load-misses          #    1.05% of all iTLB cache accesses  (36.30%)
     6.016551864              7,801      page-faults                                                 
     6.016551864              7,732      minor-faults                                                
     6.016551864                  2      major-faults                                                
     6.016551864                129      cpu-migrations                                              
     7.019401675      3,863,427,149      L1-dcache-loads                                               (35.92%)
     7.019401675        224,992,584      L1-dcache-load-misses     #    5.82% of all L1-dcache accesses  (36.27%)
     7.019401675    <not supported>      L1-icache-loads                                             
     7.019401675        125,223,583      L1-icache-load-misses                                         (36.59%)
     7.019401675         82,778,696      LLC-loads                                                     (36.71%)
     7.019401675         24,221,475      LLC-load-misses           #   29.26% of all LL-cache accesses  (36.71%)
     7.019401675         44,332,457      LLC-stores                                                    (18.35%)
     7.019401675         14,584,878      LLC-store-misses                                              (18.33%)
     7.019401675      3,897,617,825      dTLB-loads                                                    (27.38%)
     7.019401675            158,074      dTLB-load-misses          #    0.00% of all dTLB cache accesses  (36.20%)
     7.019401675        118,908,097      iTLB-loads                                                    (35.88%)
     7.019401675          1,768,130      iTLB-load-misses          #    1.49% of all iTLB cache accesses  (35.79%)
     7.019401675              5,367      page-faults                                                 
     7.019401675              5,331      minor-faults                                                
     7.019401675                  0      major-faults                                                
     7.019401675                 79      cpu-migrations                                              
     8.022406958      3,193,524,187      L1-dcache-loads                                               (36.66%)
     8.022406958        242,283,972      L1-dcache-load-misses     #    7.59% of all L1-dcache accesses  (36.69%)
     8.022406958    <not supported>      L1-icache-loads                                             
     8.022406958         97,232,024      L1-icache-load-misses                                         (36.69%)
     8.022406958        106,965,438      LLC-loads                                                     (36.69%)
     8.022406958         32,128,783      LLC-load-misses           #   30.04% of all LL-cache accesses  (36.66%)
     8.022406958         48,104,659      LLC-stores                                                    (18.12%)
     8.022406958         14,556,443      LLC-store-misses                                              (17.78%)
     8.022406958      3,156,664,450      dTLB-loads                                                    (26.68%)
     8.022406958             51,284      dTLB-load-misses          #    0.00% of all dTLB cache accesses  (35.82%)
     8.022406958        100,355,680      iTLB-loads                                                    (36.01%)
     8.022406958          2,413,405      iTLB-load-misses          #    2.40% of all iTLB cache accesses  (36.39%)
     8.022406958                461      page-faults                                                 
     8.022406958                391      minor-faults                                                
     8.022406958                  0      major-faults                                                
     8.022406958                 59      cpu-migrations                                              
     9.025568488      3,405,349,152      L1-dcache-loads                                               (36.69%)
     9.025568488        242,541,166      L1-dcache-load-misses     #    7.12% of all L1-dcache accesses  (36.68%)
     9.025568488    <not supported>      L1-icache-loads                                             
     9.025568488        112,381,416      L1-icache-load-misses                                         (36.62%)
     9.025568488         98,962,557      LLC-loads                                                     (36.37%)
     9.025568488         29,377,776      LLC-load-misses           #   29.69% of all LL-cache accesses  (36.01%)
     9.025568488         44,451,641      LLC-stores                                                    (17.77%)
     9.025568488         14,934,487      LLC-store-misses                                              (18.14%)
     9.025568488      3,378,044,123      dTLB-loads                                                    (27.31%)
     9.025568488            607,085      dTLB-load-misses          #    0.02% of all dTLB cache accesses  (36.48%)
     9.025568488        105,810,017      iTLB-loads                                                    (36.69%)
     9.025568488          2,220,301      iTLB-load-misses          #    2.10% of all iTLB cache accesses  (36.69%)
     9.025568488             27,577      page-faults                                                 
     9.025568488             27,540      minor-faults                                                
     9.025568488                  0      major-faults                                                
     9.025568488                 78      cpu-migrations                                              
    10.028706750      3,553,282,424      L1-dcache-loads                                               (36.58%)
    10.028706750        247,079,500      L1-dcache-load-misses     #    6.95% of all L1-dcache accesses  (36.29%)
    10.028706750    <not supported>      L1-icache-loads                                             
    10.028706750        130,261,806      L1-icache-load-misses                                         (35.95%)
    10.028706750        100,584,148      LLC-loads                                                     (35.81%)
    10.028706750         30,701,178      LLC-load-misses           #   30.52% of all LL-cache accesses  (35.90%)
    10.028706750         46,958,409      LLC-stores                                                    (18.34%)
    10.028706750         15,672,617      LLC-store-misses                                              (18.34%)
    10.028706750      3,546,033,878      dTLB-loads                                                    (27.51%)
    10.028706750          1,436,292      dTLB-load-misses          #    0.04% of all dTLB cache accesses  (36.69%)
    10.028706750        110,537,125      iTLB-loads                                                    (36.69%)
    10.028706750          2,653,764      iTLB-load-misses          #    2.40% of all iTLB cache accesses  (36.67%)
    10.028706750             66,572      page-faults                                                 
    10.028706750             66,501      minor-faults                                                
    10.028706750                  2      major-faults                                                
    10.028706750                 74      cpu-migrations                                              
    11.031401041      3,566,255,813      L1-dcache-loads                                               (35.87%)
    11.031401041        236,843,271      L1-dcache-load-misses     #    6.64% of all L1-dcache accesses  (35.80%)
    11.031401041    <not supported>      L1-icache-loads                                             
    11.031401041        110,332,840      L1-icache-load-misses                                         (35.93%)
    11.031401041        101,516,726      LLC-loads                                                     (36.29%)
    11.031401041         32,155,176      LLC-load-misses           #   31.67% of all LL-cache accesses  (36.60%)
    11.031401041         46,082,848      LLC-stores                                                    (18.35%)
    11.031401041         14,887,170      LLC-store-misses                                              (18.35%)
    11.031401041      3,590,751,675      dTLB-loads                                                    (27.53%)
    11.031401041             78,924      dTLB-load-misses          #    0.00% of all dTLB cache accesses  (36.68%)
    11.031401041        112,847,270      iTLB-loads                                                    (36.54%)
    11.031401041          2,474,698      iTLB-load-misses          #    2.19% of all iTLB cache accesses  (36.18%)
    11.031401041              1,535      page-faults                                                 
    11.031401041              1,455      minor-faults                                                
    11.031401041                 42      major-faults                                                
    11.031401041                 72      cpu-migrations                                              
    12.034404595      3,510,790,310      L1-dcache-loads                                               (36.03%)
    12.034404595        216,871,454      L1-dcache-load-misses     #    6.18% of all L1-dcache accesses  (36.40%)
    12.034404595    <not supported>      L1-icache-loads                                             
    12.034404595        112,886,241      L1-icache-load-misses                                         (36.66%)
    12.034404595         89,062,380      LLC-loads                                                     (36.69%)
    12.034404595         28,265,044      LLC-load-misses           #   31.74% of all LL-cache accesses  (36.69%)
    12.034404595         41,417,600      LLC-stores                                                    (18.35%)
    12.034404595         12,849,114      LLC-store-misses                                              (18.31%)
    12.034404595      3,517,411,962      dTLB-loads                                                    (27.28%)
    12.034404595             77,169      dTLB-load-misses          #    0.00% of all dTLB cache accesses  (36.08%)
    12.034404595        110,180,572      iTLB-loads                                                    (35.82%)
    12.034404595          1,879,629      iTLB-load-misses          #    1.71% of all iTLB cache accesses  (35.83%)
    12.034404595                263      page-faults                                                 
    12.034404595                190      minor-faults                                                
    12.034404595                  0      major-faults                                                
    12.034404595                 62      cpu-migrations                                              
    13.037508318      3,529,531,287      L1-dcache-loads                                               (36.69%)
    13.037508318        226,373,845      L1-dcache-load-misses     #    6.41% of all L1-dcache accesses  (36.69%)
    13.037508318    <not supported>      L1-icache-loads                                             
    13.037508318        134,790,985      L1-icache-load-misses                                         (36.69%)
    13.037508318         89,488,269      LLC-loads                                                     (36.68%)
    13.037508318         28,462,855      LLC-load-misses           #   31.81% of all LL-cache accesses  (36.62%)
    13.037508318         41,879,072      LLC-stores                                                    (18.03%)
    13.037508318         13,121,677      LLC-store-misses                                              (17.72%)
    13.037508318      3,539,660,515      dTLB-loads                                                    (26.70%)
    13.037508318          1,559,497      dTLB-load-misses          #    0.04% of all dTLB cache accesses  (35.87%)
    13.037508318        109,701,556      iTLB-loads                                                    (36.12%)
    13.037508318          2,595,251      iTLB-load-misses          #    2.37% of all iTLB cache accesses  (36.49%)
    13.037508318             61,048      page-faults                                                 
    13.037508318             61,011      minor-faults                                                
    13.037508318                  3      major-faults                                                
    13.037508318                 53      cpu-migrations                                              
    14.040602121      3,501,612,925      L1-dcache-loads                                               (36.69%)
    14.040602121        215,321,615      L1-dcache-load-misses     #    6.15% of all L1-dcache accesses  (36.67%)
    14.040602121    <not supported>      L1-icache-loads                                             
    14.040602121        107,465,041      L1-icache-load-misses                                         (36.58%)
    14.040602121         89,428,859      LLC-loads                                                     (36.28%)
    14.040602121         28,353,129      LLC-load-misses           #   31.70% of all LL-cache accesses  (35.94%)
    14.040602121         41,519,305      LLC-stores                                                    (17.86%)
    14.040602121         12,825,805      LLC-store-misses                                              (18.20%)
    14.040602121      3,497,140,933      dTLB-loads                                                    (27.37%)
    14.040602121            104,756      dTLB-load-misses          #    0.00% of all dTLB cache accesses  (36.54%)
    14.040602121        109,431,666      iTLB-loads                                                    (36.69%)
    14.040602121          1,795,900      iTLB-load-misses          #    1.64% of all iTLB cache accesses  (36.69%)
    14.040602121              1,453      page-faults                                                 
    14.040602121              1,383      minor-faults                                                
    14.040602121                  0      major-faults                                                
    14.040602121                 67      cpu-migrations                                              
    15.043402804      3,513,229,002      L1-dcache-loads                                               (36.53%)
    15.043402804        217,704,950      L1-dcache-load-misses     #    6.20% of all L1-dcache accesses  (36.18%)
    15.043402804    <not supported>      L1-icache-loads                                             
    15.043402804        112,224,458      L1-icache-load-misses                                         (35.87%)
    15.043402804         89,714,559      LLC-loads                                                     (35.80%)
    15.043402804         28,439,166      LLC-load-misses           #   31.70% of all LL-cache accesses  (35.94%)
    15.043402804         41,491,064      LLC-stores                                                    (18.35%)
    15.043402804         12,883,878      LLC-store-misses                                              (18.35%)
    15.043402804      3,509,141,546      dTLB-loads                                                    (27.52%)
    15.043402804             61,004      dTLB-load-misses          #    0.00% of all dTLB cache accesses  (36.70%)
    15.043402804        109,861,641      iTLB-loads                                                    (36.70%)
    15.043402804          1,779,730      iTLB-load-misses          #    1.62% of all iTLB cache accesses  (36.67%)
    15.043402804                 66      page-faults                                                 
    15.043402804                 31      minor-faults                                                
    15.043402804                  0      major-faults                                                
    15.043402804                 49      cpu-migrations                                              
    16.046402097      3,509,558,247      L1-dcache-loads                                               (35.82%)
    16.046402097        217,815,429      L1-dcache-load-misses     #    6.21% of all L1-dcache accesses  (35.83%)
    16.046402097    <not supported>      L1-icache-loads                                             
    16.046402097        110,537,138      L1-icache-load-misses                                         (36.03%)
    16.046402097         90,512,147      LLC-loads                                                     (36.40%)
    16.046402097         28,644,512      LLC-load-misses           #   31.65% of all LL-cache accesses  (36.66%)
    16.046402097         41,454,457      LLC-stores                                                    (18.34%)
    16.046402097         12,888,765      LLC-store-misses                                              (18.34%)
    16.046402097      3,525,089,657      dTLB-loads                                                    (27.52%)
    16.046402097             73,580      dTLB-load-misses          #    0.00% of all dTLB cache accesses  (36.66%)
    16.046402097        109,900,805      iTLB-loads                                                    (36.46%)
    16.046402097          1,973,433      iTLB-load-misses          #    1.80% of all iTLB cache accesses  (36.08%)
    16.046402097              4,110      page-faults                                                 
    16.046402097              4,068      minor-faults                                                
    16.046402097                  8      major-faults                                                
    16.046402097                 74      cpu-migrations                                              
    17.049489770      3,589,692,040      L1-dcache-loads                                               (36.12%)
    17.049489770        226,079,536      L1-dcache-load-misses     #    6.30% of all L1-dcache accesses  (36.49%)
    17.049489770    <not supported>      L1-icache-loads                                             
    17.049489770        131,464,895      L1-icache-load-misses                                         (36.69%)
    17.049489770         91,517,953      LLC-loads                                                     (36.69%)
    17.049489770         28,930,870      LLC-load-misses           #   31.61% of all LL-cache accesses  (36.69%)
    17.049489770         41,694,501      LLC-stores                                                    (18.34%)
    17.049489770         12,938,428      LLC-store-misses                                              (18.28%)
    17.049489770      3,537,063,214      dTLB-loads                                                    (27.19%)
    17.049489770            108,705      dTLB-load-misses          #    0.00% of all dTLB cache accesses  (36.00%)
    17.049489770        109,526,963      iTLB-loads                                                    (35.80%)
    17.049489770          1,973,876      iTLB-load-misses          #    1.80% of all iTLB cache accesses  (35.87%)
    17.049489770              3,895      page-faults                                                 
    17.049489770              3,826      minor-faults                                                
    17.049489770                  0      major-faults                                                
    17.049489770                123      cpu-migrations                                              
    18.052660552      3,509,063,734      L1-dcache-loads                                               (36.68%)
    18.052660552        218,200,451      L1-dcache-load-misses     #    6.22% of all L1-dcache accesses  (36.68%)
    18.052660552    <not supported>      L1-icache-loads                                             
    18.052660552        108,830,416      L1-icache-load-misses                                         (36.68%)
    18.052660552         91,266,672      LLC-loads                                                     (36.67%)
    18.052660552         28,817,349      LLC-load-misses           #   31.57% of all LL-cache accesses  (36.58%)
    18.052660552         41,501,286      LLC-stores                                                    (17.95%)
    18.052660552         12,951,037      LLC-store-misses                                              (17.71%)
    18.052660552      3,513,754,129      dTLB-loads                                                    (26.74%)
    18.052660552             68,863      dTLB-load-misses          #    0.00% of all dTLB cache accesses  (35.91%)
    18.052660552        109,974,237      iTLB-loads                                                    (36.20%)
    18.052660552          1,825,817      iTLB-load-misses          #    1.66% of all iTLB cache accesses  (36.54%)
    18.052660552                389      page-faults                                                 
    18.052660552                351      minor-faults                                                
    18.052660552                  0      major-faults                                                
    18.052660552                 65      cpu-migrations                                              
    19.055401783      3,506,485,212      L1-dcache-loads                                               (36.70%)
    19.055401783        220,325,967      L1-dcache-load-misses     #    6.28% of all L1-dcache accesses  (36.68%)
    19.055401783    <not supported>      L1-icache-loads                                             
    19.055401783        117,416,355      L1-icache-load-misses                                         (36.54%)
    19.055401783         90,742,066      LLC-loads                                                     (36.18%)
    19.055401783         28,752,611      LLC-load-misses           #   31.69% of all LL-cache accesses  (35.87%)
    19.055401783         41,639,070      LLC-stores                                                    (17.95%)
    19.055401783         12,997,121      LLC-store-misses                                              (18.25%)
    19.055401783      3,491,844,199      dTLB-loads                                                    (27.43%)
    19.055401783            656,577      dTLB-load-misses          #    0.02% of all dTLB cache accesses  (36.60%)
    19.055401783        109,333,823      iTLB-loads                                                    (36.70%)
    19.055401783          1,725,178      iTLB-load-misses          #    1.58% of all iTLB cache accesses  (36.70%)
    19.055401783             26,576      page-faults                                                 
    19.055401783             26,505      minor-faults                                                
    19.055401783                  0      major-faults                                                
    19.055401783                 54      cpu-migrations                                              
    20.058400830      3,527,417,984      L1-dcache-loads                                               (36.46%)
    20.058400830        227,634,568      L1-dcache-load-misses     #    6.45% of all L1-dcache accesses  (36.08%)
    20.058400830    <not supported>      L1-icache-loads                                             
    20.058400830        136,326,002      L1-icache-load-misses                                         (35.82%)
    20.058400830         90,546,643      LLC-loads                                                     (35.83%)
    20.058400830         28,958,220      LLC-load-misses           #   31.98% of all LL-cache accesses  (36.02%)
    20.058400830         41,895,869      LLC-stores                                                    (18.34%)
    20.058400830         13,231,720      LLC-store-misses                                              (18.34%)
    20.058400830      3,548,582,334      dTLB-loads                                                    (27.52%)
    20.058400830          1,390,874      dTLB-load-misses          #    0.04% of all dTLB cache accesses  (36.69%)
    20.058400830        109,048,411      iTLB-loads                                                    (36.69%)
    20.058400830          1,838,003      iTLB-load-misses          #    1.69% of all iTLB cache accesses  (36.66%)
    20.058400830             66,243      page-faults                                                 
    20.058400830             66,205      minor-faults                                                
    20.058400830                  0      major-faults                                                
    20.058400830                 55      cpu-migrations                                              
    21.069439032      3,572,882,956      L1-dcache-loads                                               (36.30%)
    21.069439032        229,066,911      L1-dcache-load-misses     #    6.41% of all L1-dcache accesses  (36.30%)
    21.069439032    <not supported>      L1-icache-loads                                             
    21.069439032        134,553,907      L1-icache-load-misses                                         (36.31%)
    21.069439032         91,103,239      LLC-loads                                                     (36.34%)
    21.069439032         29,097,958      LLC-load-misses           #   31.94% of all LL-cache accesses  (36.40%)
    21.069439032         42,170,357      LLC-stores                                                    (18.20%)
    21.069439032         13,287,727      LLC-store-misses                                              (18.20%)
    21.069439032      3,535,400,215      dTLB-loads                                                    (27.30%)
    21.069439032          1,415,780      dTLB-load-misses          #    0.04% of all dTLB cache accesses  (36.40%)
    21.069439032        109,899,460      iTLB-loads                                                    (36.39%)
    21.069439032          1,634,246      iTLB-load-misses          #    1.49% of all iTLB cache accesses  (36.36%)
    21.069439032             61,260      page-faults                                                 
    21.069439032             61,184      minor-faults                                                
    21.069439032                  5      major-faults                                                
    21.069439032                 68      cpu-migrations                                              
    22.072509807      3,483,410,370      L1-dcache-loads                                               (35.81%)
    22.072509807        216,136,111      L1-dcache-load-misses     #    6.20% of all L1-dcache accesses  (35.91%)
    22.072509807    <not supported>      L1-icache-loads                                             
    22.072509807        107,772,455      L1-icache-load-misses                                         (36.22%)
    22.072509807         90,094,742      LLC-loads                                                     (36.55%)
    22.072509807         28,628,917      LLC-load-misses           #   31.78% of all LL-cache accesses  (36.69%)
    22.072509807         41,466,025      LLC-stores                                                    (18.34%)
    22.072509807         12,932,554      LLC-store-misses                                              (18.34%)
    22.072509807      3,497,664,948      dTLB-loads                                                    (27.50%)
    22.072509807             93,447      dTLB-load-misses          #    0.00% of all dTLB cache accesses  (36.58%)
    22.072509807        109,207,545      iTLB-loads                                                    (36.27%)
    22.072509807          1,591,999      iTLB-load-misses          #    1.46% of all iTLB cache accesses  (35.94%)
    22.072509807              1,314      page-faults                                                 
    22.072509807              1,277      minor-faults                                                
    22.072509807                  0      major-faults                                                
    22.072509807                 71      cpu-migrations                                              
    23.075400570      3,497,502,740      L1-dcache-loads                                               (36.30%)
    23.075400570        217,054,338      L1-dcache-load-misses     #    6.21% of all L1-dcache accesses  (36.60%)
    23.075400570    <not supported>      L1-icache-loads                                             
    23.075400570        110,596,240      L1-icache-load-misses                                         (36.69%)
    23.075400570         90,043,765      LLC-loads                                                     (36.69%)
    23.075400570         28,730,227      LLC-load-misses           #   31.91% of all LL-cache accesses  (36.69%)
    23.075400570         41,447,497      LLC-stores                                                    (18.32%)
    23.075400570         12,898,733      LLC-store-misses                                              (18.19%)
    23.075400570      3,504,031,466      dTLB-loads                                                    (27.00%)
    23.075400570             55,661      dTLB-load-misses          #    0.00% of all dTLB cache accesses  (35.88%)
    23.075400570        110,262,591      iTLB-loads                                                    (35.81%)
    23.075400570          1,718,156      iTLB-load-misses          #    1.56% of all iTLB cache accesses  (35.95%)
    23.075400570                441      page-faults                                                 
    23.075400570                364      minor-faults                                                
    23.075400570                  0      major-faults                                                
    23.075400570                 68      cpu-migrations                                              
    24.078399979      3,510,954,269      L1-dcache-loads                                               (36.69%)
    24.078399979        216,326,854      L1-dcache-load-misses     #    6.16% of all L1-dcache accesses  (36.69%)
    24.078399979    <not supported>      L1-icache-loads                                             
    24.078399979        109,585,508      L1-icache-load-misses                                         (36.69%)
    24.078399979         89,624,723      LLC-loads                                                     (36.66%)
    24.078399979         28,403,984      LLC-load-misses           #   31.69% of all LL-cache accesses  (36.46%)
    24.078399979         41,344,708      LLC-stores                                                    (17.77%)
    24.078399979         12,903,353      LLC-store-misses                                              (17.71%)
    24.078399979      3,520,475,855      dTLB-loads                                                    (26.85%)
    24.078399979             84,044      dTLB-load-misses          #    0.00% of all dTLB cache accesses  (36.02%)
    24.078399979        110,739,512      iTLB-loads                                                    (36.40%)
    24.078399979          1,797,474      iTLB-load-misses          #    1.62% of all iTLB cache accesses  (36.66%)
    24.078399979                 47      page-faults                                                 
    24.078399979                 13      minor-faults                                                
    24.078399979                  0      major-faults                                                
    24.078399979                 63      cpu-migrations                                              
    25.081568392      3,495,843,441      L1-dcache-loads                                               (36.68%)
    25.081568392        214,696,277      L1-dcache-load-misses     #    6.14% of all L1-dcache accesses  (36.62%)
    25.081568392    <not supported>      L1-icache-loads                                             
    25.081568392        107,659,201      L1-icache-load-misses                                         (36.37%)
    25.081568392         89,359,951      LLC-loads                                                     (36.00%)
    25.081568392         28,329,066      LLC-load-misses           #   31.70% of all LL-cache accesses  (35.80%)
    25.081568392         41,431,650      LLC-stores                                                    (18.14%)
    25.081568392         12,805,033      LLC-store-misses                                              (18.34%)
    25.081568392      3,493,374,518      dTLB-loads                                                    (27.51%)
    25.081568392             68,038      dTLB-load-misses          #    0.00% of all dTLB cache accesses  (36.68%)
    25.081568392        109,706,134      iTLB-loads                                                    (36.68%)
    25.081568392          1,730,574      iTLB-load-misses          #    1.58% of all iTLB cache accesses  (36.68%)
    25.081568392                134      page-faults                                                 
    25.081568392                 66      minor-faults                                                
    25.081568392                  0      major-faults                                                
    25.081568392                 69      cpu-migrations                                              
#           time             counts unit events
    26.092590497      3,613,245,402      L1-dcache-loads                                               (36.39%)
    26.092590497        227,729,847      L1-dcache-load-misses     #    6.30% of all L1-dcache accesses  (36.36%)
    26.092590497    <not supported>      L1-icache-loads                                             
    26.092590497        134,163,242      L1-icache-load-misses                                         (36.30%)
    26.092590497         90,601,097      LLC-loads                                                     (36.30%)
    26.092590497         28,661,636      LLC-load-misses           #   31.63% of all LL-cache accesses  (36.31%)
    26.092590497         42,107,777      LLC-stores                                                    (18.20%)
    26.092590497         13,267,482      LLC-store-misses                                              (18.20%)
    26.092590497      3,576,044,646      dTLB-loads                                                    (27.30%)
    26.092590497            722,043      dTLB-load-misses          #    0.02% of all dTLB cache accesses  (36.40%)
    26.092590497        111,162,814      iTLB-loads                                                    (36.40%)
    26.092590497          1,814,510      iTLB-load-misses          #    1.63% of all iTLB cache accesses  (36.40%)
    26.092590497             31,903      page-faults                                                 
    26.092590497             31,861      minor-faults                                                
    26.092590497                  7      major-faults                                                
    26.092590497                 65      cpu-migrations                                              
    27.095410221      3,565,620,133      L1-dcache-loads                                               (36.18%)
    27.095410221        221,982,963      L1-dcache-load-misses     #    6.23% of all L1-dcache accesses  (35.87%)
    27.095410221    <not supported>      L1-icache-loads                                             
    27.095410221        123,778,804      L1-icache-load-misses                                         (35.81%)
    27.095410221         89,200,411      LLC-loads                                                     (35.94%)
    27.095410221         28,244,908      LLC-load-misses           #   31.66% of all LL-cache accesses  (36.30%)
    27.095410221         41,172,577      LLC-stores                                                    (18.35%)
    27.095410221         12,919,768      LLC-store-misses                                              (18.35%)
    27.095410221      3,520,699,413      dTLB-loads                                                    (27.52%)
    27.095410221            116,744      dTLB-load-misses          #    0.00% of all dTLB cache accesses  (36.70%)
    27.095410221        109,882,976      iTLB-loads                                                    (36.67%)
    27.095410221          2,159,073      iTLB-load-misses          #    1.96% of all iTLB cache accesses  (36.54%)
    27.095410221              2,983      page-faults                                                 
    27.095410221              2,914      minor-faults                                                
    27.095410221                  1      major-faults                                                
    27.095410221                 70      cpu-migrations                                              
    28.098402737      3,501,675,111      L1-dcache-loads                                               (35.83%)
    28.098402737        214,793,211      L1-dcache-load-misses     #    6.13% of all L1-dcache accesses  (36.02%)
    28.098402737    <not supported>      L1-icache-loads                                             
    28.098402737        105,602,998      L1-icache-load-misses                                         (36.40%)
    28.098402737         88,424,868      LLC-loads                                                     (36.66%)
    28.098402737         27,965,067      LLC-load-misses           #   31.63% of all LL-cache accesses  (36.69%)
    28.098402737         41,393,908      LLC-stores                                                    (18.35%)
    28.098402737         12,804,809      LLC-store-misses                                              (18.35%)
    28.098402737      3,509,141,133      dTLB-loads                                                    (27.48%)
    28.098402737             44,621      dTLB-load-misses          #    0.00% of all dTLB cache accesses  (36.46%)
    28.098402737        109,798,680      iTLB-loads                                                    (36.08%)
    28.098402737          1,876,083      iTLB-load-misses          #    1.71% of all iTLB cache accesses  (35.82%)
    28.098402737                269      page-faults                                                 
    28.098402737                234      minor-faults                                                
    28.098402737                  0      major-faults                                                
    28.098402737                 53      cpu-migrations                                              
    29.101431807      3,523,178,736      L1-dcache-loads                                               (36.49%)
    29.101431807        215,575,499      L1-dcache-load-misses     #    6.12% of all L1-dcache accesses  (36.69%)
    29.101431807    <not supported>      L1-icache-loads                                             
    29.101431807        107,814,982      L1-icache-load-misses                                         (36.69%)
    29.101431807         88,188,857      LLC-loads                                                     (36.69%)
    29.101431807         27,930,826      LLC-load-misses           #   31.67% of all LL-cache accesses  (36.68%)
    29.101431807         41,277,264      LLC-stores                                                    (18.27%)
    29.101431807         12,859,108      LLC-store-misses                                              (18.02%)
    29.101431807      3,528,314,269      dTLB-loads                                                    (26.83%)
    29.101431807             69,081      dTLB-load-misses          #    0.00% of all dTLB cache accesses  (35.80%)
    29.101431807        110,535,924      iTLB-loads                                                    (35.87%)
    29.101431807          1,854,186      iTLB-load-misses          #    1.68% of all iTLB cache accesses  (36.12%)
    29.101431807                 75      page-faults                                                 
    29.101431807                 41      minor-faults                                                
    29.101431807                  0      major-faults                                                
    29.101431807                 61      cpu-migrations                                              
    30.104531893      3,508,717,059      L1-dcache-loads                                               (36.69%)
    30.104531893        215,950,872      L1-dcache-load-misses     #    6.15% of all L1-dcache accesses  (36.69%)
    30.104531893    <not supported>      L1-icache-loads                                             
    30.104531893        111,485,309      L1-icache-load-misses                                         (36.67%)
    30.104531893         88,312,714      LLC-loads                                                     (36.58%)
    30.104531893         27,959,054      LLC-load-misses           #   31.66% of all LL-cache accesses  (36.27%)
    30.104531893         41,397,394      LLC-stores                                                    (17.71%)
    30.104531893         12,803,878      LLC-store-misses                                              (17.87%)
    30.104531893      3,509,420,136      dTLB-loads                                                    (27.04%)
    30.104531893             68,366      dTLB-load-misses          #    0.00% of all dTLB cache accesses  (36.21%)
    30.104531893        109,746,269      iTLB-loads                                                    (36.55%)
    30.104531893          1,813,891      iTLB-load-misses          #    1.65% of all iTLB cache accesses  (36.69%)
    30.104531893                105      page-faults                                                 
    30.104531893                 37      minor-faults                                                
    30.104531893                  0      major-faults                                                
    30.104531893                 53      cpu-migrations                                              
    31.115402123      3,537,103,117      L1-dcache-loads                                               (36.40%)
    31.115402123        217,856,297      L1-dcache-load-misses     #    6.16% of all L1-dcache accesses  (36.40%)
    31.115402123    <not supported>      L1-icache-loads                                             
    31.115402123        109,888,610      L1-icache-load-misses                                         (36.39%)
    31.115402123         89,083,400      LLC-loads                                                     (36.35%)
    31.115402123         28,214,303      LLC-load-misses           #   31.67% of all LL-cache accesses  (36.29%)
    31.115402123         41,765,837      LLC-stores                                                    (18.14%)
    31.115402123         12,925,801      LLC-store-misses                                              (18.20%)
    31.115402123      3,542,600,972      dTLB-loads                                                    (27.30%)
    31.115402123             40,047      dTLB-load-misses          #    0.00% of all dTLB cache accesses  (36.40%)
    31.115402123        111,011,340      iTLB-loads                                                    (36.40%)
    31.115402123          1,854,125      iTLB-load-misses          #    1.67% of all iTLB cache accesses  (36.40%)
    31.115402123                148      page-faults                                                 
    31.115402123                111      minor-faults                                                
    31.115402123                  4      major-faults                                                
    31.115402123                 54      cpu-migrations                                              
    32.118402558      3,514,904,179      L1-dcache-loads                                               (36.66%)
    32.118402558        215,589,287      L1-dcache-load-misses     #    6.13% of all L1-dcache accesses  (36.46%)
    32.118402558    <not supported>      L1-icache-loads                                             
    32.118402558        110,873,596      L1-icache-load-misses                                         (36.08%)
    32.118402558         88,654,942      LLC-loads                                                     (35.82%)
    32.118402558         28,055,568      LLC-load-misses           #   31.65% of all LL-cache accesses  (35.83%)
    32.118402558         41,382,441      LLC-stores                                                    (18.32%)
    32.118402558         12,819,754      LLC-store-misses                                              (18.34%)
    32.118402558      3,510,108,495      dTLB-loads                                                    (27.52%)
    32.118402558             70,867      dTLB-load-misses          #    0.00% of all dTLB cache accesses  (36.69%)
    32.118402558        109,864,728      iTLB-loads                                                    (36.69%)
    32.118402558          1,846,226      iTLB-load-misses          #    1.68% of all iTLB cache accesses  (36.69%)
    32.118402558                125      page-faults                                                 
    32.118402558                 57      minor-faults                                                
    32.118402558                  0      major-faults                                                
    32.118402558                 64      cpu-migrations                                              
    33.121508326      4,294,705,151      L1-dcache-loads                                               (36.00%)
    33.121508326        354,950,583      L1-dcache-load-misses     #    8.26% of all L1-dcache accesses  (35.80%)
    33.121508326    <not supported>      L1-icache-loads                                             
    33.121508326        349,652,259      L1-icache-load-misses                                         (35.87%)
    33.121508326         93,637,152      LLC-loads                                                     (36.12%)
    33.121508326         31,610,520      LLC-load-misses           #   33.76% of all LL-cache accesses  (36.49%)
    33.121508326         49,842,715      LLC-stores                                                    (18.34%)
    33.121508326         15,163,774      LLC-store-misses                                              (18.34%)
    33.121508326      4,266,297,422      dTLB-loads                                                    (27.52%)
    33.121508326            449,004      dTLB-load-misses          #    0.01% of all dTLB cache accesses  (36.68%)
    33.121508326        172,007,842      iTLB-loads                                                    (36.62%)
    33.121508326         25,923,638      iTLB-load-misses          #   15.07% of all iTLB cache accesses  (36.36%)
    33.121508326              2,910      page-faults                                                 
    33.121508326              2,874      minor-faults                                                
    33.121508326                  0      major-faults                                                
    33.121508326                133      cpu-migrations                                              
    34.124550865      4,493,168,041      L1-dcache-loads                                               (35.91%)
    34.124550865        416,911,837      L1-dcache-load-misses     #    9.28% of all L1-dcache accesses  (36.22%)
    34.124550865    <not supported>      L1-icache-loads                                             
    34.124550865        552,665,135      L1-icache-load-misses                                         (36.55%)
    34.124550865         88,852,695      LLC-loads                                                     (36.69%)
    34.124550865         32,023,580      LLC-load-misses           #   36.04% of all LL-cache accesses  (36.69%)
    34.124550865         52,095,788      LLC-stores                                                    (18.35%)
    34.124550865         15,259,057      LLC-store-misses                                              (18.33%)
    34.124550865      4,491,985,033      dTLB-loads                                                    (27.40%)
    34.124550865            943,208      dTLB-load-misses          #    0.02% of all dTLB cache accesses  (36.27%)
    34.124550865        170,927,944      iTLB-loads                                                    (35.93%)
    34.124550865         46,470,978      iTLB-load-misses          #   27.19% of all iTLB cache accesses  (35.81%)
    34.124550865                360      page-faults                                                 
    34.124550865                302      minor-faults                                                
    34.124550865                  0      major-faults                                                
    34.124550865                170      cpu-migrations                                              
    35.127256925      3,984,131,637      L1-dcache-loads                                               (36.62%)
    35.127256925        342,917,381      L1-dcache-load-misses     #    8.61% of all L1-dcache accesses  (36.70%)
    35.127256925    <not supported>      L1-icache-loads                                             
    35.127256925        492,963,695      L1-icache-load-misses                                         (36.70%)
    35.127256925         75,662,221      LLC-loads                                                     (36.70%)
    35.127256925         27,259,113      LLC-load-misses           #   36.03% of all LL-cache accesses  (36.67%)
    35.127256925         46,840,255      LLC-stores                                                    (18.17%)
    35.127256925         12,692,701      LLC-store-misses                                              (17.83%)
    35.127256925      4,003,524,473      dTLB-loads                                                    (26.71%)
    35.127256925          1,385,258      dTLB-load-misses          #    0.03% of all dTLB cache accesses  (35.80%)
    35.127256925         96,772,239      iTLB-loads                                                    (35.95%)
    35.127256925         41,304,978      iTLB-load-misses          #   42.68% of all iTLB cache accesses  (36.32%)
    35.127256925                 59      page-faults                                                 
    35.127256925                 41      minor-faults                                                
    35.127256925                  0      major-faults                                                
    35.127256925                 68      cpu-migrations                                              
    36.130323001      3,726,145,228      L1-dcache-loads                                               (36.69%)
    36.130323001        319,534,047      L1-dcache-load-misses     #    8.58% of all L1-dcache accesses  (36.69%)
    36.130323001    <not supported>      L1-icache-loads                                             
    36.130323001        494,683,727      L1-icache-load-misses                                         (36.65%)
    36.130323001         77,976,005      LLC-loads                                                     (36.43%)
    36.130323001         28,967,341      LLC-load-misses           #   37.15% of all LL-cache accesses  (36.06%)
    36.130323001         47,364,959      LLC-stores                                                    (17.72%)
    36.130323001         14,431,218      LLC-store-misses                                              (18.08%)
    36.130323001      3,735,368,038      dTLB-loads                                                    (27.25%)
    36.130323001          3,122,388      dTLB-load-misses          #    0.08% of all dTLB cache accesses  (36.42%)
    36.130323001         39,730,187      iTLB-loads                                                    (36.67%)
    36.130323001         40,480,829      iTLB-load-misses          #  101.89% of all iTLB cache accesses  (36.69%)
    36.130323001             73,264      page-faults                                                 
    36.130323001             73,228      minor-faults                                                
    36.130323001                  4      major-faults                                                
    36.130323001                150      cpu-migrations                                              
    37.133065520      3,561,433,202      L1-dcache-loads                                               (36.60%)
    37.133065520        299,332,931      L1-dcache-load-misses     #    8.40% of all L1-dcache accesses  (36.32%)
    37.133065520    <not supported>      L1-icache-loads                                             
    37.133065520        454,644,140      L1-icache-load-misses                                         (35.96%)
    37.133065520         77,453,678      LLC-loads                                                     (35.78%)
    37.133065520         28,401,751      LLC-load-misses           #   36.67% of all LL-cache accesses  (35.87%)
    37.133065520         47,221,438      LLC-stores                                                    (18.35%)
    37.133065520         13,952,866      LLC-store-misses                                              (18.35%)
    37.133065520      3,540,347,457      dTLB-loads                                                    (27.53%)
    37.133065520          1,723,169      dTLB-load-misses          #    0.05% of all dTLB cache accesses  (36.70%)
    37.133065520         22,793,801      iTLB-loads                                                    (36.70%)
    37.133065520         40,440,951      iTLB-load-misses          #  177.42% of all iTLB cache accesses  (36.69%)
    37.133065520                 68      page-faults                                                 
    37.133065520                 51      minor-faults                                                
    37.133065520                  0      major-faults                                                
    37.133065520                144      cpu-migrations                                              
    38.135420326      3,503,558,156      L1-dcache-loads                                               (35.87%)
    38.135420326        283,043,152      L1-dcache-load-misses     #    8.08% of all L1-dcache accesses  (35.78%)
    38.135420326    <not supported>      L1-icache-loads                                             
    38.135420326        440,119,880      L1-icache-load-misses                                         (35.92%)
    38.135420326         70,508,302      LLC-loads                                                     (36.28%)
    38.135420326         26,203,552      LLC-load-misses           #   37.16% of all LL-cache accesses  (36.60%)
    38.135420326         43,775,183      LLC-stores                                                    (18.36%)
    38.135420326         12,125,983      LLC-store-misses                                              (18.36%)
    38.135420326      3,472,054,300      dTLB-loads                                                    (27.53%)
    38.135420326          1,670,085      dTLB-load-misses          #    0.05% of all dTLB cache accesses  (36.69%)
    38.135420326         19,380,989      iTLB-loads                                                    (36.55%)
    38.135420326         37,839,994      iTLB-load-misses          #  195.24% of all iTLB cache accesses  (36.18%)
    38.135420326                 84      page-faults                                                 
    38.135420326                 72      minor-faults                                                
    38.135420326                  0      major-faults                                                
    38.135420326                 53      cpu-migrations                                              
