#           time             counts unit events
     1.000774902      5,740,789,531      L1-dcache-loads                                               (36.05%)
     1.000774902        598,309,482      L1-dcache-load-misses     #   10.42% of all L1-dcache accesses  (36.05%)
     1.000774902    <not supported>      L1-icache-loads                                             
     1.000774902        518,977,424      L1-icache-load-misses                                         (36.10%)
     1.000774902        151,471,241      LLC-loads                                                     (36.35%)
     1.000774902         50,326,881      LLC-load-misses           #   33.23% of all LL-cache accesses  (36.54%)
     1.000774902         82,533,853      LLC-stores                                                    (18.27%)
     1.000774902         27,159,806      LLC-store-misses                                              (18.27%)
     1.000774902      5,809,087,330      dTLB-loads                                                    (27.41%)
     1.000774902          5,134,995      dTLB-load-misses          #    0.09% of all dTLB cache accesses  (36.54%)
     1.000774902        106,613,289      iTLB-loads                                                    (36.49%)
     1.000774902          4,238,383      iTLB-load-misses          #    3.98% of all iTLB cache accesses  (36.25%)
     1.000774902            158,037      page-faults                                                 
     1.000774902            157,443      minor-faults                                                
     1.000774902                487      major-faults                                                
     1.000774902              4,272      cpu-migrations                                              
     2.004027837      6,084,805,383      L1-dcache-loads                                               (35.90%)
     2.004027837        447,246,478      L1-dcache-load-misses     #    7.35% of all L1-dcache accesses  (36.18%)
     2.004027837    <not supported>      L1-icache-loads                                             
     2.004027837        585,229,300      L1-icache-load-misses                                         (36.53%)
     2.004027837        132,481,684      LLC-loads                                                     (36.68%)
     2.004027837         43,733,389      LLC-load-misses           #   33.01% of all LL-cache accesses  (36.68%)
     2.004027837         78,947,817      LLC-stores                                                    (18.34%)
     2.004027837         26,324,823      LLC-store-misses                                              (18.34%)
     2.004027837      6,017,853,783      dTLB-loads                                                    (27.42%)
     2.004027837          1,415,141      dTLB-load-misses          #    0.02% of all dTLB cache accesses  (36.31%)
     2.004027837        192,622,542      iTLB-loads                                                    (35.96%)
     2.004027837            575,326      iTLB-load-misses          #    0.30% of all iTLB cache accesses  (35.81%)
     2.004027837             47,533      page-faults                                                 
     2.004027837             47,469      minor-faults                                                
     2.004027837                  2      major-faults                                                
     2.004027837                176      cpu-migrations                                              
     3.007111567      4,864,296,087      L1-dcache-loads                                               (36.58%)
     3.007111567        359,571,516      L1-dcache-load-misses     #    7.39% of all L1-dcache accesses  (36.69%)
     3.007111567    <not supported>      L1-icache-loads                                             
     3.007111567        467,711,840      L1-icache-load-misses                                         (36.69%)
     3.007111567        136,930,995      LLC-loads                                                     (36.69%)
     3.007111567         44,605,556      LLC-load-misses           #   32.58% of all LL-cache accesses  (36.67%)
     3.007111567         71,329,990      LLC-stores                                                    (18.20%)
     3.007111567         25,669,898      LLC-store-misses                                              (17.90%)
     3.007111567      4,878,205,242      dTLB-loads                                                    (26.75%)
     3.007111567          1,731,959      dTLB-load-misses          #    0.04% of all dTLB cache accesses  (35.81%)
     3.007111567        199,786,813      iTLB-loads                                                    (35.94%)
     3.007111567            201,590      iTLB-load-misses          #    0.10% of all iTLB cache accesses  (36.26%)
     3.007111567             77,057      page-faults                                                 
     3.007111567             76,988      minor-faults                                                
     3.007111567                  0      major-faults                                                
     3.007111567                 91      cpu-migrations                                              
     4.009766671      3,966,061,489      L1-dcache-loads                                               (36.70%)
     4.009766671        299,651,362      L1-dcache-load-misses     #    7.56% of all L1-dcache accesses  (36.70%)
     4.009766671    <not supported>      L1-icache-loads                                             
     4.009766671        381,867,735      L1-icache-load-misses                                         (36.66%)
     4.009766671        117,919,468      LLC-loads                                                     (36.48%)
     4.009766671         39,833,105      LLC-load-misses           #   33.78% of all LL-cache accesses  (36.12%)
     4.009766671         61,067,999      LLC-stores                                                    (17.72%)
     4.009766671         21,064,144      LLC-store-misses                                              (18.00%)
     4.009766671      4,009,047,748      dTLB-loads                                                    (27.18%)
     4.009766671          1,180,312      dTLB-load-misses          #    0.03% of all dTLB cache accesses  (36.35%)
     4.009766671        165,726,935      iTLB-loads                                                    (36.62%)
     4.009766671            175,457      iTLB-load-misses          #    0.11% of all iTLB cache accesses  (36.70%)
     4.009766671             51,867      page-faults                                                 
     4.009766671             51,800      minor-faults                                                
     4.009766671                  0      major-faults                                                
     4.009766671                 86      cpu-migrations                                              
     5.012768520      3,904,336,875      L1-dcache-loads                                               (36.64%)
     5.012768520        319,880,213      L1-dcache-load-misses     #    8.19% of all L1-dcache accesses  (36.39%)
     5.012768520    <not supported>      L1-icache-loads                                             
     5.012768520        360,444,031      L1-icache-load-misses                                         (36.03%)
     5.012768520        143,745,240      LLC-loads                                                     (35.81%)
     5.012768520         46,314,975      LLC-load-misses           #   32.22% of all LL-cache accesses  (35.84%)
     5.012768520         60,527,293      LLC-stores                                                    (18.33%)
     5.012768520         20,015,924      LLC-store-misses                                              (18.34%)
     5.012768520      3,938,792,500      dTLB-loads                                                    (27.52%)
     5.012768520            823,306      dTLB-load-misses          #    0.02% of all dTLB cache accesses  (36.69%)
     5.012768520        164,810,212      iTLB-loads                                                    (36.69%)
     5.012768520            717,470      iTLB-load-misses          #    0.44% of all iTLB cache accesses  (36.69%)
     5.012768520             15,929      page-faults                                                 
     5.012768520             15,893      minor-faults                                                
     5.012768520                  0      major-faults                                                
     5.012768520                 65      cpu-migrations                                              
     6.015916570      4,542,166,031      L1-dcache-loads                                               (35.95%)
     6.015916570        335,594,647      L1-dcache-load-misses     #    7.39% of all L1-dcache accesses  (35.81%)
     6.015916570    <not supported>      L1-icache-loads                                             
     6.015916570        406,494,462      L1-icache-load-misses                                         (35.90%)
     6.015916570        136,382,708      LLC-loads                                                     (36.19%)
     6.015916570         43,233,337      LLC-load-misses           #   31.70% of all LL-cache accesses  (36.53%)
     6.015916570         63,081,260      LLC-stores                                                    (18.34%)
     6.015916570         21,597,978      LLC-store-misses                                              (18.34%)
     6.015916570      4,549,811,818      dTLB-loads                                                    (27.51%)
     6.015916570            789,120      dTLB-load-misses          #    0.02% of all dTLB cache accesses  (36.68%)
     6.015916570        190,600,253      iTLB-loads                                                    (36.59%)
     6.015916570          1,339,746      iTLB-load-misses          #    0.70% of all iTLB cache accesses  (36.30%)
     6.015916570              4,188      page-faults                                                 
     6.015916570              4,115      minor-faults                                                
     6.015916570                  5      major-faults                                                
     6.015916570                146      cpu-migrations                                              
     7.018955073      4,473,185,150      L1-dcache-loads                                               (35.95%)
     7.018955073        337,055,237      L1-dcache-load-misses     #    7.54% of all L1-dcache accesses  (36.27%)
     7.018955073    <not supported>      L1-icache-loads                                             
     7.018955073        409,547,517      L1-icache-load-misses                                         (36.58%)
     7.018955073        139,386,429      LLC-loads                                                     (36.69%)
     7.018955073         45,145,059      LLC-load-misses           #   32.39% of all LL-cache accesses  (36.69%)
     7.018955073         64,105,410      LLC-stores                                                    (18.34%)
     7.018955073         21,553,636      LLC-store-misses                                              (18.32%)
     7.018955073      4,424,003,011      dTLB-loads                                                    (27.36%)
     7.018955073            119,834      dTLB-load-misses          #    0.00% of all dTLB cache accesses  (36.21%)
     7.018955073        185,560,040      iTLB-loads                                                    (35.90%)
     7.018955073            276,208      iTLB-load-misses          #    0.15% of all iTLB cache accesses  (35.81%)
     7.018955073              8,062      page-faults                                                 
     7.018955073              7,988      minor-faults                                                
     7.018955073                  0      major-faults                                                
     7.018955073                104      cpu-migrations                                              
     8.021765295      4,471,554,566      L1-dcache-loads                                               (36.63%)
     8.021765295        329,567,615      L1-dcache-load-misses     #    7.37% of all L1-dcache accesses  (36.70%)
     8.021765295    <not supported>      L1-icache-loads                                             
     8.021765295        411,072,615      L1-icache-load-misses                                         (36.70%)
     8.021765295        137,523,786      LLC-loads                                                     (36.70%)
     8.021765295         43,603,638      LLC-load-misses           #   31.71% of all LL-cache accesses  (36.66%)
     8.021765295         66,790,414      LLC-stores                                                    (18.13%)
     8.021765295         21,743,658      LLC-store-misses                                              (17.81%)
     8.021765295      4,481,124,451      dTLB-loads                                                    (26.71%)
     8.021765295            135,932      dTLB-load-misses          #    0.00% of all dTLB cache accesses  (35.82%)
     8.021765295        188,949,273      iTLB-loads                                                    (36.00%)
     8.021765295            244,220      iTLB-load-misses          #    0.13% of all iTLB cache accesses  (36.36%)
     8.021765295                294      page-faults                                                 
     8.021765295                233      minor-faults                                                
     8.021765295                  0      major-faults                                                
     8.021765295                 84      cpu-migrations                                              
     9.024769284      4,139,592,054      L1-dcache-loads                                               (36.69%)
     9.024769284        336,724,070      L1-dcache-load-misses     #    8.13% of all L1-dcache accesses  (36.69%)
     9.024769284    <not supported>      L1-icache-loads                                             
     9.024769284        386,912,684      L1-icache-load-misses                                         (36.64%)
     9.024769284        153,717,425      LLC-loads                                                     (36.39%)
     9.024769284         50,593,452      LLC-load-misses           #   32.91% of all LL-cache accesses  (36.03%)
     9.024769284         57,252,522      LLC-stores                                                    (17.76%)
     9.024769284         19,581,479      LLC-store-misses                                              (18.11%)
     9.024769284      4,135,524,114      dTLB-loads                                                    (27.28%)
     9.024769284            850,286      dTLB-load-misses          #    0.02% of all dTLB cache accesses  (36.45%)
     9.024769284        171,195,275      iTLB-loads                                                    (36.67%)
     9.024769284            223,352      iTLB-load-misses          #    0.13% of all iTLB cache accesses  (36.69%)
     9.024769284             27,834      page-faults                                                 
     9.024769284             27,761      minor-faults                                                
     9.024769284                  0      major-faults                                                
     9.024769284                 78      cpu-migrations                                              
    10.027873068      4,584,637,944      L1-dcache-loads                                               (36.59%)
    10.027873068        349,768,705      L1-dcache-load-misses     #    7.63% of all L1-dcache accesses  (36.30%)
    10.027873068    <not supported>      L1-icache-loads                                             
    10.027873068        407,974,267      L1-icache-load-misses                                         (35.95%)
    10.027873068        142,419,235      LLC-loads                                                     (35.80%)
    10.027873068         43,532,790      LLC-load-misses           #   30.57% of all LL-cache accesses  (35.90%)
    10.027873068         71,759,336      LLC-stores                                                    (18.34%)
    10.027873068         23,887,344      LLC-store-misses                                              (18.34%)
    10.027873068      4,594,447,975      dTLB-loads                                                    (27.51%)
    10.027873068             77,658      dTLB-load-misses          #    0.00% of all dTLB cache accesses  (36.69%)
    10.027873068        195,774,576      iTLB-loads                                                    (36.69%)
    10.027873068            176,704      iTLB-load-misses          #    0.09% of all iTLB cache accesses  (36.68%)
    10.027873068                738      page-faults                                                 
    10.027873068                706      minor-faults                                                
    10.027873068                  0      major-faults                                                
    10.027873068                 50      cpu-migrations                                              
    11.031009824      4,620,441,698      L1-dcache-loads                                               (35.91%)
    11.031009824        359,211,116      L1-dcache-load-misses     #    7.77% of all L1-dcache accesses  (35.82%)
    11.031009824    <not supported>      L1-icache-loads                                             
    11.031009824        438,899,886      L1-icache-load-misses                                         (35.95%)
    11.031009824        141,898,529      LLC-loads                                                     (36.27%)
    11.031009824         43,492,691      LLC-load-misses           #   30.65% of all LL-cache accesses  (36.58%)
    11.031009824         72,353,029      LLC-stores                                                    (18.34%)
    11.031009824         24,319,896      LLC-store-misses                                              (18.34%)
    11.031009824      4,649,868,555      dTLB-loads                                                    (27.51%)
    11.031009824          1,379,410      dTLB-load-misses          #    0.03% of all dTLB cache accesses  (36.67%)
    11.031009824        195,099,559      iTLB-loads                                                    (36.54%)
    11.031009824            267,851      iTLB-load-misses          #    0.14% of all iTLB cache accesses  (36.22%)
    11.031009824             62,037      page-faults                                                 
    11.031009824             61,963      minor-faults                                                
    11.031009824                  0      major-faults                                                
    11.031009824                 79      cpu-migrations                                              
    12.033767921      4,608,395,160      L1-dcache-loads                                               (36.00%)
    12.033767921        352,808,956      L1-dcache-load-misses     #    7.66% of all L1-dcache accesses  (36.36%)
    12.033767921    <not supported>      L1-icache-loads                                             
    12.033767921        416,120,199      L1-icache-load-misses                                         (36.63%)
    12.033767921        141,950,750      LLC-loads                                                     (36.70%)
    12.033767921         43,252,364      LLC-load-misses           #   30.47% of all LL-cache accesses  (36.70%)
    12.033767921         71,213,732      LLC-stores                                                    (18.35%)
    12.033767921         23,860,879      LLC-store-misses                                              (18.31%)
    12.033767921      4,593,597,869      dTLB-loads                                                    (27.31%)
    12.033767921            118,235      dTLB-load-misses          #    0.00% of all dTLB cache accesses  (36.12%)
    12.033767921        194,891,456      iTLB-loads                                                    (35.85%)
    12.033767921            243,487      iTLB-load-misses          #    0.12% of all iTLB cache accesses  (35.81%)
    12.033767921              4,339      page-faults                                                 
    12.033767921              4,270      minor-faults                                                
    12.033767921                  0      major-faults                                                
    12.033767921                 77      cpu-migrations                                              
    13.036768474      4,619,952,565      L1-dcache-loads                                               (36.67%)
    13.036768474        359,660,493      L1-dcache-load-misses     #    7.78% of all L1-dcache accesses  (36.69%)
    13.036768474    <not supported>      L1-icache-loads                                             
    13.036768474        430,828,191      L1-icache-load-misses                                         (36.69%)
    13.036768474        142,344,547      LLC-loads                                                     (36.69%)
    13.036768474         43,468,593      LLC-load-misses           #   30.54% of all LL-cache accesses  (36.64%)
    13.036768474         72,228,037      LLC-stores                                                    (18.04%)
    13.036768474         24,161,905      LLC-store-misses                                              (17.74%)
    13.036768474      4,608,598,359      dTLB-loads                                                    (26.69%)
    13.036768474          1,398,026      dTLB-load-misses          #    0.03% of all dTLB cache accesses  (35.85%)
    13.036768474        193,236,809      iTLB-loads                                                    (36.09%)
    13.036768474            587,296      iTLB-load-misses          #    0.30% of all iTLB cache accesses  (36.45%)
    13.036768474             61,084      page-faults                                                 
    13.036768474             61,016      minor-faults                                                
    13.036768474                  0      major-faults                                                
    13.036768474                 72      cpu-migrations                                              
    14.039831912      4,592,490,577      L1-dcache-loads                                               (36.69%)
    14.039831912        350,171,242      L1-dcache-load-misses     #    7.62% of all L1-dcache accesses  (36.68%)
    14.039831912    <not supported>      L1-icache-loads                                             
    14.039831912        388,779,003      L1-icache-load-misses                                         (36.59%)
    14.039831912        142,218,273      LLC-loads                                                     (36.30%)
    14.039831912         43,430,941      LLC-load-misses           #   30.54% of all LL-cache accesses  (35.95%)
    14.039831912         71,938,767      LLC-stores                                                    (17.85%)
    14.039831912         23,996,616      LLC-store-misses                                              (18.19%)
    14.039831912      4,603,265,721      dTLB-loads                                                    (27.36%)
    14.039831912             79,313      dTLB-load-misses          #    0.00% of all dTLB cache accesses  (36.53%)
    14.039831912        190,073,524      iTLB-loads                                                    (36.69%)
    14.039831912          3,061,504      iTLB-load-misses          #    1.61% of all iTLB cache accesses  (36.69%)
    14.039831912              1,419      page-faults                                                 
    14.039831912              1,347      minor-faults                                                
    14.039831912                  0      major-faults                                                
    14.039831912                 91      cpu-migrations                                              
    15.042950374      4,620,382,881      L1-dcache-loads                                               (36.54%)
    15.042950374        352,599,549      L1-dcache-load-misses     #    7.63% of all L1-dcache accesses  (36.21%)
    15.042950374    <not supported>      L1-icache-loads                                             
    15.042950374        393,278,438      L1-icache-load-misses                                         (35.91%)
    15.042950374        142,102,137      LLC-loads                                                     (35.82%)
    15.042950374         43,371,967      LLC-load-misses           #   30.52% of all LL-cache accesses  (35.95%)
    15.042950374         72,018,572      LLC-stores                                                    (18.34%)
    15.042950374         23,985,783      LLC-store-misses                                              (18.34%)
    15.042950374      4,610,824,344      dTLB-loads                                                    (27.51%)
    15.042950374             60,489      dTLB-load-misses          #    0.00% of all dTLB cache accesses  (36.69%)
    15.042950374        191,258,311      iTLB-loads                                                    (36.69%)
    15.042950374          3,506,285      iTLB-load-misses          #    1.83% of all iTLB cache accesses  (36.67%)
    15.042950374                113      page-faults                                                 
    15.042950374                 42      minor-faults                                                
    15.042950374                  0      major-faults                                                
    15.042950374                 63      cpu-migrations                                              
    16.045767939      4,589,689,162      L1-dcache-loads                                               (35.85%)
    16.045767939        350,097,777      L1-dcache-load-misses     #    7.63% of all L1-dcache accesses  (35.82%)
    16.045767939    <not supported>      L1-icache-loads                                             
    16.045767939        387,653,891      L1-icache-load-misses                                         (36.00%)
    16.045767939        141,705,290      LLC-loads                                                     (36.36%)
    16.045767939         43,129,297      LLC-load-misses           #   30.44% of all LL-cache accesses  (36.63%)
    16.045767939         71,373,315      LLC-stores                                                    (18.35%)
    16.045767939         23,902,472      LLC-store-misses                                              (18.35%)
    16.045767939      4,589,457,026      dTLB-loads                                                    (27.52%)
    16.045767939             84,251      dTLB-load-misses          #    0.00% of all dTLB cache accesses  (36.66%)
    16.045767939        191,216,814      iTLB-loads                                                    (36.48%)
    16.045767939          2,452,433      iTLB-load-misses          #    1.28% of all iTLB cache accesses  (36.12%)
    16.045767939                115      page-faults                                                 
    16.045767939                 50      minor-faults                                                
    16.045767939                  4      major-faults                                                
    16.045767939                 53      cpu-migrations                                              
    17.048772058      4,665,563,581      L1-dcache-loads                                               (36.09%)
    17.048772058        357,306,925      L1-dcache-load-misses     #    7.66% of all L1-dcache accesses  (36.45%)
    17.048772058    <not supported>      L1-icache-loads                                             
    17.048772058        411,409,434      L1-icache-load-misses                                         (36.67%)
    17.048772058        142,882,883      LLC-loads                                                     (36.69%)
    17.048772058         43,691,400      LLC-load-misses           #   30.58% of all LL-cache accesses  (36.69%)
    17.048772058         71,903,206      LLC-stores                                                    (18.34%)
    17.048772058         23,945,630      LLC-store-misses                                              (18.29%)
    17.048772058      4,668,565,426      dTLB-loads                                                    (27.22%)
    17.048772058            203,034      dTLB-load-misses          #    0.00% of all dTLB cache accesses  (36.03%)
    17.048772058        188,441,718      iTLB-loads                                                    (35.81%)
    17.048772058          2,879,430      iTLB-load-misses          #    1.53% of all iTLB cache accesses  (35.84%)
    17.048772058              7,861      page-faults                                                 
    17.048772058              7,798      minor-faults                                                
    17.048772058                  0      major-faults                                                
    17.048772058                 89      cpu-migrations                                              
    18.051934231      4,604,254,778      L1-dcache-loads                                               (36.68%)
    18.051934231        354,410,218      L1-dcache-load-misses     #    7.70% of all L1-dcache accesses  (36.68%)
    18.051934231    <not supported>      L1-icache-loads                                             
    18.051934231        402,330,965      L1-icache-load-misses                                         (36.68%)
    18.051934231        142,578,872      LLC-loads                                                     (36.68%)
    18.051934231         43,566,847      LLC-load-misses           #   30.56% of all LL-cache accesses  (36.59%)
    18.051934231         71,940,249      LLC-stores                                                    (17.96%)
    18.051934231         24,044,364      LLC-store-misses                                              (17.71%)
    18.051934231      4,607,027,933      dTLB-loads                                                    (26.72%)
    18.051934231            362,887      dTLB-load-misses          #    0.01% of all dTLB cache accesses  (35.90%)
    18.051934231        189,674,630      iTLB-loads                                                    (36.18%)
    18.051934231          3,018,682      iTLB-load-misses          #    1.59% of all iTLB cache accesses  (36.53%)
    18.051934231             19,388      page-faults                                                 
    18.051934231             19,355      minor-faults                                                
    18.051934231                  0      major-faults                                                
    18.051934231                 57      cpu-migrations                                              
    19.055021529      4,613,849,308      L1-dcache-loads                                               (36.69%)
    19.055021529        358,633,157      L1-dcache-load-misses     #    7.77% of all L1-dcache accesses  (36.67%)
    19.055021529    <not supported>      L1-icache-loads                                             
    19.055021529        412,313,039      L1-icache-load-misses                                         (36.54%)
    19.055021529        141,028,673      LLC-loads                                                     (36.22%)
    19.055021529         43,101,700      LLC-load-misses           #   30.56% of all LL-cache accesses  (35.91%)
    19.055021529         72,321,911      LLC-stores                                                    (17.92%)
    19.055021529         24,239,790      LLC-store-misses                                              (18.23%)
    19.055021529      4,621,755,315      dTLB-loads                                                    (27.40%)
    19.055021529          1,343,496      dTLB-load-misses          #    0.03% of all dTLB cache accesses  (36.58%)
    19.055021529        190,879,831      iTLB-loads                                                    (36.69%)
    19.055021529          2,705,092      iTLB-load-misses          #    1.42% of all iTLB cache accesses  (36.69%)
    19.055021529             59,977      page-faults                                                 
    19.055021529             59,908      minor-faults                                                
    19.055021529                  0      major-faults                                                
    19.055021529                 70      cpu-migrations                                              
    20.057766046      4,632,379,603      L1-dcache-loads                                               (36.48%)
    20.057766046        360,787,656      L1-dcache-load-misses     #    7.79% of all L1-dcache accesses  (36.12%)
    20.057766046    <not supported>      L1-icache-loads                                             
    20.057766046        417,883,548      L1-icache-load-misses                                         (35.85%)
    20.057766046        142,209,854      LLC-loads                                                     (35.81%)
    20.057766046         43,320,114      LLC-load-misses           #   30.46% of all LL-cache accesses  (35.99%)
    20.057766046         71,813,346      LLC-stores                                                    (18.35%)
    20.057766046         24,233,632      LLC-store-misses                                              (18.35%)
    20.057766046      4,635,059,644      dTLB-loads                                                    (27.53%)
    20.057766046          1,161,501      dTLB-load-misses          #    0.03% of all dTLB cache accesses  (36.70%)
    20.057766046        190,674,074      iTLB-loads                                                    (36.70%)
    20.057766046          3,035,324      iTLB-load-misses          #    1.59% of all iTLB cache accesses  (36.66%)
    20.057766046             56,185      page-faults                                                 
    20.057766046             56,115      minor-faults                                                
    20.057766046                  0      major-faults                                                
    20.057766046                 65      cpu-migrations                                              
    21.060767501      4,567,587,369      L1-dcache-loads                                               (35.81%)
    21.060767501        352,407,579      L1-dcache-load-misses     #    7.72% of all L1-dcache accesses  (35.85%)
    21.060767501    <not supported>      L1-icache-loads                                             
    21.060767501        396,730,673      L1-icache-load-misses                                         (36.09%)
    21.060767501        141,934,697      LLC-loads                                                     (36.46%)
    21.060767501         43,322,051      LLC-load-misses           #   30.52% of all LL-cache accesses  (36.67%)
    21.060767501         71,781,129      LLC-stores                                                    (18.34%)
    21.060767501         23,903,989      LLC-store-misses                                              (18.34%)
    21.060767501      4,573,253,332      dTLB-loads                                                    (27.52%)
    21.060767501            560,633      dTLB-load-misses          #    0.01% of all dTLB cache accesses  (36.64%)
    21.060767501        186,633,262      iTLB-loads                                                    (36.39%)
    21.060767501          2,781,917      iTLB-load-misses          #    1.49% of all iTLB cache accesses  (36.03%)
    21.060767501             19,992      page-faults                                                 
    21.060767501             19,919      minor-faults                                                
    21.060767501                  4      major-faults                                                
    21.060767501                 99      cpu-migrations                                              
    22.071866660      4,631,477,908      L1-dcache-loads                                               (36.31%)
    22.071866660        353,660,384      L1-dcache-load-misses     #    7.64% of all L1-dcache accesses  (36.35%)
    22.071866660    <not supported>      L1-icache-loads                                             
    22.071866660        395,547,107      L1-icache-load-misses                                         (36.40%)
    22.071866660        143,021,066      LLC-loads                                                     (36.40%)
    22.071866660         43,733,600      LLC-load-misses           #   30.58% of all LL-cache accesses  (36.40%)
    22.071866660         72,615,860      LLC-stores                                                    (18.20%)
    22.071866660         24,188,327      LLC-store-misses                                              (18.20%)
    22.071866660      4,649,409,127      dTLB-loads                                                    (27.29%)
    22.071866660             66,449      dTLB-load-misses          #    0.00% of all dTLB cache accesses  (36.35%)
    22.071866660        192,181,158      iTLB-loads                                                    (36.31%)
    22.071866660          3,025,507      iTLB-load-misses          #    1.57% of all iTLB cache accesses  (36.31%)
    22.071866660                198      page-faults                                                 
    22.071866660                124      minor-faults                                                
    22.071866660                  0      major-faults                                                
    22.071866660                100      cpu-migrations                                              
    23.075031330      4,606,517,654      L1-dcache-loads                                               (36.27%)
    23.075031330        349,638,067      L1-dcache-load-misses     #    7.59% of all L1-dcache accesses  (36.58%)
    23.075031330    <not supported>      L1-icache-loads                                             
    23.075031330        388,218,100      L1-icache-load-misses                                         (36.68%)
    23.075031330        141,355,962      LLC-loads                                                     (36.68%)
    23.075031330         43,141,573      LLC-load-misses           #   30.52% of all LL-cache accesses  (36.68%)
    23.075031330         71,619,645      LLC-stores                                                    (18.32%)
    23.075031330         23,949,834      LLC-store-misses                                              (18.20%)
    23.075031330      4,609,786,322      dTLB-loads                                                    (27.05%)
    23.075031330             72,289      dTLB-load-misses          #    0.00% of all dTLB cache accesses  (35.91%)
    23.075031330        191,191,358      iTLB-loads                                                    (35.82%)
    23.075031330          2,955,248      iTLB-load-misses          #    1.55% of all iTLB cache accesses  (35.95%)
    23.075031330                122      page-faults                                                 
    23.075031330                 47      minor-faults                                                
    23.075031330                  0      major-faults                                                
    23.075031330                 91      cpu-migrations                                              
    24.077765656      4,586,589,305      L1-dcache-loads                                               (36.70%)
    24.077765656        348,785,564      L1-dcache-load-misses     #    7.60% of all L1-dcache accesses  (36.70%)
    24.077765656    <not supported>      L1-icache-loads                                             
    24.077765656        386,928,984      L1-icache-load-misses                                         (36.70%)
    24.077765656        141,998,354      LLC-loads                                                     (36.66%)
    24.077765656         43,356,172      LLC-load-misses           #   30.53% of all LL-cache accesses  (36.48%)
    24.077765656         71,521,106      LLC-stores                                                    (17.81%)
    24.077765656         23,785,590      LLC-store-misses                                              (17.72%)
    24.077765656      4,569,641,604      dTLB-loads                                                    (26.82%)
    24.077765656            119,238      dTLB-load-misses          #    0.00% of all dTLB cache accesses  (35.99%)
    24.077765656        190,081,073      iTLB-loads                                                    (36.36%)
    24.077765656          2,796,560      iTLB-load-misses          #    1.47% of all iTLB cache accesses  (36.63%)
    24.077765656                 83      page-faults                                                 
    24.077765656                 21      minor-faults                                                
    24.077765656                  0      major-faults                                                
    24.077765656                 76      cpu-migrations                                              
    25.080769550      4,608,019,060      L1-dcache-loads                                               (36.69%)
    25.080769550        349,789,849      L1-dcache-load-misses     #    7.59% of all L1-dcache accesses  (36.64%)
    25.080769550    <not supported>      L1-icache-loads                                             
    25.080769550        391,748,388      L1-icache-load-misses                                         (36.39%)
    25.080769550        141,373,609      LLC-loads                                                     (36.03%)
    25.080769550         43,134,168      LLC-load-misses           #   30.51% of all LL-cache accesses  (35.81%)
    25.080769550         71,947,642      LLC-stores                                                    (18.11%)
    25.080769550         23,967,130      LLC-store-misses                                              (18.33%)
    25.080769550      4,605,687,147      dTLB-loads                                                    (27.50%)
    25.080769550            123,998      dTLB-load-misses          #    0.00% of all dTLB cache accesses  (36.67%)
    25.080769550        189,876,169      iTLB-loads                                                    (36.69%)
    25.080769550          3,347,519      iTLB-load-misses          #    1.76% of all iTLB cache accesses  (36.69%)
    25.080769550                126      page-faults                                                 
    25.080769550                 60      minor-faults                                                
    25.080769550                  0      major-faults                                                
    25.080769550                 90      cpu-migrations                                              
#           time             counts unit events
    26.083845190      4,581,338,522      L1-dcache-loads                                               (36.30%)
    26.083845190        348,422,488      L1-dcache-load-misses     #    7.61% of all L1-dcache accesses  (35.95%)
    26.083845190    <not supported>      L1-icache-loads                                             
    26.083845190        391,710,035      L1-icache-load-misses                                         (35.80%)
    26.083845190        141,430,650      LLC-loads                                                     (35.90%)
    26.083845190         43,382,393      LLC-load-misses           #   30.67% of all LL-cache accesses  (36.19%)
    26.083845190         71,890,827      LLC-stores                                                    (18.34%)
    26.083845190         23,901,313      LLC-store-misses                                              (18.34%)
    26.083845190      4,602,872,599      dTLB-loads                                                    (27.52%)
    26.083845190             59,116      dTLB-load-misses          #    0.00% of all dTLB cache accesses  (36.69%)
    26.083845190        190,418,880      iTLB-loads                                                    (36.68%)
    26.083845190          2,995,224      iTLB-load-misses          #    1.57% of all iTLB cache accesses  (36.59%)
    26.083845190                 52      page-faults                                                 
    26.083845190                 13      minor-faults                                                
    26.083845190                  4      major-faults                                                
    26.083845190                 99      cpu-migrations                                              
    27.086997829      4,672,543,133      L1-dcache-loads                                               (35.82%)
    27.086997829        354,524,419      L1-dcache-load-misses     #    7.59% of all L1-dcache accesses  (35.95%)
    27.086997829    <not supported>      L1-icache-loads                                             
    27.086997829        401,289,653      L1-icache-load-misses                                         (36.27%)
    27.086997829        142,484,511      LLC-loads                                                     (36.58%)
    27.086997829         43,520,620      LLC-load-misses           #   30.54% of all LL-cache accesses  (36.68%)
    27.086997829         72,052,493      LLC-stores                                                    (18.34%)
    27.086997829         24,031,864      LLC-store-misses                                              (18.34%)
    27.086997829      4,714,942,069      dTLB-loads                                                    (27.50%)
    27.086997829            138,996      dTLB-load-misses          #    0.00% of all dTLB cache accesses  (36.54%)
    27.086997829        190,575,404      iTLB-loads                                                    (36.22%)
    27.086997829          2,799,650      iTLB-load-misses          #    1.47% of all iTLB cache accesses  (35.91%)
    27.086997829              7,891      page-faults                                                 
    27.086997829              7,825      minor-faults                                                
    27.086997829                  2      major-faults                                                
    27.086997829                 85      cpu-migrations                                              
    28.089767455      4,600,076,586      L1-dcache-loads                                               (36.36%)
    28.089767455        350,642,150      L1-dcache-load-misses     #    7.62% of all L1-dcache accesses  (36.63%)
    28.089767455    <not supported>      L1-icache-loads                                             
    28.089767455        392,344,944      L1-icache-load-misses                                         (36.70%)
    28.089767455        142,233,930      LLC-loads                                                     (36.70%)
    28.089767455         43,301,241      LLC-load-misses           #   30.44% of all LL-cache accesses  (36.70%)
    28.089767455         71,441,019      LLC-stores                                                    (18.31%)
    28.089767455         23,910,202      LLC-store-misses                                              (18.13%)
    28.089767455      4,599,963,611      dTLB-loads                                                    (26.95%)
    28.089767455             94,765      dTLB-load-misses          #    0.00% of all dTLB cache accesses  (35.85%)
    28.089767455        190,804,914      iTLB-loads                                                    (35.81%)
    28.089767455          2,805,230      iTLB-load-misses          #    1.47% of all iTLB cache accesses  (35.99%)
    28.089767455                122      page-faults                                                 
    28.089767455                 53      minor-faults                                                
    28.089767455                  0      major-faults                                                
    28.089767455                 83      cpu-migrations                                              
    29.092770160      4,603,160,599      L1-dcache-loads                                               (36.69%)
    29.092770160        351,756,103      L1-dcache-load-misses     #    7.64% of all L1-dcache accesses  (36.69%)
    29.092770160    <not supported>      L1-icache-loads                                             
    29.092770160        393,976,324      L1-icache-load-misses                                         (36.69%)
    29.092770160        141,955,589      LLC-loads                                                     (36.64%)
    29.092770160         43,350,607      LLC-load-misses           #   30.54% of all LL-cache accesses  (36.39%)
    29.092770160         71,721,300      LLC-stores                                                    (17.74%)
    29.092770160         23,906,056      LLC-store-misses                                              (17.76%)
    29.092770160      4,582,066,589      dTLB-loads                                                    (26.92%)
    29.092770160            134,607      dTLB-load-misses          #    0.00% of all dTLB cache accesses  (36.09%)
    29.092770160        190,128,675      iTLB-loads                                                    (36.45%)
    29.092770160          2,910,491      iTLB-load-misses          #    1.53% of all iTLB cache accesses  (36.67%)
    29.092770160                 99      page-faults                                                 
    29.092770160                 26      minor-faults                                                
    29.092770160                  0      major-faults                                                
    29.092770160                 76      cpu-migrations                                              
    30.095900483      4,574,084,035      L1-dcache-loads                                               (36.68%)
    30.095900483        349,492,542      L1-dcache-load-misses     #    7.64% of all L1-dcache accesses  (36.59%)
    30.095900483    <not supported>      L1-icache-loads                                             
    30.095900483        387,276,487      L1-icache-load-misses                                         (36.30%)
    30.095900483        142,023,098      LLC-loads                                                     (35.95%)
    30.095900483         43,340,830      LLC-load-misses           #   30.52% of all LL-cache accesses  (35.81%)
    30.095900483         71,849,526      LLC-stores                                                    (18.19%)
    30.095900483         23,915,481      LLC-store-misses                                              (18.34%)
    30.095900483      4,588,372,003      dTLB-loads                                                    (27.51%)
    30.095900483             81,250      dTLB-load-misses          #    0.00% of all dTLB cache accesses  (36.69%)
    30.095900483        190,105,962      iTLB-loads                                                    (36.69%)
    30.095900483          3,181,130      iTLB-load-misses          #    1.67% of all iTLB cache accesses  (36.69%)
    30.095900483                 98      page-faults                                                 
    30.095900483                 31      minor-faults                                                
    30.095900483                  0      major-faults                                                
    30.095900483                 71      cpu-migrations                                              
    31.099009562      4,613,421,597      L1-dcache-loads                                               (36.22%)
    31.099009562        351,057,578      L1-dcache-load-misses     #    7.61% of all L1-dcache accesses  (35.91%)
    31.099009562    <not supported>      L1-icache-loads                                             
    31.099009562        390,965,115      L1-icache-load-misses                                         (35.82%)
    31.099009562        141,385,352      LLC-loads                                                     (35.95%)
    31.099009562         43,196,451      LLC-load-misses           #   30.55% of all LL-cache accesses  (36.27%)
    31.099009562         72,038,732      LLC-stores                                                    (18.34%)
    31.099009562         24,004,771      LLC-store-misses                                              (18.34%)
    31.099009562      4,623,360,522      dTLB-loads                                                    (27.51%)
    31.099009562             66,944      dTLB-load-misses          #    0.00% of all dTLB cache accesses  (36.69%)
    31.099009562        191,048,071      iTLB-loads                                                    (36.67%)
    31.099009562          2,876,016      iTLB-load-misses          #    1.51% of all iTLB cache accesses  (36.54%)
    31.099009562                 76      page-faults                                                 
    31.099009562                  3      minor-faults                                                
    31.099009562                  4      major-faults                                                
    31.099009562                 76      cpu-migrations                                              
    32.101765754      4,611,073,726      L1-dcache-loads                                               (35.81%)
    32.101765754        353,115,241      L1-dcache-load-misses     #    7.66% of all L1-dcache accesses  (35.99%)
    32.101765754    <not supported>      L1-icache-loads                                             
    32.101765754        394,122,326      L1-icache-load-misses                                         (36.36%)
    32.101765754        142,460,677      LLC-loads                                                     (36.63%)
    32.101765754         43,387,731      LLC-load-misses           #   30.46% of all LL-cache accesses  (36.70%)
    32.101765754         71,745,553      LLC-stores                                                    (18.35%)
    32.101765754         23,981,377      LLC-store-misses                                              (18.35%)
    32.101765754      4,611,256,752      dTLB-loads                                                    (27.49%)
    32.101765754             78,065      dTLB-load-misses          #    0.00% of all dTLB cache accesses  (36.48%)
    32.101765754        190,458,347      iTLB-loads                                                    (36.12%)
    32.101765754          3,226,256      iTLB-load-misses          #    1.69% of all iTLB cache accesses  (35.85%)
    32.101765754                 77      page-faults                                                 
    32.101765754                  8      minor-faults                                                
    32.101765754                  0      major-faults                                                
    32.101765754                 79      cpu-migrations                                              
    33.104767980      4,603,076,178      L1-dcache-loads                                               (36.45%)
    33.104767980        350,380,108      L1-dcache-load-misses     #    7.61% of all L1-dcache accesses  (36.67%)
    33.104767980    <not supported>      L1-icache-loads                                             
    33.104767980        391,445,997      L1-icache-load-misses                                         (36.69%)
    33.104767980        142,512,716      LLC-loads                                                     (36.69%)
    33.104767980         43,403,682      LLC-load-misses           #   30.46% of all LL-cache accesses  (36.69%)
    33.104767980         71,575,244      LLC-stores                                                    (18.29%)
    33.104767980         23,814,016      LLC-store-misses                                              (18.05%)
    33.104767980      4,576,721,202      dTLB-loads                                                    (26.86%)
    33.104767980            122,688      dTLB-load-misses          #    0.00% of all dTLB cache accesses  (35.81%)
    33.104767980        190,682,791      iTLB-loads                                                    (35.84%)
    33.104767980          3,188,509      iTLB-load-misses          #    1.67% of all iTLB cache accesses  (36.09%)
    33.104767980                 72      page-faults                                                 
    33.104767980                  2      minor-faults                                                
    33.104767980                  0      major-faults                                                
    33.104767980                 57      cpu-migrations                                              
    34.107940576      4,596,708,926      L1-dcache-loads                                               (36.68%)
    34.107940576        351,821,231      L1-dcache-load-misses     #    7.65% of all L1-dcache accesses  (36.68%)
    34.107940576    <not supported>      L1-icache-loads                                             
    34.107940576        393,095,619      L1-icache-load-misses                                         (36.68%)
    34.107940576        142,833,359      LLC-loads                                                     (36.59%)
    34.107940576         43,717,982      LLC-load-misses           #   30.61% of all LL-cache accesses  (36.30%)
    34.107940576         71,912,361      LLC-stores                                                    (17.71%)
    34.107940576         23,973,702      LLC-store-misses                                              (17.84%)
    34.107940576      4,603,692,382      dTLB-loads                                                    (27.01%)
    34.107940576            117,175      dTLB-load-misses          #    0.00% of all dTLB cache accesses  (36.18%)
    34.107940576        189,809,875      iTLB-loads                                                    (36.53%)
    34.107940576          3,086,796      iTLB-load-misses          #    1.63% of all iTLB cache accesses  (36.68%)
    34.107940576                 74      page-faults                                                 
    34.107940576                  6      minor-faults                                                
    34.107940576                  0      major-faults                                                
    34.107940576                 78      cpu-migrations                                              
    35.111054604      4,596,056,570      L1-dcache-loads                                               (36.67%)
    35.111054604        349,378,026      L1-dcache-load-misses     #    7.60% of all L1-dcache accesses  (36.54%)
    35.111054604    <not supported>      L1-icache-loads                                             
    35.111054604        389,420,629      L1-icache-load-misses                                         (36.22%)
    35.111054604        141,949,528      LLC-loads                                                     (35.91%)
    35.111054604         43,399,680      LLC-load-misses           #   30.57% of all LL-cache accesses  (35.82%)
    35.111054604         71,939,343      LLC-stores                                                    (18.23%)
    35.111054604         23,932,486      LLC-store-misses                                              (18.34%)
    35.111054604      4,613,800,041      dTLB-loads                                                    (27.51%)
    35.111054604             58,577      dTLB-load-misses          #    0.00% of all dTLB cache accesses  (36.68%)
    35.111054604        190,899,463      iTLB-loads                                                    (36.68%)
    35.111054604          2,887,246      iTLB-load-misses          #    1.51% of all iTLB cache accesses  (36.68%)
    35.111054604                 49      page-faults                                                 
    35.111054604                 10      minor-faults                                                
    35.111054604                  0      major-faults                                                
    35.111054604                 76      cpu-migrations                                              
    36.113767661      4,589,323,455      L1-dcache-loads                                               (36.12%)
    36.113767661        348,229,945      L1-dcache-load-misses     #    7.59% of all L1-dcache accesses  (35.85%)
    36.113767661    <not supported>      L1-icache-loads                                             
    36.113767661        389,179,977      L1-icache-load-misses                                         (35.81%)
    36.113767661        140,792,682      LLC-loads                                                     (35.99%)
    36.113767661         43,019,620      LLC-load-misses           #   30.56% of all LL-cache accesses  (36.35%)
    36.113767661         71,843,841      LLC-stores                                                    (18.35%)
    36.113767661         23,920,918      LLC-store-misses                                              (18.35%)
    36.113767661      4,593,218,124      dTLB-loads                                                    (27.53%)
    36.113767661             64,192      dTLB-load-misses          #    0.00% of all dTLB cache accesses  (36.70%)
    36.113767661        191,123,849      iTLB-loads                                                    (36.66%)
    36.113767661          2,745,777      iTLB-load-misses          #    1.44% of all iTLB cache accesses  (36.49%)
    36.113767661                 86      page-faults                                                 
    36.113767661                 14      minor-faults                                                
    36.113767661                  3      major-faults                                                
    36.113767661                 86      cpu-migrations                                              
    37.116778495      5,161,756,407      L1-dcache-loads                                               (35.84%)
    37.116778495        439,223,708      L1-dcache-load-misses     #    8.51% of all L1-dcache accesses  (36.09%)
    37.116778495    <not supported>      L1-icache-loads                                             
    37.116778495        575,871,594      L1-icache-load-misses                                         (36.46%)
    37.116778495        143,437,039      LLC-loads                                                     (36.67%)
    37.116778495         45,383,987      LLC-load-misses           #   31.64% of all LL-cache accesses  (36.69%)
    37.116778495         76,702,129      LLC-stores                                                    (18.35%)
    37.116778495         25,499,471      LLC-store-misses                                              (18.35%)
    37.116778495      5,318,051,610      dTLB-loads                                                    (27.46%)
    37.116778495            610,633      dTLB-load-misses          #    0.01% of all dTLB cache accesses  (36.39%)
    37.116778495        229,045,935      iTLB-loads                                                    (36.02%)
    37.116778495         15,760,786      iTLB-load-misses          #    6.88% of all iTLB cache accesses  (35.81%)
    37.116778495             10,070      page-faults                                                 
    37.116778495              9,996      minor-faults                                                
    37.116778495                  4      major-faults                                                
    37.116778495                190      cpu-migrations                                              
    38.119673688      6,384,050,533      L1-dcache-loads                                               (36.55%)
    38.119673688        659,038,110      L1-dcache-load-misses     #   10.32% of all L1-dcache accesses  (36.70%)
    38.119673688    <not supported>      L1-icache-loads                                             
    38.119673688      1,095,159,209      L1-icache-load-misses                                         (36.70%)
    38.119673688        135,507,479      LLC-loads                                                     (36.70%)
    38.119673688         46,529,672      LLC-load-misses           #   34.34% of all LL-cache accesses  (36.69%)
    38.119673688         84,468,478      LLC-stores                                                    (18.23%)
    38.119673688         26,287,887      LLC-store-misses                                              (17.94%)
    38.119673688      6,410,366,591      dTLB-loads                                                    (26.77%)
    38.119673688          2,418,691      dTLB-load-misses          #    0.04% of all dTLB cache accesses  (35.79%)
    38.119673688        286,763,669      iTLB-loads                                                    (35.90%)
    38.119673688         55,073,723      iTLB-load-misses          #   19.21% of all iTLB cache accesses  (36.20%)
    38.119673688                307      page-faults                                                 
    38.119673688                252      minor-faults                                                
    38.119673688                  0      major-faults                                                
    38.119673688                142      cpu-migrations                                              
    39.121765018      5,966,650,791      L1-dcache-loads                                               (36.72%)
    39.121765018        561,353,366      L1-dcache-load-misses     #    9.41% of all L1-dcache accesses  (36.72%)
    39.121765018    <not supported>      L1-icache-loads                                             
    39.121765018      1,001,409,313      L1-icache-load-misses                                         (36.68%)
    39.121765018        113,640,491      LLC-loads                                                     (36.49%)
    39.121765018         37,790,019      LLC-load-misses           #   33.25% of all LL-cache accesses  (36.12%)
    39.121765018         73,625,203      LLC-stores                                                    (17.70%)
    39.121765018         19,630,377      LLC-store-misses                                              (17.98%)
    39.121765018      5,958,451,403      dTLB-loads                                                    (27.16%)
    39.121765018          2,805,262      dTLB-load-misses          #    0.05% of all dTLB cache accesses  (36.34%)
    39.121765018        205,115,728      iTLB-loads                                                    (36.63%)
    39.121765018         49,169,457      iTLB-load-misses          #   23.97% of all iTLB cache accesses  (36.72%)
    39.121765018                134      page-faults                                                 
    39.121765018                 99      minor-faults                                                
    39.121765018                  0      major-faults                                                
    39.121765018                 84      cpu-migrations                                              
    40.124890039      5,602,207,677      L1-dcache-loads                                               (36.63%)
    40.124890039        503,760,476      L1-dcache-load-misses     #    8.99% of all L1-dcache accesses  (36.38%)
    40.124890039    <not supported>      L1-icache-loads                                             
    40.124890039        944,041,007      L1-icache-load-misses                                         (36.02%)
    40.124890039        110,403,311      LLC-loads                                                     (35.81%)
    40.124890039         38,709,554      LLC-load-misses           #   35.06% of all LL-cache accesses  (35.86%)
    40.124890039         71,914,158      LLC-stores                                                    (18.33%)
    40.124890039         22,084,928      LLC-store-misses                                              (18.34%)
    40.124890039      5,576,106,624      dTLB-loads                                                    (27.51%)
    40.124890039          3,280,798      dTLB-load-misses          #    0.06% of all dTLB cache accesses  (36.69%)
    40.124890039        124,583,668      iTLB-loads                                                    (36.69%)
    40.124890039         48,312,292      iTLB-load-misses          #   38.78% of all iTLB cache accesses  (36.69%)
    40.124890039                246      page-faults                                                 
    40.124890039                212      minor-faults                                                
    40.124890039                  0      major-faults                                                
    40.124890039                100      cpu-migrations                                              
    41.127890971      5,500,476,160      L1-dcache-loads                                               (35.94%)
    41.127890971        488,469,324      L1-dcache-load-misses     #    8.88% of all L1-dcache accesses  (35.80%)
    41.127890971    <not supported>      L1-icache-loads                                             
    41.127890971        921,586,546      L1-icache-load-misses                                         (35.90%)
    41.127890971        111,468,534      LLC-loads                                                     (36.20%)
    41.127890971         39,350,079      LLC-load-misses           #   35.30% of all LL-cache accesses  (36.54%)
    41.127890971         72,662,829      LLC-stores                                                    (18.34%)
    41.127890971         22,763,606      LLC-store-misses                                              (18.34%)
    41.127890971      5,501,191,284      dTLB-loads                                                    (27.52%)
    41.127890971          3,410,433      dTLB-load-misses          #    0.06% of all dTLB cache accesses  (36.68%)
    41.127890971        109,377,297      iTLB-loads                                                    (36.58%)
    41.127890971         48,765,412      iTLB-load-misses          #   44.58% of all iTLB cache accesses  (36.28%)
    41.127890971                330      page-faults                                                 
    41.127890971                291      minor-faults                                                
    41.127890971                  4      major-faults                                                
    41.127890971                107      cpu-migrations                                              
    42.129777270      5,444,066,311      L1-dcache-loads                                               (35.95%)
    42.129777270        476,595,795      L1-dcache-load-misses     #    8.75% of all L1-dcache accesses  (36.33%)
    42.129777270    <not supported>      L1-icache-loads                                             
    42.129777270        919,540,113      L1-icache-load-misses                                         (36.63%)
    42.129777270        113,038,510      LLC-loads                                                     (36.73%)
    42.129777270         39,631,331      LLC-load-misses           #   35.06% of all LL-cache accesses  (36.73%)
    42.129777270         74,073,749      LLC-stores                                                    (18.37%)
    42.129777270         23,710,754      LLC-store-misses                                              (18.33%)
    42.129777270      5,507,057,199      dTLB-loads                                                    (27.31%)
    42.129777270          3,576,271      dTLB-load-misses          #    0.06% of all dTLB cache accesses  (36.12%)
    42.129777270         88,181,086      iTLB-loads                                                    (35.82%)
    42.129777270         49,093,482      iTLB-load-misses          #   55.67% of all iTLB cache accesses  (35.76%)
    42.129777270              7,533      page-faults                                                 
    42.129777270              7,496      minor-faults                                                
    42.129777270                  0      major-faults                                                
    42.129777270                171      cpu-migrations                                              
    43.132521349      5,398,268,777      L1-dcache-loads                                               (36.68%)
    43.132521349        474,640,887      L1-dcache-load-misses     #    8.79% of all L1-dcache accesses  (36.70%)
    43.132521349    <not supported>      L1-icache-loads                                             
    43.132521349        919,139,149      L1-icache-load-misses                                         (36.70%)
    43.132521349        110,149,123      LLC-loads                                                     (36.70%)
    43.132521349         38,921,798      LLC-load-misses           #   35.34% of all LL-cache accesses  (36.62%)
    43.132521349         72,786,748      LLC-stores                                                    (18.01%)
    43.132521349         22,980,873      LLC-store-misses                                              (17.72%)
    43.132521349      5,380,589,800      dTLB-loads                                                    (26.69%)
    43.132521349          4,036,194      dTLB-load-misses          #    0.08% of all dTLB cache accesses  (35.85%)
    43.132521349         81,870,630      iTLB-loads                                                    (36.12%)
    43.132521349         48,054,284      iTLB-load-misses          #   58.70% of all iTLB cache accesses  (36.48%)
    43.132521349             26,980      page-faults                                                 
    43.132521349             26,964      minor-faults                                                
    43.132521349                  0      major-faults                                                
    43.132521349                128      cpu-migrations                                              
    44.135335748      5,328,771,645      L1-dcache-loads                                               (36.66%)
    44.135335748        434,024,201      L1-dcache-load-misses     #    8.14% of all L1-dcache accesses  (36.50%)
    44.135335748    <not supported>      L1-icache-loads                                             
    44.135335748        890,073,001      L1-icache-load-misses                                         (36.30%)
    44.135335748         88,626,785      LLC-loads                                                     (36.07%)
    44.135335748         20,232,428      LLC-load-misses           #   22.83% of all LL-cache accesses  (35.86%)
    44.135335748         64,491,869      LLC-stores                                                    (18.01%)
    44.135335748          8,736,957      LLC-store-misses                                              (18.29%)
    44.135335748      5,342,706,007      dTLB-loads                                                    (27.48%)
    44.135335748          3,926,149      dTLB-load-misses          #    0.07% of all dTLB cache accesses  (36.67%)
    44.135335748         84,901,925      iTLB-loads                                                    (36.75%)
    44.135335748         39,525,937      iTLB-load-misses          #   46.55% of all iTLB cache accesses  (36.71%)
    44.135335748                893      page-faults                                                 
    44.135335748                876      minor-faults                                                
    44.135335748                  0      major-faults                                                
    44.135335748                 62      cpu-migrations                                              
