#           time             counts unit events
     1.000107331      5,356,492,180      L1-dcache-loads                                               (35.81%)
     1.000107331        599,332,958      L1-dcache-load-misses     #   11.19% of all L1-dcache accesses  (35.82%)
     1.000107331    <not supported>      L1-icache-loads                                             
     1.000107331        595,859,805      L1-icache-load-misses                                         (36.09%)
     1.000107331        144,936,765      LLC-loads                                                     (36.49%)
     1.000107331         46,552,364      LLC-load-misses           #   32.12% of all LL-cache accesses  (36.68%)
     1.000107331         77,718,878      LLC-stores                                                    (18.34%)
     1.000107331         25,120,110      LLC-store-misses                                              (18.34%)
     1.000107331      5,318,283,721      dTLB-loads                                                    (27.51%)
     1.000107331          4,820,495      dTLB-load-misses          #    0.09% of all dTLB cache accesses  (36.68%)
     1.000107331         94,161,182      iTLB-loads                                                    (36.40%)
     1.000107331          4,916,617      iTLB-load-misses          #    5.22% of all iTLB cache accesses  (36.00%)
     1.000107331            181,028      page-faults                                                 
     1.000107331            180,402      minor-faults                                                
     1.000107331                494      major-faults                                                
     1.000107331              3,774      cpu-migrations                                              
     2.011136193      6,619,632,368      L1-dcache-loads                                               (36.31%)
     2.011136193        501,522,495      L1-dcache-load-misses     #    7.58% of all L1-dcache accesses  (36.35%)
     2.011136193    <not supported>      L1-icache-loads                                             
     2.011136193        562,844,241      L1-icache-load-misses                                         (36.40%)
     2.011136193        166,854,780      LLC-loads                                                     (36.40%)
     2.011136193         53,692,875      LLC-load-misses           #   32.18% of all LL-cache accesses  (36.40%)
     2.011136193         67,556,390      LLC-stores                                                    (18.20%)
     2.011136193         25,233,877      LLC-store-misses                                              (18.20%)
     2.011136193      6,571,789,835      dTLB-loads                                                    (27.30%)
     2.011136193            792,922      dTLB-load-misses          #    0.01% of all dTLB cache accesses  (36.35%)
     2.011136193        181,563,756      iTLB-loads                                                    (36.31%)
     2.011136193            401,392      iTLB-load-misses          #    0.22% of all iTLB cache accesses  (36.31%)
     2.011136193             20,645      page-faults                                                 
     2.011136193             20,570      minor-faults                                                
     2.011136193                  2      major-faults                                                
     2.011136193                113      cpu-migrations                                              
     3.014222072      4,530,359,179      L1-dcache-loads                                               (36.26%)
     3.014222072        379,348,294      L1-dcache-load-misses     #    8.37% of all L1-dcache accesses  (36.61%)
     3.014222072    <not supported>      L1-icache-loads                                             
     3.014222072        430,083,306      L1-icache-load-misses                                         (36.69%)
     3.014222072        167,097,797      LLC-loads                                                     (36.69%)
     3.014222072         54,919,854      LLC-load-misses           #   32.87% of all LL-cache accesses  (36.69%)
     3.014222072         69,168,922      LLC-stores                                                    (18.34%)
     3.014222072         25,602,574      LLC-store-misses                                              (18.23%)
     3.014222072      4,549,378,691      dTLB-loads                                                    (27.05%)
     3.014222072          1,941,936      dTLB-load-misses          #    0.04% of all dTLB cache accesses  (35.87%)
     3.014222072        156,702,784      iTLB-loads                                                    (35.79%)
     3.014222072            256,746      iTLB-load-misses          #    0.16% of all iTLB cache accesses  (35.91%)
     3.014222072             80,543      page-faults                                                 
     3.014222072             80,434      minor-faults                                                
     3.014222072                  0      major-faults                                                
     3.014222072                 81      cpu-migrations                                              
     4.017095649      4,833,535,862      L1-dcache-loads                                               (36.70%)
     4.017095649        391,079,094      L1-dcache-load-misses     #    8.09% of all L1-dcache accesses  (36.70%)
     4.017095649    <not supported>      L1-icache-loads                                             
     4.017095649        438,601,850      L1-icache-load-misses                                         (36.70%)
     4.017095649        164,211,362      LLC-loads                                                     (36.70%)
     4.017095649         54,131,814      LLC-load-misses           #   32.96% of all LL-cache accesses  (36.50%)
     4.017095649         68,429,976      LLC-stores                                                    (17.76%)
     4.017095649         24,818,038      LLC-store-misses                                              (17.68%)
     4.017095649      4,860,310,688      dTLB-loads                                                    (26.80%)
     4.017095649          1,326,459      dTLB-load-misses          #    0.03% of all dTLB cache accesses  (35.98%)
     4.017095649        170,178,932      iTLB-loads                                                    (36.37%)
     4.017095649            237,025      iTLB-load-misses          #    0.14% of all iTLB cache accesses  (36.65%)
     4.017095649             62,685      page-faults                                                 
     4.017095649             62,617      minor-faults                                                
     4.017095649                  0      major-faults                                                
     4.017095649                 79      cpu-migrations                                              
     5.020098348      4,749,876,591      L1-dcache-loads                                               (36.69%)
     5.020098348        357,102,401      L1-dcache-load-misses     #    7.52% of all L1-dcache accesses  (36.68%)
     5.020098348    <not supported>      L1-icache-loads                                             
     5.020098348        411,473,993      L1-icache-load-misses                                         (36.41%)
     5.020098348        145,167,239      LLC-loads                                                     (36.01%)
     5.020098348         48,195,634      LLC-load-misses           #   33.20% of all LL-cache accesses  (35.81%)
     5.020098348         70,496,800      LLC-stores                                                    (18.13%)
     5.020098348         25,862,262      LLC-store-misses                                              (18.33%)
     5.020098348      4,730,306,739      dTLB-loads                                                    (27.51%)
     5.020098348            199,794      dTLB-load-misses          #    0.00% of all dTLB cache accesses  (36.68%)
     5.020098348        168,804,766      iTLB-loads                                                    (36.69%)
     5.020098348            161,851      iTLB-load-misses          #    0.10% of all iTLB cache accesses  (36.69%)
     5.020098348              1,843      page-faults                                                 
     5.020098348              1,775      minor-faults                                                
     5.020098348                  3      major-faults                                                
     5.020098348                 80      cpu-migrations                                              
     6.023306284      4,803,486,982      L1-dcache-loads                                               (36.32%)
     6.023306284        370,201,945      L1-dcache-load-misses     #    7.71% of all L1-dcache accesses  (35.92%)
     6.023306284    <not supported>      L1-icache-loads                                             
     6.023306284        403,760,667      L1-icache-load-misses                                         (35.80%)
     6.023306284        154,563,295      LLC-loads                                                     (35.85%)
     6.023306284         51,021,426      LLC-load-misses           #   33.01% of all LL-cache accesses  (36.17%)
     6.023306284         70,347,607      LLC-stores                                                    (18.34%)
     6.023306284         26,288,544      LLC-store-misses                                              (18.34%)
     6.023306284      4,778,809,225      dTLB-loads                                                    (27.51%)
     6.023306284            484,102      dTLB-load-misses          #    0.01% of all dTLB cache accesses  (36.68%)
     6.023306284        167,258,054      iTLB-loads                                                    (36.68%)
     6.023306284            200,033      iTLB-load-misses          #    0.12% of all iTLB cache accesses  (36.64%)
     6.023306284              1,076      page-faults                                                 
     6.023306284                969      minor-faults                                                
     6.023306284                  2      major-faults                                                
     6.023306284                 95      cpu-migrations                                              
     7.026191551      4,631,578,119      L1-dcache-loads                                               (35.79%)
     7.026191551        380,205,405      L1-dcache-load-misses     #    8.21% of all L1-dcache accesses  (35.91%)
     7.026191551    <not supported>      L1-icache-loads                                             
     7.026191551        386,341,325      L1-icache-load-misses                                         (36.26%)
     7.026191551        175,927,125      LLC-loads                                                     (36.61%)
     7.026191551         56,228,787      LLC-load-misses           #   31.96% of all LL-cache accesses  (36.69%)
     7.026191551         68,472,368      LLC-stores                                                    (18.35%)
     7.026191551         25,540,944      LLC-store-misses                                              (18.35%)
     7.026191551      4,668,260,144      dTLB-loads                                                    (27.52%)
     7.026191551            660,078      dTLB-load-misses          #    0.01% of all dTLB cache accesses  (36.57%)
     7.026191551        163,305,839      iTLB-loads                                                    (36.22%)
     7.026191551            933,789      iTLB-load-misses          #    0.57% of all iTLB cache accesses  (35.87%)
     7.026191551              1,893      page-faults                                                 
     7.026191551              1,820      minor-faults                                                
     7.026191551                  2      major-faults                                                
     7.026191551                111      cpu-migrations                                              
     8.029095549      5,430,291,383      L1-dcache-loads                                               (36.37%)
     8.029095549        363,798,448      L1-dcache-load-misses     #    6.70% of all L1-dcache accesses  (36.65%)
     8.029095549    <not supported>      L1-icache-loads                                             
     8.029095549        423,591,366      L1-icache-load-misses                                         (36.69%)
     8.029095549        137,548,992      LLC-loads                                                     (36.69%)
     8.029095549         42,036,817      LLC-load-misses           #   30.56% of all LL-cache accesses  (36.69%)
     8.029095549         74,973,551      LLC-stores                                                    (18.35%)
     8.029095549         27,648,307      LLC-store-misses                                              (18.15%)
     8.029095549      5,400,552,173      dTLB-loads                                                    (26.94%)
     8.029095549            161,702      dTLB-load-misses          #    0.00% of all dTLB cache accesses  (35.83%)
     8.029095549        184,119,743      iTLB-loads                                                    (35.79%)
     8.029095549          1,585,544      iTLB-load-misses          #    0.86% of all iTLB cache accesses  (35.98%)
     8.029095549              8,724      page-faults                                                 
     8.029095549              8,623      minor-faults                                                
     8.029095549                  0      major-faults                                                
     8.029095549                161      cpu-migrations                                              
     9.032111695      5,310,519,980      L1-dcache-loads                                               (36.69%)
     9.032111695        355,719,064      L1-dcache-load-misses     #    6.70% of all L1-dcache accesses  (36.69%)
     9.032111695    <not supported>      L1-icache-loads                                             
     9.032111695        407,792,855      L1-icache-load-misses                                         (36.69%)
     9.032111695        137,644,440      LLC-loads                                                     (36.68%)
     9.032111695         41,977,164      LLC-load-misses           #   30.50% of all LL-cache accesses  (36.41%)
     9.032111695         74,951,799      LLC-stores                                                    (17.67%)
     9.032111695         27,479,135      LLC-store-misses                                              (17.74%)
     9.032111695      5,331,173,328      dTLB-loads                                                    (26.90%)
     9.032111695            104,340      dTLB-load-misses          #    0.00% of all dTLB cache accesses  (36.08%)
     9.032111695        183,529,446      iTLB-loads                                                    (36.47%)
     9.032111695          1,472,731      iTLB-load-misses          #    0.80% of all iTLB cache accesses  (36.68%)
     9.032111695                163      page-faults                                                 
     9.032111695                 66      minor-faults                                                
     9.032111695                  0      major-faults                                                
     9.032111695                 89      cpu-migrations                                              
    10.035130264      5,342,716,953      L1-dcache-loads                                               (36.69%)
    10.035130264        355,000,148      L1-dcache-load-misses     #    6.64% of all L1-dcache accesses  (36.63%)
    10.035130264    <not supported>      L1-icache-loads                                             
    10.035130264        398,210,195      L1-icache-load-misses                                         (36.31%)
    10.035130264        136,919,295      LLC-loads                                                     (35.92%)
    10.035130264         41,642,018      LLC-load-misses           #   30.41% of all LL-cache accesses  (35.80%)
    10.035130264         75,466,898      LLC-stores                                                    (18.22%)
    10.035130264         27,540,677      LLC-store-misses                                              (18.34%)
    10.035130264      5,341,945,318      dTLB-loads                                                    (27.52%)
    10.035130264            100,955      dTLB-load-misses          #    0.00% of all dTLB cache accesses  (36.69%)
    10.035130264        184,564,033      iTLB-loads                                                    (36.69%)
    10.035130264          1,399,351      iTLB-load-misses          #    0.76% of all iTLB cache accesses  (36.69%)
    10.035130264                143      page-faults                                                 
    10.035130264                 71      minor-faults                                                
    10.035130264                  0      major-faults                                                
    10.035130264                 76      cpu-migrations                                              
    11.046137592      5,397,819,427      L1-dcache-loads                                               (36.40%)
    11.046137592        359,477,952      L1-dcache-load-misses     #    6.66% of all L1-dcache accesses  (36.33%)
    11.046137592    <not supported>      L1-icache-loads                                             
    11.046137592        407,601,625      L1-icache-load-misses                                         (36.30%)
    11.046137592        137,890,136      LLC-loads                                                     (36.30%)
    11.046137592         42,105,032      LLC-load-misses           #   30.54% of all LL-cache accesses  (36.30%)
    11.046137592         75,898,817      LLC-stores                                                    (18.20%)
    11.046137592         27,713,637      LLC-store-misses                                              (18.20%)
    11.046137592      5,384,331,318      dTLB-loads                                                    (27.30%)
    11.046137592            109,115      dTLB-load-misses          #    0.00% of all dTLB cache accesses  (36.40%)
    11.046137592        186,347,524      iTLB-loads                                                    (36.40%)
    11.046137592          1,418,317      iTLB-load-misses          #    0.76% of all iTLB cache accesses  (36.40%)
    11.046137592                426      page-faults                                                 
    11.046137592                322      minor-faults                                                
    11.046137592                  0      major-faults                                                
    11.046137592                 98      cpu-migrations                                              
    12.049094203      5,326,815,765      L1-dcache-loads                                               (36.11%)
    12.049094203        358,155,447      L1-dcache-load-misses     #    6.72% of all L1-dcache accesses  (35.83%)
    12.049094203    <not supported>      L1-icache-loads                                             
    12.049094203        399,269,978      L1-icache-load-misses                                         (35.79%)
    12.049094203        139,100,285      LLC-loads                                                     (35.98%)
    12.049094203         42,563,268      LLC-load-misses           #   30.60% of all LL-cache accesses  (36.37%)
    12.049094203         75,108,868      LLC-stores                                                    (18.35%)
    12.049094203         27,565,663      LLC-store-misses                                              (18.35%)
    12.049094203      5,343,215,100      dTLB-loads                                                    (27.52%)
    12.049094203            102,303      dTLB-load-misses          #    0.00% of all dTLB cache accesses  (36.69%)
    12.049094203        183,751,673      iTLB-loads                                                    (36.69%)
    12.049094203          1,508,642      iTLB-load-misses          #    0.82% of all iTLB cache accesses  (36.50%)
    12.049094203                153      page-faults                                                 
    12.049094203                 55      minor-faults                                                
    12.049094203                  0      major-faults                                                
    12.049094203                 90      cpu-migrations                                              
    13.052104060      5,361,852,980      L1-dcache-loads                                               (35.80%)
    13.052104060        359,689,150      L1-dcache-load-misses     #    6.71% of all L1-dcache accesses  (36.08%)
    13.052104060    <not supported>      L1-icache-loads                                             
    13.052104060        410,402,360      L1-icache-load-misses                                         (36.48%)
    13.052104060        136,702,796      LLC-loads                                                     (36.68%)
    13.052104060         41,589,297      LLC-load-misses           #   30.42% of all LL-cache accesses  (36.69%)
    13.052104060         75,008,310      LLC-stores                                                    (18.34%)
    13.052104060         27,637,857      LLC-store-misses                                              (18.34%)
    13.052104060      5,362,660,987      dTLB-loads                                                    (27.51%)
    13.052104060            669,630      dTLB-load-misses          #    0.01% of all dTLB cache accesses  (36.41%)
    13.052104060        184,853,069      iTLB-loads                                                    (36.01%)
    13.052104060          1,391,303      iTLB-load-misses          #    0.75% of all iTLB cache accesses  (35.80%)
    13.052104060             26,546      page-faults                                                 
    13.052104060             26,448      minor-faults                                                
    13.052104060                  0      major-faults                                                
    13.052104060                 87      cpu-migrations                                              
    14.055111053      5,381,536,291      L1-dcache-loads                                               (36.57%)
    14.055111053        355,553,430      L1-dcache-load-misses     #    6.61% of all L1-dcache accesses  (36.69%)
    14.055111053    <not supported>      L1-icache-loads                                             
    14.055111053        400,129,809      L1-icache-load-misses                                         (36.69%)
    14.055111053        135,795,676      LLC-loads                                                     (36.69%)
    14.055111053         41,288,062      LLC-load-misses           #   30.40% of all LL-cache accesses  (36.69%)
    14.055111053         74,902,801      LLC-stores                                                    (18.29%)
    14.055111053         27,594,346      LLC-store-misses                                              (17.96%)
    14.055111053      5,357,998,792      dTLB-loads                                                    (26.74%)
    14.055111053            137,203      dTLB-load-misses          #    0.00% of all dTLB cache accesses  (35.79%)
    14.055111053        185,297,301      iTLB-loads                                                    (35.85%)
    14.055111053          1,435,040      iTLB-load-misses          #    0.77% of all iTLB cache accesses  (36.17%)
    14.055111053                451      page-faults                                                 
    14.055111053                387      minor-faults                                                
    14.055111053                  0      major-faults                                                
    14.055111053                 89      cpu-migrations                                              
    15.058204429      5,367,149,045      L1-dcache-loads                                               (36.69%)
    15.058204429        359,351,724      L1-dcache-load-misses     #    6.70% of all L1-dcache accesses  (36.69%)
    15.058204429    <not supported>      L1-icache-loads                                             
    15.058204429        413,372,549      L1-icache-load-misses                                         (36.69%)
    15.058204429        135,908,317      LLC-loads                                                     (36.57%)
    15.058204429         41,692,114      LLC-load-misses           #   30.68% of all LL-cache accesses  (36.22%)
    15.058204429         75,052,408      LLC-stores                                                    (17.65%)
    15.058204429         27,650,235      LLC-store-misses                                              (17.93%)
    15.058204429      5,357,418,128      dTLB-loads                                                    (27.10%)
    15.058204429            505,209      dTLB-load-misses          #    0.01% of all dTLB cache accesses  (36.27%)
    15.058204429        185,059,063      iTLB-loads                                                    (36.61%)
    15.058204429          1,518,391      iTLB-load-misses          #    0.82% of all iTLB cache accesses  (36.69%)
    15.058204429             24,474      page-faults                                                 
    15.058204429             24,373      minor-faults                                                
    15.058204429                  0      major-faults                                                
    15.058204429                 76      cpu-migrations                                              
    16.061094944      5,361,220,664      L1-dcache-loads                                               (36.69%)
    16.061094944        370,140,112      L1-dcache-load-misses     #    6.90% of all L1-dcache accesses  (36.50%)
    16.061094944    <not supported>      L1-icache-loads                                             
    16.061094944        442,291,061      L1-icache-load-misses                                         (36.11%)
    16.061094944        137,276,763      LLC-loads                                                     (35.83%)
    16.061094944         42,025,200      LLC-load-misses           #   30.61% of all LL-cache accesses  (35.79%)
    16.061094944         75,231,428      LLC-stores                                                    (18.30%)
    16.061094944         27,637,428      LLC-store-misses                                              (18.35%)
    16.061094944      5,323,591,637      dTLB-loads                                                    (27.52%)
    16.061094944          2,889,383      dTLB-load-misses          #    0.05% of all dTLB cache accesses  (36.69%)
    16.061094944        182,925,619      iTLB-loads                                                    (36.69%)
    16.061094944          2,472,024      iTLB-load-misses          #    1.35% of all iTLB cache accesses  (36.69%)
    16.061094944            104,277      page-faults                                                 
    16.061094944            104,167      minor-faults                                                
    16.061094944                  5      major-faults                                                
    16.061094944                124      cpu-migrations                                              
    17.064103334      5,346,932,860      L1-dcache-loads                                               (36.01%)
    17.064103334        357,245,568      L1-dcache-load-misses     #    6.68% of all L1-dcache accesses  (35.80%)
    17.064103334    <not supported>      L1-icache-loads                                             
    17.064103334        401,865,736      L1-icache-load-misses                                         (35.80%)
    17.064103334        138,569,306      LLC-loads                                                     (36.07%)
    17.064103334         42,258,219      LLC-load-misses           #   30.50% of all LL-cache accesses  (36.47%)
    17.064103334         75,023,463      LLC-stores                                                    (18.34%)
    17.064103334         27,590,981      LLC-store-misses                                              (18.34%)
    17.064103334      5,344,682,516      dTLB-loads                                                    (27.52%)
    17.064103334            113,036      dTLB-load-misses          #    0.00% of all dTLB cache accesses  (36.69%)
    17.064103334        184,544,278      iTLB-loads                                                    (36.69%)
    17.064103334          1,513,784      iTLB-load-misses          #    0.82% of all iTLB cache accesses  (36.41%)
    17.064103334                480      page-faults                                                 
    17.064103334                412      minor-faults                                                
    17.064103334                  0      major-faults                                                
    17.064103334                103      cpu-migrations                                              
    18.067144513      5,498,498,814      L1-dcache-loads                                               (35.85%)
    18.067144513        364,973,014      L1-dcache-load-misses     #    6.64% of all L1-dcache accesses  (36.17%)
    18.067144513    <not supported>      L1-icache-loads                                             
    18.067144513        426,738,155      L1-icache-load-misses                                         (36.57%)
    18.067144513        136,124,624      LLC-loads                                                     (36.69%)
    18.067144513         41,480,662      LLC-load-misses           #   30.47% of all LL-cache accesses  (36.69%)
    18.067144513         75,374,574      LLC-stores                                                    (18.34%)
    18.067144513         27,755,272      LLC-store-misses                                              (18.34%)
    18.067144513      5,421,789,938      dTLB-loads                                                    (27.46%)
    18.067144513            197,511      dTLB-load-misses          #    0.00% of all dTLB cache accesses  (36.31%)
    18.067144513        183,937,491      iTLB-loads                                                    (35.92%)
    18.067144513          1,602,745      iTLB-load-misses          #    0.87% of all iTLB cache accesses  (35.80%)
    18.067144513              7,789      page-faults                                                 
    18.067144513              7,686      minor-faults                                                
    18.067144513                  0      major-faults                                                
    18.067144513                152      cpu-migrations                                              
    19.070206642      5,361,583,142      L1-dcache-loads                                               (36.61%)
    19.070206642        349,872,253      L1-dcache-load-misses     #    6.53% of all L1-dcache accesses  (36.69%)
    19.070206642    <not supported>      L1-icache-loads                                             
    19.070206642        401,166,219      L1-icache-load-misses                                         (36.69%)
    19.070206642        134,801,460      LLC-loads                                                     (36.69%)
    19.070206642         41,076,391      LLC-load-misses           #   30.47% of all LL-cache accesses  (36.69%)
    19.070206642         74,128,213      LLC-stores                                                    (18.23%)
    19.070206642         27,459,863      LLC-store-misses                                              (17.87%)
    19.070206642      5,339,941,145      dTLB-loads                                                    (26.70%)
    19.070206642            107,771      dTLB-load-misses          #    0.00% of all dTLB cache accesses  (35.80%)
    19.070206642        185,363,074      iTLB-loads                                                    (35.91%)
    19.070206642          1,348,385      iTLB-load-misses          #    0.73% of all iTLB cache accesses  (36.27%)
    19.070206642                162      page-faults                                                 
    19.070206642                 63      minor-faults                                                
    19.070206642                  0      major-faults                                                
    19.070206642                 59      cpu-migrations                                              
    20.073094654      5,343,902,962      L1-dcache-loads                                               (36.69%)
    20.073094654        353,317,057      L1-dcache-load-misses     #    6.61% of all L1-dcache accesses  (36.70%)
    20.073094654    <not supported>      L1-icache-loads                                             
    20.073094654        401,330,695      L1-icache-load-misses                                         (36.69%)
    20.073094654        136,975,105      LLC-loads                                                     (36.50%)
    20.073094654         42,232,954      LLC-load-misses           #   30.83% of all LL-cache accesses  (36.11%)
    20.073094654         74,945,806      LLC-stores                                                    (17.68%)
    20.073094654         27,640,361      LLC-store-misses                                              (18.02%)
    20.073094654      5,357,717,782      dTLB-loads                                                    (27.19%)
    20.073094654            100,104      dTLB-load-misses          #    0.00% of all dTLB cache accesses  (36.37%)
    20.073094654        184,550,764      iTLB-loads                                                    (36.65%)
    20.073094654          1,427,425      iTLB-load-misses          #    0.77% of all iTLB cache accesses  (36.69%)
    20.073094654                150      page-faults                                                 
    20.073094654                 50      minor-faults                                                
    20.073094654                  0      major-faults                                                
    20.073094654                 66      cpu-migrations                                              
    21.076107227      5,371,714,170      L1-dcache-loads                                               (36.68%)
    21.076107227        355,275,699      L1-dcache-load-misses     #    6.61% of all L1-dcache accesses  (36.41%)
    21.076107227    <not supported>      L1-icache-loads                                             
    21.076107227        403,011,006      L1-icache-load-misses                                         (36.01%)
    21.076107227        136,849,980      LLC-loads                                                     (35.80%)
    21.076107227         42,064,135      LLC-load-misses           #   30.74% of all LL-cache accesses  (35.80%)
    21.076107227         74,823,828      LLC-stores                                                    (18.33%)
    21.076107227         27,558,585      LLC-store-misses                                              (18.34%)
    21.076107227      5,348,543,946      dTLB-loads                                                    (27.52%)
    21.076107227             80,746      dTLB-load-misses          #    0.00% of all dTLB cache accesses  (36.69%)
    21.076107227        185,355,256      iTLB-loads                                                    (36.69%)
    21.076107227          1,431,408      iTLB-load-misses          #    0.77% of all iTLB cache accesses  (36.69%)
    21.076107227                162      page-faults                                                 
    21.076107227                 89      minor-faults                                                
    21.076107227                  4      major-faults                                                
    21.076107227                 78      cpu-migrations                                              
    22.079113089      5,336,005,305      L1-dcache-loads                                               (35.92%)
    22.079113089        351,581,366      L1-dcache-load-misses     #    6.59% of all L1-dcache accesses  (35.79%)
    22.079113089    <not supported>      L1-icache-loads                                             
    22.079113089        397,012,955      L1-icache-load-misses                                         (35.85%)
    22.079113089        136,738,394      LLC-loads                                                     (36.17%)
    22.079113089         41,948,953      LLC-load-misses           #   30.68% of all LL-cache accesses  (36.57%)
    22.079113089         74,754,032      LLC-stores                                                    (18.34%)
    22.079113089         27,520,765      LLC-store-misses                                              (18.34%)
    22.079113089      5,345,408,470      dTLB-loads                                                    (27.52%)
    22.079113089             95,965      dTLB-load-misses          #    0.00% of all dTLB cache accesses  (36.69%)
    22.079113089        185,369,818      iTLB-loads                                                    (36.63%)
    22.079113089          1,344,701      iTLB-load-misses          #    0.73% of all iTLB cache accesses  (36.31%)
    22.079113089                147      page-faults                                                 
    22.079113089                 45      minor-faults                                                
    22.079113089                  0      major-faults                                                
    22.079113089                 78      cpu-migrations                                              
    23.082194834      5,737,457,020      L1-dcache-loads                                               (35.92%)
    23.082194834        442,910,229      L1-dcache-load-misses     #    7.72% of all L1-dcache accesses  (36.27%)
    23.082194834    <not supported>      L1-icache-loads                                             
    23.082194834        593,200,277      L1-icache-load-misses                                         (36.61%)
    23.082194834        139,520,480      LLC-loads                                                     (36.69%)
    23.082194834         45,011,516      LLC-load-misses           #   32.26% of all LL-cache accesses  (36.69%)
    23.082194834         78,624,144      LLC-stores                                                    (18.34%)
    23.082194834         28,251,958      LLC-store-misses                                              (18.34%)
    23.082194834      5,766,492,722      dTLB-loads                                                    (27.39%)
    23.082194834            375,362      dTLB-load-misses          #    0.01% of all dTLB cache accesses  (36.21%)
    23.082194834        230,512,240      iTLB-loads                                                    (35.87%)
    23.082194834         12,873,066      iTLB-load-misses          #    5.58% of all iTLB cache accesses  (35.79%)
    23.082194834              2,755      page-faults                                                 
    23.082194834              2,656      minor-faults                                                
    23.082194834                  0      major-faults                                                
    23.082194834                115      cpu-migrations                                              
    24.085101377      6,773,395,284      L1-dcache-loads                                               (36.65%)
    24.085101377        640,831,959      L1-dcache-load-misses     #    9.46% of all L1-dcache accesses  (36.70%)
    24.085101377    <not supported>      L1-icache-loads                                             
    24.085101377      1,166,319,770      L1-icache-load-misses                                         (36.70%)
    24.085101377        132,928,896      LLC-loads                                                     (36.70%)
    24.085101377         46,689,247      LLC-load-misses           #   35.12% of all LL-cache accesses  (36.70%)
    24.085101377         78,928,036      LLC-stores                                                    (18.14%)
    24.085101377         26,829,823      LLC-store-misses                                              (17.75%)
    24.085101377      6,737,420,695      dTLB-loads                                                    (26.65%)
    24.085101377          2,036,009      dTLB-load-misses          #    0.03% of all dTLB cache accesses  (35.78%)
    24.085101377        305,456,038      iTLB-loads                                                    (35.99%)
    24.085101377         50,620,692      iTLB-load-misses          #   16.57% of all iTLB cache accesses  (36.37%)
    24.085101377                244      page-faults                                                 
    24.085101377                165      minor-faults                                                
    24.085101377                  0      major-faults                                                
    24.085101377                204      cpu-migrations                                              
    25.087875294      6,779,790,451      L1-dcache-loads                                               (36.70%)
    25.087875294        585,554,252      L1-dcache-load-misses     #    8.64% of all L1-dcache accesses  (36.70%)
    25.087875294    <not supported>      L1-icache-loads                                             
    25.087875294      1,160,557,169      L1-icache-load-misses                                         (36.68%)
    25.087875294        110,186,797      LLC-loads                                                     (36.38%)
    25.087875294         31,398,013      LLC-load-misses           #   28.50% of all LL-cache accesses  (35.99%)
    25.087875294         70,249,571      LLC-stores                                                    (17.76%)
    25.087875294         15,177,396      LLC-store-misses                                              (18.14%)
    25.087875294      6,797,695,939      dTLB-loads                                                    (27.32%)
    25.087875294          2,817,586      dTLB-load-misses          #    0.04% of all dTLB cache accesses  (36.49%)
    25.087875294        260,012,602      iTLB-loads                                                    (36.69%)
    25.087875294         47,358,585      iTLB-load-misses          #   18.21% of all iTLB cache accesses  (36.70%)
    25.087875294             17,589      page-faults                                                 
    25.087875294             17,559      minor-faults                                                
    25.087875294                  0      major-faults                                                
    25.087875294                 87      cpu-migrations                                              
#           time             counts unit events
    26.090833023      6,627,616,521      L1-dcache-loads                                               (36.61%)
    26.090833023        562,185,676      L1-dcache-load-misses     #    8.48% of all L1-dcache accesses  (36.27%)
    26.090833023    <not supported>      L1-icache-loads                                             
    26.090833023      1,139,118,432      L1-icache-load-misses                                         (35.89%)
    26.090833023        103,908,865      LLC-loads                                                     (35.79%)
    26.090833023         26,348,485      LLC-load-misses           #   25.36% of all LL-cache accesses  (35.87%)
    26.090833023         67,105,907      LLC-stores                                                    (18.35%)
    26.090833023         11,180,110      LLC-store-misses                                              (18.35%)
    26.090833023      6,665,048,377      dTLB-loads                                                    (27.52%)
    26.090833023          2,690,530      dTLB-load-misses          #    0.04% of all dTLB cache accesses  (36.69%)
    26.090833023        234,061,420      iTLB-loads                                                    (36.69%)
    26.090833023         44,434,762      iTLB-load-misses          #   18.98% of all iTLB cache accesses  (36.69%)
    26.090833023              9,945      page-faults                                                 
    26.090833023              9,898      minor-faults                                                
    26.090833023                  4      major-faults                                                
    26.090833023                 63      cpu-migrations                                              
