#           time             counts unit events
     1.000078101      5,730,565,141      L1-dcache-loads                                               (35.99%)
     1.000078101        573,556,689      L1-dcache-load-misses     #   10.01% of all L1-dcache accesses  (35.99%)
     1.000078101    <not supported>      L1-icache-loads                                             
     1.000078101        584,336,887      L1-icache-load-misses                                         (36.06%)
     1.000078101        133,498,448      LLC-loads                                                     (36.29%)
     1.000078101         44,291,741      LLC-load-misses           #   33.18% of all LL-cache accesses  (36.58%)
     1.000078101         88,202,103      LLC-stores                                                    (18.29%)
     1.000078101         29,130,727      LLC-store-misses                                              (18.29%)
     1.000078101      5,822,014,320      dTLB-loads                                                    (27.43%)
     1.000078101          5,350,832      dTLB-load-misses          #    0.09% of all dTLB cache accesses  (36.58%)
     1.000078101        110,962,264      iTLB-loads                                                    (36.51%)
     1.000078101          4,010,094      iTLB-load-misses          #    3.61% of all iTLB cache accesses  (36.28%)
     1.000078101            165,082      page-faults                                                 
     1.000078101            164,272      minor-faults                                                
     1.000078101                693      major-faults                                                
     1.000078101              5,440      cpu-migrations                                              
     2.011085570      6,175,254,532      L1-dcache-loads                                               (36.31%)
     2.011085570        513,043,011      L1-dcache-load-misses     #    8.31% of all L1-dcache accesses  (36.31%)
     2.011085570    <not supported>      L1-icache-loads                                             
     2.011085570        552,478,646      L1-icache-load-misses                                         (36.33%)
     2.011085570        155,634,804      LLC-loads                                                     (36.38%)
     2.011085570         52,000,306      LLC-load-misses           #   33.41% of all LL-cache accesses  (36.39%)
     2.011085570         79,450,589      LLC-stores                                                    (18.20%)
     2.011085570         27,285,453      LLC-store-misses                                              (18.20%)
     2.011085570      6,090,958,195      dTLB-loads                                                    (27.29%)
     2.011085570          1,445,935      dTLB-load-misses          #    0.02% of all dTLB cache accesses  (36.39%)
     2.011085570        174,238,208      iTLB-loads                                                    (36.37%)
     2.011085570            824,122      iTLB-load-misses          #    0.47% of all iTLB cache accesses  (36.32%)
     2.011085570             46,496      page-faults                                                 
     2.011085570             46,434      minor-faults                                                
     2.011085570                  2      major-faults                                                
     2.011085570                244      cpu-migrations                                              
     3.014425428      4,472,601,796      L1-dcache-loads                                               (35.94%)
     3.014425428        346,814,586      L1-dcache-load-misses     #    7.75% of all L1-dcache accesses  (36.26%)
     3.014425428    <not supported>      L1-icache-loads                                             
     3.014425428        410,838,623      L1-icache-load-misses                                         (36.57%)
     3.014425428        115,621,991      LLC-loads                                                     (36.68%)
     3.014425428         36,883,892      LLC-load-misses           #   31.90% of all LL-cache accesses  (36.68%)
     3.014425428         67,635,855      LLC-stores                                                    (18.34%)
     3.014425428         22,390,053      LLC-store-misses                                              (18.34%)
     3.014425428      4,444,283,707      dTLB-loads                                                    (27.38%)
     3.014425428          1,667,644      dTLB-load-misses          #    0.04% of all dTLB cache accesses  (36.23%)
     3.014425428        163,949,358      iTLB-loads                                                    (35.92%)
     3.014425428            296,798      iTLB-load-misses          #    0.18% of all iTLB cache accesses  (35.81%)
     3.014425428             69,963      page-faults                                                 
     3.014425428             69,890      minor-faults                                                
     3.014425428                  0      major-faults                                                
     3.014425428                 65      cpu-migrations                                              
     4.017528108      4,119,452,535      L1-dcache-loads                                               (36.61%)
     4.017528108        329,695,845      L1-dcache-load-misses     #    8.00% of all L1-dcache accesses  (36.69%)
     4.017528108    <not supported>      L1-icache-loads                                             
     4.017528108        368,050,307      L1-icache-load-misses                                         (36.69%)
     4.017528108        121,702,172      LLC-loads                                                     (36.69%)
     4.017528108         40,499,819      LLC-load-misses           #   33.28% of all LL-cache accesses  (36.66%)
     4.017528108         63,079,025      LLC-stores                                                    (18.14%)
     4.017528108         22,243,352      LLC-store-misses                                              (17.83%)
     4.017528108      4,145,548,616      dTLB-loads                                                    (26.73%)
     4.017528108          1,520,685      dTLB-load-misses          #    0.04% of all dTLB cache accesses  (35.83%)
     4.017528108        157,177,373      iTLB-loads                                                    (36.00%)
     4.017528108            166,026      iTLB-load-misses          #    0.11% of all iTLB cache accesses  (36.34%)
     4.017528108             52,706      page-faults                                                 
     4.017528108             52,634      minor-faults                                                
     4.017528108                  0      major-faults                                                
     4.017528108                 63      cpu-migrations                                              
     5.020076724      4,342,713,019      L1-dcache-loads                                               (36.71%)
     5.020076724        321,595,608      L1-dcache-load-misses     #    7.41% of all L1-dcache accesses  (36.71%)
     5.020076724    <not supported>      L1-icache-loads                                             
     5.020076724        369,673,839      L1-icache-load-misses                                         (36.64%)
     5.020076724        118,868,780      LLC-loads                                                     (36.41%)
     5.020076724         38,363,697      LLC-load-misses           #   32.27% of all LL-cache accesses  (36.04%)
     5.020076724         64,530,671      LLC-stores                                                    (17.76%)
     5.020076724         21,903,485      LLC-store-misses                                              (18.07%)
     5.020076724      4,319,510,624      dTLB-loads                                                    (27.25%)
     5.020076724            728,404      dTLB-load-misses          #    0.02% of all dTLB cache accesses  (36.43%)
     5.020076724        166,417,125      iTLB-loads                                                    (36.65%)
     5.020076724            189,033      iTLB-load-misses          #    0.11% of all iTLB cache accesses  (36.71%)
     5.020076724             14,866      page-faults                                                 
     5.020076724             14,797      minor-faults                                                
     5.020076724                  0      major-faults                                                
     5.020076724                 72      cpu-migrations                                              
     6.023078494      3,904,433,162      L1-dcache-loads                                               (36.60%)
     6.023078494        329,667,130      L1-dcache-load-misses     #    8.44% of all L1-dcache accesses  (36.30%)
     6.023078494    <not supported>      L1-icache-loads                                             
     6.023078494        327,936,591      L1-icache-load-misses                                         (35.96%)
     6.023078494        141,411,580      LLC-loads                                                     (35.80%)
     6.023078494         45,480,592      LLC-load-misses           #   32.16% of all LL-cache accesses  (35.89%)
     6.023078494         57,135,744      LLC-stores                                                    (18.34%)
     6.023078494         19,716,389      LLC-store-misses                                              (18.35%)
     6.023078494      3,914,733,751      dTLB-loads                                                    (27.52%)
     6.023078494            429,454      dTLB-load-misses          #    0.01% of all dTLB cache accesses  (36.69%)
     6.023078494        152,004,320      iTLB-loads                                                    (36.69%)
     6.023078494            161,355      iTLB-load-misses          #    0.11% of all iTLB cache accesses  (36.69%)
     6.023078494                613      page-faults                                                 
     6.023078494                573      minor-faults                                                
     6.023078494                  4      major-faults                                                
     6.023078494                 59      cpu-migrations                                              
     7.026091963      4,340,837,460      L1-dcache-loads                                               (35.90%)
     7.026091963        317,737,339      L1-dcache-load-misses     #    7.32% of all L1-dcache accesses  (35.81%)
     7.026091963    <not supported>      L1-icache-loads                                             
     7.026091963        355,527,733      L1-icache-load-misses                                         (35.95%)
     7.026091963        121,182,034      LLC-loads                                                     (36.28%)
     7.026091963         39,974,594      LLC-load-misses           #   32.99% of all LL-cache accesses  (36.58%)
     7.026091963         62,624,354      LLC-stores                                                    (18.34%)
     7.026091963         21,537,460      LLC-store-misses                                              (18.34%)
     7.026091963      4,380,918,164      dTLB-loads                                                    (27.51%)
     7.026091963            208,380      dTLB-load-misses          #    0.00% of all dTLB cache accesses  (36.68%)
     7.026091963        162,214,358      iTLB-loads                                                    (36.53%)
     7.026091963          3,006,512      iTLB-load-misses          #    1.85% of all iTLB cache accesses  (36.21%)
     7.026091963              3,058      page-faults                                                 
     7.026091963              2,990      minor-faults                                                
     7.026091963                  0      major-faults                                                
     7.026091963                112      cpu-migrations                                              
     8.029312985      3,755,548,045      L1-dcache-loads                                               (36.02%)
     8.029312985        322,095,307      L1-dcache-load-misses     #    8.58% of all L1-dcache accesses  (36.36%)
     8.029312985    <not supported>      L1-icache-loads                                             
     8.029312985        311,415,993      L1-icache-load-misses                                         (36.61%)
     8.029312985        145,474,160      LLC-loads                                                     (36.68%)
     8.029312985         46,849,503      LLC-load-misses           #   32.20% of all LL-cache accesses  (36.68%)
     8.029312985         56,798,658      LLC-stores                                                    (18.34%)
     8.029312985         18,827,151      LLC-store-misses                                              (18.31%)
     8.029312985      3,744,925,507      dTLB-loads                                                    (27.30%)
     8.029312985             43,737      dTLB-load-misses          #    0.00% of all dTLB cache accesses  (36.13%)
     8.029312985        143,438,612      iTLB-loads                                                    (35.88%)
     8.029312985          3,672,071      iTLB-load-misses          #    2.56% of all iTLB cache accesses  (35.84%)
     8.029312985                120      page-faults                                                 
     8.029312985                 83      minor-faults                                                
     8.029312985                  0      major-faults                                                
     8.029312985                 53      cpu-migrations                                              
     9.032077108      4,195,340,753      L1-dcache-loads                                               (36.65%)
     9.032077108        322,916,440      L1-dcache-load-misses     #    7.70% of all L1-dcache accesses  (36.70%)
     9.032077108    <not supported>      L1-icache-loads                                             
     9.032077108        340,773,825      L1-icache-load-misses                                         (36.70%)
     9.032077108        131,682,954      LLC-loads                                                     (36.70%)
     9.032077108         42,198,245      LLC-load-misses           #   32.05% of all LL-cache accesses  (36.64%)
     9.032077108         59,802,357      LLC-stores                                                    (18.05%)
     9.032077108         20,645,598      LLC-store-misses                                              (17.75%)
     9.032077108      4,171,896,527      dTLB-loads                                                    (26.71%)
     9.032077108            121,811      dTLB-load-misses          #    0.00% of all dTLB cache accesses  (35.84%)
     9.032077108        155,974,889      iTLB-loads                                                    (36.07%)
     9.032077108          3,362,563      iTLB-load-misses          #    2.16% of all iTLB cache accesses  (36.43%)
     9.032077108                377      page-faults                                                 
     9.032077108                306      minor-faults                                                
     9.032077108                  0      major-faults                                                
     9.032077108                 59      cpu-migrations                                              
    10.035082444      4,317,356,581      L1-dcache-loads                                               (36.69%)
    10.035082444        341,264,064      L1-dcache-load-misses     #    7.90% of all L1-dcache accesses  (36.69%)
    10.035082444    <not supported>      L1-icache-loads                                             
    10.035082444        405,753,707      L1-icache-load-misses                                         (36.60%)
    10.035082444        123,148,162      LLC-loads                                                     (36.30%)
    10.035082444         43,385,676      LLC-load-misses           #   35.23% of all LL-cache accesses  (35.97%)
    10.035082444         63,391,455      LLC-stores                                                    (17.85%)
    10.035082444         22,874,216      LLC-store-misses                                              (18.17%)
    10.035082444      4,290,457,372      dTLB-loads                                                    (27.35%)
    10.035082444          3,339,365      dTLB-load-misses          #    0.08% of all dTLB cache accesses  (36.52%)
    10.035082444        158,311,335      iTLB-loads                                                    (36.68%)
    10.035082444          3,683,452      iTLB-load-misses          #    2.33% of all iTLB cache accesses  (36.69%)
    10.035082444            146,874      page-faults                                                 
    10.035082444            146,801      minor-faults                                                
    10.035082444                  0      major-faults                                                
    10.035082444                 74      cpu-migrations                                              
    11.046326311      4,323,722,016      L1-dcache-loads                                               (36.39%)
    11.046326311        313,047,453      L1-dcache-load-misses     #    7.24% of all L1-dcache accesses  (36.38%)
    11.046326311    <not supported>      L1-icache-loads                                             
    11.046326311        356,195,755      L1-icache-load-misses                                         (36.34%)
    11.046326311        114,405,856      LLC-loads                                                     (36.31%)
    11.046326311         42,024,046      LLC-load-misses           #   36.73% of all LL-cache accesses  (36.31%)
    11.046326311         62,331,579      LLC-stores                                                    (18.20%)
    11.046326311         22,208,244      LLC-store-misses                                              (18.20%)
    11.046326311      4,284,877,157      dTLB-loads                                                    (27.29%)
    11.046326311            357,431      dTLB-load-misses          #    0.01% of all dTLB cache accesses  (36.39%)
    11.046326311        162,274,195      iTLB-loads                                                    (36.39%)
    11.046326311          3,371,365      iTLB-load-misses          #    2.08% of all iTLB cache accesses  (36.39%)
    11.046326311              7,290      page-faults                                                 
    11.046326311              7,218      minor-faults                                                
    11.046326311                  4      major-faults                                                
    11.046326311                 61      cpu-migrations                                              
    12.049474292      4,300,057,413      L1-dcache-loads                                               (36.48%)
    12.049474292        309,063,330      L1-dcache-load-misses     #    7.19% of all L1-dcache accesses  (36.14%)
    12.049474292    <not supported>      L1-icache-loads                                             
    12.049474292        350,453,496      L1-icache-load-misses                                         (35.88%)
    12.049474292        112,909,417      LLC-loads                                                     (35.83%)
    12.049474292         41,228,493      LLC-load-misses           #   36.51% of all LL-cache accesses  (36.00%)
    12.049474292         62,167,131      LLC-stores                                                    (18.34%)
    12.049474292         22,234,884      LLC-store-misses                                              (18.34%)
    12.049474292      4,303,445,769      dTLB-loads                                                    (27.51%)
    12.049474292            722,472      dTLB-load-misses          #    0.02% of all dTLB cache accesses  (36.68%)
    12.049474292        162,871,418      iTLB-loads                                                    (36.68%)
    12.049474292          3,360,844      iTLB-load-misses          #    2.06% of all iTLB cache accesses  (36.66%)
    12.049474292              1,904      page-faults                                                 
    12.049474292              1,870      minor-faults                                                
    12.049474292                  0      major-faults                                                
    12.049474292                 55      cpu-migrations                                              
    13.052074798      4,315,493,708      L1-dcache-loads                                               (35.82%)
    13.052074798        310,534,700      L1-dcache-load-misses     #    7.20% of all L1-dcache accesses  (35.83%)
    13.052074798    <not supported>      L1-icache-loads                                             
    13.052074798        354,076,501      L1-icache-load-misses                                         (36.06%)
    13.052074798        112,474,686      LLC-loads                                                     (36.43%)
    13.052074798         41,036,399      LLC-load-misses           #   36.49% of all LL-cache accesses  (36.65%)
    13.052074798         61,906,787      LLC-stores                                                    (18.35%)
    13.052074798         21,975,418      LLC-store-misses                                              (18.35%)
    13.052074798      4,264,519,543      dTLB-loads                                                    (27.53%)
    13.052074798            135,538      dTLB-load-misses          #    0.00% of all dTLB cache accesses  (36.64%)
    13.052074798        162,110,628      iTLB-loads                                                    (36.41%)
    13.052074798          3,160,796      iTLB-load-misses          #    1.95% of all iTLB cache accesses  (36.05%)
    13.052074798              1,024      page-faults                                                 
    13.052074798                949      minor-faults                                                
    13.052074798                  0      major-faults                                                
    13.052074798                100      cpu-migrations                                              
    14.055076338      4,309,562,870      L1-dcache-loads                                               (36.18%)
    14.055076338        309,649,888      L1-dcache-load-misses     #    7.19% of all L1-dcache accesses  (36.52%)
    14.055076338    <not supported>      L1-icache-loads                                             
    14.055076338        350,928,318      L1-icache-load-misses                                         (36.68%)
    14.055076338        112,553,568      LLC-loads                                                     (36.69%)
    14.055076338         41,250,010      LLC-load-misses           #   36.65% of all LL-cache accesses  (36.69%)
    14.055076338         61,720,101      LLC-stores                                                    (18.35%)
    14.055076338         22,131,484      LLC-store-misses                                              (18.25%)
    14.055076338      4,299,547,304      dTLB-loads                                                    (27.13%)
    14.055076338            100,511      dTLB-load-misses          #    0.00% of all dTLB cache accesses  (35.97%)
    14.055076338        163,349,467      iTLB-loads                                                    (35.80%)
    14.055076338          3,315,561      iTLB-load-misses          #    2.03% of all iTLB cache accesses  (35.88%)
    14.055076338                 90      page-faults                                                 
    14.055076338                 19      minor-faults                                                
    14.055076338                  0      major-faults                                                
    14.055076338                 71      cpu-migrations                                              
    15.058244203      4,296,996,858      L1-dcache-loads                                               (36.68%)
    15.058244203        308,312,357      L1-dcache-load-misses     #    7.18% of all L1-dcache accesses  (36.68%)
    15.058244203    <not supported>      L1-icache-loads                                             
    15.058244203        348,283,583      L1-icache-load-misses                                         (36.68%)
    15.058244203        112,280,440      LLC-loads                                                     (36.68%)
    15.058244203         40,997,583      LLC-load-misses           #   36.51% of all LL-cache accesses  (36.54%)
    15.058244203         61,704,452      LLC-stores                                                    (17.88%)
    15.058244203         22,186,173      LLC-store-misses                                              (17.71%)
    15.058244203      4,299,051,863      dTLB-loads                                                    (26.78%)
    15.058244203             56,542      dTLB-load-misses          #    0.00% of all dTLB cache accesses  (35.95%)
    15.058244203        164,216,546      iTLB-loads                                                    (36.27%)
    15.058244203          3,248,796      iTLB-load-misses          #    1.98% of all iTLB cache accesses  (36.58%)
    15.058244203                129      page-faults                                                 
    15.058244203                 60      minor-faults                                                
    15.058244203                  0      major-faults                                                
    15.058244203                 69      cpu-migrations                                              
    16.069482246      4,334,064,856      L1-dcache-loads                                               (36.39%)
    16.069482246        311,807,664      L1-dcache-load-misses     #    7.19% of all L1-dcache accesses  (36.39%)
    16.069482246    <not supported>      L1-icache-loads                                             
    16.069482246        354,200,028      L1-icache-load-misses                                         (36.39%)
    16.069482246        113,569,290      LLC-loads                                                     (36.37%)
    16.069482246         41,697,678      LLC-load-misses           #   36.72% of all LL-cache accesses  (36.33%)
    16.069482246         62,575,061      LLC-stores                                                    (18.14%)
    16.069482246         22,342,857      LLC-store-misses                                              (18.17%)
    16.069482246      4,349,984,993      dTLB-loads                                                    (27.27%)
    16.069482246             49,623      dTLB-load-misses          #    0.00% of all dTLB cache accesses  (36.37%)
    16.069482246        165,166,310      iTLB-loads                                                    (36.39%)
    16.069482246          3,444,247      iTLB-load-misses          #    2.09% of all iTLB cache accesses  (36.39%)
    16.069482246                 46      page-faults                                                 
    16.069482246                  5      minor-faults                                                
    16.069482246                  5      major-faults                                                
    16.069482246                 64      cpu-migrations                                              
    17.072074702      4,305,099,055      L1-dcache-loads                                               (36.70%)
    17.072074702        308,303,730      L1-dcache-load-misses     #    7.16% of all L1-dcache accesses  (36.64%)
    17.072074702    <not supported>      L1-icache-loads                                             
    17.072074702        347,872,336      L1-icache-load-misses                                         (36.41%)
    17.072074702        111,369,345      LLC-loads                                                     (36.04%)
    17.072074702         40,715,930      LLC-load-misses           #   36.56% of all LL-cache accesses  (35.82%)
    17.072074702         62,231,595      LLC-stores                                                    (18.08%)
    17.072074702         22,288,163      LLC-store-misses                                              (18.30%)
    17.072074702      4,309,437,281      dTLB-loads                                                    (27.48%)
    17.072074702             64,157      dTLB-load-misses          #    0.00% of all dTLB cache accesses  (36.65%)
    17.072074702        163,637,507      iTLB-loads                                                    (36.70%)
    17.072074702          3,198,424      iTLB-load-misses          #    1.95% of all iTLB cache accesses  (36.70%)
    17.072074702                478      page-faults                                                 
    17.072074702                405      minor-faults                                                
    17.072074702                  0      major-faults                                                
    17.072074702                 61      cpu-migrations                                              
    18.075083239      4,320,991,777      L1-dcache-loads                                               (36.30%)
    18.075083239        313,744,455      L1-dcache-load-misses     #    7.26% of all L1-dcache accesses  (35.97%)
    18.075083239    <not supported>      L1-icache-loads                                             
    18.075083239        365,526,918      L1-icache-load-misses                                         (35.80%)
    18.075083239        111,741,692      LLC-loads                                                     (35.88%)
    18.075083239         40,913,623      LLC-load-misses           #   36.61% of all LL-cache accesses  (36.18%)
    18.075083239         62,469,108      LLC-stores                                                    (18.34%)
    18.075083239         22,443,512      LLC-store-misses                                              (18.34%)
    18.075083239      4,326,881,123      dTLB-loads                                                    (27.52%)
    18.075083239            819,076      dTLB-load-misses          #    0.02% of all dTLB cache accesses  (36.69%)
    18.075083239        164,509,627      iTLB-loads                                                    (36.69%)
    18.075083239          3,369,800      iTLB-load-misses          #    2.05% of all iTLB cache accesses  (36.60%)
    18.075083239             37,718      page-faults                                                 
    18.075083239             37,648      minor-faults                                                
    18.075083239                  0      major-faults                                                
    18.075083239                 57      cpu-migrations                                              
    19.078250255      4,326,209,964      L1-dcache-loads                                               (35.81%)
    19.078250255        322,495,596      L1-dcache-load-misses     #    7.45% of all L1-dcache accesses  (35.95%)
    19.078250255    <not supported>      L1-icache-loads                                             
    19.078250255        385,428,235      L1-icache-load-misses                                         (36.27%)
    19.078250255        112,456,378      LLC-loads                                                     (36.58%)
    19.078250255         41,276,793      LLC-load-misses           #   36.70% of all LL-cache accesses  (36.68%)
    19.078250255         62,483,126      LLC-stores                                                    (18.34%)
    19.078250255         22,626,810      LLC-store-misses                                              (18.34%)
    19.078250255      4,351,995,170      dTLB-loads                                                    (27.51%)
    19.078250255          1,916,936      dTLB-load-misses          #    0.04% of all dTLB cache accesses  (36.54%)
    19.078250255        162,906,166      iTLB-loads                                                    (36.21%)
    19.078250255          3,355,282      iTLB-load-misses          #    2.06% of all iTLB cache accesses  (35.91%)
    19.078250255             88,306      page-faults                                                 
    19.078250255             88,236      minor-faults                                                
    19.078250255                  0      major-faults                                                
    19.078250255                 62      cpu-migrations                                              
    20.081473797      4,353,144,001      L1-dcache-loads                                               (36.35%)
    20.081473797        315,508,010      L1-dcache-load-misses     #    7.25% of all L1-dcache accesses  (36.61%)
    20.081473797    <not supported>      L1-icache-loads                                             
    20.081473797        368,157,033      L1-icache-load-misses                                         (36.68%)
    20.081473797        112,825,101      LLC-loads                                                     (36.68%)
    20.081473797         41,363,863      LLC-load-misses           #   36.66% of all LL-cache accesses  (36.68%)
    20.081473797         63,016,577      LLC-stores                                                    (18.31%)
    20.081473797         22,613,803      LLC-store-misses                                              (18.14%)
    20.081473797      4,410,853,590      dTLB-loads                                                    (26.97%)
    20.081473797            605,617      dTLB-load-misses          #    0.01% of all dTLB cache accesses  (35.88%)
    20.081473797        165,430,968      iTLB-loads                                                    (35.83%)
    20.081473797          4,055,838      iTLB-load-misses          #    2.45% of all iTLB cache accesses  (36.01%)
    20.081473797             28,392      page-faults                                                 
    20.081473797             28,359      minor-faults                                                
    20.081473797                  0      major-faults                                                
    20.081473797                 74      cpu-migrations                                              
    21.084082852      4,375,309,210      L1-dcache-loads                                               (36.70%)
    21.084082852        305,769,690      L1-dcache-load-misses     #    6.99% of all L1-dcache accesses  (36.70%)
    21.084082852    <not supported>      L1-icache-loads                                             
    21.084082852        378,990,996      L1-icache-load-misses                                         (36.70%)
    21.084082852        108,242,908      LLC-loads                                                     (36.64%)
    21.084082852         39,838,054      LLC-load-misses           #   36.80% of all LL-cache accesses  (36.41%)
    21.084082852         62,285,940      LLC-stores                                                    (17.75%)
    21.084082852         22,333,880      LLC-store-misses                                              (17.76%)
    21.084082852      4,363,207,455      dTLB-loads                                                    (26.89%)
    21.084082852            117,740      dTLB-load-misses          #    0.00% of all dTLB cache accesses  (36.07%)
    21.084082852        145,012,265      iTLB-loads                                                    (36.43%)
    21.084082852            121,949      iTLB-load-misses          #    0.08% of all iTLB cache accesses  (36.65%)
    21.084082852                197      page-faults                                                 
    21.084082852                130      minor-faults                                                
    21.084082852                  2      major-faults                                                
    21.084082852                130      cpu-migrations                                              
    22.087080832      4,416,576,847      L1-dcache-loads                                               (36.69%)
    22.087080832        311,509,707      L1-dcache-load-misses     #    7.05% of all L1-dcache accesses  (36.60%)
    22.087080832    <not supported>      L1-icache-loads                                             
    22.087080832        376,870,855      L1-icache-load-misses                                         (36.30%)
    22.087080832        109,210,109      LLC-loads                                                     (35.97%)
    22.087080832         40,266,104      LLC-load-misses           #   36.87% of all LL-cache accesses  (35.81%)
    22.087080832         63,184,282      LLC-stores                                                    (18.17%)
    22.087080832         22,526,193      LLC-store-misses                                              (18.33%)
    22.087080832      4,422,526,619      dTLB-loads                                                    (27.51%)
    22.087080832             53,663      dTLB-load-misses          #    0.00% of all dTLB cache accesses  (36.68%)
    22.087080832        145,373,009      iTLB-loads                                                    (36.69%)
    22.087080832          1,919,251      iTLB-load-misses          #    1.32% of all iTLB cache accesses  (36.69%)
    22.087080832              2,812      page-faults                                                 
    22.087080832              2,738      minor-faults                                                
    22.087080832                  2      major-faults                                                
    22.087080832                 97      cpu-migrations                                              
    23.090320695      4,433,630,560      L1-dcache-loads                                               (36.22%)
    23.090320695        311,883,869      L1-dcache-load-misses     #    7.03% of all L1-dcache accesses  (35.91%)
    23.090320695    <not supported>      L1-icache-loads                                             
    23.090320695        376,521,393      L1-icache-load-misses                                         (35.81%)
    23.090320695        109,070,878      LLC-loads                                                     (35.95%)
    23.090320695         40,152,426      LLC-load-misses           #   36.81% of all LL-cache accesses  (36.27%)
    23.090320695         63,225,830      LLC-stores                                                    (18.34%)
    23.090320695         22,604,107      LLC-store-misses                                              (18.34%)
    23.090320695      4,418,530,629      dTLB-loads                                                    (27.51%)
    23.090320695             79,410      dTLB-load-misses          #    0.00% of all dTLB cache accesses  (36.68%)
    23.090320695        145,842,204      iTLB-loads                                                    (36.68%)
    23.090320695          2,267,168      iTLB-load-misses          #    1.55% of all iTLB cache accesses  (36.54%)
    23.090320695                469      page-faults                                                 
    23.090320695                399      minor-faults                                                
    23.090320695                  0      major-faults                                                
    23.090320695                 66      cpu-migrations                                              
    24.093523798      4,397,718,545      L1-dcache-loads                                               (35.83%)
    24.093523798        310,641,435      L1-dcache-load-misses     #    7.06% of all L1-dcache accesses  (36.00%)
    24.093523798    <not supported>      L1-icache-loads                                             
    24.093523798        374,852,701      L1-icache-load-misses                                         (36.34%)
    24.093523798        110,756,503      LLC-loads                                                     (36.61%)
    24.093523798         41,171,075      LLC-load-misses           #   37.17% of all LL-cache accesses  (36.68%)
    24.093523798         62,989,644      LLC-stores                                                    (18.34%)
    24.093523798         22,324,391      LLC-store-misses                                              (18.34%)
    24.093523798      4,396,806,866      dTLB-loads                                                    (27.49%)
    24.093523798             38,849      dTLB-load-misses          #    0.00% of all dTLB cache accesses  (36.49%)
    24.093523798        145,502,375      iTLB-loads                                                    (36.15%)
    24.093523798          2,216,166      iTLB-load-misses          #    1.52% of all iTLB cache accesses  (35.88%)
    24.093523798                213      page-faults                                                 
    24.093523798                139      minor-faults                                                
    24.093523798                  0      major-faults                                                
    24.093523798                 57      cpu-migrations                                              
    25.096080154      4,432,289,369      L1-dcache-loads                                               (36.42%)
    25.096080154        315,667,312      L1-dcache-load-misses     #    7.12% of all L1-dcache accesses  (36.65%)
    25.096080154    <not supported>      L1-icache-loads                                             
    25.096080154        385,813,892      L1-icache-load-misses                                         (36.71%)
    25.096080154        110,488,604      LLC-loads                                                     (36.71%)
    25.096080154         40,915,796      LLC-load-misses           #   37.03% of all LL-cache accesses  (36.71%)
    25.096080154         63,030,332      LLC-stores                                                    (18.29%)
    25.096080154         22,507,475      LLC-store-misses                                              (18.06%)
    25.096080154      4,422,252,564      dTLB-loads                                                    (26.87%)
    25.096080154            673,025      dTLB-load-misses          #    0.02% of all dTLB cache accesses  (35.82%)
    25.096080154        145,494,036      iTLB-loads                                                    (35.83%)
    25.096080154          2,395,762      iTLB-load-misses          #    1.65% of all iTLB cache accesses  (36.06%)
    25.096080154             26,840      page-faults                                                 
    25.096080154             26,770      minor-faults                                                
    25.096080154                  0      major-faults                                                
    25.096080154                 86      cpu-migrations                                              
#           time             counts unit events
    26.107075803      4,472,979,792      L1-dcache-loads                                               (36.40%)
    26.107075803        318,167,761      L1-dcache-load-misses     #    7.11% of all L1-dcache accesses  (36.40%)
    26.107075803    <not supported>      L1-icache-loads                                             
    26.107075803        391,652,891      L1-icache-load-misses                                         (36.40%)
    26.107075803        110,540,926      LLC-loads                                                     (36.40%)
    26.107075803         40,798,106      LLC-load-misses           #   36.91% of all LL-cache accesses  (36.40%)
    26.107075803         63,841,900      LLC-stores                                                    (18.17%)
    26.107075803         22,825,801      LLC-store-misses                                              (18.11%)
    26.107075803      4,476,588,516      dTLB-loads                                                    (27.20%)
    26.107075803            956,722      dTLB-load-misses          #    0.02% of all dTLB cache accesses  (36.30%)
    26.107075803        147,252,449      iTLB-loads                                                    (36.33%)
    26.107075803          2,307,840      iTLB-load-misses          #    1.57% of all iTLB cache accesses  (36.39%)
    26.107075803             41,550      page-faults                                                 
    26.107075803             41,475      minor-faults                                                
    26.107075803                  5      major-faults                                                
    26.107075803                 56      cpu-migrations                                              
    27.110309469      4,433,350,364      L1-dcache-loads                                               (36.68%)
    27.110309469        315,289,038      L1-dcache-load-misses     #    7.11% of all L1-dcache accesses  (36.68%)
    27.110309469    <not supported>      L1-icache-loads                                             
    27.110309469        384,186,596      L1-icache-load-misses                                         (36.68%)
    27.110309469        110,117,872      LLC-loads                                                     (36.54%)
    27.110309469         40,883,574      LLC-load-misses           #   37.13% of all LL-cache accesses  (36.22%)
    27.110309469         63,103,981      LLC-stores                                                    (17.71%)
    27.110309469         22,537,407      LLC-store-misses                                              (17.93%)
    27.110309469      4,430,263,440      dTLB-loads                                                    (27.10%)
    27.110309469            587,482      dTLB-load-misses          #    0.01% of all dTLB cache accesses  (36.27%)
    27.110309469        145,761,086      iTLB-loads                                                    (36.58%)
    27.110309469          2,252,990      iTLB-load-misses          #    1.55% of all iTLB cache accesses  (36.68%)
    27.110309469             24,732      page-faults                                                 
    27.110309469             24,669      minor-faults                                                
    27.110309469                  0      major-faults                                                
    27.110309469                 54      cpu-migrations                                              
    28.113513846      4,447,808,807      L1-dcache-loads                                               (36.66%)
    28.113513846        322,443,351      L1-dcache-load-misses     #    7.25% of all L1-dcache accesses  (36.49%)
    28.113513846    <not supported>      L1-icache-loads                                             
    28.113513846        401,431,929      L1-icache-load-misses                                         (36.15%)
    28.113513846        110,247,530      LLC-loads                                                     (35.88%)
    28.113513846         40,820,911      LLC-load-misses           #   37.03% of all LL-cache accesses  (35.83%)
    28.113513846         63,530,915      LLC-stores                                                    (18.26%)
    28.113513846         22,695,841      LLC-store-misses                                              (18.34%)
    28.113513846      4,439,052,258      dTLB-loads                                                    (27.51%)
    28.113513846          1,206,710      dTLB-load-misses          #    0.03% of all dTLB cache accesses  (36.68%)
    28.113513846        145,542,540      iTLB-loads                                                    (36.68%)
    28.113513846          2,295,163      iTLB-load-misses          #    1.58% of all iTLB cache accesses  (36.68%)
    28.113513846             59,753      page-faults                                                 
    28.113513846             59,680      minor-faults                                                
    28.113513846                  1      major-faults                                                
    28.113513846                 65      cpu-migrations                                              
    29.116073274      4,403,696,830      L1-dcache-loads                                               (36.04%)
    29.116073274        312,341,462      L1-dcache-load-misses     #    7.09% of all L1-dcache accesses  (35.81%)
    29.116073274    <not supported>      L1-icache-loads                                             
    29.116073274        373,571,566      L1-icache-load-misses                                         (35.82%)
    29.116073274        110,639,907      LLC-loads                                                     (36.06%)
    29.116073274         40,814,374      LLC-load-misses           #   36.89% of all LL-cache accesses  (36.42%)
    29.116073274         63,326,890      LLC-stores                                                    (18.35%)
    29.116073274         22,660,425      LLC-store-misses                                              (18.35%)
    29.116073274      4,403,658,915      dTLB-loads                                                    (27.53%)
    29.116073274             75,306      dTLB-load-misses          #    0.00% of all dTLB cache accesses  (36.71%)
    29.116073274        145,806,509      iTLB-loads                                                    (36.65%)
    29.116073274          2,273,941      iTLB-load-misses          #    1.56% of all iTLB cache accesses  (36.41%)
    29.116073274                132      page-faults                                                 
    29.116073274                 60      minor-faults                                                
    29.116073274                  0      major-faults                                                
    29.116073274                 61      cpu-migrations                                              
    30.119074970      4,413,797,858      L1-dcache-loads                                               (35.88%)
    30.119074970        310,704,920      L1-dcache-load-misses     #    7.04% of all L1-dcache accesses  (36.18%)
    30.119074970    <not supported>      L1-icache-loads                                             
    30.119074970        384,915,085      L1-icache-load-misses                                         (36.52%)
    30.119074970        108,722,993      LLC-loads                                                     (36.68%)
    30.119074970         40,039,953      LLC-load-misses           #   36.83% of all LL-cache accesses  (36.69%)
    30.119074970         63,705,974      LLC-stores                                                    (18.34%)
    30.119074970         22,813,633      LLC-store-misses                                              (18.34%)
    30.119074970      4,421,372,967      dTLB-loads                                                    (27.43%)
    30.119074970            997,963      dTLB-load-misses          #    0.02% of all dTLB cache accesses  (36.30%)
    30.119074970        148,423,265      iTLB-loads                                                    (35.97%)
    30.119074970            784,376      iTLB-load-misses          #    0.53% of all iTLB cache accesses  (35.80%)
    30.119074970              2,707      page-faults                                                 
    30.119074970              2,639      minor-faults                                                
    30.119074970                  0      major-faults                                                
    30.119074970                116      cpu-migrations                                              
    31.122273532      4,428,019,978      L1-dcache-loads                                               (36.58%)
    31.122273532        312,457,205      L1-dcache-load-misses     #    7.06% of all L1-dcache accesses  (36.68%)
    31.122273532    <not supported>      L1-icache-loads                                             
    31.122273532        386,575,579      L1-icache-load-misses                                         (36.68%)
    31.122273532        110,246,336      LLC-loads                                                     (36.68%)
    31.122273532         40,663,046      LLC-load-misses           #   36.88% of all LL-cache accesses  (36.68%)
    31.122273532         63,257,580      LLC-stores                                                    (18.20%)
    31.122273532         22,683,283      LLC-store-misses                                              (17.88%)
    31.122273532      4,436,364,554      dTLB-loads                                                    (26.74%)
    31.122273532             57,031      dTLB-load-misses          #    0.00% of all dTLB cache accesses  (35.81%)
    31.122273532        151,387,907      iTLB-loads                                                    (35.95%)
    31.122273532            126,254      iTLB-load-misses          #    0.08% of all iTLB cache accesses  (36.27%)
    31.122273532                140      page-faults                                                 
    31.122273532                 60      minor-faults                                                
    31.122273532                  5      major-faults                                                
    31.122273532                 63      cpu-migrations                                              
    32.125436884      4,423,177,377      L1-dcache-loads                                               (36.68%)
    32.125436884        310,819,068      L1-dcache-load-misses     #    7.03% of all L1-dcache accesses  (36.68%)
    32.125436884    <not supported>      L1-icache-loads                                             
    32.125436884        383,981,218      L1-icache-load-misses                                         (36.66%)
    32.125436884        109,553,013      LLC-loads                                                     (36.48%)
    32.125436884         40,296,980      LLC-load-misses           #   36.78% of all LL-cache accesses  (36.14%)
    32.125436884         63,541,464      LLC-stores                                                    (17.74%)
    32.125436884         22,735,457      LLC-store-misses                                              (18.00%)
    32.125436884      4,426,496,452      dTLB-loads                                                    (27.18%)
    32.125436884             77,595      dTLB-load-misses          #    0.00% of all dTLB cache accesses  (36.35%)
    32.125436884        151,031,065      iTLB-loads                                                    (36.61%)
    32.125436884            115,506      iTLB-load-misses          #    0.08% of all iTLB cache accesses  (36.68%)
    32.125436884                 76      page-faults                                                 
    32.125436884                  6      minor-faults                                                
    32.125436884                  0      major-faults                                                
    32.125436884                 62      cpu-migrations                                              
    33.128075482      4,421,067,374      L1-dcache-loads                                               (36.64%)
    33.128075482        312,566,532      L1-dcache-load-misses     #    7.07% of all L1-dcache accesses  (36.41%)
    33.128075482    <not supported>      L1-icache-loads                                             
    33.128075482        387,624,234      L1-icache-load-misses                                         (36.04%)
    33.128075482        110,176,986      LLC-loads                                                     (35.82%)
    33.128075482         40,611,737      LLC-load-misses           #   36.86% of all LL-cache accesses  (35.83%)
    33.128075482         63,415,859      LLC-stores                                                    (18.30%)
    33.128075482         22,668,199      LLC-store-misses                                              (18.35%)
    33.128075482      4,427,254,085      dTLB-loads                                                    (27.53%)
    33.128075482             48,126      dTLB-load-misses          #    0.00% of all dTLB cache accesses  (36.70%)
    33.128075482        150,784,462      iTLB-loads                                                    (36.70%)
    33.128075482            179,580      iTLB-load-misses          #    0.12% of all iTLB cache accesses  (36.70%)
    33.128075482                 74      page-faults                                                 
    33.128075482                  8      minor-faults                                                
    33.128075482                  0      major-faults                                                
    33.128075482                 50      cpu-migrations                                              
    34.131075724      4,427,558,726      L1-dcache-loads                                               (35.97%)
    34.131075724        313,178,459      L1-dcache-load-misses     #    7.07% of all L1-dcache accesses  (35.80%)
    34.131075724    <not supported>      L1-icache-loads                                             
    34.131075724        390,498,625      L1-icache-load-misses                                         (35.88%)
    34.131075724        110,132,869      LLC-loads                                                     (36.18%)
    34.131075724         40,507,022      LLC-load-misses           #   36.78% of all LL-cache accesses  (36.52%)
    34.131075724         63,370,282      LLC-stores                                                    (18.34%)
    34.131075724         22,649,437      LLC-store-misses                                              (18.34%)
    34.131075724      4,406,306,333      dTLB-loads                                                    (27.52%)
    34.131075724             76,165      dTLB-load-misses          #    0.00% of all dTLB cache accesses  (36.69%)
    34.131075724        150,792,956      iTLB-loads                                                    (36.60%)
    34.131075724            105,867      iTLB-load-misses          #    0.07% of all iTLB cache accesses  (36.30%)
    34.131075724                 87      page-faults                                                 
    34.131075724                 19      minor-faults                                                
    34.131075724                  0      major-faults                                                
    34.131075724                 61      cpu-migrations                                              
    35.134216051      4,420,691,810      L1-dcache-loads                                               (35.95%)
    35.134216051        310,601,308      L1-dcache-load-misses     #    7.03% of all L1-dcache accesses  (36.28%)
    35.134216051    <not supported>      L1-icache-loads                                             
    35.134216051        384,292,737      L1-icache-load-misses                                         (36.58%)
    35.134216051        109,401,274      LLC-loads                                                     (36.68%)
    35.134216051         40,278,120      LLC-load-misses           #   36.82% of all LL-cache accesses  (36.68%)
    35.134216051         63,598,519      LLC-stores                                                    (18.34%)
    35.134216051         22,700,511      LLC-store-misses                                              (18.33%)
    35.134216051      4,416,348,237      dTLB-loads                                                    (27.37%)
    35.134216051             78,840      dTLB-load-misses          #    0.00% of all dTLB cache accesses  (36.21%)
    35.134216051        150,927,156      iTLB-loads                                                    (35.91%)
    35.134216051            130,295      iTLB-load-misses          #    0.09% of all iTLB cache accesses  (35.81%)
    35.134216051                 95      page-faults                                                 
    35.134216051                 24      minor-faults                                                
    35.134216051                  0      major-faults                                                
    35.134216051                 54      cpu-migrations                                              
    36.137430209      4,430,875,506      L1-dcache-loads                                               (36.61%)
    36.137430209        310,980,545      L1-dcache-load-misses     #    7.02% of all L1-dcache accesses  (36.68%)
    36.137430209    <not supported>      L1-icache-loads                                             
    36.137430209        386,594,211      L1-icache-load-misses                                         (36.68%)
    36.137430209        108,742,867      LLC-loads                                                     (36.68%)
    36.137430209         39,882,633      LLC-load-misses           #   36.68% of all LL-cache accesses  (36.65%)
    36.137430209         63,260,157      LLC-stores                                                    (18.14%)
    36.137430209         22,757,284      LLC-store-misses                                              (17.83%)
    36.137430209      4,445,052,240      dTLB-loads                                                    (26.74%)
    36.137430209             61,377      dTLB-load-misses          #    0.00% of all dTLB cache accesses  (35.83%)
    36.137430209        151,015,613      iTLB-loads                                                    (36.01%)
    36.137430209            137,115      iTLB-load-misses          #    0.09% of all iTLB cache accesses  (36.35%)
    36.137430209                 84      page-faults                                                 
    36.137430209                 10      minor-faults                                                
    36.137430209                  5      major-faults                                                
    36.137430209                 51      cpu-migrations                                              
    37.140075635      4,413,447,323      L1-dcache-loads                                               (36.70%)
    37.140075635        311,000,537      L1-dcache-load-misses     #    7.05% of all L1-dcache accesses  (36.70%)
    37.140075635    <not supported>      L1-icache-loads                                             
    37.140075635        384,488,039      L1-icache-load-misses                                         (36.64%)
    37.140075635        109,794,110      LLC-loads                                                     (36.40%)
    37.140075635         40,432,494      LLC-load-misses           #   36.83% of all LL-cache accesses  (36.04%)
    37.140075635         62,501,960      LLC-stores                                                    (17.77%)
    37.140075635         22,406,145      LLC-store-misses                                              (18.08%)
    37.140075635      4,398,410,915      dTLB-loads                                                    (27.25%)
    37.140075635            100,826      dTLB-load-misses          #    0.00% of all dTLB cache accesses  (36.43%)
    37.140075635        149,667,000      iTLB-loads                                                    (36.65%)
    37.140075635            178,475      iTLB-load-misses          #    0.12% of all iTLB cache accesses  (36.70%)
    37.140075635                 84      page-faults                                                 
    37.140075635                 19      minor-faults                                                
    37.140075635                  0      major-faults                                                
    37.140075635                 61      cpu-migrations                                              
    38.143075445      4,409,175,626      L1-dcache-loads                                               (36.60%)
    38.143075445        310,497,924      L1-dcache-load-misses     #    7.04% of all L1-dcache accesses  (36.30%)
    38.143075445    <not supported>      L1-icache-loads                                             
    38.143075445        383,375,212      L1-icache-load-misses                                         (35.96%)
    38.143075445        110,279,712      LLC-loads                                                     (35.80%)
    38.143075445         40,549,585      LLC-load-misses           #   36.77% of all LL-cache accesses  (35.89%)
    38.143075445         63,632,300      LLC-stores                                                    (18.34%)
    38.143075445         22,744,319      LLC-store-misses                                              (18.35%)
    38.143075445      4,420,480,314      dTLB-loads                                                    (27.52%)
    38.143075445             39,448      dTLB-load-misses          #    0.00% of all dTLB cache accesses  (36.69%)
    38.143075445        151,244,186      iTLB-loads                                                    (36.69%)
    38.143075445            107,024      iTLB-load-misses          #    0.07% of all iTLB cache accesses  (36.69%)
    38.143075445                 66      page-faults                                                 
    38.143075445                  0      minor-faults                                                
    38.143075445                  0      major-faults                                                
    38.143075445                 56      cpu-migrations                                              
    39.146210576      5,218,129,735      L1-dcache-loads                                               (35.90%)
    39.146210576        482,445,984      L1-dcache-load-misses     #    9.25% of all L1-dcache accesses  (35.81%)
    39.146210576    <not supported>      L1-icache-loads                                             
    39.146210576        679,532,013      L1-icache-load-misses                                         (35.95%)
    39.146210576        116,795,519      LLC-loads                                                     (36.28%)
    39.146210576         43,686,745      LLC-load-misses           #   37.40% of all LL-cache accesses  (36.58%)
    39.146210576         70,167,180      LLC-stores                                                    (18.34%)
    39.146210576         24,450,547      LLC-store-misses                                              (18.34%)
    39.146210576      5,166,854,522      dTLB-loads                                                    (27.51%)
    39.146210576            438,744      dTLB-load-misses          #    0.01% of all dTLB cache accesses  (36.67%)
    39.146210576        225,561,961      iTLB-loads                                                    (36.53%)
    39.146210576         25,032,489      iTLB-load-misses          #   11.10% of all iTLB cache accesses  (36.21%)
    39.146210576              2,373      page-faults                                                 
    39.146210576              2,336      minor-faults                                                
    39.146210576                  0      major-faults                                                
    39.146210576                119      cpu-migrations                                              
    40.149176047      5,674,623,904      L1-dcache-loads                                               (36.02%)
    40.149176047        599,485,928      L1-dcache-load-misses     #   10.56% of all L1-dcache accesses  (36.36%)
    40.149176047    <not supported>      L1-icache-loads                                             
    40.149176047        958,402,134      L1-icache-load-misses                                         (36.62%)
    40.149176047        116,844,020      LLC-loads                                                     (36.69%)
    40.149176047         44,509,679      LLC-load-misses           #   38.09% of all LL-cache accesses  (36.69%)
    40.149176047         74,563,169      LLC-stores                                                    (18.35%)
    40.149176047         25,011,813      LLC-store-misses                                              (18.31%)
    40.149176047      5,664,548,306      dTLB-loads                                                    (27.29%)
    40.149176047            788,684      dTLB-load-misses          #    0.01% of all dTLB cache accesses  (36.12%)
    40.149176047        263,550,790      iTLB-loads                                                    (35.86%)
    40.149176047         49,245,157      iTLB-load-misses          #   18.69% of all iTLB cache accesses  (35.83%)
    40.149176047                157      page-faults                                                 
    40.149176047                 99      minor-faults                                                
    40.149176047                  0      major-faults                                                
    40.149176047                163      cpu-migrations                                              
    41.152082657      5,247,363,237      L1-dcache-loads                                               (36.65%)
    41.152082657        527,605,796      L1-dcache-load-misses     #   10.05% of all L1-dcache accesses  (36.70%)
    41.152082657    <not supported>      L1-icache-loads                                             
    41.152082657        912,037,549      L1-icache-load-misses                                         (36.70%)
    41.152082657        107,142,823      LLC-loads                                                     (36.70%)
    41.152082657         40,300,563      LLC-load-misses           #   37.61% of all LL-cache accesses  (36.63%)
    41.152082657         70,081,721      LLC-stores                                                    (18.03%)
    41.152082657         22,464,135      LLC-store-misses                                              (17.75%)
    41.152082657      5,220,583,758      dTLB-loads                                                    (26.72%)
    41.152082657            832,656      dTLB-load-misses          #    0.02% of all dTLB cache accesses  (35.85%)
    41.152082657        178,153,043      iTLB-loads                                                    (36.10%)
    41.152082657         47,012,088      iTLB-load-misses          #   26.39% of all iTLB cache accesses  (36.45%)
    41.152082657                 87      page-faults                                                 
    41.152082657                 39      minor-faults                                                
    41.152082657                  2      major-faults                                                
    41.152082657                137      cpu-migrations                                              
    42.154885562      5,133,798,337      L1-dcache-loads                                               (36.70%)
    42.154885562        507,681,343      L1-dcache-load-misses     #    9.89% of all L1-dcache accesses  (36.70%)
    42.154885562    <not supported>      L1-icache-loads                                             
    42.154885562        884,615,803      L1-icache-load-misses                                         (36.58%)
    42.154885562        105,628,222      LLC-loads                                                     (36.27%)
    42.154885562         40,611,297      LLC-load-misses           #   38.45% of all LL-cache accesses  (35.94%)
    42.154885562         68,225,145      LLC-stores                                                    (17.87%)
    42.154885562         23,039,312      LLC-store-misses                                              (18.19%)
    42.154885562      5,122,140,991      dTLB-loads                                                    (27.36%)
    42.154885562            906,644      dTLB-load-misses          #    0.02% of all dTLB cache accesses  (36.54%)
    42.154885562        163,596,251      iTLB-loads                                                    (36.69%)
    42.154885562         46,294,567      iTLB-load-misses          #   28.30% of all iTLB cache accesses  (36.70%)
    42.154885562                 55      page-faults                                                 
    42.154885562                 10      minor-faults                                                
    42.154885562                  2      major-faults                                                
    42.154885562                179      cpu-migrations                                              
    43.157702375      5,031,731,066      L1-dcache-loads                                               (36.49%)
    43.157702375        487,919,315      L1-dcache-load-misses     #    9.70% of all L1-dcache accesses  (36.15%)
    43.157702375    <not supported>      L1-icache-loads                                             
    43.157702375        870,719,998      L1-icache-load-misses                                         (35.87%)
    43.157702375        102,361,460      LLC-loads                                                     (35.81%)
    43.157702375         39,151,528      LLC-load-misses           #   38.25% of all LL-cache accesses  (35.98%)
    43.157702375         67,036,249      LLC-stores                                                    (18.35%)
    43.157702375         22,622,003      LLC-store-misses                                              (18.35%)
    43.157702375      5,001,172,172      dTLB-loads                                                    (27.52%)
    43.157702375            944,900      dTLB-load-misses          #    0.02% of all dTLB cache accesses  (36.70%)
    43.157702375        141,820,266      iTLB-loads                                                    (36.70%)
    43.157702375         46,175,676      iTLB-load-misses          #   32.56% of all iTLB cache accesses  (36.67%)
    43.157702375                 42      page-faults                                                 
    43.157702375                 19      minor-faults                                                
    43.157702375                  0      major-faults                                                
    43.157702375                163      cpu-migrations                                              
    44.160083415      4,829,813,793      L1-dcache-loads                                               (35.81%)
    44.160083415        456,267,864      L1-dcache-load-misses     #    9.45% of all L1-dcache accesses  (35.82%)
    44.160083415    <not supported>      L1-icache-loads                                             
    44.160083415        844,476,764      L1-icache-load-misses                                         (36.07%)
    44.160083415         97,681,546      LLC-loads                                                     (36.43%)
    44.160083415         37,551,839      LLC-load-misses           #   38.44% of all LL-cache accesses  (36.66%)
    44.160083415         65,329,276      LLC-stores                                                    (18.36%)
    44.160083415         21,819,289      LLC-store-misses                                              (18.36%)
    44.160083415      4,834,592,946      dTLB-loads                                                    (27.53%)
    44.160083415            983,061      dTLB-load-misses          #    0.02% of all dTLB cache accesses  (36.64%)
    44.160083415        109,085,644      iTLB-loads                                                    (36.40%)
    44.160083415         45,126,605      iTLB-load-misses          #   41.37% of all iTLB cache accesses  (36.03%)
    44.160083415                 90      page-faults                                                 
    44.160083415                 51      minor-faults                                                
    44.160083415                  0      major-faults                                                
    44.160083415                150      cpu-migrations                                              
    45.162898021      4,717,560,618      L1-dcache-loads                                               (36.40%)
    45.162898021        419,841,464      L1-dcache-load-misses     #    8.90% of all L1-dcache accesses  (36.66%)
    45.162898021    <not supported>      L1-icache-loads                                             
    45.162898021        837,739,898      L1-icache-load-misses                                         (36.75%)
    45.162898021         87,730,036      LLC-loads                                                     (36.69%)
    45.162898021         34,118,546      LLC-load-misses           #   38.89% of all LL-cache accesses  (36.62%)
    45.162898021         59,766,642      LLC-stores                                                    (18.23%)
    45.162898021         19,074,639      LLC-store-misses                                              (18.09%)
    45.162898021      4,680,493,354      dTLB-loads                                                    (26.98%)
    45.162898021          1,030,663      dTLB-load-misses          #    0.02% of all dTLB cache accesses  (35.91%)
    45.162898021         73,320,944      iTLB-loads                                                    (35.88%)
    45.162898021         42,363,973      iTLB-load-misses          #   57.78% of all iTLB cache accesses  (36.09%)
    45.162898021                 48      page-faults                                                 
    45.162898021                 33      minor-faults                                                
    45.162898021                  0      major-faults                                                
    45.162898021                 64      cpu-migrations                                              
    46.257152619      4,590,761,345      L1-dcache-loads                                               (36.64%)
    46.257152619        398,560,158      L1-dcache-load-misses     #    8.68% of all L1-dcache accesses  (36.47%)
    46.257152619    <not supported>      L1-icache-loads                                             
    46.257152619        806,585,997      L1-icache-load-misses                                         (36.28%)
    46.257152619         79,970,525      LLC-loads                                                     (36.14%)
    46.257152619         31,868,449      LLC-load-misses           #   39.85% of all LL-cache accesses  (36.06%)
    46.257152619         55,900,761      LLC-stores                                                    (17.99%)
    46.257152619         17,375,140      LLC-store-misses                                              (18.11%)
    46.257152619      4,639,624,978      dTLB-loads                                                    (27.29%)
    46.257152619          1,117,636      dTLB-load-misses          #    0.02% of all dTLB cache accesses  (36.50%)
    46.257152619         73,462,466      iTLB-loads                                                    (36.70%)
    46.257152619         38,870,781      iTLB-load-misses          #   52.91% of all iTLB cache accesses  (36.77%)
    46.257152619                 49      page-faults                                                 
    46.257152619                 26      minor-faults                                                
    46.257152619                  2      major-faults                                                
    46.257152619                 81      cpu-migrations                                              
    47.344094260      3,244,550,168      L1-dcache-loads                                               (36.47%)
    47.344094260        254,310,103      L1-dcache-load-misses     #    7.84% of all L1-dcache accesses  (36.69%)
    47.344094260    <not supported>      L1-icache-loads                                             
    47.344094260        555,581,063      L1-icache-load-misses                                         (36.80%)
    47.344094260         41,345,134      LLC-loads                                                     (36.70%)
    47.344094260         14,481,268      LLC-load-misses           #   35.03% of all LL-cache accesses  (36.46%)
    47.344094260         29,607,503      LLC-stores                                                    (18.01%)
    47.344094260          6,218,223      LLC-store-misses                                              (18.03%)
    47.344094260      3,270,650,027      dTLB-loads                                                    (27.07%)
    47.344094260          1,826,628      dTLB-load-misses          #    0.06% of all dTLB cache accesses  (36.12%)
    47.344094260         50,245,691      iTLB-loads                                                    (36.18%)
    47.344094260         22,140,807      iTLB-load-misses          #   44.07% of all iTLB cache accesses  (36.27%)
    47.344094260              2,435      page-faults                                                 
    47.344094260              2,381      minor-faults                                                
    47.344094260                 49      major-faults                                                
    47.344094260                 67      cpu-migrations                                              
