nr_free_pages 16002582
nr_zone_inactive_anon 56615
nr_zone_active_anon 60
nr_zone_inactive_file 67098
nr_zone_active_file 11341
nr_zone_unevictable 4631
nr_zone_write_pending 13
nr_mlock 4631
nr_bounce 0
nr_zspages 0
nr_free_cma 0
numa_hit 66521166
numa_miss 0
numa_foreign 0
numa_interleave 4381
numa_local 30858778
numa_other 35662388
nr_inactive_anon 56615
nr_active_anon 60
nr_inactive_file 67098
nr_active_file 11341
nr_unevictable 4631
nr_slab_reclaimable 16010
nr_slab_unreclaimable 86303
nr_isolated_anon 0
nr_isolated_file 0
workingset_nodes 0
workingset_refault_anon 0
workingset_refault_file 0
workingset_activate_anon 0
workingset_activate_file 0
workingset_restore_anon 0
workingset_restore_file 0
workingset_nodereclaim 0
nr_anon_pages 50419
nr_mapped 60266
nr_file_pages 81084
nr_dirty 13
nr_writeback 0
nr_writeback_temp 0
nr_shmem 592
nr_shmem_hugepages 0
nr_shmem_pmdmapped 0
nr_file_hugepages 0
nr_file_pmdmapped 0
nr_anon_transparent_hugepages 0
nr_vmscan_write 0
nr_vmscan_immediate_reclaim 0
nr_dirtied 21656139
nr_written 21652867
nr_kernel_misc_reclaimable 0
nr_foll_pin_acquired 0
nr_foll_pin_released 0
nr_kernel_stack 15588
nr_page_table_pages 1716
nr_swapcached 0
nr_dirty_threshold 3192449
nr_dirty_background_threshold 1594275
pgpgin 2262618
pgpgout 200910397
pswpin 0
pswpout 0
pgalloc_dma 1024
pgalloc_dma32 1025
pgalloc_normal 66586090
pgalloc_movable 0
allocstall_dma 0
allocstall_dma32 0
allocstall_normal 0
allocstall_movable 0
pgskip_dma 0
pgskip_dma32 0
pgskip_normal 0
pgskip_movable 0
pgfree 82685230
pgactivate 21989047
pgdeactivate 4473
pglazyfree 0
pgfault 40979951
pgmajfault 15927
pglazyfreed 0
pgrefill 0
pgreuse 1634733
pgsteal_kswapd 0
pgsteal_direct 0
pgdemote_kswapd 0
pgdemote_direct 0
pgscan_kswapd 0
pgscan_direct 0
pgscan_direct_throttle 0
pgscan_anon 0
pgscan_file 0
pgsteal_anon 0
pgsteal_file 0
zone_reclaim_failed 0
pginodesteal 0
slabs_scanned 416295
kswapd_inodesteal 0
kswapd_low_wmark_hit_quickly 0
kswapd_high_wmark_hit_quickly 0
pageoutrun 0
pgrotated 7296
drop_pagecache 13
drop_slab 13
oom_kill 0
numa_pte_updates 31114647
numa_huge_pte_updates 0
numa_hint_faults 27321231
numa_hint_faults_local 13183055
numa_pages_migrated 0
pgmigrate_success 0
pgmigrate_fail 0
thp_migration_success 0
thp_migration_fail 0
thp_migration_split 0
compact_migrate_scanned 0
compact_free_scanned 0
compact_isolated 0
compact_stall 0
compact_fail 0
compact_success 0
compact_daemon_wake 0
compact_daemon_migrate_scanned 0
compact_daemon_free_scanned 0
htlb_buddy_alloc_success 0
htlb_buddy_alloc_fail 0
cma_alloc_success 0
cma_alloc_fail 0
unevictable_pgs_culled 361835
unevictable_pgs_scanned 0
unevictable_pgs_rescued 28
unevictable_pgs_mlocked 4659
unevictable_pgs_munlocked 28
unevictable_pgs_cleared 0
unevictable_pgs_stranded 0
thp_fault_alloc 0
thp_fault_fallback 0
thp_fault_fallback_charge 0
thp_collapse_alloc 0
thp_collapse_alloc_failed 0
thp_file_alloc 0
thp_file_fallback 0
thp_file_fallback_charge 0
thp_file_mapped 0
thp_split_page 0
thp_split_page_failed 0
thp_deferred_split_page 0
thp_split_pmd 0
thp_split_pud 0
thp_zero_page_alloc 0
thp_zero_page_alloc_failed 0
thp_swpout 0
thp_swpout_fallback 0
balloon_inflate 0
balloon_deflate 0
balloon_migrate 0
swap_ra 0
swap_ra_hit 0
direct_map_level2_splits 224
direct_map_level3_splits 1
nr_unstable 0
