randread: (g=0): rw=randread, bs=(R) 4096B-4096B, (W) 4096B-4096B, (T) 4096B-4096B, ioengine=psync, iodepth=1
...
fio-3.16
Starting 32 processes

randread: (groupid=0, jobs=32): err= 0: pid=328280: Wed Oct 29 12:04:53 2025
  read: IOPS=153k, BW=598MiB/s (627MB/s)(4096MiB/6855msec)
    clat (nsec): min=355, max=34716k, avg=198333.04, stdev=1379200.22
     lat (nsec): min=382, max=34716k, avg=198412.00, stdev=1379201.39
    clat percentiles (nsec):
     |  1.00th=[    1240],  5.00th=[    1544], 10.00th=[    1752],
     | 20.00th=[    2096], 30.00th=[    2672], 40.00th=[   30592],
     | 50.00th=[   66048], 60.00th=[   71168], 70.00th=[   76288],
     | 80.00th=[   83456], 90.00th=[   97792], 95.00th=[  117248],
     | 99.00th=[ 7110656], 99.50th=[11075584], 99.90th=[20578304],
     | 99.95th=[23199744], 99.99th=[27131904]
   bw (  KiB/s): min=354192, max=1109303, per=100.00%, avg=616688.01, stdev=6905.80, samples=395
   iops        : min=88548, max=277323, avg=154171.62, stdev=1726.43, samples=395
  lat (nsec)   : 500=0.01%, 750=0.01%, 1000=0.10%
  lat (usec)   : 2=17.03%, 4=17.01%, 10=1.65%, 20=1.08%, 50=5.85%
  lat (usec)   : 100=48.14%, 250=7.08%, 500=0.35%, 750=0.11%, 1000=0.05%
  lat (msec)   : 2=0.10%, 4=0.21%, 10=0.56%, 20=0.57%, 50=0.11%
  cpu          : usr=0.60%, sys=4.99%, ctx=768017, majf=0, minf=340
  IO depths    : 1=100.0%, 2=0.0%, 4=0.0%, 8=0.0%, 16=0.0%, 32=0.0%, >=64=0.0%
     submit    : 0=0.0%, 4=100.0%, 8=0.0%, 16=0.0%, 32=0.0%, 64=0.0%, >=64=0.0%
     complete  : 0=0.0%, 4=100.0%, 8=0.0%, 16=0.0%, 32=0.0%, 64=0.0%, >=64=0.0%
     issued rwts: total=1048576,0,0,0 short=0,0,0,0 dropped=0,0,0,0
     latency   : target=0, window=0, percentile=100.00%, depth=1

Run status group 0 (all jobs):
   READ: bw=598MiB/s (627MB/s), 598MiB/s-598MiB/s (627MB/s-627MB/s), io=4096MiB (4295MB), run=6855-6855msec
