randread: (g=0): rw=randread, bs=(R) 128KiB-128KiB, (W) 128KiB-128KiB, (T) 128KiB-128KiB, ioengine=psync, iodepth=1
...
fio-3.16
Starting 2 processes

randread: (groupid=0, jobs=2): err= 0: pid=35381: Thu Oct 30 01:40:25 2025
  read: IOPS=10.2k, BW=1274MiB/s (1335MB/s)(256MiB/201msec)
    clat (usec): min=10, max=8349, avg=188.29, stdev=283.26
     lat (usec): min=10, max=8349, avg=188.33, stdev=283.27
    clat percentiles (usec):
     |  1.00th=[   14],  5.00th=[   17], 10.00th=[   21], 20.00th=[   26],
     | 30.00th=[   30], 40.00th=[  202], 50.00th=[  239], 60.00th=[  265],
     | 70.00th=[  281], 80.00th=[  289], 90.00th=[  306], 95.00th=[  326],
     | 99.00th=[  363], 99.50th=[  375], 99.90th=[  437], 99.95th=[ 8291],
     | 99.99th=[ 8356]
  lat (usec)   : 20=9.23%, 50=27.05%, 100=0.29%, 250=15.97%, 500=47.36%
  lat (msec)   : 10=0.10%
  cpu          : usr=0.00%, sys=28.83%, ctx=1376, majf=0, minf=83
  IO depths    : 1=100.0%, 2=0.0%, 4=0.0%, 8=0.0%, 16=0.0%, 32=0.0%, >=64=0.0%
     submit    : 0=0.0%, 4=100.0%, 8=0.0%, 16=0.0%, 32=0.0%, 64=0.0%, >=64=0.0%
     complete  : 0=0.0%, 4=100.0%, 8=0.0%, 16=0.0%, 32=0.0%, 64=0.0%, >=64=0.0%
     issued rwts: total=2048,0,0,0 short=0,0,0,0 dropped=0,0,0,0
     latency   : target=0, window=0, percentile=100.00%, depth=1

Run status group 0 (all jobs):
   READ: bw=1274MiB/s (1335MB/s), 1274MiB/s-1274MiB/s (1335MB/s-1335MB/s), io=256MiB (268MB), run=201-201msec
