randread: (g=0): rw=randread, bs=(R) 4096B-4096B, (W) 4096B-4096B, (T) 4096B-4096B, ioengine=psync, iodepth=1
...
fio-3.16
Starting 8 processes

randread: (groupid=0, jobs=8): err= 0: pid=327998: Wed Oct 29 12:04:39 2025
  read: IOPS=89.0k, BW=351MiB/s (368MB/s)(1024MiB/2914msec)
    clat (nsec): min=374, max=27729k, avg=85525.38, stdev=444390.80
     lat (nsec): min=400, max=27729k, avg=85613.24, stdev=444391.91
    clat percentiles (nsec):
     |  1.00th=[    1208],  5.00th=[    1512], 10.00th=[    1704],
     | 20.00th=[    2040], 30.00th=[    2544], 40.00th=[   31872],
     | 50.00th=[   68096], 60.00th=[   74240], 70.00th=[   78336],
     | 80.00th=[   83456], 90.00th=[   92672], 95.00th=[  103936],
     | 99.00th=[  569344], 99.50th=[ 2867200], 99.90th=[ 6914048],
     | 99.95th=[ 8454144], 99.99th=[11993088]
   bw (  KiB/s): min=240880, max=493568, per=92.67%, avg=333448.00, stdev=11288.40, samples=40
   iops        : min=60220, max=123390, avg=83361.20, stdev=2822.02, samples=40
  lat (nsec)   : 500=0.01%, 750=0.02%, 1000=0.14%
  lat (usec)   : 2=18.56%, 4=16.05%, 10=1.59%, 20=0.50%, 50=6.08%
  lat (usec)   : 100=50.90%, 250=4.69%, 500=0.35%, 750=0.18%, 1000=0.06%
  lat (msec)   : 2=0.21%, 4=0.36%, 10=0.29%, 20=0.02%, 50=0.01%
  cpu          : usr=1.64%, sys=11.66%, ctx=179517, majf=0, minf=79
  IO depths    : 1=100.0%, 2=0.0%, 4=0.0%, 8=0.0%, 16=0.0%, 32=0.0%, >=64=0.0%
     submit    : 0=0.0%, 4=100.0%, 8=0.0%, 16=0.0%, 32=0.0%, 64=0.0%, >=64=0.0%
     complete  : 0=0.0%, 4=100.0%, 8=0.0%, 16=0.0%, 32=0.0%, 64=0.0%, >=64=0.0%
     issued rwts: total=262144,0,0,0 short=0,0,0,0 dropped=0,0,0,0
     latency   : target=0, window=0, percentile=100.00%, depth=1

Run status group 0 (all jobs):
   READ: bw=351MiB/s (368MB/s), 351MiB/s-351MiB/s (368MB/s-368MB/s), io=1024MiB (1074MB), run=2914-2914msec
