randread: (g=0): rw=randread, bs=(R) 128KiB-128KiB, (W) 128KiB-128KiB, (T) 128KiB-128KiB, ioengine=psync, iodepth=1
...
fio-3.16
Starting 4 processes

randread: (groupid=0, jobs=4): err= 0: pid=35428: Thu Oct 30 01:40:26 2025
  read: IOPS=18.9k, BW=2359MiB/s (2474MB/s)(512MiB/217msec)
    clat (usec): min=5, max=8433, avg=204.04, stdev=288.69
     lat (usec): min=5, max=8433, avg=204.10, stdev=288.69
    clat percentiles (usec):
     |  1.00th=[   15],  5.00th=[   18], 10.00th=[   22], 20.00th=[   28],
     | 30.00th=[   33], 40.00th=[  231], 50.00th=[  260], 60.00th=[  285],
     | 70.00th=[  297], 80.00th=[  314], 90.00th=[  334], 95.00th=[  355],
     | 99.00th=[  400], 99.50th=[  416], 99.90th=[  469], 99.95th=[ 8356],
     | 99.99th=[ 8455]
  lat (usec)   : 10=0.07%, 20=6.42%, 50=29.30%, 100=0.71%, 250=10.40%
  lat (usec)   : 500=53.00%
  lat (msec)   : 10=0.10%
  cpu          : usr=0.00%, sys=27.63%, ctx=2840, majf=0, minf=164
  IO depths    : 1=100.0%, 2=0.0%, 4=0.0%, 8=0.0%, 16=0.0%, 32=0.0%, >=64=0.0%
     submit    : 0=0.0%, 4=100.0%, 8=0.0%, 16=0.0%, 32=0.0%, 64=0.0%, >=64=0.0%
     complete  : 0=0.0%, 4=100.0%, 8=0.0%, 16=0.0%, 32=0.0%, 64=0.0%, >=64=0.0%
     issued rwts: total=4096,0,0,0 short=0,0,0,0 dropped=0,0,0,0
     latency   : target=0, window=0, percentile=100.00%, depth=1

Run status group 0 (all jobs):
   READ: bw=2359MiB/s (2474MB/s), 2359MiB/s-2359MiB/s (2474MB/s-2474MB/s), io=512MiB (537MB), run=217-217msec
