randwrite: (g=0): rw=randwrite, bs=(R) 4096B-4096B, (W) 4096B-4096B, (T) 4096B-4096B, ioengine=psync, iodepth=1
...
fio-3.16
Starting 2 processes

randwrite: (groupid=0, jobs=2): err= 0: pid=24168: Wed Oct 29 13:42:04 2025
  write: IOPS=107k, BW=420MiB/s (440MB/s)(256MiB/610msec); 0 zone resets
    clat (usec): min=7, max=373, avg=16.06, stdev= 5.23
     lat (usec): min=7, max=373, avg=16.13, stdev= 5.25
    clat percentiles (nsec):
     |  1.00th=[ 9920],  5.00th=[11328], 10.00th=[11840], 20.00th=[12608],
     | 30.00th=[13376], 40.00th=[14272], 50.00th=[15040], 60.00th=[15808],
     | 70.00th=[16768], 80.00th=[18048], 90.00th=[20352], 95.00th=[26240],
     | 99.00th=[36096], 99.50th=[38656], 99.90th=[49920], 99.95th=[59136],
     | 99.99th=[84480]
   bw (  KiB/s): min=482304, max=482304, per=100.00%, avg=482304.00, stdev= 0.00, samples=2
   iops        : min=120576, max=120576, avg=120576.00, stdev= 0.00, samples=2
  lat (usec)   : 10=1.30%, 20=87.56%, 50=11.04%, 100=0.09%, 250=0.01%
  lat (usec)   : 500=0.01%
  cpu          : usr=3.87%, sys=44.24%, ctx=65584, majf=0, minf=20
  IO depths    : 1=100.0%, 2=0.0%, 4=0.0%, 8=0.0%, 16=0.0%, 32=0.0%, >=64=0.0%
     submit    : 0=0.0%, 4=100.0%, 8=0.0%, 16=0.0%, 32=0.0%, 64=0.0%, >=64=0.0%
     complete  : 0=0.0%, 4=100.0%, 8=0.0%, 16=0.0%, 32=0.0%, 64=0.0%, >=64=0.0%
     issued rwts: total=0,65536,0,2 short=0,0,0,0 dropped=0,0,0,0
     latency   : target=0, window=0, percentile=100.00%, depth=1

Run status group 0 (all jobs):
  WRITE: bw=420MiB/s (440MB/s), 420MiB/s-420MiB/s (440MB/s-440MB/s), io=256MiB (268MB), run=610-610msec
