randwrite: (g=0): rw=randwrite, bs=(R) 4096B-4096B, (W) 4096B-4096B, (T) 4096B-4096B, ioengine=psync, iodepth=1
fio-3.16
Starting 1 process

randwrite: (groupid=0, jobs=1): err= 0: pid=329240: Wed Oct 29 12:05:13 2025
  write: IOPS=66.2k, BW=259MiB/s (271MB/s)(128MiB/495msec); 0 zone resets
    clat (usec): min=7, max=550, avg=13.46, stdev= 6.12
     lat (usec): min=7, max=550, avg=13.53, stdev= 6.15
    clat percentiles (nsec):
     |  1.00th=[ 8768],  5.00th=[ 9152], 10.00th=[ 9408], 20.00th=[10304],
     | 30.00th=[10560], 40.00th=[10944], 50.00th=[11584], 60.00th=[12480],
     | 70.00th=[13504], 80.00th=[14912], 90.00th=[19584], 95.00th=[27264],
     | 99.00th=[31104], 99.50th=[32640], 99.90th=[49920], 99.95th=[56576],
     | 99.99th=[70144]
  lat (usec)   : 10=15.44%, 20=74.77%, 50=9.70%, 100=0.09%, 250=0.01%
  lat (usec)   : 750=0.01%
  cpu          : usr=4.05%, sys=45.34%, ctx=32780, majf=0, minf=8
  IO depths    : 1=100.0%, 2=0.0%, 4=0.0%, 8=0.0%, 16=0.0%, 32=0.0%, >=64=0.0%
     submit    : 0=0.0%, 4=100.0%, 8=0.0%, 16=0.0%, 32=0.0%, 64=0.0%, >=64=0.0%
     complete  : 0=0.0%, 4=100.0%, 8=0.0%, 16=0.0%, 32=0.0%, 64=0.0%, >=64=0.0%
     issued rwts: total=0,32768,0,1 short=0,0,0,0 dropped=0,0,0,0
     latency   : target=0, window=0, percentile=100.00%, depth=1

Run status group 0 (all jobs):
  WRITE: bw=259MiB/s (271MB/s), 259MiB/s-259MiB/s (271MB/s-271MB/s), io=128MiB (134MB), run=495-495msec
