randread: (g=0): rw=randread, bs=(R) 4096B-4096B, (W) 4096B-4096B, (T) 4096B-4096B, ioengine=psync, iodepth=1
...
fio-3.16
Starting 4 processes

randread: (groupid=0, jobs=4): err= 0: pid=327877: Wed Oct 29 12:04:36 2025
  read: IOPS=64.4k, BW=252MiB/s (264MB/s)(512MiB/2035msec)
    clat (nsec): min=405, max=8080.8k, avg=61005.21, stdev=155740.65
     lat (nsec): min=431, max=8081.5k, avg=61076.74, stdev=155742.91
    clat percentiles (nsec):
     |  1.00th=[   1176],  5.00th=[   1464], 10.00th=[   1672],
     | 20.00th=[   1992], 30.00th=[   2480], 40.00th=[  33024],
     | 50.00th=[  71168], 60.00th=[  77312], 70.00th=[  82432],
     | 80.00th=[  86528], 90.00th=[  92672], 95.00th=[ 101888],
     | 99.00th=[ 187392], 99.50th=[ 872448], 99.90th=[2375680],
     | 99.95th=[3227648], 99.99th=[5406720]
   bw (  KiB/s): min=176856, max=385240, per=99.55%, avg=256474.00, stdev=20604.52, samples=16
   iops        : min=44214, max=96310, avg=64118.50, stdev=5151.13, samples=16
  lat (nsec)   : 500=0.01%, 750=0.01%, 1000=0.21%
  lat (usec)   : 2=19.80%, 4=14.92%, 10=1.60%, 20=0.33%, 50=6.22%
  lat (usec)   : 100=51.16%, 250=4.87%, 500=0.21%, 750=0.12%, 1000=0.11%
  lat (msec)   : 2=0.30%, 4=0.12%, 10=0.03%
  cpu          : usr=1.65%, sys=16.91%, ctx=87605, majf=0, minf=36
  IO depths    : 1=100.0%, 2=0.0%, 4=0.0%, 8=0.0%, 16=0.0%, 32=0.0%, >=64=0.0%
     submit    : 0=0.0%, 4=100.0%, 8=0.0%, 16=0.0%, 32=0.0%, 64=0.0%, >=64=0.0%
     complete  : 0=0.0%, 4=100.0%, 8=0.0%, 16=0.0%, 32=0.0%, 64=0.0%, >=64=0.0%
     issued rwts: total=131072,0,0,0 short=0,0,0,0 dropped=0,0,0,0
     latency   : target=0, window=0, percentile=100.00%, depth=1

Run status group 0 (all jobs):
   READ: bw=252MiB/s (264MB/s), 252MiB/s-252MiB/s (264MB/s-264MB/s), io=512MiB (537MB), run=2035-2035msec
