randread: (g=0): rw=randread, bs=(R) 4096B-4096B, (W) 4096B-4096B, (T) 4096B-4096B, ioengine=psync, iodepth=1
...
fio-3.16
Starting 16 processes

randread: (groupid=0, jobs=16): err= 0: pid=20917: Thu Oct 30 01:19:53 2025
  read: IOPS=334k, BW=1306MiB/s (1370MB/s)(2048MiB/1568msec)
    clat (nsec): min=375, max=8035.1k, avg=46772.88, stdev=58211.25
     lat (nsec): min=401, max=8035.4k, avg=46843.01, stdev=58216.07
    clat percentiles (nsec):
     |  1.00th=[  1208],  5.00th=[  1496], 10.00th=[  1656], 20.00th=[  1944],
     | 30.00th=[  2352], 40.00th=[ 24448], 50.00th=[ 66048], 60.00th=[ 69120],
     | 70.00th=[ 72192], 80.00th=[ 77312], 90.00th=[ 86528], 95.00th=[ 95744],
     | 99.00th=[120320], 99.50th=[132096], 99.90th=[160768], 99.95th=[177152],
     | 99.99th=[222208]
   bw (  MiB/s): min=  921, max= 1731, per=97.36%, avg=1271.61, stdev=21.49, samples=48
   iops        : min=235872, max=443326, avg=325534.00, stdev=5501.72, samples=48
  lat (nsec)   : 500=0.01%, 750=0.01%, 1000=0.13%
  lat (usec)   : 2=21.66%, 4=12.49%, 10=1.62%, 20=1.85%, 50=5.55%
  lat (usec)   : 100=52.93%, 250=3.75%, 500=0.01%, 1000=0.01%
  lat (msec)   : 2=0.01%, 4=0.01%, 10=0.01%
  cpu          : usr=2.32%, sys=16.00%, ctx=379645, majf=0, minf=179
  IO depths    : 1=100.0%, 2=0.0%, 4=0.0%, 8=0.0%, 16=0.0%, 32=0.0%, >=64=0.0%
     submit    : 0=0.0%, 4=100.0%, 8=0.0%, 16=0.0%, 32=0.0%, 64=0.0%, >=64=0.0%
     complete  : 0=0.0%, 4=100.0%, 8=0.0%, 16=0.0%, 32=0.0%, 64=0.0%, >=64=0.0%
     issued rwts: total=524288,0,0,0 short=0,0,0,0 dropped=0,0,0,0
     latency   : target=0, window=0, percentile=100.00%, depth=1

Run status group 0 (all jobs):
   READ: bw=1306MiB/s (1370MB/s), 1306MiB/s-1306MiB/s (1370MB/s-1370MB/s), io=2048MiB (2147MB), run=1568-1568msec
