randread: (g=0): rw=randread, bs=(R) 128KiB-128KiB, (W) 128KiB-128KiB, (T) 128KiB-128KiB, ioengine=psync, iodepth=1
...
fio-3.16
Starting 16 processes

randread: (groupid=0, jobs=16): err= 0: pid=35530: Thu Oct 30 01:40:28 2025
  read: IOPS=38.2k, BW=4774MiB/s (5006MB/s)(2048MiB/429msec)
    clat (usec): min=6, max=9013, avg=410.58, stdev=416.43
     lat (usec): min=6, max=9013, avg=410.68, stdev=416.44
    clat percentiles (usec):
     |  1.00th=[   19],  5.00th=[   26], 10.00th=[   30], 20.00th=[   37],
     | 30.00th=[   47], 40.00th=[  383], 50.00th=[  457], 60.00th=[  506],
     | 70.00th=[  562], 80.00th=[  644], 90.00th=[  816], 95.00th=[  971],
     | 99.00th=[ 1287], 99.50th=[ 1434], 99.90th=[ 2180], 99.95th=[ 8717],
     | 99.99th=[ 8979]
  lat (usec)   : 10=0.11%, 20=1.79%, 50=29.34%, 100=4.21%, 250=1.70%
  lat (usec)   : 500=22.01%, 750=27.78%, 1000=8.80%
  lat (msec)   : 2=4.16%, 4=0.01%, 10=0.10%
  cpu          : usr=0.15%, sys=17.33%, ctx=12314, majf=0, minf=670
  IO depths    : 1=100.0%, 2=0.0%, 4=0.0%, 8=0.0%, 16=0.0%, 32=0.0%, >=64=0.0%
     submit    : 0=0.0%, 4=100.0%, 8=0.0%, 16=0.0%, 32=0.0%, 64=0.0%, >=64=0.0%
     complete  : 0=0.0%, 4=100.0%, 8=0.0%, 16=0.0%, 32=0.0%, 64=0.0%, >=64=0.0%
     issued rwts: total=16384,0,0,0 short=0,0,0,0 dropped=0,0,0,0
     latency   : target=0, window=0, percentile=100.00%, depth=1

Run status group 0 (all jobs):
   READ: bw=4774MiB/s (5006MB/s), 4774MiB/s-4774MiB/s (5006MB/s-5006MB/s), io=2048MiB (2147MB), run=429-429msec
