randwrite: (g=0): rw=randwrite, bs=(R) 128KiB-128KiB, (W) 128KiB-128KiB, (T) 128KiB-128KiB, ioengine=psync, iodepth=1
...
fio-3.16
Starting 8 processes

randwrite: (groupid=0, jobs=8): err= 0: pid=36251: Thu Oct 30 01:40:43 2025
  write: IOPS=24.4k, BW=3048MiB/s (3196MB/s)(1024MiB/336msec); 0 zone resets
    clat (usec): min=38, max=202, avg=106.39, stdev=22.34
     lat (usec): min=39, max=203, avg=107.27, stdev=22.36
    clat percentiles (usec):
     |  1.00th=[   73],  5.00th=[   77], 10.00th=[   78], 20.00th=[   79],
     | 30.00th=[   81], 40.00th=[  117], 50.00th=[  119], 60.00th=[  120],
     | 70.00th=[  121], 80.00th=[  122], 90.00th=[  125], 95.00th=[  129],
     | 99.00th=[  161], 99.50th=[  167], 99.90th=[  176], 99.95th=[  178],
     | 99.99th=[  204]
  lat (usec)   : 50=0.22%, 100=35.57%, 250=64.21%
  cpu          : usr=0.30%, sys=14.50%, ctx=8264, majf=0, minf=64
  IO depths    : 1=100.1%, 2=0.0%, 4=0.0%, 8=0.0%, 16=0.0%, 32=0.0%, >=64=0.0%
     submit    : 0=0.0%, 4=100.0%, 8=0.0%, 16=0.0%, 32=0.0%, 64=0.0%, >=64=0.0%
     complete  : 0=0.0%, 4=100.0%, 8=0.0%, 16=0.0%, 32=0.0%, 64=0.0%, >=64=0.0%
     issued rwts: total=0,8192,0,8 short=0,0,0,0 dropped=0,0,0,0
     latency   : target=0, window=0, percentile=100.00%, depth=1

Run status group 0 (all jobs):
  WRITE: bw=3048MiB/s (3196MB/s), 3048MiB/s-3048MiB/s (3196MB/s-3196MB/s), io=1024MiB (1074MB), run=336-336msec
