read: (g=0): rw=read, bs=(R) 4096B-4096B, (W) 4096B-4096B, (T) 4096B-4096B, ioengine=psync, iodepth=1
...
fio-3.16
Starting 4 processes

read: (groupid=0, jobs=4): err= 0: pid=21620: Wed Oct 29 13:41:10 2025
  read: IOPS=485k, BW=1896MiB/s (1988MB/s)(512MiB/270msec)
    clat (nsec): min=410, max=8346.3k, avg=6031.88, stdev=72658.08
     lat (nsec): min=436, max=8346.0k, avg=6077.34, stdev=72661.08
    clat percentiles (nsec):
     |  1.00th=[    524],  5.00th=[    588], 10.00th=[    636],
     | 20.00th=[    724], 30.00th=[    852], 40.00th=[   1004],
     | 50.00th=[   1128], 60.00th=[   1240], 70.00th=[   1368],
     | 80.00th=[   1544], 90.00th=[   1800], 95.00th=[   2096],
     | 99.00th=[ 187392], 99.50th=[ 284672], 99.90th=[ 552960],
     | 99.95th=[ 692224], 99.99th=[2965504]
  lat (nsec)   : 500=0.59%, 750=21.79%, 1000=17.19%
  lat (usec)   : 2=54.38%, 4=4.27%, 10=0.08%, 20=0.05%, 50=0.01%
  lat (usec)   : 100=0.12%, 250=0.86%, 500=0.53%, 750=0.09%, 1000=0.01%
  lat (msec)   : 2=0.01%, 4=0.02%, 10=0.01%
  cpu          : usr=5.13%, sys=46.30%, ctx=1929, majf=0, minf=48
  IO depths    : 1=100.0%, 2=0.0%, 4=0.0%, 8=0.0%, 16=0.0%, 32=0.0%, >=64=0.0%
     submit    : 0=0.0%, 4=100.0%, 8=0.0%, 16=0.0%, 32=0.0%, 64=0.0%, >=64=0.0%
     complete  : 0=0.0%, 4=100.0%, 8=0.0%, 16=0.0%, 32=0.0%, 64=0.0%, >=64=0.0%
     issued rwts: total=131072,0,0,0 short=0,0,0,0 dropped=0,0,0,0
     latency   : target=0, window=0, percentile=100.00%, depth=1

Run status group 0 (all jobs):
   READ: bw=1896MiB/s (1988MB/s), 1896MiB/s-1896MiB/s (1988MB/s-1988MB/s), io=512MiB (537MB), run=270-270msec
