read: (g=0): rw=read, bs=(R) 128KiB-128KiB, (W) 128KiB-128KiB, (T) 128KiB-128KiB, ioengine=psync, iodepth=1
fio-3.16
Starting 1 process

read: (groupid=0, jobs=1): err= 0: pid=34876: Thu Oct 30 01:40:16 2025
  read: IOPS=10.0k, BW=1255MiB/s (1316MB/s)(128MiB/102msec)
    clat (usec): min=8, max=8596, avg=99.04, stdev=276.42
     lat (usec): min=8, max=8596, avg=99.07, stdev=276.42
    clat percentiles (usec):
     |  1.00th=[   11],  5.00th=[   12], 10.00th=[   12], 20.00th=[   14],
     | 30.00th=[   32], 40.00th=[   33], 50.00th=[   58], 60.00th=[  116],
     | 70.00th=[  141], 80.00th=[  161], 90.00th=[  206], 95.00th=[  233],
     | 99.00th=[  262], 99.50th=[  281], 99.90th=[  285], 99.95th=[ 8586],
     | 99.99th=[ 8586]
  lat (usec)   : 10=0.78%, 20=22.56%, 50=26.46%, 100=2.54%, 250=46.19%
  lat (usec)   : 500=1.37%
  lat (msec)   : 10=0.10%
  cpu          : usr=0.00%, sys=61.39%, ctx=467, majf=0, minf=42
  IO depths    : 1=100.0%, 2=0.0%, 4=0.0%, 8=0.0%, 16=0.0%, 32=0.0%, >=64=0.0%
     submit    : 0=0.0%, 4=100.0%, 8=0.0%, 16=0.0%, 32=0.0%, 64=0.0%, >=64=0.0%
     complete  : 0=0.0%, 4=100.0%, 8=0.0%, 16=0.0%, 32=0.0%, 64=0.0%, >=64=0.0%
     issued rwts: total=1024,0,0,0 short=0,0,0,0 dropped=0,0,0,0
     latency   : target=0, window=0, percentile=100.00%, depth=1

Run status group 0 (all jobs):
   READ: bw=1255MiB/s (1316MB/s), 1255MiB/s-1255MiB/s (1316MB/s-1316MB/s), io=128MiB (134MB), run=102-102msec
