read: (g=0): rw=read, bs=(R) 128KiB-128KiB, (W) 128KiB-128KiB, (T) 128KiB-128KiB, ioengine=psync, iodepth=1
...
fio-3.16
Starting 4 processes

read: (groupid=0, jobs=4): err= 0: pid=34969: Thu Oct 30 01:40:18 2025
  read: IOPS=21.8k, BW=2723MiB/s (2856MB/s)(512MiB/188msec)
    clat (usec): min=8, max=9009, avg=169.16, stdev=319.06
     lat (usec): min=8, max=9009, avg=169.22, stdev=319.06
    clat percentiles (usec):
     |  1.00th=[   12],  5.00th=[   13], 10.00th=[   14], 20.00th=[   20],
     | 30.00th=[   25], 40.00th=[   36], 50.00th=[  106], 60.00th=[  192],
     | 70.00th=[  245], 80.00th=[  297], 90.00th=[  375], 95.00th=[  469],
     | 99.00th=[  717], 99.50th=[  775], 99.90th=[  988], 99.95th=[ 8848],
     | 99.99th=[ 8979]
  lat (usec)   : 10=0.15%, 20=20.41%, 50=27.81%, 100=1.34%, 250=21.66%
  lat (usec)   : 500=24.54%, 750=3.39%, 1000=0.61%
  lat (msec)   : 10=0.10%
  cpu          : usr=0.72%, sys=44.44%, ctx=2101, majf=0, minf=169
  IO depths    : 1=100.0%, 2=0.0%, 4=0.0%, 8=0.0%, 16=0.0%, 32=0.0%, >=64=0.0%
     submit    : 0=0.0%, 4=100.0%, 8=0.0%, 16=0.0%, 32=0.0%, 64=0.0%, >=64=0.0%
     complete  : 0=0.0%, 4=100.0%, 8=0.0%, 16=0.0%, 32=0.0%, 64=0.0%, >=64=0.0%
     issued rwts: total=4096,0,0,0 short=0,0,0,0 dropped=0,0,0,0
     latency   : target=0, window=0, percentile=100.00%, depth=1

Run status group 0 (all jobs):
   READ: bw=2723MiB/s (2856MB/s), 2723MiB/s-2723MiB/s (2856MB/s-2856MB/s), io=512MiB (537MB), run=188-188msec
