write: (g=0): rw=write, bs=(R) 4096B-4096B, (W) 4096B-4096B, (T) 4096B-4096B, ioengine=psync, iodepth=1
fio-3.16
Starting 1 process

write: (groupid=0, jobs=1): err= 0: pid=21055: Thu Oct 30 01:19:57 2025
  write: IOPS=87.8k, BW=343MiB/s (360MB/s)(128MiB/373msec); 0 zone resets
    clat (nsec): min=8266, max=38730, avg=9114.41, stdev=839.06
     lat (nsec): min=8342, max=39152, avg=9177.17, stdev=841.96
    clat percentiles (nsec):
     |  1.00th=[ 8512],  5.00th=[ 8640], 10.00th=[ 8640], 20.00th=[ 8768],
     | 30.00th=[ 8768], 40.00th=[ 8768], 50.00th=[ 8896], 60.00th=[ 8896],
     | 70.00th=[ 9024], 80.00th=[ 9280], 90.00th=[ 9920], 95.00th=[10304],
     | 99.00th=[11584], 99.50th=[12224], 99.90th=[19840], 99.95th=[21376],
     | 99.99th=[33024]
  lat (usec)   : 10=91.69%, 20=8.22%, 50=0.09%
  cpu          : usr=4.30%, sys=30.65%, ctx=32773, majf=0, minf=10
  IO depths    : 1=100.0%, 2=0.0%, 4=0.0%, 8=0.0%, 16=0.0%, 32=0.0%, >=64=0.0%
     submit    : 0=0.0%, 4=100.0%, 8=0.0%, 16=0.0%, 32=0.0%, 64=0.0%, >=64=0.0%
     complete  : 0=0.0%, 4=100.0%, 8=0.0%, 16=0.0%, 32=0.0%, 64=0.0%, >=64=0.0%
     issued rwts: total=0,32768,0,1 short=0,0,0,0 dropped=0,0,0,0
     latency   : target=0, window=0, percentile=100.00%, depth=1

Run status group 0 (all jobs):
  WRITE: bw=343MiB/s (360MB/s), 343MiB/s-343MiB/s (360MB/s-360MB/s), io=128MiB (134MB), run=373-373msec
