write: (g=0): rw=write, bs=(R) 128KiB-128KiB, (W) 128KiB-128KiB, (T) 128KiB-128KiB, ioengine=psync, iodepth=1
...
fio-3.16
Starting 8 processes

write: (groupid=0, jobs=8): err= 0: pid=35864: Thu Oct 30 01:40:34 2025
  write: IOPS=16.9k, BW=2111MiB/s (2214MB/s)(1024MiB/485msec); 0 zone resets
    clat (usec): min=110, max=298, avg=126.93, stdev=10.58
     lat (usec): min=111, max=308, avg=127.83, stdev=10.65
    clat percentiles (usec):
     |  1.00th=[  116],  5.00th=[  117], 10.00th=[  119], 20.00th=[  120],
     | 30.00th=[  122], 40.00th=[  124], 50.00th=[  126], 60.00th=[  127],
     | 70.00th=[  129], 80.00th=[  131], 90.00th=[  135], 95.00th=[  149],
     | 99.00th=[  172], 99.50th=[  174], 99.90th=[  186], 99.95th=[  190],
     | 99.99th=[  297]
  lat (usec)   : 250=99.98%, 500=0.02%
  cpu          : usr=0.57%, sys=10.75%, ctx=8255, majf=0, minf=85
  IO depths    : 1=100.1%, 2=0.0%, 4=0.0%, 8=0.0%, 16=0.0%, 32=0.0%, >=64=0.0%
     submit    : 0=0.0%, 4=100.0%, 8=0.0%, 16=0.0%, 32=0.0%, 64=0.0%, >=64=0.0%
     complete  : 0=0.0%, 4=100.0%, 8=0.0%, 16=0.0%, 32=0.0%, 64=0.0%, >=64=0.0%
     issued rwts: total=0,8192,0,8 short=0,0,0,0 dropped=0,0,0,0
     latency   : target=0, window=0, percentile=100.00%, depth=1

Run status group 0 (all jobs):
  WRITE: bw=2111MiB/s (2214MB/s), 2111MiB/s-2111MiB/s (2214MB/s-2214MB/s), io=1024MiB (1074MB), run=485-485msec
