write: (g=0): rw=write, bs=(R) 128KiB-128KiB, (W) 128KiB-128KiB, (T) 128KiB-128KiB, ioengine=psync, iodepth=1
...
fio-3.16
Starting 32 processes

write: (groupid=0, jobs=32): err= 0: pid=35978: Thu Oct 30 01:40:39 2025
  write: IOPS=17.2k, BW=2147MiB/s (2251MB/s)(4096MiB/1908msec); 0 zone resets
    clat (usec): min=109, max=1241.4k, avg=575.09, stdev=9707.75
     lat (usec): min=109, max=1241.4k, avg=577.15, stdev=9707.74
    clat percentiles (usec):
     |  1.00th=[  192],  5.00th=[  289], 10.00th=[  347], 20.00th=[  383],
     | 30.00th=[  416], 40.00th=[  449], 50.00th=[  490], 60.00th=[  529],
     | 70.00th=[  562], 80.00th=[  594], 90.00th=[  627], 95.00th=[  660],
     | 99.00th=[  742], 99.50th=[  783], 99.90th=[ 1680], 99.95th=[23200],
     | 99.99th=[23462]
   bw (  MiB/s): min= 3848, max= 4220, per=100.00%, avg=4034.52, stdev=41.69, samples=21
   iops        : min=30778, max=33760, avg=32269.50, stdev=333.44, samples=21
  lat (usec)   : 250=3.51%, 500=48.73%, 750=46.93%, 1000=0.64%
  lat (msec)   : 2=0.09%, 4=0.01%, 10=0.01%, 20=0.01%, 50=0.05%
  lat (msec)   : 2000=0.01%
  cpu          : usr=0.17%, sys=13.27%, ctx=32619, majf=1, minf=354
  IO depths    : 1=100.1%, 2=0.0%, 4=0.0%, 8=0.0%, 16=0.0%, 32=0.0%, >=64=0.0%
     submit    : 0=0.0%, 4=100.0%, 8=0.0%, 16=0.0%, 32=0.0%, 64=0.0%, >=64=0.0%
     complete  : 0=0.0%, 4=100.0%, 8=0.0%, 16=0.0%, 32=0.0%, 64=0.0%, >=64=0.0%
     issued rwts: total=0,32768,0,32 short=0,0,0,0 dropped=0,0,0,0
     latency   : target=0, window=0, percentile=100.00%, depth=1

Run status group 0 (all jobs):
  WRITE: bw=2147MiB/s (2251MB/s), 2147MiB/s-2147MiB/s (2251MB/s-2251MB/s), io=4096MiB (4295MB), run=1908-1908msec
