write: (g=0): rw=write, bs=(R) 128KiB-128KiB, (W) 128KiB-128KiB, (T) 128KiB-128KiB, ioengine=psync, iodepth=1
...
fio-3.16
Starting 2 processes

write: (groupid=0, jobs=2): err= 0: pid=53842: Thu Oct 30 02:05:44 2025
  write: IOPS=9437, BW=1180MiB/s (1237MB/s)(1024MiB/868msec); 0 zone resets
    clat (usec): min=106, max=228, avg=130.55, stdev=17.68
     lat (usec): min=107, max=238, avg=131.38, stdev=17.70
    clat percentiles (usec):
     |  1.00th=[  112],  5.00th=[  114], 10.00th=[  115], 20.00th=[  116],
     | 30.00th=[  117], 40.00th=[  119], 50.00th=[  121], 60.00th=[  133],
     | 70.00th=[  147], 80.00th=[  151], 90.00th=[  155], 95.00th=[  157],
     | 99.00th=[  176], 99.50th=[  186], 99.90th=[  210], 99.95th=[  221],
     | 99.99th=[  229]
   bw (  KiB/s): min=891904, max=891904, per=73.83%, avg=891904.00, stdev= 0.00, samples=1
   iops        : min= 6968, max= 6968, avg=6968.00, stdev= 0.00, samples=1
  lat (usec)   : 250=100.00%
  cpu          : usr=0.42%, sys=26.77%, ctx=8204, majf=0, minf=21
  IO depths    : 1=100.0%, 2=0.0%, 4=0.0%, 8=0.0%, 16=0.0%, 32=0.0%, >=64=0.0%
     submit    : 0=0.0%, 4=100.0%, 8=0.0%, 16=0.0%, 32=0.0%, 64=0.0%, >=64=0.0%
     complete  : 0=0.0%, 4=100.0%, 8=0.0%, 16=0.0%, 32=0.0%, 64=0.0%, >=64=0.0%
     issued rwts: total=0,8192,0,2 short=0,0,0,0 dropped=0,0,0,0
     latency   : target=0, window=0, percentile=100.00%, depth=1

Run status group 0 (all jobs):
  WRITE: bw=1180MiB/s (1237MB/s), 1180MiB/s-1180MiB/s (1237MB/s-1237MB/s), io=1024MiB (1074MB), run=868-868msec
