write: (g=0): rw=write, bs=(R) 4096B-4096B, (W) 4096B-4096B, (T) 4096B-4096B, ioengine=psync, iodepth=1
...
fio-3.16
Starting 2 processes

write: (groupid=0, jobs=2): err= 0: pid=328462: Wed Oct 29 12:04:56 2025
  write: IOPS=109k, BW=425MiB/s (445MB/s)(256MiB/603msec); 0 zone resets
    clat (usec): min=9, max=511, avg=15.40, stdev= 5.24
     lat (usec): min=9, max=511, avg=15.47, stdev= 5.26
    clat percentiles (nsec):
     |  1.00th=[10304],  5.00th=[11072], 10.00th=[11456], 20.00th=[12096],
     | 30.00th=[12736], 40.00th=[13376], 50.00th=[14016], 60.00th=[14912],
     | 70.00th=[15936], 80.00th=[17536], 90.00th=[19840], 95.00th=[27520],
     | 99.00th=[34048], 99.50th=[36096], 99.90th=[46848], 99.95th=[54528],
     | 99.99th=[78336]
   bw (  KiB/s): min=500568, max=500568, per=100.00%, avg=500568.00, stdev= 0.00, samples=2
   iops        : min=125142, max=125142, avg=125142.00, stdev= 0.00, samples=2
  lat (usec)   : 10=0.11%, 20=90.40%, 50=9.43%, 100=0.06%, 750=0.01%
  cpu          : usr=4.03%, sys=44.20%, ctx=65564, majf=0, minf=21
  IO depths    : 1=100.0%, 2=0.0%, 4=0.0%, 8=0.0%, 16=0.0%, 32=0.0%, >=64=0.0%
     submit    : 0=0.0%, 4=100.0%, 8=0.0%, 16=0.0%, 32=0.0%, 64=0.0%, >=64=0.0%
     complete  : 0=0.0%, 4=100.0%, 8=0.0%, 16=0.0%, 32=0.0%, 64=0.0%, >=64=0.0%
     issued rwts: total=0,65536,0,2 short=0,0,0,0 dropped=0,0,0,0
     latency   : target=0, window=0, percentile=100.00%, depth=1

Run status group 0 (all jobs):
  WRITE: bw=425MiB/s (445MB/s), 425MiB/s-425MiB/s (445MB/s-445MB/s), io=256MiB (268MB), run=603-603msec
