write: (g=0): rw=write, bs=(R) 128KiB-128KiB, (W) 128KiB-128KiB, (T) 128KiB-128KiB, ioengine=psync, iodepth=1
fio-3.16
Starting 1 process

write: (groupid=0, jobs=1): err= 0: pid=35722: Thu Oct 30 01:40:31 2025
  write: IOPS=5785, BW=723MiB/s (758MB/s)(128MiB/177msec); 0 zone resets
    clat (usec): min=103, max=167, avg=109.05, stdev= 6.72
     lat (usec): min=103, max=168, avg=109.93, stdev= 6.90
    clat percentiles (usec):
     |  1.00th=[  104],  5.00th=[  105], 10.00th=[  105], 20.00th=[  106],
     | 30.00th=[  108], 40.00th=[  108], 50.00th=[  109], 60.00th=[  109],
     | 70.00th=[  110], 80.00th=[  111], 90.00th=[  113], 95.00th=[  120],
     | 99.00th=[  143], 99.50th=[  157], 99.90th=[  165], 99.95th=[  167],
     | 99.99th=[  167]
  lat (usec)   : 250=100.00%
  cpu          : usr=0.00%, sys=28.41%, ctx=1029, majf=0, minf=10
  IO depths    : 1=100.1%, 2=0.0%, 4=0.0%, 8=0.0%, 16=0.0%, 32=0.0%, >=64=0.0%
     submit    : 0=0.0%, 4=100.0%, 8=0.0%, 16=0.0%, 32=0.0%, 64=0.0%, >=64=0.0%
     complete  : 0=0.0%, 4=100.0%, 8=0.0%, 16=0.0%, 32=0.0%, 64=0.0%, >=64=0.0%
     issued rwts: total=0,1024,0,1 short=0,0,0,0 dropped=0,0,0,0
     latency   : target=0, window=0, percentile=100.00%, depth=1

Run status group 0 (all jobs):
  WRITE: bw=723MiB/s (758MB/s), 723MiB/s-723MiB/s (758MB/s-758MB/s), io=128MiB (134MB), run=177-177msec
