write: (g=0): rw=write, bs=(R) 4096B-4096B, (W) 4096B-4096B, (T) 4096B-4096B, ioengine=psync, iodepth=1
...
fio-3.16
Starting 32 processes

write: (groupid=0, jobs=32): err= 0: pid=23701: Wed Oct 29 13:42:00 2025
  write: IOPS=143k, BW=559MiB/s (587MB/s)(4096MiB/7322msec); 0 zone resets
    clat (usec): min=9, max=80195, avg=189.59, stdev=343.13
     lat (usec): min=10, max=80195, avg=189.70, stdev=343.13
    clat percentiles (usec):
     |  1.00th=[   20],  5.00th=[   34], 10.00th=[   51], 20.00th=[   73],
     | 30.00th=[   91], 40.00th=[  111], 50.00th=[  135], 60.00th=[  163],
     | 70.00th=[  202], 80.00th=[  265], 90.00th=[  379], 95.00th=[  510],
     | 99.00th=[  873], 99.50th=[ 1090], 99.90th=[ 2180], 99.95th=[ 2966],
     | 99.99th=[ 7111]
   bw (  KiB/s): min=342520, max=1105006, per=100.00%, avg=637449.83, stdev=8339.11, samples=376
   iops        : min=85630, max=276249, avg=159360.43, stdev=2084.78, samples=376
  lat (usec)   : 10=0.01%, 20=1.20%, 50=8.63%, 100=24.98%, 250=43.49%
  lat (usec)   : 500=16.49%, 750=3.60%, 1000=0.97%
  lat (msec)   : 2=0.53%, 4=0.09%, 10=0.02%, 20=0.01%, 50=0.01%
  lat (msec)   : 100=0.01%
  cpu          : usr=0.69%, sys=83.94%, ctx=1039794, majf=0, minf=771
  IO depths    : 1=100.0%, 2=0.0%, 4=0.0%, 8=0.0%, 16=0.0%, 32=0.0%, >=64=0.0%
     submit    : 0=0.0%, 4=100.0%, 8=0.0%, 16=0.0%, 32=0.0%, 64=0.0%, >=64=0.0%
     complete  : 0=0.0%, 4=100.0%, 8=0.0%, 16=0.0%, 32=0.0%, 64=0.0%, >=64=0.0%
     issued rwts: total=0,1048576,0,32 short=0,0,0,0 dropped=0,0,0,0
     latency   : target=0, window=0, percentile=100.00%, depth=1

Run status group 0 (all jobs):
  WRITE: bw=559MiB/s (587MB/s), 559MiB/s-559MiB/s (587MB/s-587MB/s), io=4096MiB (4295MB), run=7322-7322msec
