/usr/bin/java  -classpath /home/ldy/src/YCSB/conf:/home/ldy/src/YCSB/core/target/core-0.17.0.jar:/home/ldy/src/YCSB/rocksdb/target/rocksdb-binding-0.17.0.jar:/home/ldy/src/YCSB/rocksdb/target/dependency/HdrHistogram-2.1.4.jar:/home/ldy/src/YCSB/rocksdb/target/dependency/htrace-core4-4.1.0-incubating.jar:/home/ldy/src/YCSB/rocksdb/target/dependency/jcip-annotations-1.0.jar:/home/ldy/src/YCSB/rocksdb/target/dependency/rocksdbjni-5.11.3.jar:/home/ldy/src/YCSB/rocksdb/target/dependency/slf4j-api-1.7.25.jar:/home/ldy/src/YCSB/rocksdb/target/dependency/slf4j-simple-1.7.25.jar site.ycsb.Client -t -db site.ycsb.db.rocksdb.RocksDBClient -P ../../../YCSB/workloads/workloadd -threads 40 -p operationcount=100000000 -p rocksdb.dir=/mnt/test
Command line: -t -db site.ycsb.db.rocksdb.RocksDBClient -P ../../../YCSB/workloads/workloadd -threads 40 -p operationcount=100000000 -p rocksdb.dir=/mnt/test
YCSB Client 0.17.0

Loading workload...
Starting test.
[Thread-34] INFO site.ycsb.db.rocksdb.RocksDBClient - RocksDB data dir: /mnt/test
DBWrapper: report latency for each error is false and specific error codes to track for latency are: []
DBWrapper: report latency for each error is false and specific error codes to track for latency are: []
DBWrapper: report latency for each error is false and specific error codes to track for latency are: []
DBWrapper: report latency for each error is false and specific error codes to track for latency are: []
DBWrapper: report latency for each error is false and specific error codes to track for latency are: []
DBWrapper: report latency for each error is false and specific error codes to track for latency are: []
DBWrapper: report latency for each error is false and specific error codes to track for latency are: []
DBWrapper: report latency for each error is false and specific error codes to track for latency are: []
DBWrapper: report latency for each error is false and specific error codes to track for latency are: []
DBWrapper: report latency for each error is false and specific error codes to track for latency are: []
DBWrapper: report latency for each error is false and specific error codes to track for latency are: []
DBWrapper: report latency for each error is false and specific error codes to track for latency are: []
DBWrapper: report latency for each error is false and specific error codes to track for latency are: []
DBWrapper: report latency for each error is false and specific error codes to track for latency are: []
DBWrapper: report latency for each error is false and specific error codes to track for latency are: []
DBWrapper: report latency for each error is false and specific error codes to track for latency are: []
DBWrapper: report latency for each error is false and specific error codes to track for latency are: []
DBWrapper: report latency for each error is false and specific error codes to track for latency are: []
DBWrapper: report latency for each error is false and specific error codes to track for latency are: []
DBWrapper: report latency for each error is false and specific error codes to track for latency are: []
DBWrapper: report latency for each error is false and specific error codes to track for latency are: []
DBWrapper: report latency for each error is false and specific error codes to track for latency are: []
DBWrapper: report latency for each error is false and specific error codes to track for latency are: []
DBWrapper: report latency for each error is false and specific error codes to track for latency are: []
DBWrapper: report latency for each error is false and specific error codes to track for latency are: []
DBWrapper: report latency for each error is false and specific error codes to track for latency are: []
DBWrapper: report latency for each error is false and specific error codes to track for latency are: []
DBWrapper: report latency for each error is false and specific error codes to track for latency are: []
DBWrapper: report latency for each error is false and specific error codes to track for latency are: []
DBWrapper: report latency for each error is false and specific error codes to track for latency are: []
DBWrapper: report latency for each error is false and specific error codes to track for latency are: []
DBWrapper: report latency for each error is false and specific error codes to track for latency are: []
DBWrapper: report latency for each error is false and specific error codes to track for latency are: []
DBWrapper: report latency for each error is false and specific error codes to track for latency are: []
DBWrapper: report latency for each error is false and specific error codes to track for latency are: []
DBWrapper: report latency for each error is false and specific error codes to track for latency are: []
DBWrapper: report latency for each error is false and specific error codes to track for latency are: []
DBWrapper: report latency for each error is false and specific error codes to track for latency are: []
DBWrapper: report latency for each error is false and specific error codes to track for latency are: []
DBWrapper: report latency for each error is false and specific error codes to track for latency are: []
[OVERALL], RunTime(ms), 137076
[OVERALL], Throughput(ops/sec), 729522.3087922028
[TOTAL_GCS_G1_Young_Generation], Count, 276
[TOTAL_GC_TIME_G1_Young_Generation], Time(ms), 382
[TOTAL_GC_TIME_%_G1_Young_Generation], Time(%), 0.2786775219586215
[TOTAL_GCS_G1_Old_Generation], Count, 0
[TOTAL_GC_TIME_G1_Old_Generation], Time(ms), 0
[TOTAL_GC_TIME_%_G1_Old_Generation], Time(%), 0.0
[TOTAL_GCs], Count, 276
[TOTAL_GC_TIME], Time(ms), 382
[TOTAL_GC_TIME_%], Time(%), 0.2786775219586215
[READ], Operations, 94975074
[READ], AverageLatency(us), 32.17310408202472
[READ], MinLatency(us), 1
[READ], MaxLatency(us), 61119
[READ], 95thPercentileLatency(us), 108
[READ], 99thPercentileLatency(us), 154
[READ], Return=OK, 94975074
[READ], Return=NOT_FOUND, 26266
[CLEANUP], Operations, 40
[CLEANUP], AverageLatency(us), 1379.175
[CLEANUP], MinLatency(us), 4
[CLEANUP], MaxLatency(us), 54943
[CLEANUP], 95thPercentileLatency(us), 9
[CLEANUP], 99thPercentileLatency(us), 54943
[READ-FAILED], Operations, 26266
[READ-FAILED], AverageLatency(us), 72.84360009137288
[READ-FAILED], MinLatency(us), 0
[READ-FAILED], MaxLatency(us), 33087
[READ-FAILED], 95thPercentileLatency(us), 112
[READ-FAILED], 99thPercentileLatency(us), 160
[INSERT], Operations, 4998660
[INSERT], AverageLatency(us), 417.8609053226265
[INSERT], MinLatency(us), 14
[INSERT], MaxLatency(us), 62783
[INSERT], 95thPercentileLatency(us), 1177
[INSERT], 99thPercentileLatency(us), 2279
[INSERT], Return=OK, 4998660
