nr_free_pages 15967760
nr_zone_inactive_anon 73817
nr_zone_active_anon 54
nr_zone_inactive_file 43552
nr_zone_active_file 36091
nr_zone_unevictable 4631
nr_zone_write_pending 2
nr_mlock 4631
nr_bounce 0
nr_zspages 0
nr_free_cma 0
numa_hit 1907765886
numa_miss 0
numa_foreign 0
numa_interleave 4377
numa_local 1047135719
numa_other 860502972
nr_inactive_anon 73817
nr_active_anon 54
nr_inactive_file 43552
nr_active_file 36091
nr_unevictable 4631
nr_slab_reclaimable 20983
nr_slab_unreclaimable 57558
nr_isolated_anon 0
nr_isolated_file 0
workingset_nodes 0
workingset_refault_anon 0
workingset_refault_file 0
workingset_activate_anon 0
workingset_activate_file 0
workingset_restore_anon 0
workingset_restore_file 0
workingset_nodereclaim 0
nr_anon_pages 75725
nr_mapped 71494
nr_file_pages 82425
nr_dirty 60
nr_writeback 0
nr_writeback_temp 0
nr_shmem 603
nr_shmem_hugepages 0
nr_shmem_pmdmapped 0
nr_file_hugepages 0
nr_file_pmdmapped 0
nr_anon_transparent_hugepages 0
nr_vmscan_write 0
nr_vmscan_immediate_reclaim 0
nr_dirtied 661701688
nr_written 659269929
nr_kernel_misc_reclaimable 0
nr_foll_pin_acquired 0
nr_foll_pin_released 0
nr_kernel_stack 11592
nr_page_table_pages 1622
nr_swapcached 0
nr_dirty_threshold 3185727
nr_dirty_background_threshold 1590918
pgpgin 12452436
pgpgout 3419661665
pswpin 0
pswpout 0
pgalloc_dma 1024
pgalloc_dma32 1025
pgalloc_normal 1907473734
pgalloc_movable 0
allocstall_dma 0
allocstall_dma32 0
allocstall_normal 0
allocstall_movable 0
pgskip_dma 0
pgskip_dma32 0
pgskip_normal 0
pgskip_movable 0
pgfree 1924340843
pgactivate 92436214
pgdeactivate 30787
pglazyfree 0
pgfault 334147552
pgmajfault 94951
pglazyfreed 0
pgrefill 0
pgreuse 20884594
pgsteal_kswapd 0
pgsteal_direct 0
pgdemote_kswapd 0
pgdemote_direct 0
pgscan_kswapd 0
pgscan_direct 0
pgscan_direct_throttle 0
pgscan_anon 0
pgscan_file 0
pgsteal_anon 0
pgsteal_file 0
zone_reclaim_failed 0
pginodesteal 11871
slabs_scanned 8213211
kswapd_inodesteal 0
kswapd_low_wmark_hit_quickly 0
kswapd_high_wmark_hit_quickly 0
pageoutrun 0
pgrotated 158561
drop_pagecache 61
drop_slab 61
oom_kill 0
numa_pte_updates 197404753
numa_huge_pte_updates 0
numa_hint_faults 173803338
numa_hint_faults_local 130302990
numa_pages_migrated 0
pgmigrate_success 807690
pgmigrate_fail 108
thp_migration_success 0
thp_migration_fail 0
thp_migration_split 0
compact_migrate_scanned 1566888
compact_free_scanned 197225
compact_isolated 1615482
compact_stall 0
compact_fail 0
compact_success 0
compact_daemon_wake 0
compact_daemon_migrate_scanned 0
compact_daemon_free_scanned 0
htlb_buddy_alloc_success 0
htlb_buddy_alloc_fail 0
cma_alloc_success 0
cma_alloc_fail 0
unevictable_pgs_culled 361836
unevictable_pgs_scanned 0
unevictable_pgs_rescued 28
unevictable_pgs_mlocked 4659
unevictable_pgs_munlocked 28
unevictable_pgs_cleared 0
unevictable_pgs_stranded 0
thp_fault_alloc 0
thp_fault_fallback 0
thp_fault_fallback_charge 0
thp_collapse_alloc 0
thp_collapse_alloc_failed 0
thp_file_alloc 0
thp_file_fallback 0
thp_file_fallback_charge 0
thp_file_mapped 0
thp_split_page 0
thp_split_page_failed 0
thp_deferred_split_page 0
thp_split_pmd 0
thp_split_pud 0
thp_zero_page_alloc 0
thp_zero_page_alloc_failed 0
thp_swpout 0
thp_swpout_fallback 0
balloon_inflate 0
balloon_deflate 0
balloon_migrate 0
swap_ra 0
swap_ra_hit 0
direct_map_level2_splits 342
direct_map_level3_splits 1
nr_unstable 0
