/usr/bin/java  -classpath /home/ldy/src/YCSB/conf:/home/ldy/src/YCSB/core/target/core-0.17.0.jar:/home/ldy/src/YCSB/rocksdb/target/rocksdb-binding-0.17.0.jar:/home/ldy/src/YCSB/rocksdb/target/dependency/HdrHistogram-2.1.4.jar:/home/ldy/src/YCSB/rocksdb/target/dependency/htrace-core4-4.1.0-incubating.jar:/home/ldy/src/YCSB/rocksdb/target/dependency/jcip-annotations-1.0.jar:/home/ldy/src/YCSB/rocksdb/target/dependency/rocksdbjni-5.11.3.jar:/home/ldy/src/YCSB/rocksdb/target/dependency/slf4j-api-1.7.25.jar:/home/ldy/src/YCSB/rocksdb/target/dependency/slf4j-simple-1.7.25.jar site.ycsb.Client -t -db site.ycsb.db.rocksdb.RocksDBClient -P ../../../YCSB/LDY_bound_setting/cpu_bound_run.properties -p rocksdb.dir=/mnt/test -p rocksdb.optionsfile=../../../YCSB/LDY_bound_setting/cpu_bound.ini
Command line: -t -db site.ycsb.db.rocksdb.RocksDBClient -P ../../../YCSB/LDY_bound_setting/cpu_bound_run.properties -p rocksdb.dir=/mnt/test -p rocksdb.optionsfile=../../../YCSB/LDY_bound_setting/cpu_bound.ini
YCSB Client 0.17.0

Loading workload...
Starting test.
[Thread-1] INFO site.ycsb.db.rocksdb.RocksDBClient - RocksDB data dir: /mnt/test
DBWrapper: report latency for each error is false and specific error codes to track for latency are: []
[OVERALL], RunTime(ms), 74265
[OVERALL], Throughput(ops/sec), 10772.234565407662
[TOTAL_GCS_G1_Young_Generation], Count, 15
[TOTAL_GC_TIME_G1_Young_Generation], Time(ms), 95
[TOTAL_GC_TIME_%_G1_Young_Generation], Time(%), 0.127920285464216
[TOTAL_GCS_G1_Old_Generation], Count, 0
[TOTAL_GC_TIME_G1_Old_Generation], Time(ms), 0
[TOTAL_GC_TIME_%_G1_Old_Generation], Time(%), 0.0
[TOTAL_GCs], Count, 15
[TOTAL_GC_TIME], Time(ms), 95
[TOTAL_GC_TIME_%], Time(%), 0.127920285464216
[READ], Operations, 399946
[READ], AverageLatency(us), 64.36353157676287
[READ], MinLatency(us), 1
[READ], MaxLatency(us), 34687
[READ], 95thPercentileLatency(us), 154
[READ], 99thPercentileLatency(us), 328
[READ], Return=OK, 399946
[CLEANUP], Operations, 1
[CLEANUP], AverageLatency(us), 85856.0
[CLEANUP], MinLatency(us), 85824
[CLEANUP], MaxLatency(us), 85887
[CLEANUP], 95thPercentileLatency(us), 85887
[CLEANUP], 99thPercentileLatency(us), 85887
[UPDATE], Operations, 400054
[UPDATE], AverageLatency(us), 114.69315142455768
[UPDATE], MinLatency(us), 34
[UPDATE], MaxLatency(us), 32927
[UPDATE], 95thPercentileLatency(us), 212
[UPDATE], 99thPercentileLatency(us), 405
[UPDATE], Return=OK, 400054
