randread: (g=0): rw=randread, bs=(R) 4096B-4096B, (W) 4096B-4096B, (T) 4096B-4096B, ioengine=libaio, iodepth=16
...
fio-3.16
Starting 2 processes

randread: (groupid=0, jobs=2): err= 0: pid=386465: Wed Oct 22 09:39:30 2025
  read: IOPS=14.0k, BW=58.5MiB/s (61.4MB/s)(256MiB/4375msec)
    slat (nsec): min=1010, max=1011.4k, avg=132014.89, stdev=128754.67
    clat (nsec): min=1500, max=4610.3k, avg=2002206.57, stdev=768611.36
     lat (usec): min=4, max=4837, avg=2134.42, stdev=809.68
    clat percentiles (usec):
     |  1.00th=[  486],  5.00th=[  791], 10.00th=[  996], 20.00th=[ 1270],
     | 30.00th=[ 1516], 40.00th=[ 1762], 50.00th=[ 1991], 60.00th=[ 2212],
     | 70.00th=[ 2442], 80.00th=[ 2704], 90.00th=[ 3032], 95.00th=[ 3261],
     | 99.00th=[ 3687], 99.50th=[ 3818], 99.90th=[ 4113], 99.95th=[ 4228],
     | 99.99th=[ 4424]
   bw (  KiB/s): min=40222, max=83648, per=92.89%, avg=55656.75, stdev=7255.32, samples=16
   iops        : min=10054, max=20912, avg=13914.00, stdev=1813.94, samples=16
  lat (usec)   : 2=0.01%, 4=0.01%, 10=0.01%, 20=0.01%, 50=0.01%
  lat (usec)   : 100=0.01%, 250=0.08%, 500=0.95%, 750=3.10%, 1000=5.99%
  lat (msec)   : 2=40.41%, 4=49.24%, 10=0.21%
  cpu          : usr=1.14%, sys=10.45%, ctx=80959, majf=0, minf=53
  IO depths    : 1=0.1%, 2=0.1%, 4=0.1%, 8=0.1%, 16=100.0%, 32=0.0%, >=64=0.0%
     submit    : 0=0.0%, 4=100.0%, 8=0.0%, 16=0.0%, 32=0.0%, 64=0.0%, >=64=0.0%
     complete  : 0=0.0%, 4=100.0%, 8=0.0%, 16=0.1%, 32=0.0%, 64=0.0%, >=64=0.0%
     issued rwts: total=65536,0,0,0 short=0,0,0,0 dropped=0,0,0,0
     latency   : target=0, window=0, percentile=100.00%, depth=16

Run status group 0 (all jobs):
   READ: bw=58.5MiB/s (61.4MB/s), 58.5MiB/s-58.5MiB/s (61.4MB/s-61.4MB/s), io=256MiB (268MB), run=4375-4375msec
