randread: (g=0): rw=randread, bs=(R) 128KiB-128KiB, (W) 128KiB-128KiB, (T) 128KiB-128KiB, ioengine=libaio, iodepth=16
...
fio-3.16
Starting 8 processes

randread: (groupid=0, jobs=8): err= 0: pid=172057: Wed Oct 22 08:54:53 2025
  read: IOPS=9547, BW=1193MiB/s (1251MB/s)(1024MiB/858msec)
    slat (usec): min=31, max=6866, avg=798.58, stdev=701.51
    clat (nsec): min=1992, max=22691k, avg=11868538.94, stdev=3686174.62
     lat (usec): min=77, max=23068, avg=12667.63, stdev=3859.07
    clat percentiles (usec):
     |  1.00th=[ 3261],  5.00th=[ 5669], 10.00th=[ 7046], 20.00th=[ 8586],
     | 30.00th=[ 9896], 40.00th=[10945], 50.00th=[11994], 60.00th=[12911],
     | 70.00th=[13960], 80.00th=[15270], 90.00th=[16712], 95.00th=[17695],
     | 99.00th=[19530], 99.50th=[20055], 99.90th=[20579], 99.95th=[21103],
     | 99.99th=[22676]
   bw (  MiB/s): min= 1052, max= 1052, per=88.17%, avg=1052.25, stdev= 0.00, samples=8
   iops        : min= 8418, max= 8418, avg=8418.00, stdev= 0.00, samples=8
  lat (usec)   : 2=0.01%, 4=0.07%, 10=0.01%, 100=0.01%, 500=0.02%
  lat (usec)   : 750=0.02%, 1000=0.10%
  lat (msec)   : 2=0.27%, 4=0.84%, 10=29.91%, 20=68.21%, 50=0.51%
  cpu          : usr=0.59%, sys=40.21%, ctx=10566, majf=0, minf=4184
  IO depths    : 1=0.1%, 2=0.2%, 4=0.4%, 8=0.8%, 16=98.5%, 32=0.0%, >=64=0.0%
     submit    : 0=0.0%, 4=100.0%, 8=0.0%, 16=0.0%, 32=0.0%, 64=0.0%, >=64=0.0%
     complete  : 0=0.0%, 4=99.9%, 8=0.0%, 16=0.1%, 32=0.0%, 64=0.0%, >=64=0.0%
     issued rwts: total=8192,0,0,0 short=0,0,0,0 dropped=0,0,0,0
     latency   : target=0, window=0, percentile=100.00%, depth=16

Run status group 0 (all jobs):
   READ: bw=1193MiB/s (1251MB/s), 1193MiB/s-1193MiB/s (1251MB/s-1251MB/s), io=1024MiB (1074MB), run=858-858msec
