randwrite: (g=0): rw=randwrite, bs=(R) 4096B-4096B, (W) 4096B-4096B, (T) 4096B-4096B, ioengine=libaio, iodepth=16
...
fio-3.16
Starting 8 processes

randwrite: (groupid=0, jobs=8): err= 0: pid=218532: Wed Oct 22 08:58:09 2025
  write: IOPS=113k, BW=440MiB/s (462MB/s)(1024MiB/2325msec); 0 zone resets
    slat (usec): min=11, max=4888, avg=59.68, stdev=56.91
    clat (nsec): min=997, max=5854.4k, avg=919305.18, stdev=295673.76
     lat (usec): min=18, max=5908, avg=979.23, stdev=307.32
    clat percentiles (usec):
     |  1.00th=[  594],  5.00th=[  660], 10.00th=[  693], 20.00th=[  734],
     | 30.00th=[  775], 40.00th=[  807], 50.00th=[  840], 60.00th=[  889],
     | 70.00th=[  938], 80.00th=[ 1029], 90.00th=[ 1237], 95.00th=[ 1467],
     | 99.00th=[ 2024], 99.50th=[ 2245], 99.90th=[ 3752], 99.95th=[ 4228],
     | 99.99th=[ 5211]
   bw (  KiB/s): min=497424, max=536032, per=100.00%, avg=520192.00, stdev=1919.74, samples=31
   iops        : min=124356, max=134008, avg=130048.00, stdev=479.93, samples=31
  lat (nsec)   : 1000=0.01%
  lat (usec)   : 2=0.01%, 4=0.01%, 20=0.01%, 50=0.01%, 100=0.01%
  lat (usec)   : 250=0.01%, 500=0.27%, 750=23.29%, 1000=53.81%
  lat (msec)   : 2=21.55%, 4=0.97%, 10=0.08%
  cpu          : usr=3.56%, sys=26.69%, ctx=265498, majf=0, minf=91
  IO depths    : 1=0.1%, 2=0.1%, 4=0.1%, 8=0.1%, 16=100.0%, 32=0.0%, >=64=0.0%
     submit    : 0=0.0%, 4=100.0%, 8=0.0%, 16=0.0%, 32=0.0%, 64=0.0%, >=64=0.0%
     complete  : 0=0.0%, 4=100.0%, 8=0.0%, 16=0.1%, 32=0.0%, 64=0.0%, >=64=0.0%
     issued rwts: total=0,262144,0,8 short=0,0,0,0 dropped=0,0,0,0
     latency   : target=0, window=0, percentile=100.00%, depth=16

Run status group 0 (all jobs):
  WRITE: bw=440MiB/s (462MB/s), 440MiB/s-440MiB/s (462MB/s-462MB/s), io=1024MiB (1074MB), run=2325-2325msec
