randread: (g=0): rw=randread, bs=(R) 128KiB-128KiB, (W) 128KiB-128KiB, (T) 128KiB-128KiB, ioengine=libaio, iodepth=16
fio-3.16
Starting 1 process

randread: (groupid=0, jobs=1): err= 0: pid=171843: Wed Oct 22 08:54:25 2025
  read: IOPS=2370, BW=296MiB/s (311MB/s)(128MiB/432msec)
    slat (usec): min=45, max=1587, avg=419.76, stdev=274.78
    clat (nsec): min=1858, max=16611k, avg=6193414.76, stdev=2139057.07
     lat (usec): min=553, max=18021, avg=6613.44, stdev=2271.71
    clat percentiles (usec):
     |  1.00th=[ 2008],  5.00th=[ 2933], 10.00th=[ 3654], 20.00th=[ 4490],
     | 30.00th=[ 5145], 40.00th=[ 5669], 50.00th=[ 6128], 60.00th=[ 6587],
     | 70.00th=[ 7046], 80.00th=[ 7701], 90.00th=[ 8586], 95.00th=[ 9241],
     | 99.00th=[15270], 99.50th=[15926], 99.90th=[16581], 99.95th=[16581],
     | 99.99th=[16581]
  lat (usec)   : 2=0.10%, 750=0.20%, 1000=0.20%
  lat (msec)   : 2=0.49%, 4=12.70%, 10=84.08%, 20=2.25%
  cpu          : usr=0.00%, sys=38.28%, ctx=1308, majf=0, minf=521
  IO depths    : 1=0.1%, 2=0.2%, 4=0.4%, 8=0.8%, 16=98.5%, 32=0.0%, >=64=0.0%
     submit    : 0=0.0%, 4=100.0%, 8=0.0%, 16=0.0%, 32=0.0%, 64=0.0%, >=64=0.0%
     complete  : 0=0.0%, 4=99.9%, 8=0.0%, 16=0.1%, 32=0.0%, 64=0.0%, >=64=0.0%
     issued rwts: total=1024,0,0,0 short=0,0,0,0 dropped=0,0,0,0
     latency   : target=0, window=0, percentile=100.00%, depth=16

Run status group 0 (all jobs):
   READ: bw=296MiB/s (311MB/s), 296MiB/s-296MiB/s (311MB/s-311MB/s), io=128MiB (134MB), run=432-432msec
