randwrite: (g=0): rw=randwrite, bs=(R) 4096B-4096B, (W) 4096B-4096B, (T) 4096B-4096B, ioengine=libaio, iodepth=16
fio-3.16
Starting 1 process

randwrite: (groupid=0, jobs=1): err= 0: pid=217966: Wed Oct 22 08:57:37 2025
  write: IOPS=34.7k, BW=136MiB/s (142MB/s)(128MiB/944msec); 0 zone resets
    slat (usec): min=13, max=107, avg=27.22, stdev= 6.60
    clat (nsec): min=1356, max=741914, avg=425578.60, stdev=36174.22
     lat (usec): min=24, max=851, avg=452.98, stdev=37.85
    clat percentiles (usec):
     |  1.00th=[  359],  5.00th=[  375], 10.00th=[  383], 20.00th=[  396],
     | 30.00th=[  404], 40.00th=[  412], 50.00th=[  424], 60.00th=[  433],
     | 70.00th=[  441], 80.00th=[  457], 90.00th=[  474], 95.00th=[  490],
     | 99.00th=[  523], 99.50th=[  537], 99.90th=[  570], 99.95th=[  578],
     | 99.99th=[  693]
   bw (  KiB/s): min=135536, max=135536, per=97.62%, avg=135536.00, stdev= 0.00, samples=1
   iops        : min=33884, max=33884, avg=33884.00, stdev= 0.00, samples=1
  lat (usec)   : 2=0.01%, 50=0.01%, 100=0.01%, 250=0.02%, 500=97.09%
  lat (usec)   : 750=2.87%
  cpu          : usr=6.04%, sys=39.24%, ctx=32781, majf=0, minf=9
  IO depths    : 1=0.1%, 2=0.1%, 4=0.1%, 8=0.1%, 16=100.0%, 32=0.0%, >=64=0.0%
     submit    : 0=0.0%, 4=100.0%, 8=0.0%, 16=0.0%, 32=0.0%, 64=0.0%, >=64=0.0%
     complete  : 0=0.0%, 4=100.0%, 8=0.0%, 16=0.1%, 32=0.0%, 64=0.0%, >=64=0.0%
     issued rwts: total=0,32768,0,1 short=0,0,0,0 dropped=0,0,0,0
     latency   : target=0, window=0, percentile=100.00%, depth=16

Run status group 0 (all jobs):
  WRITE: bw=136MiB/s (142MB/s), 136MiB/s-136MiB/s (142MB/s-142MB/s), io=128MiB (134MB), run=944-944msec
