randread: (g=0): rw=randread, bs=(R) 4096B-4096B, (W) 4096B-4096B, (T) 4096B-4096B, ioengine=libaio, iodepth=16
fio-3.16
Starting 1 process

randread: (groupid=0, jobs=1): err= 0: pid=386415: Wed Oct 22 09:39:18 2025
  read: IOPS=7841, BW=30.6MiB/s (32.1MB/s)(128MiB/4179msec)
    slat (nsec): min=1153, max=941003, avg=126127.32, stdev=120904.00
    clat (nsec): min=1396, max=4691.8k, avg=1912548.70, stdev=722892.82
     lat (usec): min=3, max=4915, avg=2038.84, stdev=761.69
    clat percentiles (usec):
     |  1.00th=[  490],  5.00th=[  791], 10.00th=[  971], 20.00th=[ 1237],
     | 30.00th=[ 1450], 40.00th=[ 1663], 50.00th=[ 1893], 60.00th=[ 2114],
     | 70.00th=[ 2343], 80.00th=[ 2606], 90.00th=[ 2868], 95.00th=[ 3097],
     | 99.00th=[ 3458], 99.50th=[ 3589], 99.90th=[ 3916], 99.95th=[ 4047],
     | 99.99th=[ 4555]
   bw (  KiB/s): min=21368, max=47552, per=96.40%, avg=30236.00, stdev=9100.75, samples=8
   iops        : min= 5342, max=11888, avg=7559.00, stdev=2275.19, samples=8
  lat (usec)   : 2=0.01%, 10=0.01%, 100=0.01%, 250=0.09%, 500=0.98%
  lat (usec)   : 750=3.01%, 1000=6.82%
  lat (msec)   : 2=43.81%, 4=45.21%, 10=0.06%
  cpu          : usr=1.60%, sys=10.20%, ctx=40572, majf=0, minf=25
  IO depths    : 1=0.1%, 2=0.1%, 4=0.1%, 8=0.1%, 16=100.0%, 32=0.0%, >=64=0.0%
     submit    : 0=0.0%, 4=100.0%, 8=0.0%, 16=0.0%, 32=0.0%, 64=0.0%, >=64=0.0%
     complete  : 0=0.0%, 4=100.0%, 8=0.0%, 16=0.1%, 32=0.0%, 64=0.0%, >=64=0.0%
     issued rwts: total=32768,0,0,0 short=0,0,0,0 dropped=0,0,0,0
     latency   : target=0, window=0, percentile=100.00%, depth=16

Run status group 0 (all jobs):
   READ: bw=30.6MiB/s (32.1MB/s), 30.6MiB/s-30.6MiB/s (32.1MB/s-32.1MB/s), io=128MiB (134MB), run=4179-4179msec
