randwrite: (g=0): rw=randwrite, bs=(R) 128KiB-128KiB, (W) 128KiB-128KiB, (T) 128KiB-128KiB, ioengine=libaio, iodepth=16
...
fio-3.16
Starting 4 processes

randwrite: (groupid=0, jobs=4): err= 0: pid=259120: Wed Oct 22 08:59:05 2025
  write: IOPS=6196, BW=775MiB/s (812MB/s)(512MiB/661msec); 0 zone resets
    slat (usec): min=88, max=4705, avg=540.84, stdev=462.58
    clat (nsec): min=1892, max=14356k, avg=8034461.22, stdev=2306871.09
     lat (usec): min=220, max=15257, avg=8575.78, stdev=2409.66
    clat percentiles (usec):
     |  1.00th=[ 2835],  5.00th=[ 4752], 10.00th=[ 5473], 20.00th=[ 6128],
     | 30.00th=[ 6652], 40.00th=[ 7242], 50.00th=[ 7832], 60.00th=[ 8291],
     | 70.00th=[ 8979], 80.00th=[10290], 90.00th=[11600], 95.00th=[11994],
     | 99.00th=[13042], 99.50th=[13304], 99.90th=[13698], 99.95th=[13960],
     | 99.99th=[14353]
   bw (  KiB/s): min=889088, max=889088, per=100.00%, avg=889088.00, stdev= 0.00, samples=4
   iops        : min= 6946, max= 6946, avg=6946.00, stdev= 0.00, samples=4
  lat (usec)   : 2=0.02%, 4=0.05%, 10=0.02%, 250=0.02%, 500=0.10%
  lat (usec)   : 750=0.10%, 1000=0.10%
  lat (msec)   : 2=0.32%, 4=1.86%, 10=76.05%, 20=21.36%
  cpu          : usr=4.33%, sys=34.91%, ctx=4358, majf=0, minf=42
  IO depths    : 1=0.2%, 2=0.2%, 4=0.4%, 8=0.8%, 16=98.5%, 32=0.0%, >=64=0.0%
     submit    : 0=0.0%, 4=100.0%, 8=0.0%, 16=0.0%, 32=0.0%, 64=0.0%, >=64=0.0%
     complete  : 0=0.0%, 4=99.9%, 8=0.0%, 16=0.1%, 32=0.0%, 64=0.0%, >=64=0.0%
     issued rwts: total=0,4096,0,4 short=0,0,0,0 dropped=0,0,0,0
     latency   : target=0, window=0, percentile=100.00%, depth=16

Run status group 0 (all jobs):
  WRITE: bw=775MiB/s (812MB/s), 775MiB/s-775MiB/s (812MB/s-812MB/s), io=512MiB (537MB), run=661-661msec
