randread: (g=0): rw=randread, bs=(R) 128KiB-128KiB, (W) 128KiB-128KiB, (T) 128KiB-128KiB, ioengine=libaio, iodepth=16
...
fio-3.16
Starting 16 processes

randread: (groupid=0, jobs=16): err= 0: pid=172164: Wed Oct 22 08:55:03 2025
  read: IOPS=11.9k, BW=1482MiB/s (1554MB/s)(2048MiB/1382msec)
    slat (usec): min=28, max=10523, avg=1318.78, stdev=1119.24
    clat (nsec): min=1745, max=37554k, avg=19610074.59, stdev=5727499.45
     lat (usec): min=148, max=39693, avg=20930.11, stdev=6008.39
    clat percentiles (usec):
     |  1.00th=[ 4293],  5.00th=[10290], 10.00th=[12387], 20.00th=[14877],
     | 30.00th=[16581], 40.00th=[18220], 50.00th=[19792], 60.00th=[21103],
     | 70.00th=[22676], 80.00th=[24511], 90.00th=[26870], 95.00th=[28705],
     | 99.00th=[32375], 99.50th=[33424], 99.90th=[35390], 99.95th=[35390],
     | 99.99th=[36963]
   bw (  MiB/s): min= 1155, max= 1532, per=90.70%, avg=1344.12, stdev=12.41, samples=32
   iops        : min= 9246, max=12260, avg=10753.00, stdev=99.30, samples=32
  lat (usec)   : 2=0.01%, 4=0.04%, 10=0.04%, 20=0.01%, 250=0.03%
  lat (usec)   : 500=0.03%, 750=0.02%, 1000=0.02%
  lat (msec)   : 2=0.28%, 4=0.41%, 10=3.58%, 20=47.31%, 50=48.22%
  cpu          : usr=0.51%, sys=35.50%, ctx=24704, majf=0, minf=8364
  IO depths    : 1=0.1%, 2=0.2%, 4=0.4%, 8=0.8%, 16=98.5%, 32=0.0%, >=64=0.0%
     submit    : 0=0.0%, 4=100.0%, 8=0.0%, 16=0.0%, 32=0.0%, 64=0.0%, >=64=0.0%
     complete  : 0=0.0%, 4=99.9%, 8=0.0%, 16=0.1%, 32=0.0%, 64=0.0%, >=64=0.0%
     issued rwts: total=16384,0,0,0 short=0,0,0,0 dropped=0,0,0,0
     latency   : target=0, window=0, percentile=100.00%, depth=16

Run status group 0 (all jobs):
   READ: bw=1482MiB/s (1554MB/s), 1482MiB/s-1482MiB/s (1554MB/s-1554MB/s), io=2048MiB (2147MB), run=1382-1382msec
