randwrite: (g=0): rw=randwrite, bs=(R) 128KiB-128KiB, (W) 128KiB-128KiB, (T) 128KiB-128KiB, ioengine=libaio, iodepth=16
fio-3.16
Starting 1 process

randwrite: (groupid=0, jobs=1): err= 0: pid=258992: Wed Oct 22 08:58:48 2025
  write: IOPS=2632, BW=329MiB/s (345MB/s)(128MiB/389msec); 0 zone resets
    slat (usec): min=146, max=3163, avg=343.89, stdev=216.63
    clat (usec): min=3, max=16259, avg=5049.43, stdev=1309.25
     lat (usec): min=372, max=17683, avg=5393.57, stdev=1405.86
    clat percentiles (usec):
     |  1.00th=[ 2966],  5.00th=[ 3949], 10.00th=[ 4146], 20.00th=[ 4424],
     | 30.00th=[ 4621], 40.00th=[ 4686], 50.00th=[ 4817], 60.00th=[ 4948],
     | 70.00th=[ 5080], 80.00th=[ 5342], 90.00th=[ 5669], 95.00th=[ 7373],
     | 99.00th=[10421], 99.50th=[13435], 99.90th=[15533], 99.95th=[16319],
     | 99.99th=[16319]
  lat (usec)   : 4=0.10%, 500=0.10%, 750=0.10%, 1000=0.10%
  lat (msec)   : 2=0.39%, 4=5.18%, 10=92.68%, 20=1.37%
  cpu          : usr=2.84%, sys=37.63%, ctx=1033, majf=0, minf=10
  IO depths    : 1=0.2%, 2=0.2%, 4=0.4%, 8=0.8%, 16=98.5%, 32=0.0%, >=64=0.0%
     submit    : 0=0.0%, 4=100.0%, 8=0.0%, 16=0.0%, 32=0.0%, 64=0.0%, >=64=0.0%
     complete  : 0=0.0%, 4=99.9%, 8=0.0%, 16=0.1%, 32=0.0%, 64=0.0%, >=64=0.0%
     issued rwts: total=0,1024,0,1 short=0,0,0,0 dropped=0,0,0,0
     latency   : target=0, window=0, percentile=100.00%, depth=16

Run status group 0 (all jobs):
  WRITE: bw=329MiB/s (345MB/s), 329MiB/s-329MiB/s (345MB/s-345MB/s), io=128MiB (134MB), run=389-389msec
