read: (g=0): rw=read, bs=(R) 128KiB-128KiB, (W) 128KiB-128KiB, (T) 128KiB-128KiB, ioengine=libaio, iodepth=16
...
fio-3.16
Starting 4 processes

read: (groupid=0, jobs=4): err= 0: pid=386108: Wed Oct 22 09:38:38 2025
  read: IOPS=7366, BW=921MiB/s (966MB/s)(512MiB/556msec)
    slat (usec): min=20, max=5169, avg=508.72, stdev=444.79
    clat (nsec): min=1823, max=10979k, avg=7563568.83, stdev=1314482.49
     lat (usec): min=44, max=14527, avg=8072.55, stdev=1314.47
    clat percentiles (usec):
     |  1.00th=[ 3687],  5.00th=[ 5342], 10.00th=[ 5866], 20.00th=[ 6521],
     | 30.00th=[ 7046], 40.00th=[ 7504], 50.00th=[ 7767], 60.00th=[ 8029],
     | 70.00th=[ 8356], 80.00th=[ 8586], 90.00th=[ 8979], 95.00th=[ 9241],
     | 99.00th=[ 9765], 99.50th=[10159], 99.90th=[10552], 99.95th=[10683],
     | 99.99th=[10945]
   bw (  KiB/s): min=690688, max=690688, per=73.25%, avg=690688.00, stdev= 0.00, samples=3
   iops        : min= 5396, max= 5396, avg=5396.00, stdev= 0.00, samples=3
  lat (usec)   : 2=0.05%, 4=0.05%, 50=0.02%, 100=0.02%, 250=0.05%
  lat (usec)   : 500=0.05%, 750=0.05%, 1000=0.10%
  lat (msec)   : 2=0.24%, 4=0.39%, 10=98.39%, 20=0.59%
  cpu          : usr=0.00%, sys=41.53%, ctx=3890, majf=0, minf=2092
  IO depths    : 1=0.1%, 2=0.2%, 4=0.4%, 8=0.8%, 16=98.5%, 32=0.0%, >=64=0.0%
     submit    : 0=0.0%, 4=100.0%, 8=0.0%, 16=0.0%, 32=0.0%, 64=0.0%, >=64=0.0%
     complete  : 0=0.0%, 4=99.9%, 8=0.0%, 16=0.1%, 32=0.0%, 64=0.0%, >=64=0.0%
     issued rwts: total=4096,0,0,0 short=0,0,0,0 dropped=0,0,0,0
     latency   : target=0, window=0, percentile=100.00%, depth=16

Run status group 0 (all jobs):
   READ: bw=921MiB/s (966MB/s), 921MiB/s-921MiB/s (966MB/s-966MB/s), io=512MiB (537MB), run=556-556msec
