read: (g=0): rw=read, bs=(R) 4096B-4096B, (W) 4096B-4096B, (T) 4096B-4096B, ioengine=libaio, iodepth=16
fio-3.16
Starting 1 process

read: (groupid=0, jobs=1): err= 0: pid=385570: Wed Oct 22 09:37:36 2025
  read: IOPS=81.3k, BW=318MiB/s (333MB/s)(128MiB/403msec)
    slat (nsec): min=735, max=2961.5k, avg=11634.50, stdev=94058.72
    clat (nsec): min=1802, max=2997.9k, avg=183788.40, stdev=332178.02
     lat (usec): min=3, max=2999, avg=195.48, stdev=340.68
    clat percentiles (usec):
     |  1.00th=[   21],  5.00th=[   23], 10.00th=[   24], 20.00th=[   25],
     | 30.00th=[   27], 40.00th=[   28], 50.00th=[   30], 60.00th=[   32],
     | 70.00th=[   37], 80.00th=[  529], 90.00th=[  644], 95.00th=[  709],
     | 99.00th=[  955], 99.50th=[ 2540], 99.90th=[ 2900], 99.95th=[ 2966],
     | 99.99th=[ 2999]
  lat (usec)   : 2=0.01%, 10=0.01%, 20=0.16%, 50=75.65%, 100=0.69%
  lat (usec)   : 250=0.02%, 500=1.96%, 750=18.45%, 1000=2.15%
  lat (msec)   : 2=0.19%, 4=0.73%
  cpu          : usr=5.72%, sys=30.35%, ctx=1073, majf=0, minf=28
  IO depths    : 1=0.1%, 2=0.1%, 4=0.1%, 8=0.1%, 16=100.0%, 32=0.0%, >=64=0.0%
     submit    : 0=0.0%, 4=100.0%, 8=0.0%, 16=0.0%, 32=0.0%, 64=0.0%, >=64=0.0%
     complete  : 0=0.0%, 4=100.0%, 8=0.0%, 16=0.1%, 32=0.0%, 64=0.0%, >=64=0.0%
     issued rwts: total=32768,0,0,0 short=0,0,0,0 dropped=0,0,0,0
     latency   : target=0, window=0, percentile=100.00%, depth=16

Run status group 0 (all jobs):
   READ: bw=318MiB/s (333MB/s), 318MiB/s-318MiB/s (333MB/s-333MB/s), io=128MiB (134MB), run=403-403msec
