read: (g=0): rw=read, bs=(R) 4096B-4096B, (W) 4096B-4096B, (T) 4096B-4096B, ioengine=libaio, iodepth=16
...
fio-3.16
Starting 4 processes

read: (groupid=0, jobs=4): err= 0: pid=385681: Wed Oct 22 09:37:50 2025
  read: IOPS=259k, BW=1010MiB/s (1059MB/s)(512MiB/507msec)
    slat (nsec): min=730, max=3955.2k, avg=14075.05, stdev=103087.00
    clat (nsec): min=1106, max=4002.5k, avg=220632.80, stdev=356013.42
     lat (usec): min=2, max=4004, avg=234.77, stdev=364.39
    clat percentiles (usec):
     |  1.00th=[   22],  5.00th=[   23], 10.00th=[   24], 20.00th=[   26],
     | 30.00th=[   28], 40.00th=[   30], 50.00th=[   33], 60.00th=[   39],
     | 70.00th=[   49], 80.00th=[  652], 90.00th=[  848], 95.00th=[  955],
     | 99.00th=[ 1156], 99.50th=[ 1237], 99.90th=[ 1565], 99.95th=[ 2442],
     | 99.99th=[ 3982]
   bw (  KiB/s): min=257639, max=257640, per=24.91%, avg=257640.00, stdev= 0.00, samples=1
   iops        : min=64409, max=64410, avg=64410.00, stdev= 0.00, samples=1
  lat (usec)   : 2=0.01%, 4=0.01%, 10=0.01%, 20=0.10%, 50=70.88%
  lat (usec)   : 100=5.54%, 250=0.01%, 500=0.53%, 750=7.11%, 1000=12.31%
  lat (msec)   : 2=3.46%, 4=0.06%, 10=0.01%
  cpu          : usr=3.73%, sys=35.10%, ctx=4048, majf=0, minf=105
  IO depths    : 1=0.1%, 2=0.1%, 4=0.1%, 8=0.1%, 16=100.0%, 32=0.0%, >=64=0.0%
     submit    : 0=0.0%, 4=100.0%, 8=0.0%, 16=0.0%, 32=0.0%, 64=0.0%, >=64=0.0%
     complete  : 0=0.0%, 4=100.0%, 8=0.0%, 16=0.1%, 32=0.0%, 64=0.0%, >=64=0.0%
     issued rwts: total=131072,0,0,0 short=0,0,0,0 dropped=0,0,0,0
     latency   : target=0, window=0, percentile=100.00%, depth=16

Run status group 0 (all jobs):
   READ: bw=1010MiB/s (1059MB/s), 1010MiB/s-1010MiB/s (1059MB/s-1059MB/s), io=512MiB (537MB), run=507-507msec
