read: (g=0): rw=read, bs=(R) 4096B-4096B, (W) 4096B-4096B, (T) 4096B-4096B, ioengine=libaio, iodepth=16
...
fio-3.16
Starting 16 processes

read: (groupid=0, jobs=16): err= 0: pid=385813: Wed Oct 22 09:38:05 2025
  read: IOPS=396k, BW=1547MiB/s (1622MB/s)(2048MiB/1324msec)
    slat (nsec): min=728, max=17280k, avg=38218.90, stdev=303746.17
    clat (nsec): min=950, max=17503k, avg=587909.77, stdev=1077550.23
     lat (usec): min=2, max=17504, avg=626.22, stdev=1104.96
    clat percentiles (usec):
     |  1.00th=[   24],  5.00th=[   30], 10.00th=[   35], 20.00th=[   46],
     | 30.00th=[   59], 40.00th=[   74], 50.00th=[   89], 60.00th=[  108],
     | 70.00th=[  141], 80.00th=[ 1303], 90.00th=[ 2180], 95.00th=[ 2704],
     | 99.00th=[ 4948], 99.50th=[ 5538], 99.90th=[ 6980], 99.95th=[ 7570],
     | 99.99th=[14877]
   bw (  MiB/s): min= 1409, max= 1811, per=100.00%, avg=1610.80, stdev=13.31, samples=32
   iops        : min=360956, max=463770, avg=412363.00, stdev=3406.38, samples=32
  lat (nsec)   : 1000=0.01%
  lat (usec)   : 2=0.01%, 4=0.01%, 10=0.01%, 20=0.02%, 50=23.73%
  lat (usec)   : 100=33.00%, 250=19.24%, 500=0.50%, 750=0.28%, 1000=1.00%
  lat (msec)   : 2=10.11%, 4=10.38%, 10=1.71%, 20=0.03%
  cpu          : usr=2.07%, sys=30.36%, ctx=20339, majf=0, minf=425
  IO depths    : 1=0.1%, 2=0.1%, 4=0.1%, 8=0.1%, 16=100.0%, 32=0.0%, >=64=0.0%
     submit    : 0=0.0%, 4=100.0%, 8=0.0%, 16=0.0%, 32=0.0%, 64=0.0%, >=64=0.0%
     complete  : 0=0.0%, 4=100.0%, 8=0.0%, 16=0.1%, 32=0.0%, 64=0.0%, >=64=0.0%
     issued rwts: total=524288,0,0,0 short=0,0,0,0 dropped=0,0,0,0
     latency   : target=0, window=0, percentile=100.00%, depth=16

Run status group 0 (all jobs):
   READ: bw=1547MiB/s (1622MB/s), 1547MiB/s-1547MiB/s (1622MB/s-1622MB/s), io=2048MiB (2147MB), run=1324-1324msec
