read: (g=0): rw=read, bs=(R) 128KiB-128KiB, (W) 128KiB-128KiB, (T) 128KiB-128KiB, ioengine=libaio, iodepth=16
fio-3.16
Starting 1 process

read: (groupid=0, jobs=1): err= 0: pid=385992: Wed Oct 22 09:38:23 2025
  read: IOPS=3240, BW=405MiB/s (425MB/s)(128MiB/316msec)
    slat (usec): min=18, max=1775, avg=306.95, stdev=286.57
    clat (nsec): min=1539, max=7358.9k, avg=4563965.82, stdev=734340.79
     lat (usec): min=21, max=7940, avg=4871.14, stdev=718.68
    clat percentiles (usec):
     |  1.00th=[ 2638],  5.00th=[ 3687], 10.00th=[ 3884], 20.00th=[ 4080],
     | 30.00th=[ 4228], 40.00th=[ 4359], 50.00th=[ 4490], 60.00th=[ 4686],
     | 70.00th=[ 4817], 80.00th=[ 5014], 90.00th=[ 5473], 95.00th=[ 5800],
     | 99.00th=[ 6652], 99.50th=[ 6783], 99.90th=[ 7242], 99.95th=[ 7373],
     | 99.99th=[ 7373]
  lat (usec)   : 2=0.10%, 50=0.10%, 500=0.20%, 1000=0.20%
  lat (msec)   : 2=0.20%, 4=14.06%, 10=85.16%
  cpu          : usr=2.22%, sys=29.84%, ctx=1039, majf=0, minf=523
  IO depths    : 1=0.1%, 2=0.2%, 4=0.4%, 8=0.8%, 16=98.5%, 32=0.0%, >=64=0.0%
     submit    : 0=0.0%, 4=100.0%, 8=0.0%, 16=0.0%, 32=0.0%, 64=0.0%, >=64=0.0%
     complete  : 0=0.0%, 4=99.9%, 8=0.0%, 16=0.1%, 32=0.0%, 64=0.0%, >=64=0.0%
     issued rwts: total=1024,0,0,0 short=0,0,0,0 dropped=0,0,0,0
     latency   : target=0, window=0, percentile=100.00%, depth=16

Run status group 0 (all jobs):
   READ: bw=405MiB/s (425MB/s), 405MiB/s-405MiB/s (425MB/s-425MB/s), io=128MiB (134MB), run=316-316msec
