write: (g=0): rw=write, bs=(R) 128KiB-128KiB, (W) 128KiB-128KiB, (T) 128KiB-128KiB, ioengine=libaio, iodepth=16
...
fio-3.16
Starting 2 processes

write: (groupid=0, jobs=2): err= 0: pid=215370: Wed Oct 22 08:56:42 2025
  write: IOPS=3465, BW=433MiB/s (454MB/s)(256MiB/591msec); 0 zone resets
    slat (usec): min=256, max=4199, avg=487.10, stdev=380.19
    clat (usec): min=2, max=11900, avg=7255.75, stdev=1494.82
     lat (usec): min=290, max=12413, avg=7743.24, stdev=1535.06
    clat percentiles (usec):
     |  1.00th=[ 3556],  5.00th=[ 5997], 10.00th=[ 6194], 20.00th=[ 6390],
     | 30.00th=[ 6456], 40.00th=[ 6521], 50.00th=[ 6652], 60.00th=[ 6783],
     | 70.00th=[ 6915], 80.00th=[ 9241], 90.00th=[ 9503], 95.00th=[ 9765],
     | 99.00th=[10290], 99.50th=[11207], 99.90th=[11338], 99.95th=[11338],
     | 99.99th=[11863]
   bw (  KiB/s): min=253183, max=253184, per=57.08%, avg=253184.00, stdev= 0.00, samples=1
   iops        : min= 1977, max= 1978, avg=1978.00, stdev= 0.00, samples=1
  lat (usec)   : 4=0.10%, 500=0.10%, 750=0.05%, 1000=0.10%
  lat (msec)   : 2=0.24%, 4=0.49%, 10=96.53%, 20=2.39%
  cpu          : usr=3.75%, sys=36.91%, ctx=2118, majf=0, minf=24
  IO depths    : 1=0.2%, 2=0.2%, 4=0.4%, 8=0.8%, 16=98.5%, 32=0.0%, >=64=0.0%
     submit    : 0=0.0%, 4=100.0%, 8=0.0%, 16=0.0%, 32=0.0%, 64=0.0%, >=64=0.0%
     complete  : 0=0.0%, 4=99.9%, 8=0.0%, 16=0.1%, 32=0.0%, 64=0.0%, >=64=0.0%
     issued rwts: total=0,2048,0,2 short=0,0,0,0 dropped=0,0,0,0
     latency   : target=0, window=0, percentile=100.00%, depth=16

Run status group 0 (all jobs):
  WRITE: bw=433MiB/s (454MB/s), 433MiB/s-433MiB/s (454MB/s-454MB/s), io=256MiB (268MB), run=591-591msec
