write: (g=0): rw=write, bs=(R) 128KiB-128KiB, (W) 128KiB-128KiB, (T) 128KiB-128KiB, ioengine=libaio, iodepth=16
...
fio-3.16
Starting 8 processes

write: (groupid=0, jobs=8): err= 0: pid=215568: Wed Oct 22 08:57:02 2025
  write: IOPS=5859, BW=732MiB/s (768MB/s)(1024MiB/1398msec); 0 zone resets
    slat (usec): min=356, max=13100, avg=1010.74, stdev=793.17
    clat (usec): min=2, max=28788, avg=15136.50, stdev=2452.44
     lat (usec): min=463, max=29611, avg=16148.25, stdev=2491.14
    clat percentiles (usec):
     |  1.00th=[ 6456],  5.00th=[11207], 10.00th=[12125], 20.00th=[13566],
     | 30.00th=[14615], 40.00th=[15139], 50.00th=[15533], 60.00th=[15795],
     | 70.00th=[16188], 80.00th=[16581], 90.00th=[17433], 95.00th=[18482],
     | 99.00th=[20317], 99.50th=[21627], 99.90th=[27657], 99.95th=[28181],
     | 99.99th=[28705]
   bw (  KiB/s): min=967424, max=1005568, per=100.00%, avg=986496.00, stdev=3013.49, samples=16
   iops        : min= 7558, max= 7856, avg=7707.00, stdev=23.54, samples=16
  lat (usec)   : 4=0.07%, 10=0.02%, 500=0.01%, 750=0.05%, 1000=0.05%
  lat (msec)   : 2=0.12%, 4=0.31%, 10=1.53%, 20=96.31%, 50=1.53%
  cpu          : usr=2.88%, sys=29.34%, ctx=11483, majf=0, minf=85
  IO depths    : 1=0.2%, 2=0.2%, 4=0.4%, 8=0.8%, 16=98.5%, 32=0.0%, >=64=0.0%
     submit    : 0=0.0%, 4=100.0%, 8=0.0%, 16=0.0%, 32=0.0%, 64=0.0%, >=64=0.0%
     complete  : 0=0.0%, 4=99.9%, 8=0.0%, 16=0.1%, 32=0.0%, 64=0.0%, >=64=0.0%
     issued rwts: total=0,8192,0,8 short=0,0,0,0 dropped=0,0,0,0
     latency   : target=0, window=0, percentile=100.00%, depth=16

Run status group 0 (all jobs):
  WRITE: bw=732MiB/s (768MB/s), 732MiB/s-732MiB/s (768MB/s-768MB/s), io=1024MiB (1074MB), run=1398-1398msec
