write: (g=0): rw=write, bs=(R) 128KiB-128KiB, (W) 128KiB-128KiB, (T) 128KiB-128KiB, ioengine=libaio, iodepth=16
...
fio-3.16
Starting 4 processes

write: (groupid=0, jobs=4): err= 0: pid=215440: Wed Oct 22 08:56:52 2025
  write: IOPS=4982, BW=623MiB/s (653MB/s)(512MiB/822msec); 0 zone resets
    slat (usec): min=207, max=6071, avg=626.37, stdev=551.01
    clat (usec): min=2, max=15030, avg=9324.24, stdev=2165.13
     lat (usec): min=256, max=16270, avg=9951.09, stdev=2225.90
    clat percentiles (usec):
     |  1.00th=[ 3556],  5.00th=[ 6390], 10.00th=[ 6783], 20.00th=[ 7242],
     | 30.00th=[ 8291], 40.00th=[ 8717], 50.00th=[ 9110], 60.00th=[10159],
     | 70.00th=[10814], 80.00th=[11469], 90.00th=[11863], 95.00th=[12256],
     | 99.00th=[13173], 99.50th=[14222], 99.90th=[14877], 99.95th=[14877],
     | 99.99th=[15008]
   bw (  KiB/s): min=763648, max=763648, per=100.00%, avg=763648.00, stdev= 0.00, samples=4
   iops        : min= 5966, max= 5966, avg=5966.00, stdev= 0.00, samples=4
  lat (usec)   : 4=0.10%, 500=0.10%, 750=0.05%, 1000=0.05%
  lat (msec)   : 2=0.32%, 4=0.46%, 10=56.08%, 20=42.85%
  cpu          : usr=2.27%, sys=33.95%, ctx=4624, majf=0, minf=47
  IO depths    : 1=0.2%, 2=0.2%, 4=0.4%, 8=0.8%, 16=98.5%, 32=0.0%, >=64=0.0%
     submit    : 0=0.0%, 4=100.0%, 8=0.0%, 16=0.0%, 32=0.0%, 64=0.0%, >=64=0.0%
     complete  : 0=0.0%, 4=99.9%, 8=0.0%, 16=0.1%, 32=0.0%, 64=0.0%, >=64=0.0%
     issued rwts: total=0,4096,0,4 short=0,0,0,0 dropped=0,0,0,0
     latency   : target=0, window=0, percentile=100.00%, depth=16

Run status group 0 (all jobs):
  WRITE: bw=623MiB/s (653MB/s), 623MiB/s-623MiB/s (653MB/s-653MB/s), io=512MiB (537MB), run=822-822msec
