procs -----------memory---------- ---swap-- -----io---- -system-- ------cpu-----
 r  b   swpd   free   buff  cache   si   so    bi    bo   in   cs us sy id wa st
 1  0 118784 63327048   4436 284400    0    0   240   771    3    2  1  1 98  0  0
 6  0 118784 63322548   4864 286280    0    0  1960     0  581  757  0  0 100  0  0
69  0 118784 60120876   7344 3492684    0    0 20932     0 373132 1077123  5 34 61  0  0
65  0 118784 54338244   7344 9276140    0    0     0     0 907761 2650465  6 79 15  0  0
57  0 118784 49556572   7356 14063764    0    0   124 113052 948382 2595461  6 82 12  0  0
40  0 118784 47672872   7356 15946172    0    0     0 1222372 551970 1376182  2 74 24  0  0
42  0 118784 45955780   7356 17663836    0    0     0 1169628 539351 1344699  2 72 26  0  0
50  0 118784 44152524   7364 19457220    0    0     0 1120428 598917 1490844  3 74 23  0  0
38  0 118784 42677540   7364 20931540    0    0     0 1188492 548499 1550183  2 72 27  0  0
 4  3 118784 41157392   7368 22440956    0    0    44 1064112 592548 2130112  3 71 25  0  0
56  0 118784 40634296   7372 22960280    0    0     0 2048096 328789 1953831  0 67 33  0  0
65  0 118784 39409184   7372 24167692    0    0     0 1281840 564903 2905567  3 69 28  0  0
35  0 118784 37731368   7384 25853616    0    0     4 564772 793390 3209378  5 69 26  0  0
40  0 118784 36765480   7384 26818196    0    0     0 1226448 598013 3281768  3 68 29  0  0
35  1 118784 35891096   7392 27689404    0    0     0 1235540 594423 3432456  3 67 30  0  0
40  0 118784 35426092   7392 28148648    0    0     0 1758148 425622 4925090  1 57 41  0  0
 4  0 118784 35119856   7392 28450788    0    0     0 1875528 365322 4156840  1 61 39  0  0
37  0 118784 34889920   7400 28681104    0    0     0 1854796 337283 5077322  0 57 42  0  0
65  0 118784 33900820   7400 29662592    0    0     0 483244 805506 3227866  5 68 27  0  0
 4  1 118784 32999164   7408 30572084    0    0     0 335932 855556 3514306  6 68 27  0  0
35  0 118784 32746828   7408 30821908    0    0     0 1667396 413609 4532207  1 60 39  0  0
procs -----------memory---------- ---swap-- -----io---- -system-- ------cpu-----
 r  b   swpd   free   buff  cache   si   so    bi    bo   in   cs us sy id wa st
35  0 118784 32588068   7408 30979492    0    0     0 1777448 352930 3638686  0 59 41  0  0
 5  0 118784 32417016   7416 31150036    0    0     0 1735068 375036 4446043  1 58 41  0  0
61  0 118784 32117164   7416 31448116    0    0     0 1350756 509264 3951128  2 61 36  0  0
54  1 118784 31431724   7424 32129716    0    0     0    64 995480 3121950  7 72 21  0  0
55  0 118784 31077552   7424 32483236    0    0     0 931028 679747 3975371  4 63 32  0  0
62  0 118784 30844008   7424 32714416    0    0     0 1243500 584784 3222482  3 67 31  0  0
38  0 118784 30617460   7432 32950036    0    0     0 1123680 616284 3992290  3 65 32  0  0
37  0 118784 30423452   7432 33142060    0    0     0 1264744 585011 3776565  3 64 33  0  0
11  0 118784 30236132   7440 33326696    0    0     0 1219424 621330 3562649  3 69 28  0  0
39  0 118784 30111728   7440 33445252    0    0     0 1590016 475223 4823853  2 59 40  0  0
 4  0 118784 30055632   7440 33503244    0    0     0 2117456 325440 4726775  0 56 43  0  0
53  0 118784 29885840   7448 33670840    0    0     0 844528 698260 3661821  4 65 31  0  0
47  0 118784 29702636   7448 33856880    0    0     0 595768 820643 3349011  5 69 26  0  0
35  0 118784 29595788   7456 33962096    0    0     0 1289636 584343 4014691  3 63 34  0  0
40  0 118784 29530212   7456 34026544    0    0     0 1629112 474405 3766729  2 65 34  0  0
35  0 118784 29482584   7456 34063188    0    0     0 1888032 385107 3229015  1 69 30  0  0
35  0 118784 29458392   7464 34096644    0    0     0 1918264 388494 3228483  0 70 30  0  0
52  0 118784 29406228   7464 34145548    0    0     0 1438620 489018 3903992  2 66 33  0  0
59  0 118784 29275692   7476 34277468    0    0     0    36 1000182 3225129  7 72 21  0  0
 5  0 118784 29218740   7476 34337452    0    0     0 1165056 589620 3777794  3 65 33  0  0
35  0 118784 29200344   7476 34355660    0    0     0 1795556 358249 4303103  0 60 40  0  0
procs -----------memory---------- ---swap-- -----io---- -system-- ------cpu-----
 r  b   swpd   free   buff  cache   si   so    bi    bo   in   cs us sy id wa st
35  0 118784 29180800   7484 34374428    0    0     0 1698508 363165 4399855  0 59 40  0  0
 4  0 118784 29160316   7484 34392916    0    0     0 1680236 372360 3809283  0 60 39  0  0
51  0 118784 29088748   7492 34463184    0    0     0 260816 917340 3449560  6 70 24  0  0
55  0 118784 29036388   7492 34517936    0    0     0 622736 806437 3603845  5 67 28  0  0
41  0 118784 28990776   7492 34552444    0    0     0 1129252 627019 3973660  3 65 32  0  0
56  0 118784 28970896   7500 34576908    0    0     0 1220252 600381 3130451  3 68 30  0  0
35  0 118784 28947124   7500 34601084    0    0     0 1166576 605667 3766450  3 64 33  0  0
37  0 118784 28926832   7508 34621680    0    0     0 1275784 603379 4051918  3 65 32  0  0
35  0 118784 28911520   7628 34637224    0    0   120 1458636 511448 5151262  2 59 38  0  0
36  0 118784 28903196   7628 34643488    0    0     0 2114768 330778 4409938  1 56 43  0  0
64  0 118784 28886480   7636 34653548    0    0     0 1079992 651006 4927047  4 63 33  0  0
61  0 118784 28860468   7636 34679992    0    0     0 585716 816511 3344612  5 71 25  0  0
59  0 118784 28847900   7644 34691164    0    0     0 1212664 641078 2867043  3 70 27  0  0
58  1 118784 28837400   7644 34700568    0    0     0 1400280 560206 3824549  2 63 34  0  0
35  0 118784 28821652   7644 34703924    0    0     0 1902584 356229 4806247  1 58 41  0  0
39  0 118784 28821588   7652 34706924    0    0     0 1819880 356280 4246122  0 61 39  0  0
 3  0 118784 28819628   7652 34709652    0    0     0 1842144 345278 4393644  0 58 42  0  0
57  0 118784 28810316   7664 34716496    0    0     4 211156 937601 3150849  6 72 21  0  0
35  0 118784 28799984   7664 34729640    0    0     0 542292 842388 3063324  5 73 22  0  0
16  0 118784 28797016   7664 34731652    0    0     0 1751588 401781 3791295  0 68 32  0  0
44 14 118784 28793508   8148 34732724    0    0   884 1636860 429598 1853991  0 49 32 19  0
