randwrite: (g=0): rw=randwrite, bs=(R) 4096B-4096B, (W) 4096B-4096B, (T) 4096B-4096B, ioengine=libaio, iodepth=16
...
fio-3.16
Starting 8 processes

randwrite: (groupid=0, jobs=8): err= 0: pid=338694: Wed Oct 22 09:25:44 2025
  write: IOPS=122k, BW=478MiB/s (501MB/s)(1024MiB/2143msec); 0 zone resets
    slat (usec): min=13, max=7039, avg=53.23, stdev=53.27
    clat (nsec): min=1039, max=7746.6k, avg=823314.36, stdev=261178.34
     lat (usec): min=24, max=7778, avg=876.79, stdev=271.33
    clat percentiles (usec):
     |  1.00th=[  562],  5.00th=[  619], 10.00th=[  652], 20.00th=[  685],
     | 30.00th=[  717], 40.00th=[  742], 50.00th=[  766], 60.00th=[  799],
     | 70.00th=[  840], 80.00th=[  898], 90.00th=[ 1029], 95.00th=[ 1221],
     | 99.00th=[ 1680], 99.50th=[ 1958], 99.90th=[ 4113], 99.95th=[ 4752],
     | 99.99th=[ 7570]
   bw (  KiB/s): min=565944, max=601320, per=100.00%, avg=579957.33, stdev=1972.74, samples=24
   iops        : min=141488, max=150330, avg=144989.33, stdev=493.14, samples=24
  lat (usec)   : 2=0.01%, 4=0.01%, 50=0.01%, 100=0.01%, 250=0.01%
  lat (usec)   : 500=0.32%, 750=42.51%, 1000=45.65%
  lat (msec)   : 2=11.05%, 4=0.33%, 10=0.12%
  cpu          : usr=3.65%, sys=26.95%, ctx=268429, majf=0, minf=73
  IO depths    : 1=0.1%, 2=0.1%, 4=0.1%, 8=0.1%, 16=100.0%, 32=0.0%, >=64=0.0%
     submit    : 0=0.0%, 4=100.0%, 8=0.0%, 16=0.0%, 32=0.0%, 64=0.0%, >=64=0.0%
     complete  : 0=0.0%, 4=100.0%, 8=0.0%, 16=0.1%, 32=0.0%, 64=0.0%, >=64=0.0%
     issued rwts: total=0,262144,0,8 short=0,0,0,0 dropped=0,0,0,0
     latency   : target=0, window=0, percentile=100.00%, depth=16

Run status group 0 (all jobs):
  WRITE: bw=478MiB/s (501MB/s), 478MiB/s-478MiB/s (501MB/s-501MB/s), io=1024MiB (1074MB), run=2143-2143msec
