randread: (g=0): rw=randread, bs=(R) 128KiB-128KiB, (W) 128KiB-128KiB, (T) 128KiB-128KiB, ioengine=libaio, iodepth=16
...
fio-3.16
Starting 16 processes

randread: (groupid=0, jobs=16): err= 0: pid=288045: Wed Oct 22 09:22:59 2025
  read: IOPS=10.9k, BW=1364MiB/s (1431MB/s)(2048MiB/1501msec)
    slat (usec): min=31, max=12387, avg=1422.42, stdev=1391.29
    clat (nsec): min=1422, max=49842k, avg=21196493.94, stdev=6712341.10
     lat (usec): min=109, max=51155, avg=22619.98, stdev=7000.78
    clat percentiles (usec):
     |  1.00th=[ 4817],  5.00th=[10159], 10.00th=[12518], 20.00th=[15533],
     | 30.00th=[17695], 40.00th=[19792], 50.00th=[21365], 60.00th=[22938],
     | 70.00th=[24773], 80.00th=[26870], 90.00th=[29492], 95.00th=[31851],
     | 99.00th=[36439], 99.50th=[38011], 99.90th=[43254], 99.95th=[45351],
     | 99.99th=[49021]
   bw (  MiB/s): min= 1122, max= 1335, per=90.07%, avg=1228.88, stdev= 7.30, samples=32
   iops        : min= 8980, max=10682, avg=9831.00, stdev=58.41, samples=32
  lat (usec)   : 2=0.01%, 4=0.05%, 10=0.02%, 20=0.02%, 250=0.04%
  lat (usec)   : 750=0.02%, 1000=0.04%
  lat (msec)   : 2=0.22%, 4=0.42%, 10=3.96%, 20=36.94%, 50=58.26%
  cpu          : usr=0.47%, sys=25.20%, ctx=25488, majf=0, minf=8365
  IO depths    : 1=0.1%, 2=0.2%, 4=0.4%, 8=0.8%, 16=98.5%, 32=0.0%, >=64=0.0%
     submit    : 0=0.0%, 4=100.0%, 8=0.0%, 16=0.0%, 32=0.0%, 64=0.0%, >=64=0.0%
     complete  : 0=0.0%, 4=99.9%, 8=0.0%, 16=0.1%, 32=0.0%, 64=0.0%, >=64=0.0%
     issued rwts: total=16384,0,0,0 short=0,0,0,0 dropped=0,0,0,0
     latency   : target=0, window=0, percentile=100.00%, depth=16

Run status group 0 (all jobs):
   READ: bw=1364MiB/s (1431MB/s), 1364MiB/s-1364MiB/s (1431MB/s-1431MB/s), io=2048MiB (2147MB), run=1501-1501msec
