randwrite: (g=0): rw=randwrite, bs=(R) 128KiB-128KiB, (W) 128KiB-128KiB, (T) 128KiB-128KiB, ioengine=libaio, iodepth=16
...
fio-3.16
Starting 32 processes

randwrite: (groupid=0, jobs=32): err= 0: pid=380782: Wed Oct 22 09:27:03 2025
  write: IOPS=11.2k, BW=1397MiB/s (1465MB/s)(4096MiB/2931msec); 0 zone resets
    slat (usec): min=101, max=25253, avg=2420.35, stdev=1461.92
    clat (nsec): min=1376, max=67894k, avg=36381699.58, stdev=7546463.30
     lat (usec): min=103, max=73371, avg=38807.10, stdev=7881.72
    clat percentiles (usec):
     |  1.00th=[ 7898],  5.00th=[26346], 10.00th=[28705], 20.00th=[31327],
     | 30.00th=[33162], 40.00th=[34866], 50.00th=[35914], 60.00th=[38011],
     | 70.00th=[39584], 80.00th=[41681], 90.00th=[45351], 95.00th=[48497],
     | 99.00th=[53740], 99.50th=[56361], 99.90th=[61080], 99.95th=[64226],
     | 99.99th=[67634]
   bw (  MiB/s): min= 1428, max= 1716, per=100.00%, avg=1573.81, stdev= 3.61, samples=134
   iops        : min=11431, max=13735, avg=12589.55, stdev=28.92, samples=134
  lat (usec)   : 2=0.01%, 4=0.02%, 10=0.02%, 20=0.04%, 50=0.01%
  lat (usec)   : 250=0.01%, 500=0.02%, 750=0.02%, 1000=0.03%
  lat (msec)   : 2=0.13%, 4=0.22%, 10=0.79%, 20=0.85%, 50=94.58%
  lat (msec)   : 100=3.25%
  cpu          : usr=3.10%, sys=24.89%, ctx=46451, majf=0, minf=356
  IO depths    : 1=0.2%, 2=0.2%, 4=0.4%, 8=0.8%, 16=98.5%, 32=0.0%, >=64=0.0%
     submit    : 0=0.0%, 4=100.0%, 8=0.0%, 16=0.0%, 32=0.0%, 64=0.0%, >=64=0.0%
     complete  : 0=0.0%, 4=99.9%, 8=0.0%, 16=0.1%, 32=0.0%, 64=0.0%, >=64=0.0%
     issued rwts: total=0,32768,0,32 short=0,0,0,0 dropped=0,0,0,0
     latency   : target=0, window=0, percentile=100.00%, depth=16

Run status group 0 (all jobs):
  WRITE: bw=1397MiB/s (1465MB/s), 1397MiB/s-1397MiB/s (1465MB/s-1465MB/s), io=4096MiB (4295MB), run=2931-2931msec
