randread: (g=0): rw=randread, bs=(R) 128KiB-128KiB, (W) 128KiB-128KiB, (T) 128KiB-128KiB, ioengine=libaio, iodepth=16
...
fio-3.16
Starting 32 processes

randread: (groupid=0, jobs=32): err= 0: pid=288510: Wed Oct 22 09:23:09 2025
  read: IOPS=12.2k, BW=1526MiB/s (1600MB/s)(4096MiB/2685msec)
    slat (usec): min=32, max=20016, avg=2540.83, stdev=2705.55
    clat (nsec): min=1227, max=88714k, avg=37947751.58, stdev=12710649.75
     lat (usec): min=111, max=93122, avg=40490.70, stdev=13261.91
    clat percentiles (usec):
     |  1.00th=[ 6587],  5.00th=[16450], 10.00th=[21365], 20.00th=[27657],
     | 30.00th=[31589], 40.00th=[34866], 50.00th=[38011], 60.00th=[41157],
     | 70.00th=[44827], 80.00th=[48497], 90.00th=[53740], 95.00th=[57934],
     | 99.00th=[67634], 99.50th=[70779], 99.90th=[78119], 99.95th=[81265],
     | 99.99th=[84411]
   bw (  MiB/s): min= 1208, max= 1814, per=96.94%, avg=1478.81, stdev= 7.17, samples=158
   iops        : min= 9664, max=14518, avg=11829.35, stdev=57.40, samples=158
  lat (usec)   : 2=0.01%, 4=0.04%, 10=0.03%, 20=0.01%, 50=0.01%
  lat (usec)   : 250=0.04%, 500=0.03%, 750=0.04%, 1000=0.02%
  lat (msec)   : 2=0.12%, 4=0.32%, 10=1.25%, 20=6.48%, 50=74.58%
  lat (msec)   : 100=17.02%
  cpu          : usr=0.44%, sys=21.74%, ctx=47857, majf=2, minf=16707
  IO depths    : 1=0.1%, 2=0.2%, 4=0.4%, 8=0.8%, 16=98.5%, 32=0.0%, >=64=0.0%
     submit    : 0=0.0%, 4=100.0%, 8=0.0%, 16=0.0%, 32=0.0%, 64=0.0%, >=64=0.0%
     complete  : 0=0.0%, 4=99.9%, 8=0.0%, 16=0.1%, 32=0.0%, 64=0.0%, >=64=0.0%
     issued rwts: total=32768,0,0,0 short=0,0,0,0 dropped=0,0,0,0
     latency   : target=0, window=0, percentile=100.00%, depth=16

Run status group 0 (all jobs):
   READ: bw=1526MiB/s (1600MB/s), 1526MiB/s-1526MiB/s (1600MB/s-1600MB/s), io=4096MiB (4295MB), run=2685-2685msec
