randwrite: (g=0): rw=randwrite, bs=(R) 4096B-4096B, (W) 4096B-4096B, (T) 4096B-4096B, ioengine=libaio, iodepth=16
...
fio-3.16
Starting 4 processes

randwrite: (groupid=0, jobs=4): err= 0: pid=337729: Wed Oct 22 09:25:34 2025
  write: IOPS=96.6k, BW=377MiB/s (396MB/s)(512MiB/1357msec); 0 zone resets
    slat (usec): min=12, max=4410, avg=34.52, stdev=31.90
    clat (nsec): min=991, max=4993.6k, avg=538872.33, stdev=151346.41
     lat (usec): min=18, max=5028, avg=573.60, stdev=156.81
    clat percentiles (usec):
     |  1.00th=[  416],  5.00th=[  441], 10.00th=[  457], 20.00th=[  478],
     | 30.00th=[  494], 40.00th=[  506], 50.00th=[  519], 60.00th=[  537],
     | 70.00th=[  553], 80.00th=[  578], 90.00th=[  611], 95.00th=[  652],
     | 99.00th=[  988], 99.50th=[ 1352], 99.90th=[ 2073], 99.95th=[ 3752],
     | 99.99th=[ 4948]
   bw (  KiB/s): min=439944, max=446552, per=100.00%, avg=443248.00, stdev=972.63, samples=8
   iops        : min=109986, max=111637, avg=110811.50, stdev=242.97, samples=8
  lat (nsec)   : 1000=0.01%
  lat (usec)   : 2=0.01%, 4=0.01%, 20=0.01%, 50=0.01%, 100=0.01%
  lat (usec)   : 250=0.02%, 500=35.53%, 750=62.39%, 1000=1.07%
  lat (msec)   : 2=0.87%, 4=0.09%, 10=0.02%
  cpu          : usr=4.13%, sys=33.25%, ctx=135535, majf=0, minf=49
  IO depths    : 1=0.1%, 2=0.1%, 4=0.1%, 8=0.1%, 16=100.0%, 32=0.0%, >=64=0.0%
     submit    : 0=0.0%, 4=100.0%, 8=0.0%, 16=0.0%, 32=0.0%, 64=0.0%, >=64=0.0%
     complete  : 0=0.0%, 4=100.0%, 8=0.0%, 16=0.1%, 32=0.0%, 64=0.0%, >=64=0.0%
     issued rwts: total=0,131072,0,4 short=0,0,0,0 dropped=0,0,0,0
     latency   : target=0, window=0, percentile=100.00%, depth=16

Run status group 0 (all jobs):
  WRITE: bw=377MiB/s (396MB/s), 377MiB/s-377MiB/s (396MB/s-396MB/s), io=512MiB (537MB), run=1357-1357msec
