randwrite: (g=0): rw=randwrite, bs=(R) 4096B-4096B, (W) 4096B-4096B, (T) 4096B-4096B, ioengine=libaio, iodepth=16
...
fio-3.16
Starting 16 processes

randwrite: (groupid=0, jobs=16): err= 0: pid=343929: Wed Oct 22 09:25:56 2025
  write: IOPS=144k, BW=563MiB/s (590MB/s)(2048MiB/3639msec); 0 zone resets
    slat (usec): min=10, max=8192, avg=86.09, stdev=71.39
    clat (nsec): min=1085, max=9445.2k, avg=1321739.11, stdev=349837.23
     lat (usec): min=15, max=9514, avg=1408.18, stdev=364.24
    clat percentiles (usec):
     |  1.00th=[  807],  5.00th=[  955], 10.00th=[ 1020], 20.00th=[ 1106],
     | 30.00th=[ 1156], 40.00th=[ 1205], 50.00th=[ 1254], 60.00th=[ 1319],
     | 70.00th=[ 1385], 80.00th=[ 1500], 90.00th=[ 1680], 95.00th=[ 1876],
     | 99.00th=[ 2376], 99.50th=[ 2638], 99.90th=[ 5276], 99.95th=[ 5932],
     | 99.99th=[ 7504]
   bw (  KiB/s): min=689160, max=737472, per=100.00%, avg=717031.80, stdev=1139.66, samples=80
   iops        : min=172290, max=184366, avg=179257.20, stdev=284.87, samples=80
  lat (usec)   : 2=0.01%, 4=0.01%, 10=0.01%, 20=0.01%, 50=0.01%
  lat (usec)   : 100=0.01%, 250=0.02%, 500=0.15%, 750=0.43%, 1000=7.43%
  lat (msec)   : 2=88.59%, 4=3.18%, 10=0.19%
  cpu          : usr=2.65%, sys=14.81%, ctx=528591, majf=0, minf=161
  IO depths    : 1=0.1%, 2=0.1%, 4=0.1%, 8=0.1%, 16=100.0%, 32=0.0%, >=64=0.0%
     submit    : 0=0.0%, 4=100.0%, 8=0.0%, 16=0.0%, 32=0.0%, 64=0.0%, >=64=0.0%
     complete  : 0=0.0%, 4=100.0%, 8=0.0%, 16=0.1%, 32=0.0%, 64=0.0%, >=64=0.0%
     issued rwts: total=0,524288,0,16 short=0,0,0,0 dropped=0,0,0,0
     latency   : target=0, window=0, percentile=100.00%, depth=16

Run status group 0 (all jobs):
  WRITE: bw=563MiB/s (590MB/s), 563MiB/s-563MiB/s (590MB/s-590MB/s), io=2048MiB (2147MB), run=3639-3639msec
