randread: (g=0): rw=randread, bs=(R) 4096B-4096B, (W) 4096B-4096B, (T) 4096B-4096B, ioengine=libaio, iodepth=16
fio-3.16
Starting 1 process

randread: (groupid=0, jobs=1): err= 0: pid=279404: Wed Oct 22 09:20:27 2025
  read: IOPS=3196, BW=12.5MiB/s (13.1MB/s)(128MiB/10250msec)
    slat (nsec): min=1595, max=2831.7k, avg=310714.36, stdev=349539.02
    clat (nsec): min=1469, max=11834k, avg=4691309.89, stdev=1719501.71
     lat (usec): min=5, max=12599, avg=5002.30, stdev=1798.72
    clat percentiles (usec):
     |  1.00th=[ 1352],  5.00th=[ 2114], 10.00th=[ 2540], 20.00th=[ 3163],
     | 30.00th=[ 3654], 40.00th=[ 4113], 50.00th=[ 4555], 60.00th=[ 5080],
     | 70.00th=[ 5538], 80.00th=[ 6128], 90.00th=[ 6980], 95.00th=[ 7701],
     | 99.00th=[ 9110], 99.50th=[ 9634], 99.90th=[10552], 99.95th=[10945],
     | 99.99th=[11469]
   bw (  KiB/s): min= 8480, max=17816, per=98.83%, avg=12637.60, stdev=2851.49, samples=20
   iops        : min= 2120, max= 4454, avg=3159.40, stdev=712.87, samples=20
  lat (usec)   : 2=0.01%, 10=0.01%, 500=0.02%, 750=0.10%, 1000=0.14%
  lat (msec)   : 2=3.87%, 4=33.43%, 10=62.14%, 20=0.31%
  cpu          : usr=0.92%, sys=5.05%, ctx=43107, majf=1, minf=24
  IO depths    : 1=0.1%, 2=0.1%, 4=0.1%, 8=0.1%, 16=100.0%, 32=0.0%, >=64=0.0%
     submit    : 0=0.0%, 4=100.0%, 8=0.0%, 16=0.0%, 32=0.0%, 64=0.0%, >=64=0.0%
     complete  : 0=0.0%, 4=100.0%, 8=0.0%, 16=0.1%, 32=0.0%, 64=0.0%, >=64=0.0%
     issued rwts: total=32768,0,0,0 short=0,0,0,0 dropped=0,0,0,0
     latency   : target=0, window=0, percentile=100.00%, depth=16

Run status group 0 (all jobs):
   READ: bw=12.5MiB/s (13.1MB/s), 12.5MiB/s-12.5MiB/s (13.1MB/s-13.1MB/s), io=128MiB (134MB), run=10250-10250msec
