randread: (g=0): rw=randread, bs=(R) 128KiB-128KiB, (W) 128KiB-128KiB, (T) 128KiB-128KiB, ioengine=libaio, iodepth=16
...
fio-3.16
Starting 8 processes

randread: (groupid=0, jobs=8): err= 0: pid=287730: Wed Oct 22 09:22:50 2025
  read: IOPS=8506, BW=1063MiB/s (1115MB/s)(1024MiB/963msec)
    slat (usec): min=26, max=15735, avg=911.18, stdev=886.07
    clat (usec): min=2, max=31130, avg=13573.90, stdev=4240.48
     lat (usec): min=161, max=32716, avg=14485.70, stdev=4412.06
    clat percentiles (usec):
     |  1.00th=[ 3720],  5.00th=[ 6849], 10.00th=[ 8094], 20.00th=[ 9896],
     | 30.00th=[11207], 40.00th=[12518], 50.00th=[13698], 60.00th=[14746],
     | 70.00th=[15926], 80.00th=[17171], 90.00th=[18744], 95.00th=[20317],
     | 99.00th=[23462], 99.50th=[26084], 99.90th=[29754], 99.95th=[30278],
     | 99.99th=[31065]
   bw (  KiB/s): min=948992, max=948992, per=87.15%, avg=948992.00, stdev= 0.00, samples=8
   iops        : min= 7414, max= 7414, avg=7414.00, stdev= 0.00, samples=8
  lat (usec)   : 4=0.07%, 10=0.02%, 250=0.01%, 500=0.01%, 750=0.02%
  lat (usec)   : 1000=0.07%
  lat (msec)   : 2=0.18%, 4=0.72%, 10=19.45%, 20=73.86%, 50=5.57%
  cpu          : usr=0.24%, sys=26.11%, ctx=13676, majf=0, minf=4196
  IO depths    : 1=0.1%, 2=0.2%, 4=0.4%, 8=0.8%, 16=98.5%, 32=0.0%, >=64=0.0%
     submit    : 0=0.0%, 4=100.0%, 8=0.0%, 16=0.0%, 32=0.0%, 64=0.0%, >=64=0.0%
     complete  : 0=0.0%, 4=99.9%, 8=0.0%, 16=0.1%, 32=0.0%, 64=0.0%, >=64=0.0%
     issued rwts: total=8192,0,0,0 short=0,0,0,0 dropped=0,0,0,0
     latency   : target=0, window=0, percentile=100.00%, depth=16

Run status group 0 (all jobs):
   READ: bw=1063MiB/s (1115MB/s), 1063MiB/s-1063MiB/s (1115MB/s-1115MB/s), io=1024MiB (1074MB), run=963-963msec
