randread: (g=0): rw=randread, bs=(R) 4096B-4096B, (W) 4096B-4096B, (T) 4096B-4096B, ioengine=libaio, iodepth=16
...
fio-3.16
Starting 16 processes

randread: (groupid=0, jobs=16): err= 0: pid=282735: Wed Oct 22 09:21:49 2025
  read: IOPS=40.4k, BW=158MiB/s (165MB/s)(2048MiB/12978msec)
    slat (nsec): min=1175, max=10412k, avg=389684.30, stdev=470409.67
    clat (nsec): min=995, max=17394k, avg=5871343.96, stdev=2174709.12
     lat (usec): min=3, max=18843, avg=6261.29, stdev=2269.01
    clat percentiles (usec):
     |  1.00th=[ 1647],  5.00th=[ 2606], 10.00th=[ 3195], 20.00th=[ 3982],
     | 30.00th=[ 4621], 40.00th=[ 5145], 50.00th=[ 5669], 60.00th=[ 6259],
     | 70.00th=[ 6915], 80.00th=[ 7701], 90.00th=[ 8848], 95.00th=[ 9765],
     | 99.00th=[11469], 99.50th=[12125], 99.90th=[13566], 99.95th=[13960],
     | 99.99th=[15008]
   bw (  KiB/s): min=108200, max=221864, per=100.00%, avg=161757.00, stdev=2021.98, samples=400
   iops        : min=27050, max=55466, avg=40438.92, stdev=505.49, samples=400
  lat (nsec)   : 1000=0.01%
  lat (usec)   : 2=0.01%, 4=0.01%, 10=0.01%, 20=0.01%, 50=0.01%
  lat (usec)   : 100=0.01%, 250=0.01%, 500=0.04%, 750=0.04%, 1000=0.14%
  lat (msec)   : 2=1.72%, 4=18.24%, 10=75.80%, 20=4.01%
  cpu          : usr=0.56%, sys=4.30%, ctx=672600, majf=0, minf=417
  IO depths    : 1=0.1%, 2=0.1%, 4=0.1%, 8=0.1%, 16=100.0%, 32=0.0%, >=64=0.0%
     submit    : 0=0.0%, 4=100.0%, 8=0.0%, 16=0.0%, 32=0.0%, 64=0.0%, >=64=0.0%
     complete  : 0=0.0%, 4=100.0%, 8=0.0%, 16=0.1%, 32=0.0%, 64=0.0%, >=64=0.0%
     issued rwts: total=524288,0,0,0 short=0,0,0,0 dropped=0,0,0,0
     latency   : target=0, window=0, percentile=100.00%, depth=16

Run status group 0 (all jobs):
   READ: bw=158MiB/s (165MB/s), 158MiB/s-158MiB/s (165MB/s-165MB/s), io=2048MiB (2147MB), run=12978-12978msec
