randwrite: (g=0): rw=randwrite, bs=(R) 128KiB-128KiB, (W) 128KiB-128KiB, (T) 128KiB-128KiB, ioengine=libaio, iodepth=16
...
fio-3.16
Starting 4 processes

randwrite: (groupid=0, jobs=4): err= 0: pid=379086: Wed Oct 22 09:26:35 2025
  write: IOPS=7501, BW=938MiB/s (983MB/s)(512MiB/546msec); 0 zone resets
    slat (usec): min=126, max=5343, avg=432.42, stdev=252.21
    clat (usec): min=2, max=13644, avg=6459.47, stdev=1500.30
     lat (usec): min=246, max=14258, avg=6892.41, stdev=1568.83
    clat percentiles (usec):
     |  1.00th=[ 3359],  5.00th=[ 4686], 10.00th=[ 5014], 20.00th=[ 5407],
     | 30.00th=[ 5604], 40.00th=[ 5932], 50.00th=[ 6325], 60.00th=[ 6718],
     | 70.00th=[ 6980], 80.00th=[ 7308], 90.00th=[ 7767], 95.00th=[ 9372],
     | 99.00th=[11863], 99.50th=[12125], 99.90th=[13304], 99.95th=[13566],
     | 99.99th=[13698]
  lat (usec)   : 4=0.07%, 10=0.02%, 250=0.02%, 500=0.07%, 750=0.05%
  lat (usec)   : 1000=0.07%
  lat (msec)   : 2=0.32%, 4=1.10%, 10=94.48%, 20=3.78%
  cpu          : usr=4.43%, sys=31.69%, ctx=6138, majf=0, minf=43
  IO depths    : 1=0.2%, 2=0.2%, 4=0.4%, 8=0.8%, 16=98.5%, 32=0.0%, >=64=0.0%
     submit    : 0=0.0%, 4=100.0%, 8=0.0%, 16=0.0%, 32=0.0%, 64=0.0%, >=64=0.0%
     complete  : 0=0.0%, 4=99.9%, 8=0.0%, 16=0.1%, 32=0.0%, 64=0.0%, >=64=0.0%
     issued rwts: total=0,4096,0,4 short=0,0,0,0 dropped=0,0,0,0
     latency   : target=0, window=0, percentile=100.00%, depth=16

Run status group 0 (all jobs):
  WRITE: bw=938MiB/s (983MB/s), 938MiB/s-938MiB/s (983MB/s-983MB/s), io=512MiB (537MB), run=546-546msec
