read: (g=0): rw=read, bs=(R) 4096B-4096B, (W) 4096B-4096B, (T) 4096B-4096B, ioengine=libaio, iodepth=16
...
fio-3.16
Starting 32 processes

read: (groupid=0, jobs=32): err= 0: pid=277168: Wed Oct 22 09:19:12 2025
  read: IOPS=340k, BW=1328MiB/s (1393MB/s)(4096MiB/3084msec)
    slat (nsec): min=709, max=29498k, avg=91009.74, stdev=790564.84
    clat (nsec): min=914, max=29657k, avg=1383659.15, stdev=2821992.42
     lat (usec): min=2, max=29663, avg=1474.81, stdev=2895.53
    clat percentiles (usec):
     |  1.00th=[   28],  5.00th=[   39], 10.00th=[   49], 20.00th=[   71],
     | 30.00th=[   90], 40.00th=[  109], 50.00th=[  128], 60.00th=[  155],
     | 70.00th=[  204], 80.00th=[ 1958], 90.00th=[ 5866], 95.00th=[ 7898],
     | 99.00th=[12256], 99.50th=[13829], 99.90th=[18220], 99.95th=[20055],
     | 99.99th=[24249]
   bw (  MiB/s): min= 1230, max= 1456, per=100.00%, avg=1333.54, stdev= 2.63, samples=184
   iops        : min=315096, max=372879, avg=341387.00, stdev=673.17, samples=184
  lat (nsec)   : 1000=0.01%
  lat (usec)   : 2=0.01%, 4=0.01%, 10=0.01%, 20=0.01%, 50=10.49%
  lat (usec)   : 100=25.17%, 250=38.10%, 500=2.57%, 750=0.13%, 1000=0.13%
  lat (msec)   : 2=3.76%, 4=4.70%, 10=12.81%, 20=2.07%, 50=0.05%
  cpu          : usr=1.36%, sys=19.26%, ctx=40466, majf=0, minf=863
  IO depths    : 1=0.1%, 2=0.1%, 4=0.1%, 8=0.1%, 16=100.0%, 32=0.0%, >=64=0.0%
     submit    : 0=0.0%, 4=100.0%, 8=0.0%, 16=0.0%, 32=0.0%, 64=0.0%, >=64=0.0%
     complete  : 0=0.0%, 4=100.0%, 8=0.0%, 16=0.1%, 32=0.0%, 64=0.0%, >=64=0.0%
     issued rwts: total=1048576,0,0,0 short=0,0,0,0 dropped=0,0,0,0
     latency   : target=0, window=0, percentile=100.00%, depth=16

Run status group 0 (all jobs):
   READ: bw=1328MiB/s (1393MB/s), 1328MiB/s-1328MiB/s (1393MB/s-1393MB/s), io=4096MiB (4295MB), run=3084-3084msec
