read: (g=0): rw=read, bs=(R) 4096B-4096B, (W) 4096B-4096B, (T) 4096B-4096B, ioengine=libaio, iodepth=16
...
fio-3.16
Starting 8 processes

read: (groupid=0, jobs=8): err= 0: pid=276543: Wed Oct 22 09:18:53 2025
  read: IOPS=262k, BW=1025MiB/s (1075MB/s)(1024MiB/999msec)
    slat (nsec): min=737, max=8486.3k, avg=29127.05, stdev=235797.22
    clat (nsec): min=842, max=8591.0k, avg=449087.52, stdev=835579.88
     lat (nsec): min=1875, max=8597.8k, avg=478294.93, stdev=856903.51
    clat percentiles (usec):
     |  1.00th=[   23],  5.00th=[   25], 10.00th=[   28], 20.00th=[   33],
     | 30.00th=[   40], 40.00th=[   49], 50.00th=[   61], 60.00th=[   76],
     | 70.00th=[   99], 80.00th=[  955], 90.00th=[ 1696], 95.00th=[ 2147],
     | 99.00th=[ 3851], 99.50th=[ 4490], 99.90th=[ 5735], 99.95th=[ 5997],
     | 99.99th=[ 6783]
   bw (  MiB/s): min= 1110, max= 1110, per=100.00%, avg=1110.81, stdev= 0.00, samples=8
   iops        : min=284368, max=284368, avg=284368.00, stdev= 0.00, samples=8
  lat (nsec)   : 1000=0.01%
  lat (usec)   : 2=0.01%, 4=0.01%, 10=0.01%, 20=0.03%, 50=41.40%
  lat (usec)   : 100=28.88%, 250=6.14%, 500=0.11%, 750=1.46%, 1000=2.52%
  lat (msec)   : 2=13.13%, 4=5.43%, 10=0.88%
  cpu          : usr=2.24%, sys=26.25%, ctx=12183, majf=0, minf=208
  IO depths    : 1=0.1%, 2=0.1%, 4=0.1%, 8=0.1%, 16=100.0%, 32=0.0%, >=64=0.0%
     submit    : 0=0.0%, 4=100.0%, 8=0.0%, 16=0.0%, 32=0.0%, 64=0.0%, >=64=0.0%
     complete  : 0=0.0%, 4=100.0%, 8=0.0%, 16=0.1%, 32=0.0%, 64=0.0%, >=64=0.0%
     issued rwts: total=262144,0,0,0 short=0,0,0,0 dropped=0,0,0,0
     latency   : target=0, window=0, percentile=100.00%, depth=16

Run status group 0 (all jobs):
   READ: bw=1025MiB/s (1075MB/s), 1025MiB/s-1025MiB/s (1075MB/s-1075MB/s), io=1024MiB (1074MB), run=999-999msec
