read: (g=0): rw=read, bs=(R) 4096B-4096B, (W) 4096B-4096B, (T) 4096B-4096B, ioengine=libaio, iodepth=16
...
fio-3.16
Starting 16 processes

read: (groupid=0, jobs=16): err= 0: pid=276831: Wed Oct 22 09:19:01 2025
  read: IOPS=323k, BW=1263MiB/s (1324MB/s)(2048MiB/1622msec)
    slat (nsec): min=707, max=16304k, avg=47469.48, stdev=394806.30
    clat (nsec): min=808, max=16454k, avg=726795.58, stdev=1405170.14
     lat (nsec): min=1903, max=16463k, avg=774365.56, stdev=1441408.25
    clat percentiles (usec):
     |  1.00th=[   25],  5.00th=[   31], 10.00th=[   36], 20.00th=[   47],
     | 30.00th=[   62], 40.00th=[   79], 50.00th=[   94], 60.00th=[  113],
     | 70.00th=[  145], 80.00th=[ 1287], 90.00th=[ 2868], 95.00th=[ 3752],
     | 99.00th=[ 6194], 99.50th=[ 7046], 99.90th=[ 9110], 99.95th=[10028],
     | 99.99th=[13042]
   bw (  MiB/s): min= 1196, max= 1381, per=100.00%, avg=1274.17, stdev= 5.44, samples=48
   iops        : min=306262, max=353772, avg=326188.00, stdev=1392.96, samples=48
  lat (nsec)   : 1000=0.01%
  lat (usec)   : 2=0.01%, 4=0.01%, 10=0.01%, 20=0.01%, 50=22.44%
  lat (usec)   : 100=31.10%, 250=22.50%, 500=0.35%, 750=0.30%, 1000=0.99%
  lat (msec)   : 2=7.74%, 4=10.13%, 10=4.37%, 20=0.05%
  cpu          : usr=1.67%, sys=23.76%, ctx=22348, majf=0, minf=428
  IO depths    : 1=0.1%, 2=0.1%, 4=0.1%, 8=0.1%, 16=100.0%, 32=0.0%, >=64=0.0%
     submit    : 0=0.0%, 4=100.0%, 8=0.0%, 16=0.0%, 32=0.0%, 64=0.0%, >=64=0.0%
     complete  : 0=0.0%, 4=100.0%, 8=0.0%, 16=0.1%, 32=0.0%, 64=0.0%, >=64=0.0%
     issued rwts: total=524288,0,0,0 short=0,0,0,0 dropped=0,0,0,0
     latency   : target=0, window=0, percentile=100.00%, depth=16

Run status group 0 (all jobs):
   READ: bw=1263MiB/s (1324MB/s), 1263MiB/s-1263MiB/s (1324MB/s-1324MB/s), io=2048MiB (2147MB), run=1622-1622msec
