read: (g=0): rw=read, bs=(R) 128KiB-128KiB, (W) 128KiB-128KiB, (T) 128KiB-128KiB, ioengine=libaio, iodepth=16
...
fio-3.16
Starting 2 processes

read: (groupid=0, jobs=2): err= 0: pid=277768: Wed Oct 22 09:19:29 2025
  read: IOPS=3580, BW=448MiB/s (469MB/s)(256MiB/572msec)
    slat (usec): min=22, max=2827, avg=529.96, stdev=533.76
    clat (usec): min=2, max=11888, avg=7893.50, stdev=1461.26
     lat (usec): min=40, max=11999, avg=8423.79, stdev=1438.87
    clat percentiles (usec):
     |  1.00th=[ 4555],  5.00th=[ 5669], 10.00th=[ 6194], 20.00th=[ 6783],
     | 30.00th=[ 7177], 40.00th=[ 7504], 50.00th=[ 7832], 60.00th=[ 8225],
     | 70.00th=[ 8586], 80.00th=[ 9110], 90.00th=[ 9765], 95.00th=[10290],
     | 99.00th=[11207], 99.50th=[11469], 99.90th=[11863], 99.95th=[11863],
     | 99.99th=[11863]
   bw (  KiB/s): min=474624, max=474624, per=100.00%, avg=474624.00, stdev= 0.00, samples=2
   iops        : min= 3708, max= 3708, avg=3708.00, stdev= 0.00, samples=2
  lat (usec)   : 4=0.10%, 50=0.05%, 100=0.05%, 750=0.10%
  lat (msec)   : 2=0.10%, 4=0.39%, 10=91.99%, 20=7.23%
  cpu          : usr=0.18%, sys=26.63%, ctx=2935, majf=0, minf=1047
  IO depths    : 1=0.1%, 2=0.2%, 4=0.4%, 8=0.8%, 16=98.5%, 32=0.0%, >=64=0.0%
     submit    : 0=0.0%, 4=100.0%, 8=0.0%, 16=0.0%, 32=0.0%, 64=0.0%, >=64=0.0%
     complete  : 0=0.0%, 4=99.9%, 8=0.0%, 16=0.1%, 32=0.0%, 64=0.0%, >=64=0.0%
     issued rwts: total=2048,0,0,0 short=0,0,0,0 dropped=0,0,0,0
     latency   : target=0, window=0, percentile=100.00%, depth=16

Run status group 0 (all jobs):
   READ: bw=448MiB/s (469MB/s), 448MiB/s-448MiB/s (469MB/s-469MB/s), io=256MiB (268MB), run=572-572msec
