read: (g=0): rw=read, bs=(R) 4096B-4096B, (W) 4096B-4096B, (T) 4096B-4096B, ioengine=libaio, iodepth=16
fio-3.16
Starting 1 process

read: (groupid=0, jobs=1): err= 0: pid=275730: Wed Oct 22 09:18:29 2025
  read: IOPS=54.2k, BW=212MiB/s (222MB/s)(128MiB/605msec)
    slat (nsec): min=759, max=11369k, avg=17723.64, stdev=169039.08
    clat (nsec): min=1046, max=11444k, avg=275778.64, stdev=612091.72
     lat (usec): min=2, max=11446, avg=293.56, stdev=629.18
    clat percentiles (usec):
     |  1.00th=[   22],  5.00th=[   24], 10.00th=[   25], 20.00th=[   27],
     | 30.00th=[   30], 40.00th=[   33], 50.00th=[   38], 60.00th=[   43],
     | 70.00th=[   53], 80.00th=[  553], 90.00th=[  947], 95.00th=[ 1156],
     | 99.00th=[ 2868], 99.50th=[ 3326], 99.90th=[ 4228], 99.95th=[11207],
     | 99.99th=[11469]
   bw (  KiB/s): min=218728, max=218728, per=100.00%, avg=218728.00, stdev= 0.00, samples=1
   iops        : min=54682, max=54682, avg=54682.00, stdev= 0.00, samples=1
  lat (usec)   : 2=0.01%, 4=0.01%, 10=0.01%, 20=0.01%, 50=67.97%
  lat (usec)   : 100=8.55%, 250=0.01%, 500=2.30%, 750=4.80%, 1000=8.87%
  lat (msec)   : 2=5.91%, 4=1.39%, 10=0.09%, 20=0.09%
  cpu          : usr=4.64%, sys=19.04%, ctx=1566, majf=0, minf=28
  IO depths    : 1=0.1%, 2=0.1%, 4=0.1%, 8=0.1%, 16=100.0%, 32=0.0%, >=64=0.0%
     submit    : 0=0.0%, 4=100.0%, 8=0.0%, 16=0.0%, 32=0.0%, 64=0.0%, >=64=0.0%
     complete  : 0=0.0%, 4=100.0%, 8=0.0%, 16=0.1%, 32=0.0%, 64=0.0%, >=64=0.0%
     issued rwts: total=32768,0,0,0 short=0,0,0,0 dropped=0,0,0,0
     latency   : target=0, window=0, percentile=100.00%, depth=16

Run status group 0 (all jobs):
   READ: bw=212MiB/s (222MB/s), 212MiB/s-212MiB/s (222MB/s-222MB/s), io=128MiB (134MB), run=605-605msec
