write: (g=0): rw=write, bs=(R) 4096B-4096B, (W) 4096B-4096B, (T) 4096B-4096B, ioengine=libaio, iodepth=16
...
fio-3.16
Starting 16 processes

write: (groupid=0, jobs=16): err= 0: pid=296279: Wed Oct 22 09:23:57 2025
  write: IOPS=152k, BW=595MiB/s (624MB/s)(2048MiB/3442msec); 0 zone resets
    slat (usec): min=12, max=9844, avg=89.05, stdev=113.74
    clat (nsec): min=932, max=14773k, avg=1364621.02, stdev=510146.22
     lat (usec): min=20, max=14844, avg=1454.00, stdev=529.78
    clat percentiles (usec):
     |  1.00th=[  816],  5.00th=[  955], 10.00th=[ 1012], 20.00th=[ 1090],
     | 30.00th=[ 1139], 40.00th=[ 1205], 50.00th=[ 1254], 60.00th=[ 1319],
     | 70.00th=[ 1401], 80.00th=[ 1532], 90.00th=[ 1762], 95.00th=[ 2040],
     | 99.00th=[ 4146], 99.50th=[ 4817], 99.90th=[ 5866], 99.95th=[ 6325],
     | 99.99th=[ 8094]
   bw (  KiB/s): min=674616, max=750648, per=100.00%, avg=703766.40, stdev=1701.60, samples=80
   iops        : min=168654, max=187662, avg=175941.60, stdev=425.40, samples=80
  lat (nsec)   : 1000=0.01%
  lat (usec)   : 2=0.01%, 4=0.01%, 50=0.01%, 100=0.01%, 250=0.01%
  lat (usec)   : 500=0.10%, 750=0.44%, 1000=7.94%
  lat (msec)   : 2=86.09%, 4=4.37%, 10=1.04%, 20=0.01%
  cpu          : usr=2.73%, sys=16.56%, ctx=529156, majf=0, minf=180
  IO depths    : 1=0.1%, 2=0.1%, 4=0.1%, 8=0.1%, 16=100.0%, 32=0.0%, >=64=0.0%
     submit    : 0=0.0%, 4=100.0%, 8=0.0%, 16=0.0%, 32=0.0%, 64=0.0%, >=64=0.0%
     complete  : 0=0.0%, 4=100.0%, 8=0.0%, 16=0.1%, 32=0.0%, 64=0.0%, >=64=0.0%
     issued rwts: total=0,524288,0,16 short=0,0,0,0 dropped=0,0,0,0
     latency   : target=0, window=0, percentile=100.00%, depth=16

Run status group 0 (all jobs):
  WRITE: bw=595MiB/s (624MB/s), 595MiB/s-595MiB/s (624MB/s-624MB/s), io=2048MiB (2147MB), run=3442-3442msec
