write: (g=0): rw=write, bs=(R) 4096B-4096B, (W) 4096B-4096B, (T) 4096B-4096B, ioengine=libaio, iodepth=16
fio-3.16
Starting 1 process

write: (groupid=0, jobs=1): err= 0: pid=288893: Wed Oct 22 09:23:18 2025
  write: IOPS=30.3k, BW=118MiB/s (124MB/s)(128MiB/1082msec); 0 zone resets
    slat (usec): min=14, max=703, avg=30.05, stdev=13.01
    clat (nsec): min=1845, max=1966.1k, avg=471851.65, stdev=72679.13
     lat (usec): min=33, max=2275, avg=502.11, stdev=75.92
    clat percentiles (usec):
     |  1.00th=[  379],  5.00th=[  400], 10.00th=[  412], 20.00th=[  429],
     | 30.00th=[  441], 40.00th=[  453], 50.00th=[  465], 60.00th=[  478],
     | 70.00th=[  490], 80.00th=[  506], 90.00th=[  529], 95.00th=[  553],
     | 99.00th=[  611], 99.50th=[  676], 99.90th=[ 1549], 99.95th=[ 1696],
     | 99.99th=[ 1926]
   bw (  KiB/s): min=124792, max=129952, per=100.00%, avg=127372.00, stdev=3648.67, samples=2
   iops        : min=31198, max=32488, avg=31843.00, stdev=912.17, samples=2
  lat (usec)   : 2=0.01%, 50=0.01%, 100=0.01%, 250=0.01%, 500=76.47%
  lat (usec)   : 750=23.14%, 1000=0.08%
  lat (msec)   : 2=0.28%
  cpu          : usr=3.89%, sys=36.08%, ctx=33929, majf=0, minf=12
  IO depths    : 1=0.1%, 2=0.1%, 4=0.1%, 8=0.1%, 16=100.0%, 32=0.0%, >=64=0.0%
     submit    : 0=0.0%, 4=100.0%, 8=0.0%, 16=0.0%, 32=0.0%, 64=0.0%, >=64=0.0%
     complete  : 0=0.0%, 4=100.0%, 8=0.0%, 16=0.1%, 32=0.0%, 64=0.0%, >=64=0.0%
     issued rwts: total=0,32768,0,1 short=0,0,0,0 dropped=0,0,0,0
     latency   : target=0, window=0, percentile=100.00%, depth=16

Run status group 0 (all jobs):
  WRITE: bw=118MiB/s (124MB/s), 118MiB/s-118MiB/s (124MB/s-124MB/s), io=128MiB (134MB), run=1082-1082msec
