randread: (g=0): rw=randread, bs=(R) 4096B-4096B, (W) 4096B-4096B, (T) 4096B-4096B, ioengine=psync, iodepth=1
...
fio-3.16
Starting 16 processes

randread: (groupid=0, jobs=16): err= 0: pid=95584: Wed Oct 22 16:49:09 2025
  read: IOPS=172k, BW=670MiB/s (703MB/s)(2048MiB/3056msec)
    clat (nsec): min=190, max=8137.8k, avg=91860.34, stdev=119628.06
     lat (nsec): min=204, max=8138.2k, avg=91888.49, stdev=119629.39
    clat percentiles (nsec):
     |  1.00th=[    692],  5.00th=[    868], 10.00th=[   1004],
     | 20.00th=[   1240], 30.00th=[   1560], 40.00th=[  47872],
     | 50.00th=[  71168], 60.00th=[ 105984], 70.00th=[ 142336],
     | 80.00th=[ 179200], 90.00th=[ 222208], 95.00th=[ 250880],
     | 99.00th=[ 305152], 99.50th=[ 333824], 99.90th=[ 440320],
     | 99.95th=[1220608], 99.99th=[5406720]
   bw (  KiB/s): min=453208, max=1128752, per=99.49%, avg=682724.07, stdev=14592.31, samples=95
   iops        : min=113302, max=282188, avg=170680.30, stdev=3648.11, samples=95
  lat (nsec)   : 250=0.01%, 500=0.03%, 750=1.96%, 1000=7.81%
  lat (usec)   : 2=24.40%, 4=2.39%, 10=0.83%, 20=1.16%, 50=2.69%
  lat (usec)   : 100=16.87%, 250=36.67%, 500=5.12%, 750=0.02%, 1000=0.01%
  lat (msec)   : 2=0.04%, 4=0.01%, 10=0.01%
  cpu          : usr=0.70%, sys=3.66%, ctx=331648, majf=0, minf=178
  IO depths    : 1=100.0%, 2=0.0%, 4=0.0%, 8=0.0%, 16=0.0%, 32=0.0%, >=64=0.0%
     submit    : 0=0.0%, 4=100.0%, 8=0.0%, 16=0.0%, 32=0.0%, 64=0.0%, >=64=0.0%
     complete  : 0=0.0%, 4=100.0%, 8=0.0%, 16=0.0%, 32=0.0%, 64=0.0%, >=64=0.0%
     issued rwts: total=524288,0,0,0 short=0,0,0,0 dropped=0,0,0,0
     latency   : target=0, window=0, percentile=100.00%, depth=1

Run status group 0 (all jobs):
   READ: bw=670MiB/s (703MB/s), 670MiB/s-670MiB/s (703MB/s-703MB/s), io=2048MiB (2147MB), run=3056-3056msec
