randread: (g=0): rw=randread, bs=(R) 4096B-4096B, (W) 4096B-4096B, (T) 4096B-4096B, ioengine=psync, iodepth=1
fio-3.16
Starting 1 process

randread: (groupid=0, jobs=1): err= 0: pid=115750: Wed Oct 22 17:25:01 2025
  read: IOPS=9893, BW=38.6MiB/s (40.5MB/s)(128MiB/3312msec)
    clat (nsec): min=220, max=14991k, avg=100856.77, stdev=214284.02
     lat (nsec): min=235, max=14991k, avg=100879.56, stdev=214286.32
    clat percentiles (nsec):
     |  1.00th=[    474],  5.00th=[    588], 10.00th=[    676],
     | 20.00th=[    836], 30.00th=[   1096], 40.00th=[  45824],
     | 50.00th=[  59136], 60.00th=[  75264], 70.00th=[ 118272],
     | 80.00th=[ 160768], 90.00th=[ 317440], 95.00th=[ 403456],
     | 99.00th=[ 501760], 99.50th=[ 528384], 99.90th=[ 708608],
     | 99.95th=[ 856064], 99.99th=[9240576]
   bw (  KiB/s): min=23496, max=61528, per=93.36%, avg=36946.50, stdev=13279.47, samples=6
   iops        : min= 5874, max=15382, avg=9236.50, stdev=3319.92, samples=6
  lat (nsec)   : 250=0.02%, 500=1.46%, 750=13.25%, 1000=12.62%
  lat (usec)   : 2=8.07%, 4=1.11%, 10=2.04%, 20=0.63%, 50=4.27%
  lat (usec)   : 100=22.06%, 250=22.73%, 500=10.75%, 750=0.91%, 1000=0.05%
  lat (msec)   : 4=0.01%, 10=0.02%, 20=0.01%
  cpu          : usr=0.51%, sys=2.54%, ctx=20754, majf=0, minf=10
  IO depths    : 1=100.0%, 2=0.0%, 4=0.0%, 8=0.0%, 16=0.0%, 32=0.0%, >=64=0.0%
     submit    : 0=0.0%, 4=100.0%, 8=0.0%, 16=0.0%, 32=0.0%, 64=0.0%, >=64=0.0%
     complete  : 0=0.0%, 4=100.0%, 8=0.0%, 16=0.0%, 32=0.0%, 64=0.0%, >=64=0.0%
     issued rwts: total=32768,0,0,0 short=0,0,0,0 dropped=0,0,0,0
     latency   : target=0, window=0, percentile=100.00%, depth=1

Run status group 0 (all jobs):
   READ: bw=38.6MiB/s (40.5MB/s), 38.6MiB/s-38.6MiB/s (40.5MB/s-40.5MB/s), io=128MiB (134MB), run=3312-3312msec
