randwrite: (g=0): rw=randwrite, bs=(R) 4096B-4096B, (W) 4096B-4096B, (T) 4096B-4096B, ioengine=psync, iodepth=1
...
fio-3.16
Starting 4 processes

randwrite: (groupid=0, jobs=4): err= 0: pid=25359: Wed Oct 22 21:10:55 2025
  write: IOPS=106k, BW=412MiB/s (432MB/s)(512MiB/1242msec); 0 zone resets
    clat (usec): min=2, max=8051, avg=30.47, stdev=189.12
     lat (usec): min=2, max=8052, avg=30.50, stdev=189.12
    clat percentiles (usec):
     |  1.00th=[    5],  5.00th=[    5], 10.00th=[    6], 20.00th=[    7],
     | 30.00th=[    8], 40.00th=[    8], 50.00th=[    9], 60.00th=[   10],
     | 70.00th=[   11], 80.00th=[   15], 90.00th=[   58], 95.00th=[   68],
     | 99.00th=[  204], 99.50th=[  947], 99.90th=[ 2008], 99.95th=[ 3785],
     | 99.99th=[ 7767]
   bw (  KiB/s): min=504952, max=522536, per=100.00%, avg=513744.00, stdev=2981.05, samples=7
   iops        : min=126238, max=130634, avg=128436.00, stdev=745.26, samples=7
  lat (usec)   : 4=0.63%, 10=63.81%, 20=16.93%, 50=4.58%, 100=12.22%
  lat (usec)   : 250=0.91%, 500=0.12%, 750=0.18%, 1000=0.13%
  lat (msec)   : 2=0.38%, 4=0.05%, 10=0.05%
  cpu          : usr=0.99%, sys=77.80%, ctx=7112, majf=0, minf=38
  IO depths    : 1=100.0%, 2=0.0%, 4=0.0%, 8=0.0%, 16=0.0%, 32=0.0%, >=64=0.0%
     submit    : 0=0.0%, 4=100.0%, 8=0.0%, 16=0.0%, 32=0.0%, 64=0.0%, >=64=0.0%
     complete  : 0=0.0%, 4=100.0%, 8=0.0%, 16=0.0%, 32=0.0%, 64=0.0%, >=64=0.0%
     issued rwts: total=0,131072,0,4 short=0,0,0,0 dropped=0,0,0,0
     latency   : target=0, window=0, percentile=100.00%, depth=1

Run status group 0 (all jobs):
  WRITE: bw=412MiB/s (432MB/s), 412MiB/s-412MiB/s (432MB/s-432MB/s), io=512MiB (537MB), run=1242-1242msec
