randread: (g=0): rw=randread, bs=(R) 128KiB-128KiB, (W) 128KiB-128KiB, (T) 128KiB-128KiB, ioengine=psync, iodepth=1
...
fio-3.16
Starting 8 processes

randread: (groupid=0, jobs=8): err= 0: pid=116336: Wed Oct 22 17:25:44 2025
  read: IOPS=27.0k, BW=3495MiB/s (3665MB/s)(1024MiB/293msec)
    clat (usec): min=4, max=8613, avg=277.00, stdev=311.72
     lat (usec): min=4, max=8613, avg=277.03, stdev=311.73
    clat percentiles (usec):
     |  1.00th=[   13],  5.00th=[   16], 10.00th=[   18], 20.00th=[   21],
     | 30.00th=[   25], 40.00th=[  217], 50.00th=[  285], 60.00th=[  355],
     | 70.00th=[  424], 80.00th=[  494], 90.00th=[  562], 95.00th=[  619],
     | 99.00th=[  725], 99.50th=[  783], 99.90th=[  922], 99.95th=[ 8291],
     | 99.99th=[ 8586]
  lat (usec)   : 10=0.27%, 20=18.12%, 50=18.52%, 100=0.04%, 250=7.60%
  lat (usec)   : 500=36.57%, 750=18.12%, 1000=0.70%
  lat (msec)   : 10=0.07%
  cpu          : usr=0.31%, sys=10.89%, ctx=5190, majf=0, minf=333
  IO depths    : 1=100.0%, 2=0.0%, 4=0.0%, 8=0.0%, 16=0.0%, 32=0.0%, >=64=0.0%
     submit    : 0=0.0%, 4=100.0%, 8=0.0%, 16=0.0%, 32=0.0%, 64=0.0%, >=64=0.0%
     complete  : 0=0.0%, 4=100.0%, 8=0.0%, 16=0.0%, 32=0.0%, 64=0.0%, >=64=0.0%
     issued rwts: total=8192,0,0,0 short=0,0,0,0 dropped=0,0,0,0
     latency   : target=0, window=0, percentile=100.00%, depth=1

Run status group 0 (all jobs):
   READ: bw=3495MiB/s (3665MB/s), 3495MiB/s-3495MiB/s (3665MB/s-3665MB/s), io=1024MiB (1074MB), run=293-293msec
