read: (g=0): rw=read, bs=(R) 128KiB-128KiB, (W) 128KiB-128KiB, (T) 128KiB-128KiB, ioengine=psync, iodepth=1
...
fio-3.16
Starting 8 processes

read: (groupid=0, jobs=8): err= 0: pid=23574: Wed Oct 22 21:08:53 2025
  read: IOPS=17.8k, BW=2221MiB/s (2329MB/s)(1024MiB/461msec)
    clat (usec): min=5, max=9677, avg=432.50, stdev=691.40
     lat (usec): min=5, max=9678, avg=432.66, stdev=691.36
    clat percentiles (usec):
     |  1.00th=[    9],  5.00th=[   11], 10.00th=[   14], 20.00th=[   28],
     | 30.00th=[   39], 40.00th=[   47], 50.00th=[   63], 60.00th=[  184],
     | 70.00th=[  449], 80.00th=[  807], 90.00th=[ 1369], 95.00th=[ 1909],
     | 99.00th=[ 2704], 99.50th=[ 2966], 99.90th=[ 6456], 99.95th=[ 8717],
     | 99.99th=[ 9634]
  lat (usec)   : 10=4.50%, 20=11.54%, 50=27.73%, 100=10.07%, 250=9.63%
  lat (usec)   : 500=8.23%, 750=6.88%, 1000=5.40%
  lat (msec)   : 2=11.67%, 4=4.24%, 10=0.11%
  cpu          : usr=0.76%, sys=20.07%, ctx=3282, majf=0, minf=341
  IO depths    : 1=100.0%, 2=0.0%, 4=0.0%, 8=0.0%, 16=0.0%, 32=0.0%, >=64=0.0%
     submit    : 0=0.0%, 4=100.0%, 8=0.0%, 16=0.0%, 32=0.0%, 64=0.0%, >=64=0.0%
     complete  : 0=0.0%, 4=100.0%, 8=0.0%, 16=0.0%, 32=0.0%, 64=0.0%, >=64=0.0%
     issued rwts: total=8192,0,0,0 short=0,0,0,0 dropped=0,0,0,0
     latency   : target=0, window=0, percentile=100.00%, depth=1

Run status group 0 (all jobs):
   READ: bw=2221MiB/s (2329MB/s), 2221MiB/s-2221MiB/s (2329MB/s-2329MB/s), io=1024MiB (1074MB), run=461-461msec
