read: (g=0): rw=read, bs=(R) 128KiB-128KiB, (W) 128KiB-128KiB, (T) 128KiB-128KiB, ioengine=psync, iodepth=1
...
fio-3.16
Starting 4 processes

read: (groupid=0, jobs=4): err= 0: pid=115518: Wed Oct 22 17:24:46 2025
  read: IOPS=21.4k, BW=2681MiB/s (2811MB/s)(512MiB/191msec)
    clat (usec): min=4, max=9125, avg=180.93, stdev=366.07
     lat (usec): min=4, max=9125, avg=180.96, stdev=366.07
    clat percentiles (usec):
     |  1.00th=[    6],  5.00th=[    7], 10.00th=[    8], 20.00th=[    8],
     | 30.00th=[    9], 40.00th=[   10], 50.00th=[   24], 60.00th=[   70],
     | 70.00th=[  231], 80.00th=[  359], 90.00th=[  545], 95.00th=[  709],
     | 99.00th=[ 1037], 99.50th=[ 1106], 99.90th=[ 1926], 99.95th=[ 8586],
     | 99.99th=[ 9110]
  lat (usec)   : 10=43.53%, 20=6.37%, 50=6.03%, 100=6.30%, 250=8.94%
  lat (usec)   : 500=17.07%, 750=7.45%, 1000=3.15%
  lat (msec)   : 2=1.07%, 10=0.10%
  cpu          : usr=0.54%, sys=15.77%, ctx=1693, majf=0, minf=168
  IO depths    : 1=100.0%, 2=0.0%, 4=0.0%, 8=0.0%, 16=0.0%, 32=0.0%, >=64=0.0%
     submit    : 0=0.0%, 4=100.0%, 8=0.0%, 16=0.0%, 32=0.0%, 64=0.0%, >=64=0.0%
     complete  : 0=0.0%, 4=100.0%, 8=0.0%, 16=0.0%, 32=0.0%, 64=0.0%, >=64=0.0%
     issued rwts: total=4096,0,0,0 short=0,0,0,0 dropped=0,0,0,0
     latency   : target=0, window=0, percentile=100.00%, depth=1

Run status group 0 (all jobs):
   READ: bw=2681MiB/s (2811MB/s), 2681MiB/s-2681MiB/s (2811MB/s-2811MB/s), io=512MiB (537MB), run=191-191msec
