read: (g=0): rw=read, bs=(R) 4096B-4096B, (W) 4096B-4096B, (T) 4096B-4096B, ioengine=psync, iodepth=1
...
fio-3.16
Starting 4 processes

read: (groupid=0, jobs=4): err= 0: pid=94547: Wed Oct 22 16:48:07 2025
  read: IOPS=683k, BW=2667MiB/s (2796MB/s)(512MiB/192msec)
    clat (nsec): min=186, max=8513.0k, avg=5632.14, stdev=73142.99
     lat (nsec): min=199, max=8513.2k, avg=5647.51, stdev=73143.49
    clat percentiles (nsec):
     |  1.00th=[    235],  5.00th=[    262], 10.00th=[    298],
     | 20.00th=[    322], 30.00th=[    346], 40.00th=[    374],
     | 50.00th=[    390], 60.00th=[    406], 70.00th=[    418],
     | 80.00th=[    438], 90.00th=[    482], 95.00th=[    572],
     | 99.00th=[ 187392], 99.50th=[ 399360], 99.90th=[ 716800],
     | 99.95th=[ 806912], 99.99th=[1236992]
  lat (nsec)   : 250=3.61%, 500=88.18%, 750=5.63%, 1000=0.73%
  lat (usec)   : 2=0.24%, 4=0.02%, 10=0.02%, 20=0.01%, 50=0.27%
  lat (usec)   : 100=0.14%, 250=0.32%, 500=0.52%, 750=0.24%, 1000=0.07%
  lat (msec)   : 2=0.01%, 4=0.01%, 10=0.01%
  cpu          : usr=4.65%, sys=16.09%, ctx=1696, majf=0, minf=41
  IO depths    : 1=100.0%, 2=0.0%, 4=0.0%, 8=0.0%, 16=0.0%, 32=0.0%, >=64=0.0%
     submit    : 0=0.0%, 4=100.0%, 8=0.0%, 16=0.0%, 32=0.0%, 64=0.0%, >=64=0.0%
     complete  : 0=0.0%, 4=100.0%, 8=0.0%, 16=0.0%, 32=0.0%, 64=0.0%, >=64=0.0%
     issued rwts: total=131072,0,0,0 short=0,0,0,0 dropped=0,0,0,0
     latency   : target=0, window=0, percentile=100.00%, depth=1

Run status group 0 (all jobs):
   READ: bw=2667MiB/s (2796MB/s), 2667MiB/s-2667MiB/s (2796MB/s-2796MB/s), io=512MiB (537MB), run=192-192msec
