read: (g=0): rw=read, bs=(R) 4096B-4096B, (W) 4096B-4096B, (T) 4096B-4096B, ioengine=psync, iodepth=1
fio-3.16
Starting 1 process

read: (groupid=0, jobs=1): err= 0: pid=94280: Wed Oct 22 16:47:59 2025
  read: IOPS=67.4k, BW=263MiB/s (276MB/s)(128MiB/486msec)
    clat (nsec): min=216, max=6458.8k, avg=14371.08, stdev=179159.40
     lat (nsec): min=226, max=6458.8k, avg=14422.04, stdev=179161.41
    clat percentiles (nsec):
     |  1.00th=[    298],  5.00th=[    422], 10.00th=[    466],
     | 20.00th=[    524], 30.00th=[    580], 40.00th=[    660],
     | 50.00th=[    788], 60.00th=[   1176], 70.00th=[   1464],
     | 80.00th=[   1720], 90.00th=[   1992], 95.00th=[   2224],
     | 99.00th=[ 236544], 99.50th=[ 667648], 99.90th=[3162112],
     | 99.95th=[4423680], 99.99th=[5799936]
  lat (nsec)   : 250=0.25%, 500=15.92%, 750=31.55%, 1000=8.95%
  lat (usec)   : 2=33.43%, 4=7.88%, 10=0.43%, 20=0.01%, 50=0.09%
  lat (usec)   : 100=0.17%, 250=0.36%, 500=0.35%, 750=0.15%, 1000=0.06%
  lat (msec)   : 2=0.23%, 4=0.11%, 10=0.06%
  cpu          : usr=4.33%, sys=16.08%, ctx=448, majf=0, minf=10
  IO depths    : 1=100.0%, 2=0.0%, 4=0.0%, 8=0.0%, 16=0.0%, 32=0.0%, >=64=0.0%
     submit    : 0=0.0%, 4=100.0%, 8=0.0%, 16=0.0%, 32=0.0%, 64=0.0%, >=64=0.0%
     complete  : 0=0.0%, 4=100.0%, 8=0.0%, 16=0.0%, 32=0.0%, 64=0.0%, >=64=0.0%
     issued rwts: total=32768,0,0,0 short=0,0,0,0 dropped=0,0,0,0
     latency   : target=0, window=0, percentile=100.00%, depth=1

Run status group 0 (all jobs):
   READ: bw=263MiB/s (276MB/s), 263MiB/s-263MiB/s (276MB/s-276MB/s), io=128MiB (134MB), run=486-486msec
