read: (g=0): rw=read, bs=(R) 128KiB-128KiB, (W) 128KiB-128KiB, (T) 128KiB-128KiB, ioengine=psync, iodepth=1
...
fio-3.16
Starting 2 processes

read: (groupid=0, jobs=2): err= 0: pid=23388: Wed Oct 22 21:08:45 2025
  read: IOPS=14.6k, BW=1829MiB/s (1917MB/s)(256MiB/140msec)
    clat (usec): min=4, max=8599, avg=135.69, stdev=313.89
     lat (usec): min=4, max=8599, avg=135.71, stdev=313.89
    clat percentiles (usec):
     |  1.00th=[    5],  5.00th=[    6], 10.00th=[    7], 20.00th=[    7],
     | 30.00th=[    8], 40.00th=[    8], 50.00th=[   18], 60.00th=[   52],
     | 70.00th=[  182], 80.00th=[  293], 90.00th=[  400], 95.00th=[  502],
     | 99.00th=[  627], 99.50th=[  685], 99.90th=[  750], 99.95th=[ 8455],
     | 99.99th=[ 8586]
  lat (usec)   : 10=48.05%, 20=2.00%, 50=9.52%, 100=5.71%, 250=10.06%
  lat (usec)   : 500=19.53%, 750=5.03%
  lat (msec)   : 10=0.10%
  cpu          : usr=0.00%, sys=18.71%, ctx=835, majf=0, minf=85
  IO depths    : 1=100.0%, 2=0.0%, 4=0.0%, 8=0.0%, 16=0.0%, 32=0.0%, >=64=0.0%
     submit    : 0=0.0%, 4=100.0%, 8=0.0%, 16=0.0%, 32=0.0%, 64=0.0%, >=64=0.0%
     complete  : 0=0.0%, 4=100.0%, 8=0.0%, 16=0.0%, 32=0.0%, 64=0.0%, >=64=0.0%
     issued rwts: total=2048,0,0,0 short=0,0,0,0 dropped=0,0,0,0
     latency   : target=0, window=0, percentile=100.00%, depth=1

Run status group 0 (all jobs):
   READ: bw=1829MiB/s (1917MB/s), 1829MiB/s-1829MiB/s (1917MB/s-1917MB/s), io=256MiB (268MB), run=140-140msec
