read: (g=0): rw=read, bs=(R) 4096B-4096B, (W) 4096B-4096B, (T) 4096B-4096B, ioengine=psync, iodepth=1
...
fio-3.16
Starting 2 processes

read: (groupid=0, jobs=2): err= 0: pid=115185: Wed Oct 22 17:24:22 2025
  read: IOPS=437k, BW=1707MiB/s (1790MB/s)(256MiB/150msec)
    clat (nsec): min=186, max=10689k, avg=4422.30, stdev=79440.89
     lat (nsec): min=198, max=10689k, avg=4435.74, stdev=79441.31
    clat percentiles (nsec):
     |  1.00th=[    223],  5.00th=[    237], 10.00th=[    247],
     | 20.00th=[    286], 30.00th=[    302], 40.00th=[    310],
     | 50.00th=[    318], 60.00th=[    330], 70.00th=[    338],
     | 80.00th=[    350], 90.00th=[    374], 95.00th=[    434],
     | 99.00th=[ 128512], 99.50th=[ 288768], 99.90th=[ 509952],
     | 99.95th=[ 569344], 99.99th=[1204224]
  lat (nsec)   : 250=10.89%, 500=85.83%, 750=1.46%, 1000=0.14%
  lat (usec)   : 2=0.03%, 4=0.06%, 10=0.01%, 50=0.36%, 100=0.15%
  lat (usec)   : 250=0.42%, 500=0.53%, 750=0.11%, 1000=0.01%
  lat (msec)   : 2=0.01%, 10=0.01%, 20=0.01%
  cpu          : usr=4.73%, sys=17.23%, ctx=817, majf=0, minf=23
  IO depths    : 1=100.0%, 2=0.0%, 4=0.0%, 8=0.0%, 16=0.0%, 32=0.0%, >=64=0.0%
     submit    : 0=0.0%, 4=100.0%, 8=0.0%, 16=0.0%, 32=0.0%, 64=0.0%, >=64=0.0%
     complete  : 0=0.0%, 4=100.0%, 8=0.0%, 16=0.0%, 32=0.0%, 64=0.0%, >=64=0.0%
     issued rwts: total=65536,0,0,0 short=0,0,0,0 dropped=0,0,0,0
     latency   : target=0, window=0, percentile=100.00%, depth=1

Run status group 0 (all jobs):
   READ: bw=1707MiB/s (1790MB/s), 1707MiB/s-1707MiB/s (1790MB/s-1790MB/s), io=256MiB (268MB), run=150-150msec
