write: (g=0): rw=write, bs=(R) 4096B-4096B, (W) 4096B-4096B, (T) 4096B-4096B, ioengine=psync, iodepth=1
...
fio-3.16
Starting 2 processes

write: (groupid=0, jobs=2): err= 0: pid=96144: Wed Oct 22 16:49:40 2025
  write: IOPS=29.0k, BW=113MiB/s (119MB/s)(256MiB/2259msec); 0 zone resets
    clat (usec): min=3, max=8052, avg=65.44, stdev=301.19
     lat (usec): min=3, max=8052, avg=65.47, stdev=301.19
    clat percentiles (usec):
     |  1.00th=[    5],  5.00th=[    5], 10.00th=[    6], 20.00th=[    7],
     | 30.00th=[    8], 40.00th=[   12], 50.00th=[   47], 60.00th=[   56],
     | 70.00th=[   71], 80.00th=[   89], 90.00th=[  116], 95.00th=[  137],
     | 99.00th=[  225], 99.50th=[  408], 99.90th=[ 5866], 99.95th=[ 7373],
     | 99.99th=[ 7963]
   bw (  KiB/s): min=110928, max=145184, per=100.00%, avg=122634.00, stdev=7219.56, samples=8
   iops        : min=27732, max=36296, avg=30658.50, stdev=1804.89, samples=8
  lat (usec)   : 4=0.68%, 10=36.14%, 20=8.49%, 50=8.42%, 100=31.49%
  lat (usec)   : 250=13.87%, 500=0.55%, 750=0.02%, 1000=0.01%
  lat (msec)   : 2=0.05%, 4=0.05%, 10=0.23%
  cpu          : usr=0.22%, sys=90.39%, ctx=5163, majf=0, minf=22
  IO depths    : 1=100.0%, 2=0.0%, 4=0.0%, 8=0.0%, 16=0.0%, 32=0.0%, >=64=0.0%
     submit    : 0=0.0%, 4=100.0%, 8=0.0%, 16=0.0%, 32=0.0%, 64=0.0%, >=64=0.0%
     complete  : 0=0.0%, 4=100.0%, 8=0.0%, 16=0.0%, 32=0.0%, 64=0.0%, >=64=0.0%
     issued rwts: total=0,65536,0,2 short=0,0,0,0 dropped=0,0,0,0
     latency   : target=0, window=0, percentile=100.00%, depth=1

Run status group 0 (all jobs):
  WRITE: bw=113MiB/s (119MB/s), 113MiB/s-113MiB/s (119MB/s-119MB/s), io=256MiB (268MB), run=2259-2259msec
