randread: (g=0): rw=randread, bs=(R) 4096B-4096B, (W) 4096B-4096B, (T) 4096B-4096B, ioengine=psync, iodepth=1
fio-3.16
Starting 1 process

randread: (groupid=0, jobs=1): err= 0: pid=44106: Mon Oct 20 14:58:12 2025
  read: IOPS=4230, BW=16.5MiB/s (17.3MB/s)(128MiB/7745msec)
    clat (nsec): min=208, max=12687k, avg=235890.38, stdev=516879.24
     lat (nsec): min=222, max=12687k, avg=235922.16, stdev=516902.82
    clat percentiles (nsec):
     |  1.00th=[     318],  5.00th=[     386], 10.00th=[     430],
     | 20.00th=[     502], 30.00th=[     628], 40.00th=[    7648],
     | 50.00th=[   68096], 60.00th=[   80384], 70.00th=[   84480],
     | 80.00th=[  136192], 90.00th=[ 1433600], 95.00th=[ 1597440],
     | 99.00th=[ 1761280], 99.50th=[ 1810432], 99.90th=[ 1941504],
     | 99.95th=[ 3162112], 99.99th=[12255232]
   bw (  KiB/s): min= 3465, max=90192, per=72.89%, avg=12334.47, stdev=23550.83, samples=15
   iops        : min=  866, max=22548, avg=3083.60, stdev=5887.71, samples=15
  lat (nsec)   : 250=0.04%, 500=19.57%, 750=12.99%, 1000=1.10%
  lat (usec)   : 2=2.04%, 4=0.81%, 10=5.72%, 20=1.19%, 50=1.39%
  lat (usec)   : 100=32.29%, 250=9.16%, 500=1.49%, 750=0.23%, 1000=0.09%
  lat (msec)   : 2=11.84%, 4=0.05%, 10=0.01%, 20=0.01%
  cpu          : usr=0.31%, sys=2.48%, ctx=21780, majf=0, minf=10
  IO depths    : 1=100.0%, 2=0.0%, 4=0.0%, 8=0.0%, 16=0.0%, 32=0.0%, >=64=0.0%
     submit    : 0=0.0%, 4=100.0%, 8=0.0%, 16=0.0%, 32=0.0%, 64=0.0%, >=64=0.0%
     complete  : 0=0.0%, 4=100.0%, 8=0.0%, 16=0.0%, 32=0.0%, 64=0.0%, >=64=0.0%
     issued rwts: total=32768,0,0,0 short=0,0,0,0 dropped=0,0,0,0
     latency   : target=0, window=0, percentile=100.00%, depth=1

Run status group 0 (all jobs):
   READ: bw=16.5MiB/s (17.3MB/s), 16.5MiB/s-16.5MiB/s (17.3MB/s-17.3MB/s), io=128MiB (134MB), run=7745-7745msec
