randread: (g=0): rw=randread, bs=(R) 4096B-4096B, (W) 4096B-4096B, (T) 4096B-4096B, ioengine=psync, iodepth=1
...
fio-3.16
Starting 8 processes

randread: (groupid=0, jobs=8): err= 0: pid=485039: Mon Oct 20 13:59:02 2025
  read: IOPS=31.0k, BW=125MiB/s (131MB/s)(1024MiB/8201msec)
    clat (nsec): min=185, max=16501k, avg=248652.29, stdev=527514.98
     lat (nsec): min=200, max=16501k, avg=248686.34, stdev=527515.37
    clat percentiles (nsec):
     |  1.00th=[     486],  5.00th=[     572], 10.00th=[     644],
     | 20.00th=[     788], 30.00th=[    1096], 40.00th=[    8896],
     | 50.00th=[   73216], 60.00th=[   90624], 70.00th=[  128512],
     | 80.00th=[  183296], 90.00th=[ 1384448], 95.00th=[ 1515520],
     | 99.00th=[ 1679360], 99.50th=[ 1761280], 99.90th=[ 3194880],
     | 99.95th=[ 6717440], 99.99th=[12386304]
   bw (  KiB/s): min=52552, max=666784, per=87.67%, avg=112092.31, stdev=19037.44, samples=128
   iops        : min=13138, max=166696, avg=28023.00, stdev=4759.36, samples=128
  lat (nsec)   : 250=0.01%, 500=1.39%, 750=16.18%, 1000=10.32%
  lat (usec)   : 2=6.65%, 4=1.84%, 10=4.83%, 20=2.38%, 50=0.37%
  lat (usec)   : 100=18.93%, 250=22.03%, 500=2.54%, 750=0.09%, 1000=0.04%
  lat (msec)   : 2=12.23%, 4=0.12%, 10=0.05%, 20=0.01%
  cpu          : usr=0.23%, sys=2.66%, ctx=165707, majf=0, minf=78
  IO depths    : 1=100.0%, 2=0.0%, 4=0.0%, 8=0.0%, 16=0.0%, 32=0.0%, >=64=0.0%
     submit    : 0=0.0%, 4=100.0%, 8=0.0%, 16=0.0%, 32=0.0%, 64=0.0%, >=64=0.0%
     complete  : 0=0.0%, 4=100.0%, 8=0.0%, 16=0.0%, 32=0.0%, 64=0.0%, >=64=0.0%
     issued rwts: total=262144,0,0,0 short=0,0,0,0 dropped=0,0,0,0
     latency   : target=0, window=0, percentile=100.00%, depth=1

Run status group 0 (all jobs):
   READ: bw=125MiB/s (131MB/s), 125MiB/s-125MiB/s (131MB/s-131MB/s), io=1024MiB (1074MB), run=8201-8201msec
