randread: (g=0): rw=randread, bs=(R) 128KiB-128KiB, (W) 128KiB-128KiB, (T) 128KiB-128KiB, ioengine=psync, iodepth=1
...
fio-3.16
Starting 8 processes

randread: (groupid=0, jobs=8): err= 0: pid=153472: Mon Oct 20 17:31:09 2025
  read: IOPS=28.2k, BW=3519MiB/s (3690MB/s)(1024MiB/291msec)
    clat (usec): min=2, max=8560, avg=278.69, stdev=336.07
     lat (usec): min=2, max=8561, avg=278.71, stdev=336.07
    clat percentiles (usec):
     |  1.00th=[    9],  5.00th=[   10], 10.00th=[   12], 20.00th=[   13],
     | 30.00th=[   15], 40.00th=[  253], 50.00th=[  330], 60.00th=[  375],
     | 70.00th=[  416], 80.00th=[  461], 90.00th=[  537], 95.00th=[  594],
     | 99.00th=[  758], 99.50th=[  840], 99.90th=[ 1090], 99.95th=[ 8455],
     | 99.99th=[ 8586]
  lat (usec)   : 4=0.11%, 10=5.54%, 20=31.15%, 50=0.21%, 100=0.34%
  lat (usec)   : 250=2.43%, 500=45.97%, 750=13.11%, 1000=0.98%
  lat (msec)   : 2=0.06%, 10=0.10%
  cpu          : usr=0.00%, sys=7.19%, ctx=5178, majf=0, minf=330
  IO depths    : 1=100.0%, 2=0.0%, 4=0.0%, 8=0.0%, 16=0.0%, 32=0.0%, >=64=0.0%
     submit    : 0=0.0%, 4=100.0%, 8=0.0%, 16=0.0%, 32=0.0%, 64=0.0%, >=64=0.0%
     complete  : 0=0.0%, 4=100.0%, 8=0.0%, 16=0.0%, 32=0.0%, 64=0.0%, >=64=0.0%
     issued rwts: total=8192,0,0,0 short=0,0,0,0 dropped=0,0,0,0
     latency   : target=0, window=0, percentile=100.00%, depth=1

Run status group 0 (all jobs):
   READ: bw=3519MiB/s (3690MB/s), 3519MiB/s-3519MiB/s (3690MB/s-3690MB/s), io=1024MiB (1074MB), run=291-291msec
