randread: (g=0): rw=randread, bs=(R) 128KiB-128KiB, (W) 128KiB-128KiB, (T) 128KiB-128KiB, ioengine=psync, iodepth=1
...
fio-3.16
Starting 16 processes

randread: (groupid=0, jobs=16): err= 0: pid=44900: Mon Oct 20 14:59:14 2025
  read: IOPS=29.0k, BW=3631MiB/s (3808MB/s)(2048MiB/564msec)
    clat (usec): min=2, max=9275, avg=518.40, stdev=543.67
     lat (usec): min=2, max=9275, avg=518.44, stdev=543.67
    clat percentiles (usec):
     |  1.00th=[   10],  5.00th=[   11], 10.00th=[   12], 20.00th=[   14],
     | 30.00th=[   16], 40.00th=[  297], 50.00th=[  490], 60.00th=[  693],
     | 70.00th=[  848], 80.00th=[  971], 90.00th=[ 1106], 95.00th=[ 1205],
     | 99.00th=[ 1369], 99.50th=[ 1467], 99.90th=[ 7504], 99.95th=[ 8586],
     | 99.99th=[ 8979]
   bw (  MiB/s): min= 3608, max= 3608, per=99.38%, avg=3608.53, stdev= 0.00, samples=16
   iops        : min=28862, max=28862, avg=28862.00, stdev= 0.00, samples=16
  lat (usec)   : 4=0.08%, 10=3.20%, 20=32.54%, 50=1.10%, 100=0.08%
  lat (usec)   : 250=1.40%, 500=12.16%, 750=13.18%, 1000=18.54%
  lat (msec)   : 2=17.43%, 4=0.09%, 10=0.20%
  cpu          : usr=0.13%, sys=5.34%, ctx=10390, majf=0, minf=663
  IO depths    : 1=100.0%, 2=0.0%, 4=0.0%, 8=0.0%, 16=0.0%, 32=0.0%, >=64=0.0%
     submit    : 0=0.0%, 4=100.0%, 8=0.0%, 16=0.0%, 32=0.0%, 64=0.0%, >=64=0.0%
     complete  : 0=0.0%, 4=100.0%, 8=0.0%, 16=0.0%, 32=0.0%, 64=0.0%, >=64=0.0%
     issued rwts: total=16384,0,0,0 short=0,0,0,0 dropped=0,0,0,0
     latency   : target=0, window=0, percentile=100.00%, depth=1

Run status group 0 (all jobs):
   READ: bw=3631MiB/s (3808MB/s), 3631MiB/s-3631MiB/s (3808MB/s-3808MB/s), io=2048MiB (2147MB), run=564-564msec
