randwrite: (g=0): rw=randwrite, bs=(R) 4096B-4096B, (W) 4096B-4096B, (T) 4096B-4096B, ioengine=psync, iodepth=1
...
fio-3.16
Starting 4 processes

randwrite: (groupid=0, jobs=4): err= 0: pid=486817: Mon Oct 20 14:00:54 2025
  write: IOPS=188k, BW=735MiB/s (770MB/s)(512MiB/697msec); 0 zone resets
    clat (usec): min=4, max=8090, avg=14.13, stdev=104.38
     lat (usec): min=4, max=8090, avg=14.15, stdev=104.38
    clat percentiles (usec):
     |  1.00th=[    7],  5.00th=[    9], 10.00th=[   10], 20.00th=[   11],
     | 30.00th=[   11], 40.00th=[   12], 50.00th=[   13], 60.00th=[   13],
     | 70.00th=[   14], 80.00th=[   15], 90.00th=[   17], 95.00th=[   18],
     | 99.00th=[   21], 99.50th=[   27], 99.90th=[   37], 99.95th=[   73],
     | 99.99th=[ 7963]
   bw (  KiB/s): min=257455, max=257456, per=34.23%, avg=257456.00, stdev= 0.00, samples=1
   iops        : min=64363, max=64364, avg=64364.00, stdev= 0.00, samples=1
  lat (usec)   : 10=17.17%, 20=81.72%, 50=1.05%, 100=0.03%, 250=0.01%
  lat (msec)   : 2=0.01%, 4=0.01%, 10=0.02%
  cpu          : usr=0.84%, sys=59.82%, ctx=133038, majf=0, minf=41
  IO depths    : 1=100.0%, 2=0.0%, 4=0.0%, 8=0.0%, 16=0.0%, 32=0.0%, >=64=0.0%
     submit    : 0=0.0%, 4=100.0%, 8=0.0%, 16=0.0%, 32=0.0%, 64=0.0%, >=64=0.0%
     complete  : 0=0.0%, 4=100.0%, 8=0.0%, 16=0.0%, 32=0.0%, 64=0.0%, >=64=0.0%
     issued rwts: total=0,131072,0,4 short=0,0,0,0 dropped=0,0,0,0
     latency   : target=0, window=0, percentile=100.00%, depth=1

Run status group 0 (all jobs):
  WRITE: bw=735MiB/s (770MB/s), 735MiB/s-735MiB/s (770MB/s-770MB/s), io=512MiB (537MB), run=697-697msec
