randwrite: (g=0): rw=randwrite, bs=(R) 4096B-4096B, (W) 4096B-4096B, (T) 4096B-4096B, ioengine=psync, iodepth=1
...
fio-3.16
Starting 32 processes

randwrite: (groupid=0, jobs=32): err= 0: pid=486995: Mon Oct 20 14:01:16 2025
  write: IOPS=162k, BW=631MiB/s (662MB/s)(4096MiB/6491msec); 0 zone resets
    clat (usec): min=3, max=728228, avg=157.83, stdev=2457.07
     lat (usec): min=3, max=728228, avg=157.87, stdev=2457.07
    clat percentiles (usec):
     |  1.00th=[    8],  5.00th=[   27], 10.00th=[   50], 20.00th=[   76],
     | 30.00th=[   85], 40.00th=[   93], 50.00th=[  106], 60.00th=[  117],
     | 70.00th=[  137], 80.00th=[  163], 90.00th=[  310], 95.00th=[  367],
     | 99.00th=[  537], 99.50th=[  676], 99.90th=[ 7504], 99.95th=[ 8455],
     | 99.99th=[12125]
   bw (  KiB/s): min=401444, max=1350841, per=100.00%, avg=792905.95, stdev=9404.43, samples=311
   iops        : min=100357, max=337704, avg=198221.05, stdev=2351.13, samples=311
  lat (usec)   : 4=0.01%, 10=1.80%, 20=1.72%, 50=6.57%, 100=34.25%
  lat (usec)   : 250=40.96%, 500=13.38%, 750=1.00%, 1000=0.15%
  lat (msec)   : 2=0.02%, 4=0.01%, 10=0.09%, 20=0.05%, 50=0.01%
  lat (msec)   : 750=0.01%
  cpu          : usr=0.26%, sys=62.72%, ctx=67092142, majf=0, minf=348
  IO depths    : 1=100.0%, 2=0.0%, 4=0.0%, 8=0.0%, 16=0.0%, 32=0.0%, >=64=0.0%
     submit    : 0=0.0%, 4=100.0%, 8=0.0%, 16=0.0%, 32=0.0%, 64=0.0%, >=64=0.0%
     complete  : 0=0.0%, 4=100.0%, 8=0.0%, 16=0.0%, 32=0.0%, 64=0.0%, >=64=0.0%
     issued rwts: total=0,1048576,0,32 short=0,0,0,0 dropped=0,0,0,0
     latency   : target=0, window=0, percentile=100.00%, depth=1

Run status group 0 (all jobs):
  WRITE: bw=631MiB/s (662MB/s), 631MiB/s-631MiB/s (662MB/s-662MB/s), io=4096MiB (4295MB), run=6491-6491msec
