randwrite: (g=0): rw=randwrite, bs=(R) 128KiB-128KiB, (W) 128KiB-128KiB, (T) 128KiB-128KiB, ioengine=psync, iodepth=1
...
fio-3.16
Starting 16 processes

randwrite: (groupid=0, jobs=16): err= 0: pid=487436: Mon Oct 20 14:01:36 2025
  write: IOPS=12.3k, BW=1535MiB/s (1610MB/s)(2048MiB/1334msec); 0 zone resets
    clat (usec): min=33, max=11701, avg=671.50, stdev=741.91
     lat (usec): min=34, max=11703, avg=672.67, stdev=742.09
    clat percentiles (usec):
     |  1.00th=[   84],  5.00th=[  210], 10.00th=[  310], 20.00th=[  379],
     | 30.00th=[  453], 40.00th=[  510], 50.00th=[  562], 60.00th=[  627],
     | 70.00th=[  758], 80.00th=[  865], 90.00th=[  963], 95.00th=[ 1020],
     | 99.00th=[ 3851], 99.50th=[ 7963], 99.90th=[ 8094], 99.95th=[ 8094],
     | 99.99th=[ 8586]
   bw (  MiB/s): min= 2828, max= 2828, per=100.00%, avg=2828.53, stdev= 0.00, samples=16
   iops        : min=22623, max=22623, avg=22623.00, stdev= 0.00, samples=16
  lat (usec)   : 50=0.24%, 100=1.48%, 250=4.53%, 500=31.77%, 750=31.61%
  lat (usec)   : 1000=24.28%
  lat (msec)   : 2=4.72%, 4=0.37%, 10=0.98%, 20=0.01%
  cpu          : usr=0.10%, sys=53.35%, ctx=80788, majf=0, minf=140
  IO depths    : 1=100.1%, 2=0.0%, 4=0.0%, 8=0.0%, 16=0.0%, 32=0.0%, >=64=0.0%
     submit    : 0=0.0%, 4=100.0%, 8=0.0%, 16=0.0%, 32=0.0%, 64=0.0%, >=64=0.0%
     complete  : 0=0.0%, 4=100.0%, 8=0.0%, 16=0.0%, 32=0.0%, 64=0.0%, >=64=0.0%
     issued rwts: total=0,16384,0,16 short=0,0,0,0 dropped=0,0,0,0
     latency   : target=0, window=0, percentile=100.00%, depth=1

Run status group 0 (all jobs):
  WRITE: bw=1535MiB/s (1610MB/s), 1535MiB/s-1535MiB/s (1610MB/s-1610MB/s), io=2048MiB (2147MB), run=1334-1334msec
