read: (g=0): rw=read, bs=(R) 4096B-4096B, (W) 4096B-4096B, (T) 4096B-4096B, ioengine=psync, iodepth=1
...
fio-3.16
Starting 16 processes

read: (groupid=0, jobs=16): err= 0: pid=152007: Mon Oct 20 17:29:21 2025
  read: IOPS=277k, BW=1081MiB/s (1134MB/s)(2048MiB/1894msec)
    clat (nsec): min=183, max=23264k, avg=56805.00, stdev=635287.30
     lat (nsec): min=193, max=23264k, avg=56820.33, stdev=635287.21
    clat percentiles (nsec):
     |  1.00th=[     199],  5.00th=[     278], 10.00th=[     298],
     | 20.00th=[     306], 30.00th=[     314], 40.00th=[     322],
     | 50.00th=[     330], 60.00th=[     354], 70.00th=[     394],
     | 80.00th=[     414], 90.00th=[     454], 95.00th=[     564],
     | 99.00th=[  774144], 99.50th=[ 5275648], 99.90th=[ 9240576],
     | 99.95th=[11599872], 99.99th=[15925248]
   bw (  MiB/s): min=  971, max= 1120, per=96.36%, avg=1041.96, stdev= 4.33, samples=48
   iops        : min=248808, max=286848, avg=266741.33, stdev=1109.09, samples=48
  lat (nsec)   : 250=2.36%, 500=90.76%, 750=3.81%, 1000=0.70%
  lat (usec)   : 2=0.60%, 4=0.16%, 10=0.03%, 20=0.01%, 50=0.38%
  lat (usec)   : 100=0.05%, 250=0.07%, 500=0.05%, 750=0.02%, 1000=0.01%
  lat (msec)   : 2=0.10%, 4=0.20%, 10=0.61%, 20=0.08%, 50=0.01%
  cpu          : usr=0.35%, sys=1.61%, ctx=6237, majf=0, minf=189
  IO depths    : 1=100.0%, 2=0.0%, 4=0.0%, 8=0.0%, 16=0.0%, 32=0.0%, >=64=0.0%
     submit    : 0=0.0%, 4=100.0%, 8=0.0%, 16=0.0%, 32=0.0%, 64=0.0%, >=64=0.0%
     complete  : 0=0.0%, 4=100.0%, 8=0.0%, 16=0.0%, 32=0.0%, 64=0.0%, >=64=0.0%
     issued rwts: total=524288,0,0,0 short=0,0,0,0 dropped=0,0,0,0
     latency   : target=0, window=0, percentile=100.00%, depth=1

Run status group 0 (all jobs):
   READ: bw=1081MiB/s (1134MB/s), 1081MiB/s-1081MiB/s (1134MB/s-1134MB/s), io=2048MiB (2147MB), run=1894-1894msec
