read: (g=0): rw=read, bs=(R) 128KiB-128KiB, (W) 128KiB-128KiB, (T) 128KiB-128KiB, ioengine=psync, iodepth=1
...
fio-3.16
Starting 2 processes

read: (groupid=0, jobs=2): err= 0: pid=741425: Mon Oct 20 07:42:37 2025
  read: IOPS=13.0k, BW=1631MiB/s (1710MB/s)(512MiB/314msec)
    clat (usec): min=10, max=1236, avg=148.59, stdev=141.42
     lat (usec): min=10, max=1236, avg=148.64, stdev=141.41
    clat percentiles (usec):
     |  1.00th=[   13],  5.00th=[   15], 10.00th=[   18], 20.00th=[   23],
     | 30.00th=[   25], 40.00th=[   29], 50.00th=[  130], 60.00th=[  196],
     | 70.00th=[  239], 80.00th=[  277], 90.00th=[  326], 95.00th=[  375],
     | 99.00th=[  553], 99.50th=[  603], 99.90th=[  693], 99.95th=[  701],
     | 99.99th=[ 1237]
  lat (usec)   : 20=13.57%, 50=35.86%, 100=0.37%, 250=23.56%, 500=24.83%
  lat (usec)   : 750=1.76%
  lat (msec)   : 2=0.05%
  cpu          : usr=0.00%, sys=69.34%, ctx=1733, majf=0, minf=85
  IO depths    : 1=100.0%, 2=0.0%, 4=0.0%, 8=0.0%, 16=0.0%, 32=0.0%, >=64=0.0%
     submit    : 0=0.0%, 4=100.0%, 8=0.0%, 16=0.0%, 32=0.0%, 64=0.0%, >=64=0.0%
     complete  : 0=0.0%, 4=100.0%, 8=0.0%, 16=0.0%, 32=0.0%, 64=0.0%, >=64=0.0%
     issued rwts: total=4096,0,0,0 short=0,0,0,0 dropped=0,0,0,0
     latency   : target=0, window=0, percentile=100.00%, depth=1

Run status group 0 (all jobs):
   READ: bw=1631MiB/s (1710MB/s), 1631MiB/s-1631MiB/s (1710MB/s-1710MB/s), io=512MiB (537MB), run=314-314msec
