read: (g=0): rw=read, bs=(R) 128KiB-128KiB, (W) 128KiB-128KiB, (T) 128KiB-128KiB, ioengine=psync, iodepth=1
...
fio-3.16
Starting 4 processes

read: (groupid=0, jobs=4): err= 0: pid=706351: Mon Oct 20 06:57:30 2025
  read: IOPS=15.3k, BW=1914MiB/s (2007MB/s)(1024MiB/535msec)
    clat (usec): min=9, max=1773, avg=253.50, stdev=239.34
     lat (usec): min=9, max=1773, avg=253.60, stdev=239.30
    clat percentiles (usec):
     |  1.00th=[   14],  5.00th=[   21], 10.00th=[   25], 20.00th=[   38],
     | 30.00th=[   67], 40.00th=[   97], 50.00th=[  157], 60.00th=[  273],
     | 70.00th=[  359], 80.00th=[  465], 90.00th=[  603], 95.00th=[  717],
     | 99.00th=[  938], 99.50th=[ 1020], 99.90th=[ 1139], 99.95th=[ 1418],
     | 99.99th=[ 1778]
   bw (  MiB/s): min= 1411, max= 1411, per=73.74%, avg=1411.43, stdev= 0.00, samples=3
   iops        : min=11290, max=11290, avg=11290.00, stdev= 0.00, samples=3
  lat (usec)   : 10=0.05%, 20=4.53%, 50=20.35%, 100=15.95%, 250=16.43%
  lat (usec)   : 500=25.35%, 750=13.38%, 1000=3.37%
  lat (msec)   : 2=0.59%
  cpu          : usr=0.72%, sys=60.80%, ctx=3396, majf=0, minf=172
  IO depths    : 1=100.0%, 2=0.0%, 4=0.0%, 8=0.0%, 16=0.0%, 32=0.0%, >=64=0.0%
     submit    : 0=0.0%, 4=100.0%, 8=0.0%, 16=0.0%, 32=0.0%, 64=0.0%, >=64=0.0%
     complete  : 0=0.0%, 4=100.0%, 8=0.0%, 16=0.0%, 32=0.0%, 64=0.0%, >=64=0.0%
     issued rwts: total=8192,0,0,0 short=0,0,0,0 dropped=0,0,0,0
     latency   : target=0, window=0, percentile=100.00%, depth=1

Run status group 0 (all jobs):
   READ: bw=1914MiB/s (2007MB/s), 1914MiB/s-1914MiB/s (2007MB/s-2007MB/s), io=1024MiB (1074MB), run=535-535msec
