read: (g=0): rw=read, bs=(R) 4096B-4096B, (W) 4096B-4096B, (T) 4096B-4096B, ioengine=psync, iodepth=1
...
fio-3.16
Starting 4 processes

read: (groupid=0, jobs=4): err= 0: pid=151877: Mon Oct 20 17:29:11 2025
  read: IOPS=253k, BW=988MiB/s (1036MB/s)(512MiB/518msec)
    clat (nsec): min=184, max=3985.3k, avg=15219.72, stdev=159048.91
     lat (nsec): min=197, max=3985.3k, avg=15235.08, stdev=159048.91
    clat percentiles (nsec):
     |  1.00th=[    201],  5.00th=[    258], 10.00th=[    290],
     | 20.00th=[    306], 30.00th=[    314], 40.00th=[    322],
     | 50.00th=[    338], 60.00th=[    370], 70.00th=[    390],
     | 80.00th=[    406], 90.00th=[    434], 95.00th=[    494],
     | 99.00th=[ 218112], 99.50th=[1695744], 99.90th=[2088960],
     | 99.95th=[2211840], 99.99th=[2572288]
   bw (  KiB/s): min=503728, max=503728, per=49.77%, avg=503728.00, stdev= 0.00, samples=2
   iops        : min=125932, max=125932, avg=125932.00, stdev= 0.00, samples=2
  lat (nsec)   : 250=4.09%, 500=91.06%, 750=2.38%, 1000=0.35%
  lat (usec)   : 2=0.38%, 4=0.14%, 10=0.03%, 50=0.43%, 100=0.05%
  lat (usec)   : 250=0.11%, 500=0.13%, 750=0.09%, 1000=0.06%
  lat (msec)   : 2=0.55%, 4=0.15%
  cpu          : usr=0.75%, sys=6.17%, ctx=1515, majf=0, minf=50
  IO depths    : 1=100.0%, 2=0.0%, 4=0.0%, 8=0.0%, 16=0.0%, 32=0.0%, >=64=0.0%
     submit    : 0=0.0%, 4=100.0%, 8=0.0%, 16=0.0%, 32=0.0%, 64=0.0%, >=64=0.0%
     complete  : 0=0.0%, 4=100.0%, 8=0.0%, 16=0.0%, 32=0.0%, 64=0.0%, >=64=0.0%
     issued rwts: total=131072,0,0,0 short=0,0,0,0 dropped=0,0,0,0
     latency   : target=0, window=0, percentile=100.00%, depth=1

Run status group 0 (all jobs):
   READ: bw=988MiB/s (1036MB/s), 988MiB/s-988MiB/s (1036MB/s-1036MB/s), io=512MiB (537MB), run=518-518msec
