write: (g=0): rw=write, bs=(R) 128KiB-128KiB, (W) 128KiB-128KiB, (T) 128KiB-128KiB, ioengine=psync, iodepth=1
...
fio-3.16
Starting 4 processes

write: (groupid=0, jobs=4): err= 0: pid=486400: Mon Oct 20 14:00:25 2025
  write: IOPS=9394, BW=1174MiB/s (1231MB/s)(512MiB/436msec); 0 zone resets
    clat (usec): min=63, max=8291, avg=158.67, stdev=429.10
     lat (usec): min=64, max=8292, avg=159.21, stdev=429.13
    clat percentiles (usec):
     |  1.00th=[   72],  5.00th=[   79], 10.00th=[   91], 20.00th=[  108],
     | 30.00th=[  123], 40.00th=[  130], 50.00th=[  135], 60.00th=[  139],
     | 70.00th=[  145], 80.00th=[  151], 90.00th=[  165], 95.00th=[  180],
     | 99.00th=[  206], 99.50th=[  396], 99.90th=[ 8094], 99.95th=[ 8094],
     | 99.99th=[ 8291]
  lat (usec)   : 100=13.40%, 250=86.04%, 500=0.07%
  lat (msec)   : 2=0.05%, 4=0.12%, 10=0.32%
  cpu          : usr=0.24%, sys=36.10%, ctx=3990, majf=0, minf=47
  IO depths    : 1=100.1%, 2=0.0%, 4=0.0%, 8=0.0%, 16=0.0%, 32=0.0%, >=64=0.0%
     submit    : 0=0.0%, 4=100.0%, 8=0.0%, 16=0.0%, 32=0.0%, 64=0.0%, >=64=0.0%
     complete  : 0=0.0%, 4=100.0%, 8=0.0%, 16=0.0%, 32=0.0%, 64=0.0%, >=64=0.0%
     issued rwts: total=0,4096,0,4 short=0,0,0,0 dropped=0,0,0,0
     latency   : target=0, window=0, percentile=100.00%, depth=1

Run status group 0 (all jobs):
  WRITE: bw=1174MiB/s (1231MB/s), 1174MiB/s-1174MiB/s (1231MB/s-1231MB/s), io=512MiB (537MB), run=436-436msec
