write: (g=0): rw=write, bs=(R) 4096B-4096B, (W) 4096B-4096B, (T) 4096B-4096B, ioengine=psync, iodepth=1
...
fio-3.16
Starting 32 processes

write: (groupid=0, jobs=32): err= 0: pid=154103: Mon Oct 20 17:31:49 2025
  write: IOPS=226k, BW=885MiB/s (928MB/s)(4096MiB/4630msec); 0 zone resets
    clat (usec): min=3, max=884547, avg=102.55, stdev=2514.40
     lat (usec): min=3, max=884547, avg=102.60, stdev=2514.40
    clat percentiles (usec):
     |  1.00th=[    7],  5.00th=[    7], 10.00th=[    8], 20.00th=[    8],
     | 30.00th=[    9], 40.00th=[   10], 50.00th=[   11], 60.00th=[   13],
     | 70.00th=[   17], 80.00th=[   46], 90.00th=[  147], 95.00th=[  420],
     | 99.00th=[ 1778], 99.50th=[ 2343], 99.90th=[ 5407], 99.95th=[ 7963],
     | 99.99th=[15795]
   bw (  MiB/s): min= 1058, max= 1513, per=100.00%, avg=1280.34, stdev= 5.17, samples=191
   iops        : min=270990, max=387498, avg=327763.85, stdev=1324.00, samples=191
  lat (usec)   : 4=0.01%, 10=42.91%, 20=30.39%, 50=7.47%, 100=6.26%
  lat (usec)   : 250=5.98%, 500=2.60%, 750=1.49%, 1000=1.05%
  lat (msec)   : 2=1.02%, 4=0.68%, 10=0.13%, 20=0.03%, 50=0.01%
  lat (msec)   : 100=0.01%, 1000=0.01%
  cpu          : usr=0.39%, sys=55.00%, ctx=38003734, majf=0, minf=378
  IO depths    : 1=100.0%, 2=0.0%, 4=0.0%, 8=0.0%, 16=0.0%, 32=0.0%, >=64=0.0%
     submit    : 0=0.0%, 4=100.0%, 8=0.0%, 16=0.0%, 32=0.0%, 64=0.0%, >=64=0.0%
     complete  : 0=0.0%, 4=100.0%, 8=0.0%, 16=0.0%, 32=0.0%, 64=0.0%, >=64=0.0%
     issued rwts: total=0,1048576,0,32 short=0,0,0,0 dropped=0,0,0,0
     latency   : target=0, window=0, percentile=100.00%, depth=1

Run status group 0 (all jobs):
  WRITE: bw=885MiB/s (928MB/s), 885MiB/s-885MiB/s (928MB/s-928MB/s), io=4096MiB (4295MB), run=4630-4630msec
