write: (g=0): rw=write, bs=(R) 4096B-4096B, (W) 4096B-4096B, (T) 4096B-4096B, ioengine=psync, iodepth=1
fio-3.16
Starting 1 process

write: (groupid=0, jobs=1): err= 0: pid=485788: Mon Oct 20 13:59:44 2025
  write: IOPS=137k, BW=533MiB/s (559MB/s)(128MiB/240msec); 0 zone resets
    clat (usec): min=3, max=8011, avg= 5.13, stdev=55.67
     lat (usec): min=3, max=8012, avg= 5.15, stdev=55.67
    clat percentiles (nsec):
     |  1.00th=[ 4192],  5.00th=[ 4320], 10.00th=[ 4384], 20.00th=[ 4448],
     | 30.00th=[ 4512], 40.00th=[ 4512], 50.00th=[ 4576], 60.00th=[ 4704],
     | 70.00th=[ 4768], 80.00th=[ 4896], 90.00th=[ 5152], 95.00th=[ 5344],
     | 99.00th=[ 6048], 99.50th=[ 6368], 99.90th=[ 9792], 99.95th=[11456],
     | 99.99th=[17792]
  lat (usec)   : 4=0.34%, 10=99.56%, 20=0.09%
  lat (msec)   : 10=0.01%
  cpu          : usr=2.51%, sys=43.10%, ctx=32772, majf=0, minf=10
  IO depths    : 1=100.0%, 2=0.0%, 4=0.0%, 8=0.0%, 16=0.0%, 32=0.0%, >=64=0.0%
     submit    : 0=0.0%, 4=100.0%, 8=0.0%, 16=0.0%, 32=0.0%, 64=0.0%, >=64=0.0%
     complete  : 0=0.0%, 4=100.0%, 8=0.0%, 16=0.0%, 32=0.0%, 64=0.0%, >=64=0.0%
     issued rwts: total=0,32768,0,1 short=0,0,0,0 dropped=0,0,0,0
     latency   : target=0, window=0, percentile=100.00%, depth=1

Run status group 0 (all jobs):
  WRITE: bw=533MiB/s (559MB/s), 533MiB/s-533MiB/s (559MB/s-559MB/s), io=128MiB (134MB), run=240-240msec
