randwrite: (g=0): rw=randwrite, bs=(R) 4096B-4096B, (W) 4096B-4096B, (T) 4096B-4096B, ioengine=psync, iodepth=1
...
fio-3.16
Starting 2 processes

randwrite: (groupid=0, jobs=2): err= 0: pid=350540: Mon Oct 27 10:59:13 2025
  write: IOPS=31.4k, BW=122MiB/s (128MB/s)(256MiB/2090msec); 0 zone resets
    clat (usec): min=5, max=7187, avg=59.58, stdev=137.32
     lat (usec): min=5, max=7187, avg=59.66, stdev=137.33
    clat percentiles (usec):
     |  1.00th=[    9],  5.00th=[   10], 10.00th=[   10], 20.00th=[   11],
     | 30.00th=[   14], 40.00th=[   20], 50.00th=[   22], 60.00th=[   24],
     | 70.00th=[   28], 80.00th=[   39], 90.00th=[  159], 95.00th=[  297],
     | 99.00th=[  603], 99.50th=[  725], 99.90th=[ 1319], 99.95th=[ 1778],
     | 99.99th=[ 3458]
   bw (  KiB/s): min=90696, max=130200, per=91.63%, avg=114930.67, stdev=9491.56, samples=6
   iops        : min=22674, max=32550, avg=28732.67, stdev=2372.89, samples=6
  lat (usec)   : 10=14.21%, 20=27.08%, 50=41.48%, 100=3.94%, 250=6.86%
  lat (usec)   : 500=4.68%, 750=1.33%, 1000=0.25%
  lat (msec)   : 2=0.12%, 4=0.04%, 10=0.01%
  cpu          : usr=1.33%, sys=13.58%, ctx=492088, majf=0, minf=19
  IO depths    : 1=100.0%, 2=0.0%, 4=0.0%, 8=0.0%, 16=0.0%, 32=0.0%, >=64=0.0%
     submit    : 0=0.0%, 4=100.0%, 8=0.0%, 16=0.0%, 32=0.0%, 64=0.0%, >=64=0.0%
     complete  : 0=0.0%, 4=100.0%, 8=0.0%, 16=0.0%, 32=0.0%, 64=0.0%, >=64=0.0%
     issued rwts: total=0,65536,0,2 short=0,0,0,0 dropped=0,0,0,0
     latency   : target=0, window=0, percentile=100.00%, depth=1

Run status group 0 (all jobs):
  WRITE: bw=122MiB/s (128MB/s), 122MiB/s-122MiB/s (128MB/s-128MB/s), io=256MiB (268MB), run=2090-2090msec
