randwrite: (g=0): rw=randwrite, bs=(R) 4096B-4096B, (W) 4096B-4096B, (T) 4096B-4096B, ioengine=psync, iodepth=1
fio-3.16
Starting 1 process

randwrite: (groupid=0, jobs=1): err= 0: pid=350437: Mon Oct 27 10:59:05 2025
  write: IOPS=33.9k, BW=133MiB/s (139MB/s)(128MiB/966msec); 0 zone resets
    clat (usec): min=4, max=3991, avg=26.25, stdev=86.85
     lat (usec): min=4, max=3992, avg=26.31, stdev=86.86
    clat percentiles (usec):
     |  1.00th=[    8],  5.00th=[    9], 10.00th=[    9], 20.00th=[   10],
     | 30.00th=[   10], 40.00th=[   11], 50.00th=[   11], 60.00th=[   11],
     | 70.00th=[   12], 80.00th=[   13], 90.00th=[   18], 95.00th=[   79],
     | 99.00th=[  420], 99.50th=[  570], 99.90th=[ 1057], 99.95th=[ 1369],
     | 99.99th=[ 2089]
   bw (  KiB/s): min=155896, max=155896, per=100.00%, avg=155896.00, stdev= 0.00, samples=1
   iops        : min=38974, max=38974, avg=38974.00, stdev= 0.00, samples=1
  lat (usec)   : 10=40.06%, 20=51.23%, 50=2.74%, 100=1.49%, 250=2.26%
  lat (usec)   : 500=1.56%, 750=0.40%, 1000=0.15%
  lat (msec)   : 2=0.10%, 4=0.02%
  cpu          : usr=2.18%, sys=21.55%, ctx=72690, majf=0, minf=10
  IO depths    : 1=100.0%, 2=0.0%, 4=0.0%, 8=0.0%, 16=0.0%, 32=0.0%, >=64=0.0%
     submit    : 0=0.0%, 4=100.0%, 8=0.0%, 16=0.0%, 32=0.0%, 64=0.0%, >=64=0.0%
     complete  : 0=0.0%, 4=100.0%, 8=0.0%, 16=0.0%, 32=0.0%, 64=0.0%, >=64=0.0%
     issued rwts: total=0,32768,0,1 short=0,0,0,0 dropped=0,0,0,0
     latency   : target=0, window=0, percentile=100.00%, depth=1

Run status group 0 (all jobs):
  WRITE: bw=133MiB/s (139MB/s), 133MiB/s-133MiB/s (139MB/s-139MB/s), io=128MiB (134MB), run=966-966msec
