randwrite: (g=0): rw=randwrite, bs=(R) 4096B-4096B, (W) 4096B-4096B, (T) 4096B-4096B, ioengine=psync, iodepth=1
...
fio-3.16
Starting 4 processes

randwrite: (groupid=0, jobs=4): err= 0: pid=197422: Mon Oct 27 06:07:05 2025
  write: IOPS=210k, BW=819MiB/s (859MB/s)(512MiB/625msec); 0 zone resets
    clat (usec): min=5, max=3315, avg=13.29, stdev=34.41
     lat (usec): min=5, max=3315, avg=13.35, stdev=34.41
    clat percentiles (usec):
     |  1.00th=[    8],  5.00th=[    9], 10.00th=[    9], 20.00th=[   10],
     | 30.00th=[   11], 40.00th=[   11], 50.00th=[   12], 60.00th=[   12],
     | 70.00th=[   13], 80.00th=[   15], 90.00th=[   17], 95.00th=[   20],
     | 99.00th=[   38], 99.50th=[   45], 99.90th=[   72], 99.95th=[  635],
     | 99.99th=[ 1860]
  lat (usec)   : 10=26.12%, 20=68.99%, 50=4.61%, 100=0.20%, 250=0.02%
  lat (usec)   : 500=0.02%, 750=0.01%, 1000=0.01%
  lat (msec)   : 2=0.03%, 4=0.01%
  cpu          : usr=4.04%, sys=29.84%, ctx=132111, majf=0, minf=41
  IO depths    : 1=100.0%, 2=0.0%, 4=0.0%, 8=0.0%, 16=0.0%, 32=0.0%, >=64=0.0%
     submit    : 0=0.0%, 4=100.0%, 8=0.0%, 16=0.0%, 32=0.0%, 64=0.0%, >=64=0.0%
     complete  : 0=0.0%, 4=100.0%, 8=0.0%, 16=0.0%, 32=0.0%, 64=0.0%, >=64=0.0%
     issued rwts: total=0,131072,0,4 short=0,0,0,0 dropped=0,0,0,0
     latency   : target=0, window=0, percentile=100.00%, depth=1

Run status group 0 (all jobs):
  WRITE: bw=819MiB/s (859MB/s), 819MiB/s-819MiB/s (859MB/s-859MB/s), io=512MiB (537MB), run=625-625msec
