randread: (g=0): rw=randread, bs=(R) 128KiB-128KiB, (W) 128KiB-128KiB, (T) 128KiB-128KiB, ioengine=psync, iodepth=1
...
fio-3.16
Starting 32 processes

randread: (groupid=0, jobs=32): err= 0: pid=245523: Mon Oct 27 07:19:47 2025
  read: IOPS=17.3k, BW=2161MiB/s (2266MB/s)(4096MiB/1895msec)
    clat (usec): min=6, max=89712, avg=1610.10, stdev=6755.20
     lat (usec): min=6, max=89713, avg=1610.26, stdev=6755.21
    clat percentiles (usec):
     |  1.00th=[   25],  5.00th=[   38], 10.00th=[   49], 20.00th=[   75],
     | 30.00th=[  131], 40.00th=[  363], 50.00th=[  486], 60.00th=[  619],
     | 70.00th=[  766], 80.00th=[  963], 90.00th=[ 1401], 95.00th=[ 4047],
     | 99.00th=[39584], 99.50th=[62653], 99.90th=[72877], 99.95th=[80217],
     | 99.99th=[86508]
   bw (  MiB/s): min= 1663, max= 2859, per=100.00%, avg=2222.98, stdev=18.79, samples=88
   iops        : min=13306, max=22875, avg=17780.50, stdev=150.28, samples=88
  lat (usec)   : 10=0.05%, 20=0.35%, 50=10.20%, 100=15.26%, 250=9.52%
  lat (usec)   : 500=15.71%, 750=17.97%, 1000=12.41%
  lat (msec)   : 2=11.21%, 4=2.31%, 10=2.18%, 20=1.29%, 50=0.67%
  lat (msec)   : 100=0.89%
  cpu          : usr=0.23%, sys=10.50%, ctx=26090, majf=0, minf=1319
  IO depths    : 1=100.0%, 2=0.0%, 4=0.0%, 8=0.0%, 16=0.0%, 32=0.0%, >=64=0.0%
     submit    : 0=0.0%, 4=100.0%, 8=0.0%, 16=0.0%, 32=0.0%, 64=0.0%, >=64=0.0%
     complete  : 0=0.0%, 4=100.0%, 8=0.0%, 16=0.0%, 32=0.0%, 64=0.0%, >=64=0.0%
     issued rwts: total=32768,0,0,0 short=0,0,0,0 dropped=0,0,0,0
     latency   : target=0, window=0, percentile=100.00%, depth=1

Run status group 0 (all jobs):
   READ: bw=2161MiB/s (2266MB/s), 2161MiB/s-2161MiB/s (2266MB/s-2266MB/s), io=4096MiB (4295MB), run=1895-1895msec
