randread: (g=0): rw=randread, bs=(R) 4096B-4096B, (W) 4096B-4096B, (T) 4096B-4096B, ioengine=psync, iodepth=1
...
fio-3.16
Starting 32 processes

randread: (groupid=0, jobs=32): err= 0: pid=347879: Mon Oct 27 10:55:37 2025
  read: IOPS=127k, BW=494MiB/s (518MB/s)(4096MiB/8287msec)
    clat (nsec): min=344, max=63677k, avg=246060.11, stdev=866299.88
     lat (nsec): min=372, max=63677k, avg=246118.68, stdev=866300.45
    clat percentiles (nsec):
     |  1.00th=[    1560],  5.00th=[    1800], 10.00th=[    1960],
     | 20.00th=[    2288], 30.00th=[    2768], 40.00th=[   34560],
     | 50.00th=[   95744], 60.00th=[  101888], 70.00th=[  110080],
     | 80.00th=[  124416], 90.00th=[  226304], 95.00th=[ 1515520],
     | 99.00th=[ 3096576], 99.50th=[ 4620288], 99.90th=[10682368],
     | 99.95th=[14221312], 99.99th=[25296896]
   bw (  KiB/s): min=124872, max=787652, per=100.00%, avg=511665.10, stdev=6028.88, samples=503
   iops        : min=31218, max=196913, avg=127915.50, stdev=1507.22, samples=503
  lat (nsec)   : 500=0.01%, 750=0.01%, 1000=0.01%
  lat (usec)   : 2=11.09%, 4=23.33%, 10=2.09%, 20=0.24%, 50=4.92%
  lat (usec)   : 100=15.19%, 250=33.50%, 500=0.94%, 750=0.55%, 1000=0.78%
  lat (msec)   : 2=4.45%, 4=2.27%, 10=0.50%, 20=0.10%, 50=0.02%
  lat (msec)   : 100=0.01%
  cpu          : usr=0.43%, sys=3.54%, ctx=1004033, majf=0, minf=338
  IO depths    : 1=100.0%, 2=0.0%, 4=0.0%, 8=0.0%, 16=0.0%, 32=0.0%, >=64=0.0%
     submit    : 0=0.0%, 4=100.0%, 8=0.0%, 16=0.0%, 32=0.0%, 64=0.0%, >=64=0.0%
     complete  : 0=0.0%, 4=100.0%, 8=0.0%, 16=0.0%, 32=0.0%, 64=0.0%, >=64=0.0%
     issued rwts: total=1048576,0,0,0 short=0,0,0,0 dropped=0,0,0,0
     latency   : target=0, window=0, percentile=100.00%, depth=1

Run status group 0 (all jobs):
   READ: bw=494MiB/s (518MB/s), 494MiB/s-494MiB/s (518MB/s-518MB/s), io=4096MiB (4295MB), run=8287-8287msec
