randread: (g=0): rw=randread, bs=(R) 128KiB-128KiB, (W) 128KiB-128KiB, (T) 128KiB-128KiB, ioengine=psync, iodepth=1
...
fio-3.16
Starting 2 processes

randread: (groupid=0, jobs=2): err= 0: pid=194939: Mon Oct 27 06:04:36 2025
  read: IOPS=4055, BW=507MiB/s (532MB/s)(256MiB/505msec)
    clat (usec): min=16, max=7870, avg=489.01, stdev=748.21
     lat (usec): min=16, max=7870, avg=489.11, stdev=748.21
    clat percentiles (usec):
     |  1.00th=[   23],  5.00th=[   29], 10.00th=[   35], 20.00th=[   43],
     | 30.00th=[   51], 40.00th=[  343], 50.00th=[  388], 60.00th=[  433],
     | 70.00th=[  469], 80.00th=[  510], 90.00th=[  898], 95.00th=[ 2024],
     | 99.00th=[ 3523], 99.50th=[ 4752], 99.90th=[ 7111], 99.95th=[ 7701],
     | 99.99th=[ 7898]
   bw (  KiB/s): min=258047, max=258048, per=49.71%, avg=258048.00, stdev= 0.00, samples=1
   iops        : min= 2015, max= 2016, avg=2016.00, stdev= 0.00, samples=1
  lat (usec)   : 20=0.44%, 50=29.10%, 100=7.23%, 250=0.15%, 500=41.02%
  lat (usec)   : 750=11.77%, 1000=0.54%
  lat (msec)   : 2=4.69%, 4=4.30%, 10=0.78%
  cpu          : usr=0.00%, sys=16.55%, ctx=1464, majf=0, minf=85
  IO depths    : 1=100.0%, 2=0.0%, 4=0.0%, 8=0.0%, 16=0.0%, 32=0.0%, >=64=0.0%
     submit    : 0=0.0%, 4=100.0%, 8=0.0%, 16=0.0%, 32=0.0%, 64=0.0%, >=64=0.0%
     complete  : 0=0.0%, 4=100.0%, 8=0.0%, 16=0.0%, 32=0.0%, 64=0.0%, >=64=0.0%
     issued rwts: total=2048,0,0,0 short=0,0,0,0 dropped=0,0,0,0
     latency   : target=0, window=0, percentile=100.00%, depth=1

Run status group 0 (all jobs):
   READ: bw=507MiB/s (532MB/s), 507MiB/s-507MiB/s (532MB/s-532MB/s), io=256MiB (268MB), run=505-505msec
