randwrite: (g=0): rw=randwrite, bs=(R) 128KiB-128KiB, (W) 128KiB-128KiB, (T) 128KiB-128KiB, ioengine=psync, iodepth=1
...
fio-3.16
Starting 4 processes

randwrite: (groupid=0, jobs=4): err= 0: pid=351625: Mon Oct 27 11:00:55 2025
  write: IOPS=3082, BW=385MiB/s (404MB/s)(512MiB/1329msec); 0 zone resets
    clat (usec): min=41, max=15120, avg=1049.68, stdev=1108.02
     lat (usec): min=41, max=15121, avg=1051.83, stdev=1108.41
    clat percentiles (usec):
     |  1.00th=[  116],  5.00th=[  135], 10.00th=[  157], 20.00th=[  188],
     | 30.00th=[  255], 40.00th=[  490], 50.00th=[  734], 60.00th=[  988],
     | 70.00th=[ 1319], 80.00th=[ 1745], 90.00th=[ 2409], 95.00th=[ 3097],
     | 99.00th=[ 4621], 99.50th=[ 5866], 99.90th=[ 9503], 99.95th=[11338],
     | 99.99th=[15139]
   bw (  KiB/s): min=398592, max=563712, per=100.00%, avg=481152.00, stdev=27987.74, samples=7
   iops        : min= 3114, max= 4404, avg=3759.00, stdev=218.65, samples=7
  lat (usec)   : 50=0.05%, 100=0.29%, 250=29.44%, 500=10.62%, 750=10.35%
  lat (usec)   : 1000=9.74%
  lat (msec)   : 2=24.34%, 4=13.40%, 10=1.66%, 20=0.10%
  cpu          : usr=0.60%, sys=10.39%, ctx=303168, majf=0, minf=37
  IO depths    : 1=100.1%, 2=0.0%, 4=0.0%, 8=0.0%, 16=0.0%, 32=0.0%, >=64=0.0%
     submit    : 0=0.0%, 4=100.0%, 8=0.0%, 16=0.0%, 32=0.0%, 64=0.0%, >=64=0.0%
     complete  : 0=0.0%, 4=100.0%, 8=0.0%, 16=0.0%, 32=0.0%, 64=0.0%, >=64=0.0%
     issued rwts: total=0,4096,0,4 short=0,0,0,0 dropped=0,0,0,0
     latency   : target=0, window=0, percentile=100.00%, depth=1

Run status group 0 (all jobs):
  WRITE: bw=385MiB/s (404MB/s), 385MiB/s-385MiB/s (404MB/s-404MB/s), io=512MiB (537MB), run=1329-1329msec
