randread: (g=0): rw=randread, bs=(R) 128KiB-128KiB, (W) 128KiB-128KiB, (T) 128KiB-128KiB, ioengine=psync, iodepth=1
...
fio-3.16
Starting 4 processes

randread: (groupid=0, jobs=4): err= 0: pid=348292: Mon Oct 27 10:56:01 2025
  read: IOPS=4043, BW=505MiB/s (530MB/s)(512MiB/1013msec)
    clat (usec): min=7, max=15326, avg=970.14, stdev=1135.18
     lat (usec): min=7, max=15326, avg=970.23, stdev=1135.18
    clat percentiles (usec):
     |  1.00th=[   27],  5.00th=[   32], 10.00th=[   36], 20.00th=[   41],
     | 30.00th=[   48], 40.00th=[  457], 50.00th=[  725], 60.00th=[ 1020],
     | 70.00th=[ 1270], 80.00th=[ 1647], 90.00th=[ 2278], 95.00th=[ 3064],
     | 99.00th=[ 4621], 99.50th=[ 5538], 99.90th=[10552], 99.95th=[11469],
     | 99.99th=[15270]
   bw (  KiB/s): min=460316, max=528128, per=95.49%, avg=494222.00, stdev=15295.84, samples=6
   iops        : min= 3596, max= 4126, avg=3861.00, stdev=119.54, samples=6
  lat (usec)   : 10=0.05%, 20=0.12%, 50=31.71%, 100=4.66%, 500=5.79%
  lat (usec)   : 750=8.35%, 1000=8.18%
  lat (msec)   : 2=27.83%, 4=11.50%, 10=1.64%, 20=0.17%
  cpu          : usr=0.38%, sys=7.78%, ctx=2819, majf=0, minf=162
  IO depths    : 1=100.0%, 2=0.0%, 4=0.0%, 8=0.0%, 16=0.0%, 32=0.0%, >=64=0.0%
     submit    : 0=0.0%, 4=100.0%, 8=0.0%, 16=0.0%, 32=0.0%, 64=0.0%, >=64=0.0%
     complete  : 0=0.0%, 4=100.0%, 8=0.0%, 16=0.0%, 32=0.0%, 64=0.0%, >=64=0.0%
     issued rwts: total=4096,0,0,0 short=0,0,0,0 dropped=0,0,0,0
     latency   : target=0, window=0, percentile=100.00%, depth=1

Run status group 0 (all jobs):
   READ: bw=505MiB/s (530MB/s), 505MiB/s-505MiB/s (530MB/s-530MB/s), io=512MiB (537MB), run=1013-1013msec
