randwrite: (g=0): rw=randwrite, bs=(R) 128KiB-128KiB, (W) 128KiB-128KiB, (T) 128KiB-128KiB, ioengine=psync, iodepth=1
...
fio-3.16
Starting 16 processes

randwrite: (groupid=0, jobs=16): err= 0: pid=351841: Mon Oct 27 11:01:13 2025
  write: IOPS=4948, BW=619MiB/s (649MB/s)(2048MiB/3311msec); 0 zone resets
    clat (usec): min=41, max=52216, avg=2595.93, stdev=2659.63
     lat (usec): min=42, max=52217, avg=2599.71, stdev=2660.50
    clat percentiles (usec):
     |  1.00th=[  128],  5.00th=[  192], 10.00th=[  310], 20.00th=[  644],
     | 30.00th=[  922], 40.00th=[ 1237], 50.00th=[ 1663], 60.00th=[ 2278],
     | 70.00th=[ 3130], 80.00th=[ 4293], 90.00th=[ 6259], 95.00th=[ 7898],
     | 99.00th=[10683], 99.50th=[11994], 99.90th=[19006], 99.95th=[31589],
     | 99.99th=[44827]
   bw (  KiB/s): min=610809, max=951005, per=100.00%, avg=752155.75, stdev=11569.64, samples=71
   iops        : min= 4771, max= 7428, avg=5875.12, stdev=90.41, samples=71
  lat (usec)   : 50=0.01%, 100=0.04%, 250=7.64%, 500=8.03%, 750=8.04%
  lat (usec)   : 1000=8.97%
  lat (msec)   : 2=23.21%, 4=21.83%, 10=20.75%, 20=1.40%, 50=0.08%
  lat (msec)   : 100=0.01%
  cpu          : usr=0.22%, sys=7.27%, ctx=3403048, majf=0, minf=136
  IO depths    : 1=100.1%, 2=0.0%, 4=0.0%, 8=0.0%, 16=0.0%, 32=0.0%, >=64=0.0%
     submit    : 0=0.0%, 4=100.0%, 8=0.0%, 16=0.0%, 32=0.0%, 64=0.0%, >=64=0.0%
     complete  : 0=0.0%, 4=100.0%, 8=0.0%, 16=0.0%, 32=0.0%, 64=0.0%, >=64=0.0%
     issued rwts: total=0,16384,0,16 short=0,0,0,0 dropped=0,0,0,0
     latency   : target=0, window=0, percentile=100.00%, depth=1

Run status group 0 (all jobs):
  WRITE: bw=619MiB/s (649MB/s), 619MiB/s-619MiB/s (649MB/s-649MB/s), io=2048MiB (2147MB), run=3311-3311msec
