randread: (g=0): rw=randread, bs=(R) 4096B-4096B, (W) 4096B-4096B, (T) 4096B-4096B, ioengine=psync, iodepth=1
...
fio-3.16
Starting 4 processes

randread: (groupid=0, jobs=4): err= 0: pid=244316: Mon Oct 27 07:18:16 2025
  read: IOPS=22.3k, BW=87.3MiB/s (91.5MB/s)(512MiB/5868msec)
    clat (nsec): min=442, max=39356k, avg=171699.25, stdev=567257.55
     lat (nsec): min=473, max=39356k, avg=171769.88, stdev=567258.16
    clat percentiles (nsec):
     |  1.00th=[    1480],  5.00th=[    1864], 10.00th=[    2128],
     | 20.00th=[    2576], 30.00th=[    3248], 40.00th=[   34560],
     | 50.00th=[   82432], 60.00th=[   97792], 70.00th=[  107008],
     | 80.00th=[  121344], 90.00th=[  232448], 95.00th=[  856064],
     | 99.00th=[ 2088960], 99.50th=[ 3063808], 99.90th=[ 6979584],
     | 99.95th=[ 9764864], 99.99th=[16908288]
   bw (  KiB/s): min=14920, max=150712, per=97.41%, avg=87034.29, stdev=10001.33, samples=42
   iops        : min= 3730, max=37678, avg=21758.38, stdev=2500.30, samples=42
  lat (nsec)   : 500=0.01%, 750=0.01%, 1000=0.02%
  lat (usec)   : 2=7.47%, 4=26.18%, 10=2.81%, 20=0.37%, 50=5.16%
  lat (usec)   : 100=20.55%, 250=27.72%, 500=1.94%, 750=1.94%, 1000=1.90%
  lat (msec)   : 2=2.86%, 4=0.78%, 10=0.25%, 20=0.04%, 50=0.01%
  cpu          : usr=0.67%, sys=6.02%, ctx=83420, majf=0, minf=40
  IO depths    : 1=100.0%, 2=0.0%, 4=0.0%, 8=0.0%, 16=0.0%, 32=0.0%, >=64=0.0%
     submit    : 0=0.0%, 4=100.0%, 8=0.0%, 16=0.0%, 32=0.0%, 64=0.0%, >=64=0.0%
     complete  : 0=0.0%, 4=100.0%, 8=0.0%, 16=0.0%, 32=0.0%, 64=0.0%, >=64=0.0%
     issued rwts: total=131072,0,0,0 short=0,0,0,0 dropped=0,0,0,0
     latency   : target=0, window=0, percentile=100.00%, depth=1

Run status group 0 (all jobs):
   READ: bw=87.3MiB/s (91.5MB/s), 87.3MiB/s-87.3MiB/s (91.5MB/s-91.5MB/s), io=512MiB (537MB), run=5868-5868msec
