randwrite: (g=0): rw=randwrite, bs=(R) 128KiB-128KiB, (W) 128KiB-128KiB, (T) 128KiB-128KiB, ioengine=psync, iodepth=1
...
fio-3.16
Starting 2 processes

randwrite: (groupid=0, jobs=2): err= 0: pid=247716: Mon Oct 27 07:22:27 2025
  write: IOPS=8359, BW=1045MiB/s (1096MB/s)(256MiB/245msec); 0 zone resets
    clat (usec): min=37, max=3906, avg=146.00, stdev=154.67
     lat (usec): min=38, max=3907, avg=147.10, stdev=154.76
    clat percentiles (usec):
     |  1.00th=[   64],  5.00th=[   80], 10.00th=[   84], 20.00th=[   94],
     | 30.00th=[  114], 40.00th=[  126], 50.00th=[  133], 60.00th=[  141],
     | 70.00th=[  151], 80.00th=[  163], 90.00th=[  188], 95.00th=[  221],
     | 99.00th=[  388], 99.50th=[ 1090], 99.90th=[ 2180], 99.95th=[ 3261],
     | 99.99th=[ 3916]
  lat (usec)   : 50=0.10%, 100=23.83%, 250=73.58%, 500=1.71%, 750=0.15%
  lat (usec)   : 1000=0.05%
  lat (msec)   : 2=0.44%, 4=0.15%
  cpu          : usr=0.00%, sys=30.33%, ctx=2229, majf=0, minf=21
  IO depths    : 1=100.1%, 2=0.0%, 4=0.0%, 8=0.0%, 16=0.0%, 32=0.0%, >=64=0.0%
     submit    : 0=0.0%, 4=100.0%, 8=0.0%, 16=0.0%, 32=0.0%, 64=0.0%, >=64=0.0%
     complete  : 0=0.0%, 4=100.0%, 8=0.0%, 16=0.0%, 32=0.0%, 64=0.0%, >=64=0.0%
     issued rwts: total=0,2048,0,2 short=0,0,0,0 dropped=0,0,0,0
     latency   : target=0, window=0, percentile=100.00%, depth=1

Run status group 0 (all jobs):
  WRITE: bw=1045MiB/s (1096MB/s), 1045MiB/s-1045MiB/s (1096MB/s-1096MB/s), io=256MiB (268MB), run=245-245msec
