read: (g=0): rw=read, bs=(R) 128KiB-128KiB, (W) 128KiB-128KiB, (T) 128KiB-128KiB, ioengine=psync, iodepth=1
...
fio-3.16
Starting 32 processes

read: (groupid=0, jobs=32): err= 0: pid=243903: Mon Oct 27 07:17:35 2025
  read: IOPS=10.4k, BW=1300MiB/s (1363MB/s)(4096MiB/3150msec)
    clat (usec): min=8, max=165401, avg=2754.61, stdev=11843.56
     lat (usec): min=8, max=165401, avg=2755.05, stdev=11843.53
    clat percentiles (usec):
     |  1.00th=[    15],  5.00th=[    25], 10.00th=[    41], 20.00th=[    91],
     | 30.00th=[   157], 40.00th=[   265], 50.00th=[   490], 60.00th=[   873],
     | 70.00th=[  1434], 80.00th=[  2089], 90.00th=[  3359], 95.00th=[  6587],
     | 99.00th=[ 66323], 99.50th=[110625], 99.90th=[132645], 99.95th=[139461],
     | 99.99th=[160433]
   bw (  MiB/s): min=  844, max= 1920, per=100.00%, avg=1371.21, stdev=13.06, samples=160
   iops        : min= 6758, max=15361, avg=10968.15, stdev=104.48, samples=160
  lat (usec)   : 10=0.01%, 20=3.39%, 50=8.88%, 100=9.32%, 250=17.48%
  lat (usec)   : 500=11.31%, 750=6.75%, 1000=5.25%
  lat (msec)   : 2=16.42%, 4=13.18%, 10=4.22%, 20=1.62%, 50=0.99%
  lat (msec)   : 100=0.44%, 250=0.73%
  cpu          : usr=0.32%, sys=20.18%, ctx=19021, majf=0, minf=1411
  IO depths    : 1=100.0%, 2=0.0%, 4=0.0%, 8=0.0%, 16=0.0%, 32=0.0%, >=64=0.0%
     submit    : 0=0.0%, 4=100.0%, 8=0.0%, 16=0.0%, 32=0.0%, 64=0.0%, >=64=0.0%
     complete  : 0=0.0%, 4=100.0%, 8=0.0%, 16=0.0%, 32=0.0%, 64=0.0%, >=64=0.0%
     issued rwts: total=32768,0,0,0 short=0,0,0,0 dropped=0,0,0,0
     latency   : target=0, window=0, percentile=100.00%, depth=1

Run status group 0 (all jobs):
   READ: bw=1300MiB/s (1363MB/s), 1300MiB/s-1300MiB/s (1363MB/s-1363MB/s), io=4096MiB (4295MB), run=3150-3150msec
