read: (g=0): rw=read, bs=(R) 4096B-4096B, (W) 4096B-4096B, (T) 4096B-4096B, ioengine=psync, iodepth=1
fio-3.16
Starting 1 process

read: (groupid=0, jobs=1): err= 0: pid=345530: Mon Oct 27 10:52:34 2025
  read: IOPS=31.6k, BW=124MiB/s (130MB/s)(128MiB/1036msec)
    clat (nsec): min=410, max=23046k, avg=31260.14, stdev=462063.96
     lat (nsec): min=438, max=23046k, avg=31290.72, stdev=462063.84
    clat percentiles (nsec):
     |  1.00th=[     474],  5.00th=[     580], 10.00th=[     636],
     | 20.00th=[     740], 30.00th=[     836], 40.00th=[     892],
     | 50.00th=[     956], 60.00th=[    1020], 70.00th=[    1096],
     | 80.00th=[    1208], 90.00th=[    1432], 95.00th=[    1816],
     | 99.00th=[  156672], 99.50th=[ 2277376], 99.90th=[ 5472256],
     | 99.95th=[ 6651904], 99.99th=[21364736]
   bw (  KiB/s): min=115441, max=132608, per=98.03%, avg=124024.50, stdev=12138.90, samples=2
   iops        : min=28860, max=33152, avg=31006.00, stdev=3034.90, samples=2
  lat (nsec)   : 500=1.38%, 750=19.57%, 1000=35.75%
  lat (usec)   : 2=39.20%, 4=2.19%, 10=0.31%, 20=0.02%, 50=0.01%
  lat (usec)   : 100=0.28%, 250=0.40%, 500=0.10%, 750=0.08%, 1000=0.06%
  lat (msec)   : 2=0.12%, 4=0.31%, 10=0.21%, 20=0.02%, 50=0.02%
  cpu          : usr=1.45%, sys=8.99%, ctx=346, majf=0, minf=12
  IO depths    : 1=100.0%, 2=0.0%, 4=0.0%, 8=0.0%, 16=0.0%, 32=0.0%, >=64=0.0%
     submit    : 0=0.0%, 4=100.0%, 8=0.0%, 16=0.0%, 32=0.0%, 64=0.0%, >=64=0.0%
     complete  : 0=0.0%, 4=100.0%, 8=0.0%, 16=0.0%, 32=0.0%, 64=0.0%, >=64=0.0%
     issued rwts: total=32768,0,0,0 short=0,0,0,0 dropped=0,0,0,0
     latency   : target=0, window=0, percentile=100.00%, depth=1

Run status group 0 (all jobs):
   READ: bw=124MiB/s (130MB/s), 124MiB/s-124MiB/s (130MB/s-130MB/s), io=128MiB (134MB), run=1036-1036msec
