read: (g=0): rw=read, bs=(R) 128KiB-128KiB, (W) 128KiB-128KiB, (T) 128KiB-128KiB, ioengine=psync, iodepth=1
...
fio-3.16
Starting 4 processes

read: (groupid=0, jobs=4): err= 0: pid=346686: Mon Oct 27 10:53:42 2025
  read: IOPS=3088, BW=386MiB/s (405MB/s)(512MiB/1326msec)
    clat (usec): min=13, max=24811, avg=1267.19, stdev=2240.63
     lat (usec): min=13, max=24811, avg=1267.29, stdev=2240.60
    clat percentiles (usec):
     |  1.00th=[   19],  5.00th=[   27], 10.00th=[   30], 20.00th=[   38],
     | 30.00th=[   51], 40.00th=[   66], 50.00th=[  100], 60.00th=[  153],
     | 70.00th=[  245], 80.00th=[ 3097], 90.00th=[ 4621], 95.00th=[ 5735],
     | 99.00th=[ 8979], 99.50th=[10159], 99.90th=[15664], 99.95th=[16450],
     | 99.99th=[24773]
   bw (  KiB/s): min=385792, max=397824, per=99.09%, avg=391808.00, stdev=1859.94, samples=8
   iops        : min= 3014, max= 3108, avg=3061.00, stdev=14.53, samples=8
  lat (usec)   : 20=1.37%, 50=28.52%, 100=20.12%, 250=20.17%, 500=1.12%
  lat (usec)   : 750=0.63%, 1000=0.54%
  lat (msec)   : 2=2.95%, 4=10.06%, 10=13.92%, 20=0.59%, 50=0.02%
  cpu          : usr=0.08%, sys=8.88%, ctx=1973, majf=0, minf=165
  IO depths    : 1=100.0%, 2=0.0%, 4=0.0%, 8=0.0%, 16=0.0%, 32=0.0%, >=64=0.0%
     submit    : 0=0.0%, 4=100.0%, 8=0.0%, 16=0.0%, 32=0.0%, 64=0.0%, >=64=0.0%
     complete  : 0=0.0%, 4=100.0%, 8=0.0%, 16=0.0%, 32=0.0%, 64=0.0%, >=64=0.0%
     issued rwts: total=4096,0,0,0 short=0,0,0,0 dropped=0,0,0,0
     latency   : target=0, window=0, percentile=100.00%, depth=1

Run status group 0 (all jobs):
   READ: bw=386MiB/s (405MB/s), 386MiB/s-386MiB/s (405MB/s-405MB/s), io=512MiB (537MB), run=1326-1326msec
