read: (g=0): rw=read, bs=(R) 128KiB-128KiB, (W) 128KiB-128KiB, (T) 128KiB-128KiB, ioengine=psync, iodepth=1
fio-3.16
Starting 1 process

read: (groupid=0, jobs=1): err= 0: pid=193395: Mon Oct 27 06:02:18 2025
  read: IOPS=2813, BW=352MiB/s (369MB/s)(128MiB/364msec)
    clat (usec): min=9, max=8016, avg=354.38, stdev=750.81
     lat (usec): min=9, max=8016, avg=354.45, stdev=750.79
    clat percentiles (usec):
     |  1.00th=[   13],  5.00th=[   16], 10.00th=[   18], 20.00th=[   24],
     | 30.00th=[   32], 40.00th=[   45], 50.00th=[   98], 60.00th=[  174],
     | 70.00th=[  293], 80.00th=[  404], 90.00th=[  685], 95.00th=[ 1844],
     | 99.00th=[ 3556], 99.50th=[ 4424], 99.90th=[ 7177], 99.95th=[ 8029],
     | 99.99th=[ 8029]
  lat (usec)   : 10=0.10%, 20=14.55%, 50=28.42%, 100=7.13%, 250=17.09%
  lat (usec)   : 500=15.72%, 750=8.20%, 1000=1.56%
  lat (msec)   : 2=2.73%, 4=3.81%, 10=0.68%
  cpu          : usr=0.00%, sys=27.27%, ctx=527, majf=0, minf=41
  IO depths    : 1=100.0%, 2=0.0%, 4=0.0%, 8=0.0%, 16=0.0%, 32=0.0%, >=64=0.0%
     submit    : 0=0.0%, 4=100.0%, 8=0.0%, 16=0.0%, 32=0.0%, 64=0.0%, >=64=0.0%
     complete  : 0=0.0%, 4=100.0%, 8=0.0%, 16=0.0%, 32=0.0%, 64=0.0%, >=64=0.0%
     issued rwts: total=1024,0,0,0 short=0,0,0,0 dropped=0,0,0,0
     latency   : target=0, window=0, percentile=100.00%, depth=1

Run status group 0 (all jobs):
   READ: bw=352MiB/s (369MB/s), 352MiB/s-352MiB/s (369MB/s-369MB/s), io=128MiB (134MB), run=364-364msec
