write: (g=0): rw=write, bs=(R) 4096B-4096B, (W) 4096B-4096B, (T) 4096B-4096B, ioengine=psync, iodepth=1
...
fio-3.16
Starting 16 processes

write: (groupid=0, jobs=16): err= 0: pid=195865: Mon Oct 27 06:05:45 2025
  write: IOPS=285k, BW=1112MiB/s (1166MB/s)(2048MiB/1841msec); 0 zone resets
    clat (usec): min=7, max=31056, avg=24.83, stdev=77.46
     lat (usec): min=7, max=31056, avg=24.95, stdev=77.47
    clat percentiles (usec):
     |  1.00th=[   10],  5.00th=[   13], 10.00th=[   14], 20.00th=[   16],
     | 30.00th=[   18], 40.00th=[   20], 50.00th=[   21], 60.00th=[   23],
     | 70.00th=[   25], 80.00th=[   28], 90.00th=[   33], 95.00th=[   40],
     | 99.00th=[   82], 99.50th=[  104], 99.90th=[  693], 99.95th=[ 1221],
     | 99.99th=[ 2671]
   bw (  MiB/s): min= 2527, max= 2527, per=100.00%, avg=2527.98, stdev= 0.00, samples=16
   iops        : min=647166, max=647166, avg=647166.00, stdev= 0.00, samples=16
  lat (usec)   : 10=1.26%, 20=44.66%, 50=51.23%, 100=2.30%, 250=0.37%
  lat (usec)   : 500=0.06%, 750=0.03%, 1000=0.03%
  lat (msec)   : 2=0.05%, 4=0.01%, 10=0.01%, 20=0.01%, 50=0.01%
  cpu          : usr=1.76%, sys=21.68%, ctx=526068, majf=0, minf=175
  IO depths    : 1=100.0%, 2=0.0%, 4=0.0%, 8=0.0%, 16=0.0%, 32=0.0%, >=64=0.0%
     submit    : 0=0.0%, 4=100.0%, 8=0.0%, 16=0.0%, 32=0.0%, 64=0.0%, >=64=0.0%
     complete  : 0=0.0%, 4=100.0%, 8=0.0%, 16=0.0%, 32=0.0%, 64=0.0%, >=64=0.0%
     issued rwts: total=0,524288,0,16 short=0,0,0,0 dropped=0,0,0,0
     latency   : target=0, window=0, percentile=100.00%, depth=1

Run status group 0 (all jobs):
  WRITE: bw=1112MiB/s (1166MB/s), 1112MiB/s-1112MiB/s (1166MB/s-1166MB/s), io=2048MiB (2147MB), run=1841-1841msec
