write: (g=0): rw=write, bs=(R) 128KiB-128KiB, (W) 128KiB-128KiB, (T) 128KiB-128KiB, ioengine=psync, iodepth=1
...
fio-3.16
Starting 4 processes

write: (groupid=0, jobs=4): err= 0: pid=246505: Mon Oct 27 07:20:57 2025
  write: IOPS=8497, BW=1062MiB/s (1114MB/s)(512MiB/482msec); 0 zone resets
    clat (usec): min=108, max=9603, avg=200.89, stdev=336.77
     lat (usec): min=109, max=9608, avg=202.11, stdev=336.96
    clat percentiles (usec):
     |  1.00th=[  115],  5.00th=[  120], 10.00th=[  124], 20.00th=[  131],
     | 30.00th=[  139], 40.00th=[  147], 50.00th=[  157], 60.00th=[  167],
     | 70.00th=[  180], 80.00th=[  196], 90.00th=[  231], 95.00th=[  273],
     | 99.00th=[ 1319], 99.50th=[ 2245], 99.90th=[ 4359], 99.95th=[ 8455],
     | 99.99th=[ 9634]
  lat (usec)   : 250=93.09%, 500=4.71%, 750=0.42%, 1000=0.44%
  lat (msec)   : 2=0.73%, 4=0.49%, 10=0.12%
  cpu          : usr=0.76%, sys=23.62%, ctx=4498, majf=0, minf=45
  IO depths    : 1=100.1%, 2=0.0%, 4=0.0%, 8=0.0%, 16=0.0%, 32=0.0%, >=64=0.0%
     submit    : 0=0.0%, 4=100.0%, 8=0.0%, 16=0.0%, 32=0.0%, 64=0.0%, >=64=0.0%
     complete  : 0=0.0%, 4=100.0%, 8=0.0%, 16=0.0%, 32=0.0%, 64=0.0%, >=64=0.0%
     issued rwts: total=0,4096,0,4 short=0,0,0,0 dropped=0,0,0,0
     latency   : target=0, window=0, percentile=100.00%, depth=1

Run status group 0 (all jobs):
  WRITE: bw=1062MiB/s (1114MB/s), 1062MiB/s-1062MiB/s (1114MB/s-1114MB/s), io=512MiB (537MB), run=482-482msec
