write: (g=0): rw=write, bs=(R) 128KiB-128KiB, (W) 128KiB-128KiB, (T) 128KiB-128KiB, ioengine=psync, iodepth=1
...
fio-3.16
Starting 2 processes

write: (groupid=0, jobs=2): err= 0: pid=246401: Mon Oct 27 07:20:50 2025
  write: IOPS=6243, BW=780MiB/s (818MB/s)(256MiB/328msec); 0 zone resets
    clat (usec): min=107, max=9296, avg=173.62, stdev=252.54
     lat (usec): min=109, max=9298, avg=174.69, stdev=252.71
    clat percentiles (usec):
     |  1.00th=[  113],  5.00th=[  118], 10.00th=[  121], 20.00th=[  126],
     | 30.00th=[  133], 40.00th=[  141], 50.00th=[  147], 60.00th=[  155],
     | 70.00th=[  161], 80.00th=[  172], 90.00th=[  188], 95.00th=[  208],
     | 99.00th=[ 1029], 99.50th=[ 1188], 99.90th=[ 2573], 99.95th=[ 2573],
     | 99.99th=[ 9241]
  lat (usec)   : 250=97.36%, 500=0.59%, 750=0.29%, 1000=0.59%
  lat (msec)   : 2=0.98%, 4=0.15%, 10=0.05%
  cpu          : usr=0.31%, sys=26.91%, ctx=2352, majf=0, minf=22
  IO depths    : 1=100.1%, 2=0.0%, 4=0.0%, 8=0.0%, 16=0.0%, 32=0.0%, >=64=0.0%
     submit    : 0=0.0%, 4=100.0%, 8=0.0%, 16=0.0%, 32=0.0%, 64=0.0%, >=64=0.0%
     complete  : 0=0.0%, 4=100.0%, 8=0.0%, 16=0.0%, 32=0.0%, 64=0.0%, >=64=0.0%
     issued rwts: total=0,2048,0,2 short=0,0,0,0 dropped=0,0,0,0
     latency   : target=0, window=0, percentile=100.00%, depth=1

Run status group 0 (all jobs):
  WRITE: bw=780MiB/s (818MB/s), 780MiB/s-780MiB/s (818MB/s-818MB/s), io=256MiB (268MB), run=328-328msec
