write: (g=0): rw=write, bs=(R) 4096B-4096B, (W) 4096B-4096B, (T) 4096B-4096B, ioengine=psync, iodepth=1
...
fio-3.16
Starting 32 processes

write: (groupid=0, jobs=32): err= 0: pid=246146: Mon Oct 27 07:20:35 2025
  write: IOPS=319k, BW=1248MiB/s (1309MB/s)(4096MiB/3282msec); 0 zone resets
    clat (usec): min=7, max=464338, avg=57.01, stdev=796.55
     lat (usec): min=7, max=464339, avg=57.18, stdev=796.58
    clat percentiles (usec):
     |  1.00th=[    9],  5.00th=[   11], 10.00th=[   15], 20.00th=[   29],
     | 30.00th=[   35], 40.00th=[   40], 50.00th=[   44], 60.00th=[   48],
     | 70.00th=[   54], 80.00th=[   62], 90.00th=[   84], 95.00th=[  117],
     | 99.00th=[  196], 99.50th=[  239], 99.90th=[  586], 99.95th=[ 2638],
     | 99.99th=[19268]
   bw (  MiB/s): min= 1847, max= 2538, per=100.00%, avg=2149.96, stdev=13.49, samples=100
   iops        : min=472940, max=649804, avg=550388.87, stdev=3454.11, samples=100
  lat (usec)   : 10=2.77%, 20=10.39%, 50=50.87%, 100=28.91%, 250=6.63%
  lat (usec)   : 500=0.32%, 750=0.01%, 1000=0.01%
  lat (msec)   : 2=0.03%, 4=0.02%, 10=0.01%, 20=0.01%, 50=0.01%
  lat (msec)   : 100=0.01%, 250=0.01%, 500=0.01%
  cpu          : usr=1.46%, sys=24.36%, ctx=1251139, majf=0, minf=345
  IO depths    : 1=100.0%, 2=0.0%, 4=0.0%, 8=0.0%, 16=0.0%, 32=0.0%, >=64=0.0%
     submit    : 0=0.0%, 4=100.0%, 8=0.0%, 16=0.0%, 32=0.0%, 64=0.0%, >=64=0.0%
     complete  : 0=0.0%, 4=100.0%, 8=0.0%, 16=0.0%, 32=0.0%, 64=0.0%, >=64=0.0%
     issued rwts: total=0,1048576,0,32 short=0,0,0,0 dropped=0,0,0,0
     latency   : target=0, window=0, percentile=100.00%, depth=1

Run status group 0 (all jobs):
  WRITE: bw=1248MiB/s (1309MB/s), 1248MiB/s-1248MiB/s (1309MB/s-1309MB/s), io=4096MiB (4295MB), run=3282-3282msec
