/usr/bin/java  -classpath /home/ldy/src/YCSB/conf:/home/ldy/src/YCSB/core/target/core-0.17.0.jar:/home/ldy/src/YCSB/rocksdb/target/rocksdb-binding-0.17.0.jar:/home/ldy/src/YCSB/rocksdb/target/dependency/HdrHistogram-2.1.4.jar:/home/ldy/src/YCSB/rocksdb/target/dependency/htrace-core4-4.1.0-incubating.jar:/home/ldy/src/YCSB/rocksdb/target/dependency/jcip-annotations-1.0.jar:/home/ldy/src/YCSB/rocksdb/target/dependency/rocksdbjni-5.11.3.jar:/home/ldy/src/YCSB/rocksdb/target/dependency/slf4j-api-1.7.25.jar:/home/ldy/src/YCSB/rocksdb/target/dependency/slf4j-simple-1.7.25.jar site.ycsb.Client -load -db site.ycsb.db.rocksdb.RocksDBClient -P ../../../YCSB/LDY_bound_setting/io_bound_load.properties -p rocksdb.dir=/mnt/test -p rocksdb.optionsfile=../../../YCSB/LDY_bound_setting/io_bound.ini
Command line: -load -db site.ycsb.db.rocksdb.RocksDBClient -P ../../../YCSB/LDY_bound_setting/io_bound_load.properties -p rocksdb.dir=/mnt/test -p rocksdb.optionsfile=../../../YCSB/LDY_bound_setting/io_bound.ini
YCSB Client 0.17.0

Loading workload...
Starting test.
[Thread-1] INFO site.ycsb.db.rocksdb.RocksDBClient - RocksDB data dir: /mnt/test
DBWrapper: report latency for each error is false and specific error codes to track for latency are: []
[OVERALL], RunTime(ms), 83983
[OVERALL], Throughput(ops/sec), 9525.737351606873
[TOTAL_GCS_G1_Young_Generation], Count, 17
[TOTAL_GC_TIME_G1_Young_Generation], Time(ms), 97
[TOTAL_GC_TIME_%_G1_Young_Generation], Time(%), 0.11549956538823333
[TOTAL_GCS_G1_Old_Generation], Count, 0
[TOTAL_GC_TIME_G1_Old_Generation], Time(ms), 0
[TOTAL_GC_TIME_%_G1_Old_Generation], Time(%), 0.0
[TOTAL_GCs], Count, 17
[TOTAL_GC_TIME], Time(ms), 97
[TOTAL_GC_TIME_%], Time(%), 0.11549956538823333
[CLEANUP], Operations, 1
[CLEANUP], AverageLatency(us), 31896.0
[CLEANUP], MinLatency(us), 31888
[CLEANUP], MaxLatency(us), 31903
[CLEANUP], 95thPercentileLatency(us), 31903
[CLEANUP], 99thPercentileLatency(us), 31903
[INSERT], Operations, 800000
[INSERT], AverageLatency(us), 103.6593
[INSERT], MinLatency(us), 36
[INSERT], MaxLatency(us), 45599
[INSERT], 95thPercentileLatency(us), 103
[INSERT], 99thPercentileLatency(us), 1145
[INSERT], Return=OK, 800000
