randwrite: (g=0): rw=randwrite, bs=(R) 128KiB-128KiB, (W) 128KiB-128KiB, (T) 128KiB-128KiB, ioengine=psync, iodepth=1
...
fio-3.16
Starting 32 processes

randwrite: (groupid=0, jobs=32): err= 0: pid=90973: Thu Oct 30 03:22:08 2025
  write: IOPS=22.6k, BW=2827MiB/s (2964MB/s)(4096MiB/1449msec); 0 zone resets
    clat (usec): min=12, max=64019, avg=160.82, stdev=1834.48
     lat (usec): min=12, max=64020, avg=163.29, stdev=1847.95
    clat percentiles (usec):
     |  1.00th=[   25],  5.00th=[   32], 10.00th=[   33], 20.00th=[   34],
     | 30.00th=[   36], 40.00th=[   56], 50.00th=[   58], 60.00th=[   60],
     | 70.00th=[   61], 80.00th=[   63], 90.00th=[   65], 95.00th=[   67],
     | 99.00th=[   83], 99.50th=[  135], 99.90th=[33817], 99.95th=[42730],
     | 99.99th=[55837]
  lat (usec)   : 20=0.79%, 50=35.69%, 100=62.86%, 250=0.20%, 500=0.01%
  lat (msec)   : 4=0.01%, 10=0.05%, 20=0.09%, 50=0.28%, 100=0.03%
  cpu          : usr=0.07%, sys=5.00%, ctx=7477, majf=0, minf=383
  IO depths    : 1=100.1%, 2=0.0%, 4=0.0%, 8=0.0%, 16=0.0%, 32=0.0%, >=64=0.0%
     submit    : 0=0.0%, 4=100.0%, 8=0.0%, 16=0.0%, 32=0.0%, 64=0.0%, >=64=0.0%
     complete  : 0=0.0%, 4=100.0%, 8=0.0%, 16=0.0%, 32=0.0%, 64=0.0%, >=64=0.0%
     issued rwts: total=0,32768,0,32 short=0,0,0,0 dropped=0,0,0,0
     latency   : target=0, window=0, percentile=100.00%, depth=1

Run status group 0 (all jobs):
  WRITE: bw=2827MiB/s (2964MB/s), 2827MiB/s-2827MiB/s (2964MB/s-2964MB/s), io=4096MiB (4295MB), run=1449-1449msec

Disk stats (read/write):
  nvme0n1: ios=0/8803, merge=0/6, ticks=0/149106, in_queue=149289, util=85.45%
