randread: (g=0): rw=randread, bs=(R) 128KiB-128KiB, (W) 128KiB-128KiB, (T) 128KiB-128KiB, ioengine=psync, iodepth=1
...
fio-3.16
Starting 2 processes

randread: (groupid=0, jobs=2): err= 0: pid=89989: Thu Oct 30 03:21:47 2025
  read: IOPS=14.6k, BW=1829MiB/s (1917MB/s)(256MiB/140msec)
    clat (usec): min=11, max=928, avg=135.48, stdev=93.67
     lat (usec): min=11, max=928, avg=135.53, stdev=93.67
    clat percentiles (usec):
     |  1.00th=[   14],  5.00th=[   16], 10.00th=[   17], 20.00th=[   20],
     | 30.00th=[   22], 40.00th=[  174], 50.00th=[  190], 60.00th=[  192],
     | 70.00th=[  196], 80.00th=[  215], 90.00th=[  219], 95.00th=[  231],
     | 99.00th=[  277], 99.50th=[  318], 99.90th=[  445], 99.95th=[  848],
     | 99.99th=[  930]
  lat (usec)   : 20=21.34%, 50=15.48%, 250=60.60%, 500=2.49%, 1000=0.10%
  cpu          : usr=2.53%, sys=25.99%, ctx=1295, majf=0, minf=85
  IO depths    : 1=100.0%, 2=0.0%, 4=0.0%, 8=0.0%, 16=0.0%, 32=0.0%, >=64=0.0%
     submit    : 0=0.0%, 4=100.0%, 8=0.0%, 16=0.0%, 32=0.0%, 64=0.0%, >=64=0.0%
     complete  : 0=0.0%, 4=100.0%, 8=0.0%, 16=0.0%, 32=0.0%, 64=0.0%, >=64=0.0%
     issued rwts: total=2048,0,0,0 short=0,0,0,0 dropped=0,0,0,0
     latency   : target=0, window=0, percentile=100.00%, depth=1

Run status group 0 (all jobs):
   READ: bw=1829MiB/s (1917MB/s), 1829MiB/s-1829MiB/s (1917MB/s-1917MB/s), io=256MiB (268MB), run=140-140msec

Disk stats (read/write):
  nvme0n1: ios=0/0, merge=0/0, ticks=0/0, in_queue=0, util=0.00%
