write: (g=0): rw=write, bs=(R) 128KiB-128KiB, (W) 128KiB-128KiB, (T) 128KiB-128KiB, ioengine=psync, iodepth=1
...
fio-3.16
Starting 32 processes

write: (groupid=0, jobs=32): err= 0: pid=90586: Thu Oct 30 03:22:00 2025
  write: IOPS=14.9k, BW=1858MiB/s (1949MB/s)(4096MiB/2204msec); 0 zone resets
    clat (usec): min=49, max=72079, avg=144.31, stdev=1462.33
     lat (usec): min=50, max=72079, avg=145.18, stdev=1462.33
    clat percentiles (usec):
     |  1.00th=[   53],  5.00th=[   56], 10.00th=[   57], 20.00th=[   58],
     | 30.00th=[   60], 40.00th=[   61], 50.00th=[   62], 60.00th=[   63],
     | 70.00th=[   64], 80.00th=[   66], 90.00th=[   68], 95.00th=[   70],
     | 99.00th=[   76], 99.50th=[   88], 99.90th=[23987], 99.95th=[24249],
     | 99.99th=[47973]
  lat (usec)   : 50=0.01%, 100=99.53%, 250=0.02%, 500=0.03%, 1000=0.01%
  lat (msec)   : 2=0.01%, 4=0.01%, 10=0.03%, 20=0.14%, 50=0.21%
  lat (msec)   : 100=0.01%
  cpu          : usr=0.03%, sys=4.05%, ctx=10349, majf=0, minf=362
  IO depths    : 1=100.1%, 2=0.0%, 4=0.0%, 8=0.0%, 16=0.0%, 32=0.0%, >=64=0.0%
     submit    : 0=0.0%, 4=100.0%, 8=0.0%, 16=0.0%, 32=0.0%, 64=0.0%, >=64=0.0%
     complete  : 0=0.0%, 4=100.0%, 8=0.0%, 16=0.0%, 32=0.0%, 64=0.0%, >=64=0.0%
     issued rwts: total=0,32768,0,32 short=0,0,0,0 dropped=0,0,0,0
     latency   : target=0, window=0, percentile=100.00%, depth=1

Run status group 0 (all jobs):
  WRITE: bw=1858MiB/s (1949MB/s), 1858MiB/s-1858MiB/s (1949MB/s-1949MB/s), io=4096MiB (4295MB), run=2204-2204msec

Disk stats (read/write):
  nvme0n1: ios=0/8132, merge=0/3, ticks=0/114807, in_queue=114940, util=91.46%
