Linux 5.15.0 (noslab-gpu) 	11/20/2025 	_x86_64_	(40 CPU)

Device            r/s     rkB/s   rrqm/s  %rrqm r_await rareq-sz     w/s     wkB/s   wrqm/s  %wrqm w_await wareq-sz     d/s     dkB/s   drqm/s  %drqm d_await dareq-sz  aqu-sz  %util
nvme0n1        653.48  10848.54     0.00   0.00    0.21    16.60  879.63  33361.09     8.18   0.92    4.44    37.93    0.08 172620.44     0.00   0.00    1.24 2091568.70    4.04   2.73


Device            r/s     rkB/s   rrqm/s  %rrqm r_await rareq-sz     w/s     wkB/s   wrqm/s  %wrqm w_await wareq-sz     d/s     dkB/s   drqm/s  %drqm d_await dareq-sz  aqu-sz  %util
nvme0n1          0.00      0.00     0.00   0.00    0.00     0.00    0.00      0.00     0.00   0.00    0.00     0.00    0.00      0.00     0.00   0.00    0.00     0.00    0.00   0.00


Device            r/s     rkB/s   rrqm/s  %rrqm r_await rareq-sz     w/s     wkB/s   wrqm/s  %wrqm w_await wareq-sz     d/s     dkB/s   drqm/s  %drqm d_await dareq-sz  aqu-sz  %util
nvme0n1          9.00     36.00     0.00   0.00    7.89     4.00    0.00      0.00     0.00   0.00    0.00     0.00    0.00      0.00     0.00   0.00    0.00     0.00    0.07   1.20


Device            r/s     rkB/s   rrqm/s  %rrqm r_await rareq-sz     w/s     wkB/s   wrqm/s  %wrqm w_await wareq-sz     d/s     dkB/s   drqm/s  %drqm d_await dareq-sz  aqu-sz  %util
nvme0n1          0.00      0.00     0.00   0.00    0.00     0.00    0.00      0.00     0.00   0.00    0.00     0.00    0.00      0.00     0.00   0.00    0.00     0.00    0.00   0.00


Device            r/s     rkB/s   rrqm/s  %rrqm r_await rareq-sz     w/s     wkB/s   wrqm/s  %wrqm w_await wareq-sz     d/s     dkB/s   drqm/s  %drqm d_await dareq-sz  aqu-sz  %util
nvme0n1          0.00      0.00     0.00   0.00    0.00     0.00    0.00      0.00     0.00   0.00    0.00     0.00    0.00      0.00     0.00   0.00    0.00     0.00    0.00   0.00


Device            r/s     rkB/s   rrqm/s  %rrqm r_await rareq-sz     w/s     wkB/s   wrqm/s  %wrqm w_await wareq-sz     d/s     dkB/s   drqm/s  %drqm d_await dareq-sz  aqu-sz  %util
nvme0n1          0.00      0.00     0.00   0.00    0.00     0.00    0.00      0.00     0.00   0.00    0.00     0.00    0.00      0.00     0.00   0.00    0.00     0.00    0.00   0.00


Device            r/s     rkB/s   rrqm/s  %rrqm r_await rareq-sz     w/s     wkB/s   wrqm/s  %wrqm w_await wareq-sz     d/s     dkB/s   drqm/s  %drqm d_await dareq-sz  aqu-sz  %util
nvme0n1          0.00      0.00     0.00   0.00    0.00     0.00 148917.00 998640.00     0.00   0.00    0.07     6.71    0.00      0.00     0.00   0.00    0.00     0.00   10.33  70.40


Device            r/s     rkB/s   rrqm/s  %rrqm r_await rareq-sz     w/s     wkB/s   wrqm/s  %wrqm w_await wareq-sz     d/s     dkB/s   drqm/s  %drqm d_await dareq-sz  aqu-sz  %util
nvme0n1          0.00      0.00     0.00   0.00    0.00     0.00 184971.00 1375692.00     3.00   0.00    0.07     7.44    0.00      0.00     0.00   0.00    0.00     0.00   12.83  77.60


Device            r/s     rkB/s   rrqm/s  %rrqm r_await rareq-sz     w/s     wkB/s   wrqm/s  %wrqm w_await wareq-sz     d/s     dkB/s   drqm/s  %drqm d_await dareq-sz  aqu-sz  %util
nvme0n1          0.00      0.00     0.00   0.00    0.00     0.00 162144.00 1388336.00     0.00   0.00    0.15     8.56    0.00      0.00     0.00   0.00    0.00     0.00   24.41  77.60


Device            r/s     rkB/s   rrqm/s  %rrqm r_await rareq-sz     w/s     wkB/s   wrqm/s  %wrqm w_await wareq-sz     d/s     dkB/s   drqm/s  %drqm d_await dareq-sz  aqu-sz  %util
nvme0n1          0.00      0.00     0.00   0.00    0.00     0.00 145974.00 1423424.00     0.00   0.00    0.08     9.75    0.00      0.00     0.00   0.00    0.00     0.00   12.29  70.00


Device            r/s     rkB/s   rrqm/s  %rrqm r_await rareq-sz     w/s     wkB/s   wrqm/s  %wrqm w_await wareq-sz     d/s     dkB/s   drqm/s  %drqm d_await dareq-sz  aqu-sz  %util
nvme0n1          0.00      0.00     0.00   0.00    0.00     0.00 122259.00 1333492.00     0.00   0.00    0.11    10.91    0.00      0.00     0.00   0.00    0.00     0.00   13.29  64.00


Device            r/s     rkB/s   rrqm/s  %rrqm r_await rareq-sz     w/s     wkB/s   wrqm/s  %wrqm w_await wareq-sz     d/s     dkB/s   drqm/s  %drqm d_await dareq-sz  aqu-sz  %util
nvme0n1          0.00      0.00     0.00   0.00    0.00     0.00 141072.00 1769840.00     0.00   0.00    0.33    12.55    0.00      0.00     0.00   0.00    0.00     0.00   46.44  86.00


Device            r/s     rkB/s   rrqm/s  %rrqm r_await rareq-sz     w/s     wkB/s   wrqm/s  %wrqm w_await wareq-sz     d/s     dkB/s   drqm/s  %drqm d_await dareq-sz  aqu-sz  %util
nvme0n1          0.00      0.00     0.00   0.00    0.00     0.00 80379.00 1136296.00     3.00   0.00    0.26    14.14    0.00      0.00     0.00   0.00    0.00     0.00   20.63  52.80


Device            r/s     rkB/s   rrqm/s  %rrqm r_await rareq-sz     w/s     wkB/s   wrqm/s  %wrqm w_await wareq-sz     d/s     dkB/s   drqm/s  %drqm d_await dareq-sz  aqu-sz  %util
nvme0n1          0.00      0.00     0.00   0.00    0.00     0.00 145059.00 1415312.00     0.00   0.00    0.19     9.76    0.00      0.00     0.00   0.00    0.00     0.00   27.91  74.40


Device            r/s     rkB/s   rrqm/s  %rrqm r_await rareq-sz     w/s     wkB/s   wrqm/s  %wrqm w_await wareq-sz     d/s     dkB/s   drqm/s  %drqm d_await dareq-sz  aqu-sz  %util
nvme0n1          0.00      0.00     0.00   0.00    0.00     0.00 138058.00 1414220.00     0.00   0.00    0.09    10.24    0.00      0.00     0.00   0.00    0.00     0.00   12.56  68.00


Device            r/s     rkB/s   rrqm/s  %rrqm r_await rareq-sz     w/s     wkB/s   wrqm/s  %wrqm w_await wareq-sz     d/s     dkB/s   drqm/s  %drqm d_await dareq-sz  aqu-sz  %util
nvme0n1          0.00      0.00     0.00   0.00    0.00     0.00 138684.00 1464712.00     0.00   0.00    0.20    10.56    0.00      0.00     0.00   0.00    0.00     0.00   27.85  74.80


Device            r/s     rkB/s   rrqm/s  %rrqm r_await rareq-sz     w/s     wkB/s   wrqm/s  %wrqm w_await wareq-sz     d/s     dkB/s   drqm/s  %drqm d_await dareq-sz  aqu-sz  %util
nvme0n1          0.00      0.00     0.00   0.00    0.00     0.00 155133.00 1677564.00     0.00   0.00    0.11    10.81    0.00      0.00     0.00   0.00    0.00     0.00   17.11  80.00


Device            r/s     rkB/s   rrqm/s  %rrqm r_await rareq-sz     w/s     wkB/s   wrqm/s  %wrqm w_await wareq-sz     d/s     dkB/s   drqm/s  %drqm d_await dareq-sz  aqu-sz  %util
nvme0n1          0.00      0.00     0.00   0.00    0.00     0.00 199194.00 2051580.00     3.00   0.00    0.16    10.30    0.00      0.00     0.00   0.00    0.00     0.00   31.04 100.00


Device            r/s     rkB/s   rrqm/s  %rrqm r_await rareq-sz     w/s     wkB/s   wrqm/s  %wrqm w_await wareq-sz     d/s     dkB/s   drqm/s  %drqm d_await dareq-sz  aqu-sz  %util
nvme0n1          0.00      0.00     0.00   0.00    0.00     0.00 207591.00 2024948.00     0.00   0.00    0.14     9.75    0.00      0.00     0.00   0.00    0.00     0.00   30.06 100.00


Device            r/s     rkB/s   rrqm/s  %rrqm r_await rareq-sz     w/s     wkB/s   wrqm/s  %wrqm w_await wareq-sz     d/s     dkB/s   drqm/s  %drqm d_await dareq-sz  aqu-sz  %util
nvme0n1          0.00      0.00     0.00   0.00    0.00     0.00 29918.00 295404.00     0.00   0.00    0.12     9.87    0.00      0.00     0.00   0.00    0.00     0.00    3.53  15.20


Device            r/s     rkB/s   rrqm/s  %rrqm r_await rareq-sz     w/s     wkB/s   wrqm/s  %wrqm w_await wareq-sz     d/s     dkB/s   drqm/s  %drqm d_await dareq-sz  aqu-sz  %util
nvme0n1          0.00      0.00     0.00   0.00    0.00     0.00 142039.00 1442596.00     0.00   0.00    0.10    10.16    0.00      0.00     0.00   0.00    0.00     0.00   14.14  69.60


Device            r/s     rkB/s   rrqm/s  %rrqm r_await rareq-sz     w/s     wkB/s   wrqm/s  %wrqm w_await wareq-sz     d/s     dkB/s   drqm/s  %drqm d_await dareq-sz  aqu-sz  %util
nvme0n1          0.00      0.00     0.00   0.00    0.00     0.00 154561.00 1578412.00     0.00   0.00    0.18    10.21    0.00      0.00     0.00   0.00    0.00     0.00   27.74  79.60


Device            r/s     rkB/s   rrqm/s  %rrqm r_await rareq-sz     w/s     wkB/s   wrqm/s  %wrqm w_await wareq-sz     d/s     dkB/s   drqm/s  %drqm d_await dareq-sz  aqu-sz  %util
nvme0n1          0.00      0.00     0.00   0.00    0.00     0.00 214041.00 2087604.00     3.00   0.00    0.09     9.75    0.00      0.00     0.00   0.00    0.00     0.00   19.14 100.00


Device            r/s     rkB/s   rrqm/s  %rrqm r_await rareq-sz     w/s     wkB/s   wrqm/s  %wrqm w_await wareq-sz     d/s     dkB/s   drqm/s  %drqm d_await dareq-sz  aqu-sz  %util
nvme0n1          0.00      0.00     0.00   0.00    0.00     0.00 212671.00 1998720.00     0.00   0.00    0.14     9.40    0.00      0.00     0.00   0.00    0.00     0.00   29.80 100.00


Device            r/s     rkB/s   rrqm/s  %rrqm r_await rareq-sz     w/s     wkB/s   wrqm/s  %wrqm w_await wareq-sz     d/s     dkB/s   drqm/s  %drqm d_await dareq-sz  aqu-sz  %util
nvme0n1          0.00      0.00     0.00   0.00    0.00     0.00 174290.00 1632544.00     0.00   0.00    0.09     9.37    0.00      0.00     0.00   0.00    0.00     0.00   14.90  78.80


Device            r/s     rkB/s   rrqm/s  %rrqm r_await rareq-sz     w/s     wkB/s   wrqm/s  %wrqm w_await wareq-sz     d/s     dkB/s   drqm/s  %drqm d_await dareq-sz  aqu-sz  %util
nvme0n1          0.00      0.00     0.00   0.00    0.00     0.00 34199.00 369748.00     0.00   0.00    0.56    10.81    0.00      0.00     0.00   0.00    0.00     0.00   19.22  22.80


Device            r/s     rkB/s   rrqm/s  %rrqm r_await rareq-sz     w/s     wkB/s   wrqm/s  %wrqm w_await wareq-sz     d/s     dkB/s   drqm/s  %drqm d_await dareq-sz  aqu-sz  %util
nvme0n1          0.00      0.00     0.00   0.00    0.00     0.00 164883.00 1621292.00     0.00   0.00    0.09     9.83    0.00      0.00     0.00   0.00    0.00     0.00   14.35  78.40


Device            r/s     rkB/s   rrqm/s  %rrqm r_await rareq-sz     w/s     wkB/s   wrqm/s  %wrqm w_await wareq-sz     d/s     dkB/s   drqm/s  %drqm d_await dareq-sz  aqu-sz  %util
nvme0n1          0.00      0.00     0.00   0.00    0.00     0.00 212274.00 2011616.00     3.00   0.00    0.14     9.48    0.00      0.00     0.00   0.00    0.00     0.00   29.07  99.60


Device            r/s     rkB/s   rrqm/s  %rrqm r_await rareq-sz     w/s     wkB/s   wrqm/s  %wrqm w_await wareq-sz     d/s     dkB/s   drqm/s  %drqm d_await dareq-sz  aqu-sz  %util
nvme0n1          0.00      0.00     0.00   0.00    0.00     0.00 226912.00 2088736.00     0.00   0.00    0.08     9.21    0.00      0.00     0.00   0.00    0.00     0.00   18.11 100.00


Device            r/s     rkB/s   rrqm/s  %rrqm r_await rareq-sz     w/s     wkB/s   wrqm/s  %wrqm w_await wareq-sz     d/s     dkB/s   drqm/s  %drqm d_await dareq-sz  aqu-sz  %util
nvme0n1          0.00      0.00     0.00   0.00    0.00     0.00 187007.00 1725540.00     0.00   0.00    0.15     9.23    0.00      0.00     0.00   0.00    0.00     0.00   27.54  87.60


Device            r/s     rkB/s   rrqm/s  %rrqm r_await rareq-sz     w/s     wkB/s   wrqm/s  %wrqm w_await wareq-sz     d/s     dkB/s   drqm/s  %drqm d_await dareq-sz  aqu-sz  %util
nvme0n1          0.00      0.00     0.00   0.00    0.00     0.00 31355.00 318436.00     0.00   0.00    0.16    10.16    0.00      0.00     0.00   0.00    0.00     0.00    4.87  16.40


Device            r/s     rkB/s   rrqm/s  %rrqm r_await rareq-sz     w/s     wkB/s   wrqm/s  %wrqm w_await wareq-sz     d/s     dkB/s   drqm/s  %drqm d_await dareq-sz  aqu-sz  %util
nvme0n1          0.00      0.00     0.00   0.00    0.00     0.00 143935.00 1510528.00     0.00   0.00    0.09    10.49    0.00      0.00     0.00   0.00    0.00     0.00   12.66  72.00


Device            r/s     rkB/s   rrqm/s  %rrqm r_await rareq-sz     w/s     wkB/s   wrqm/s  %wrqm w_await wareq-sz     d/s     dkB/s   drqm/s  %drqm d_await dareq-sz  aqu-sz  %util
nvme0n1          0.00      0.00     0.00   0.00    0.00     0.00 143088.00 1423800.00     3.00   0.00    0.19     9.95    0.00      0.00     0.00   0.00    0.00     0.00   27.33  74.00


Device            r/s     rkB/s   rrqm/s  %rrqm r_await rareq-sz     w/s     wkB/s   wrqm/s  %wrqm w_await wareq-sz     d/s     dkB/s   drqm/s  %drqm d_await dareq-sz  aqu-sz  %util
nvme0n1          0.00      0.00     0.00   0.00    0.00     0.00 150009.00 1466804.00     0.00   0.00    0.08     9.78    0.00      0.00     0.00   0.00    0.00     0.00   12.53  71.20


Device            r/s     rkB/s   rrqm/s  %rrqm r_await rareq-sz     w/s     wkB/s   wrqm/s  %wrqm w_await wareq-sz     d/s     dkB/s   drqm/s  %drqm d_await dareq-sz  aqu-sz  %util
nvme0n1          0.00      0.00     0.00   0.00    0.00     0.00 148958.00 1523016.00     0.00   0.00    0.19    10.22    0.00      0.00     0.00   0.00    0.00     0.00   28.69  78.00


Device            r/s     rkB/s   rrqm/s  %rrqm r_await rareq-sz     w/s     wkB/s   wrqm/s  %wrqm w_await wareq-sz     d/s     dkB/s   drqm/s  %drqm d_await dareq-sz  aqu-sz  %util
nvme0n1          0.00      0.00     0.00   0.00    0.00     0.00 131606.00 1400908.00     0.00   0.00    0.11    10.64    0.00      0.00     0.00   0.00    0.00     0.00   13.90  66.40


Device            r/s     rkB/s   rrqm/s  %rrqm r_await rareq-sz     w/s     wkB/s   wrqm/s  %wrqm w_await wareq-sz     d/s     dkB/s   drqm/s  %drqm d_await dareq-sz  aqu-sz  %util
nvme0n1          0.00      0.00     0.00   0.00    0.00     0.00 134617.00 1531268.00     0.00   0.00    0.25    11.37    0.00      0.00     0.00   0.00    0.00     0.00   34.12  75.60


Device            r/s     rkB/s   rrqm/s  %rrqm r_await rareq-sz     w/s     wkB/s   wrqm/s  %wrqm w_await wareq-sz     d/s     dkB/s   drqm/s  %drqm d_await dareq-sz  aqu-sz  %util
nvme0n1          0.00      0.00     0.00   0.00    0.00     0.00 196304.00 2133296.00     3.00   0.00    0.15    10.87    0.00      0.00     0.00   0.00    0.00     0.00   30.32 100.00


Device            r/s     rkB/s   rrqm/s  %rrqm r_await rareq-sz     w/s     wkB/s   wrqm/s  %wrqm w_await wareq-sz     d/s     dkB/s   drqm/s  %drqm d_await dareq-sz  aqu-sz  %util
nvme0n1          0.00      0.00     0.00   0.00    0.00     0.00 210130.00 2036308.00     0.00   0.00    0.15     9.69    0.00      0.00     0.00   0.00    0.00     0.00   30.84 100.00


Device            r/s     rkB/s   rrqm/s  %rrqm r_await rareq-sz     w/s     wkB/s   wrqm/s  %wrqm w_await wareq-sz     d/s     dkB/s   drqm/s  %drqm d_await dareq-sz  aqu-sz  %util
nvme0n1          0.00      0.00     0.00   0.00    0.00     0.00 217272.00 1976004.00     0.00   0.00    0.13     9.09    0.00      0.00     0.00   0.00    0.00     0.00   28.76 100.00


Device            r/s     rkB/s   rrqm/s  %rrqm r_await rareq-sz     w/s     wkB/s   wrqm/s  %wrqm w_await wareq-sz     d/s     dkB/s   drqm/s  %drqm d_await dareq-sz  aqu-sz  %util
nvme0n1          0.00      0.00     0.00   0.00    0.00     0.00 6801.00  67776.00     0.00   0.00    0.37     9.97    0.00      0.00     0.00   0.00    0.00     0.00    2.52   4.40


Device            r/s     rkB/s   rrqm/s  %rrqm r_await rareq-sz     w/s     wkB/s   wrqm/s  %wrqm w_await wareq-sz     d/s     dkB/s   drqm/s  %drqm d_await dareq-sz  aqu-sz  %util
nvme0n1          0.00      0.00     0.00   0.00    0.00     0.00 151542.00 1484292.00     0.00   0.00    0.08     9.79    0.00      0.00     0.00   0.00    0.00     0.00   12.73  71.60


Device            r/s     rkB/s   rrqm/s  %rrqm r_await rareq-sz     w/s     wkB/s   wrqm/s  %wrqm w_await wareq-sz     d/s     dkB/s   drqm/s  %drqm d_await dareq-sz  aqu-sz  %util
nvme0n1          0.00      0.00     0.00   0.00    0.00     0.00 210883.00 1994088.00     3.00   0.00    0.14     9.46    0.00      0.00     0.00   0.00    0.00     0.00   30.22  98.80


Device            r/s     rkB/s   rrqm/s  %rrqm r_await rareq-sz     w/s     wkB/s   wrqm/s  %wrqm w_await wareq-sz     d/s     dkB/s   drqm/s  %drqm d_await dareq-sz  aqu-sz  %util
nvme0n1          0.00      0.00     0.00   0.00    0.00     0.00 224682.00 2035568.00     0.00   0.00    0.08     9.06    0.00      0.00     0.00   0.00    0.00     0.00   18.43 100.00


Device            r/s     rkB/s   rrqm/s  %rrqm r_await rareq-sz     w/s     wkB/s   wrqm/s  %wrqm w_await wareq-sz     d/s     dkB/s   drqm/s  %drqm d_await dareq-sz  aqu-sz  %util
nvme0n1          0.00      0.00     0.00   0.00    0.00     0.00 209362.00 2003296.00     0.00   0.00    0.19     9.57    0.00      0.00     0.00   0.00    0.00     0.00   38.93 100.00


Device            r/s     rkB/s   rrqm/s  %rrqm r_await rareq-sz     w/s     wkB/s   wrqm/s  %wrqm w_await wareq-sz     d/s     dkB/s   drqm/s  %drqm d_await dareq-sz  aqu-sz  %util
nvme0n1          0.00      0.00     0.00   0.00    0.00     0.00 33350.00 308080.00     0.00   0.00    0.10     9.24    0.00      0.00     0.00   0.00    0.00     0.00    3.42  15.60


Device            r/s     rkB/s   rrqm/s  %rrqm r_await rareq-sz     w/s     wkB/s   wrqm/s  %wrqm w_await wareq-sz     d/s     dkB/s   drqm/s  %drqm d_await dareq-sz  aqu-sz  %util
nvme0n1          0.00      0.00     0.00   0.00    0.00     0.00 132471.00 1394116.00     0.00   0.00    0.23    10.52    0.00      0.00     0.00   0.00    0.00     0.00   30.69  70.80


Device            r/s     rkB/s   rrqm/s  %rrqm r_await rareq-sz     w/s     wkB/s   wrqm/s  %wrqm w_await wareq-sz     d/s     dkB/s   drqm/s  %drqm d_await dareq-sz  aqu-sz  %util
nvme0n1          0.00      0.00     0.00   0.00    0.00     0.00 205698.00 1937604.00     3.00   0.00    0.08     9.42    0.00      0.00     0.00   0.00    0.00     0.00   16.80  93.60


Device            r/s     rkB/s   rrqm/s  %rrqm r_await rareq-sz     w/s     wkB/s   wrqm/s  %wrqm w_await wareq-sz     d/s     dkB/s   drqm/s  %drqm d_await dareq-sz  aqu-sz  %util
nvme0n1          0.00      0.00     0.00   0.00    0.00     0.00 221012.00 1988760.00     0.00   0.00    0.13     9.00    0.00      0.00     0.00   0.00    0.00     0.00   29.40 100.00


Device            r/s     rkB/s   rrqm/s  %rrqm r_await rareq-sz     w/s     wkB/s   wrqm/s  %wrqm w_await wareq-sz     d/s     dkB/s   drqm/s  %drqm d_await dareq-sz  aqu-sz  %util
nvme0n1          0.00      0.00     0.00   0.00    0.00     0.00 220372.00 1982440.00     0.00   0.00    0.13     9.00    0.00      0.00     0.00   0.00    0.00     0.00   28.82 100.00


Device            r/s     rkB/s   rrqm/s  %rrqm r_await rareq-sz     w/s     wkB/s   wrqm/s  %wrqm w_await wareq-sz     d/s     dkB/s   drqm/s  %drqm d_await dareq-sz  aqu-sz  %util
nvme0n1          0.00      0.00     0.00   0.00    0.00     0.00 73461.00 664020.00     0.00   0.00    0.08     9.04    0.00      0.00     0.00   0.00    0.00     0.00    6.21  32.40


Device            r/s     rkB/s   rrqm/s  %rrqm r_await rareq-sz     w/s     wkB/s   wrqm/s  %wrqm w_await wareq-sz     d/s     dkB/s   drqm/s  %drqm d_await dareq-sz  aqu-sz  %util
nvme0n1          0.00      0.00     0.00   0.00    0.00     0.00 102837.00 1205724.00     0.00   0.00    0.32    11.72    0.00      0.00     0.00   0.00    0.00     0.00   32.93  58.40


Device            r/s     rkB/s   rrqm/s  %rrqm r_await rareq-sz     w/s     wkB/s   wrqm/s  %wrqm w_await wareq-sz     d/s     dkB/s   drqm/s  %drqm d_await dareq-sz  aqu-sz  %util
nvme0n1          0.00      0.00     0.00   0.00    0.00     0.00 184124.00 1801744.00     3.00   0.00    0.16     9.79    0.00      0.00     0.00   0.00    0.00     0.00   29.83  90.00


Device            r/s     rkB/s   rrqm/s  %rrqm r_await rareq-sz     w/s     wkB/s   wrqm/s  %wrqm w_await wareq-sz     d/s     dkB/s   drqm/s  %drqm d_await dareq-sz  aqu-sz  %util
nvme0n1          0.00      0.00     0.00   0.00    0.00     0.00 222457.00 2056392.00     0.00   0.00    0.08     9.24    0.00      0.00     0.00   0.00    0.00     0.00   17.80 100.00


Device            r/s     rkB/s   rrqm/s  %rrqm r_await rareq-sz     w/s     wkB/s   wrqm/s  %wrqm w_await wareq-sz     d/s     dkB/s   drqm/s  %drqm d_await dareq-sz  aqu-sz  %util
nvme0n1          0.00      0.00     0.00   0.00    0.00     0.00 217024.00 2000004.00     0.00   0.00    0.15     9.22    0.00      0.00     0.00   0.00    0.00     0.00   31.77 100.00


Device            r/s     rkB/s   rrqm/s  %rrqm r_await rareq-sz     w/s     wkB/s   wrqm/s  %wrqm w_await wareq-sz     d/s     dkB/s   drqm/s  %drqm d_await dareq-sz  aqu-sz  %util
nvme0n1          0.00      0.00     0.00   0.00    0.00     0.00 91742.00 842472.00     0.00   0.00    0.08     9.18    0.00      0.00     0.00   0.00    0.00     0.00    7.29  40.80


Device            r/s     rkB/s   rrqm/s  %rrqm r_await rareq-sz     w/s     wkB/s   wrqm/s  %wrqm w_await wareq-sz     d/s     dkB/s   drqm/s  %drqm d_await dareq-sz  aqu-sz  %util
nvme0n1          0.00      0.00     0.00   0.00    0.00     0.00 92981.00 972152.00     0.00   0.00    0.28    10.46    0.00      0.00     0.00   0.00    0.00     0.00   26.28  52.00


Device            r/s     rkB/s   rrqm/s  %rrqm r_await rareq-sz     w/s     wkB/s   wrqm/s  %wrqm w_await wareq-sz     d/s     dkB/s   drqm/s  %drqm d_await dareq-sz  aqu-sz  %util
nvme0n1          0.00      0.00     0.00   0.00    0.00     0.00 176645.00 1808132.00     3.00   0.00    0.11    10.24    0.00      0.00     0.00   0.00    0.00     0.00   19.72  86.80


Device            r/s     rkB/s   rrqm/s  %rrqm r_await rareq-sz     w/s     wkB/s   wrqm/s  %wrqm w_await wareq-sz     d/s     dkB/s   drqm/s  %drqm d_await dareq-sz  aqu-sz  %util
nvme0n1          0.00      0.00     0.00   0.00    0.00     0.00 217279.00 2007916.00     0.00   0.00    0.14     9.24    0.00      0.00     0.00   0.00    0.00     0.00   30.55 100.00


Device            r/s     rkB/s   rrqm/s  %rrqm r_await rareq-sz     w/s     wkB/s   wrqm/s  %wrqm w_await wareq-sz     d/s     dkB/s   drqm/s  %drqm d_await dareq-sz  aqu-sz  %util
nvme0n1          0.00      0.00     0.00   0.00    0.00     0.00 225200.00 2074888.00     0.00   0.00    0.08     9.21    0.00      0.00     0.00   0.00    0.00     0.00   17.92 100.00


Device            r/s     rkB/s   rrqm/s  %rrqm r_await rareq-sz     w/s     wkB/s   wrqm/s  %wrqm w_await wareq-sz     d/s     dkB/s   drqm/s  %drqm d_await dareq-sz  aqu-sz  %util
nvme0n1          0.00      0.00     0.00   0.00    0.00     0.00 119463.00 1103492.00     0.00   0.00    0.20     9.24    0.00      0.00     0.00   0.00    0.00     0.00   23.43  57.20


Device            r/s     rkB/s   rrqm/s  %rrqm r_await rareq-sz     w/s     wkB/s   wrqm/s  %wrqm w_await wareq-sz     d/s     dkB/s   drqm/s  %drqm d_await dareq-sz  aqu-sz  %util
nvme0n1          0.00      0.00     0.00   0.00    0.00     0.00 76100.00 790476.00     0.00   0.00    0.12    10.39    0.00      0.00     0.00   0.00    0.00     0.00    9.24  38.40


Device            r/s     rkB/s   rrqm/s  %rrqm r_await rareq-sz     w/s     wkB/s   wrqm/s  %wrqm w_await wareq-sz     d/s     dkB/s   drqm/s  %drqm d_await dareq-sz  aqu-sz  %util
nvme0n1          0.00      0.00     0.00   0.00    0.00     0.00 166192.00 1440952.00     3.00   0.00    0.08     8.67    0.00      0.00     0.00   0.00    0.00     0.00   13.51  77.20

