randwrite: (g=0): rw=randwrite, bs=(R) 4096B-4096B, (W) 4096B-4096B, (T) 4096B-4096B, ioengine=psync, iodepth=1
...
fio-3.16
Starting 4 processes

randwrite: (groupid=0, jobs=4): err= 0: pid=125854: Mon Oct 27 03:37:03 2025
  write: IOPS=113k, BW=441MiB/s (462MB/s)(512MiB/1162msec); 0 zone resets
    clat (usec): min=5, max=7773, avg=29.22, stdev=73.47
     lat (usec): min=6, max=7773, avg=29.30, stdev=73.48
    clat percentiles (usec):
     |  1.00th=[   11],  5.00th=[   13], 10.00th=[   14], 20.00th=[   16],
     | 30.00th=[   18], 40.00th=[   20], 50.00th=[   23], 60.00th=[   25],
     | 70.00th=[   29], 80.00th=[   35], 90.00th=[   45], 95.00th=[   61],
     | 99.00th=[  113], 99.50th=[  145], 99.90th=[  478], 99.95th=[  799],
     | 99.99th=[ 3687]
   bw (  KiB/s): min=514216, max=514216, per=100.00%, avg=514216.00, stdev= 0.00, samples=4
   iops        : min=128554, max=128554, avg=128554.00, stdev= 0.00, samples=4
  lat (usec)   : 10=0.39%, 20=40.81%, 50=51.31%, 100=6.05%, 250=1.21%
  lat (usec)   : 500=0.13%, 750=0.04%, 1000=0.01%
  lat (msec)   : 2=0.01%, 4=0.04%, 10=0.01%
  cpu          : usr=2.29%, sys=33.17%, ctx=133285, majf=0, minf=45
  IO depths    : 1=100.0%, 2=0.0%, 4=0.0%, 8=0.0%, 16=0.0%, 32=0.0%, >=64=0.0%
     submit    : 0=0.0%, 4=100.0%, 8=0.0%, 16=0.0%, 32=0.0%, 64=0.0%, >=64=0.0%
     complete  : 0=0.0%, 4=100.0%, 8=0.0%, 16=0.0%, 32=0.0%, 64=0.0%, >=64=0.0%
     issued rwts: total=0,131072,0,4 short=0,0,0,0 dropped=0,0,0,0
     latency   : target=0, window=0, percentile=100.00%, depth=1

Run status group 0 (all jobs):
  WRITE: bw=441MiB/s (462MB/s), 441MiB/s-441MiB/s (462MB/s-462MB/s), io=512MiB (537MB), run=1162-1162msec
