randwrite: (g=0): rw=randwrite, bs=(R) 4096B-4096B, (W) 4096B-4096B, (T) 4096B-4096B, ioengine=psync, iodepth=1
...
fio-3.16
Starting 8 processes

randwrite: (groupid=0, jobs=8): err= 0: pid=126014: Mon Oct 27 03:37:24 2025
  write: IOPS=162k, BW=631MiB/s (662MB/s)(1024MiB/1623msec); 0 zone resets
    clat (usec): min=6, max=8502, avg=41.98, stdev=127.27
     lat (usec): min=6, max=8502, avg=42.08, stdev=127.27
    clat percentiles (usec):
     |  1.00th=[   12],  5.00th=[   15], 10.00th=[   18], 20.00th=[   22],
     | 30.00th=[   25], 40.00th=[   28], 50.00th=[   31], 60.00th=[   35],
     | 70.00th=[   40], 80.00th=[   47], 90.00th=[   62], 95.00th=[   86],
     | 99.00th=[  143], 99.50th=[  192], 99.90th=[ 2868], 99.95th=[ 3687],
     | 99.99th=[ 4359]
   bw (  KiB/s): min=699520, max=832216, per=100.00%, avg=765868.00, stdev=8775.52, samples=16
   iops        : min=174880, max=208054, avg=191467.00, stdev=2193.88, samples=16
  lat (usec)   : 10=0.25%, 20=16.71%, 50=66.64%, 100=13.08%, 250=2.95%
  lat (usec)   : 500=0.15%, 750=0.06%, 1000=0.03%
  lat (msec)   : 2=0.02%, 4=0.09%, 10=0.03%
  cpu          : usr=2.06%, sys=33.62%, ctx=268069, majf=0, minf=69
  IO depths    : 1=100.0%, 2=0.0%, 4=0.0%, 8=0.0%, 16=0.0%, 32=0.0%, >=64=0.0%
     submit    : 0=0.0%, 4=100.0%, 8=0.0%, 16=0.0%, 32=0.0%, 64=0.0%, >=64=0.0%
     complete  : 0=0.0%, 4=100.0%, 8=0.0%, 16=0.0%, 32=0.0%, 64=0.0%, >=64=0.0%
     issued rwts: total=0,262144,0,8 short=0,0,0,0 dropped=0,0,0,0
     latency   : target=0, window=0, percentile=100.00%, depth=1

Run status group 0 (all jobs):
  WRITE: bw=631MiB/s (662MB/s), 631MiB/s-631MiB/s (662MB/s-662MB/s), io=1024MiB (1074MB), run=1623-1623msec
