randwrite: (g=0): rw=randwrite, bs=(R) 128KiB-128KiB, (W) 128KiB-128KiB, (T) 128KiB-128KiB, ioengine=psync, iodepth=1
...
fio-3.16
Starting 2 processes

randwrite: (groupid=0, jobs=2): err= 0: pid=286150: Mon Oct 27 08:26:25 2025
  write: IOPS=4511, BW=564MiB/s (591MB/s)(256MiB/454msec); 0 zone resets
    clat (usec): min=44, max=9427, avg=334.23, stdev=351.03
     lat (usec): min=45, max=9430, avg=335.65, stdev=351.44
    clat percentiles (usec):
     |  1.00th=[  109],  5.00th=[  129], 10.00th=[  143], 20.00th=[  167],
     | 30.00th=[  182], 40.00th=[  200], 50.00th=[  223], 60.00th=[  262],
     | 70.00th=[  359], 80.00th=[  498], 90.00th=[  603], 95.00th=[  709],
     | 99.00th=[ 1598], 99.50th=[ 1975], 99.90th=[ 3163], 99.95th=[ 4228],
     | 99.99th=[ 9372]
  lat (usec)   : 50=0.05%, 100=0.63%, 250=57.86%, 500=21.73%, 750=15.82%
  lat (usec)   : 1000=1.66%
  lat (msec)   : 2=1.81%, 4=0.34%, 10=0.10%
  cpu          : usr=0.33%, sys=35.21%, ctx=2724, majf=0, minf=23
  IO depths    : 1=100.1%, 2=0.0%, 4=0.0%, 8=0.0%, 16=0.0%, 32=0.0%, >=64=0.0%
     submit    : 0=0.0%, 4=100.0%, 8=0.0%, 16=0.0%, 32=0.0%, 64=0.0%, >=64=0.0%
     complete  : 0=0.0%, 4=100.0%, 8=0.0%, 16=0.0%, 32=0.0%, 64=0.0%, >=64=0.0%
     issued rwts: total=0,2048,0,2 short=0,0,0,0 dropped=0,0,0,0
     latency   : target=0, window=0, percentile=100.00%, depth=1

Run status group 0 (all jobs):
  WRITE: bw=564MiB/s (591MB/s), 564MiB/s-564MiB/s (591MB/s-591MB/s), io=256MiB (268MB), run=454-454msec
