read: (g=0): rw=read, bs=(R) 4096B-4096B, (W) 4096B-4096B, (T) 4096B-4096B, ioengine=psync, iodepth=1
...
fio-3.16
Starting 32 processes

read: (groupid=0, jobs=32): err= 0: pid=280597: Mon Oct 27 08:17:13 2025
  read: IOPS=281k, BW=1098MiB/s (1151MB/s)(4096MiB/3732msec)
    clat (nsec): min=396, max=109454k, avg=106847.63, stdev=1409044.30
     lat (nsec): min=423, max=109454k, avg=106965.57, stdev=1409118.99
    clat percentiles (nsec):
     |  1.00th=[     748],  5.00th=[    1240], 10.00th=[    1752],
     | 20.00th=[    2704], 30.00th=[    3568], 40.00th=[    4384],
     | 50.00th=[    5280], 60.00th=[    6176], 70.00th=[    7264],
     | 80.00th=[    8896], 90.00th=[   12224], 95.00th=[   17536],
     | 99.00th=[ 1810432], 99.50th=[ 5406720], 99.90th=[21889024],
     | 99.95th=[31064064], 99.99th=[54263808]
   bw (  MiB/s): min=  903, max= 1387, per=100.00%, avg=1132.27, stdev= 5.22, samples=214
   iops        : min=231406, max=355138, avg=289858.29, stdev=1336.21, samples=214
  lat (nsec)   : 500=0.11%, 750=0.90%, 1000=1.71%
  lat (usec)   : 2=9.94%, 4=22.48%, 10=49.41%, 20=11.40%, 50=2.10%
  lat (usec)   : 100=0.11%, 250=0.10%, 500=0.10%, 750=0.23%, 1000=0.17%
  lat (msec)   : 2=0.30%, 4=0.33%, 10=0.33%, 20=0.17%, 50=0.10%
  lat (msec)   : 100=0.01%, 250=0.01%
  cpu          : usr=0.91%, sys=20.62%, ctx=49039, majf=0, minf=345
  IO depths    : 1=100.0%, 2=0.0%, 4=0.0%, 8=0.0%, 16=0.0%, 32=0.0%, >=64=0.0%
     submit    : 0=0.0%, 4=100.0%, 8=0.0%, 16=0.0%, 32=0.0%, 64=0.0%, >=64=0.0%
     complete  : 0=0.0%, 4=100.0%, 8=0.0%, 16=0.0%, 32=0.0%, 64=0.0%, >=64=0.0%
     issued rwts: total=1048576,0,0,0 short=0,0,0,0 dropped=0,0,0,0
     latency   : target=0, window=0, percentile=100.00%, depth=1

Run status group 0 (all jobs):
   READ: bw=1098MiB/s (1151MB/s), 1098MiB/s-1098MiB/s (1151MB/s-1151MB/s), io=4096MiB (4295MB), run=3732-3732msec
