read: (g=0): rw=read, bs=(R) 4096B-4096B, (W) 4096B-4096B, (T) 4096B-4096B, ioengine=psync, iodepth=1
...
fio-3.16
Starting 4 processes

read: (groupid=0, jobs=4): err= 0: pid=280025: Mon Oct 27 08:16:10 2025
  read: IOPS=130k, BW=509MiB/s (534MB/s)(512MiB/1005msec)
    clat (nsec): min=424, max=21842k, avg=28906.94, stdev=288344.84
     lat (nsec): min=452, max=21842k, avg=28988.48, stdev=288393.37
    clat percentiles (nsec):
     |  1.00th=[     716],  5.00th=[     956], 10.00th=[    1128],
     | 20.00th=[    1560], 30.00th=[    2064], 40.00th=[    2704],
     | 50.00th=[    3408], 60.00th=[    4192], 70.00th=[    5024],
     | 80.00th=[    5984], 90.00th=[    7648], 95.00th=[    9920],
     | 99.00th=[  823296], 99.50th=[ 1286144], 99.90th=[ 3883008],
     | 99.95th=[ 5734400], 99.99th=[10289152]
   bw (  KiB/s): min=541064, max=558400, per=100.00%, avg=549732.00, stdev=6129.20, samples=5
   iops        : min=135266, max=139600, avg=137433.00, stdev=1532.30, samples=5
  lat (nsec)   : 500=0.02%, 750=1.42%, 1000=4.75%
  lat (usec)   : 2=22.66%, 4=28.71%, 10=37.46%, 20=2.21%, 50=0.26%
  lat (usec)   : 100=0.44%, 250=0.29%, 500=0.21%, 750=0.45%, 1000=0.33%
  lat (msec)   : 2=0.55%, 4=0.14%, 10=0.08%, 20=0.01%, 50=0.01%
  cpu          : usr=2.14%, sys=46.65%, ctx=5496, majf=0, minf=43
  IO depths    : 1=100.0%, 2=0.0%, 4=0.0%, 8=0.0%, 16=0.0%, 32=0.0%, >=64=0.0%
     submit    : 0=0.0%, 4=100.0%, 8=0.0%, 16=0.0%, 32=0.0%, 64=0.0%, >=64=0.0%
     complete  : 0=0.0%, 4=100.0%, 8=0.0%, 16=0.0%, 32=0.0%, 64=0.0%, >=64=0.0%
     issued rwts: total=131072,0,0,0 short=0,0,0,0 dropped=0,0,0,0
     latency   : target=0, window=0, percentile=100.00%, depth=1

Run status group 0 (all jobs):
   READ: bw=509MiB/s (534MB/s), 509MiB/s-509MiB/s (534MB/s-534MB/s), io=512MiB (537MB), run=1005-1005msec
