read: (g=0): rw=read, bs=(R) 4096B-4096B, (W) 4096B-4096B, (T) 4096B-4096B, ioengine=psync, iodepth=1
...
fio-3.16
Starting 2 processes

read: (groupid=0, jobs=2): err= 0: pid=119329: Mon Oct 27 03:26:03 2025
  read: IOPS=98.3k, BW=384MiB/s (402MB/s)(256MiB/667msec)
    clat (nsec): min=398, max=32061k, avg=19584.10, stdev=342992.65
     lat (nsec): min=424, max=32061k, avg=19630.91, stdev=342992.59
    clat percentiles (nsec):
     |  1.00th=[     628],  5.00th=[     716], 10.00th=[     820],
     | 20.00th=[    1032], 30.00th=[    1256], 40.00th=[    1544],
     | 50.00th=[    1912], 60.00th=[    2384], 70.00th=[    3056],
     | 80.00th=[    4016], 90.00th=[    5472], 95.00th=[    6880],
     | 99.00th=[  460800], 99.50th=[  700416], 99.90th=[ 2375680],
     | 99.95th=[ 5734400], 99.99th=[18481152]
   bw (  KiB/s): min=391600, max=391600, per=99.64%, avg=391600.00, stdev= 0.00, samples=2
   iops        : min=97900, max=97900, avg=97900.00, stdev= 0.00, samples=2
  lat (nsec)   : 500=0.16%, 750=6.50%, 1000=11.61%
  lat (usec)   : 2=33.92%, 4=27.63%, 10=17.81%, 20=0.40%, 50=0.18%
  lat (usec)   : 100=0.17%, 250=0.22%, 500=0.50%, 750=0.48%, 1000=0.19%
  lat (msec)   : 2=0.13%, 4=0.04%, 10=0.04%, 20=0.02%, 50=0.01%
  cpu          : usr=3.51%, sys=40.03%, ctx=1486, majf=0, minf=24
  IO depths    : 1=100.0%, 2=0.0%, 4=0.0%, 8=0.0%, 16=0.0%, 32=0.0%, >=64=0.0%
     submit    : 0=0.0%, 4=100.0%, 8=0.0%, 16=0.0%, 32=0.0%, 64=0.0%, >=64=0.0%
     complete  : 0=0.0%, 4=100.0%, 8=0.0%, 16=0.0%, 32=0.0%, 64=0.0%, >=64=0.0%
     issued rwts: total=65536,0,0,0 short=0,0,0,0 dropped=0,0,0,0
     latency   : target=0, window=0, percentile=100.00%, depth=1

Run status group 0 (all jobs):
   READ: bw=384MiB/s (402MB/s), 384MiB/s-384MiB/s (402MB/s-402MB/s), io=256MiB (268MB), run=667-667msec
