read: (g=0): rw=read, bs=(R) 128KiB-128KiB, (W) 128KiB-128KiB, (T) 128KiB-128KiB, ioengine=psync, iodepth=1
fio-3.16
Starting 1 process

read: (groupid=0, jobs=1): err= 0: pid=280785: Mon Oct 27 08:17:33 2025
  read: IOPS=1450, BW=181MiB/s (190MB/s)(128MiB/706msec)
    clat (usec): min=13, max=21082, avg=684.91, stdev=1668.97
     lat (usec): min=13, max=21082, avg=685.03, stdev=1668.95
    clat percentiles (usec):
     |  1.00th=[   19],  5.00th=[   25], 10.00th=[   34], 20.00th=[   49],
     | 30.00th=[   78], 40.00th=[  123], 50.00th=[  258], 60.00th=[  474],
     | 70.00th=[  627], 80.00th=[  807], 90.00th=[ 1156], 95.00th=[ 2638],
     | 99.00th=[ 8717], 99.50th=[13566], 99.90th=[20055], 99.95th=[21103],
     | 99.99th=[21103]
   bw (  KiB/s): min=175872, max=175872, per=94.73%, avg=175872.00, stdev= 0.00, samples=1
   iops        : min= 1374, max= 1374, avg=1374.00, stdev= 0.00, samples=1
  lat (usec)   : 20=2.05%, 50=18.85%, 100=13.96%, 250=14.75%, 500=12.01%
  lat (usec)   : 750=15.14%, 1000=10.25%
  lat (msec)   : 2=7.03%, 4=3.03%, 10=2.05%, 20=0.78%, 50=0.10%
  cpu          : usr=0.43%, sys=38.72%, ctx=1076, majf=0, minf=42
  IO depths    : 1=100.0%, 2=0.0%, 4=0.0%, 8=0.0%, 16=0.0%, 32=0.0%, >=64=0.0%
     submit    : 0=0.0%, 4=100.0%, 8=0.0%, 16=0.0%, 32=0.0%, 64=0.0%, >=64=0.0%
     complete  : 0=0.0%, 4=100.0%, 8=0.0%, 16=0.0%, 32=0.0%, 64=0.0%, >=64=0.0%
     issued rwts: total=1024,0,0,0 short=0,0,0,0 dropped=0,0,0,0
     latency   : target=0, window=0, percentile=100.00%, depth=1

Run status group 0 (all jobs):
   READ: bw=181MiB/s (190MB/s), 181MiB/s-181MiB/s (190MB/s-190MB/s), io=128MiB (134MB), run=706-706msec
