write: (g=0): rw=write, bs=(R) 128KiB-128KiB, (W) 128KiB-128KiB, (T) 128KiB-128KiB, ioengine=psync, iodepth=1
...
fio-3.16
Starting 8 processes

write: (groupid=0, jobs=8): err= 0: pid=124869: Mon Oct 27 03:35:17 2025
  write: IOPS=5728, BW=716MiB/s (751MB/s)(1024MiB/1430msec); 0 zone resets
    clat (usec): min=140, max=13578, avg=1035.37, stdev=932.77
     lat (usec): min=141, max=13587, avg=1043.86, stdev=934.18
    clat percentiles (usec):
     |  1.00th=[  202],  5.00th=[  433], 10.00th=[  515], 20.00th=[  627],
     | 30.00th=[  709], 40.00th=[  775], 50.00th=[  840], 60.00th=[  906],
     | 70.00th=[  979], 80.00th=[ 1074], 90.00th=[ 1270], 95.00th=[ 3097],
     | 99.00th=[ 5211], 99.50th=[ 5538], 99.90th=[ 8291], 99.95th=[ 9110],
     | 99.99th=[13566]
   bw (  KiB/s): min=927488, max=986112, per=100.00%, avg=956800.00, stdev=4202.61, samples=16
   iops        : min= 7246, max= 7704, avg=7475.00, stdev=32.83, samples=16
  lat (usec)   : 250=1.25%, 500=7.63%, 750=27.67%, 1000=35.95%
  lat (msec)   : 2=21.95%, 4=1.50%, 10=4.03%, 20=0.02%
  cpu          : usr=0.85%, sys=33.06%, ctx=13826, majf=0, minf=88
  IO depths    : 1=100.1%, 2=0.0%, 4=0.0%, 8=0.0%, 16=0.0%, 32=0.0%, >=64=0.0%
     submit    : 0=0.0%, 4=100.0%, 8=0.0%, 16=0.0%, 32=0.0%, 64=0.0%, >=64=0.0%
     complete  : 0=0.0%, 4=100.0%, 8=0.0%, 16=0.0%, 32=0.0%, 64=0.0%, >=64=0.0%
     issued rwts: total=0,8192,0,8 short=0,0,0,0 dropped=0,0,0,0
     latency   : target=0, window=0, percentile=100.00%, depth=1

Run status group 0 (all jobs):
  WRITE: bw=716MiB/s (751MB/s), 716MiB/s-716MiB/s (751MB/s-751MB/s), io=1024MiB (1074MB), run=1430-1430msec
