randread: (g=0): rw=randread, bs=(R) 4096B-4096B, (W) 4096B-4096B, (T) 4096B-4096B, ioengine=psync, iodepth=1
...
fio-3.16
Starting 16 processes

randread: (groupid=0, jobs=16): err= 0: pid=224707: Thu Oct 30 15:19:37 2025
  read: IOPS=2997k, BW=11.4GiB/s (12.3GB/s)(343GiB/30002msec)
    clat (nsec): min=348, max=8179.0k, avg=5073.59, stdev=13802.99
     lat (nsec): min=376, max=8179.0k, avg=5103.82, stdev=13808.30
    clat percentiles (nsec):
     |  1.00th=[  1304],  5.00th=[  1560], 10.00th=[  1720], 20.00th=[  1928],
     | 30.00th=[  2096], 40.00th=[  2256], 50.00th=[  2384], 60.00th=[  2544],
     | 70.00th=[  2736], 80.00th=[  2960], 90.00th=[  3440], 95.00th=[  9408],
     | 99.00th=[ 76288], 99.50th=[ 85504], 99.90th=[110080], 99.95th=[121344],
     | 99.99th=[150528]
   bw (  MiB/s): min=  859, max=24652, per=98.77%, avg=11562.78, stdev=639.94, samples=949
   iops        : min=220084, max=6310938, avg=2960072.10, stdev=163823.70, samples=949
  lat (nsec)   : 500=0.03%, 750=0.01%, 1000=0.02%
  lat (usec)   : 2=24.16%, 4=69.47%, 10=1.32%, 20=0.39%, 50=1.65%
  lat (usec)   : 100=2.77%, 250=0.18%, 500=0.01%, 750=0.01%, 1000=0.01%
  lat (msec)   : 2=0.01%, 4=0.01%, 10=0.01%
  cpu          : usr=7.18%, sys=51.23%, ctx=4949991, majf=0, minf=553
  IO depths    : 1=100.0%, 2=0.0%, 4=0.0%, 8=0.0%, 16=0.0%, 32=0.0%, >=64=0.0%
     submit    : 0=0.0%, 4=100.0%, 8=0.0%, 16=0.0%, 32=0.0%, 64=0.0%, >=64=0.0%
     complete  : 0=0.0%, 4=100.0%, 8=0.0%, 16=0.0%, 32=0.0%, 64=0.0%, >=64=0.0%
     issued rwts: total=89918530,0,0,0 short=0,0,0,0 dropped=0,0,0,0
     latency   : target=0, window=0, percentile=100.00%, depth=1

Run status group 0 (all jobs):
   READ: bw=11.4GiB/s (12.3GB/s), 11.4GiB/s-11.4GiB/s (12.3GB/s-12.3GB/s), io=343GiB (368GB), run=30002-30002msec
