randread: (g=0): rw=randread, bs=(R) 4096B-4096B, (W) 4096B-4096B, (T) 4096B-4096B, ioengine=psync, iodepth=1
...
fio-3.16
Starting 2 processes

randread: (groupid=0, jobs=2): err= 0: pid=223782: Thu Oct 30 15:18:02 2025
  read: IOPS=942k, BW=3680MiB/s (3859MB/s)(108GiB/30001msec)
    clat (nsec): min=341, max=8101.8k, avg=1872.07, stdev=7667.77
     lat (nsec): min=369, max=8102.1k, avg=1899.94, stdev=7668.96
    clat percentiles (nsec):
     |  1.00th=[  804],  5.00th=[  852], 10.00th=[  868], 20.00th=[  892],
     | 30.00th=[  908], 40.00th=[  932], 50.00th=[  956], 60.00th=[  980],
     | 70.00th=[ 1020], 80.00th=[ 1096], 90.00th=[ 1240], 95.00th=[ 1400],
     | 99.00th=[58624], 99.50th=[63744], 99.90th=[71168], 99.95th=[79360],
     | 99.99th=[95744]
   bw (  MiB/s): min=  124, max= 6423, per=98.75%, avg=3633.90, stdev=1468.90, samples=118
   iops        : min=31834, max=1644436, avg=930277.20, stdev=376039.11, samples=118
  lat (nsec)   : 500=0.05%, 750=0.13%, 1000=64.63%
  lat (usec)   : 2=33.07%, 4=0.16%, 10=0.11%, 20=0.35%, 50=0.37%
  lat (usec)   : 100=1.14%, 250=0.01%, 500=0.01%, 750=0.01%, 1000=0.01%
  lat (msec)   : 2=0.01%, 4=0.01%, 10=0.01%
  cpu          : usr=17.89%, sys=48.81%, ctx=540117, majf=0, minf=34
  IO depths    : 1=100.0%, 2=0.0%, 4=0.0%, 8=0.0%, 16=0.0%, 32=0.0%, >=64=0.0%
     submit    : 0=0.0%, 4=100.0%, 8=0.0%, 16=0.0%, 32=0.0%, 64=0.0%, >=64=0.0%
     complete  : 0=0.0%, 4=100.0%, 8=0.0%, 16=0.0%, 32=0.0%, 64=0.0%, >=64=0.0%
     issued rwts: total=28262594,0,0,0 short=0,0,0,0 dropped=0,0,0,0
     latency   : target=0, window=0, percentile=100.00%, depth=1

Run status group 0 (all jobs):
   READ: bw=3680MiB/s (3859MB/s), 3680MiB/s-3680MiB/s (3859MB/s-3859MB/s), io=108GiB (116GB), run=30001-30001msec
