randread: (g=0): rw=randread, bs=(R) 128KiB-128KiB, (W) 128KiB-128KiB, (T) 128KiB-128KiB, ioengine=psync, iodepth=1
...
fio-3.16
Starting 8 processes

randread: (groupid=0, jobs=8): err= 0: pid=51746: Thu Oct 30 02:04:13 2025
  read: IOPS=32.0k, BW=4121MiB/s (4321MB/s)(4096MiB/994msec)
    clat (usec): min=6, max=12340, avg=237.77, stdev=229.64
     lat (usec): min=6, max=12340, avg=237.83, stdev=229.64
    clat percentiles (usec):
     |  1.00th=[   17],  5.00th=[   23], 10.00th=[   26], 20.00th=[   32],
     | 30.00th=[   39], 40.00th=[  273], 50.00th=[  314], 60.00th=[  334],
     | 70.00th=[  351], 80.00th=[  375], 90.00th=[  404], 95.00th=[  433],
     | 99.00th=[  490], 99.50th=[  515], 99.90th=[  570], 99.95th=[  619],
     | 99.99th=[ 8455]
   bw (  MiB/s): min= 3303, max= 3303, per=80.17%, avg=3303.75, stdev= 0.00, samples=8
   iops        : min=26430, max=26430, avg=26430.00, stdev= 0.00, samples=8
  lat (usec)   : 10=0.03%, 20=3.15%, 50=31.71%, 100=1.50%, 250=1.59%
  lat (usec)   : 500=61.31%, 750=0.67%
  lat (msec)   : 4=0.01%, 10=0.03%, 20=0.01%
  cpu          : usr=0.23%, sys=26.57%, ctx=24017, majf=0, minf=327
  IO depths    : 1=100.0%, 2=0.0%, 4=0.0%, 8=0.0%, 16=0.0%, 32=0.0%, >=64=0.0%
     submit    : 0=0.0%, 4=100.0%, 8=0.0%, 16=0.0%, 32=0.0%, 64=0.0%, >=64=0.0%
     complete  : 0=0.0%, 4=100.0%, 8=0.0%, 16=0.0%, 32=0.0%, 64=0.0%, >=64=0.0%
     issued rwts: total=32768,0,0,0 short=0,0,0,0 dropped=0,0,0,0
     latency   : target=0, window=0, percentile=100.00%, depth=1

Run status group 0 (all jobs):
   READ: bw=4121MiB/s (4321MB/s), 4121MiB/s-4121MiB/s (4321MB/s-4321MB/s), io=4096MiB (4295MB), run=994-994msec
