randwrite: (g=0): rw=randwrite, bs=(R) 128KiB-128KiB, (W) 128KiB-128KiB, (T) 128KiB-128KiB, ioengine=psync, iodepth=1
...
fio-3.16
Starting 32 processes

randwrite: (groupid=0, jobs=32): err= 0: pid=52760: Thu Oct 30 02:05:04 2025
  write: IOPS=29.6k, BW=3705MiB/s (3885MB/s)(16.0GiB/4422msec); 0 zone resets
    clat (usec): min=39, max=29188, avg=401.55, stdev=359.68
     lat (usec): min=40, max=29189, avg=403.00, stdev=359.89
    clat percentiles (usec):
     |  1.00th=[   96],  5.00th=[  116], 10.00th=[  141], 20.00th=[  198],
     | 30.00th=[  237], 40.00th=[  281], 50.00th=[  330], 60.00th=[  400],
     | 70.00th=[  515], 80.00th=[  611], 90.00th=[  709], 95.00th=[  807],
     | 99.00th=[ 1037], 99.50th=[ 1188], 99.90th=[ 2737], 99.95th=[ 4293],
     | 99.99th=[14877]
   bw (  MiB/s): min= 7282, max=11635, per=100.00%, avg=9159.04, stdev=79.51, samples=88
   iops        : min=58255, max=93078, avg=73270.50, stdev=636.02, samples=88
  lat (usec)   : 50=0.01%, 100=1.78%, 250=31.76%, 500=34.92%, 750=24.17%
  lat (usec)   : 1000=6.07%
  lat (msec)   : 2=1.17%, 4=0.07%, 10=0.03%, 20=0.02%, 50=0.01%
  cpu          : usr=0.32%, sys=14.77%, ctx=3198732, majf=0, minf=288
  IO depths    : 1=100.0%, 2=0.0%, 4=0.0%, 8=0.0%, 16=0.0%, 32=0.0%, >=64=0.0%
     submit    : 0=0.0%, 4=100.0%, 8=0.0%, 16=0.0%, 32=0.0%, 64=0.0%, >=64=0.0%
     complete  : 0=0.0%, 4=100.0%, 8=0.0%, 16=0.0%, 32=0.0%, 64=0.0%, >=64=0.0%
     issued rwts: total=0,131072,0,32 short=0,0,0,0 dropped=0,0,0,0
     latency   : target=0, window=0, percentile=100.00%, depth=1

Run status group 0 (all jobs):
  WRITE: bw=3705MiB/s (3885MB/s), 3705MiB/s-3705MiB/s (3885MB/s-3885MB/s), io=16.0GiB (17.2GB), run=4422-4422msec
