randwrite: (g=0): rw=randwrite, bs=(R) 4096B-4096B, (W) 4096B-4096B, (T) 4096B-4096B, ioengine=psync, iodepth=1
...
fio-3.16
Starting 4 processes

randwrite: (groupid=0, jobs=4): err= 0: pid=19986: Thu Oct 30 01:19:28 2025
  write: IOPS=278k, BW=1085MiB/s (1137MB/s)(512MiB/472msec); 0 zone resets
    clat (usec): min=5, max=502, avg=10.84, stdev= 2.53
     lat (usec): min=5, max=502, avg=10.90, stdev= 2.53
    clat percentiles (nsec):
     |  1.00th=[ 7904],  5.00th=[ 8384], 10.00th=[ 8768], 20.00th=[ 9280],
     | 30.00th=[ 9792], 40.00th=[10176], 50.00th=[10432], 60.00th=[10944],
     | 70.00th=[11456], 80.00th=[12096], 90.00th=[12992], 95.00th=[13760],
     | 99.00th=[20608], 99.50th=[21632], 99.90th=[28544], 99.95th=[32640],
     | 99.99th=[36096]
  lat (usec)   : 10=34.62%, 20=64.23%, 50=1.15%, 100=0.01%, 750=0.01%
  cpu          : usr=2.99%, sys=28.73%, ctx=131097, majf=0, minf=36
  IO depths    : 1=100.0%, 2=0.0%, 4=0.0%, 8=0.0%, 16=0.0%, 32=0.0%, >=64=0.0%
     submit    : 0=0.0%, 4=100.0%, 8=0.0%, 16=0.0%, 32=0.0%, 64=0.0%, >=64=0.0%
     complete  : 0=0.0%, 4=100.0%, 8=0.0%, 16=0.0%, 32=0.0%, 64=0.0%, >=64=0.0%
     issued rwts: total=0,131072,0,4 short=0,0,0,0 dropped=0,0,0,0
     latency   : target=0, window=0, percentile=100.00%, depth=1

Run status group 0 (all jobs):
  WRITE: bw=1085MiB/s (1137MB/s), 1085MiB/s-1085MiB/s (1137MB/s-1137MB/s), io=512MiB (537MB), run=472-472msec
