randread: (g=0): rw=randread, bs=(R) 4096B-4096B, (W) 4096B-4096B, (T) 4096B-4096B, ioengine=psync, iodepth=1
...
fio-3.16
Starting 4 processes

randread: (groupid=0, jobs=4): err= 0: pid=224261: Thu Oct 30 15:18:33 2025
  read: IOPS=1691k, BW=6604MiB/s (6924MB/s)(193GiB/30002msec)
    clat (nsec): min=347, max=8110.8k, avg=2128.43, stdev=8169.94
     lat (nsec): min=376, max=8111.1k, avg=2156.30, stdev=8171.76
    clat percentiles (nsec):
     |  1.00th=[   836],  5.00th=[   884], 10.00th=[   908], 20.00th=[   956],
     | 30.00th=[   996], 40.00th=[  1032], 50.00th=[  1080], 60.00th=[  1144],
     | 70.00th=[  1208], 80.00th=[  1288], 90.00th=[  1448], 95.00th=[  1672],
     | 99.00th=[ 61184], 99.50th=[ 65280], 99.90th=[ 76288], 99.95th=[ 85504],
     | 99.99th=[100864]
   bw (  MiB/s): min=  243, max=12109, per=99.02%, avg=6538.83, stdev=1348.73, samples=237
   iops        : min=62356, max=3100082, avg=1673940.88, stdev=345276.02, samples=237
  lat (nsec)   : 500=0.04%, 750=0.05%, 1000=31.69%
  lat (usec)   : 2=65.42%, 4=0.57%, 10=0.13%, 20=0.34%, 50=0.48%
  lat (usec)   : 100=1.27%, 250=0.01%, 500=0.01%, 750=0.01%, 1000=0.01%
  lat (msec)   : 2=0.01%, 4=0.01%, 10=0.01%
  cpu          : usr=14.23%, sys=51.45%, ctx=1099653, majf=0, minf=112
  IO depths    : 1=100.0%, 2=0.0%, 4=0.0%, 8=0.0%, 16=0.0%, 32=0.0%, >=64=0.0%
     submit    : 0=0.0%, 4=100.0%, 8=0.0%, 16=0.0%, 32=0.0%, 64=0.0%, >=64=0.0%
     complete  : 0=0.0%, 4=100.0%, 8=0.0%, 16=0.0%, 32=0.0%, 64=0.0%, >=64=0.0%
     issued rwts: total=50718866,0,0,0 short=0,0,0,0 dropped=0,0,0,0
     latency   : target=0, window=0, percentile=100.00%, depth=1

Run status group 0 (all jobs):
   READ: bw=6604MiB/s (6924MB/s), 6604MiB/s-6604MiB/s (6924MB/s-6924MB/s), io=193GiB (208GB), run=30002-30002msec
