randwrite: (g=0): rw=randwrite, bs=(R) 128KiB-128KiB, (W) 128KiB-128KiB, (T) 128KiB-128KiB, ioengine=psync, iodepth=1
...
fio-3.16
Starting 8 processes

randwrite: (groupid=0, jobs=8): err= 0: pid=52646: Thu Oct 30 02:04:54 2025
  write: IOPS=24.7k, BW=3087MiB/s (3237MB/s)(4096MiB/1327msec); 0 zone resets
    clat (usec): min=38, max=428, avg=123.16, stdev=37.04
     lat (usec): min=38, max=431, avg=124.05, stdev=37.12
    clat percentiles (usec):
     |  1.00th=[   76],  5.00th=[   78], 10.00th=[   79], 20.00th=[   81],
     | 30.00th=[  116], 40.00th=[  121], 50.00th=[  124], 60.00th=[  126],
     | 70.00th=[  129], 80.00th=[  137], 90.00th=[  174], 95.00th=[  182],
     | 99.00th=[  251], 99.50th=[  258], 99.90th=[  330], 99.95th=[  343],
     | 99.99th=[  388]
   bw (  MiB/s): min= 2628, max= 2628, per=85.16%, avg=2628.75, stdev= 0.00, samples=3
   iops        : min=21030, max=21030, avg=21030.00, stdev= 0.00, samples=3
  lat (usec)   : 50=0.06%, 100=25.28%, 250=73.44%, 500=1.22%
  cpu          : usr=0.61%, sys=16.03%, ctx=32819, majf=0, minf=67
  IO depths    : 1=100.0%, 2=0.0%, 4=0.0%, 8=0.0%, 16=0.0%, 32=0.0%, >=64=0.0%
     submit    : 0=0.0%, 4=100.0%, 8=0.0%, 16=0.0%, 32=0.0%, 64=0.0%, >=64=0.0%
     complete  : 0=0.0%, 4=100.0%, 8=0.0%, 16=0.0%, 32=0.0%, 64=0.0%, >=64=0.0%
     issued rwts: total=0,32768,0,8 short=0,0,0,0 dropped=0,0,0,0
     latency   : target=0, window=0, percentile=100.00%, depth=1

Run status group 0 (all jobs):
  WRITE: bw=3087MiB/s (3237MB/s), 3087MiB/s-3087MiB/s (3237MB/s-3237MB/s), io=4096MiB (4295MB), run=1327-1327msec
