read: (g=0): rw=read, bs=(R) 4096B-4096B, (W) 4096B-4096B, (T) 4096B-4096B, ioengine=psync, iodepth=1
...
fio-3.16
Starting 16 processes

read: (groupid=0, jobs=16): err= 0: pid=223017: Thu Oct 30 15:16:22 2025
  read: IOPS=5793k, BW=22.1GiB/s (23.7GB/s)(663GiB/30004msec)
    clat (nsec): min=387, max=9156.1k, avg=2536.05, stdev=30457.76
     lat (nsec): min=415, max=9156.4k, avg=2565.18, stdev=30458.94
    clat percentiles (nsec):
     |  1.00th=[    780],  5.00th=[   1048], 10.00th=[   1208],
     | 20.00th=[   1416], 30.00th=[   1576], 40.00th=[   1736],
     | 50.00th=[   1880], 60.00th=[   2024], 70.00th=[   2192],
     | 80.00th=[   2384], 90.00th=[   2672], 95.00th=[   2928],
     | 99.00th=[   3824], 99.50th=[   4768], 99.90th=[  57600],
     | 99.95th=[  64768], 99.99th=[1843200]
   bw (  MiB/s): min= 2068, max=30266, per=99.73%, avg=22568.69, stdev=709.57, samples=952
   iops        : min=529656, max=7748206, avg=5777586.13, stdev=181650.32, samples=952
  lat (nsec)   : 500=0.02%, 750=0.74%, 1000=3.33%
  lat (usec)   : 2=54.64%, 4=40.41%, 10=0.63%, 20=0.01%, 50=0.03%
  lat (usec)   : 100=0.13%, 250=0.01%, 500=0.01%, 750=0.01%, 1000=0.01%
  lat (msec)   : 2=0.02%, 4=0.01%, 10=0.01%
  cpu          : usr=11.70%, sys=72.01%, ctx=83756, majf=1, minf=536
  IO depths    : 1=100.0%, 2=0.0%, 4=0.0%, 8=0.0%, 16=0.0%, 32=0.0%, >=64=0.0%
     submit    : 0=0.0%, 4=100.0%, 8=0.0%, 16=0.0%, 32=0.0%, 64=0.0%, >=64=0.0%
     complete  : 0=0.0%, 4=100.0%, 8=0.0%, 16=0.0%, 32=0.0%, 64=0.0%, >=64=0.0%
     issued rwts: total=173814523,0,0,0 short=0,0,0,0 dropped=0,0,0,0
     latency   : target=0, window=0, percentile=100.00%, depth=1

Run status group 0 (all jobs):
   READ: bw=22.1GiB/s (23.7GB/s), 22.1GiB/s-22.1GiB/s (23.7GB/s-23.7GB/s), io=663GiB (712GB), run=30004-30004msec
