read: (g=0): rw=read, bs=(R) 4096B-4096B, (W) 4096B-4096B, (T) 4096B-4096B, ioengine=psync, iodepth=1
...
fio-3.16
Starting 4 processes

read: (groupid=0, jobs=4): err= 0: pid=222570: Thu Oct 30 15:15:18 2025
  read: IOPS=3640k, BW=13.9GiB/s (14.9GB/s)(417GiB/30002msec)
    clat (nsec): min=400, max=8277.1k, avg=881.82, stdev=4135.34
     lat (nsec): min=428, max=8277.4k, avg=909.17, stdev=4135.80
    clat percentiles (nsec):
     |  1.00th=[   620],  5.00th=[   636], 10.00th=[   652], 20.00th=[   684],
     | 30.00th=[   716], 40.00th=[   756], 50.00th=[   804], 60.00th=[   844],
     | 70.00th=[   892], 80.00th=[   956], 90.00th=[  1048], 95.00th=[  1160],
     | 99.00th=[  1464], 99.50th=[  1720], 99.90th=[  3792], 99.95th=[  4832],
     | 99.99th=[209920]
   bw (  MiB/s): min= 2536, max=15723, per=99.94%, avg=14207.64, stdev=742.06, samples=237
   iops        : min=649240, max=4025342, avg=3637155.18, stdev=189968.38, samples=237
  lat (nsec)   : 500=0.02%, 750=38.32%, 1000=46.85%
  lat (usec)   : 2=14.48%, 4=0.24%, 10=0.07%, 20=0.01%, 50=0.01%
  lat (usec)   : 100=0.01%, 250=0.01%, 500=0.01%, 750=0.01%, 1000=0.01%
  lat (msec)   : 2=0.01%, 4=0.01%, 10=0.01%
  cpu          : usr=27.89%, sys=69.74%, ctx=17227, majf=0, minf=107
  IO depths    : 1=100.0%, 2=0.0%, 4=0.0%, 8=0.0%, 16=0.0%, 32=0.0%, >=64=0.0%
     submit    : 0=0.0%, 4=100.0%, 8=0.0%, 16=0.0%, 32=0.0%, 64=0.0%, >=64=0.0%
     complete  : 0=0.0%, 4=100.0%, 8=0.0%, 16=0.0%, 32=0.0%, 64=0.0%, >=64=0.0%
     issued rwts: total=109192282,0,0,0 short=0,0,0,0 dropped=0,0,0,0
     latency   : target=0, window=0, percentile=100.00%, depth=1

Run status group 0 (all jobs):
   READ: bw=13.9GiB/s (14.9GB/s), 13.9GiB/s-13.9GiB/s (14.9GB/s-14.9GB/s), io=417GiB (447GB), run=30002-30002msec
