read: (g=0): rw=read, bs=(R) 128KiB-128KiB, (W) 128KiB-128KiB, (T) 128KiB-128KiB, ioengine=psync, iodepth=1
...
fio-3.16
Starting 8 processes

read: (groupid=0, jobs=8): err= 0: pid=51305: Thu Oct 30 02:03:53 2025
  read: IOPS=23.0k, BW=2994MiB/s (3140MB/s)(4096MiB/1368msec)
    clat (usec): min=8, max=14388, avg=321.84, stdev=443.46
     lat (usec): min=8, max=14388, avg=321.92, stdev=443.43
    clat percentiles (usec):
     |  1.00th=[   13],  5.00th=[   14], 10.00th=[   16], 20.00th=[   23],
     | 30.00th=[   33], 40.00th=[   40], 50.00th=[  113], 60.00th=[  277],
     | 70.00th=[  420], 80.00th=[  578], 90.00th=[  914], 95.00th=[ 1205],
     | 99.00th=[ 1696], 99.50th=[ 1909], 99.90th=[ 2507], 99.95th=[ 3130],
     | 99.99th=[ 9503]
   bw (  MiB/s): min= 3032, max= 3107, per=100.00%, avg=3069.62, stdev= 6.13, samples=16
   iops        : min=24256, max=24858, avg=24557.00, stdev=49.08, samples=16
  lat (usec)   : 10=0.03%, 20=16.08%, 50=29.46%, 100=3.66%, 250=9.11%
  lat (usec)   : 500=17.13%, 750=10.66%, 1000=5.55%
  lat (msec)   : 2=7.97%, 4=0.31%, 10=0.03%, 20=0.01%
  cpu          : usr=0.36%, sys=26.35%, ctx=17449, majf=0, minf=328
  IO depths    : 1=100.0%, 2=0.0%, 4=0.0%, 8=0.0%, 16=0.0%, 32=0.0%, >=64=0.0%
     submit    : 0=0.0%, 4=100.0%, 8=0.0%, 16=0.0%, 32=0.0%, 64=0.0%, >=64=0.0%
     complete  : 0=0.0%, 4=100.0%, 8=0.0%, 16=0.0%, 32=0.0%, 64=0.0%, >=64=0.0%
     issued rwts: total=32768,0,0,0 short=0,0,0,0 dropped=0,0,0,0
     latency   : target=0, window=0, percentile=100.00%, depth=1

Run status group 0 (all jobs):
   READ: bw=2994MiB/s (3140MB/s), 2994MiB/s-2994MiB/s (3140MB/s-3140MB/s), io=4096MiB (4295MB), run=1368-1368msec
