read: (g=0): rw=read, bs=(R) 4096B-4096B, (W) 4096B-4096B, (T) 4096B-4096B, ioengine=psync, iodepth=1
fio-3.16
Starting 1 process

read: (groupid=0, jobs=1): err= 0: pid=222081: Thu Oct 30 15:14:16 2025
  read: IOPS=1075k, BW=4200MiB/s (4404MB/s)(123GiB/30001msec)
    clat (nsec): min=405, max=8226.2k, avg=715.74, stdev=2101.29
     lat (nsec): min=432, max=8226.6k, avg=743.01, stdev=2101.89
    clat percentiles (nsec):
     |  1.00th=[  596],  5.00th=[  620], 10.00th=[  628], 20.00th=[  636],
     | 30.00th=[  644], 40.00th=[  660], 50.00th=[  668], 60.00th=[  684],
     | 70.00th=[  716], 80.00th=[  740], 90.00th=[  804], 95.00th=[  892],
     | 99.00th=[ 1080], 99.50th=[ 1176], 99.90th=[ 1720], 99.95th=[ 2608],
     | 99.99th=[83456]
   bw (  MiB/s): min= 1228, max= 4315, per=99.95%, avg=4197.86, stdev=508.62, samples=59
   iops        : min=314614, max=1104824, avg=1074651.54, stdev=130205.46, samples=59
  lat (nsec)   : 500=0.02%, 750=83.22%, 1000=14.54%
  lat (usec)   : 2=2.12%, 4=0.07%, 10=0.01%, 20=0.01%, 50=0.01%
  lat (usec)   : 100=0.01%, 250=0.01%, 500=0.01%, 750=0.01%
  lat (msec)   : 2=0.01%, 10=0.01%
  cpu          : usr=32.38%, sys=66.95%, ctx=3414, majf=0, minf=11
  IO depths    : 1=100.0%, 2=0.0%, 4=0.0%, 8=0.0%, 16=0.0%, 32=0.0%, >=64=0.0%
     submit    : 0=0.0%, 4=100.0%, 8=0.0%, 16=0.0%, 32=0.0%, 64=0.0%, >=64=0.0%
     complete  : 0=0.0%, 4=100.0%, 8=0.0%, 16=0.0%, 32=0.0%, 64=0.0%, >=64=0.0%
     issued rwts: total=32256976,0,0,0 short=0,0,0,0 dropped=0,0,0,0
     latency   : target=0, window=0, percentile=100.00%, depth=1

Run status group 0 (all jobs):
   READ: bw=4200MiB/s (4404MB/s), 4200MiB/s-4200MiB/s (4404MB/s-4404MB/s), io=123GiB (132GB), run=30001-30001msec
