read: (g=0): rw=read, bs=(R) 4096B-4096B, (W) 4096B-4096B, (T) 4096B-4096B, ioengine=psync, iodepth=1
...
fio-3.16
Starting 2 processes

read: (groupid=0, jobs=2): err= 0: pid=222343: Thu Oct 30 15:14:47 2025
  read: IOPS=2071k, BW=8091MiB/s (8484MB/s)(237GiB/30001msec)
    clat (nsec): min=412, max=8236.4k, avg=750.02, stdev=2615.06
     lat (nsec): min=438, max=8236.8k, avg=777.31, stdev=2615.24
    clat percentiles (nsec):
     |  1.00th=[   604],  5.00th=[   620], 10.00th=[   628], 20.00th=[   644],
     | 30.00th=[   660], 40.00th=[   676], 50.00th=[   708], 60.00th=[   732],
     | 70.00th=[   756], 80.00th=[   788], 90.00th=[   844], 95.00th=[   908],
     | 99.00th=[  1128], 99.50th=[  1256], 99.90th=[  2160], 99.95th=[  3120],
     | 99.99th=[103936]
   bw (  MiB/s): min= 1997, max= 8404, per=99.92%, avg=8084.66, stdev=584.99, samples=118
   iops        : min=511468, max=2151578, avg=2069672.97, stdev=149757.04, samples=118
  lat (nsec)   : 500=0.02%, 750=66.29%, 1000=31.32%
  lat (usec)   : 2=2.26%, 4=0.09%, 10=0.01%, 20=0.01%, 50=0.01%
  lat (usec)   : 100=0.01%, 250=0.01%, 500=0.01%, 750=0.01%
  lat (msec)   : 2=0.01%, 10=0.01%
  cpu          : usr=31.71%, sys=67.17%, ctx=7448, majf=0, minf=23
  IO depths    : 1=100.0%, 2=0.0%, 4=0.0%, 8=0.0%, 16=0.0%, 32=0.0%, >=64=0.0%
     submit    : 0=0.0%, 4=100.0%, 8=0.0%, 16=0.0%, 32=0.0%, 64=0.0%, >=64=0.0%
     complete  : 0=0.0%, 4=100.0%, 8=0.0%, 16=0.0%, 32=0.0%, 64=0.0%, >=64=0.0%
     issued rwts: total=62139123,0,0,0 short=0,0,0,0 dropped=0,0,0,0
     latency   : target=0, window=0, percentile=100.00%, depth=1

Run status group 0 (all jobs):
   READ: bw=8091MiB/s (8484MB/s), 8091MiB/s-8091MiB/s (8484MB/s-8484MB/s), io=237GiB (255GB), run=30001-30001msec
