write: (g=0): rw=write, bs=(R) 4096B-4096B, (W) 4096B-4096B, (T) 4096B-4096B, ioengine=psync, iodepth=1
...
fio-3.16
Starting 16 processes

write: (groupid=0, jobs=16): err= 0: pid=230034: Thu Oct 30 15:23:02 2025
  write: IOPS=514k, BW=2007MiB/s (2105MB/s)(62.5GiB/31884msec); 0 zone resets
    clat (usec): min=9, max=41510, avg=28.26, stdev=46.49
     lat (usec): min=9, max=41512, avg=28.34, stdev=46.49
    clat percentiles (usec):
     |  1.00th=[   11],  5.00th=[   12], 10.00th=[   13], 20.00th=[   16],
     | 30.00th=[   17], 40.00th=[   19], 50.00th=[   22], 60.00th=[   25],
     | 70.00th=[   31], 80.00th=[   37], 90.00th=[   50], 95.00th=[   65],
     | 99.00th=[  113], 99.50th=[  141], 99.90th=[  221], 99.95th=[  265],
     | 99.99th=[  400]
   bw (  MiB/s): min=  842, max= 4463, per=100.00%, avg=2130.74, stdev=51.74, samples=949
   iops        : min=215655, max=1142731, avg=545468.28, stdev=13245.17, samples=949
  lat (usec)   : 10=0.16%, 20=44.27%, 50=45.60%, 100=8.54%, 250=1.36%
  lat (usec)   : 500=0.06%, 750=0.01%, 1000=0.01%
  lat (msec)   : 2=0.01%, 4=0.01%, 10=0.01%, 20=0.01%, 50=0.01%
  cpu          : usr=2.68%, sys=47.58%, ctx=16742092, majf=0, minf=524
  IO depths    : 1=100.0%, 2=0.0%, 4=0.0%, 8=0.0%, 16=0.0%, 32=0.0%, >=64=0.0%
     submit    : 0=0.0%, 4=100.0%, 8=0.0%, 16=0.0%, 32=0.0%, 64=0.0%, >=64=0.0%
     complete  : 0=0.0%, 4=100.0%, 8=0.0%, 16=0.0%, 32=0.0%, 64=0.0%, >=64=0.0%
     issued rwts: total=0,16382521,0,16 short=0,0,0,0 dropped=0,0,0,0
     latency   : target=0, window=0, percentile=100.00%, depth=1

Run status group 0 (all jobs):
  WRITE: bw=2007MiB/s (2105MB/s), 2007MiB/s-2007MiB/s (2105MB/s-2105MB/s), io=62.5GiB (67.1GB), run=31884-31884msec
