write: (g=0): rw=write, bs=(R) 4096B-4096B, (W) 4096B-4096B, (T) 4096B-4096B, ioengine=psync, iodepth=1
fio-3.16
Starting 1 process

write: (groupid=0, jobs=1): err= 0: pid=225296: Thu Oct 30 15:20:50 2025
  write: IOPS=94.9k, BW=371MiB/s (389MB/s)(11.0GiB/30387msec); 0 zone resets
    clat (usec): min=7, max=4046, avg= 9.67, stdev= 5.39
     lat (usec): min=7, max=4046, avg= 9.73, stdev= 5.40
    clat percentiles (nsec):
     |  1.00th=[ 8384],  5.00th=[ 8512], 10.00th=[ 8512], 20.00th=[ 8640],
     | 30.00th=[ 8768], 40.00th=[ 8896], 50.00th=[ 9024], 60.00th=[ 9280],
     | 70.00th=[ 9792], 80.00th=[10560], 90.00th=[11712], 95.00th=[12736],
     | 99.00th=[14656], 99.50th=[16064], 99.90th=[21120], 99.95th=[24704],
     | 99.99th=[35584]
   bw (  KiB/s): min=322752, max=433333, per=100.00%, avg=384449.52, stdev=28641.61, samples=60
   iops        : min=80688, max=108333, avg=96112.40, stdev=7160.42, samples=60
  lat (usec)   : 10=73.16%, 20=26.71%, 50=0.13%, 100=0.01%, 250=0.01%
  lat (usec)   : 500=0.01%, 750=0.01%, 1000=0.01%
  lat (msec)   : 2=0.01%, 10=0.01%
  cpu          : usr=6.20%, sys=46.21%, ctx=2883700, majf=0, minf=23
  IO depths    : 1=100.0%, 2=0.0%, 4=0.0%, 8=0.0%, 16=0.0%, 32=0.0%, >=64=0.0%
     submit    : 0=0.0%, 4=100.0%, 8=0.0%, 16=0.0%, 32=0.0%, 64=0.0%, >=64=0.0%
     complete  : 0=0.0%, 4=100.0%, 8=0.0%, 16=0.0%, 32=0.0%, 64=0.0%, >=64=0.0%
     issued rwts: total=0,2883585,0,1 short=0,0,0,0 dropped=0,0,0,0
     latency   : target=0, window=0, percentile=100.00%, depth=1

Run status group 0 (all jobs):
  WRITE: bw=371MiB/s (389MB/s), 371MiB/s-371MiB/s (389MB/s-389MB/s), io=11.0GiB (11.8GB), run=30387-30387msec
