write: (g=0): rw=write, bs=(R) 4096B-4096B, (W) 4096B-4096B, (T) 4096B-4096B, ioengine=psync, iodepth=1
...
fio-3.16
Starting 8 processes

write: (groupid=0, jobs=8): err= 0: pid=228223: Thu Oct 30 15:22:28 2025
  write: IOPS=481k, BW=1877MiB/s (1969MB/s)(58.0GiB/31658msec); 0 zone resets
    clat (usec): min=8, max=35741, avg=14.87, stdev=21.14
     lat (usec): min=8, max=35741, avg=14.93, stdev=21.14
    clat percentiles (nsec):
     |  1.00th=[ 9920],  5.00th=[10304], 10.00th=[10688], 20.00th=[11456],
     | 30.00th=[12352], 40.00th=[13376], 50.00th=[14272], 60.00th=[15040],
     | 70.00th=[15936], 80.00th=[17280], 90.00th=[19328], 95.00th=[22144],
     | 99.00th=[28800], 99.50th=[32384], 99.90th=[43264], 99.95th=[48896],
     | 99.99th=[80384]
   bw (  MiB/s): min= 1286, max= 2494, per=100.00%, avg=1977.93, stdev=31.01, samples=472
   iops        : min=329380, max=638514, avg=506350.31, stdev=7937.55, samples=472
  lat (usec)   : 10=1.81%, 20=89.65%, 50=8.50%, 100=0.04%, 250=0.01%
  lat (usec)   : 500=0.01%, 750=0.01%, 1000=0.01%
  lat (msec)   : 2=0.01%, 4=0.01%, 10=0.01%, 20=0.01%, 50=0.01%
  cpu          : usr=4.42%, sys=50.24%, ctx=15219309, majf=0, minf=236
  IO depths    : 1=100.0%, 2=0.0%, 4=0.0%, 8=0.0%, 16=0.0%, 32=0.0%, >=64=0.0%
     submit    : 0=0.0%, 4=100.0%, 8=0.0%, 16=0.0%, 32=0.0%, 64=0.0%, >=64=0.0%
     complete  : 0=0.0%, 4=100.0%, 8=0.0%, 16=0.0%, 32=0.0%, 64=0.0%, >=64=0.0%
     issued rwts: total=0,15215025,0,8 short=0,0,0,0 dropped=0,0,0,0
     latency   : target=0, window=0, percentile=100.00%, depth=1

Run status group 0 (all jobs):
  WRITE: bw=1877MiB/s (1969MB/s), 1877MiB/s-1877MiB/s (1969MB/s-1969MB/s), io=58.0GiB (62.3GB), run=31658-31658msec
