write: (g=0): rw=write, bs=(R) 4096B-4096B, (W) 4096B-4096B, (T) 4096B-4096B, ioengine=psync, iodepth=1
...
fio-3.16
Starting 4 processes

write: (groupid=0, jobs=4): err= 0: pid=227114: Thu Oct 30 15:21:55 2025
  write: IOPS=296k, BW=1155MiB/s (1211MB/s)(35.3GiB/31273msec); 0 zone resets
    clat (usec): min=8, max=31066, avg=12.21, stdev=11.79
     lat (usec): min=8, max=31066, avg=12.27, stdev=11.80
    clat percentiles (nsec):
     |  1.00th=[ 9280],  5.00th=[ 9536], 10.00th=[ 9792], 20.00th=[10176],
     | 30.00th=[10560], 40.00th=[11072], 50.00th=[11712], 60.00th=[12352],
     | 70.00th=[12992], 80.00th=[13888], 90.00th=[15168], 95.00th=[16512],
     | 99.00th=[20096], 99.50th=[21888], 99.90th=[28032], 99.95th=[31872],
     | 99.99th=[44800]
   bw (  MiB/s): min=  836, max= 1387, per=100.00%, avg=1202.24, stdev=29.85, samples=236
   iops        : min=214056, max=355314, avg=307773.19, stdev=7641.66, samples=236
  lat (usec)   : 10=16.45%, 20=82.49%, 50=1.05%, 100=0.01%, 250=0.01%
  lat (usec)   : 500=0.01%, 750=0.01%, 1000=0.01%
  lat (msec)   : 2=0.01%, 4=0.01%, 10=0.01%, 50=0.01%
  cpu          : usr=5.24%, sys=48.88%, ctx=9247301, majf=0, minf=121
  IO depths    : 1=100.0%, 2=0.0%, 4=0.0%, 8=0.0%, 16=0.0%, 32=0.0%, >=64=0.0%
     submit    : 0=0.0%, 4=100.0%, 8=0.0%, 16=0.0%, 32=0.0%, 64=0.0%, >=64=0.0%
     complete  : 0=0.0%, 4=100.0%, 8=0.0%, 16=0.0%, 32=0.0%, 64=0.0%, >=64=0.0%
     issued rwts: total=0,9246962,0,4 short=0,0,0,0 dropped=0,0,0,0
     latency   : target=0, window=0, percentile=100.00%, depth=1

Run status group 0 (all jobs):
  WRITE: bw=1155MiB/s (1211MB/s), 1155MiB/s-1155MiB/s (1211MB/s-1211MB/s), io=35.3GiB (37.9GB), run=31273-31273msec
