write: (g=0): rw=write, bs=(R) 128KiB-128KiB, (W) 128KiB-128KiB, (T) 128KiB-128KiB, ioengine=psync, iodepth=1
...
fio-3.16
Starting 16 processes

write: (groupid=0, jobs=16): err= 0: pid=52258: Thu Oct 30 02:04:35 2025
  write: IOPS=17.6k, BW=2197MiB/s (2304MB/s)(8192MiB/3729msec); 0 zone resets
    clat (usec): min=108, max=9978, avg=209.89, stdev=100.00
     lat (usec): min=110, max=9979, avg=210.89, stdev=100.09
    clat percentiles (usec):
     |  1.00th=[  133],  5.00th=[  143], 10.00th=[  149], 20.00th=[  161],
     | 30.00th=[  172], 40.00th=[  182], 50.00th=[  194], 60.00th=[  210],
     | 70.00th=[  227], 80.00th=[  245], 90.00th=[  289], 95.00th=[  326],
     | 99.00th=[  437], 99.50th=[  482], 99.90th=[  570], 99.95th=[  603],
     | 99.99th=[ 4883]
   bw (  MiB/s): min= 9496, max= 9496, per=100.00%, avg=9496.25, stdev= 0.00, samples=16
   iops        : min=75970, max=75970, avg=75970.00, stdev= 0.00, samples=16
  lat (usec)   : 250=82.11%, 500=17.53%, 750=0.32%, 1000=0.01%
  lat (msec)   : 2=0.02%, 4=0.01%, 10=0.01%
  cpu          : usr=0.26%, sys=9.76%, ctx=123827, majf=0, minf=161
  IO depths    : 1=100.0%, 2=0.0%, 4=0.0%, 8=0.0%, 16=0.0%, 32=0.0%, >=64=0.0%
     submit    : 0=0.0%, 4=100.0%, 8=0.0%, 16=0.0%, 32=0.0%, 64=0.0%, >=64=0.0%
     complete  : 0=0.0%, 4=100.0%, 8=0.0%, 16=0.0%, 32=0.0%, 64=0.0%, >=64=0.0%
     issued rwts: total=0,65536,0,16 short=0,0,0,0 dropped=0,0,0,0
     latency   : target=0, window=0, percentile=100.00%, depth=1

Run status group 0 (all jobs):
  WRITE: bw=2197MiB/s (2304MB/s), 2197MiB/s-2197MiB/s (2304MB/s-2304MB/s), io=8192MiB (8590MB), run=3729-3729msec
