write: (g=0): rw=write, bs=(R) 4096B-4096B, (W) 4096B-4096B, (T) 4096B-4096B, ioengine=psync, iodepth=1
...
fio-3.16
Starting 3 processes

write: (groupid=0, jobs=3): err= 0: pid=153745: Mon Oct 13 13:58:10 2025
  write: IOPS=246k, BW=962MiB/s (1009MB/s)(384MiB/399msec); 0 zone resets
    clat (nsec): min=652, max=20012k, avg=1997.37, stdev=115618.14
     lat (nsec): min=673, max=20013k, avg=2017.60, stdev=115618.14
    clat percentiles (nsec):
     |  1.00th=[  676],  5.00th=[  740], 10.00th=[  828], 20.00th=[  908],
     | 30.00th=[  980], 40.00th=[ 1048], 50.00th=[ 1096], 60.00th=[ 1160],
     | 70.00th=[ 1240], 80.00th=[ 1368], 90.00th=[ 1624], 95.00th=[ 1880],
     | 99.00th=[ 2736], 99.50th=[ 3088], 99.90th=[ 4256], 99.95th=[ 5344],
     | 99.99th=[25216]
  lat (nsec)   : 750=5.29%, 1000=27.38%
  lat (usec)   : 2=63.47%, 4=3.74%, 10=0.10%, 20=0.02%, 50=0.01%
  lat (msec)   : 20=0.01%, 50=0.01%
  cpu          : usr=2.20%, sys=10.81%, ctx=37, majf=0, minf=40
  IO depths    : 1=100.0%, 2=0.0%, 4=0.0%, 8=0.0%, 16=0.0%, 32=0.0%, >=64=0.0%
     submit    : 0=0.0%, 4=100.0%, 8=0.0%, 16=0.0%, 32=0.0%, 64=0.0%, >=64=0.0%
     complete  : 0=0.0%, 4=100.0%, 8=0.0%, 16=0.0%, 32=0.0%, 64=0.0%, >=64=0.0%
     issued rwts: total=0,98304,0,3 short=0,0,0,0 dropped=0,0,0,0
     latency   : target=0, window=0, percentile=100.00%, depth=1

Run status group 0 (all jobs):
  WRITE: bw=962MiB/s (1009MB/s), 962MiB/s-962MiB/s (1009MB/s-1009MB/s), io=384MiB (403MB), run=399-399msec

Disk stats (read/write):
  nvme1n1: ios=0/2607, merge=0/3, ticks=0/94953, in_queue=94964, util=99.80%
