randwrite: (g=0): rw=randwrite, bs=(R) 4096B-4096B, (W) 4096B-4096B, (T) 4096B-4096B, ioengine=psync, iodepth=1
...
fio-3.16
Starting 3 processes

randwrite: (groupid=0, jobs=3): err= 0: pid=321257: Mon Oct 13 19:36:44 2025
  write: IOPS=578k, BW=2259MiB/s (2369MB/s)(384MiB/170msec); 0 zone resets
    clat (nsec): min=262, max=102635, avg=1304.59, stdev=1676.90
     lat (nsec): min=281, max=102657, avg=1328.53, stdev=1695.29
    clat percentiles (nsec):
     |  1.00th=[  474],  5.00th=[  556], 10.00th=[  604], 20.00th=[  660],
     | 30.00th=[  756], 40.00th=[ 1032], 50.00th=[ 1240], 60.00th=[ 1320],
     | 70.00th=[ 1384], 80.00th=[ 1464], 90.00th=[ 1688], 95.00th=[ 2040],
     | 99.00th=[ 7840], 99.50th=[11840], 99.90th=[22144], 99.95th=[27264],
     | 99.99th=[52480]
  lat (nsec)   : 500=1.62%, 750=27.90%, 1000=9.71%
  lat (usec)   : 2=55.25%, 4=4.03%, 10=0.82%, 20=0.52%, 50=0.14%
  lat (usec)   : 100=0.01%, 250=0.01%
  cpu          : usr=5.41%, sys=28.27%, ctx=2417, majf=0, minf=35
  IO depths    : 1=100.0%, 2=0.0%, 4=0.0%, 8=0.0%, 16=0.0%, 32=0.0%, >=64=0.0%
     submit    : 0=0.0%, 4=100.0%, 8=0.0%, 16=0.0%, 32=0.0%, 64=0.0%, >=64=0.0%
     complete  : 0=0.0%, 4=100.0%, 8=0.0%, 16=0.0%, 32=0.0%, 64=0.0%, >=64=0.0%
     issued rwts: total=0,98304,0,3 short=0,0,0,0 dropped=0,0,0,0
     latency   : target=0, window=0, percentile=100.00%, depth=1

Run status group 0 (all jobs):
  WRITE: bw=2259MiB/s (2369MB/s), 2259MiB/s-2259MiB/s (2369MB/s-2369MB/s), io=384MiB (403MB), run=170-170msec

Disk stats (read/write):
  nvme1n1: ios=13421/20498, merge=0/887, ticks=1008/4222, in_queue=5231, util=100.00%
