randwrite: (g=0): rw=randwrite, bs=(R) 128KiB-128KiB, (W) 128KiB-128KiB, (T) 128KiB-128KiB, ioengine=psync, iodepth=1
...
fio-3.16
Starting 4 processes

randwrite: (groupid=0, jobs=4): err= 0: pid=156849: Mon Oct 13 14:01:42 2025
  write: IOPS=2067, BW=258MiB/s (271MB/s)(512MiB/1981msec); 0 zone resets
    clat (usec): min=5, max=24014, avg=56.96, stdev=673.09
     lat (usec): min=5, max=24014, avg=57.42, stdev=673.14
    clat percentiles (usec):
     |  1.00th=[   17],  5.00th=[   21], 10.00th=[   22], 20.00th=[   24],
     | 30.00th=[   26], 40.00th=[   27], 50.00th=[   29], 60.00th=[   31],
     | 70.00th=[   33], 80.00th=[   37], 90.00th=[   41], 95.00th=[   44],
     | 99.00th=[   59], 99.50th=[   71], 99.90th=[12649], 99.95th=[16057],
     | 99.99th=[23987]
  lat (usec)   : 10=0.37%, 20=4.17%, 50=93.04%, 100=2.10%, 250=0.15%
  lat (msec)   : 20=0.12%, 50=0.05%
  cpu          : usr=0.23%, sys=5.83%, ctx=1381, majf=0, minf=41
  IO depths    : 1=100.1%, 2=0.0%, 4=0.0%, 8=0.0%, 16=0.0%, 32=0.0%, >=64=0.0%
     submit    : 0=0.0%, 4=100.0%, 8=0.0%, 16=0.0%, 32=0.0%, 64=0.0%, >=64=0.0%
     complete  : 0=0.0%, 4=100.0%, 8=0.0%, 16=0.0%, 32=0.0%, 64=0.0%, >=64=0.0%
     issued rwts: total=0,4096,0,4 short=0,0,0,0 dropped=0,0,0,0
     latency   : target=0, window=0, percentile=100.00%, depth=1

Run status group 0 (all jobs):
  WRITE: bw=258MiB/s (271MB/s), 258MiB/s-258MiB/s (271MB/s-271MB/s), io=512MiB (537MB), run=1981-1981msec

Disk stats (read/write):
  nvme1n1: ios=0/12576, merge=0/95, ticks=0/388529, in_queue=388591, util=100.00%
