randwrite: (g=0): rw=randwrite, bs=(R) 4096B-4096B, (W) 4096B-4096B, (T) 4096B-4096B, ioengine=psync, iodepth=1
...
fio-3.16
Starting 4 processes

randwrite: (groupid=0, jobs=4): err= 0: pid=321329: Mon Oct 13 19:36:51 2025
  write: IOPS=615k, BW=2404MiB/s (2521MB/s)(512MiB/213msec); 0 zone resets
    clat (nsec): min=262, max=90223, avg=1280.14, stdev=1670.52
     lat (nsec): min=281, max=90399, avg=1301.88, stdev=1678.90
    clat percentiles (nsec):
     |  1.00th=[  490],  5.00th=[  580], 10.00th=[  628], 20.00th=[  700],
     | 30.00th=[  820], 40.00th=[  964], 50.00th=[ 1208], 60.00th=[ 1304],
     | 70.00th=[ 1384], 80.00th=[ 1480], 90.00th=[ 1688], 95.00th=[ 2024],
     | 99.00th=[ 6304], 99.50th=[10816], 99.90th=[21120], 99.95th=[29824],
     | 99.99th=[65280]
  lat (nsec)   : 500=1.17%, 750=24.15%, 1000=16.69%
  lat (usec)   : 2=52.73%, 4=4.16%, 10=0.56%, 20=0.44%, 50=0.10%
  lat (usec)   : 100=0.02%
  cpu          : usr=4.67%, sys=22.70%, ctx=3143, majf=0, minf=45
  IO depths    : 1=100.0%, 2=0.0%, 4=0.0%, 8=0.0%, 16=0.0%, 32=0.0%, >=64=0.0%
     submit    : 0=0.0%, 4=100.0%, 8=0.0%, 16=0.0%, 32=0.0%, 64=0.0%, >=64=0.0%
     complete  : 0=0.0%, 4=100.0%, 8=0.0%, 16=0.0%, 32=0.0%, 64=0.0%, >=64=0.0%
     issued rwts: total=0,131072,0,4 short=0,0,0,0 dropped=0,0,0,0
     latency   : target=0, window=0, percentile=100.00%, depth=1

Run status group 0 (all jobs):
  WRITE: bw=2404MiB/s (2521MB/s), 2404MiB/s-2404MiB/s (2521MB/s-2521MB/s), io=512MiB (537MB), run=213-213msec

Disk stats (read/write):
  nvme1n1: ios=12502/20639, merge=0/1048, ticks=990/4250, in_queue=5240, util=97.12%
