read: (g=0): rw=read, bs=(R) 128KiB-128KiB, (W) 128KiB-128KiB, (T) 128KiB-128KiB, ioengine=psync, iodepth=1
...
fio-3.16
Starting 3 processes

read: (groupid=0, jobs=3): err= 0: pid=153218: Mon Oct 13 13:57:41 2025
  read: IOPS=13.9k, BW=1738MiB/s (1822MB/s)(384MiB/221msec)
    clat (usec): min=18, max=3877, avg=213.89, stdev=276.77
     lat (usec): min=18, max=3877, avg=213.92, stdev=276.77
    clat percentiles (usec):
     |  1.00th=[   20],  5.00th=[   22], 10.00th=[   24], 20.00th=[   25],
     | 30.00th=[   26], 40.00th=[   28], 50.00th=[   54], 60.00th=[  245],
     | 70.00th=[  326], 80.00th=[  408], 90.00th=[  529], 95.00th=[  627],
     | 99.00th=[  971], 99.50th=[ 1172], 99.90th=[ 3720], 99.95th=[ 3851],
     | 99.99th=[ 3884]
  lat (usec)   : 20=1.40%, 50=48.47%, 100=2.12%, 250=8.82%, 500=28.09%
  lat (usec)   : 750=8.92%, 1000=1.40%
  lat (msec)   : 2=0.59%, 4=0.20%
  cpu          : usr=0.00%, sys=23.32%, ctx=1518, majf=0, minf=129
  IO depths    : 1=100.0%, 2=0.0%, 4=0.0%, 8=0.0%, 16=0.0%, 32=0.0%, >=64=0.0%
     submit    : 0=0.0%, 4=100.0%, 8=0.0%, 16=0.0%, 32=0.0%, 64=0.0%, >=64=0.0%
     complete  : 0=0.0%, 4=100.0%, 8=0.0%, 16=0.0%, 32=0.0%, 64=0.0%, >=64=0.0%
     issued rwts: total=3072,0,0,0 short=0,0,0,0 dropped=0,0,0,0
     latency   : target=0, window=0, percentile=100.00%, depth=1

Run status group 0 (all jobs):
   READ: bw=1738MiB/s (1822MB/s), 1738MiB/s-1738MiB/s (1822MB/s-1822MB/s), io=384MiB (403MB), run=221-221msec

Disk stats (read/write):
  nvme1n1: ios=1041/946, merge=0/1, ticks=742/41411, in_queue=42153, util=100.00%
