write: (g=0): rw=write, bs=(R) 4096B-4096B, (W) 4096B-4096B, (T) 4096B-4096B, ioengine=psync, iodepth=1
...
fio-3.16
Starting 4 processes

write: (groupid=0, jobs=4): err= 0: pid=153905: Mon Oct 13 13:58:17 2025
  write: IOPS=274k, BW=1069MiB/s (1121MB/s)(512MiB/479msec); 0 zone resets
    clat (nsec): min=651, max=28018k, avg=2146.21, stdev=142868.62
     lat (nsec): min=672, max=28018k, avg=2166.54, stdev=142868.61
    clat percentiles (nsec):
     |  1.00th=[  684],  5.00th=[  788], 10.00th=[  828], 20.00th=[  868],
     | 30.00th=[  924], 40.00th=[  988], 50.00th=[ 1048], 60.00th=[ 1112],
     | 70.00th=[ 1176], 80.00th=[ 1304], 90.00th=[ 1560], 95.00th=[ 1816],
     | 99.00th=[ 2576], 99.50th=[ 2960], 99.90th=[ 4448], 99.95th=[ 6304],
     | 99.99th=[26752]
  lat (nsec)   : 750=3.07%, 1000=38.77%
  lat (usec)   : 2=54.86%, 4=3.16%, 10=0.11%, 20=0.01%, 50=0.02%
  lat (msec)   : 20=0.01%, 50=0.01%
  cpu          : usr=0.41%, sys=10.98%, ctx=51, majf=0, minf=50
  IO depths    : 1=100.0%, 2=0.0%, 4=0.0%, 8=0.0%, 16=0.0%, 32=0.0%, >=64=0.0%
     submit    : 0=0.0%, 4=100.0%, 8=0.0%, 16=0.0%, 32=0.0%, 64=0.0%, >=64=0.0%
     complete  : 0=0.0%, 4=100.0%, 8=0.0%, 16=0.0%, 32=0.0%, 64=0.0%, >=64=0.0%
     issued rwts: total=0,131072,0,4 short=0,0,0,0 dropped=0,0,0,0
     latency   : target=0, window=0, percentile=100.00%, depth=1

Run status group 0 (all jobs):
  WRITE: bw=1069MiB/s (1121MB/s), 1069MiB/s-1069MiB/s (1121MB/s-1121MB/s), io=512MiB (537MB), run=479-479msec

Disk stats (read/write):
  nvme1n1: ios=0/2678, merge=0/6, ticks=0/96990, in_queue=97010, util=100.00%
