write: (g=0): rw=write, bs=(R) 128KiB-128KiB, (W) 128KiB-128KiB, (T) 128KiB-128KiB, ioengine=psync, iodepth=1
...
fio-3.16
Starting 2 processes

write: (groupid=0, jobs=2): err= 0: pid=154115: Mon Oct 13 13:58:30 2025
  write: IOPS=5919, BW=740MiB/s (776MB/s)(256MiB/346msec); 0 zone resets
    clat (usec): min=26, max=16056, avg=61.58, stdev=633.32
     lat (usec): min=27, max=16056, avg=62.04, stdev=633.33
    clat percentiles (usec):
     |  1.00th=[   29],  5.00th=[   31], 10.00th=[   31], 20.00th=[   32],
     | 30.00th=[   33], 40.00th=[   34], 50.00th=[   34], 60.00th=[   35],
     | 70.00th=[   36], 80.00th=[   37], 90.00th=[   39], 95.00th=[   43],
     | 99.00th=[   60], 99.50th=[   62], 99.90th=[16057], 99.95th=[16057],
     | 99.99th=[16057]
  lat (usec)   : 50=98.44%, 100=1.37%
  lat (msec)   : 10=0.05%, 20=0.15%
  cpu          : usr=0.00%, sys=13.33%, ctx=21, majf=0, minf=24
  IO depths    : 1=100.1%, 2=0.0%, 4=0.0%, 8=0.0%, 16=0.0%, 32=0.0%, >=64=0.0%
     submit    : 0=0.0%, 4=100.0%, 8=0.0%, 16=0.0%, 32=0.0%, 64=0.0%, >=64=0.0%
     complete  : 0=0.0%, 4=100.0%, 8=0.0%, 16=0.0%, 32=0.0%, 64=0.0%, >=64=0.0%
     issued rwts: total=0,2048,0,2 short=0,0,0,0 dropped=0,0,0,0
     latency   : target=0, window=0, percentile=100.00%, depth=1

Run status group 0 (all jobs):
  WRITE: bw=740MiB/s (776MB/s), 740MiB/s-740MiB/s (776MB/s-776MB/s), io=256MiB (268MB), run=346-346msec

Disk stats (read/write):
  nvme1n1: ios=0/1353, merge=0/2, ticks=0/47860, in_queue=47860, util=100.00%
