randwrite: (g=0): rw=randwrite, bs=(R) 4096B-4096B, (W) 4096B-4096B, (T) 4096B-4096B, ioengine=psync, iodepth=1
...
fio-3.16
Starting 2 processes

randwrite: (groupid=0, jobs=2): err= 0: pid=321115: Mon Oct 13 19:36:37 2025
  write: IOPS=493k, BW=1925MiB/s (2018MB/s)(256MiB/133msec); 0 zone resets
    clat (nsec): min=270, max=109793, avg=1235.62, stdev=1422.02
     lat (nsec): min=289, max=109811, avg=1257.41, stdev=1430.10
    clat percentiles (nsec):
     |  1.00th=[  450],  5.00th=[  532], 10.00th=[  572], 20.00th=[  628],
     | 30.00th=[  708], 40.00th=[ 1144], 50.00th=[ 1240], 60.00th=[ 1304],
     | 70.00th=[ 1368], 80.00th=[ 1448], 90.00th=[ 1656], 95.00th=[ 1976],
     | 99.00th=[ 3088], 99.50th=[ 9152], 99.90th=[20352], 99.95th=[24960],
     | 99.99th=[44288]
  lat (nsec)   : 500=2.81%, 750=29.27%, 1000=4.93%
  lat (usec)   : 2=58.42%, 4=3.62%, 10=0.51%, 20=0.33%, 50=0.10%
  lat (usec)   : 100=0.01%, 250=0.01%
  cpu          : usr=1.19%, sys=39.92%, ctx=1644, majf=0, minf=22
  IO depths    : 1=100.0%, 2=0.0%, 4=0.0%, 8=0.0%, 16=0.0%, 32=0.0%, >=64=0.0%
     submit    : 0=0.0%, 4=100.0%, 8=0.0%, 16=0.0%, 32=0.0%, 64=0.0%, >=64=0.0%
     complete  : 0=0.0%, 4=100.0%, 8=0.0%, 16=0.0%, 32=0.0%, 64=0.0%, >=64=0.0%
     issued rwts: total=0,65536,0,2 short=0,0,0,0 dropped=0,0,0,0
     latency   : target=0, window=0, percentile=100.00%, depth=1

Run status group 0 (all jobs):
  WRITE: bw=1925MiB/s (2018MB/s), 1925MiB/s-1925MiB/s (2018MB/s-2018MB/s), io=256MiB (268MB), run=133-133msec

Disk stats (read/write):
  nvme1n1: ios=0/0, merge=0/0, ticks=0/0, in_queue=0, util=0.00%
