randread: (g=0): rw=randread, bs=(R) 128KiB-128KiB, (W) 128KiB-128KiB, (T) 128KiB-128KiB, ioengine=psync, iodepth=1
...
fio-3.16
Starting 2 processes

randread: (groupid=0, jobs=2): err= 0: pid=155440: Mon Oct 13 14:00:11 2025
  read: IOPS=5535, BW=692MiB/s (726MB/s)(256MiB/370msec)
    clat (usec): min=6, max=4143, avg=360.47, stdev=380.62
     lat (usec): min=6, max=4143, avg=360.49, stdev=380.62
    clat percentiles (usec):
     |  1.00th=[   21],  5.00th=[   23], 10.00th=[   24], 20.00th=[   26],
     | 30.00th=[   28], 40.00th=[  371], 50.00th=[  445], 60.00th=[  478],
     | 70.00th=[  506], 80.00th=[  553], 90.00th=[  635], 95.00th=[  709],
     | 99.00th=[  938], 99.50th=[ 3884], 99.90th=[ 4080], 99.95th=[ 4113],
     | 99.99th=[ 4146]
  lat (usec)   : 10=0.05%, 20=0.59%, 50=36.18%, 250=0.05%, 500=31.49%
  lat (usec)   : 750=28.03%, 1000=2.83%
  lat (msec)   : 2=0.20%, 4=0.24%, 10=0.34%
  cpu          : usr=0.00%, sys=12.60%, ctx=1294, majf=0, minf=82
  IO depths    : 1=100.0%, 2=0.0%, 4=0.0%, 8=0.0%, 16=0.0%, 32=0.0%, >=64=0.0%
     submit    : 0=0.0%, 4=100.0%, 8=0.0%, 16=0.0%, 32=0.0%, 64=0.0%, >=64=0.0%
     complete  : 0=0.0%, 4=100.0%, 8=0.0%, 16=0.0%, 32=0.0%, 64=0.0%, >=64=0.0%
     issued rwts: total=2048,0,0,0 short=0,0,0,0 dropped=0,0,0,0
     latency   : target=0, window=0, percentile=100.00%, depth=1

Run status group 0 (all jobs):
   READ: bw=692MiB/s (726MB/s), 692MiB/s-692MiB/s (726MB/s-726MB/s), io=256MiB (268MB), run=370-370msec

Disk stats (read/write):
  nvme1n1: ios=490/1193, merge=0/0, ticks=255/36458, in_queue=36712, util=100.00%
