randwrite: (g=0): rw=randwrite, bs=(R) 4096B-4096B, (W) 4096B-4096B, (T) 4096B-4096B, ioengine=psync, iodepth=1
fio-3.16
Starting 1 process

randwrite: (groupid=0, jobs=1): err= 0: pid=155919: Mon Oct 13 14:00:37 2025
  write: IOPS=37.8k, BW=148MiB/s (155MB/s)(128MiB/867msec); 0 zone resets
    clat (nsec): min=260, max=20011k, avg=2791.67, stdev=156321.07
     lat (nsec): min=277, max=20011k, avg=2811.73, stdev=156321.90
    clat percentiles (nsec):
     |  1.00th=[   510],  5.00th=[   716], 10.00th=[   804], 20.00th=[   932],
     | 30.00th=[  1032], 40.00th=[  1112], 50.00th=[  1192], 60.00th=[  1288],
     | 70.00th=[  1400], 80.00th=[  1544], 90.00th=[  1768], 95.00th=[  1976],
     | 99.00th=[  2704], 99.50th=[  4576], 99.90th=[ 10688], 99.95th=[ 13376],
     | 99.99th=[191488]
  lat (nsec)   : 500=0.89%, 750=5.76%, 1000=20.55%
  lat (usec)   : 2=68.05%, 4=4.13%, 10=0.50%, 20=0.07%, 50=0.01%
  lat (usec)   : 100=0.01%, 250=0.03%
  lat (msec)   : 20=0.01%, 50=0.01%
  cpu          : usr=0.92%, sys=17.21%, ctx=648, majf=0, minf=11
  IO depths    : 1=100.0%, 2=0.0%, 4=0.0%, 8=0.0%, 16=0.0%, 32=0.0%, >=64=0.0%
     submit    : 0=0.0%, 4=100.0%, 8=0.0%, 16=0.0%, 32=0.0%, 64=0.0%, >=64=0.0%
     complete  : 0=0.0%, 4=100.0%, 8=0.0%, 16=0.0%, 32=0.0%, 64=0.0%, >=64=0.0%
     issued rwts: total=0,32768,0,1 short=0,0,0,0 dropped=0,0,0,0
     latency   : target=0, window=0, percentile=100.00%, depth=1

Run status group 0 (all jobs):
  WRITE: bw=148MiB/s (155MB/s), 148MiB/s-148MiB/s (155MB/s-155MB/s), io=128MiB (134MB), run=867-867msec

Disk stats (read/write):
  nvme1n1: ios=0/11167, merge=0/7, ticks=0/149584, in_queue=149584, util=100.00%
