randread: (g=0): rw=randread, bs=(R) 128KiB-128KiB, (W) 128KiB-128KiB, (T) 128KiB-128KiB, ioengine=psync, iodepth=1
fio-3.16
Starting 1 process

randread: (groupid=0, jobs=1): err= 0: pid=155374: Mon Oct 13 14:00:04 2025
  read: IOPS=2976, BW=372MiB/s (390MB/s)(128MiB/344msec)
    clat (usec): min=16, max=4158, avg=334.88, stdev=362.65
     lat (usec): min=16, max=4158, avg=334.90, stdev=362.65
    clat percentiles (usec):
     |  1.00th=[   18],  5.00th=[   21], 10.00th=[   23], 20.00th=[   26],
     | 30.00th=[   28], 40.00th=[  334], 50.00th=[  416], 60.00th=[  445],
     | 70.00th=[  474], 80.00th=[  510], 90.00th=[  578], 95.00th=[  668],
     | 99.00th=[  881], 99.50th=[ 3621], 99.90th=[ 3949], 99.95th=[ 4146],
     | 99.99th=[ 4146]
  lat (usec)   : 20=4.00%, 50=33.59%, 500=39.45%, 750=20.31%, 1000=1.95%
  lat (msec)   : 2=0.10%, 4=0.49%, 10=0.10%
  cpu          : usr=0.00%, sys=13.41%, ctx=639, majf=0, minf=42
  IO depths    : 1=100.0%, 2=0.0%, 4=0.0%, 8=0.0%, 16=0.0%, 32=0.0%, >=64=0.0%
     submit    : 0=0.0%, 4=100.0%, 8=0.0%, 16=0.0%, 32=0.0%, 64=0.0%, >=64=0.0%
     complete  : 0=0.0%, 4=100.0%, 8=0.0%, 16=0.0%, 32=0.0%, 64=0.0%, >=64=0.0%
     issued rwts: total=1024,0,0,0 short=0,0,0,0 dropped=0,0,0,0
     latency   : target=0, window=0, percentile=100.00%, depth=1

Run status group 0 (all jobs):
   READ: bw=372MiB/s (390MB/s), 372MiB/s-372MiB/s (390MB/s-390MB/s), io=128MiB (134MB), run=344-344msec

Disk stats (read/write):
  nvme1n1: ios=249/1207, merge=0/0, ticks=119/33209, in_queue=33328, util=100.00%
