read: (g=0): rw=read, bs=(R) 4096B-4096B, (W) 4096B-4096B, (T) 4096B-4096B, ioengine=psync, iodepth=1
fio-3.16
Starting 1 process

read: (groupid=0, jobs=1): err= 0: pid=152500: Mon Oct 13 13:57:03 2025
  read: IOPS=231k, BW=901MiB/s (945MB/s)(128MiB/142msec)
    clat (nsec): min=362, max=3906.3k, avg=4192.58, stdev=45510.67
     lat (nsec): min=374, max=3906.3k, avg=4207.26, stdev=45510.70
    clat percentiles (nsec):
     |  1.00th=[   426],  5.00th=[   516], 10.00th=[   588], 20.00th=[   652],
     | 30.00th=[   700], 40.00th=[   748], 50.00th=[   804], 60.00th=[   860],
     | 70.00th=[   932], 80.00th=[  1032], 90.00th=[  1192], 95.00th=[  1384],
     | 99.00th=[ 52480], 99.50th=[246784], 99.90th=[569344], 99.95th=[667648],
     | 99.99th=[806912]
  lat (nsec)   : 500=4.29%, 750=35.68%, 1000=37.23%
  lat (usec)   : 2=20.86%, 4=0.31%, 10=0.03%, 50=0.44%, 100=0.37%
  lat (usec)   : 250=0.29%, 500=0.33%, 750=0.13%, 1000=0.03%
  lat (msec)   : 4=0.01%
  cpu          : usr=9.93%, sys=30.50%, ctx=278, majf=0, minf=11
  IO depths    : 1=100.0%, 2=0.0%, 4=0.0%, 8=0.0%, 16=0.0%, 32=0.0%, >=64=0.0%
     submit    : 0=0.0%, 4=100.0%, 8=0.0%, 16=0.0%, 32=0.0%, 64=0.0%, >=64=0.0%
     complete  : 0=0.0%, 4=100.0%, 8=0.0%, 16=0.0%, 32=0.0%, 64=0.0%, >=64=0.0%
     issued rwts: total=32768,0,0,0 short=0,0,0,0 dropped=0,0,0,0
     latency   : target=0, window=0, percentile=100.00%, depth=1

Run status group 0 (all jobs):
   READ: bw=901MiB/s (945MB/s), 901MiB/s-901MiB/s (945MB/s-945MB/s), io=128MiB (134MB), run=142-142msec

Disk stats (read/write):
  nvme1n1: ios=0/0, merge=0/0, ticks=0/0, in_queue=0, util=0.00%
