read: (g=0): rw=read, bs=(R) 128KiB-128KiB, (W) 128KiB-128KiB, (T) 128KiB-128KiB, ioengine=psync, iodepth=1
fio-3.16
Starting 1 process

read: (groupid=0, jobs=1): err= 0: pid=317325: Mon Oct 13 19:33:37 2025
  read: IOPS=20.9k, BW=2612MiB/s (2739MB/s)(128MiB/49msec)
    clat (usec): min=7, max=266, avg=47.28, stdev=43.83
     lat (usec): min=7, max=266, avg=47.30, stdev=43.83
    clat percentiles (usec):
     |  1.00th=[    8],  5.00th=[    8], 10.00th=[    9], 20.00th=[    9],
     | 30.00th=[    9], 40.00th=[   10], 50.00th=[   26], 60.00th=[   66],
     | 70.00th=[   76], 80.00th=[   89], 90.00th=[   97], 95.00th=[  116],
     | 99.00th=[  172], 99.50th=[  188], 99.90th=[  265], 99.95th=[  269],
     | 99.99th=[  269]
  lat (usec)   : 10=48.24%, 20=1.66%, 50=2.34%, 100=38.48%, 250=9.08%
  lat (usec)   : 500=0.20%
  cpu          : usr=0.00%, sys=50.00%, ctx=536, majf=0, minf=41
  IO depths    : 1=100.0%, 2=0.0%, 4=0.0%, 8=0.0%, 16=0.0%, 32=0.0%, >=64=0.0%
     submit    : 0=0.0%, 4=100.0%, 8=0.0%, 16=0.0%, 32=0.0%, 64=0.0%, >=64=0.0%
     complete  : 0=0.0%, 4=100.0%, 8=0.0%, 16=0.0%, 32=0.0%, 64=0.0%, >=64=0.0%
     issued rwts: total=1024,0,0,0 short=0,0,0,0 dropped=0,0,0,0
     latency   : target=0, window=0, percentile=100.00%, depth=1

Run status group 0 (all jobs):
   READ: bw=2612MiB/s (2739MB/s), 2612MiB/s-2612MiB/s (2739MB/s-2739MB/s), io=128MiB (134MB), run=49-49msec

Disk stats (read/write):
  nvme1n1: ios=0/0, merge=0/0, ticks=0/0, in_queue=0, util=0.00%
