write: (g=0): rw=write, bs=(R) 128KiB-128KiB, (W) 128KiB-128KiB, (T) 128KiB-128KiB, ioengine=psync, iodepth=1
fio-3.16
Starting 1 process

write: (groupid=0, jobs=1): err= 0: pid=154049: Mon Oct 13 13:58:24 2025
  write: IOPS=4471, BW=559MiB/s (586MB/s)(128MiB/229msec); 0 zone resets
    clat (usec): min=26, max=16046, avg=63.00, stdev=632.96
     lat (usec): min=27, max=16046, avg=63.46, stdev=632.97
    clat percentiles (usec):
     |  1.00th=[   28],  5.00th=[   30], 10.00th=[   31], 20.00th=[   32],
     | 30.00th=[   33], 40.00th=[   34], 50.00th=[   35], 60.00th=[   36],
     | 70.00th=[   37], 80.00th=[   40], 90.00th=[   43], 95.00th=[   45],
     | 99.00th=[   49], 99.50th=[   53], 99.90th=[12518], 99.95th=[16057],
     | 99.99th=[16057]
  lat (usec)   : 50=99.12%, 100=0.68%
  lat (msec)   : 20=0.20%
  cpu          : usr=0.00%, sys=21.93%, ctx=18, majf=0, minf=12
  IO depths    : 1=100.1%, 2=0.0%, 4=0.0%, 8=0.0%, 16=0.0%, 32=0.0%, >=64=0.0%
     submit    : 0=0.0%, 4=100.0%, 8=0.0%, 16=0.0%, 32=0.0%, 64=0.0%, >=64=0.0%
     complete  : 0=0.0%, 4=100.0%, 8=0.0%, 16=0.0%, 32=0.0%, 64=0.0%, >=64=0.0%
     issued rwts: total=0,1024,0,1 short=0,0,0,0 dropped=0,0,0,0
     latency   : target=0, window=0, percentile=100.00%, depth=1

Run status group 0 (all jobs):
  WRITE: bw=559MiB/s (586MB/s), 559MiB/s-559MiB/s (586MB/s-586MB/s), io=128MiB (134MB), run=229-229msec

Disk stats (read/write):
  nvme1n1: ios=0/1381, merge=0/0, ticks=0/48731, in_queue=48731, util=100.00%
