write: (g=0): rw=write, bs=(R) 4096B-4096B, (W) 4096B-4096B, (T) 4096B-4096B, ioengine=psync, iodepth=1
fio-3.16
Starting 1 process

write: (groupid=0, jobs=1): err= 0: pid=317933: Mon Oct 13 19:34:06 2025
  write: IOPS=280k, BW=1094MiB/s (1147MB/s)(128MiB/117msec); 0 zone resets
    clat (nsec): min=883, max=50809, avg=1398.46, stdev=1516.60
     lat (nsec): min=914, max=50844, avg=1440.71, stdev=1544.26
    clat percentiles (nsec):
     |  1.00th=[  988],  5.00th=[ 1032], 10.00th=[ 1064], 20.00th=[ 1096],
     | 30.00th=[ 1112], 40.00th=[ 1128], 50.00th=[ 1160], 60.00th=[ 1176],
     | 70.00th=[ 1208], 80.00th=[ 1288], 90.00th=[ 1784], 95.00th=[ 1976],
     | 99.00th=[ 8384], 99.50th=[11968], 99.90th=[23168], 99.95th=[28032],
     | 99.99th=[37120]
  lat (nsec)   : 1000=1.54%
  lat (usec)   : 2=93.86%, 4=3.16%, 10=0.68%, 20=0.60%, 50=0.15%
  lat (usec)   : 100=0.01%
  cpu          : usr=12.07%, sys=37.07%, ctx=585, majf=0, minf=10
  IO depths    : 1=100.0%, 2=0.0%, 4=0.0%, 8=0.0%, 16=0.0%, 32=0.0%, >=64=0.0%
     submit    : 0=0.0%, 4=100.0%, 8=0.0%, 16=0.0%, 32=0.0%, 64=0.0%, >=64=0.0%
     complete  : 0=0.0%, 4=100.0%, 8=0.0%, 16=0.0%, 32=0.0%, 64=0.0%, >=64=0.0%
     issued rwts: total=0,32768,0,1 short=0,0,0,0 dropped=0,0,0,0
     latency   : target=0, window=0, percentile=100.00%, depth=1

Run status group 0 (all jobs):
  WRITE: bw=1094MiB/s (1147MB/s), 1094MiB/s-1094MiB/s (1147MB/s-1147MB/s), io=128MiB (134MB), run=117-117msec

Disk stats (read/write):
  nvme1n1: ios=0/0, merge=0/0, ticks=0/0, in_queue=0, util=0.00%
