randread: (g=0): rw=randread, bs=(R) 128KiB-128KiB, (W) 128KiB-128KiB, (T) 128KiB-128KiB, ioengine=psync, iodepth=1
...
fio-3.16
Starting 4 processes

randread: (groupid=0, jobs=4): err= 0: pid=320829: Mon Oct 13 19:36:21 2025
  read: IOPS=30.6k, BW=3821MiB/s (4006MB/s)(512MiB/134msec)
    clat (usec): min=2, max=1128, avg=127.87, stdev=94.45
     lat (usec): min=2, max=1128, avg=127.89, stdev=94.45
    clat percentiles (usec):
     |  1.00th=[   11],  5.00th=[   13], 10.00th=[   15], 20.00th=[   16],
     | 30.00th=[   18], 40.00th=[  141], 50.00th=[  157], 60.00th=[  174],
     | 70.00th=[  186], 80.00th=[  202], 90.00th=[  229], 95.00th=[  255],
     | 99.00th=[  347], 99.50th=[  388], 99.90th=[  474], 99.95th=[  570],
     | 99.99th=[ 1123]
  lat (usec)   : 4=0.07%, 10=0.32%, 20=34.35%, 50=1.95%, 250=57.69%
  lat (usec)   : 500=5.54%, 750=0.05%
  lat (msec)   : 2=0.02%
  cpu          : usr=0.38%, sys=20.46%, ctx=2667, majf=0, minf=166
  IO depths    : 1=100.0%, 2=0.0%, 4=0.0%, 8=0.0%, 16=0.0%, 32=0.0%, >=64=0.0%
     submit    : 0=0.0%, 4=100.0%, 8=0.0%, 16=0.0%, 32=0.0%, 64=0.0%, >=64=0.0%
     complete  : 0=0.0%, 4=100.0%, 8=0.0%, 16=0.0%, 32=0.0%, 64=0.0%, >=64=0.0%
     issued rwts: total=4096,0,0,0 short=0,0,0,0 dropped=0,0,0,0
     latency   : target=0, window=0, percentile=100.00%, depth=1

Run status group 0 (all jobs):
   READ: bw=3821MiB/s (4006MB/s), 3821MiB/s-3821MiB/s (4006MB/s-4006MB/s), io=512MiB (537MB), run=134-134msec

Disk stats (read/write):
  nvme1n1: ios=0/0, merge=0/0, ticks=0/0, in_queue=0, util=0.00%
