read: (g=0): rw=read, bs=(R) 128KiB-128KiB, (W) 128KiB-128KiB, (T) 128KiB-128KiB, ioengine=psync, iodepth=1
...
fio-3.16
Starting 3 processes

read: (groupid=0, jobs=3): err= 0: pid=153324: Mon Oct 13 13:57:44 2025
  read: IOPS=15.1k, BW=1882MiB/s (1974MB/s)(384MiB/204msec)
    clat (usec): min=19, max=1184, avg=196.97, stdev=214.57
     lat (usec): min=19, max=1184, avg=196.99, stdev=214.57
    clat percentiles (usec):
     |  1.00th=[   22],  5.00th=[   23], 10.00th=[   24], 20.00th=[   25],
     | 30.00th=[   26], 40.00th=[   27], 50.00th=[   37], 60.00th=[  227],
     | 70.00th=[  306], 80.00th=[  392], 90.00th=[  506], 95.00th=[  611],
     | 99.00th=[  848], 99.50th=[  922], 99.90th=[ 1029], 99.95th=[ 1090],
     | 99.99th=[ 1188]
  lat (usec)   : 20=0.07%, 50=49.93%, 100=2.67%, 250=10.03%, 500=26.89%
  lat (usec)   : 750=8.56%, 1000=1.66%
  lat (msec)   : 2=0.20%
  cpu          : usr=0.00%, sys=24.79%, ctx=1514, majf=0, minf=128
  IO depths    : 1=100.0%, 2=0.0%, 4=0.0%, 8=0.0%, 16=0.0%, 32=0.0%, >=64=0.0%
     submit    : 0=0.0%, 4=100.0%, 8=0.0%, 16=0.0%, 32=0.0%, 64=0.0%, >=64=0.0%
     complete  : 0=0.0%, 4=100.0%, 8=0.0%, 16=0.0%, 32=0.0%, 64=0.0%, >=64=0.0%
     issued rwts: total=3072,0,0,0 short=0,0,0,0 dropped=0,0,0,0
     latency   : target=0, window=0, percentile=100.00%, depth=1

Run status group 0 (all jobs):
   READ: bw=1882MiB/s (1974MB/s), 1882MiB/s-1882MiB/s (1974MB/s-1974MB/s), io=384MiB (403MB), run=204-204msec

Disk stats (read/write):
  nvme1n1: ios=1089/952, merge=0/0, ticks=738/40321, in_queue=41059, util=100.00%
