write: (g=0): rw=write, bs=(R) 4096B-4096B, (W) 4096B-4096B, (T) 4096B-4096B, ioengine=psync, iodepth=1
...
fio-3.16
Starting 3 processes

write: (groupid=0, jobs=3): err= 0: pid=153779: Mon Oct 13 13:58:14 2025
  write: IOPS=251k, BW=982MiB/s (1030MB/s)(384MiB/391msec); 0 zone resets
    clat (nsec): min=647, max=405951, avg=1453.29, stdev=3587.27
     lat (nsec): min=667, max=405972, avg=1474.04, stdev=3588.12
    clat percentiles (nsec):
     |  1.00th=[   700],  5.00th=[   756], 10.00th=[   860], 20.00th=[  1004],
     | 30.00th=[  1112], 40.00th=[  1192], 50.00th=[  1288], 60.00th=[  1400],
     | 70.00th=[  1512], 80.00th=[  1688], 90.00th=[  1976], 95.00th=[  2320],
     | 99.00th=[  4192], 99.50th=[  4896], 99.90th=[  7840], 99.95th=[ 14912],
     | 99.99th=[272384]
  lat (nsec)   : 750=4.63%, 1000=15.26%
  lat (usec)   : 2=70.57%, 4=8.37%, 10=1.09%, 20=0.05%, 50=0.01%
  lat (usec)   : 100=0.01%, 250=0.01%, 500=0.01%
  cpu          : usr=2.14%, sys=15.24%, ctx=31, majf=0, minf=39
  IO depths    : 1=100.0%, 2=0.0%, 4=0.0%, 8=0.0%, 16=0.0%, 32=0.0%, >=64=0.0%
     submit    : 0=0.0%, 4=100.0%, 8=0.0%, 16=0.0%, 32=0.0%, 64=0.0%, >=64=0.0%
     complete  : 0=0.0%, 4=100.0%, 8=0.0%, 16=0.0%, 32=0.0%, 64=0.0%, >=64=0.0%
     issued rwts: total=0,98304,0,3 short=0,0,0,0 dropped=0,0,0,0
     latency   : target=0, window=0, percentile=100.00%, depth=1

Run status group 0 (all jobs):
  WRITE: bw=982MiB/s (1030MB/s), 982MiB/s-982MiB/s (1030MB/s-1030MB/s), io=384MiB (403MB), run=391-391msec

Disk stats (read/write):
  nvme1n1: ios=0/1336, merge=0/2, ticks=0/47256, in_queue=47256, util=99.17%
