randwrite: (g=0): rw=randwrite, bs=(R) 128KiB-128KiB, (W) 128KiB-128KiB, (T) 128KiB-128KiB, ioengine=psync, iodepth=1
...
fio-3.16
Starting 4 processes

randwrite: (groupid=0, jobs=4): err= 0: pid=156956: Mon Oct 13 14:01:47 2025
  write: IOPS=2323, BW=290MiB/s (305MB/s)(512MiB/1763msec); 0 zone resets
    clat (usec): min=22, max=41175, avg=69.48, stdev=642.84
     lat (usec): min=22, max=41184, avg=69.94, stdev=642.96
    clat percentiles (usec):
     |  1.00th=[   39],  5.00th=[   46], 10.00th=[   49], 20.00th=[   51],
     | 30.00th=[   52], 40.00th=[   55], 50.00th=[   56], 60.00th=[   59],
     | 70.00th=[   61], 80.00th=[   65], 90.00th=[   70], 95.00th=[   75],
     | 99.00th=[  178], 99.50th=[  206], 99.90th=[  375], 99.95th=[  469],
     | 99.99th=[41157]
  lat (usec)   : 50=17.94%, 100=79.91%, 250=1.95%, 500=0.15%, 750=0.02%
  lat (msec)   : 50=0.02%
  cpu          : usr=0.00%, sys=11.41%, ctx=9281, majf=0, minf=42
  IO depths    : 1=100.1%, 2=0.0%, 4=0.0%, 8=0.0%, 16=0.0%, 32=0.0%, >=64=0.0%
     submit    : 0=0.0%, 4=100.0%, 8=0.0%, 16=0.0%, 32=0.0%, 64=0.0%, >=64=0.0%
     complete  : 0=0.0%, 4=100.0%, 8=0.0%, 16=0.0%, 32=0.0%, 64=0.0%, >=64=0.0%
     issued rwts: total=0,4096,0,4 short=0,0,0,0 dropped=0,0,0,0
     latency   : target=0, window=0, percentile=100.00%, depth=1

Run status group 0 (all jobs):
  WRITE: bw=290MiB/s (305MB/s), 290MiB/s-290MiB/s (305MB/s-305MB/s), io=512MiB (537MB), run=1763-1763msec

Disk stats (read/write):
  nvme1n1: ios=0/15073, merge=0/62, ticks=0/344708, in_queue=344749, util=100.00%
