randwrite: (g=0): rw=randwrite, bs=(R) 128KiB-128KiB, (W) 128KiB-128KiB, (T) 128KiB-128KiB, ioengine=psync, iodepth=1
...
fio-3.16
Starting 3 processes

randwrite: (groupid=0, jobs=3): err= 0: pid=321810: Mon Oct 13 19:37:13 2025
  write: IOPS=21.3k, BW=2667MiB/s (2796MB/s)(384MiB/144msec); 0 zone resets
    clat (usec): min=5, max=1638, avg=28.77, stdev=31.33
     lat (usec): min=5, max=1638, avg=29.22, stdev=31.33
    clat percentiles (usec):
     |  1.00th=[   11],  5.00th=[   13], 10.00th=[   15], 20.00th=[   16],
     | 30.00th=[   18], 40.00th=[   27], 50.00th=[   31], 60.00th=[   33],
     | 70.00th=[   34], 80.00th=[   39], 90.00th=[   43], 95.00th=[   45],
     | 99.00th=[   50], 99.50th=[   79], 99.90th=[  101], 99.95th=[  135],
     | 99.99th=[ 1631]
  lat (usec)   : 10=0.78%, 20=34.64%, 50=63.67%, 100=0.75%, 250=0.13%
  lat (msec)   : 2=0.03%
  cpu          : usr=1.75%, sys=23.50%, ctx=172, majf=0, minf=27
  IO depths    : 1=100.1%, 2=0.0%, 4=0.0%, 8=0.0%, 16=0.0%, 32=0.0%, >=64=0.0%
     submit    : 0=0.0%, 4=100.0%, 8=0.0%, 16=0.0%, 32=0.0%, 64=0.0%, >=64=0.0%
     complete  : 0=0.0%, 4=100.0%, 8=0.0%, 16=0.0%, 32=0.0%, 64=0.0%, >=64=0.0%
     issued rwts: total=0,3072,0,3 short=0,0,0,0 dropped=0,0,0,0
     latency   : target=0, window=0, percentile=100.00%, depth=1

Run status group 0 (all jobs):
  WRITE: bw=2667MiB/s (2796MB/s), 2667MiB/s-2667MiB/s (2796MB/s-2796MB/s), io=384MiB (403MB), run=144-144msec

Disk stats (read/write):
  nvme1n1: ios=13266/840, merge=0/2, ticks=1049/3683, in_queue=4745, util=100.00%
