randread: (g=0): rw=randread, bs=(R) 4096B-4096B, (W) 4096B-4096B, (T) 4096B-4096B, ioengine=psync, iodepth=1
...
fio-3.16
Starting 2 processes

randread: (groupid=0, jobs=2): err= 0: pid=319949: Mon Oct 13 19:35:19 2025
  read: IOPS=61.7k, BW=241MiB/s (253MB/s)(256MiB/1063msec)
    clat (nsec): min=206, max=330554, avg=31888.40, stdev=27992.30
     lat (nsec): min=220, max=330568, avg=31908.68, stdev=27992.55
    clat percentiles (nsec):
     |  1.00th=[   510],  5.00th=[   612], 10.00th=[   684], 20.00th=[   804],
     | 30.00th=[   980], 40.00th=[ 38656], 50.00th=[ 40192], 60.00th=[ 41728],
     | 70.00th=[ 43264], 80.00th=[ 46848], 90.00th=[ 59648], 95.00th=[ 73216],
     | 99.00th=[119296], 99.50th=[140288], 99.90th=[189440], 99.95th=[209920],
     | 99.99th=[268288]
   bw (  KiB/s): min=188992, max=293528, per=97.83%, avg=241260.00, stdev=30189.50, samples=4
   iops        : min=47248, max=73382, avg=60315.00, stdev=7547.38, samples=4
  lat (nsec)   : 250=0.02%, 500=0.83%, 750=14.85%, 1000=14.89%
  lat (usec)   : 2=5.17%, 4=0.94%, 10=0.01%, 50=47.57%, 100=13.86%
  lat (usec)   : 250=1.85%, 500=0.02%
  cpu          : usr=2.05%, sys=5.81%, ctx=41491, majf=0, minf=23
  IO depths    : 1=100.0%, 2=0.0%, 4=0.0%, 8=0.0%, 16=0.0%, 32=0.0%, >=64=0.0%
     submit    : 0=0.0%, 4=100.0%, 8=0.0%, 16=0.0%, 32=0.0%, 64=0.0%, >=64=0.0%
     complete  : 0=0.0%, 4=100.0%, 8=0.0%, 16=0.0%, 32=0.0%, 64=0.0%, >=64=0.0%
     issued rwts: total=65536,0,0,0 short=0,0,0,0 dropped=0,0,0,0
     latency   : target=0, window=0, percentile=100.00%, depth=1

Run status group 0 (all jobs):
   READ: bw=241MiB/s (253MB/s), 241MiB/s-241MiB/s (253MB/s-253MB/s), io=256MiB (268MB), run=1063-1063msec

Disk stats (read/write):
  nvme1n1: ios=127650/0, merge=0/0, ticks=7121/0, in_queue=7122, util=100.00%
