read: (g=0): rw=read, bs=(R) 4096B-4096B, (W) 4096B-4096B, (T) 4096B-4096B, ioengine=psync, iodepth=1
...
fio-3.16
Starting 3 processes

read: (groupid=0, jobs=3): err= 0: pid=152832: Mon Oct 13 13:57:19 2025
  read: IOPS=443k, BW=1730MiB/s (1814MB/s)(384MiB/222msec)
    clat (nsec): min=368, max=3872.9k, avg=6614.36, stdev=56320.70
     lat (nsec): min=379, max=3872.9k, avg=6627.87, stdev=56320.70
    clat percentiles (nsec):
     |  1.00th=[    466],  5.00th=[    596], 10.00th=[    652],
     | 20.00th=[    724], 30.00th=[    788], 40.00th=[    844],
     | 50.00th=[    916], 60.00th=[    980], 70.00th=[   1048],
     | 80.00th=[   1144], 90.00th=[   1336], 95.00th=[   1528],
     | 99.00th=[ 268288], 99.50th=[ 415744], 99.90th=[ 659456],
     | 99.95th=[ 774144], 99.99th=[1122304]
  lat (nsec)   : 500=1.76%, 750=22.48%, 1000=38.60%
  lat (usec)   : 2=35.24%, 4=0.31%, 10=0.04%, 50=0.06%, 100=0.10%
  lat (usec)   : 250=0.37%, 500=0.73%, 750=0.26%, 1000=0.05%
  lat (msec)   : 2=0.01%, 4=0.01%
  cpu          : usr=1.37%, sys=25.04%, ctx=1507, majf=0, minf=36
  IO depths    : 1=100.0%, 2=0.0%, 4=0.0%, 8=0.0%, 16=0.0%, 32=0.0%, >=64=0.0%
     submit    : 0=0.0%, 4=100.0%, 8=0.0%, 16=0.0%, 32=0.0%, 64=0.0%, >=64=0.0%
     complete  : 0=0.0%, 4=100.0%, 8=0.0%, 16=0.0%, 32=0.0%, 64=0.0%, >=64=0.0%
     issued rwts: total=98304,0,0,0 short=0,0,0,0 dropped=0,0,0,0
     latency   : target=0, window=0, percentile=100.00%, depth=1

Run status group 0 (all jobs):
   READ: bw=1730MiB/s (1814MB/s), 1730MiB/s-1730MiB/s (1814MB/s-1814MB/s), io=384MiB (403MB), run=222-222msec

Disk stats (read/write):
  nvme1n1: ios=1018/916, merge=0/0, ticks=733/40414, in_queue=41147, util=100.00%
