write: (g=0): rw=write, bs=(R) 128KiB-128KiB, (W) 128KiB-128KiB, (T) 128KiB-128KiB, ioengine=psync, iodepth=1
...
fio-3.16
Starting 3 processes

write: (groupid=0, jobs=3): err= 0: pid=319463: Mon Oct 13 19:34:50 2025
  write: IOPS=14.9k, BW=1864MiB/s (1955MB/s)(384MiB/206msec); 0 zone resets
    clat (nsec): min=21147, max=43573, avg=27837.76, stdev=2807.64
     lat (nsec): min=21583, max=43897, avg=28300.66, stdev=2820.48
    clat percentiles (nsec):
     |  1.00th=[23680],  5.00th=[24704], 10.00th=[25216], 20.00th=[25728],
     | 30.00th=[26240], 40.00th=[26752], 50.00th=[27264], 60.00th=[27776],
     | 70.00th=[28288], 80.00th=[29568], 90.00th=[32128], 95.00th=[34048],
     | 99.00th=[36608], 99.50th=[37632], 99.90th=[39680], 99.95th=[43264],
     | 99.99th=[43776]
  lat (usec)   : 50=100.00%
  cpu          : usr=0.00%, sys=17.29%, ctx=34, majf=0, minf=34
  IO depths    : 1=100.1%, 2=0.0%, 4=0.0%, 8=0.0%, 16=0.0%, 32=0.0%, >=64=0.0%
     submit    : 0=0.0%, 4=100.0%, 8=0.0%, 16=0.0%, 32=0.0%, 64=0.0%, >=64=0.0%
     complete  : 0=0.0%, 4=100.0%, 8=0.0%, 16=0.0%, 32=0.0%, 64=0.0%, >=64=0.0%
     issued rwts: total=0,3072,0,3 short=0,0,0,0 dropped=0,0,0,0
     latency   : target=0, window=0, percentile=100.00%, depth=1

Run status group 0 (all jobs):
  WRITE: bw=1864MiB/s (1955MB/s), 1864MiB/s-1864MiB/s (1955MB/s-1955MB/s), io=384MiB (403MB), run=206-206msec

Disk stats (read/write):
  nvme1n1: ios=13256/535, merge=0/0, ticks=1087/6669, in_queue=7755, util=98.77%
