write: (g=0): rw=write, bs=(R) 4096B-4096B, (W) 4096B-4096B, (T) 4096B-4096B, ioengine=psync, iodepth=1
fio-3.16
Starting 1 process

write: (groupid=0, jobs=1): err= 0: pid=153571: Mon Oct 13 13:58:00 2025
  write: IOPS=142k, BW=557MiB/s (584MB/s)(128MiB/230msec); 0 zone resets
    clat (nsec): min=653, max=26944, avg=1215.66, stdev=591.58
     lat (nsec): min=674, max=26963, avg=1236.17, stdev=600.35
    clat percentiles (nsec):
     |  1.00th=[  676],  5.00th=[  692], 10.00th=[  700], 20.00th=[  796],
     | 30.00th=[  940], 40.00th=[ 1032], 50.00th=[ 1128], 60.00th=[ 1224],
     | 70.00th=[ 1336], 80.00th=[ 1480], 90.00th=[ 1736], 95.00th=[ 2024],
     | 99.00th=[ 3376], 99.50th=[ 3856], 99.90th=[ 5152], 99.95th=[ 6944],
     | 99.99th=[17536]
  lat (nsec)   : 750=16.62%, 1000=19.35%
  lat (usec)   : 2=58.79%, 4=4.83%, 10=0.37%, 20=0.02%, 50=0.01%
  cpu          : usr=4.80%, sys=18.34%, ctx=6, majf=0, minf=9
  IO depths    : 1=100.0%, 2=0.0%, 4=0.0%, 8=0.0%, 16=0.0%, 32=0.0%, >=64=0.0%
     submit    : 0=0.0%, 4=100.0%, 8=0.0%, 16=0.0%, 32=0.0%, 64=0.0%, >=64=0.0%
     complete  : 0=0.0%, 4=100.0%, 8=0.0%, 16=0.0%, 32=0.0%, 64=0.0%, >=64=0.0%
     issued rwts: total=0,32768,0,1 short=0,0,0,0 dropped=0,0,0,0
     latency   : target=0, window=0, percentile=100.00%, depth=1

Run status group 0 (all jobs):
  WRITE: bw=557MiB/s (584MB/s), 557MiB/s-557MiB/s (584MB/s-584MB/s), io=128MiB (134MB), run=230-230msec

Disk stats (read/write):
  nvme1n1: ios=0/1315, merge=0/0, ticks=0/51975, in_queue=51975, util=100.00%
