randwrite: (g=0): rw=randwrite, bs=(R) 128KiB-128KiB, (W) 128KiB-128KiB, (T) 128KiB-128KiB, ioengine=psync, iodepth=1
...
fio-3.16
Starting 16 processes

randwrite: (groupid=0, jobs=16): err= 0: pid=62249: Fri Oct 17 17:24:53 2025
  write: IOPS=20.8k, BW=2596MiB/s (2722MB/s)(2048MiB/789msec); 0 zone resets
    clat (usec): min=5, max=2230, avg=79.07, stdev=80.48
     lat (usec): min=5, max=2231, avg=80.12, stdev=80.56
    clat percentiles (usec):
     |  1.00th=[   20],  5.00th=[   37], 10.00th=[   44], 20.00th=[   52],
     | 30.00th=[   58], 40.00th=[   64], 50.00th=[   69], 60.00th=[   76],
     | 70.00th=[   86], 80.00th=[  100], 90.00th=[  117], 95.00th=[  126],
     | 99.00th=[  151], 99.50th=[  396], 99.90th=[ 1450], 99.95th=[ 1549],
     | 99.99th=[ 1942]
  lat (usec)   : 10=0.16%, 20=0.96%, 50=15.12%, 100=64.09%, 250=19.10%
  lat (usec)   : 500=0.09%, 750=0.10%, 1000=0.12%
  lat (msec)   : 2=0.24%, 4=0.01%
  cpu          : usr=0.31%, sys=11.00%, ctx=2014, majf=0, minf=165
  IO depths    : 1=100.1%, 2=0.0%, 4=0.0%, 8=0.0%, 16=0.0%, 32=0.0%, >=64=0.0%
     submit    : 0=0.0%, 4=100.0%, 8=0.0%, 16=0.0%, 32=0.0%, 64=0.0%, >=64=0.0%
     complete  : 0=0.0%, 4=100.0%, 8=0.0%, 16=0.0%, 32=0.0%, 64=0.0%, >=64=0.0%
     issued rwts: total=0,16384,0,16 short=0,0,0,0 dropped=0,0,0,0
     latency   : target=0, window=0, percentile=100.00%, depth=1

Run status group 0 (all jobs):
  WRITE: bw=2596MiB/s (2722MB/s), 2596MiB/s-2596MiB/s (2722MB/s-2722MB/s), io=2048MiB (2147MB), run=789-789msec

Disk stats (read/write):
  nvme1n1: ios=239/3824, merge=0/6972, ticks=87/208538, in_queue=208647, util=87.10%
