randread: (g=0): rw=randread, bs=(R) 128KiB-128KiB, (W) 128KiB-128KiB, (T) 128KiB-128KiB, ioengine=psync, iodepth=1
...
fio-3.16
Starting 2 processes

randread: (groupid=0, jobs=2): err= 0: pid=1943647: Fri Oct 10 11:00:30 2025
  read: IOPS=15.3k, BW=1918MiB/s (2011MB/s)(512MiB/267msec)
    clat (usec): min=7, max=2104, avg=128.99, stdev=95.35
     lat (usec): min=7, max=2104, avg=129.05, stdev=95.36
    clat percentiles (usec):
     |  1.00th=[   18],  5.00th=[   21], 10.00th=[   25], 20.00th=[   31],
     | 30.00th=[   36], 40.00th=[  141], 50.00th=[  172], 60.00th=[  178],
     | 70.00th=[  186], 80.00th=[  194], 90.00th=[  206], 95.00th=[  215],
     | 99.00th=[  233], 99.50th=[  243], 99.90th=[ 1319], 99.95th=[ 1582],
     | 99.99th=[ 2114]
  lat (usec)   : 10=0.07%, 20=4.20%, 50=32.74%, 100=0.05%, 250=62.72%
  lat (usec)   : 500=0.05%, 750=0.02%
  lat (msec)   : 2=0.12%, 4=0.02%
  cpu          : usr=0.00%, sys=43.96%, ctx=2579, majf=0, minf=83
  IO depths    : 1=100.0%, 2=0.0%, 4=0.0%, 8=0.0%, 16=0.0%, 32=0.0%, >=64=0.0%
     submit    : 0=0.0%, 4=100.0%, 8=0.0%, 16=0.0%, 32=0.0%, 64=0.0%, >=64=0.0%
     complete  : 0=0.0%, 4=100.0%, 8=0.0%, 16=0.0%, 32=0.0%, 64=0.0%, >=64=0.0%
     issued rwts: total=4096,0,0,0 short=0,0,0,0 dropped=0,0,0,0
     latency   : target=0, window=0, percentile=100.00%, depth=1

Run status group 0 (all jobs):
   READ: bw=1918MiB/s (2011MB/s), 1918MiB/s-1918MiB/s (2011MB/s-2011MB/s), io=512MiB (537MB), run=267-267msec

Disk stats (read/write):
  nvme1n1: ios=1423/0, merge=0/0, ticks=174/0, in_queue=174, util=60.66%
