randread: (g=0): rw=randread, bs=(R) 128KiB-128KiB, (W) 128KiB-128KiB, (T) 128KiB-128KiB, ioengine=psync, iodepth=1
...
fio-3.16
Starting 32 processes

randread: (groupid=0, jobs=32): err= 0: pid=61626: Fri Oct 17 17:24:39 2025
  read: IOPS=11.3k, BW=1407MiB/s (1475MB/s)(4096MiB/2911msec)
    clat (usec): min=2, max=12521, avg=2670.66, stdev=2456.48
     lat (usec): min=2, max=12521, avg=2670.73, stdev=2456.48
    clat percentiles (usec):
     |  1.00th=[    9],  5.00th=[   10], 10.00th=[   11], 20.00th=[   12],
     | 30.00th=[   15], 40.00th=[ 1549], 50.00th=[ 2704], 60.00th=[ 3490],
     | 70.00th=[ 4228], 80.00th=[ 5145], 90.00th=[ 5866], 95.00th=[ 6849],
     | 99.00th=[ 8029], 99.50th=[ 8455], 99.90th=[ 9634], 99.95th=[ 9896],
     | 99.99th=[10945]
   bw (  MiB/s): min=  946, max= 1917, per=96.18%, avg=1353.29, stdev=11.35, samples=160
   iops        : min= 7574, max=15336, avg=10826.20, stdev=90.82, samples=160
  lat (usec)   : 4=0.05%, 10=7.10%, 20=27.47%, 50=1.87%, 100=0.47%
  lat (usec)   : 250=0.07%, 500=0.29%, 750=0.38%, 1000=0.45%
  lat (msec)   : 2=4.84%, 4=24.19%, 10=32.77%, 20=0.04%
  cpu          : usr=0.05%, sys=1.10%, ctx=20761, majf=0, minf=1371
  IO depths    : 1=100.0%, 2=0.0%, 4=0.0%, 8=0.0%, 16=0.0%, 32=0.0%, >=64=0.0%
     submit    : 0=0.0%, 4=100.0%, 8=0.0%, 16=0.0%, 32=0.0%, 64=0.0%, >=64=0.0%
     complete  : 0=0.0%, 4=100.0%, 8=0.0%, 16=0.0%, 32=0.0%, 64=0.0%, >=64=0.0%
     issued rwts: total=32768,0,0,0 short=0,0,0,0 dropped=0,0,0,0
     latency   : target=0, window=0, percentile=100.00%, depth=1

Run status group 0 (all jobs):
   READ: bw=1407MiB/s (1475MB/s), 1407MiB/s-1407MiB/s (1475MB/s-1475MB/s), io=4096MiB (4295MB), run=2911-2911msec

Disk stats (read/write):
  nvme1n1: ios=20629/0, merge=0/0, ticks=86553/0, in_queue=86553, util=96.66%
