randread: (g=0): rw=randread, bs=(R) 128KiB-128KiB, (W) 128KiB-128KiB, (T) 128KiB-128KiB, ioengine=psync, iodepth=1
...
fio-3.16
Starting 4 processes

randread: (groupid=0, jobs=4): err= 0: pid=672249: Mon Oct 20 06:33:16 2025
  read: IOPS=27.3k, BW=3413MiB/s (3579MB/s)(1024MiB/300msec)
    clat (usec): min=5, max=708, avg=142.41, stdev=97.88
     lat (usec): min=5, max=709, avg=142.46, stdev=97.88
    clat percentiles (usec):
     |  1.00th=[   15],  5.00th=[   18], 10.00th=[   21], 20.00th=[   23],
     | 30.00th=[   25], 40.00th=[  159], 50.00th=[  184], 60.00th=[  200],
     | 70.00th=[  212], 80.00th=[  227], 90.00th=[  249], 95.00th=[  269],
     | 99.00th=[  306], 99.50th=[  334], 99.90th=[  392], 99.95th=[  400],
     | 99.99th=[  709]
  lat (usec)   : 10=0.12%, 20=9.73%, 50=27.66%, 250=52.70%, 500=9.74%
  lat (usec)   : 750=0.05%
  cpu          : usr=0.26%, sys=31.65%, ctx=5129, majf=0, minf=167
  IO depths    : 1=100.0%, 2=0.0%, 4=0.0%, 8=0.0%, 16=0.0%, 32=0.0%, >=64=0.0%
     submit    : 0=0.0%, 4=100.0%, 8=0.0%, 16=0.0%, 32=0.0%, 64=0.0%, >=64=0.0%
     complete  : 0=0.0%, 4=100.0%, 8=0.0%, 16=0.0%, 32=0.0%, 64=0.0%, >=64=0.0%
     issued rwts: total=8192,0,0,0 short=0,0,0,0 dropped=0,0,0,0
     latency   : target=0, window=0, percentile=100.00%, depth=1

Run status group 0 (all jobs):
   READ: bw=3413MiB/s (3579MB/s), 3413MiB/s-3413MiB/s (3579MB/s-3579MB/s), io=1024MiB (1074MB), run=300-300msec

Disk stats (read/write):
  nvme1n1: ios=2531/0, merge=0/0, ticks=404/0, in_queue=403, util=59.75%
