randwrite: (g=0): rw=randwrite, bs=(R) 4096B-4096B, (W) 4096B-4096B, (T) 4096B-4096B, ioengine=psync, iodepth=1
fio-3.16
Starting 1 process

randwrite: (groupid=0, jobs=1): err= 0: pid=1812562: Fri Oct 17 14:39:51 2025
  write: IOPS=328k, BW=1280MiB/s (1342MB/s)(128MiB/100msec); 0 zone resets
    clat (nsec): min=258, max=68307, avg=1103.29, stdev=1096.14
     lat (nsec): min=275, max=69664, avg=1124.40, stdev=1109.99
    clat percentiles (nsec):
     |  1.00th=[  350],  5.00th=[  394], 10.00th=[  438], 20.00th=[  510],
     | 30.00th=[  588], 40.00th=[ 1048], 50.00th=[ 1096], 60.00th=[ 1144],
     | 70.00th=[ 1176], 80.00th=[ 1224], 90.00th=[ 1432], 95.00th=[ 1688],
     | 99.00th=[ 6368], 99.50th=[ 6752], 99.90th=[ 9408], 99.95th=[10176],
     | 99.99th=[26240]
  lat (nsec)   : 500=18.47%, 750=16.91%, 1000=1.46%
  lat (usec)   : 2=59.77%, 4=1.07%, 10=2.27%, 20=0.03%, 50=0.02%
  lat (usec)   : 100=0.01%
  cpu          : usr=3.03%, sys=53.54%, ctx=118, majf=0, minf=12
  IO depths    : 1=100.0%, 2=0.0%, 4=0.0%, 8=0.0%, 16=0.0%, 32=0.0%, >=64=0.0%
     submit    : 0=0.0%, 4=100.0%, 8=0.0%, 16=0.0%, 32=0.0%, 64=0.0%, >=64=0.0%
     complete  : 0=0.0%, 4=100.0%, 8=0.0%, 16=0.0%, 32=0.0%, 64=0.0%, >=64=0.0%
     issued rwts: total=0,32768,0,1 short=0,0,0,0 dropped=0,0,0,0
     latency   : target=0, window=0, percentile=100.00%, depth=1

Run status group 0 (all jobs):
  WRITE: bw=1280MiB/s (1342MB/s), 1280MiB/s-1280MiB/s (1342MB/s-1342MB/s), io=128MiB (134MB), run=100-100msec

Disk stats (read/write):
  nvme1n1: ios=0/0, merge=0/0, ticks=0/0, in_queue=0, util=0.00%
