randread: (g=0): rw=randread, bs=(R) 4096B-4096B, (W) 4096B-4096B, (T) 4096B-4096B, ioengine=psync, iodepth=1
...
fio-3.16
Starting 16 processes

randread: (groupid=0, jobs=16): err= 0: pid=143959: Sat Oct 18 13:24:02 2025
  read: IOPS=107k, BW=419MiB/s (440MB/s)(4096MiB/9766msec)
    clat (nsec): min=201, max=13762k, avg=140946.87, stdev=395239.65
     lat (nsec): min=217, max=13762k, avg=140973.14, stdev=395241.62
    clat percentiles (nsec):
     |  1.00th=[    474],  5.00th=[    556], 10.00th=[    628],
     | 20.00th=[    772], 30.00th=[   1020], 40.00th=[  40704],
     | 50.00th=[  44288], 60.00th=[  54528], 70.00th=[  67072],
     | 80.00th=[  86528], 90.00th=[ 148480], 95.00th=[1368064],
     | 99.00th=[1646592], 99.50th=[1777664], 99.90th=[3391488],
     | 99.95th=[3653632], 99.99th=[6324224]
   bw (  KiB/s): min=105435, max=2244293, per=98.76%, avg=424171.43, stdev=40331.75, samples=292
   iops        : min=26358, max=561073, avg=106042.56, stdev=10082.94, samples=292
  lat (nsec)   : 250=0.01%, 500=1.88%, 750=16.79%, 1000=10.64%
  lat (usec)   : 2=6.25%, 4=1.02%, 10=0.13%, 20=0.02%, 50=20.92%
  lat (usec)   : 100=26.00%, 250=9.26%, 500=0.81%, 750=0.04%, 1000=0.02%
  lat (msec)   : 2=5.97%, 4=0.22%, 10=0.03%, 20=0.01%
  cpu          : usr=0.45%, sys=1.86%, ctx=663478, majf=0, minf=213
  IO depths    : 1=100.0%, 2=0.0%, 4=0.0%, 8=0.0%, 16=0.0%, 32=0.0%, >=64=0.0%
     submit    : 0=0.0%, 4=100.0%, 8=0.0%, 16=0.0%, 32=0.0%, 64=0.0%, >=64=0.0%
     complete  : 0=0.0%, 4=100.0%, 8=0.0%, 16=0.0%, 32=0.0%, 64=0.0%, >=64=0.0%
     issued rwts: total=1048576,0,0,0 short=0,0,0,0 dropped=0,0,0,0
     latency   : target=0, window=0, percentile=100.00%, depth=1

Run status group 0 (all jobs):
   READ: bw=419MiB/s (440MB/s), 419MiB/s-419MiB/s (440MB/s-440MB/s), io=4096MiB (4295MB), run=9766-9766msec

Disk stats (read/write):
  nvme1n1: ios=658896/0, merge=0/0, ticks=144908/0, in_queue=144908, util=99.00%
