randwrite: (g=0): rw=randwrite, bs=(R) 4096B-4096B, (W) 4096B-4096B, (T) 4096B-4096B, ioengine=psync, iodepth=1
...
fio-3.16
Starting 8 processes

randwrite: (groupid=0, jobs=8): err= 0: pid=719766: Mon Oct 20 07:23:36 2025
  write: IOPS=608k, BW=2376MiB/s (2491MB/s)(2048MiB/862msec); 0 zone resets
    clat (nsec): min=541, max=105247, avg=5631.59, stdev=1895.19
     lat (nsec): min=580, max=105299, avg=5671.50, stdev=1896.07
    clat percentiles (nsec):
     |  1.00th=[ 1512],  5.00th=[ 2480], 10.00th=[ 3696], 20.00th=[ 4576],
     | 30.00th=[ 5024], 40.00th=[ 5344], 50.00th=[ 5664], 60.00th=[ 5920],
     | 70.00th=[ 6240], 80.00th=[ 6560], 90.00th=[ 7136], 95.00th=[ 7840],
     | 99.00th=[12992], 99.50th=[14400], 99.90th=[18560], 99.95th=[20608],
     | 99.99th=[26496]
  lat (nsec)   : 750=0.25%, 1000=0.23%
  lat (usec)   : 2=2.20%, 4=9.66%, 10=85.00%, 20=2.59%, 50=0.06%
  lat (usec)   : 100=0.01%, 250=0.01%
  cpu          : usr=3.48%, sys=51.10%, ctx=18377, majf=0, minf=79
  IO depths    : 1=100.0%, 2=0.0%, 4=0.0%, 8=0.0%, 16=0.0%, 32=0.0%, >=64=0.0%
     submit    : 0=0.0%, 4=100.0%, 8=0.0%, 16=0.0%, 32=0.0%, 64=0.0%, >=64=0.0%
     complete  : 0=0.0%, 4=100.0%, 8=0.0%, 16=0.0%, 32=0.0%, 64=0.0%, >=64=0.0%
     issued rwts: total=0,524288,0,8 short=0,0,0,0 dropped=0,0,0,0
     latency   : target=0, window=0, percentile=100.00%, depth=1

Run status group 0 (all jobs):
  WRITE: bw=2376MiB/s (2491MB/s), 2376MiB/s-2376MiB/s (2491MB/s-2491MB/s), io=2048MiB (2147MB), run=862-862msec

Disk stats (read/write):
  nvme1n1: ios=0/66747, merge=0/2, ticks=0/7508, in_queue=7509, util=48.71%
