randread: (g=0): rw=randread, bs=(R) 4096B-4096B, (W) 4096B-4096B, (T) 4096B-4096B, ioengine=libaio, iodepth=16
fio-3.16
Starting 1 process

randread: (groupid=0, jobs=1): err= 0: pid=753612: Mon Oct 20 09:38:52 2025
  read: IOPS=34.8k, BW=136MiB/s (142MB/s)(256MiB/1884msec)
    slat (nsec): min=707, max=310511, avg=28015.71, stdev=20752.75
    clat (nsec): min=1084, max=957147, avg=431293.05, stdev=151510.97
     lat (usec): min=44, max=1131, avg=459.41, stdev=160.37
    clat percentiles (usec):
     |  1.00th=[  151],  5.00th=[  198], 10.00th=[  239], 20.00th=[  310],
     | 30.00th=[  347], 40.00th=[  367], 50.00th=[  408], 60.00th=[  453],
     | 70.00th=[  515], 80.00th=[  562], 90.00th=[  611], 95.00th=[  742],
     | 99.00th=[  799], 99.50th=[  799], 99.90th=[  881], 99.95th=[  922],
     | 99.99th=[  955]
   bw (  KiB/s): min=92240, max=154272, per=88.22%, avg=122752.00, stdev=31028.28, samples=3
   iops        : min=23060, max=38568, avg=30688.00, stdev=7757.07, samples=3
  lat (usec)   : 2=0.01%, 50=0.01%, 100=0.11%, 250=11.33%, 500=58.17%
  lat (usec)   : 750=26.25%, 1000=4.14%
  cpu          : usr=2.60%, sys=14.18%, ctx=41496, majf=0, minf=25
  IO depths    : 1=0.1%, 2=0.1%, 4=0.1%, 8=0.1%, 16=100.0%, 32=0.0%, >=64=0.0%
     submit    : 0=0.0%, 4=100.0%, 8=0.0%, 16=0.0%, 32=0.0%, 64=0.0%, >=64=0.0%
     complete  : 0=0.0%, 4=100.0%, 8=0.0%, 16=0.1%, 32=0.0%, 64=0.0%, >=64=0.0%
     issued rwts: total=65536,0,0,0 short=0,0,0,0 dropped=0,0,0,0
     latency   : target=0, window=0, percentile=100.00%, depth=16

Run status group 0 (all jobs):
   READ: bw=136MiB/s (142MB/s), 136MiB/s-136MiB/s (142MB/s-142MB/s), io=256MiB (268MB), run=1884-1884msec

Disk stats (read/write):
  nvme1n1: ios=36239/0, merge=0/0, ticks=1412/0, in_queue=1413, util=94.43%
