randwrite: (g=0): rw=randwrite, bs=(R) 128KiB-128KiB, (W) 128KiB-128KiB, (T) 128KiB-128KiB, ioengine=psync, iodepth=1
...
fio-3.16
Starting 4 processes

randwrite: (groupid=0, jobs=4): err= 0: pid=163109: Mon Oct 20 11:01:53 2025
  write: IOPS=3696, BW=462MiB/s (485MB/s)(2048MiB/4432msec); 0 zone resets
    clat (usec): min=4, max=8598, avg=47.52, stdev=217.27
     lat (usec): min=5, max=8598, avg=47.94, stdev=217.27
    clat percentiles (usec):
     |  1.00th=[   11],  5.00th=[   12], 10.00th=[   13], 20.00th=[   16],
     | 30.00th=[   19], 40.00th=[   23], 50.00th=[   25], 60.00th=[   27],
     | 70.00th=[   29], 80.00th=[   30], 90.00th=[   32], 95.00th=[   35],
     | 99.00th=[ 1352], 99.50th=[ 1516], 99.90th=[ 2868], 99.95th=[ 3589],
     | 99.99th=[ 6390]
  lat (usec)   : 10=1.02%, 20=33.75%, 50=62.81%, 100=0.13%, 250=0.70%
  lat (usec)   : 500=0.11%, 750=0.06%, 1000=0.09%
  lat (msec)   : 2=1.17%, 4=0.12%, 10=0.04%
  cpu          : usr=0.05%, sys=2.65%, ctx=676, majf=0, minf=50
  IO depths    : 1=100.0%, 2=0.0%, 4=0.0%, 8=0.0%, 16=0.0%, 32=0.0%, >=64=0.0%
     submit    : 0=0.0%, 4=100.0%, 8=0.0%, 16=0.0%, 32=0.0%, 64=0.0%, >=64=0.0%
     complete  : 0=0.0%, 4=100.0%, 8=0.0%, 16=0.0%, 32=0.0%, 64=0.0%, >=64=0.0%
     issued rwts: total=0,16384,0,4 short=0,0,0,0 dropped=0,0,0,0
     latency   : target=0, window=0, percentile=100.00%, depth=1

Run status group 0 (all jobs):
  WRITE: bw=462MiB/s (485MB/s), 462MiB/s-462MiB/s (485MB/s-485MB/s), io=2048MiB (2147MB), run=4432-4432msec

Disk stats (read/write):
  nvme1n1: ios=407/4543, merge=0/1348, ticks=392/1457424, in_queue=1457816, util=97.80%
