randwrite: (g=0): rw=randwrite, bs=(R) 4096B-4096B, (W) 4096B-4096B, (T) 4096B-4096B, ioengine=psync, iodepth=1
...
fio-3.16
Starting 16 processes

randwrite: (groupid=0, jobs=16): err= 0: pid=2164506: Fri Oct 10 11:26:00 2025
  write: IOPS=803k, BW=3136MiB/s (3289MB/s)(2048MiB/653msec); 0 zone resets
    clat (nsec): min=256, max=1099.3k, avg=2805.69, stdev=3066.51
     lat (nsec): min=275, max=1100.9k, avg=2839.22, stdev=3076.21
    clat percentiles (nsec):
     |  1.00th=[  764],  5.00th=[ 1080], 10.00th=[ 1304], 20.00th=[ 1672],
     | 30.00th=[ 1976], 40.00th=[ 2256], 50.00th=[ 2544], 60.00th=[ 2864],
     | 70.00th=[ 3184], 80.00th=[ 3568], 90.00th=[ 4256], 95.00th=[ 5024],
     | 99.00th=[ 9536], 99.50th=[11072], 99.90th=[17792], 99.95th=[22144],
     | 99.99th=[34560]
  lat (nsec)   : 500=0.19%, 750=0.71%, 1000=2.65%
  lat (usec)   : 2=27.19%, 4=56.60%, 10=11.84%, 20=0.76%, 50=0.06%
  lat (usec)   : 100=0.01%, 250=0.01%, 500=0.01%, 750=0.01%
  lat (msec)   : 2=0.01%
  cpu          : usr=1.49%, sys=26.18%, ctx=88200, majf=0, minf=178
  IO depths    : 1=100.0%, 2=0.0%, 4=0.0%, 8=0.0%, 16=0.0%, 32=0.0%, >=64=0.0%
     submit    : 0=0.0%, 4=100.0%, 8=0.0%, 16=0.0%, 32=0.0%, 64=0.0%, >=64=0.0%
     complete  : 0=0.0%, 4=100.0%, 8=0.0%, 16=0.0%, 32=0.0%, 64=0.0%, >=64=0.0%
     issued rwts: total=0,524288,0,16 short=0,0,0,0 dropped=0,0,0,0
     latency   : target=0, window=0, percentile=100.00%, depth=1

Run status group 0 (all jobs):
  WRITE: bw=3136MiB/s (3289MB/s), 3136MiB/s-3136MiB/s (3289MB/s-3289MB/s), io=2048MiB (2147MB), run=653-653msec

Disk stats (read/write):
  nvme1n1: ios=10/120863, merge=0/6339, ticks=5/28732, in_queue=28757, util=76.34%
