randread: (g=0): rw=randread, bs=(R) 128KiB-128KiB, (W) 128KiB-128KiB, (T) 128KiB-128KiB, ioengine=psync, iodepth=1
fio-3.16
Starting 1 process

randread: (groupid=0, jobs=1): err= 0: pid=115243: Mon Oct 20 17:13:48 2025
  read: IOPS=8462, BW=1058MiB/s (1109MB/s)(128MiB/121msec)
    clat (usec): min=4, max=8129, avg=117.39, stdev=263.08
     lat (usec): min=4, max=8130, avg=117.40, stdev=263.08
    clat percentiles (usec):
     |  1.00th=[    5],  5.00th=[    6], 10.00th=[    7], 20.00th=[    9],
     | 30.00th=[   10], 40.00th=[  143], 50.00th=[  157], 60.00th=[  167],
     | 70.00th=[  169], 80.00th=[  174], 90.00th=[  192], 95.00th=[  196],
     | 99.00th=[  198], 99.50th=[  215], 99.90th=[  289], 99.95th=[ 8160],
     | 99.99th=[ 8160]
  lat (usec)   : 10=33.89%, 20=3.71%, 250=62.21%, 500=0.10%
  lat (msec)   : 10=0.10%
  cpu          : usr=0.00%, sys=15.83%, ctx=639, majf=0, minf=42
  IO depths    : 1=100.0%, 2=0.0%, 4=0.0%, 8=0.0%, 16=0.0%, 32=0.0%, >=64=0.0%
     submit    : 0=0.0%, 4=100.0%, 8=0.0%, 16=0.0%, 32=0.0%, 64=0.0%, >=64=0.0%
     complete  : 0=0.0%, 4=100.0%, 8=0.0%, 16=0.0%, 32=0.0%, 64=0.0%, >=64=0.0%
     issued rwts: total=1024,0,0,0 short=0,0,0,0 dropped=0,0,0,0
     latency   : target=0, window=0, percentile=100.00%, depth=1

Run status group 0 (all jobs):
   READ: bw=1058MiB/s (1109MB/s), 1058MiB/s-1058MiB/s (1109MB/s-1109MB/s), io=128MiB (134MB), run=121-121msec

Disk stats (read/write):
  nvme1n1: ios=0/0, merge=0/0, ticks=0/0, in_queue=0, util=0.00%
