randread: (g=0): rw=randread, bs=(R) 4096B-4096B, (W) 4096B-4096B, (T) 4096B-4096B, ioengine=psync, iodepth=1
...
fio-3.16
Starting 32 processes

randread: (groupid=0, jobs=32): err= 0: pid=54770: Fri Oct 10 15:31:08 2025
  read: IOPS=643k, BW=2513MiB/s (2635MB/s)(4096MiB/1630msec)
    clat (nsec): min=198, max=1546.2k, avg=49065.33, stdev=47624.67
     lat (nsec): min=212, max=1546.3k, avg=49091.09, stdev=47625.47
    clat percentiles (nsec):
     |  1.00th=[   540],  5.00th=[   644], 10.00th=[   732], 20.00th=[   916],
     | 30.00th=[  1192], 40.00th=[ 43264], 50.00th=[ 48896], 60.00th=[ 56064],
     | 70.00th=[ 68096], 80.00th=[ 82432], 90.00th=[108032], 95.00th=[134144],
     | 99.00th=[189440], 99.50th=[211968], 99.90th=[264192], 99.95th=[288768],
     | 99.99th=[362496]
   bw (  MiB/s): min= 1781, max= 3159, per=95.81%, avg=2407.71, stdev=17.92, samples=96
   iops        : min=455967, max=808914, avg=616370.33, stdev=4587.42, samples=96
  lat (nsec)   : 250=0.01%, 500=0.36%, 750=10.71%, 1000=12.41%
  lat (usec)   : 2=11.62%, 4=1.56%, 10=0.12%, 20=0.01%, 50=15.31%
  lat (usec)   : 100=35.36%, 250=12.39%, 500=0.15%, 750=0.01%, 1000=0.01%
  lat (msec)   : 2=0.01%
  cpu          : usr=1.28%, sys=5.55%, ctx=663085, majf=0, minf=341
  IO depths    : 1=100.0%, 2=0.0%, 4=0.0%, 8=0.0%, 16=0.0%, 32=0.0%, >=64=0.0%
     submit    : 0=0.0%, 4=100.0%, 8=0.0%, 16=0.0%, 32=0.0%, 64=0.0%, >=64=0.0%
     complete  : 0=0.0%, 4=100.0%, 8=0.0%, 16=0.0%, 32=0.0%, 64=0.0%, >=64=0.0%
     issued rwts: total=1048576,0,0,0 short=0,0,0,0 dropped=0,0,0,0
     latency   : target=0, window=0, percentile=100.00%, depth=1

Run status group 0 (all jobs):
   READ: bw=2513MiB/s (2635MB/s), 2513MiB/s-2513MiB/s (2635MB/s-2635MB/s), io=4096MiB (4295MB), run=1630-1630msec

Disk stats (read/write):
  nvme1n1: ios=566952/0, merge=0/0, ticks=41798/0, in_queue=41798, util=92.89%
