randwrite: (g=0): rw=randwrite, bs=(R) 4096B-4096B, (W) 4096B-4096B, (T) 4096B-4096B, ioengine=psync, iodepth=1
...
fio-3.16
Starting 32 processes

randwrite: (groupid=0, jobs=32): err= 0: pid=2358013: Fri Oct 10 11:50:35 2025
  write: IOPS=838k, BW=3272MiB/s (3430MB/s)(4096MiB/1252msec); 0 zone resets
    clat (nsec): min=261, max=40049k, avg=4657.28, stdev=136408.51
     lat (nsec): min=281, max=40049k, avg=4708.69, stdev=136915.76
    clat percentiles (nsec):
     |  1.00th=[   828],  5.00th=[  1416], 10.00th=[  1800], 20.00th=[  2288],
     | 30.00th=[  2608], 40.00th=[  2928], 50.00th=[  3248], 60.00th=[  3600],
     | 70.00th=[  4048], 80.00th=[  4640], 90.00th=[  5600], 95.00th=[  6560],
     | 99.00th=[ 10944], 99.50th=[ 14144], 99.90th=[ 24448], 99.95th=[ 30336],
     | 99.99th=[138240]
  lat (nsec)   : 500=0.12%, 750=0.58%, 1000=1.10%
  lat (usec)   : 2=11.79%, 4=55.58%, 10=29.48%, 20=1.15%, 50=0.17%
  lat (usec)   : 100=0.01%, 250=0.01%, 500=0.01%, 750=0.01%, 1000=0.01%
  lat (msec)   : 2=0.01%, 4=0.01%, 10=0.01%, 20=0.01%, 50=0.01%
  cpu          : usr=1.03%, sys=18.43%, ctx=205137, majf=0, minf=383
  IO depths    : 1=100.0%, 2=0.0%, 4=0.0%, 8=0.0%, 16=0.0%, 32=0.0%, >=64=0.0%
     submit    : 0=0.0%, 4=100.0%, 8=0.0%, 16=0.0%, 32=0.0%, 64=0.0%, >=64=0.0%
     complete  : 0=0.0%, 4=100.0%, 8=0.0%, 16=0.0%, 32=0.0%, 64=0.0%, >=64=0.0%
     issued rwts: total=0,1048576,0,32 short=0,0,0,0 dropped=0,0,0,0
     latency   : target=0, window=0, percentile=100.00%, depth=1

Run status group 0 (all jobs):
  WRITE: bw=3272MiB/s (3430MB/s), 3272MiB/s-3272MiB/s (3430MB/s-3430MB/s), io=4096MiB (4295MB), run=1252-1252msec

Disk stats (read/write):
  nvme1n1: ios=53/226211, merge=0/11348, ticks=16/34184, in_queue=34221, util=83.99%
