read: (g=0): rw=read, bs=(R) 128KiB-128KiB, (W) 128KiB-128KiB, (T) 128KiB-128KiB, ioengine=psync, iodepth=1
...
fio-3.16
Starting 4 processes

read: (groupid=0, jobs=4): err= 0: pid=53102: Fri Oct 10 15:30:33 2025
  read: IOPS=42.2k, BW=5278MiB/s (5535MB/s)(512MiB/97msec)
    clat (usec): min=8, max=8649, avg=92.76, stdev=276.09
     lat (usec): min=8, max=8650, avg=92.80, stdev=276.12
    clat percentiles (usec):
     |  1.00th=[   10],  5.00th=[   10], 10.00th=[   11], 20.00th=[   11],
     | 30.00th=[   12], 40.00th=[   16], 50.00th=[   50], 60.00th=[   84],
     | 70.00th=[  151], 80.00th=[  153], 90.00th=[  227], 95.00th=[  233],
     | 99.00th=[  239], 99.50th=[  285], 99.90th=[  420], 99.95th=[ 8455],
     | 99.99th=[ 8586]
  lat (usec)   : 10=6.67%, 20=35.69%, 50=7.64%, 100=10.62%, 250=38.72%
  lat (usec)   : 500=0.56%
  lat (msec)   : 10=0.10%
  cpu          : usr=0.00%, sys=45.93%, ctx=1757, majf=0, minf=177
  IO depths    : 1=100.0%, 2=0.0%, 4=0.0%, 8=0.0%, 16=0.0%, 32=0.0%, >=64=0.0%
     submit    : 0=0.0%, 4=100.0%, 8=0.0%, 16=0.0%, 32=0.0%, 64=0.0%, >=64=0.0%
     complete  : 0=0.0%, 4=100.0%, 8=0.0%, 16=0.0%, 32=0.0%, 64=0.0%, >=64=0.0%
     issued rwts: total=4096,0,0,0 short=0,0,0,0 dropped=0,0,0,0
     latency   : target=0, window=0, percentile=100.00%, depth=1

Run status group 0 (all jobs):
   READ: bw=5278MiB/s (5535MB/s), 5278MiB/s-5278MiB/s (5535MB/s-5535MB/s), io=512MiB (537MB), run=97-97msec

Disk stats (read/write):
  nvme1n1: ios=0/0, merge=0/0, ticks=0/0, in_queue=0, util=0.00%
