read: (g=0): rw=read, bs=(R) 128KiB-128KiB, (W) 128KiB-128KiB, (T) 128KiB-128KiB, ioengine=psync, iodepth=1
...
fio-3.16
Starting 32 processes

read: (groupid=0, jobs=32): err= 0: pid=421703: Mon Oct 20 13:22:26 2025
  read: IOPS=8443, BW=1055MiB/s (1107MB/s)(4096MiB/3881msec)
    clat (usec): min=7, max=48988, avg=3753.19, stdev=6279.08
     lat (usec): min=7, max=48988, avg=3753.33, stdev=6279.01
    clat percentiles (usec):
     |  1.00th=[    9],  5.00th=[   10], 10.00th=[   11], 20.00th=[   13],
     | 30.00th=[   14], 40.00th=[   17], 50.00th=[   47], 60.00th=[  322],
     | 70.00th=[ 2409], 80.00th=[10552], 90.00th=[13698], 95.00th=[16057],
     | 99.00th=[22414], 99.50th=[27919], 99.90th=[41681], 99.95th=[45351],
     | 99.99th=[47973]
   bw (  MiB/s): min=  793, max= 1271, per=99.01%, avg=1045.00, stdev= 5.05, samples=224
   iops        : min= 6346, max=10172, avg=8360.00, stdev=40.43, samples=224
  lat (usec)   : 10=6.20%, 20=35.48%, 50=9.71%, 100=4.56%, 250=2.86%
  lat (usec)   : 500=3.32%, 750=1.35%, 1000=0.61%
  lat (msec)   : 2=3.90%, 4=4.71%, 10=6.35%, 20=19.33%, 50=1.63%
  cpu          : usr=0.06%, sys=1.06%, ctx=14720, majf=0, minf=1417
  IO depths    : 1=100.0%, 2=0.0%, 4=0.0%, 8=0.0%, 16=0.0%, 32=0.0%, >=64=0.0%
     submit    : 0=0.0%, 4=100.0%, 8=0.0%, 16=0.0%, 32=0.0%, 64=0.0%, >=64=0.0%
     complete  : 0=0.0%, 4=100.0%, 8=0.0%, 16=0.0%, 32=0.0%, 64=0.0%, >=64=0.0%
     issued rwts: total=32768,0,0,0 short=0,0,0,0 dropped=0,0,0,0
     latency   : target=0, window=0, percentile=100.00%, depth=1

Run status group 0 (all jobs):
   READ: bw=1055MiB/s (1107MB/s), 1055MiB/s-1055MiB/s (1107MB/s-1107MB/s), io=4096MiB (4295MB), run=3881-3881msec

Disk stats (read/write):
  nvme1n1: ios=15260/0, merge=0/0, ticks=227878/0, in_queue=227879, util=97.27%
