read: (g=0): rw=read, bs=(R) 4096B-4096B, (W) 4096B-4096B, (T) 4096B-4096B, ioengine=psync, iodepth=1
...
fio-3.16
Starting 2 processes

read: (groupid=0, jobs=2): err= 0: pid=421056: Mon Oct 20 13:21:36 2025
  read: IOPS=184k, BW=719MiB/s (754MB/s)(256MiB/356msec)
    clat (nsec): min=302, max=1823.6k, avg=10558.12, stdev=115380.66
     lat (nsec): min=315, max=1823.6k, avg=10584.76, stdev=115379.63
    clat percentiles (nsec):
     |  1.00th=[    322],  5.00th=[    330], 10.00th=[    334],
     | 20.00th=[    338], 30.00th=[    346], 40.00th=[    354],
     | 50.00th=[    362], 60.00th=[    378], 70.00th=[    410],
     | 80.00th=[   1544], 90.00th=[   1624], 95.00th=[   1704],
     | 99.00th=[ 111104], 99.50th=[1351680], 99.90th=[1646592],
     | 99.95th=[1679360], 99.99th=[1761280]
  lat (nsec)   : 500=75.98%, 750=2.65%, 1000=0.16%
  lat (usec)   : 2=19.00%, 4=0.08%, 10=0.54%, 20=0.02%, 50=0.33%
  lat (usec)   : 100=0.22%, 250=0.29%, 500=0.16%, 750=0.01%
  lat (msec)   : 2=0.57%
  cpu          : usr=2.42%, sys=9.67%, ctx=854, majf=0, minf=26
  IO depths    : 1=100.0%, 2=0.0%, 4=0.0%, 8=0.0%, 16=0.0%, 32=0.0%, >=64=0.0%
     submit    : 0=0.0%, 4=100.0%, 8=0.0%, 16=0.0%, 32=0.0%, 64=0.0%, >=64=0.0%
     complete  : 0=0.0%, 4=100.0%, 8=0.0%, 16=0.0%, 32=0.0%, 64=0.0%, >=64=0.0%
     issued rwts: total=65536,0,0,0 short=0,0,0,0 dropped=0,0,0,0
     latency   : target=0, window=0, percentile=100.00%, depth=1

Run status group 0 (all jobs):
   READ: bw=719MiB/s (754MB/s), 719MiB/s-719MiB/s (754MB/s-754MB/s), io=256MiB (268MB), run=356-356msec

Disk stats (read/write):
  nvme1n1: ios=473/0, merge=0/0, ticks=526/0, in_queue=525, util=60.66%
