read: (g=0): rw=read, bs=(R) 128KiB-128KiB, (W) 128KiB-128KiB, (T) 128KiB-128KiB, ioengine=psync, iodepth=1
...
fio-3.16
Starting 16 processes

read: (groupid=0, jobs=16): err= 0: pid=14017: Mon Oct 20 09:52:58 2025
  read: IOPS=9088, BW=1136MiB/s (1191MB/s)(8192MiB/7211msec)
    clat (usec): min=7, max=17437, avg=1757.40, stdev=2526.07
     lat (usec): min=7, max=17437, avg=1757.53, stdev=2526.00
    clat percentiles (usec):
     |  1.00th=[    9],  5.00th=[   10], 10.00th=[   10], 20.00th=[   12],
     | 30.00th=[   13], 40.00th=[   15], 50.00th=[   49], 60.00th=[  553],
     | 70.00th=[ 2278], 80.00th=[ 4686], 90.00th=[ 5866], 95.00th=[ 7046],
     | 99.00th=[ 8356], 99.50th=[ 8979], 99.90th=[10159], 99.95th=[11994],
     | 99.99th=[16712]
   bw (  MiB/s): min=  994, max= 1203, per=99.88%, avg=1134.71, stdev= 3.40, samples=224
   iops        : min= 7956, max= 9628, avg=9076.86, stdev=27.16, samples=224
  lat (usec)   : 10=10.35%, 20=32.14%, 50=8.00%, 100=2.96%, 250=2.53%
  lat (usec)   : 500=3.34%, 750=2.49%, 1000=1.17%
  lat (msec)   : 2=4.77%, 4=9.81%, 10=22.34%, 20=0.11%
  cpu          : usr=0.20%, sys=2.08%, ctx=30732, majf=0, minf=704
  IO depths    : 1=100.0%, 2=0.0%, 4=0.0%, 8=0.0%, 16=0.0%, 32=0.0%, >=64=0.0%
     submit    : 0=0.0%, 4=100.0%, 8=0.0%, 16=0.0%, 32=0.0%, 64=0.0%, >=64=0.0%
     complete  : 0=0.0%, 4=100.0%, 8=0.0%, 16=0.0%, 32=0.0%, 64=0.0%, >=64=0.0%
     issued rwts: total=65536,0,0,0 short=0,0,0,0 dropped=0,0,0,0
     latency   : target=0, window=0, percentile=100.00%, depth=1

Run status group 0 (all jobs):
   READ: bw=1136MiB/s (1191MB/s), 1136MiB/s-1136MiB/s (1191MB/s-1191MB/s), io=8192MiB (8590MB), run=7211-7211msec

Disk stats (read/write):
  nvme1n1: ios=32441/0, merge=0/0, ticks=225775/0, in_queue=225775, util=98.67%
