write: (g=0): rw=write, bs=(R) 4096B-4096B, (W) 4096B-4096B, (T) 4096B-4096B, ioengine=psync, iodepth=1
...
fio-3.16
Starting 2 processes

write: (groupid=0, jobs=2): err= 0: pid=1808214: Fri Oct 17 14:38:50 2025
  write: IOPS=338k, BW=1320MiB/s (1384MB/s)(256MiB/194msec); 0 zone resets
    clat (nsec): min=685, max=58228, avg=1044.11, stdev=863.21
     lat (nsec): min=704, max=59492, avg=1066.62, stdev=879.36
    clat percentiles (nsec):
     |  1.00th=[  732],  5.00th=[  740], 10.00th=[  756], 20.00th=[  764],
     | 30.00th=[  780], 40.00th=[  796], 50.00th=[  812], 60.00th=[  836],
     | 70.00th=[  884], 80.00th=[  996], 90.00th=[ 1352], 95.00th=[ 1800],
     | 99.00th=[ 4320], 99.50th=[ 4896], 99.90th=[ 8096], 99.95th=[ 8640],
     | 99.99th=[11200]
  lat (nsec)   : 750=8.38%, 1000=71.63%
  lat (usec)   : 2=15.16%, 4=1.63%, 10=3.17%, 20=0.02%, 50=0.01%
  lat (usec)   : 100=0.01%
  cpu          : usr=3.65%, sys=26.56%, ctx=114, majf=0, minf=25
  IO depths    : 1=100.0%, 2=0.0%, 4=0.0%, 8=0.0%, 16=0.0%, 32=0.0%, >=64=0.0%
     submit    : 0=0.0%, 4=100.0%, 8=0.0%, 16=0.0%, 32=0.0%, 64=0.0%, >=64=0.0%
     complete  : 0=0.0%, 4=100.0%, 8=0.0%, 16=0.0%, 32=0.0%, 64=0.0%, >=64=0.0%
     issued rwts: total=0,65536,0,2 short=0,0,0,0 dropped=0,0,0,0
     latency   : target=0, window=0, percentile=100.00%, depth=1

Run status group 0 (all jobs):
  WRITE: bw=1320MiB/s (1384MB/s), 1320MiB/s-1320MiB/s (1384MB/s-1384MB/s), io=256MiB (268MB), run=194-194msec

Disk stats (read/write):
  nvme1n1: ios=0/406, merge=0/0, ticks=0/20723, in_queue=20723, util=45.90%
