write: (g=0): rw=write, bs=(R) 4096B-4096B, (W) 4096B-4096B, (T) 4096B-4096B, ioengine=psync, iodepth=1
...
fio-3.16
Starting 4 processes

write: (groupid=0, jobs=4): err= 0: pid=6517: Mon Oct 20 14:41:11 2025
  write: IOPS=500k, BW=1954MiB/s (2049MB/s)(512MiB/262msec); 0 zone resets
    clat (nsec): min=638, max=27304, avg=972.84, stdev=375.90
     lat (nsec): min=658, max=27323, avg=992.58, stdev=376.61
    clat percentiles (nsec):
     |  1.00th=[  740],  5.00th=[  772], 10.00th=[  780], 20.00th=[  804],
     | 30.00th=[  820], 40.00th=[  844], 50.00th=[  868], 60.00th=[  908],
     | 70.00th=[  980], 80.00th=[ 1064], 90.00th=[ 1368], 95.00th=[ 1544],
     | 99.00th=[ 1928], 99.50th=[ 2160], 99.90th=[ 3216], 99.95th=[ 3920],
     | 99.99th=[18304]
  lat (nsec)   : 750=1.64%, 1000=71.17%
  lat (usec)   : 2=26.40%, 4=0.74%, 10=0.04%, 20=0.01%, 50=0.01%
  cpu          : usr=3.70%, sys=14.80%, ctx=178, majf=0, minf=56
  IO depths    : 1=100.0%, 2=0.0%, 4=0.0%, 8=0.0%, 16=0.0%, 32=0.0%, >=64=0.0%
     submit    : 0=0.0%, 4=100.0%, 8=0.0%, 16=0.0%, 32=0.0%, 64=0.0%, >=64=0.0%
     complete  : 0=0.0%, 4=100.0%, 8=0.0%, 16=0.0%, 32=0.0%, 64=0.0%, >=64=0.0%
     issued rwts: total=0,131072,0,4 short=0,0,0,0 dropped=0,0,0,0
     latency   : target=0, window=0, percentile=100.00%, depth=1

Run status group 0 (all jobs):
  WRITE: bw=1954MiB/s (2049MB/s), 1954MiB/s-1954MiB/s (2049MB/s-2049MB/s), io=512MiB (537MB), run=262-262msec

Disk stats (read/write):
  nvme1n1: ios=0/509, merge=0/0, ticks=0/940, in_queue=939, util=45.90%
