target-job: (g=0): rw=randread, bs=(R) 4096B-4096B, (W) 4096B-4096B, (T) 4096B-4096B, ioengine=psync, iodepth=1
...
fio-3.16
Starting 32 processes

target-job: (groupid=0, jobs=32): err= 0: pid=3447684: Thu Nov 20 03:41:47 2025
  read: IOPS=280k, BW=1094MiB/s (1147MB/s)(64.1GiB/60002msec)
    clat (nsec): min=472, max=30769k, avg=113396.08, stdev=470640.76
     lat (nsec): min=498, max=30769k, avg=113483.54, stdev=470640.72
    clat percentiles (nsec):
     |  1.00th=[    1832],  5.00th=[    2256], 10.00th=[    2640],
     | 20.00th=[   84480], 30.00th=[   92672], 40.00th=[   96768],
     | 50.00th=[  101888], 60.00th=[  105984], 70.00th=[  112128],
     | 80.00th=[  121344], 90.00th=[  144384], 95.00th=[  171008],
     | 99.00th=[  250880], 99.50th=[  313344], 99.90th=[ 8454144],
     | 99.95th=[12124160], 99.99th=[19267584]
   bw (  MiB/s): min=  870, max= 1394, per=100.00%, avg=1094.81, stdev= 4.66, samples=3814
   iops        : min=222749, max=357036, avg=280270.71, stdev=1191.96, samples=3814
  lat (nsec)   : 500=0.01%, 750=0.01%, 1000=0.01%
  lat (usec)   : 2=2.09%, 4=13.65%, 10=1.16%, 20=0.45%, 50=0.95%
  lat (usec)   : 100=28.42%, 250=52.28%, 500=0.75%, 750=0.02%, 1000=0.01%
  lat (msec)   : 2=0.02%, 4=0.03%, 10=0.09%, 20=0.07%, 50=0.01%
  cpu          : usr=1.39%, sys=9.85%, ctx=14993753, majf=0, minf=1000
  IO depths    : 1=100.0%, 2=0.0%, 4=0.0%, 8=0.0%, 16=0.0%, 32=0.0%, >=64=0.0%
     submit    : 0=0.0%, 4=100.0%, 8=0.0%, 16=0.0%, 32=0.0%, 64=0.0%, >=64=0.0%
     complete  : 0=0.0%, 4=100.0%, 8=0.0%, 16=0.0%, 32=0.0%, 64=0.0%, >=64=0.0%
     issued rwts: total=16803503,0,0,0 short=0,0,0,0 dropped=0,0,0,0
     latency   : target=0, window=0, percentile=100.00%, depth=1

Run status group 0 (all jobs):
   READ: bw=1094MiB/s (1147MB/s), 1094MiB/s-1094MiB/s (1147MB/s-1147MB/s), io=64.1GiB (68.8GB), run=60002-60002msec
