randwrite: (g=0): rw=randwrite, bs=(R) 4096B-4096B, (W) 4096B-4096B, (T) 4096B-4096B, ioengine=psync, iodepth=1
...
fio-3.16
Starting 2 processes

randwrite: (groupid=0, jobs=2): err= 0: pid=621149: Thu Oct  9 13:49:48 2025
  write: IOPS=173k, BW=675MiB/s (708MB/s)(2048MiB/3034msec); 0 zone resets
    clat (usec): min=3, max=8104, avg= 9.52, stdev=61.65
     lat (usec): min=3, max=8104, avg= 9.54, stdev=61.66
    clat percentiles (usec):
     |  1.00th=[    5],  5.00th=[    7], 10.00th=[    7], 20.00th=[    8],
     | 30.00th=[    8], 40.00th=[    9], 50.00th=[    9], 60.00th=[   10],
     | 70.00th=[   10], 80.00th=[   11], 90.00th=[   12], 95.00th=[   13],
     | 99.00th=[   14], 99.50th=[   15], 99.90th=[   40], 99.95th=[   63],
     | 99.99th=[  709]
   bw (  KiB/s): min=758240, max=858656, per=100.00%, avg=819116.00, stdev=18938.06, samples=9
   iops        : min=189560, max=214664, avg=204779.00, stdev=4734.52, samples=9
  lat (usec)   : 4=0.03%, 10=73.59%, 20=26.17%, 50=0.14%, 100=0.06%
  lat (usec)   : 250=0.01%, 500=0.01%, 750=0.01%, 1000=0.01%
  lat (msec)   : 2=0.01%, 4=0.01%, 10=0.01%
  cpu          : usr=2.66%, sys=57.90%, ctx=521239, majf=0, minf=19
  IO depths    : 1=100.0%, 2=0.0%, 4=0.0%, 8=0.0%, 16=0.0%, 32=0.0%, >=64=0.0%
     submit    : 0=0.0%, 4=100.0%, 8=0.0%, 16=0.0%, 32=0.0%, 64=0.0%, >=64=0.0%
     complete  : 0=0.0%, 4=100.0%, 8=0.0%, 16=0.0%, 32=0.0%, 64=0.0%, >=64=0.0%
     issued rwts: total=0,524288,0,2 short=0,0,0,0 dropped=0,0,0,0
     latency   : target=0, window=0, percentile=100.00%, depth=1

Run status group 0 (all jobs):
  WRITE: bw=675MiB/s (708MB/s), 675MiB/s-675MiB/s (708MB/s-708MB/s), io=2048MiB (2147MB), run=3034-3034msec
