randwrite: (g=0): rw=randwrite, bs=(R) 4096B-4096B, (W) 4096B-4096B, (T) 4096B-4096B, ioengine=psync, iodepth=1
...
fio-3.16
Starting 16 processes

randwrite: (groupid=0, jobs=16): err= 0: pid=24994: Thu Oct  9 02:00:12 2025
  write: IOPS=222k, BW=868MiB/s (910MB/s)(16.0GiB/18874msec); 0 zone resets
    clat (usec): min=3, max=15899, avg=65.13, stdev=182.26
     lat (usec): min=3, max=15899, avg=65.17, stdev=182.27
    clat percentiles (usec):
     |  1.00th=[   16],  5.00th=[   26], 10.00th=[   34], 20.00th=[   43],
     | 30.00th=[   47], 40.00th=[   52], 50.00th=[   57], 60.00th=[   62],
     | 70.00th=[   72], 80.00th=[   80], 90.00th=[   97], 95.00th=[  108],
     | 99.00th=[  123], 99.50th=[  130], 99.90th=[  247], 99.95th=[ 5276],
     | 99.99th=[ 8029]
   bw (  KiB/s): min=637372, max=1895448, per=100.00%, avg=970197.57, stdev=18756.31, samples=540
   iops        : min=159343, max=473862, avg=242549.10, stdev=4689.08, samples=540
  lat (usec)   : 4=0.01%, 10=0.31%, 20=1.72%, 50=33.83%, 100=55.40%
  lat (usec)   : 250=8.63%, 500=0.03%, 750=0.01%, 1000=0.01%
  lat (msec)   : 2=0.01%, 4=0.02%, 10=0.05%, 20=0.01%
  cpu          : usr=0.71%, sys=91.80%, ctx=4616986, majf=0, minf=139
  IO depths    : 1=100.0%, 2=0.0%, 4=0.0%, 8=0.0%, 16=0.0%, 32=0.0%, >=64=0.0%
     submit    : 0=0.0%, 4=100.0%, 8=0.0%, 16=0.0%, 32=0.0%, 64=0.0%, >=64=0.0%
     complete  : 0=0.0%, 4=100.0%, 8=0.0%, 16=0.0%, 32=0.0%, 64=0.0%, >=64=0.0%
     issued rwts: total=0,4194304,0,16 short=0,0,0,0 dropped=0,0,0,0
     latency   : target=0, window=0, percentile=100.00%, depth=1

Run status group 0 (all jobs):
  WRITE: bw=868MiB/s (910MB/s), 868MiB/s-868MiB/s (910MB/s-910MB/s), io=16.0GiB (17.2GB), run=18874-18874msec
