randread: (g=0): rw=randread, bs=(R) 128KiB-128KiB, (W) 128KiB-128KiB, (T) 128KiB-128KiB, ioengine=psync, iodepth=1
fio-3.16
Starting 1 process

randread: (groupid=0, jobs=1): err= 0: pid=614468: Thu Oct  9 13:47:51 2025
  read: IOPS=2661, BW=333MiB/s (349MB/s)(1024MiB/3078msec)
    clat (usec): min=7, max=8946, avg=374.19, stdev=288.53
     lat (usec): min=7, max=8946, avg=374.36, stdev=288.54
    clat percentiles (usec):
     |  1.00th=[   24],  5.00th=[   39], 10.00th=[   41], 20.00th=[   55],
     | 30.00th=[   57], 40.00th=[  359], 50.00th=[  529], 60.00th=[  553],
     | 70.00th=[  578], 80.00th=[  594], 90.00th=[  627], 95.00th=[  644],
     | 99.00th=[  693], 99.50th=[  717], 99.90th=[  766], 99.95th=[ 1352],
     | 99.99th=[ 8979]
   bw (  KiB/s): min=244480, max=451072, per=99.02%, avg=337322.00, stdev=80651.71, samples=6
   iops        : min= 1910, max= 3524, avg=2635.17, stdev=630.28, samples=6
  lat (usec)   : 10=0.04%, 20=0.72%, 50=11.95%, 100=24.15%, 250=0.81%
  lat (usec)   : 500=5.55%, 750=56.68%, 1000=0.04%
  lat (msec)   : 2=0.02%, 4=0.02%, 10=0.02%
  cpu          : usr=0.88%, sys=24.57%, ctx=5408, majf=0, minf=41
  IO depths    : 1=100.0%, 2=0.0%, 4=0.0%, 8=0.0%, 16=0.0%, 32=0.0%, >=64=0.0%
     submit    : 0=0.0%, 4=100.0%, 8=0.0%, 16=0.0%, 32=0.0%, 64=0.0%, >=64=0.0%
     complete  : 0=0.0%, 4=100.0%, 8=0.0%, 16=0.0%, 32=0.0%, 64=0.0%, >=64=0.0%
     issued rwts: total=8192,0,0,0 short=0,0,0,0 dropped=0,0,0,0
     latency   : target=0, window=0, percentile=100.00%, depth=1

Run status group 0 (all jobs):
   READ: bw=333MiB/s (349MB/s), 333MiB/s-333MiB/s (349MB/s-349MB/s), io=1024MiB (1074MB), run=3078-3078msec
