randwrite: (g=0): rw=randwrite, bs=(R) 4096B-4096B, (W) 4096B-4096B, (T) 4096B-4096B, ioengine=psync, iodepth=1
...
fio-3.16
Starting 4 processes

randwrite: (groupid=0, jobs=4): err= 0: pid=621744: Thu Oct  9 13:50:00 2025
  write: IOPS=211k, BW=826MiB/s (866MB/s)(4096MiB/4958msec); 0 zone resets
    clat (usec): min=3, max=8119, avg=15.87, stdev=88.60
     lat (usec): min=3, max=8119, avg=15.90, stdev=88.60
    clat percentiles (usec):
     |  1.00th=[    7],  5.00th=[   10], 10.00th=[   11], 20.00th=[   12],
     | 30.00th=[   13], 40.00th=[   14], 50.00th=[   15], 60.00th=[   16],
     | 70.00th=[   17], 80.00th=[   18], 90.00th=[   20], 95.00th=[   22],
     | 99.00th=[   27], 99.50th=[   31], 99.90th=[   91], 99.95th=[  116],
     | 99.99th=[ 7963]
   bw (  KiB/s): min=892224, max=1095176, per=100.00%, avg=986155.41, stdev=16993.73, samples=31
   iops        : min=223056, max=273794, avg=246538.57, stdev=4248.44, samples=31
  lat (usec)   : 4=0.01%, 10=8.12%, 20=84.00%, 50=7.71%, 100=0.08%
  lat (usec)   : 250=0.06%, 500=0.01%, 750=0.01%, 1000=0.01%
  lat (msec)   : 2=0.01%, 4=0.01%, 10=0.01%
  cpu          : usr=1.48%, sys=74.14%, ctx=1048594, majf=0, minf=45
  IO depths    : 1=100.0%, 2=0.0%, 4=0.0%, 8=0.0%, 16=0.0%, 32=0.0%, >=64=0.0%
     submit    : 0=0.0%, 4=100.0%, 8=0.0%, 16=0.0%, 32=0.0%, 64=0.0%, >=64=0.0%
     complete  : 0=0.0%, 4=100.0%, 8=0.0%, 16=0.0%, 32=0.0%, 64=0.0%, >=64=0.0%
     issued rwts: total=0,1048576,0,4 short=0,0,0,0 dropped=0,0,0,0
     latency   : target=0, window=0, percentile=100.00%, depth=1

Run status group 0 (all jobs):
  WRITE: bw=826MiB/s (866MB/s), 826MiB/s-826MiB/s (866MB/s-866MB/s), io=4096MiB (4295MB), run=4958-4958msec
