read: (g=0): rw=read, bs=(R) 128KiB-128KiB, (W) 128KiB-128KiB, (T) 128KiB-128KiB, ioengine=psync, iodepth=1
...
fio-3.16
Starting 32 processes

read: (groupid=0, jobs=32): err= 0: pid=76533: Thu Oct  9 15:21:17 2025
  read: IOPS=33.9k, BW=4233MiB/s (4439MB/s)(32.0GiB/7741msec)
    clat (usec): min=3, max=25292, avg=924.21, stdev=1559.74
     lat (usec): min=3, max=25292, avg=924.35, stdev=1559.69
    clat percentiles (usec):
     |  1.00th=[    9],  5.00th=[   14], 10.00th=[   20], 20.00th=[   29],
     | 30.00th=[   40], 40.00th=[   55], 50.00th=[   74], 60.00th=[  117],
     | 70.00th=[  676], 80.00th=[ 2212], 90.00th=[ 3228], 95.00th=[ 3916],
     | 99.00th=[ 5866], 99.50th=[ 7767], 99.90th=[12256], 99.95th=[13960],
     | 99.99th=[18220]
   bw (  MiB/s): min= 3494, max= 5084, per=100.00%, avg=4270.04, stdev=13.32, samples=473
   iops        : min=27956, max=40668, avg=34158.32, stdev=106.57, samples=473
  lat (usec)   : 4=0.01%, 10=2.09%, 20=8.44%, 50=26.43%, 100=20.85%
  lat (usec)   : 250=9.23%, 500=2.39%, 750=0.77%, 1000=0.91%
  lat (msec)   : 2=6.39%, 4=17.89%, 10=4.38%, 20=0.22%, 50=0.01%
  cpu          : usr=0.40%, sys=10.10%, ctx=116732, majf=0, minf=1367
  IO depths    : 1=100.0%, 2=0.0%, 4=0.0%, 8=0.0%, 16=0.0%, 32=0.0%, >=64=0.0%
     submit    : 0=0.0%, 4=100.0%, 8=0.0%, 16=0.0%, 32=0.0%, 64=0.0%, >=64=0.0%
     complete  : 0=0.0%, 4=100.0%, 8=0.0%, 16=0.0%, 32=0.0%, 64=0.0%, >=64=0.0%
     issued rwts: total=262144,0,0,0 short=0,0,0,0 dropped=0,0,0,0
     latency   : target=0, window=0, percentile=100.00%, depth=1

Run status group 0 (all jobs):
   READ: bw=4233MiB/s (4439MB/s), 4233MiB/s-4233MiB/s (4439MB/s-4439MB/s), io=32.0GiB (34.4GB), run=7741-7741msec
