read: (g=0): rw=read, bs=(R) 4096B-4096B, (W) 4096B-4096B, (T) 4096B-4096B, ioengine=psync, iodepth=1
...
fio-3.16
Starting 8 processes

read: (groupid=0, jobs=8): err= 0: pid=72292: Thu Oct  9 15:20:00 2025
  read: IOPS=983k, BW=3839MiB/s (4025MB/s)(8192MiB/2134msec)
    clat (nsec): min=185, max=8607.3k, avg=7560.40, stdev=71184.08
     lat (nsec): min=197, max=8607.4k, avg=7600.60, stdev=71184.82
    clat percentiles (nsec):
     |  1.00th=[    334],  5.00th=[    426], 10.00th=[    498],
     | 20.00th=[    588], 30.00th=[    644], 40.00th=[    692],
     | 50.00th=[    740], 60.00th=[    804], 70.00th=[    900],
     | 80.00th=[   1208], 90.00th=[   2008], 95.00th=[   2480],
     | 99.00th=[ 268288], 99.50th=[ 528384], 99.90th=[ 831488],
     | 99.95th=[ 962560], 99.99th=[1433600]
   bw (  MiB/s): min= 3658, max= 4309, per=100.00%, avg=3924.30, stdev=35.42, samples=32
   iops        : min=936510, max=1103162, avg=1004620.50, stdev=9068.72, samples=32
  lat (nsec)   : 250=0.05%, 500=10.11%, 750=41.32%, 1000=23.90%
  lat (usec)   : 2=14.49%, 4=8.37%, 10=0.18%, 20=0.02%, 50=0.04%
  lat (usec)   : 100=0.20%, 250=0.30%, 500=0.47%, 750=0.39%, 1000=0.13%
  lat (msec)   : 2=0.04%, 4=0.01%, 10=0.01%
  cpu          : usr=6.19%, sys=27.42%, ctx=26518, majf=0, minf=87
  IO depths    : 1=100.0%, 2=0.0%, 4=0.0%, 8=0.0%, 16=0.0%, 32=0.0%, >=64=0.0%
     submit    : 0=0.0%, 4=100.0%, 8=0.0%, 16=0.0%, 32=0.0%, 64=0.0%, >=64=0.0%
     complete  : 0=0.0%, 4=100.0%, 8=0.0%, 16=0.0%, 32=0.0%, 64=0.0%, >=64=0.0%
     issued rwts: total=2097152,0,0,0 short=0,0,0,0 dropped=0,0,0,0
     latency   : target=0, window=0, percentile=100.00%, depth=1

Run status group 0 (all jobs):
   READ: bw=3839MiB/s (4025MB/s), 3839MiB/s-3839MiB/s (4025MB/s-4025MB/s), io=8192MiB (8590MB), run=2134-2134msec
