read: (g=0): rw=read, bs=(R) 4096B-4096B, (W) 4096B-4096B, (T) 4096B-4096B, ioengine=psync, iodepth=1
...
fio-3.16
Starting 32 processes

read: (groupid=0, jobs=32): err= 0: pid=18569: Thu Oct  9 01:46:31 2025
  read: IOPS=1040k, BW=4063MiB/s (4261MB/s)(32.0GiB/8064msec)
    clat (nsec): min=183, max=32298k, avg=30128.06, stdev=330444.55
     lat (nsec): min=194, max=32298k, avg=30166.51, stdev=330444.79
    clat percentiles (nsec):
     |  1.00th=[    298],  5.00th=[    334], 10.00th=[    358],
     | 20.00th=[    426], 30.00th=[    510], 40.00th=[    628],
     | 50.00th=[    780], 60.00th=[    996], 70.00th=[   1304],
     | 80.00th=[   1704], 90.00th=[   2224], 95.00th=[   2736],
     | 99.00th=[ 183296], 99.50th=[2703360], 99.90th=[4554752],
     | 99.95th=[5406720], 99.99th=[8355840]
   bw (  MiB/s): min= 3150, max= 4724, per=100.00%, avg=4079.04, stdev=14.23, samples=493
   iops        : min=806582, max=1209472, avg=1044232.74, stdev=3643.26, samples=493
  lat (nsec)   : 250=0.26%, 500=28.90%, 750=18.95%, 1000=11.90%
  lat (usec)   : 2=26.49%, 4=11.46%, 10=0.39%, 20=0.06%, 50=0.15%
  lat (usec)   : 100=0.29%, 250=0.20%, 500=0.03%, 750=0.02%, 1000=0.02%
  lat (msec)   : 2=0.16%, 4=0.56%, 10=0.17%, 20=0.01%, 50=0.01%
  cpu          : usr=1.64%, sys=8.65%, ctx=100960, majf=0, minf=382
  IO depths    : 1=100.0%, 2=0.0%, 4=0.0%, 8=0.0%, 16=0.0%, 32=0.0%, >=64=0.0%
     submit    : 0=0.0%, 4=100.0%, 8=0.0%, 16=0.0%, 32=0.0%, 64=0.0%, >=64=0.0%
     complete  : 0=0.0%, 4=100.0%, 8=0.0%, 16=0.0%, 32=0.0%, 64=0.0%, >=64=0.0%
     issued rwts: total=8388608,0,0,0 short=0,0,0,0 dropped=0,0,0,0
     latency   : target=0, window=0, percentile=100.00%, depth=1

Run status group 0 (all jobs):
   READ: bw=4063MiB/s (4261MB/s), 4063MiB/s-4063MiB/s (4261MB/s-4261MB/s), io=32.0GiB (34.4GB), run=8064-8064msec
