read: (g=0): rw=read, bs=(R) 4096B-4096B, (W) 4096B-4096B, (T) 4096B-4096B, ioengine=psync, iodepth=1
...
fio-3.16
Starting 16 processes

read: (groupid=0, jobs=16): err= 0: pid=72763: Thu Oct  9 15:20:10 2025
  read: IOPS=1057k, BW=4130MiB/s (4331MB/s)(16.0GiB/3967msec)
    clat (nsec): min=184, max=16926k, avg=14617.22, stdev=142300.72
     lat (nsec): min=196, max=16926k, avg=14655.60, stdev=142300.96
    clat percentiles (nsec):
     |  1.00th=[    310],  5.00th=[    370], 10.00th=[    434],
     | 20.00th=[    540], 30.00th=[    628], 40.00th=[    692],
     | 50.00th=[    764], 60.00th=[    852], 70.00th=[   1032],
     | 80.00th=[   1352], 90.00th=[   1816], 95.00th=[   2320],
     | 99.00th=[ 452608], 99.50th=[1269760], 99.90th=[1761280],
     | 99.95th=[1875968], 99.99th=[2736128]
   bw (  MiB/s): min= 3645, max= 4525, per=100.00%, avg=4136.10, stdev=18.36, samples=112
   iops        : min=933279, max=1158622, avg=1058841.14, stdev=4701.35, samples=112
  lat (nsec)   : 250=0.13%, 500=15.86%, 750=32.49%, 1000=20.15%
  lat (usec)   : 2=23.74%, 4=5.81%, 10=0.19%, 20=0.05%, 50=0.05%
  lat (usec)   : 100=0.20%, 250=0.19%, 500=0.17%, 750=0.14%, 1000=0.13%
  lat (msec)   : 2=0.67%, 4=0.02%, 10=0.01%, 20=0.01%
  cpu          : usr=3.23%, sys=15.52%, ctx=52998, majf=0, minf=175
  IO depths    : 1=100.0%, 2=0.0%, 4=0.0%, 8=0.0%, 16=0.0%, 32=0.0%, >=64=0.0%
     submit    : 0=0.0%, 4=100.0%, 8=0.0%, 16=0.0%, 32=0.0%, 64=0.0%, >=64=0.0%
     complete  : 0=0.0%, 4=100.0%, 8=0.0%, 16=0.0%, 32=0.0%, 64=0.0%, >=64=0.0%
     issued rwts: total=4194304,0,0,0 short=0,0,0,0 dropped=0,0,0,0
     latency   : target=0, window=0, percentile=100.00%, depth=1

Run status group 0 (all jobs):
   READ: bw=4130MiB/s (4331MB/s), 4130MiB/s-4130MiB/s (4331MB/s-4331MB/s), io=16.0GiB (17.2GB), run=3967-3967msec
