write: (g=0): rw=write, bs=(R) 128KiB-128KiB, (W) 128KiB-128KiB, (T) 128KiB-128KiB, ioengine=psync, iodepth=1
...
fio-3.16
Starting 2 processes

write: (groupid=0, jobs=2): err= 0: pid=595635: Thu Oct  9 13:42:03 2025
  write: IOPS=9947, BW=1243MiB/s (1304MB/s)(2048MiB/1647msec); 0 zone resets
    clat (usec): min=48, max=8187, avg=99.23, stdev=173.61
     lat (usec): min=48, max=8193, avg=99.79, stdev=173.67
    clat percentiles (usec):
     |  1.00th=[   61],  5.00th=[   68], 10.00th=[   75], 20.00th=[   83],
     | 30.00th=[   87], 40.00th=[   89], 50.00th=[   92], 60.00th=[   95],
     | 70.00th=[  100], 80.00th=[  105], 90.00th=[  118], 95.00th=[  139],
     | 99.00th=[  155], 99.50th=[  167], 99.90th=[  293], 99.95th=[ 4113],
     | 99.99th=[ 8094]
   bw (  MiB/s): min= 2600, max= 2600, per=100.00%, avg=2600.50, stdev= 0.00, samples=2
   iops        : min=20804, max=20804, avg=20804.00, stdev= 0.00, samples=2
  lat (usec)   : 50=0.04%, 100=70.18%, 250=29.64%, 500=0.07%
  lat (msec)   : 4=0.01%, 10=0.05%
  cpu          : usr=0.24%, sys=34.42%, ctx=16401, majf=0, minf=23
  IO depths    : 1=100.0%, 2=0.0%, 4=0.0%, 8=0.0%, 16=0.0%, 32=0.0%, >=64=0.0%
     submit    : 0=0.0%, 4=100.0%, 8=0.0%, 16=0.0%, 32=0.0%, 64=0.0%, >=64=0.0%
     complete  : 0=0.0%, 4=100.0%, 8=0.0%, 16=0.0%, 32=0.0%, 64=0.0%, >=64=0.0%
     issued rwts: total=0,16384,0,2 short=0,0,0,0 dropped=0,0,0,0
     latency   : target=0, window=0, percentile=100.00%, depth=1

Run status group 0 (all jobs):
  WRITE: bw=1243MiB/s (1304MB/s), 1243MiB/s-1243MiB/s (1304MB/s-1304MB/s), io=2048MiB (2147MB), run=1647-1647msec
