write: (g=0): rw=write, bs=(R) 128KiB-128KiB, (W) 128KiB-128KiB, (T) 128KiB-128KiB, ioengine=psync, iodepth=1
...
fio-3.16
Starting 32 processes

write: (groupid=0, jobs=32): err= 0: pid=598583: Thu Oct  9 13:43:12 2025
  write: IOPS=14.2k, BW=1778MiB/s (1864MB/s)(32.0GiB/18432msec); 0 zone resets
    clat (usec): min=49, max=66403, avg=1999.88, stdev=2330.00
     lat (usec): min=50, max=66409, avg=2001.53, stdev=2330.37
    clat percentiles (usec):
     |  1.00th=[   90],  5.00th=[  478], 10.00th=[  857], 20.00th=[ 1123],
     | 30.00th=[ 1205], 40.00th=[ 1254], 50.00th=[ 1303], 60.00th=[ 1352],
     | 70.00th=[ 1467], 80.00th=[ 1991], 90.00th=[ 4490], 95.00th=[ 6587],
     | 99.00th=[11994], 99.50th=[14222], 99.90th=[22676], 99.95th=[27395],
     | 99.99th=[53740]
   bw (  MiB/s): min=  773, max= 3869, per=100.00%, avg=1958.91, stdev=26.12, samples=1030
   iops        : min= 6187, max=30947, avg=15670.04, stdev=208.92, samples=1030
  lat (usec)   : 50=0.01%, 100=1.20%, 250=1.63%, 500=2.38%, 750=3.20%
  lat (usec)   : 1000=4.21%
  lat (msec)   : 2=67.41%, 4=8.81%, 10=9.56%, 20=1.43%, 50=0.15%
  lat (msec)   : 100=0.01%
  cpu          : usr=0.11%, sys=70.41%, ctx=143633113, majf=0, minf=335
  IO depths    : 1=100.0%, 2=0.0%, 4=0.0%, 8=0.0%, 16=0.0%, 32=0.0%, >=64=0.0%
     submit    : 0=0.0%, 4=100.0%, 8=0.0%, 16=0.0%, 32=0.0%, 64=0.0%, >=64=0.0%
     complete  : 0=0.0%, 4=100.0%, 8=0.0%, 16=0.0%, 32=0.0%, 64=0.0%, >=64=0.0%
     issued rwts: total=0,262144,0,32 short=0,0,0,0 dropped=0,0,0,0
     latency   : target=0, window=0, percentile=100.00%, depth=1

Run status group 0 (all jobs):
  WRITE: bw=1778MiB/s (1864MB/s), 1778MiB/s-1778MiB/s (1864MB/s-1864MB/s), io=32.0GiB (34.4GB), run=18432-18432msec
