write: (g=0): rw=write, bs=(R) 4096B-4096B, (W) 4096B-4096B, (T) 4096B-4096B, ioengine=psync, iodepth=1
...
fio-3.16
Starting 8 processes

write: (groupid=0, jobs=8): err= 0: pid=588563: Thu Oct  9 13:39:40 2025
  write: IOPS=297k, BW=1160MiB/s (1216MB/s)(8192MiB/7065msec); 0 zone resets
    clat (usec): min=3, max=99720, avg=24.49, stdev=105.50
     lat (usec): min=3, max=99720, avg=24.51, stdev=105.50
    clat percentiles (usec):
     |  1.00th=[    7],  5.00th=[   19], 10.00th=[   21], 20.00th=[   22],
     | 30.00th=[   23], 40.00th=[   23], 50.00th=[   24], 60.00th=[   25],
     | 70.00th=[   25], 80.00th=[   26], 90.00th=[   29], 95.00th=[   31],
     | 99.00th=[   43], 99.50th=[   47], 99.90th=[  139], 99.95th=[  192],
     | 99.99th=[  249]
   bw (  MiB/s): min= 1036, max= 1512, per=100.00%, avg=1263.51, stdev=14.65, samples=99
   iops        : min=265436, max=387287, avg=323459.41, stdev=3750.07, samples=99
  lat (usec)   : 4=0.20%, 10=1.75%, 20=6.78%, 50=90.91%, 100=0.22%
  lat (usec)   : 250=0.13%, 500=0.01%, 750=0.01%, 1000=0.01%
  lat (msec)   : 2=0.01%, 4=0.01%, 10=0.01%, 20=0.01%, 50=0.01%
  lat (msec)   : 100=0.01%
  cpu          : usr=1.10%, sys=85.16%, ctx=2185665, majf=0, minf=78
  IO depths    : 1=100.0%, 2=0.0%, 4=0.0%, 8=0.0%, 16=0.0%, 32=0.0%, >=64=0.0%
     submit    : 0=0.0%, 4=100.0%, 8=0.0%, 16=0.0%, 32=0.0%, 64=0.0%, >=64=0.0%
     complete  : 0=0.0%, 4=100.0%, 8=0.0%, 16=0.0%, 32=0.0%, 64=0.0%, >=64=0.0%
     issued rwts: total=0,2097152,0,8 short=0,0,0,0 dropped=0,0,0,0
     latency   : target=0, window=0, percentile=100.00%, depth=1

Run status group 0 (all jobs):
  WRITE: bw=1160MiB/s (1216MB/s), 1160MiB/s-1160MiB/s (1216MB/s-1216MB/s), io=8192MiB (8590MB), run=7065-7065msec
