write: (g=0): rw=write, bs=(R) 4096B-4096B, (W) 4096B-4096B, (T) 4096B-4096B, ioengine=psync, iodepth=1
...
fio-3.16
Starting 2 processes

write: (groupid=0, jobs=2): err= 0: pid=19837: Thu Oct  9 01:49:01 2025
  write: IOPS=90.6k, BW=354MiB/s (371MB/s)(2048MiB/5789msec); 0 zone resets
    clat (usec): min=3, max=8028, avg= 8.32, stdev=41.53
     lat (usec): min=3, max=8028, avg= 8.34, stdev=41.53
    clat percentiles (nsec):
     |  1.00th=[ 4768],  5.00th=[ 5984], 10.00th=[ 6560], 20.00th=[ 7072],
     | 30.00th=[ 7392], 40.00th=[ 7648], 50.00th=[ 7840], 60.00th=[ 8160],
     | 70.00th=[ 8512], 80.00th=[ 8768], 90.00th=[ 9408], 95.00th=[10304],
     | 99.00th=[15040], 99.50th=[16512], 99.90th=[22656], 99.95th=[28032],
     | 99.99th=[66048]
   bw (  KiB/s): min=854264, max=1079688, per=100.00%, avg=948188.00, stdev=46044.04, samples=8
   iops        : min=213566, max=269922, avg=237047.00, stdev=11511.01, samples=8
  lat (usec)   : 4=0.38%, 10=93.48%, 20=6.01%, 50=0.11%, 100=0.02%
  lat (usec)   : 250=0.01%, 750=0.01%
  lat (msec)   : 2=0.01%, 4=0.01%, 10=0.01%
  cpu          : usr=1.43%, sys=25.80%, ctx=524305, majf=0, minf=21
  IO depths    : 1=100.0%, 2=0.0%, 4=0.0%, 8=0.0%, 16=0.0%, 32=0.0%, >=64=0.0%
     submit    : 0=0.0%, 4=100.0%, 8=0.0%, 16=0.0%, 32=0.0%, 64=0.0%, >=64=0.0%
     complete  : 0=0.0%, 4=100.0%, 8=0.0%, 16=0.0%, 32=0.0%, 64=0.0%, >=64=0.0%
     issued rwts: total=0,524288,0,2 short=0,0,0,0 dropped=0,0,0,0
     latency   : target=0, window=0, percentile=100.00%, depth=1

Run status group 0 (all jobs):
  WRITE: bw=354MiB/s (371MB/s), 354MiB/s-354MiB/s (371MB/s-371MB/s), io=2048MiB (2147MB), run=5789-5789msec
