Linux 5.15.0 (noslab-gpu) 	11/14/2025 	_x86_64_	(40 CPU)

# Time        UID       PID   kB_rd/s   kB_wr/s kB_ccwr/s iodelay  Command
07:28:25 AM     0    500618  35113.73   7643.14      0.00       0  java

# Time        UID       PID   kB_rd/s   kB_wr/s kB_ccwr/s iodelay  Command

# Time        UID       PID   kB_rd/s   kB_wr/s kB_ccwr/s iodelay  Command

# Time        UID       PID   kB_rd/s   kB_wr/s kB_ccwr/s iodelay  Command

# Time        UID       PID   kB_rd/s   kB_wr/s kB_ccwr/s iodelay  Command

# Time        UID       PID   kB_rd/s   kB_wr/s kB_ccwr/s iodelay  Command

# Time        UID       PID   kB_rd/s   kB_wr/s kB_ccwr/s iodelay  Command

# Time        UID       PID   kB_rd/s   kB_wr/s kB_ccwr/s iodelay  Command

# Time        UID       PID   kB_rd/s   kB_wr/s kB_ccwr/s iodelay  Command

# Time        UID       PID   kB_rd/s   kB_wr/s kB_ccwr/s iodelay  Command

# Time        UID       PID   kB_rd/s   kB_wr/s kB_ccwr/s iodelay  Command

# Time        UID       PID   kB_rd/s   kB_wr/s kB_ccwr/s iodelay  Command

# Time        UID       PID   kB_rd/s   kB_wr/s kB_ccwr/s iodelay  Command

# Time        UID       PID   kB_rd/s   kB_wr/s kB_ccwr/s iodelay  Command

# Time        UID       PID   kB_rd/s   kB_wr/s kB_ccwr/s iodelay  Command

# Time        UID       PID   kB_rd/s   kB_wr/s kB_ccwr/s iodelay  Command

# Time        UID       PID   kB_rd/s   kB_wr/s kB_ccwr/s iodelay  Command

# Time        UID       PID   kB_rd/s   kB_wr/s kB_ccwr/s iodelay  Command

# Time        UID       PID   kB_rd/s   kB_wr/s kB_ccwr/s iodelay  Command

# Time        UID       PID   kB_rd/s   kB_wr/s kB_ccwr/s iodelay  Command

# Time        UID       PID   kB_rd/s   kB_wr/s kB_ccwr/s iodelay  Command

# Time        UID       PID   kB_rd/s   kB_wr/s kB_ccwr/s iodelay  Command

# Time        UID       PID   kB_rd/s   kB_wr/s kB_ccwr/s iodelay  Command

# Time        UID       PID   kB_rd/s   kB_wr/s kB_ccwr/s iodelay  Command

# Time        UID       PID   kB_rd/s   kB_wr/s kB_ccwr/s iodelay  Command

# Time        UID       PID   kB_rd/s   kB_wr/s kB_ccwr/s iodelay  Command

# Time        UID       PID   kB_rd/s   kB_wr/s kB_ccwr/s iodelay  Command

# Time        UID       PID   kB_rd/s   kB_wr/s kB_ccwr/s iodelay  Command

# Time        UID       PID   kB_rd/s   kB_wr/s kB_ccwr/s iodelay  Command

# Time        UID       PID   kB_rd/s   kB_wr/s kB_ccwr/s iodelay  Command

# Time        UID       PID   kB_rd/s   kB_wr/s kB_ccwr/s iodelay  Command
07:28:55 AM     0    500618      0.00      8.00      0.00       0  java

# Time        UID       PID   kB_rd/s   kB_wr/s kB_ccwr/s iodelay  Command

# Time        UID       PID   kB_rd/s   kB_wr/s kB_ccwr/s iodelay  Command

# Time        UID       PID   kB_rd/s   kB_wr/s kB_ccwr/s iodelay  Command

# Time        UID       PID   kB_rd/s   kB_wr/s kB_ccwr/s iodelay  Command
07:28:59 AM     0    500618      0.00      8.00      0.00       0  java

# Time        UID       PID   kB_rd/s   kB_wr/s kB_ccwr/s iodelay  Command

# Time        UID       PID   kB_rd/s   kB_wr/s kB_ccwr/s iodelay  Command

# Time        UID       PID   kB_rd/s   kB_wr/s kB_ccwr/s iodelay  Command

# Time        UID       PID   kB_rd/s   kB_wr/s kB_ccwr/s iodelay  Command

# Time        UID       PID   kB_rd/s   kB_wr/s kB_ccwr/s iodelay  Command

# Time        UID       PID   kB_rd/s   kB_wr/s kB_ccwr/s iodelay  Command

# Time        UID       PID   kB_rd/s   kB_wr/s kB_ccwr/s iodelay  Command

# Time        UID       PID   kB_rd/s   kB_wr/s kB_ccwr/s iodelay  Command

# Time        UID       PID   kB_rd/s   kB_wr/s kB_ccwr/s iodelay  Command

# Time        UID       PID   kB_rd/s   kB_wr/s kB_ccwr/s iodelay  Command

# Time        UID       PID   kB_rd/s   kB_wr/s kB_ccwr/s iodelay  Command

# Time        UID       PID   kB_rd/s   kB_wr/s kB_ccwr/s iodelay  Command

# Time        UID       PID   kB_rd/s   kB_wr/s kB_ccwr/s iodelay  Command

# Time        UID       PID   kB_rd/s   kB_wr/s kB_ccwr/s iodelay  Command

# Time        UID       PID   kB_rd/s   kB_wr/s kB_ccwr/s iodelay  Command

# Time        UID       PID   kB_rd/s   kB_wr/s kB_ccwr/s iodelay  Command

# Time        UID       PID   kB_rd/s   kB_wr/s kB_ccwr/s iodelay  Command

# Time        UID       PID   kB_rd/s   kB_wr/s kB_ccwr/s iodelay  Command

# Time        UID       PID   kB_rd/s   kB_wr/s kB_ccwr/s iodelay  Command

# Time        UID       PID   kB_rd/s   kB_wr/s kB_ccwr/s iodelay  Command

# Time        UID       PID   kB_rd/s   kB_wr/s kB_ccwr/s iodelay  Command

# Time        UID       PID   kB_rd/s   kB_wr/s kB_ccwr/s iodelay  Command

# Time        UID       PID   kB_rd/s   kB_wr/s kB_ccwr/s iodelay  Command

# Time        UID       PID   kB_rd/s   kB_wr/s kB_ccwr/s iodelay  Command

# Time        UID       PID   kB_rd/s   kB_wr/s kB_ccwr/s iodelay  Command

# Time        UID       PID   kB_rd/s   kB_wr/s kB_ccwr/s iodelay  Command

# Time        UID       PID   kB_rd/s   kB_wr/s kB_ccwr/s iodelay  Command
07:29:26 AM     0    500618      0.00      8.00      0.00       0  java

# Time        UID       PID   kB_rd/s   kB_wr/s kB_ccwr/s iodelay  Command

# Time        UID       PID   kB_rd/s   kB_wr/s kB_ccwr/s iodelay  Command

# Time        UID       PID   kB_rd/s   kB_wr/s kB_ccwr/s iodelay  Command

# Time        UID       PID   kB_rd/s   kB_wr/s kB_ccwr/s iodelay  Command
07:29:30 AM     0    500618      0.00      8.00      0.00       0  java

# Time        UID       PID   kB_rd/s   kB_wr/s kB_ccwr/s iodelay  Command

# Time        UID       PID   kB_rd/s   kB_wr/s kB_ccwr/s iodelay  Command

# Time        UID       PID   kB_rd/s   kB_wr/s kB_ccwr/s iodelay  Command

# Time        UID       PID   kB_rd/s   kB_wr/s kB_ccwr/s iodelay  Command

# Time        UID       PID   kB_rd/s   kB_wr/s kB_ccwr/s iodelay  Command

# Time        UID       PID   kB_rd/s   kB_wr/s kB_ccwr/s iodelay  Command

# Time        UID       PID   kB_rd/s   kB_wr/s kB_ccwr/s iodelay  Command

# Time        UID       PID   kB_rd/s   kB_wr/s kB_ccwr/s iodelay  Command

# Time        UID       PID   kB_rd/s   kB_wr/s kB_ccwr/s iodelay  Command

# Time        UID       PID   kB_rd/s   kB_wr/s kB_ccwr/s iodelay  Command

# Time        UID       PID   kB_rd/s   kB_wr/s kB_ccwr/s iodelay  Command

# Time        UID       PID   kB_rd/s   kB_wr/s kB_ccwr/s iodelay  Command

# Time        UID       PID   kB_rd/s   kB_wr/s kB_ccwr/s iodelay  Command

# Time        UID       PID   kB_rd/s   kB_wr/s kB_ccwr/s iodelay  Command

# Time        UID       PID   kB_rd/s   kB_wr/s kB_ccwr/s iodelay  Command

# Time        UID       PID   kB_rd/s   kB_wr/s kB_ccwr/s iodelay  Command

# Time        UID       PID   kB_rd/s   kB_wr/s kB_ccwr/s iodelay  Command

# Time        UID       PID   kB_rd/s   kB_wr/s kB_ccwr/s iodelay  Command

# Time        UID       PID   kB_rd/s   kB_wr/s kB_ccwr/s iodelay  Command
07:29:49 AM     0    501923    184.00   7796.00      0.00       0  java

# Time        UID       PID   kB_rd/s   kB_wr/s kB_ccwr/s iodelay  Command

# Time        UID       PID   kB_rd/s   kB_wr/s kB_ccwr/s iodelay  Command

# Time        UID       PID   kB_rd/s   kB_wr/s kB_ccwr/s iodelay  Command

# Time        UID       PID   kB_rd/s   kB_wr/s kB_ccwr/s iodelay  Command

# Time        UID       PID   kB_rd/s   kB_wr/s kB_ccwr/s iodelay  Command

# Time        UID       PID   kB_rd/s   kB_wr/s kB_ccwr/s iodelay  Command

# Time        UID       PID   kB_rd/s   kB_wr/s kB_ccwr/s iodelay  Command

# Time        UID       PID   kB_rd/s   kB_wr/s kB_ccwr/s iodelay  Command

# Time        UID       PID   kB_rd/s   kB_wr/s kB_ccwr/s iodelay  Command

# Time        UID       PID   kB_rd/s   kB_wr/s kB_ccwr/s iodelay  Command

# Time        UID       PID   kB_rd/s   kB_wr/s kB_ccwr/s iodelay  Command

# Time        UID       PID   kB_rd/s   kB_wr/s kB_ccwr/s iodelay  Command

# Time        UID       PID   kB_rd/s   kB_wr/s kB_ccwr/s iodelay  Command

# Time        UID       PID   kB_rd/s   kB_wr/s kB_ccwr/s iodelay  Command

# Time        UID       PID   kB_rd/s   kB_wr/s kB_ccwr/s iodelay  Command

# Time        UID       PID   kB_rd/s   kB_wr/s kB_ccwr/s iodelay  Command

# Time        UID       PID   kB_rd/s   kB_wr/s kB_ccwr/s iodelay  Command

# Time        UID       PID   kB_rd/s   kB_wr/s kB_ccwr/s iodelay  Command

# Time        UID       PID   kB_rd/s   kB_wr/s kB_ccwr/s iodelay  Command

# Time        UID       PID   kB_rd/s   kB_wr/s kB_ccwr/s iodelay  Command

# Time        UID       PID   kB_rd/s   kB_wr/s kB_ccwr/s iodelay  Command

# Time        UID       PID   kB_rd/s   kB_wr/s kB_ccwr/s iodelay  Command

# Time        UID       PID   kB_rd/s   kB_wr/s kB_ccwr/s iodelay  Command

# Time        UID       PID   kB_rd/s   kB_wr/s kB_ccwr/s iodelay  Command

# Time        UID       PID   kB_rd/s   kB_wr/s kB_ccwr/s iodelay  Command

# Time        UID       PID   kB_rd/s   kB_wr/s kB_ccwr/s iodelay  Command

# Time        UID       PID   kB_rd/s   kB_wr/s kB_ccwr/s iodelay  Command

# Time        UID       PID   kB_rd/s   kB_wr/s kB_ccwr/s iodelay  Command
07:30:17 AM     0    501923      0.00      8.00      0.00       0  java

# Time        UID       PID   kB_rd/s   kB_wr/s kB_ccwr/s iodelay  Command

# Time        UID       PID   kB_rd/s   kB_wr/s kB_ccwr/s iodelay  Command

# Time        UID       PID   kB_rd/s   kB_wr/s kB_ccwr/s iodelay  Command

# Time        UID       PID   kB_rd/s   kB_wr/s kB_ccwr/s iodelay  Command

# Time        UID       PID   kB_rd/s   kB_wr/s kB_ccwr/s iodelay  Command

# Time        UID       PID   kB_rd/s   kB_wr/s kB_ccwr/s iodelay  Command
07:30:23 AM     0    501923      0.00      8.00      0.00       0  java

# Time        UID       PID   kB_rd/s   kB_wr/s kB_ccwr/s iodelay  Command

# Time        UID       PID   kB_rd/s   kB_wr/s kB_ccwr/s iodelay  Command

# Time        UID       PID   kB_rd/s   kB_wr/s kB_ccwr/s iodelay  Command

# Time        UID       PID   kB_rd/s   kB_wr/s kB_ccwr/s iodelay  Command

# Time        UID       PID   kB_rd/s   kB_wr/s kB_ccwr/s iodelay  Command

# Time        UID       PID   kB_rd/s   kB_wr/s kB_ccwr/s iodelay  Command

# Time        UID       PID   kB_rd/s   kB_wr/s kB_ccwr/s iodelay  Command

# Time        UID       PID   kB_rd/s   kB_wr/s kB_ccwr/s iodelay  Command

# Time        UID       PID   kB_rd/s   kB_wr/s kB_ccwr/s iodelay  Command

# Time        UID       PID   kB_rd/s   kB_wr/s kB_ccwr/s iodelay  Command

# Time        UID       PID   kB_rd/s   kB_wr/s kB_ccwr/s iodelay  Command

# Time        UID       PID   kB_rd/s   kB_wr/s kB_ccwr/s iodelay  Command

# Time        UID       PID   kB_rd/s   kB_wr/s kB_ccwr/s iodelay  Command

# Time        UID       PID   kB_rd/s   kB_wr/s kB_ccwr/s iodelay  Command

# Time        UID       PID   kB_rd/s   kB_wr/s kB_ccwr/s iodelay  Command

# Time        UID       PID   kB_rd/s   kB_wr/s kB_ccwr/s iodelay  Command

# Time        UID       PID   kB_rd/s   kB_wr/s kB_ccwr/s iodelay  Command

# Time        UID       PID   kB_rd/s   kB_wr/s kB_ccwr/s iodelay  Command

# Time        UID       PID   kB_rd/s   kB_wr/s kB_ccwr/s iodelay  Command

# Time        UID       PID   kB_rd/s   kB_wr/s kB_ccwr/s iodelay  Command

# Time        UID       PID   kB_rd/s   kB_wr/s kB_ccwr/s iodelay  Command

# Time        UID       PID   kB_rd/s   kB_wr/s kB_ccwr/s iodelay  Command

# Time        UID       PID   kB_rd/s   kB_wr/s kB_ccwr/s iodelay  Command

# Time        UID       PID   kB_rd/s   kB_wr/s kB_ccwr/s iodelay  Command

# Time        UID       PID   kB_rd/s   kB_wr/s kB_ccwr/s iodelay  Command
07:30:48 AM     0    501923      0.00      8.00      0.00       0  java

# Time        UID       PID   kB_rd/s   kB_wr/s kB_ccwr/s iodelay  Command

# Time        UID       PID   kB_rd/s   kB_wr/s kB_ccwr/s iodelay  Command
07:30:50 AM     0    501923      0.00      8.00      0.00       0  java

# Time        UID       PID   kB_rd/s   kB_wr/s kB_ccwr/s iodelay  Command

# Time        UID       PID   kB_rd/s   kB_wr/s kB_ccwr/s iodelay  Command

# Time        UID       PID   kB_rd/s   kB_wr/s kB_ccwr/s iodelay  Command

# Time        UID       PID   kB_rd/s   kB_wr/s kB_ccwr/s iodelay  Command

# Time        UID       PID   kB_rd/s   kB_wr/s kB_ccwr/s iodelay  Command

# Time        UID       PID   kB_rd/s   kB_wr/s kB_ccwr/s iodelay  Command

# Time        UID       PID   kB_rd/s   kB_wr/s kB_ccwr/s iodelay  Command

# Time        UID       PID   kB_rd/s   kB_wr/s kB_ccwr/s iodelay  Command

# Time        UID       PID   kB_rd/s   kB_wr/s kB_ccwr/s iodelay  Command

# Time        UID       PID   kB_rd/s   kB_wr/s kB_ccwr/s iodelay  Command

# Time        UID       PID   kB_rd/s   kB_wr/s kB_ccwr/s iodelay  Command

# Time        UID       PID   kB_rd/s   kB_wr/s kB_ccwr/s iodelay  Command

# Time        UID       PID   kB_rd/s   kB_wr/s kB_ccwr/s iodelay  Command

# Time        UID       PID   kB_rd/s   kB_wr/s kB_ccwr/s iodelay  Command

# Time        UID       PID   kB_rd/s   kB_wr/s kB_ccwr/s iodelay  Command

# Time        UID       PID   kB_rd/s   kB_wr/s kB_ccwr/s iodelay  Command

# Time        UID       PID   kB_rd/s   kB_wr/s kB_ccwr/s iodelay  Command

# Time        UID       PID   kB_rd/s   kB_wr/s kB_ccwr/s iodelay  Command

# Time        UID       PID   kB_rd/s   kB_wr/s kB_ccwr/s iodelay  Command

# Time        UID       PID   kB_rd/s   kB_wr/s kB_ccwr/s iodelay  Command

# Time        UID       PID   kB_rd/s   kB_wr/s kB_ccwr/s iodelay  Command

# Time        UID       PID   kB_rd/s   kB_wr/s kB_ccwr/s iodelay  Command

# Time        UID       PID   kB_rd/s   kB_wr/s kB_ccwr/s iodelay  Command

# Time        UID       PID   kB_rd/s   kB_wr/s kB_ccwr/s iodelay  Command

# Time        UID       PID   kB_rd/s   kB_wr/s kB_ccwr/s iodelay  Command

# Time        UID       PID   kB_rd/s   kB_wr/s kB_ccwr/s iodelay  Command

# Time        UID       PID   kB_rd/s   kB_wr/s kB_ccwr/s iodelay  Command

# Time        UID       PID   kB_rd/s   kB_wr/s kB_ccwr/s iodelay  Command

# Time        UID       PID   kB_rd/s   kB_wr/s kB_ccwr/s iodelay  Command
07:31:19 AM     0    501923      0.00      8.00      0.00       0  java

# Time        UID       PID   kB_rd/s   kB_wr/s kB_ccwr/s iodelay  Command

# Time        UID       PID   kB_rd/s   kB_wr/s kB_ccwr/s iodelay  Command
07:31:21 AM     0    501923      0.00      8.00      0.00       0  java

# Time        UID       PID   kB_rd/s   kB_wr/s kB_ccwr/s iodelay  Command

# Time        UID       PID   kB_rd/s   kB_wr/s kB_ccwr/s iodelay  Command

# Time        UID       PID   kB_rd/s   kB_wr/s kB_ccwr/s iodelay  Command

# Time        UID       PID   kB_rd/s   kB_wr/s kB_ccwr/s iodelay  Command

# Time        UID       PID   kB_rd/s   kB_wr/s kB_ccwr/s iodelay  Command

# Time        UID       PID   kB_rd/s   kB_wr/s kB_ccwr/s iodelay  Command

# Time        UID       PID   kB_rd/s   kB_wr/s kB_ccwr/s iodelay  Command

# Time        UID       PID   kB_rd/s   kB_wr/s kB_ccwr/s iodelay  Command
