randread: (g=0): rw=randread, bs=(R) 128KiB-128KiB, (W) 128KiB-128KiB, (T) 128KiB-128KiB, ioengine=psync, iodepth=1
...
fio-3.16
Starting 16 processes

randread: (groupid=0, jobs=16): err= 0: pid=173378: Wed Oct 22 18:31:10 2025
  read: IOPS=11.7k, BW=1467MiB/s (1538MB/s)(2048MiB/1396msec)
    clat (usec): min=2, max=8312, avg=1320.35, stdev=1187.54
     lat (usec): min=3, max=8312, avg=1320.49, stdev=1187.57
    clat percentiles (usec):
     |  1.00th=[   14],  5.00th=[   19], 10.00th=[   22], 20.00th=[   30],
     | 30.00th=[   48], 40.00th=[  545], 50.00th=[ 1745], 60.00th=[ 1893],
     | 70.00th=[ 2040], 80.00th=[ 2278], 90.00th=[ 2737], 95.00th=[ 3228],
     | 99.00th=[ 4146], 99.50th=[ 4817], 99.90th=[ 6194], 99.95th=[ 6521],
     | 99.99th=[ 7832]
   bw (  MiB/s): min= 1108, max= 1490, per=88.58%, avg=1299.50, stdev=12.54, samples=32
   iops        : min= 8868, max=11922, avg=10395.00, stdev=100.26, samples=32
  lat (usec)   : 4=0.02%, 10=0.14%, 20=7.33%, 50=23.03%, 100=5.54%
  lat (usec)   : 250=0.99%, 500=2.39%, 750=3.69%, 1000=1.70%
  lat (msec)   : 2=22.72%, 4=31.14%, 10=1.29%
  cpu          : usr=0.31%, sys=6.02%, ctx=20081, majf=0, minf=641
  IO depths    : 1=100.0%, 2=0.0%, 4=0.0%, 8=0.0%, 16=0.0%, 32=0.0%, >=64=0.0%
     submit    : 0=0.0%, 4=100.0%, 8=0.0%, 16=0.0%, 32=0.0%, 64=0.0%, >=64=0.0%
     complete  : 0=0.0%, 4=100.0%, 8=0.0%, 16=0.0%, 32=0.0%, 64=0.0%, >=64=0.0%
     issued rwts: total=16384,0,0,0 short=0,0,0,0 dropped=0,0,0,0
     latency   : target=0, window=0, percentile=100.00%, depth=1

Run status group 0 (all jobs):
   READ: bw=1467MiB/s (1538MB/s), 1467MiB/s-1467MiB/s (1538MB/s-1538MB/s), io=2048MiB (2147MB), run=1396-1396msec
