randread: (g=0): rw=randread, bs=(R) 128KiB-128KiB, (W) 128KiB-128KiB, (T) 128KiB-128KiB, ioengine=psync, iodepth=1
...
fio-3.16
Starting 2 processes

randread: (groupid=0, jobs=2): err= 0: pid=172985: Wed Oct 22 18:30:51 2025
  read: IOPS=2041, BW=255MiB/s (268MB/s)(256MiB/1003msec)
    clat (usec): min=13, max=3558, avg=967.05, stdev=830.33
     lat (usec): min=13, max=3558, avg=967.25, stdev=830.32
    clat percentiles (usec):
     |  1.00th=[   20],  5.00th=[   25], 10.00th=[   31], 20.00th=[   45],
     | 30.00th=[   75], 40.00th=[  570], 50.00th=[ 1139], 60.00th=[ 1254],
     | 70.00th=[ 1401], 80.00th=[ 1696], 90.00th=[ 2114], 95.00th=[ 2376],
     | 99.00th=[ 2769], 99.50th=[ 3032], 99.90th=[ 3425], 99.95th=[ 3523],
     | 99.99th=[ 3556]
   bw (  KiB/s): min=209664, max=258560, per=89.57%, avg=234112.00, stdev=24448.00, samples=3
   iops        : min= 1638, max= 2020, avg=1829.00, stdev=191.00, samples=3
  lat (usec)   : 20=1.71%, 50=20.46%, 100=12.70%, 250=2.05%, 500=2.54%
  lat (usec)   : 750=2.39%, 1000=2.49%
  lat (msec)   : 2=43.70%, 4=11.96%
  cpu          : usr=0.20%, sys=8.83%, ctx=2509, majf=0, minf=82
  IO depths    : 1=100.0%, 2=0.0%, 4=0.0%, 8=0.0%, 16=0.0%, 32=0.0%, >=64=0.0%
     submit    : 0=0.0%, 4=100.0%, 8=0.0%, 16=0.0%, 32=0.0%, 64=0.0%, >=64=0.0%
     complete  : 0=0.0%, 4=100.0%, 8=0.0%, 16=0.0%, 32=0.0%, 64=0.0%, >=64=0.0%
     issued rwts: total=2048,0,0,0 short=0,0,0,0 dropped=0,0,0,0
     latency   : target=0, window=0, percentile=100.00%, depth=1

Run status group 0 (all jobs):
   READ: bw=255MiB/s (268MB/s), 255MiB/s-255MiB/s (268MB/s-268MB/s), io=256MiB (268MB), run=1003-1003msec
