read: (g=0): rw=read, bs=(R) 128KiB-128KiB, (W) 128KiB-128KiB, (T) 128KiB-128KiB, ioengine=psync, iodepth=1
...
fio-3.16
Starting 2 processes

read: (groupid=0, jobs=2): err= 0: pid=171174: Wed Oct 22 18:27:43 2025
  read: IOPS=2308, BW=289MiB/s (303MB/s)(256MiB/887msec)
    clat (usec): min=9, max=4374, avg=859.31, stdev=903.50
     lat (usec): min=9, max=4374, avg=859.54, stdev=903.41
    clat percentiles (usec):
     |  1.00th=[   18],  5.00th=[   22], 10.00th=[   30], 20.00th=[   38],
     | 30.00th=[   44], 40.00th=[   58], 50.00th=[  126], 60.00th=[ 1237],
     | 70.00th=[ 1565], 80.00th=[ 1811], 90.00th=[ 2057], 95.00th=[ 2278],
     | 99.00th=[ 2966], 99.50th=[ 3392], 99.90th=[ 3949], 99.95th=[ 4015],
     | 99.99th=[ 4359]
   bw (  KiB/s): min=286720, max=286720, per=97.02%, avg=286720.00, stdev= 0.00, samples=2
   iops        : min= 2240, max= 2240, avg=2240.00, stdev= 0.00, samples=2
  lat (usec)   : 10=0.10%, 20=2.69%, 50=33.30%, 100=13.72%, 250=0.20%
  lat (usec)   : 500=0.10%, 750=2.54%, 1000=3.86%
  lat (msec)   : 2=31.20%, 4=12.21%, 10=0.10%
  cpu          : usr=0.79%, sys=14.97%, ctx=1962, majf=0, minf=83
  IO depths    : 1=100.0%, 2=0.0%, 4=0.0%, 8=0.0%, 16=0.0%, 32=0.0%, >=64=0.0%
     submit    : 0=0.0%, 4=100.0%, 8=0.0%, 16=0.0%, 32=0.0%, 64=0.0%, >=64=0.0%
     complete  : 0=0.0%, 4=100.0%, 8=0.0%, 16=0.0%, 32=0.0%, 64=0.0%, >=64=0.0%
     issued rwts: total=2048,0,0,0 short=0,0,0,0 dropped=0,0,0,0
     latency   : target=0, window=0, percentile=100.00%, depth=1

Run status group 0 (all jobs):
   READ: bw=289MiB/s (303MB/s), 289MiB/s-289MiB/s (303MB/s-303MB/s), io=256MiB (268MB), run=887-887msec
