read: (g=0): rw=read, bs=(R) 128KiB-128KiB, (W) 128KiB-128KiB, (T) 128KiB-128KiB, ioengine=psync, iodepth=1
fio-3.16
Starting 1 process

read: (groupid=0, jobs=1): err= 0: pid=171071: Wed Oct 22 18:27:37 2025
  read: IOPS=1219, BW=152MiB/s (160MB/s)(128MiB/840msec)
    clat (usec): min=6, max=4214, avg=817.89, stdev=873.84
     lat (usec): min=7, max=4215, avg=818.08, stdev=873.76
    clat percentiles (usec):
     |  1.00th=[    9],  5.00th=[   11], 10.00th=[   16], 20.00th=[   22],
     | 30.00th=[   32], 40.00th=[   45], 50.00th=[  116], 60.00th=[ 1205],
     | 70.00th=[ 1385], 80.00th=[ 1729], 90.00th=[ 2040], 95.00th=[ 2278],
     | 99.00th=[ 2868], 99.50th=[ 2966], 99.90th=[ 3392], 99.95th=[ 4228],
     | 99.99th=[ 4228]
   bw (  KiB/s): min=142848, max=142848, per=91.55%, avg=142848.00, stdev= 0.00, samples=1
   iops        : min= 1116, max= 1116, avg=1116.00, stdev= 0.00, samples=1
  lat (usec)   : 10=4.69%, 20=11.43%, 50=26.86%, 100=6.93%, 250=0.20%
  lat (usec)   : 500=1.17%, 750=1.07%, 1000=2.25%
  lat (msec)   : 2=34.28%, 4=11.04%, 10=0.10%
  cpu          : usr=0.00%, sys=12.16%, ctx=990, majf=0, minf=42
  IO depths    : 1=100.0%, 2=0.0%, 4=0.0%, 8=0.0%, 16=0.0%, 32=0.0%, >=64=0.0%
     submit    : 0=0.0%, 4=100.0%, 8=0.0%, 16=0.0%, 32=0.0%, 64=0.0%, >=64=0.0%
     complete  : 0=0.0%, 4=100.0%, 8=0.0%, 16=0.0%, 32=0.0%, 64=0.0%, >=64=0.0%
     issued rwts: total=1024,0,0,0 short=0,0,0,0 dropped=0,0,0,0
     latency   : target=0, window=0, percentile=100.00%, depth=1

Run status group 0 (all jobs):
   READ: bw=152MiB/s (160MB/s), 152MiB/s-152MiB/s (160MB/s-160MB/s), io=128MiB (134MB), run=840-840msec
