read: (g=0): rw=read, bs=(R) 4096B-4096B, (W) 4096B-4096B, (T) 4096B-4096B, ioengine=psync, iodepth=1
...
fio-3.16
Starting 4 processes

read: (groupid=0, jobs=4): err= 0: pid=170796: Wed Oct 22 18:27:18 2025
  read: IOPS=135k, BW=526MiB/s (552MB/s)(512MiB/973msec)
    clat (nsec): min=221, max=4471.3k, avg=28896.80, stdev=230360.38
     lat (nsec): min=238, max=4471.3k, avg=28957.45, stdev=230360.03
    clat percentiles (nsec):
     |  1.00th=[    314],  5.00th=[    402], 10.00th=[    490],
     | 20.00th=[    916], 30.00th=[   1064], 40.00th=[   1176],
     | 50.00th=[   1320], 60.00th=[   1576], 70.00th=[   1848],
     | 80.00th=[   2160], 90.00th=[   2608], 95.00th=[   2928],
     | 99.00th=[1531904], 99.50th=[2039808], 99.90th=[2670592],
     | 99.95th=[2965504], 99.99th=[3489792]
   bw (  KiB/s): min=519000, max=519000, per=96.32%, avg=519000.00, stdev= 0.00, samples=4
   iops        : min=129750, max=129750, avg=129750.00, stdev= 0.00, samples=4
  lat (nsec)   : 250=0.01%, 500=10.39%, 750=4.86%, 1000=9.89%
  lat (usec)   : 2=50.20%, 4=22.60%, 10=0.38%, 20=0.08%, 50=0.02%
  lat (usec)   : 100=0.01%, 250=0.01%, 500=0.04%, 750=0.08%, 1000=0.05%
  lat (msec)   : 2=0.88%, 4=0.52%, 10=0.01%
  cpu          : usr=2.91%, sys=10.73%, ctx=3972, majf=0, minf=41
  IO depths    : 1=100.0%, 2=0.0%, 4=0.0%, 8=0.0%, 16=0.0%, 32=0.0%, >=64=0.0%
     submit    : 0=0.0%, 4=100.0%, 8=0.0%, 16=0.0%, 32=0.0%, 64=0.0%, >=64=0.0%
     complete  : 0=0.0%, 4=100.0%, 8=0.0%, 16=0.0%, 32=0.0%, 64=0.0%, >=64=0.0%
     issued rwts: total=131072,0,0,0 short=0,0,0,0 dropped=0,0,0,0
     latency   : target=0, window=0, percentile=100.00%, depth=1

Run status group 0 (all jobs):
   READ: bw=526MiB/s (552MB/s), 526MiB/s-526MiB/s (552MB/s-552MB/s), io=512MiB (537MB), run=973-973msec
