read: (g=0): rw=read, bs=(R) 4096B-4096B, (W) 4096B-4096B, (T) 4096B-4096B, ioengine=psync, iodepth=1
...
fio-3.16
Starting 8 processes

read: (groupid=0, jobs=8): err= 0: pid=170904: Wed Oct 22 18:27:24 2025
  read: IOPS=240k, BW=939MiB/s (985MB/s)(1024MiB/1090msec)
    clat (nsec): min=182, max=14333k, avg=32224.07, stdev=273648.37
     lat (nsec): min=194, max=14333k, avg=32279.32, stdev=273648.39
    clat percentiles (nsec):
     |  1.00th=[    302],  5.00th=[    338], 10.00th=[    358],
     | 20.00th=[    454], 30.00th=[    580], 40.00th=[    892],
     | 50.00th=[   1096], 60.00th=[   1480], 70.00th=[   1880],
     | 80.00th=[   2224], 90.00th=[   2672], 95.00th=[   2992],
     | 99.00th=[1679360], 99.50th=[2146304], 99.90th=[3129344],
     | 99.95th=[3489792], 99.99th=[5013504]
   bw (  KiB/s): min=943648, max=996760, per=100.00%, avg=970204.00, stdev=3732.95, samples=16
   iops        : min=235912, max=249190, avg=242551.00, stdev=933.24, samples=16
  lat (nsec)   : 250=0.12%, 500=24.87%, 750=10.46%, 1000=9.78%
  lat (usec)   : 2=28.52%, 4=24.20%, 10=0.39%, 20=0.06%, 50=0.03%
  lat (usec)   : 100=0.01%, 250=0.01%, 500=0.04%, 750=0.05%, 1000=0.05%
  lat (msec)   : 2=0.82%, 4=0.59%, 10=0.01%, 20=0.01%
  cpu          : usr=2.65%, sys=10.32%, ctx=8016, majf=0, minf=85
  IO depths    : 1=100.0%, 2=0.0%, 4=0.0%, 8=0.0%, 16=0.0%, 32=0.0%, >=64=0.0%
     submit    : 0=0.0%, 4=100.0%, 8=0.0%, 16=0.0%, 32=0.0%, 64=0.0%, >=64=0.0%
     complete  : 0=0.0%, 4=100.0%, 8=0.0%, 16=0.0%, 32=0.0%, 64=0.0%, >=64=0.0%
     issued rwts: total=262144,0,0,0 short=0,0,0,0 dropped=0,0,0,0
     latency   : target=0, window=0, percentile=100.00%, depth=1

Run status group 0 (all jobs):
   READ: bw=939MiB/s (985MB/s), 939MiB/s-939MiB/s (985MB/s-985MB/s), io=1024MiB (1074MB), run=1090-1090msec
