read: (g=0): rw=read, bs=(R) 4096B-4096B, (W) 4096B-4096B, (T) 4096B-4096B, ioengine=psync, iodepth=1
fio-3.16
Starting 1 process

read: (groupid=0, jobs=1): err= 0: pid=170635: Wed Oct 22 18:27:06 2025
  read: IOPS=39.4k, BW=154MiB/s (162MB/s)(128MiB/831msec)
    clat (nsec): min=191, max=3421.3k, avg=24954.62, stdev=200985.38
     lat (nsec): min=202, max=3421.4k, avg=25006.44, stdev=200985.30
    clat percentiles (nsec):
     |  1.00th=[    274],  5.00th=[    310], 10.00th=[    330],
     | 20.00th=[    398], 30.00th=[    676], 40.00th=[    892],
     | 50.00th=[   1020], 60.00th=[   1192], 70.00th=[   1608],
     | 80.00th=[   2008], 90.00th=[   2480], 95.00th=[   2928],
     | 99.00th=[1236992], 99.50th=[1712128], 99.90th=[2506752],
     | 99.95th=[2768896], 99.99th=[3293184]
   bw (  KiB/s): min=151776, max=151776, per=96.23%, avg=151776.00, stdev= 0.00, samples=1
   iops        : min=37944, max=37944, avg=37944.00, stdev= 0.00, samples=1
  lat (nsec)   : 250=0.70%, 500=23.91%, 750=7.96%, 1000=15.96%
  lat (usec)   : 2=31.20%, 4=18.28%, 10=0.34%, 20=0.05%, 50=0.03%
  lat (usec)   : 100=0.01%, 500=0.05%, 750=0.05%, 1000=0.05%
  lat (msec)   : 2=1.10%, 4=0.31%
  cpu          : usr=1.81%, sys=11.45%, ctx=1016, majf=0, minf=10
  IO depths    : 1=100.0%, 2=0.0%, 4=0.0%, 8=0.0%, 16=0.0%, 32=0.0%, >=64=0.0%
     submit    : 0=0.0%, 4=100.0%, 8=0.0%, 16=0.0%, 32=0.0%, 64=0.0%, >=64=0.0%
     complete  : 0=0.0%, 4=100.0%, 8=0.0%, 16=0.0%, 32=0.0%, 64=0.0%, >=64=0.0%
     issued rwts: total=32768,0,0,0 short=0,0,0,0 dropped=0,0,0,0
     latency   : target=0, window=0, percentile=100.00%, depth=1

Run status group 0 (all jobs):
   READ: bw=154MiB/s (162MB/s), 154MiB/s-154MiB/s (162MB/s-162MB/s), io=128MiB (134MB), run=831-831msec
