write: (g=0): rw=write, bs=(R) 4096B-4096B, (W) 4096B-4096B, (T) 4096B-4096B, ioengine=psync, iodepth=1
...
fio-3.16
Starting 16 processes

write: (groupid=0, jobs=16): err= 0: pid=173856: Wed Oct 22 18:31:40 2025
  write: IOPS=248k, BW=971MiB/s (1018MB/s)(2048MiB/2110msec); 0 zone resets
    clat (usec): min=5, max=1938, avg=17.98, stdev=16.08
     lat (usec): min=5, max=1939, avg=18.04, stdev=16.11
    clat percentiles (usec):
     |  1.00th=[    9],  5.00th=[   10], 10.00th=[   11], 20.00th=[   12],
     | 30.00th=[   13], 40.00th=[   13], 50.00th=[   14], 60.00th=[   15],
     | 70.00th=[   17], 80.00th=[   20], 90.00th=[   28], 95.00th=[   41],
     | 99.00th=[   80], 99.50th=[  103], 99.90th=[  169], 99.95th=[  210],
     | 99.99th=[  388]
   bw (  MiB/s): min= 3290, max= 3290, per=100.00%, avg=3290.80, stdev= 0.00, samples=16
   iops        : min=842444, max=842444, avg=842444.00, stdev= 0.00, samples=16
  lat (usec)   : 10=6.75%, 20=73.50%, 50=15.88%, 100=3.32%, 250=0.50%
  lat (usec)   : 500=0.03%, 750=0.01%, 1000=0.01%
  lat (msec)   : 2=0.01%
  cpu          : usr=1.53%, sys=7.74%, ctx=524376, majf=0, minf=185
  IO depths    : 1=100.0%, 2=0.0%, 4=0.0%, 8=0.0%, 16=0.0%, 32=0.0%, >=64=0.0%
     submit    : 0=0.0%, 4=100.0%, 8=0.0%, 16=0.0%, 32=0.0%, 64=0.0%, >=64=0.0%
     complete  : 0=0.0%, 4=100.0%, 8=0.0%, 16=0.0%, 32=0.0%, 64=0.0%, >=64=0.0%
     issued rwts: total=0,524288,0,16 short=0,0,0,0 dropped=0,0,0,0
     latency   : target=0, window=0, percentile=100.00%, depth=1

Run status group 0 (all jobs):
  WRITE: bw=971MiB/s (1018MB/s), 971MiB/s-971MiB/s (1018MB/s-1018MB/s), io=2048MiB (2147MB), run=2110-2110msec
