write: (g=0): rw=write, bs=(R) 128KiB-128KiB, (W) 128KiB-128KiB, (T) 128KiB-128KiB, ioengine=psync, iodepth=1
...
fio-3.16
Starting 16 processes

write: (groupid=0, jobs=16): err= 0: pid=179960: Wed Oct 22 18:32:02 2025
  write: IOPS=12.4k, BW=1550MiB/s (1626MB/s)(2048MiB/1321msec); 0 zone resets
    clat (usec): min=62, max=1238, avg=221.49, stdev=104.30
     lat (usec): min=63, max=1247, avg=225.51, stdev=106.78
    clat percentiles (usec):
     |  1.00th=[   93],  5.00th=[  123], 10.00th=[  135], 20.00th=[  149],
     | 30.00th=[  159], 40.00th=[  172], 50.00th=[  182], 60.00th=[  194],
     | 70.00th=[  217], 80.00th=[  318], 90.00th=[  404], 95.00th=[  441],
     | 99.00th=[  502], 99.50th=[  529], 99.90th=[  660], 99.95th=[  701],
     | 99.99th=[ 1156]
  lat (usec)   : 100=1.37%, 250=74.01%, 500=23.55%, 750=1.04%, 1000=0.02%
  lat (msec)   : 2=0.01%
  cpu          : usr=0.54%, sys=6.43%, ctx=16493, majf=0, minf=156
  IO depths    : 1=100.1%, 2=0.0%, 4=0.0%, 8=0.0%, 16=0.0%, 32=0.0%, >=64=0.0%
     submit    : 0=0.0%, 4=100.0%, 8=0.0%, 16=0.0%, 32=0.0%, 64=0.0%, >=64=0.0%
     complete  : 0=0.0%, 4=100.0%, 8=0.0%, 16=0.0%, 32=0.0%, 64=0.0%, >=64=0.0%
     issued rwts: total=0,16384,0,16 short=0,0,0,0 dropped=0,0,0,0
     latency   : target=0, window=0, percentile=100.00%, depth=1

Run status group 0 (all jobs):
  WRITE: bw=1550MiB/s (1626MB/s), 1550MiB/s-1550MiB/s (1626MB/s-1626MB/s), io=2048MiB (2147MB), run=1321-1321msec
