write: (g=0): rw=write, bs=(R) 4096B-4096B, (W) 4096B-4096B, (T) 4096B-4096B, ioengine=psync, iodepth=1
...
fio-3.16
Starting 2 processes

write: (groupid=0, jobs=2): err= 0: pid=173574: Wed Oct 22 18:31:22 2025
  write: IOPS=135k, BW=528MiB/s (553MB/s)(256MiB/485msec); 0 zone resets
    clat (usec): min=4, max=430, avg= 9.85, stdev= 6.05
     lat (usec): min=4, max=430, avg= 9.90, stdev= 6.07
    clat percentiles (usec):
     |  1.00th=[    6],  5.00th=[    7], 10.00th=[    7], 20.00th=[    8],
     | 30.00th=[    8], 40.00th=[    9], 50.00th=[   10], 60.00th=[   10],
     | 70.00th=[   11], 80.00th=[   12], 90.00th=[   13], 95.00th=[   15],
     | 99.00th=[   21], 99.50th=[   26], 99.90th=[  102], 99.95th=[  118],
     | 99.99th=[  143]
  lat (usec)   : 10=63.49%, 20=35.46%, 50=0.69%, 100=0.25%, 250=0.11%
  lat (usec)   : 500=0.01%
  cpu          : usr=3.82%, sys=27.38%, ctx=65571, majf=0, minf=20
  IO depths    : 1=100.0%, 2=0.0%, 4=0.0%, 8=0.0%, 16=0.0%, 32=0.0%, >=64=0.0%
     submit    : 0=0.0%, 4=100.0%, 8=0.0%, 16=0.0%, 32=0.0%, 64=0.0%, >=64=0.0%
     complete  : 0=0.0%, 4=100.0%, 8=0.0%, 16=0.0%, 32=0.0%, 64=0.0%, >=64=0.0%
     issued rwts: total=0,65536,0,2 short=0,0,0,0 dropped=0,0,0,0
     latency   : target=0, window=0, percentile=100.00%, depth=1

Run status group 0 (all jobs):
  WRITE: bw=528MiB/s (553MB/s), 528MiB/s-528MiB/s (553MB/s-553MB/s), io=256MiB (268MB), run=485-485msec
