randread: (g=0): rw=randread, bs=(R) 4096B-4096B, (W) 4096B-4096B, (T) 4096B-4096B, ioengine=psync, iodepth=1
...
fio-3.16
Starting 8 processes

randread: (groupid=0, jobs=8): err= 0: pid=209494: Thu Oct 30 15:05:28 2025
  read: IOPS=2815k, BW=10.7GiB/s (11.5GB/s)(322GiB/30001msec)
    clat (nsec): min=338, max=8221.1k, avg=2600.61, stdev=9120.53
     lat (nsec): min=364, max=8221.5k, avg=2628.77, stdev=9122.53
    clat percentiles (nsec):
     |  1.00th=[   964],  5.00th=[  1048], 10.00th=[  1096], 20.00th=[  1160],
     | 30.00th=[  1224], 40.00th=[  1272], 50.00th=[  1336], 60.00th=[  1400],
     | 70.00th=[  1464], 80.00th=[  1560], 90.00th=[  1720], 95.00th=[  1912],
     | 99.00th=[ 64256], 99.50th=[ 68096], 99.90th=[ 84480], 99.95th=[ 93696],
     | 99.99th=[112128]
   bw (  MiB/s): min=  474, max=19790, per=98.65%, avg=10847.74, stdev=1122.03, samples=472
   iops        : min=121398, max=5066318, avg=2777020.41, stdev=287238.77, samples=472
  lat (nsec)   : 500=0.04%, 750=0.02%, 1000=2.03%
  lat (usec)   : 2=93.95%, 4=1.26%, 10=0.15%, 20=0.36%, 50=0.65%
  lat (usec)   : 100=1.51%, 250=0.03%, 500=0.01%, 750=0.01%, 1000=0.01%
  lat (msec)   : 2=0.01%, 4=0.01%, 10=0.01%
  cpu          : usr=12.13%, sys=52.00%, ctx=2284686, majf=0, minf=73
  IO depths    : 1=100.0%, 2=0.0%, 4=0.0%, 8=0.0%, 16=0.0%, 32=0.0%, >=64=0.0%
     submit    : 0=0.0%, 4=100.0%, 8=0.0%, 16=0.0%, 32=0.0%, 64=0.0%, >=64=0.0%
     complete  : 0=0.0%, 4=100.0%, 8=0.0%, 16=0.0%, 32=0.0%, 64=0.0%, >=64=0.0%
     issued rwts: total=84454598,0,0,0 short=0,0,0,0 dropped=0,0,0,0
     latency   : target=0, window=0, percentile=100.00%, depth=1

Run status group 0 (all jobs):
   READ: bw=10.7GiB/s (11.5GB/s), 10.7GiB/s-10.7GiB/s (11.5GB/s-11.5GB/s), io=322GiB (346GB), run=30001-30001msec
