randread: (g=0): rw=randread, bs=(R) 128KiB-128KiB, (W) 128KiB-128KiB, (T) 128KiB-128KiB, ioengine=psync, iodepth=1
...
fio-3.16
Starting 16 processes

randread: (groupid=0, jobs=16): err= 0: pid=50015: Thu Oct 30 02:02:57 2025
  read: IOPS=39.3k, BW=4914MiB/s (5153MB/s)(8192MiB/1667msec)
    clat (usec): min=7, max=9988, avg=400.21, stdev=373.47
     lat (usec): min=7, max=9988, avg=400.27, stdev=373.47
    clat percentiles (usec):
     |  1.00th=[   18],  5.00th=[   20], 10.00th=[   25], 20.00th=[   32],
     | 30.00th=[   40], 40.00th=[  375], 50.00th=[  445], 60.00th=[  490],
     | 70.00th=[  545], 80.00th=[  635], 90.00th=[  816], 95.00th=[  996],
     | 99.00th=[ 1369], 99.50th=[ 1532], 99.90th=[ 2008], 99.95th=[ 2737],
     | 99.99th=[ 8717]
   bw (  MiB/s): min= 3424, max= 6094, per=94.60%, avg=4648.92, stdev=69.94, samples=48
   iops        : min=27394, max=48756, avg=37191.33, stdev=559.50, samples=48
  lat (usec)   : 10=0.02%, 20=5.29%, 50=29.67%, 100=1.82%, 250=0.54%
  lat (usec)   : 500=24.66%, 750=25.28%, 1000=7.76%
  lat (msec)   : 2=4.85%, 4=0.06%, 10=0.04%
  cpu          : usr=0.35%, sys=15.37%, ctx=47973, majf=0, minf=662
  IO depths    : 1=100.0%, 2=0.0%, 4=0.0%, 8=0.0%, 16=0.0%, 32=0.0%, >=64=0.0%
     submit    : 0=0.0%, 4=100.0%, 8=0.0%, 16=0.0%, 32=0.0%, 64=0.0%, >=64=0.0%
     complete  : 0=0.0%, 4=100.0%, 8=0.0%, 16=0.0%, 32=0.0%, 64=0.0%, >=64=0.0%
     issued rwts: total=65536,0,0,0 short=0,0,0,0 dropped=0,0,0,0
     latency   : target=0, window=0, percentile=100.00%, depth=1

Run status group 0 (all jobs):
   READ: bw=4914MiB/s (5153MB/s), 4914MiB/s-4914MiB/s (5153MB/s-5153MB/s), io=8192MiB (8590MB), run=1667-1667msec
