randwrite: (g=0): rw=randwrite, bs=(R) 4096B-4096B, (W) 4096B-4096B, (T) 4096B-4096B, ioengine=psync, iodepth=1
...
fio-3.16
Starting 32 processes

randwrite: (groupid=0, jobs=32): err= 0: pid=18636: Thu Oct 30 01:18:51 2025
  write: IOPS=454k, BW=1775MiB/s (1861MB/s)(4096MiB/2308msec); 0 zone resets
    clat (usec): min=5, max=807964, avg=42.96, stdev=2165.98
     lat (usec): min=5, max=807964, avg=43.03, stdev=2165.98
    clat percentiles (usec):
     |  1.00th=[   10],  5.00th=[   15], 10.00th=[   19], 20.00th=[   23],
     | 30.00th=[   28], 40.00th=[   32], 50.00th=[   35], 60.00th=[   38],
     | 70.00th=[   42], 80.00th=[   47], 90.00th=[   57], 95.00th=[   70],
     | 99.00th=[   89], 99.50th=[   96], 99.90th=[  133], 99.95th=[  188],
     | 99.99th=[  660]
   bw (  MiB/s): min= 2681, max= 3371, per=100.00%, avg=3072.26, stdev=16.66, samples=71
   iops        : min=686357, max=863214, avg=786496.67, stdev=4265.01, samples=71
  lat (usec)   : 10=1.46%, 20=11.82%, 50=71.44%, 100=14.94%, 250=0.32%
  lat (usec)   : 500=0.02%, 750=0.01%, 1000=0.01%
  lat (msec)   : 2=0.01%, 4=0.01%, 10=0.01%, 20=0.01%, 50=0.01%
  lat (msec)   : 100=0.01%, 750=0.01%, 1000=0.01%
  cpu          : usr=1.57%, sys=11.55%, ctx=7227458, majf=0, minf=355
  IO depths    : 1=100.0%, 2=0.0%, 4=0.0%, 8=0.0%, 16=0.0%, 32=0.0%, >=64=0.0%
     submit    : 0=0.0%, 4=100.0%, 8=0.0%, 16=0.0%, 32=0.0%, 64=0.0%, >=64=0.0%
     complete  : 0=0.0%, 4=100.0%, 8=0.0%, 16=0.0%, 32=0.0%, 64=0.0%, >=64=0.0%
     issued rwts: total=0,1048576,0,32 short=0,0,0,0 dropped=0,0,0,0
     latency   : target=0, window=0, percentile=100.00%, depth=1

Run status group 0 (all jobs):
  WRITE: bw=1775MiB/s (1861MB/s), 1775MiB/s-1775MiB/s (1861MB/s-1861MB/s), io=4096MiB (4295MB), run=2308-2308msec
