randread: (g=0): rw=randread, bs=(R) 128KiB-128KiB, (W) 128KiB-128KiB, (T) 128KiB-128KiB, ioengine=psync, iodepth=1
...
fio-3.16
Starting 8 processes

randread: (groupid=0, jobs=8): err= 0: pid=49962: Thu Oct 30 02:02:54 2025
  read: IOPS=33.0k, BW=4249MiB/s (4455MB/s)(4096MiB/964msec)
    clat (usec): min=6, max=11659, avg=230.81, stdev=230.32
     lat (usec): min=6, max=11659, avg=230.89, stdev=230.33
    clat percentiles (usec):
     |  1.00th=[   17],  5.00th=[   18], 10.00th=[   22], 20.00th=[   28],
     | 30.00th=[   36], 40.00th=[  265], 50.00th=[  302], 60.00th=[  326],
     | 70.00th=[  347], 80.00th=[  367], 90.00th=[  396], 95.00th=[  420],
     | 99.00th=[  474], 99.50th=[  494], 99.90th=[  562], 99.95th=[  775],
     | 99.99th=[ 8586]
   bw (  MiB/s): min= 3404, max= 3404, per=80.13%, avg=3404.50, stdev= 0.00, samples=8
   iops        : min=27236, max=27236, avg=27236.00, stdev= 0.00, samples=8
  lat (usec)   : 10=0.03%, 20=9.03%, 50=26.85%, 100=1.28%, 250=0.74%
  lat (usec)   : 500=61.65%, 750=0.37%, 1000=0.01%
  lat (msec)   : 2=0.01%, 4=0.01%, 10=0.04%, 20=0.01%
  cpu          : usr=0.59%, sys=24.40%, ctx=23708, majf=0, minf=318
  IO depths    : 1=100.0%, 2=0.0%, 4=0.0%, 8=0.0%, 16=0.0%, 32=0.0%, >=64=0.0%
     submit    : 0=0.0%, 4=100.0%, 8=0.0%, 16=0.0%, 32=0.0%, 64=0.0%, >=64=0.0%
     complete  : 0=0.0%, 4=100.0%, 8=0.0%, 16=0.0%, 32=0.0%, 64=0.0%, >=64=0.0%
     issued rwts: total=32768,0,0,0 short=0,0,0,0 dropped=0,0,0,0
     latency   : target=0, window=0, percentile=100.00%, depth=1

Run status group 0 (all jobs):
   READ: bw=4249MiB/s (4455MB/s), 4249MiB/s-4249MiB/s (4455MB/s-4455MB/s), io=4096MiB (4295MB), run=964-964msec
