randwrite: (g=0): rw=randwrite, bs=(R) 4096B-4096B, (W) 4096B-4096B, (T) 4096B-4096B, ioengine=psync, iodepth=1
...
fio-3.16
Starting 16 processes

randwrite: (groupid=0, jobs=16): err= 0: pid=219887: Thu Oct 30 15:12:55 2025
  write: IOPS=563k, BW=2198MiB/s (2305MB/s)(70.6GiB/32898msec); 0 zone resets
    clat (usec): min=7, max=22945, avg=25.52, stdev=21.25
     lat (usec): min=7, max=22945, avg=25.58, stdev=21.25
    clat percentiles (usec):
     |  1.00th=[   11],  5.00th=[   11], 10.00th=[   12], 20.00th=[   13],
     | 30.00th=[   15], 40.00th=[   17], 50.00th=[   21], 60.00th=[   26],
     | 70.00th=[   30], 80.00th=[   36], 90.00th=[   46], 95.00th=[   58],
     | 99.00th=[   83], 99.50th=[   94], 99.90th=[  122], 99.95th=[  135],
     | 99.99th=[  167]
   bw (  MiB/s): min= 1302, max= 4203, per=100.00%, avg=2408.33, stdev=45.30, samples=951
   iops        : min=333376, max=1076102, avg=616532.10, stdev=11595.72, samples=951
  lat (usec)   : 10=0.54%, 20=48.35%, 50=43.45%, 100=7.32%, 250=0.34%
  lat (usec)   : 500=0.01%, 750=0.01%
  lat (msec)   : 2=0.01%, 4=0.01%, 10=0.01%, 20=0.01%, 50=0.01%
  cpu          : usr=2.53%, sys=30.77%, ctx=18624591, majf=0, minf=152
  IO depths    : 1=100.0%, 2=0.0%, 4=0.0%, 8=0.0%, 16=0.0%, 32=0.0%, >=64=0.0%
     submit    : 0=0.0%, 4=100.0%, 8=0.0%, 16=0.0%, 32=0.0%, 64=0.0%, >=64=0.0%
     complete  : 0=0.0%, 4=100.0%, 8=0.0%, 16=0.0%, 32=0.0%, 64=0.0%, >=64=0.0%
     issued rwts: total=0,18510707,0,16 short=0,0,0,0 dropped=0,0,0,0
     latency   : target=0, window=0, percentile=100.00%, depth=1

Run status group 0 (all jobs):
  WRITE: bw=2198MiB/s (2305MB/s), 2198MiB/s-2198MiB/s (2305MB/s-2305MB/s), io=70.6GiB (75.8GB), run=32898-32898msec
