randwrite: (g=0): rw=randwrite, bs=(R) 128KiB-128KiB, (W) 128KiB-128KiB, (T) 128KiB-128KiB, ioengine=psync, iodepth=1
...
fio-3.16
Starting 2 processes

randwrite: (groupid=0, jobs=2): err= 0: pid=50713: Thu Oct 30 02:03:31 2025
  write: IOPS=12.2k, BW=1531MiB/s (1605MB/s)(1024MiB/669msec); 0 zone resets
    clat (usec): min=41, max=354, avg=104.12, stdev=32.05
     lat (usec): min=42, max=356, avg=105.04, stdev=32.13
    clat percentiles (usec):
     |  1.00th=[   70],  5.00th=[   73], 10.00th=[   74], 20.00th=[   76],
     | 30.00th=[   77], 40.00th=[  110], 50.00th=[  113], 60.00th=[  114],
     | 70.00th=[  115], 80.00th=[  117], 90.00th=[  119], 95.00th=[  127],
     | 99.00th=[  223], 99.50th=[  225], 99.90th=[  281], 99.95th=[  302],
     | 99.99th=[  355]
  lat (usec)   : 50=0.17%, 100=37.30%, 250=62.40%, 500=0.12%
  cpu          : usr=0.52%, sys=25.09%, ctx=8202, majf=0, minf=17
  IO depths    : 1=100.0%, 2=0.0%, 4=0.0%, 8=0.0%, 16=0.0%, 32=0.0%, >=64=0.0%
     submit    : 0=0.0%, 4=100.0%, 8=0.0%, 16=0.0%, 32=0.0%, 64=0.0%, >=64=0.0%
     complete  : 0=0.0%, 4=100.0%, 8=0.0%, 16=0.0%, 32=0.0%, 64=0.0%, >=64=0.0%
     issued rwts: total=0,8192,0,2 short=0,0,0,0 dropped=0,0,0,0
     latency   : target=0, window=0, percentile=100.00%, depth=1

Run status group 0 (all jobs):
  WRITE: bw=1531MiB/s (1605MB/s), 1531MiB/s-1531MiB/s (1605MB/s-1605MB/s), io=1024MiB (1074MB), run=669-669msec
