randread: (g=0): rw=randread, bs=(R) 128KiB-128KiB, (W) 128KiB-128KiB, (T) 128KiB-128KiB, ioengine=psync, iodepth=1
...
fio-3.16
Starting 32 processes

randread: (groupid=0, jobs=32): err= 0: pid=50076: Thu Oct 30 02:03:02 2025
  read: IOPS=39.4k, BW=4929MiB/s (5168MB/s)(16.0GiB/3324msec)
    clat (usec): min=7, max=17167, avg=796.35, stdev=1113.39
     lat (usec): min=7, max=17167, avg=796.42, stdev=1113.39
    clat percentiles (usec):
     |  1.00th=[   19],  5.00th=[   21], 10.00th=[   26], 20.00th=[   33],
     | 30.00th=[   41], 40.00th=[  502], 50.00th=[  603], 60.00th=[  668],
     | 70.00th=[  734], 80.00th=[  898], 90.00th=[ 2114], 95.00th=[ 3589],
     | 99.00th=[ 5145], 99.50th=[ 5604], 99.90th=[ 6718], 99.95th=[ 7635],
     | 99.99th=[10290]
   bw (  MiB/s): min= 3234, max= 6683, per=94.42%, avg=4654.16, stdev=37.23, samples=192
   iops        : min=25874, max=53466, avg=37232.17, stdev=297.85, samples=192
  lat (usec)   : 10=0.02%, 20=3.67%, 50=30.89%, 100=1.75%, 250=0.65%
  lat (usec)   : 500=2.93%, 750=31.72%, 1000=10.69%
  lat (msec)   : 2=7.27%, 4=6.79%, 10=3.61%, 20=0.01%
  cpu          : usr=0.19%, sys=8.22%, ctx=95630, majf=0, minf=1318
  IO depths    : 1=100.0%, 2=0.0%, 4=0.0%, 8=0.0%, 16=0.0%, 32=0.0%, >=64=0.0%
     submit    : 0=0.0%, 4=100.0%, 8=0.0%, 16=0.0%, 32=0.0%, 64=0.0%, >=64=0.0%
     complete  : 0=0.0%, 4=100.0%, 8=0.0%, 16=0.0%, 32=0.0%, 64=0.0%, >=64=0.0%
     issued rwts: total=131072,0,0,0 short=0,0,0,0 dropped=0,0,0,0
     latency   : target=0, window=0, percentile=100.00%, depth=1

Run status group 0 (all jobs):
   READ: bw=4929MiB/s (5168MB/s), 4929MiB/s-4929MiB/s (5168MB/s-5168MB/s), io=16.0GiB (17.2GB), run=3324-3324msec
