randwrite: (g=0): rw=randwrite, bs=(R) 4096B-4096B, (W) 4096B-4096B, (T) 4096B-4096B, ioengine=psync, iodepth=1
...
fio-3.16
Starting 2 processes

randwrite: (groupid=0, jobs=2): err= 0: pid=216759: Thu Oct 30 15:11:12 2025
  write: IOPS=178k, BW=695MiB/s (729MB/s)(20.8GiB/30684msec); 0 zone resets
    clat (usec): min=7, max=8078, avg=10.59, stdev= 8.03
     lat (usec): min=7, max=8079, avg=10.64, stdev= 8.03
    clat percentiles (nsec):
     |  1.00th=[ 8896],  5.00th=[ 9152], 10.00th=[ 9280], 20.00th=[ 9536],
     | 30.00th=[ 9664], 40.00th=[ 9920], 50.00th=[10176], 60.00th=[10432],
     | 70.00th=[10816], 80.00th=[11328], 90.00th=[12608], 95.00th=[13632],
     | 99.00th=[15808], 99.50th=[17280], 99.90th=[21888], 99.95th=[24448],
     | 99.99th=[30336]
   bw (  KiB/s): min=674163, max=775368, per=100.00%, avg=728191.66, stdev=10790.97, samples=118
   iops        : min=168540, max=193842, avg=182047.85, stdev=2697.75, samples=118
  lat (usec)   : 10=45.25%, 20=54.57%, 50=0.18%, 100=0.01%, 250=0.01%
  lat (usec)   : 500=0.01%
  lat (msec)   : 4=0.01%, 10=0.01%
  cpu          : usr=5.63%, sys=45.48%, ctx=5461685, majf=0, minf=21
  IO depths    : 1=100.0%, 2=0.0%, 4=0.0%, 8=0.0%, 16=0.0%, 32=0.0%, >=64=0.0%
     submit    : 0=0.0%, 4=100.0%, 8=0.0%, 16=0.0%, 32=0.0%, 64=0.0%, >=64=0.0%
     complete  : 0=0.0%, 4=100.0%, 8=0.0%, 16=0.0%, 32=0.0%, 64=0.0%, >=64=0.0%
     issued rwts: total=0,5461498,0,2 short=0,0,0,0 dropped=0,0,0,0
     latency   : target=0, window=0, percentile=100.00%, depth=1

Run status group 0 (all jobs):
  WRITE: bw=695MiB/s (729MB/s), 695MiB/s-695MiB/s (729MB/s-729MB/s), io=20.8GiB (22.4GB), run=30684-30684msec
