read: (g=0): rw=read, bs=(R) 4096B-4096B, (W) 4096B-4096B, (T) 4096B-4096B, ioengine=psync, iodepth=1
...
fio-3.16
Starting 4 processes

read: (groupid=0, jobs=4): err= 0: pid=207579: Thu Oct 30 15:01:42 2025
  read: IOPS=3830k, BW=14.6GiB/s (15.7GB/s)(438GiB/30001msec)
    clat (nsec): min=402, max=8197.1k, avg=827.25, stdev=3803.11
     lat (nsec): min=429, max=8197.4k, avg=854.58, stdev=3803.60
    clat percentiles (nsec):
     |  1.00th=[   612],  5.00th=[   628], 10.00th=[   644], 20.00th=[   668],
     | 30.00th=[   692], 40.00th=[   724], 50.00th=[   748], 60.00th=[   780],
     | 70.00th=[   828], 80.00th=[   884], 90.00th=[   980], 95.00th=[  1064],
     | 99.00th=[  1288], 99.50th=[  1496], 99.90th=[  3248], 99.95th=[  3856],
     | 99.99th=[191488]
   bw (  MiB/s): min= 2617, max=15754, per=99.91%, avg=14948.61, stdev=725.17, samples=236
   iops        : min=670168, max=4033192, avg=3826844.39, stdev=185644.27, samples=236
  lat (nsec)   : 500=0.02%, 750=50.17%, 1000=41.50%
  lat (usec)   : 2=8.07%, 4=0.20%, 10=0.03%, 20=0.01%, 50=0.01%
  lat (usec)   : 100=0.01%, 250=0.01%, 500=0.01%, 750=0.01%, 1000=0.01%
  lat (msec)   : 10=0.01%
  cpu          : usr=29.62%, sys=67.94%, ctx=17913, majf=0, minf=44
  IO depths    : 1=100.0%, 2=0.0%, 4=0.0%, 8=0.0%, 16=0.0%, 32=0.0%, >=64=0.0%
     submit    : 0=0.0%, 4=100.0%, 8=0.0%, 16=0.0%, 32=0.0%, 64=0.0%, >=64=0.0%
     complete  : 0=0.0%, 4=100.0%, 8=0.0%, 16=0.0%, 32=0.0%, 64=0.0%, >=64=0.0%
     issued rwts: total=114915492,0,0,0 short=0,0,0,0 dropped=0,0,0,0
     latency   : target=0, window=0, percentile=100.00%, depth=1

Run status group 0 (all jobs):
   READ: bw=14.6GiB/s (15.7GB/s), 14.6GiB/s-14.6GiB/s (15.7GB/s-15.7GB/s), io=438GiB (471GB), run=30001-30001msec
