read: (g=0): rw=read, bs=(R) 4096B-4096B, (W) 4096B-4096B, (T) 4096B-4096B, ioengine=psync, iodepth=1
fio-3.16
Starting 1 process

read: (groupid=0, jobs=1): err= 0: pid=207090: Thu Oct 30 15:00:40 2025
  read: IOPS=1084k, BW=4236MiB/s (4442MB/s)(124GiB/30001msec)
    clat (nsec): min=405, max=8193.7k, avg=708.17, stdev=2063.05
     lat (nsec): min=432, max=8194.0k, avg=735.43, stdev=2063.11
    clat percentiles (nsec):
     |  1.00th=[  588],  5.00th=[  612], 10.00th=[  620], 20.00th=[  628],
     | 30.00th=[  636], 40.00th=[  652], 50.00th=[  660], 60.00th=[  676],
     | 70.00th=[  708], 80.00th=[  732], 90.00th=[  796], 95.00th=[  892],
     | 99.00th=[ 1080], 99.50th=[ 1160], 99.90th=[ 1640], 99.95th=[ 2576],
     | 99.99th=[78336]
   bw (  MiB/s): min= 1214, max= 4350, per=99.96%, avg=4234.23, stdev=511.53, samples=59
   iops        : min=311034, max=1113646, avg=1083963.76, stdev=130950.61, samples=59
  lat (nsec)   : 500=0.03%, 750=85.05%, 1000=12.83%
  lat (usec)   : 2=2.00%, 4=0.07%, 10=0.01%, 20=0.01%, 50=0.01%
  lat (usec)   : 100=0.01%, 250=0.01%, 500=0.01%
  lat (msec)   : 10=0.01%
  cpu          : usr=33.24%, sys=66.11%, ctx=3136, majf=0, minf=11
  IO depths    : 1=100.0%, 2=0.0%, 4=0.0%, 8=0.0%, 16=0.0%, 32=0.0%, >=64=0.0%
     submit    : 0=0.0%, 4=100.0%, 8=0.0%, 16=0.0%, 32=0.0%, 64=0.0%, >=64=0.0%
     complete  : 0=0.0%, 4=100.0%, 8=0.0%, 16=0.0%, 32=0.0%, 64=0.0%, >=64=0.0%
     issued rwts: total=32533323,0,0,0 short=0,0,0,0 dropped=0,0,0,0
     latency   : target=0, window=0, percentile=100.00%, depth=1

Run status group 0 (all jobs):
   READ: bw=4236MiB/s (4442MB/s), 4236MiB/s-4236MiB/s (4442MB/s-4442MB/s), io=124GiB (133GB), run=30001-30001msec
