read: (g=0): rw=read, bs=(R) 128KiB-128KiB, (W) 128KiB-128KiB, (T) 128KiB-128KiB, ioengine=psync, iodepth=1
...
fio-3.16
Starting 2 processes

read: (groupid=0, jobs=2): err= 0: pid=49371: Thu Oct 30 02:02:31 2025
  read: IOPS=16.8k, BW=2103MiB/s (2205MB/s)(1024MiB/487msec)
    clat (usec): min=8, max=8715, avg=108.88, stdev=167.24
     lat (usec): min=8, max=8716, avg=108.92, stdev=167.24
    clat percentiles (usec):
     |  1.00th=[   11],  5.00th=[   12], 10.00th=[   13], 20.00th=[   15],
     | 30.00th=[   32], 40.00th=[   34], 50.00th=[   84], 60.00th=[  135],
     | 70.00th=[  161], 80.00th=[  192], 90.00th=[  225], 95.00th=[  269],
     | 99.00th=[  478], 99.50th=[  498], 99.90th=[  537], 99.95th=[  570],
     | 99.99th=[ 8717]
  lat (usec)   : 10=0.50%, 20=21.67%, 50=27.27%, 100=2.38%, 250=42.02%
  lat (usec)   : 500=5.69%, 750=0.45%
  lat (msec)   : 10=0.02%
  cpu          : usr=0.45%, sys=58.21%, ctx=3846, majf=0, minf=83
  IO depths    : 1=100.0%, 2=0.0%, 4=0.0%, 8=0.0%, 16=0.0%, 32=0.0%, >=64=0.0%
     submit    : 0=0.0%, 4=100.0%, 8=0.0%, 16=0.0%, 32=0.0%, 64=0.0%, >=64=0.0%
     complete  : 0=0.0%, 4=100.0%, 8=0.0%, 16=0.0%, 32=0.0%, 64=0.0%, >=64=0.0%
     issued rwts: total=8192,0,0,0 short=0,0,0,0 dropped=0,0,0,0
     latency   : target=0, window=0, percentile=100.00%, depth=1

Run status group 0 (all jobs):
   READ: bw=2103MiB/s (2205MB/s), 2103MiB/s-2103MiB/s (2205MB/s-2205MB/s), io=1024MiB (1074MB), run=487-487msec
