read: (g=0): rw=read, bs=(R) 4096B-4096B, (W) 4096B-4096B, (T) 4096B-4096B, ioengine=psync, iodepth=1
...
fio-3.16
Starting 8 processes

read: (groupid=0, jobs=8): err= 0: pid=207862: Thu Oct 30 15:02:13 2025
  read: IOPS=6004k, BW=22.9GiB/s (24.6GB/s)(687GiB/30001msec)
    clat (nsec): min=397, max=8299.6k, avg=1111.87, stdev=9118.45
     lat (nsec): min=424, max=8300.0k, avg=1139.56, stdev=9118.90
    clat percentiles (nsec):
     |  1.00th=[   628],  5.00th=[   668], 10.00th=[   700], 20.00th=[   756],
     | 30.00th=[   812], 40.00th=[   876], 50.00th=[   940], 60.00th=[  1012],
     | 70.00th=[  1096], 80.00th=[  1208], 90.00th=[  1368], 95.00th=[  1512],
     | 99.00th=[  1848], 99.50th=[  2128], 99.90th=[  4960], 99.95th=[  7264],
     | 99.99th=[552960]
   bw (  MiB/s): min= 2504, max=26307, per=99.80%, avg=23407.76, stdev=877.49, samples=472
   iops        : min=641174, max=6734786, avg=5992385.93, stdev=224636.23, samples=472
  lat (nsec)   : 500=0.01%, 750=19.26%, 1000=38.91%
  lat (usec)   : 2=41.17%, 4=0.49%, 10=0.13%, 20=0.01%, 50=0.01%
  lat (usec)   : 100=0.01%, 250=0.01%, 500=0.01%, 750=0.01%, 1000=0.01%
  lat (msec)   : 2=0.01%, 10=0.01%
  cpu          : usr=23.48%, sys=69.81%, ctx=37766, majf=0, minf=85
  IO depths    : 1=100.0%, 2=0.0%, 4=0.0%, 8=0.0%, 16=0.0%, 32=0.0%, >=64=0.0%
     submit    : 0=0.0%, 4=100.0%, 8=0.0%, 16=0.0%, 32=0.0%, 64=0.0%, >=64=0.0%
     complete  : 0=0.0%, 4=100.0%, 8=0.0%, 16=0.0%, 32=0.0%, 64=0.0%, >=64=0.0%
     issued rwts: total=180131245,0,0,0 short=0,0,0,0 dropped=0,0,0,0
     latency   : target=0, window=0, percentile=100.00%, depth=1

Run status group 0 (all jobs):
   READ: bw=22.9GiB/s (24.6GB/s), 22.9GiB/s-22.9GiB/s (24.6GB/s-24.6GB/s), io=687GiB (738GB), run=30001-30001msec
