read: (g=0): rw=read, bs=(R) 4096B-4096B, (W) 4096B-4096B, (T) 4096B-4096B, ioengine=psync, iodepth=1
...
fio-3.16
Starting 32 processes

read: (groupid=0, jobs=32): err= 0: pid=17403: Thu Oct 30 01:18:16 2025
  read: IOPS=789k, BW=3082MiB/s (3232MB/s)(4096MiB/1329msec)
    clat (nsec): min=400, max=10022k, avg=39730.89, stdev=384956.77
     lat (nsec): min=427, max=10022k, avg=39765.27, stdev=384956.88
    clat percentiles (nsec):
     |  1.00th=[    506],  5.00th=[    532], 10.00th=[    556],
     | 20.00th=[    604], 30.00th=[    676], 40.00th=[    876],
     | 50.00th=[   1128], 60.00th=[   1224], 70.00th=[   1352],
     | 80.00th=[   1528], 90.00th=[   1912], 95.00th=[   2448],
     | 99.00th=[1351680], 99.50th=[3489792], 99.90th=[5341184],
     | 99.95th=[5865472], 99.99th=[7045120]
   bw (  MiB/s): min= 3014, max= 3124, per=99.58%, avg=3069.21, stdev= 2.13, samples=64
   iops        : min=771622, max=799813, avg=785717.50, stdev=546.15, samples=64
  lat (nsec)   : 500=0.83%, 750=34.31%, 1000=7.90%
  lat (usec)   : 2=48.30%, 4=6.47%, 10=0.50%, 20=0.03%, 50=0.01%
  lat (usec)   : 100=0.23%, 250=0.18%, 500=0.08%, 750=0.06%, 1000=0.05%
  lat (msec)   : 2=0.15%, 4=0.55%, 10=0.35%, 20=0.01%
  cpu          : usr=0.93%, sys=6.49%, ctx=16669, majf=0, minf=340
  IO depths    : 1=100.0%, 2=0.0%, 4=0.0%, 8=0.0%, 16=0.0%, 32=0.0%, >=64=0.0%
     submit    : 0=0.0%, 4=100.0%, 8=0.0%, 16=0.0%, 32=0.0%, 64=0.0%, >=64=0.0%
     complete  : 0=0.0%, 4=100.0%, 8=0.0%, 16=0.0%, 32=0.0%, 64=0.0%, >=64=0.0%
     issued rwts: total=1048576,0,0,0 short=0,0,0,0 dropped=0,0,0,0
     latency   : target=0, window=0, percentile=100.00%, depth=1

Run status group 0 (all jobs):
   READ: bw=3082MiB/s (3232MB/s), 3082MiB/s-3082MiB/s (3232MB/s-3232MB/s), io=4096MiB (4295MB), run=1329-1329msec
