read: (g=0): rw=read, bs=(R) 128KiB-128KiB, (W) 128KiB-128KiB, (T) 128KiB-128KiB, ioengine=psync, iodepth=1
...
fio-3.16
Starting 16 processes

read: (groupid=0, jobs=16): err= 0: pid=49574: Thu Oct 30 02:02:38 2025
  read: IOPS=24.8k, BW=3103MiB/s (3254MB/s)(8192MiB/2640msec)
    clat (usec): min=9, max=17520, avg=635.05, stdev=1037.07
     lat (usec): min=9, max=17520, avg=635.15, stdev=1037.04
    clat percentiles (usec):
     |  1.00th=[   14],  5.00th=[   17], 10.00th=[   20], 20.00th=[   29],
     | 30.00th=[   39], 40.00th=[   46], 50.00th=[  103], 60.00th=[  326],
     | 70.00th=[  652], 80.00th=[ 1004], 90.00th=[ 2073], 95.00th=[ 3130],
     | 99.00th=[ 4490], 99.50th=[ 4948], 99.90th=[ 5866], 99.95th=[ 6521],
     | 99.99th=[11338]
   bw (  MiB/s): min= 2982, max= 3242, per=100.00%, avg=3104.48, stdev= 6.37, samples=80
   iops        : min=23862, max=25938, avg=24835.00, stdev=50.91, samples=80
  lat (usec)   : 10=0.01%, 20=10.31%, 50=33.22%, 100=6.23%, 250=8.39%
  lat (usec)   : 500=6.88%, 750=8.02%, 1000=6.78%
  lat (msec)   : 2=9.78%, 4=8.43%, 10=1.93%, 20=0.02%
  cpu          : usr=0.26%, sys=11.98%, ctx=34456, majf=0, minf=686
  IO depths    : 1=100.0%, 2=0.0%, 4=0.0%, 8=0.0%, 16=0.0%, 32=0.0%, >=64=0.0%
     submit    : 0=0.0%, 4=100.0%, 8=0.0%, 16=0.0%, 32=0.0%, 64=0.0%, >=64=0.0%
     complete  : 0=0.0%, 4=100.0%, 8=0.0%, 16=0.0%, 32=0.0%, 64=0.0%, >=64=0.0%
     issued rwts: total=65536,0,0,0 short=0,0,0,0 dropped=0,0,0,0
     latency   : target=0, window=0, percentile=100.00%, depth=1

Run status group 0 (all jobs):
   READ: bw=3103MiB/s (3254MB/s), 3103MiB/s-3103MiB/s (3254MB/s-3254MB/s), io=8192MiB (8590MB), run=2640-2640msec
