write: (g=0): rw=write, bs=(R) 128KiB-128KiB, (W) 128KiB-128KiB, (T) 128KiB-128KiB, ioengine=psync, iodepth=1
...
fio-3.16
Starting 2 processes

write: (groupid=0, jobs=2): err= 0: pid=50253: Thu Oct 30 02:03:06 2025
  write: IOPS=9592, BW=1199MiB/s (1257MB/s)(1024MiB/854msec); 0 zone resets
    clat (usec): min=106, max=173, avg=115.29, stdev= 3.66
     lat (usec): min=106, max=182, avg=116.18, stdev= 3.78
    clat percentiles (usec):
     |  1.00th=[  110],  5.00th=[  112], 10.00th=[  113], 20.00th=[  114],
     | 30.00th=[  114], 40.00th=[  115], 50.00th=[  116], 60.00th=[  116],
     | 70.00th=[  117], 80.00th=[  118], 90.00th=[  119], 95.00th=[  122],
     | 99.00th=[  128], 99.50th=[  131], 99.90th=[  147], 99.95th=[  163],
     | 99.99th=[  174]
  lat (usec)   : 250=100.00%
  cpu          : usr=1.29%, sys=21.58%, ctx=8201, majf=0, minf=21
  IO depths    : 1=100.0%, 2=0.0%, 4=0.0%, 8=0.0%, 16=0.0%, 32=0.0%, >=64=0.0%
     submit    : 0=0.0%, 4=100.0%, 8=0.0%, 16=0.0%, 32=0.0%, 64=0.0%, >=64=0.0%
     complete  : 0=0.0%, 4=100.0%, 8=0.0%, 16=0.0%, 32=0.0%, 64=0.0%, >=64=0.0%
     issued rwts: total=0,8192,0,2 short=0,0,0,0 dropped=0,0,0,0
     latency   : target=0, window=0, percentile=100.00%, depth=1

Run status group 0 (all jobs):
  WRITE: bw=1199MiB/s (1257MB/s), 1199MiB/s-1199MiB/s (1257MB/s-1257MB/s), io=1024MiB (1074MB), run=854-854msec
