write: (g=0): rw=write, bs=(R) 128KiB-128KiB, (W) 128KiB-128KiB, (T) 128KiB-128KiB, ioengine=psync, iodepth=1
...
fio-3.16
Starting 8 processes

write: (groupid=0, jobs=8): err= 0: pid=50349: Thu Oct 30 02:03:11 2025
  write: IOPS=17.2k, BW=2148MiB/s (2252MB/s)(4096MiB/1907msec); 0 zone resets
    clat (usec): min=105, max=1057, avg=130.33, stdev=34.30
     lat (usec): min=106, max=1058, avg=131.27, stdev=34.44
    clat percentiles (usec):
     |  1.00th=[  113],  5.00th=[  115], 10.00th=[  117], 20.00th=[  118],
     | 30.00th=[  119], 40.00th=[  120], 50.00th=[  121], 60.00th=[  122],
     | 70.00th=[  124], 80.00th=[  126], 90.00th=[  133], 95.00th=[  241],
     | 99.00th=[  249], 99.50th=[  253], 99.90th=[  306], 99.95th=[  363],
     | 99.99th=[  437]
   bw (  MiB/s): min= 7591, max= 7591, per=100.00%, avg=7591.50, stdev= 0.00, samples=8
   iops        : min=60732, max=60732, avg=60732.00, stdev= 0.00, samples=8
  lat (usec)   : 250=99.12%, 500=0.88%
  lat (msec)   : 2=0.01%
  cpu          : usr=0.34%, sys=10.67%, ctx=34972, majf=0, minf=80
  IO depths    : 1=100.0%, 2=0.0%, 4=0.0%, 8=0.0%, 16=0.0%, 32=0.0%, >=64=0.0%
     submit    : 0=0.0%, 4=100.0%, 8=0.0%, 16=0.0%, 32=0.0%, 64=0.0%, >=64=0.0%
     complete  : 0=0.0%, 4=100.0%, 8=0.0%, 16=0.0%, 32=0.0%, 64=0.0%, >=64=0.0%
     issued rwts: total=0,32768,0,8 short=0,0,0,0 dropped=0,0,0,0
     latency   : target=0, window=0, percentile=100.00%, depth=1

Run status group 0 (all jobs):
  WRITE: bw=2148MiB/s (2252MB/s), 2148MiB/s-2148MiB/s (2252MB/s-2252MB/s), io=4096MiB (4295MB), run=1907-1907msec
