write: (g=0): rw=write, bs=(R) 4096B-4096B, (W) 4096B-4096B, (T) 4096B-4096B, ioengine=psync, iodepth=1
fio-3.16
Starting 1 process

write: (groupid=0, jobs=1): err= 0: pid=210265: Thu Oct 30 15:07:14 2025
  write: IOPS=96.4k, BW=376MiB/s (395MB/s)(11.2GiB/30365msec); 0 zone resets
    clat (usec): min=7, max=4090, avg= 9.61, stdev= 5.80
     lat (usec): min=7, max=4090, avg= 9.67, stdev= 5.80
    clat percentiles (nsec):
     |  1.00th=[ 8384],  5.00th=[ 8512], 10.00th=[ 8512], 20.00th=[ 8640],
     | 30.00th=[ 8768], 40.00th=[ 8896], 50.00th=[ 9152], 60.00th=[ 9408],
     | 70.00th=[ 9536], 80.00th=[10048], 90.00th=[11200], 95.00th=[12992],
     | 99.00th=[14912], 99.50th=[16320], 99.90th=[21120], 99.95th=[23936],
     | 99.99th=[31360]
   bw (  KiB/s): min=310792, max=423520, per=100.00%, avg=390824.69, stdev=27154.98, samples=59
   iops        : min=77698, max=105880, avg=97706.17, stdev=6788.69, samples=59
  lat (usec)   : 10=79.78%, 20=20.07%, 50=0.14%, 100=0.01%, 250=0.01%
  lat (usec)   : 500=0.01%, 1000=0.01%
  lat (msec)   : 2=0.01%, 10=0.01%
  cpu          : usr=5.65%, sys=47.06%, ctx=2926434, majf=0, minf=10
  IO depths    : 1=100.0%, 2=0.0%, 4=0.0%, 8=0.0%, 16=0.0%, 32=0.0%, >=64=0.0%
     submit    : 0=0.0%, 4=100.0%, 8=0.0%, 16=0.0%, 32=0.0%, 64=0.0%, >=64=0.0%
     complete  : 0=0.0%, 4=100.0%, 8=0.0%, 16=0.0%, 32=0.0%, 64=0.0%, >=64=0.0%
     issued rwts: total=0,2926333,0,1 short=0,0,0,0 dropped=0,0,0,0
     latency   : target=0, window=0, percentile=100.00%, depth=1

Run status group 0 (all jobs):
  WRITE: bw=376MiB/s (395MB/s), 376MiB/s-376MiB/s (395MB/s-395MB/s), io=11.2GiB (11.0GB), run=30365-30365msec
