write: (g=0): rw=write, bs=(R) 4096B-4096B, (W) 4096B-4096B, (T) 4096B-4096B, ioengine=psync, iodepth=1
...
fio-3.16
Starting 8 processes

write: (groupid=0, jobs=8): err= 0: pid=212690: Thu Oct 30 15:08:51 2025
  write: IOPS=509k, BW=1987MiB/s (2083MB/s)(61.4GiB/31660msec); 0 zone resets
    clat (usec): min=8, max=37366, avg=14.11, stdev=34.77
     lat (usec): min=8, max=37366, avg=14.17, stdev=34.78
    clat percentiles (nsec):
     |  1.00th=[ 9920],  5.00th=[10432], 10.00th=[10816], 20.00th=[11328],
     | 30.00th=[11840], 40.00th=[12352], 50.00th=[12992], 60.00th=[13760],
     | 70.00th=[14656], 80.00th=[16064], 90.00th=[18560], 95.00th=[21120],
     | 99.00th=[27520], 99.50th=[30848], 99.90th=[44288], 99.95th=[49408],
     | 99.99th=[71168]
   bw (  MiB/s): min= 1653, max= 2337, per=100.00%, avg=2095.87, stdev=19.27, samples=472
   iops        : min=423416, max=598272, avg=536543.90, stdev=4932.06, samples=472
  lat (usec)   : 10=1.10%, 20=92.18%, 50=6.67%, 100=0.04%, 250=0.01%
  lat (usec)   : 500=0.01%, 750=0.01%, 1000=0.01%
  lat (msec)   : 2=0.01%, 4=0.01%, 10=0.01%, 20=0.01%, 50=0.01%
  cpu          : usr=4.56%, sys=53.05%, ctx=16102974, majf=0, minf=83
  IO depths    : 1=100.0%, 2=0.0%, 4=0.0%, 8=0.0%, 16=0.0%, 32=0.0%, >=64=0.0%
     submit    : 0=0.0%, 4=100.0%, 8=0.0%, 16=0.0%, 32=0.0%, 64=0.0%, >=64=0.0%
     complete  : 0=0.0%, 4=100.0%, 8=0.0%, 16=0.0%, 32=0.0%, 64=0.0%, >=64=0.0%
     issued rwts: total=0,16102390,0,8 short=0,0,0,0 dropped=0,0,0,0
     latency   : target=0, window=0, percentile=100.00%, depth=1

Run status group 0 (all jobs):
  WRITE: bw=1987MiB/s (2083MB/s), 1987MiB/s-1987MiB/s (2083MB/s-2083MB/s), io=61.4GiB (65.0GB), run=31660-31660msec
