write: (g=0): rw=write, bs=(R) 4096B-4096B, (W) 4096B-4096B, (T) 4096B-4096B, ioengine=psync, iodepth=1
...
fio-3.16
Starting 16 processes

write: (groupid=0, jobs=16): err= 0: pid=213585: Thu Oct 30 15:09:26 2025
  write: IOPS=562k, BW=2195MiB/s (2301MB/s)(68.4GiB/31910msec); 0 zone resets
    clat (usec): min=8, max=26524, avg=25.63, stdev=58.60
     lat (usec): min=8, max=26525, avg=25.69, stdev=58.60
    clat percentiles (usec):
     |  1.00th=[   11],  5.00th=[   12], 10.00th=[   12], 20.00th=[   14],
     | 30.00th=[   15], 40.00th=[   18], 50.00th=[   22], 60.00th=[   26],
     | 70.00th=[   30], 80.00th=[   35], 90.00th=[   45], 95.00th=[   55],
     | 99.00th=[   78], 99.50th=[   88], 99.90th=[  116], 99.95th=[  133],
     | 99.99th=[  258]
   bw (  MiB/s): min= 1095, max= 3985, per=100.00%, avg=2331.65, stdev=41.92, samples=950
   iops        : min=280328, max=1020191, avg=596902.03, stdev=10731.87, samples=950
  lat (usec)   : 10=0.10%, 20=47.95%, 50=45.23%, 100=6.49%, 250=0.22%
  lat (usec)   : 500=0.01%, 750=0.01%, 1000=0.01%
  lat (msec)   : 2=0.01%, 4=0.01%, 10=0.01%, 20=0.01%, 50=0.01%
  cpu          : usr=2.46%, sys=34.21%, ctx=18121122, majf=0, minf=168
  IO depths    : 1=100.0%, 2=0.0%, 4=0.0%, 8=0.0%, 16=0.0%, 32=0.0%, >=64=0.0%
     submit    : 0=0.0%, 4=100.0%, 8=0.0%, 16=0.0%, 32=0.0%, 64=0.0%, >=64=0.0%
     complete  : 0=0.0%, 4=100.0%, 8=0.0%, 16=0.0%, 32=0.0%, 64=0.0%, >=64=0.0%
     issued rwts: total=0,17928932,0,16 short=0,0,0,0 dropped=0,0,0,0
     latency   : target=0, window=0, percentile=100.00%, depth=1

Run status group 0 (all jobs):
  WRITE: bw=2195MiB/s (2301MB/s), 2195MiB/s-2195MiB/s (2301MB/s-2301MB/s), io=68.4GiB (73.4GB), run=31910-31910msec
