#           time             counts unit events
     1.001075099         95,381,422      L1-dcache-load-misses                                       
     1.001075099        185,310,162      L1-icache-load-misses                                       
     1.001075099            204,902      dTLB-load-misses                                            
     1.001075099          2,337,755      iTLB-load-misses                                            
     1.001075099             73,580      page-faults                                                 
     1.001075099             12,165      minor-faults                                                
     1.001075099             61,416      major-faults                                                
     1.001075099                 94      cpu-migrations                                              
     2.011707552         74,401,898      L1-dcache-load-misses                                       
     2.011707552        176,401,400      L1-icache-load-misses                                       
     2.011707552             22,186      dTLB-load-misses                                            
     2.011707552          2,837,384      iTLB-load-misses                                            
     2.011707552              2,486      page-faults                                                 
     2.011707552              2,485      minor-faults                                                
     2.011707552                  1      major-faults                                                
     2.011707552                 41      cpu-migrations                                              
     3.014504197         64,841,543      L1-dcache-load-misses                                       
     3.014504197         79,705,907      L1-icache-load-misses                                       
     3.014504197             48,563      dTLB-load-misses                                            
     3.014504197          2,078,662      iTLB-load-misses                                            
     3.014504197              5,184      page-faults                                                 
     3.014504197              5,180      minor-faults                                                
     3.014504197                  4      major-faults                                                
     3.014504197                 49      cpu-migrations                                              
     4.017977042        176,800,006      L1-dcache-load-misses                                       
     4.017977042        116,422,159      L1-icache-load-misses                                       
     4.017977042            126,013      dTLB-load-misses                                            
     4.017977042          4,359,772      iTLB-load-misses                                            
     4.017977042              8,256      page-faults                                                 
     4.017977042              8,256      minor-faults                                                
     4.017977042                  0      major-faults                                                
     4.017977042                 88      cpu-migrations                                              
     5.021010729        181,492,348      L1-dcache-load-misses                                       
     5.021010729        109,661,293      L1-icache-load-misses                                       
     5.021010729             61,451      dTLB-load-misses                                            
     5.021010729          4,592,006      iTLB-load-misses                                            
     5.021010729                179      page-faults                                                 
     5.021010729                179      minor-faults                                                
     5.021010729                  0      major-faults                                                
     5.021010729                 55      cpu-migrations                                              
     6.024058563        187,331,566      L1-dcache-load-misses                                       
     6.024058563        116,889,020      L1-icache-load-misses                                       
     6.024058563             65,104      dTLB-load-misses                                            
     6.024058563          4,687,742      iTLB-load-misses                                            
     6.024058563                 49      page-faults                                                 
     6.024058563                 49      minor-faults                                                
     6.024058563                  0      major-faults                                                
     6.024058563                 53      cpu-migrations                                              
     7.027028734        184,581,304      L1-dcache-load-misses                                       
     7.027028734        113,818,197      L1-icache-load-misses                                       
     7.027028734             56,286      dTLB-load-misses                                            
     7.027028734          4,565,882      iTLB-load-misses                                            
     7.027028734                149      page-faults                                                 
     7.027028734                149      minor-faults                                                
     7.027028734                  0      major-faults                                                
     7.027028734                 52      cpu-migrations                                              
     8.029905333        179,354,707      L1-dcache-load-misses                                       
     8.029905333        108,053,143      L1-icache-load-misses                                       
     8.029905333             61,386      dTLB-load-misses                                            
     8.029905333          4,469,148      iTLB-load-misses                                            
     8.029905333                 16      page-faults                                                 
     8.029905333                 16      minor-faults                                                
     8.029905333                  0      major-faults                                                
     8.029905333                 52      cpu-migrations                                              
     9.032790067        170,754,787      L1-dcache-load-misses                                       
     9.032790067         98,881,987      L1-icache-load-misses                                       
     9.032790067             57,951      dTLB-load-misses                                            
     9.032790067          4,288,697      iTLB-load-misses                                            
     9.032790067                159      page-faults                                                 
     9.032790067                159      minor-faults                                                
     9.032790067                  0      major-faults                                                
     9.032790067                 51      cpu-migrations                                              
    10.035724998        174,839,087      L1-dcache-load-misses                                       
    10.035724998        101,246,153      L1-icache-load-misses                                       
    10.035724998             52,622      dTLB-load-misses                                            
    10.035724998          4,390,143      iTLB-load-misses                                            
    10.035724998                 30      page-faults                                                 
    10.035724998                 30      minor-faults                                                
    10.035724998                  0      major-faults                                                
    10.035724998                 48      cpu-migrations                                              
    11.038692377        170,076,846      L1-dcache-load-misses                                       
    11.038692377         99,462,452      L1-icache-load-misses                                       
    11.038692377             55,696      dTLB-load-misses                                            
    11.038692377          4,298,517      iTLB-load-misses                                            
    11.038692377                 70      page-faults                                                 
    11.038692377                 70      minor-faults                                                
    11.038692377                  0      major-faults                                                
    11.038692377                 51      cpu-migrations                                              
    12.041619343        185,411,492      L1-dcache-load-misses                                       
    12.041619343        112,005,886      L1-icache-load-misses                                       
    12.041619343             61,663      dTLB-load-misses                                            
    12.041619343          4,736,783      iTLB-load-misses                                            
    12.041619343                149      page-faults                                                 
    12.041619343                149      minor-faults                                                
    12.041619343                  0      major-faults                                                
    12.041619343                 54      cpu-migrations                                              
    13.044537173        177,132,609      L1-dcache-load-misses                                       
    13.044537173        103,879,772      L1-icache-load-misses                                       
    13.044537173             52,215      dTLB-load-misses                                            
    13.044537173          4,470,526      iTLB-load-misses                                            
    13.044537173                 50      page-faults                                                 
    13.044537173                 50      minor-faults                                                
    13.044537173                  0      major-faults                                                
    13.044537173                 57      cpu-migrations                                              
    14.047416141        180,662,234      L1-dcache-load-misses                                       
    14.047416141        116,874,358      L1-icache-load-misses                                       
    14.047416141            128,167      dTLB-load-misses                                            
    14.047416141          4,558,640      iTLB-load-misses                                            
    14.047416141              7,670      page-faults                                                 
    14.047416141              7,670      minor-faults                                                
    14.047416141                  0      major-faults                                                
    14.047416141                 80      cpu-migrations                                              
    15.050412379        173,275,022      L1-dcache-load-misses                                       
    15.050412379        102,814,098      L1-icache-load-misses                                       
    15.050412379             58,301      dTLB-load-misses                                            
    15.050412379          4,355,290      iTLB-load-misses                                            
    15.050412379                 88      page-faults                                                 
    15.050412379                 88      minor-faults                                                
    15.050412379                  0      major-faults                                                
    15.050412379                 57      cpu-migrations                                              
    16.053406830        176,181,476      L1-dcache-load-misses                                       
    16.053406830        102,710,389      L1-icache-load-misses                                       
    16.053406830             55,146      dTLB-load-misses                                            
    16.053406830          4,414,192      iTLB-load-misses                                            
    16.053406830                146      page-faults                                                 
    16.053406830                146      minor-faults                                                
    16.053406830                  0      major-faults                                                
    16.053406830                 54      cpu-migrations                                              
    17.056400397        174,887,182      L1-dcache-load-misses                                       
    17.056400397        104,315,279      L1-icache-load-misses                                       
    17.056400397             54,265      dTLB-load-misses                                            
    17.056400397          4,397,986      iTLB-load-misses                                            
    17.056400397                 27      page-faults                                                 
    17.056400397                 27      minor-faults                                                
    17.056400397                  0      major-faults                                                
    17.056400397                 48      cpu-migrations                                              
    18.059331663        181,578,182      L1-dcache-load-misses                                       
    18.059331663        110,662,349      L1-icache-load-misses                                       
    18.059331663             57,578      dTLB-load-misses                                            
    18.059331663          4,559,083      iTLB-load-misses                                            
    18.059331663                 36      page-faults                                                 
    18.059331663                 36      minor-faults                                                
    18.059331663                  0      major-faults                                                
    18.059331663                 52      cpu-migrations                                              
    19.062227722        180,385,694      L1-dcache-load-misses                                       
    19.062227722        105,954,470      L1-icache-load-misses                                       
    19.062227722             53,191      dTLB-load-misses                                            
    19.062227722          4,591,124      iTLB-load-misses                                            
    19.062227722                155      page-faults                                                 
    19.062227722                155      minor-faults                                                
    19.062227722                  0      major-faults                                                
    19.062227722                 54      cpu-migrations                                              
    20.065119400        171,569,290      L1-dcache-load-misses                                       
    20.065119400        100,181,748      L1-icache-load-misses                                       
    20.065119400             54,094      dTLB-load-misses                                            
    20.065119400          4,346,854      iTLB-load-misses                                            
    20.065119400                 17      page-faults                                                 
    20.065119400                 17      minor-faults                                                
    20.065119400                  0      major-faults                                                
    20.065119400                 50      cpu-migrations                                              
    21.068116252        176,855,147      L1-dcache-load-misses                                       
    21.068116252        103,352,251      L1-icache-load-misses                                       
    21.068116252             57,039      dTLB-load-misses                                            
    21.068116252          4,421,532      iTLB-load-misses                                            
    21.068116252                 32      page-faults                                                 
    21.068116252                 32      minor-faults                                                
    21.068116252                  0      major-faults                                                
    21.068116252                 52      cpu-migrations                                              
    22.071066342        174,513,578      L1-dcache-load-misses                                       
    22.071066342        101,645,131      L1-icache-load-misses                                       
    22.071066342             58,888      dTLB-load-misses                                            
    22.071066342          4,401,103      iTLB-load-misses                                            
    22.071066342              3,652      page-faults                                                 
    22.071066342              3,652      minor-faults                                                
    22.071066342                  0      major-faults                                                
    22.071066342                 53      cpu-migrations                                              
    23.073979519        176,425,284      L1-dcache-load-misses                                       
    23.073979519        104,114,463      L1-icache-load-misses                                       
    23.073979519             57,485      dTLB-load-misses                                            
    23.073979519          4,412,753      iTLB-load-misses                                            
    23.073979519                198      page-faults                                                 
    23.073979519                198      minor-faults                                                
    23.073979519                  0      major-faults                                                
    23.073979519                 50      cpu-migrations                                              
    24.076930024        176,187,974      L1-dcache-load-misses                                       
    24.076930024        112,274,578      L1-icache-load-misses                                       
    24.076930024            122,419      dTLB-load-misses                                            
    24.076930024          4,436,070      iTLB-load-misses                                            
    24.076930024              7,794      page-faults                                                 
    24.076930024              7,794      minor-faults                                                
    24.076930024                  0      major-faults                                                
    24.076930024                 73      cpu-migrations                                              
    25.079975008        183,514,932      L1-dcache-load-misses                                       
    25.079975008        107,810,623      L1-icache-load-misses                                       
    25.079975008             57,312      dTLB-load-misses                                            
    25.079975008          4,654,600      iTLB-load-misses                                            
    25.079975008                 30      page-faults                                                 
    25.079975008                 30      minor-faults                                                
    25.079975008                  0      major-faults                                                
    25.079975008                 48      cpu-migrations                                              
#           time             counts unit events
    26.083014603        174,823,254      L1-dcache-load-misses                                       
    26.083014603        102,166,561      L1-icache-load-misses                                       
    26.083014603             65,357      dTLB-load-misses                                            
    26.083014603          4,393,716      iTLB-load-misses                                            
    26.083014603                632      page-faults                                                 
    26.083014603                632      minor-faults                                                
    26.083014603                  0      major-faults                                                
    26.083014603                 54      cpu-migrations                                              
    27.085943958        177,438,446      L1-dcache-load-misses                                       
    27.085943958        104,650,352      L1-icache-load-misses                                       
    27.085943958             58,972      dTLB-load-misses                                            
    27.085943958          4,406,471      iTLB-load-misses                                            
    27.085943958                 55      page-faults                                                 
    27.085943958                 55      minor-faults                                                
    27.085943958                  0      major-faults                                                
    27.085943958                 53      cpu-migrations                                              
    28.088892001        178,705,111      L1-dcache-load-misses                                       
    28.088892001        103,889,775      L1-icache-load-misses                                       
    28.088892001             51,233      dTLB-load-misses                                            
    28.088892001          4,450,555      iTLB-load-misses                                            
    28.088892001                 21      page-faults                                                 
    28.088892001                 21      minor-faults                                                
    28.088892001                  0      major-faults                                                
    28.088892001                 50      cpu-migrations                                              
    29.091824358        175,330,237      L1-dcache-load-misses                                       
    29.091824358        103,608,211      L1-icache-load-misses                                       
    29.091824358             55,000      dTLB-load-misses                                            
    29.091824358          4,408,953      iTLB-load-misses                                            
    29.091824358                 33      page-faults                                                 
    29.091824358                 33      minor-faults                                                
    29.091824358                  0      major-faults                                                
    29.091824358                 49      cpu-migrations                                              
    30.094723638        173,221,890      L1-dcache-load-misses                                       
    30.094723638        100,442,876      L1-icache-load-misses                                       
    30.094723638             74,759      dTLB-load-misses                                            
    30.094723638          4,362,240      iTLB-load-misses                                            
    30.094723638                 66      page-faults                                                 
    30.094723638                 66      minor-faults                                                
    30.094723638                  0      major-faults                                                
    30.094723638                 48      cpu-migrations                                              
    31.097664892        181,297,234      L1-dcache-load-misses                                       
    31.097664892        105,464,968      L1-icache-load-misses                                       
    31.097664892             64,399      dTLB-load-misses                                            
    31.097664892          4,560,637      iTLB-load-misses                                            
    31.097664892                 32      page-faults                                                 
    31.097664892                 32      minor-faults                                                
    31.097664892                  0      major-faults                                                
    31.097664892                 53      cpu-migrations                                              
    32.100561851        176,889,083      L1-dcache-load-misses                                       
    32.100561851        104,898,976      L1-icache-load-misses                                       
    32.100561851             58,822      dTLB-load-misses                                            
    32.100561851          4,463,694      iTLB-load-misses                                            
    32.100561851                  3      page-faults                                                 
    32.100561851                  3      minor-faults                                                
    32.100561851                  0      major-faults                                                
    32.100561851                 49      cpu-migrations                                              
