procs -----------memory---------- ---swap-- -----io---- -system-- ------cpu-----
 r  b   swpd   free   buff  cache   si   so    bi    bo   in   cs us sy id wa st
 6  0 177920 63690764   4660 166048    0    0   298   880    1    0  1  1 97  1  0
 6  1 177920 63678368   6732 173296    0    0  7732     0 2139 2481  0  0 99  0  0
32  0 177920 59719100   7632 4126788    0    0 15068     0 7315 5516  3 29 68  0  0
 0 33 177920 51833040   7632 12019040    0    0     0 1575600 11051 6285  0 55 20 25  0
 1 32 177920 49297616   7644 14553736    0    0     4 2068140 7158 4456  0  1 38 61  0
 0 33 177920 46986284   7644 16866532    0    0     0 2174656 6536 3650  0  1 49 50  0
 0 33 177920 44846148   7644 19006924    0    0     0 2256304 6074 3269  0  1 53 46  0
 7 28 177920 42641148   7652 21211536    0    0     0 1886452 6204 3402  0  1 51 48  0
 5 29 177920 40482852   7652 23370396    0    0     0 2312108 6459 3515  0  1 40 59  0
 7 27 177920 38336276   7664 25514812    0    0     4 2021364 6090 3415  0  1 47 53  0
 0 33 177920 36128388   7664 27714412    0    0     0 2150048 6182 3446  0  1 48 51  0
 3 30 177920 33942676   7664 29890360    0    0     0 2294312 6289 3397  0  1 49 50  0
 3 31 177920 31774516   7672 32054184    0    0     0 1903816 6023 3290  0  1 48 50  0
 8 25 177920 29596496   7672 34225864    0    0     0 2231740 6155 3583  0  1 48 51  0
 2 31 177920 27424100   7680 36389880    0    0     0 2082664 6854 4113  0  1 45 54  0
 0 33 177920 25260124   7680 38543024    0    0     0 2126908 6056 3388  0  1 42 57  0
 1 34 177920 23087152   7684 40708992    0    0     4 2073884 6105 3513  0  1 43 56  0
 0 34 177920 20893084   8096 42900904    0    0  1636 2133700 6815 3818  0  4 41 55  0
 0 33 177920 18729712   8096 45054000    0    0     0 2188536 5950 3309  0  1 37 63  0
 9 25 177920 16591096   8104 47187660    0    0     0 1965808 6109 3466  0  1 44 55  0
 1 33 177920 14393236   8104 49377724    0    0     0 2226196 6233 3379  0  1 50 50  0
procs -----------memory---------- ---swap-- -----io---- -system-- ------cpu-----
 r  b   swpd   free   buff  cache   si   so    bi    bo   in   cs us sy id wa st
 5 28 177920 12229900   8104 51531320    0    0     0 2116500 6034 3412  0  1 42 57  0
 5 29 177920 10041304   8116 53716760    0    0     0 2036364 6200 3221  0  3 40 57  0
 0 33 177920 7864600   8116 55886212    0    0     0 2265784 5958 2985  0  1 32 67  0
 0 34 177920 5723000   8124 58018344    0    0     0 1902632 6447 3766  0  1 52 47  0
 2 31 177920 3534932   8124 60198712    0    0     0 2250272 5900 3218  0  1 55 45  0
 1 32 177920 1370116   8124 62351376    0    0     0 2070288 5853 2960  0  1 54 46  0
 0 33 177920 445368   8080 63277880    0    0     0 2167876 5969 3247  0  2 47 51  0
 1 32 177920 413056   8084 63311864    0    0     4 1946728 6182 3449  0  2 48 50  0
 0 33 177920 422020   8092 63302396    0    0     0 2199396 6277 3405  0  2 50 48  0
 1 33 177920 435216   8092 63291788    0    0     0 2220288 6187 3458  0  2 48 50  0
 1 33 177920 447772   8092 63278720    0    0     0 1969756 6237 3438  0  2 43 55  0
 5 29 177920 395524   8100 63344692    0    0     0 2249276 6422 3357  0  3 45 52  0
 0 33 177920 403308   8100 63337364    0    0     0 1982592 6295 3495  0  1 46 52  0
 2 32 177920 448064   8108 63292864    0    0   636 2009376 7570 4726  0  2 47 51  0
 1 32 177920 425212   8108 63315500    0    0     0 2223632 6384 3299  0  1 53 45  0
 6 27 177920 418204   8108 63323252    0    0    64 2099912 7078 4202  0  2 52 47  0
 1 33 177920 399348   8116 63344892    0    0     0 2104576 6926 3842  0  5 41 54  0
 2 32 177920 468044   8116 63283328    0    0     0 2212360 6512 3321  0  1 35 64  0
 0 33 177920 468992   8124 63278084    0    0     0 2016156 6322 3388  0  1 44 55  0
 0 33 177920 441340   8124 63307688    0    0     0 1969744 6328 3484  0  1 51 48  0
 1 33 177920 385380   8124 63360836    0    0     4 2257036 6466 3334  0  1 52 47  0
procs -----------memory---------- ---swap-- -----io---- -system-- ------cpu-----
 r  b   swpd   free   buff  cache   si   so    bi    bo   in   cs us sy id wa st
 1 33 177920 455364   8132 63302064    0    0     0 2004224 6506 3581  0  4 43 53  0
 0 33 177920 447076   8132 63310428    0    0     0 2112460 6375 3491  0  1 36 62  0
 5 28 177920 411244   8140 63341736    0    0     0 2283192 7883 5180  0  2 46 52  0
 6 27 177920 408724   8140 63342344    0    0     0 1900096 6245 3509  0  1 56 43  0
 6 28 177920 446672   8140 63302832    0    0     0 2245880 6284 3404  0  2 54 44  0
 6 27 177920 402520   8156 63350140    0    0     0 2110396 6617 3415  0  4 50 46  0
 3 31 177920 397708   8156 63360316    0    0     0 2092640 6167 3392  0  1 45 54  0
 0 33 177920 493652   8160 63260140    0    0     4 1947276 6360 3429  0  1 47 51  0
 5 29 177920 394976   8160 63362176    0    0     0 2245876 6380 3254  0  1 53 45  0
 2 31 177920 468040   8160 63286948    0    0     0 1987560 6168 3312  0  1 54 45  0
 1 34 177920 423488   8176 63326932    0    0     0 2153748 6919 3701  0  8 48 44  0
 5 29 177920 386908   8176 63367380    0    0     0 2294660 6520 3423  0  1 32 66  0
 4 29 177920 403376   8176 63346256    0    0     0 1910372 7401 5210  0  2 44 55  0
 2 31 177920 339564   8176 63411572    0    0     0 1991228 6234 3469  0  1 49 50  0
 1 32 177920 403056   8176 63342548    0    0     0 2273316 6580 3430  0  2 44 54  0
 2 33 177920 438648   8192 63310700    0    0     0 1945736 6734 3648  0  6 40 54  0
 5 29 177920 429908   8192 63325672    0    0     0 2250812 6336 3284  0  1 42 57  0
 2 31 177920 470416   8192 63286024    0    0     0 2032584 6543 3432  0  1 51 47  0
 1 32 177920 471200   8192 63283200    0    0     0 2177456 6317 3377  0  1 55 44  0
 3 30 177920 5479596   8200 58258264    0    0     4 2199044 7376 4724  0  4 53 43  0
