target-job: (g=0): rw=randread, bs=(R) 4096B-4096B, (W) 4096B-4096B, (T) 4096B-4096B, ioengine=psync, iodepth=1
...
fio-3.16
Starting 32 processes

target-job: (groupid=0, jobs=32): err= 0: pid=463334: Thu Nov 20 10:36:57 2025
  read: IOPS=4750k, BW=18.1GiB/s (19.5GB/s)(1087GiB/60004msec)
    clat (nsec): min=332, max=29880k, avg=6220.49, stdev=40668.64
     lat (nsec): min=359, max=29880k, avg=6276.89, stdev=40670.13
    clat percentiles (usec):
     |  1.00th=[    3],  5.00th=[    3], 10.00th=[    4], 20.00th=[    4],
     | 30.00th=[    5], 40.00th=[    5], 50.00th=[    5], 60.00th=[    5],
     | 70.00th=[    6], 80.00th=[    6], 90.00th=[    7], 95.00th=[    8],
     | 99.00th=[   63], 99.50th=[  108], 99.90th=[  178], 99.95th=[  210],
     | 99.99th=[  318]
   bw (  MiB/s): min= 1080, max=31826, per=99.85%, avg=18526.73, stdev=288.41, samples=3820
   iops        : min=276534, max=8147512, avg=4742841.30, stdev=73833.15, samples=3820
  lat (nsec)   : 500=0.02%, 750=0.02%, 1000=0.01%
  lat (usec)   : 2=0.41%, 4=27.82%, 10=69.92%, 20=0.15%, 50=0.58%
  lat (usec)   : 100=0.43%, 250=0.63%, 500=0.02%, 750=0.01%, 1000=0.01%
  lat (msec)   : 2=0.01%, 4=0.01%, 10=0.01%, 20=0.01%, 50=0.01%
  cpu          : usr=10.05%, sys=70.26%, ctx=5072794, majf=0, minf=1596
  IO depths    : 1=100.0%, 2=0.0%, 4=0.0%, 8=0.0%, 16=0.0%, 32=0.0%, >=64=0.0%
     submit    : 0=0.0%, 4=100.0%, 8=0.0%, 16=0.0%, 32=0.0%, 64=0.0%, >=64=0.0%
     complete  : 0=0.0%, 4=100.0%, 8=0.0%, 16=0.0%, 32=0.0%, 64=0.0%, >=64=0.0%
     issued rwts: total=285013364,0,0,0 short=0,0,0,0 dropped=0,0,0,0
     latency   : target=0, window=0, percentile=100.00%, depth=1

Run status group 0 (all jobs):
   READ: bw=18.1GiB/s (19.5GB/s), 18.1GiB/s-18.1GiB/s (19.5GB/s-19.5GB/s), io=1087GiB (1167GB), run=60004-60004msec
