procs -----------memory---------- ---swap-- -----io---- -system-- ------cpu-----
 r  b   swpd   free   buff  cache   si   so    bi    bo   in   cs us sy id wa st
 1  0 123904 63549160   5700 176308    0    0   260   825    2    3  1  1 98  0  0
 2  2 123904 63546904   5836 176884    0    0   136     0  645  890  0  0 100  0  0
 3 23 123904 62751684   9456 1012896    0    0 204768     0 177741 347362  3  5 80 12  0
11 17 123904 61553360   9456 2208192    0    0 533920     0 514539 1015699  1 13 49 37  0
16 17 123904 60390948   9456 3374676    0    0 534940     0 514490 1016453  1 12 50 37  0
 5 25 123904 59246088   9460 4517808    0    0 534884    20 513262 1016692  1 12 50 37  0
 7 21 123904 58115992   9464 5649100    0    0 536336    68 515076 1019790  1 12 50 37  0
 0 25 123904 57000144   9464 6765212    0    0 534900     0 514497 1016148  1 12 50 37  0
 7 21 123904 55892116   9464 7870560    0    0 536128     0 514222 1018502  2 12 50 37  0
 1 23 123904 54796484   9464 8966944    0    0 535672     0 513673 1017316  1 13 49 37  0
 2 24 123904 53705852   9472 10057520    0    0 534996    20 515535 1015545  2 12 49 37  0
 3 22 123904 52619552   9472 11144088    0    0 535292     0 513164 1014809  1 13 49 37  0
 5 22 123904 51535064   9472 12229508    0    0 537176    48 514424 1018571  1 13 49 36  0
 8 23 123904 50451644   9472 13306004    0    0 535304     0 513406 1013441  1 13 49 37  0
14 12 123904 49376240   9472 14388588    0    0 537916     0 515235 1017750  1 12 49 37  0
 3 23 123904 48297704   9480 15467096    0    0 538168    20 513900 1017976  1 13 49 37  0
 7 19 123904 47222396   9480 16540996    0    0 537548     0 512333 1014599  1 12 50 37  0
 2 23 123904 46148312   9480 17614396    0    0 536160     0 513194 1011473  1 12 50 37  0
12 18 123904 45075128   9480 18687440    0    0 538392    40 512406 1013979  1 13 49 37  0
 9 19 123904 43998728   9480 19763512    0    0 539788     0 512970 1016242  1 12 50 37  0
 3 23 123904 42923252   9488 20839448    0    0 539528    20 513486 1015801  1 12 50 37  0
procs -----------memory---------- ---swap-- -----io---- -system-- ------cpu-----
 r  b   swpd   free   buff  cache   si   so    bi    bo   in   cs us sy id wa st
 9 17 123904 41850248   9488 21914288    0    0 540036     0 512601 1013926  1 12 50 37  0
 8 19 123904 40773816   9488 22989352    0    0 540624     0 513046 1015051  1 12 50 37  0
18 15 123904 39694524   9488 24061416    0    0 540188     0 515983 1013827  1 12 49 37  0
15 15 123904 38624100   9492 25139756    0    0 542364    40 516697 1014497  2 12 49 37  0
10 20 123904 37544280   9500 26219212    0    0 544252    28 513949 1017968  1 13 49 37  0
 6 21 123904 36469500   9500 27292904    0    0 542032     0 511477 1010582  1 12 50 37  0
 3 23 123904 35397000   9632 28366528    0    0 541964     0 512108 1010657  1 11 50 37  0
11 18 123904 34321464   9632 29441452    0    0 543388     0 513978 1010987  1 13 49 36  0
 4 21 123904 33248448   9632 30513932    0    0 542892     0 511119 1008242  1 12 49 37  0
 9 19 123904 32170392   9640 31592420    0    0 545964    64 511434 1011052  1 12 50 37  0
 3 22 123904 31093848   9640 32668436    0    0 546128     0 512435 1010325  2 12 50 37  0
 7 21 123904 30016324   9640 33745884    0    0 546584     0 510025 1009199  1 12 50 37  0
 7 23 123904 28930964   9640 34823964    0    0 548548     0 510636 1010298  1 12 50 37  0
 4 22 123904 27860216   9640 35902868    0    0 547600     0 510329 1004154  1 14 49 36  0
10 18 123904 26780396   9648 36982868    0    0 549864    12 511320 1007632  1 13 49 37  0
 4 22 123904 25702340   9648 38060140    0    0 550612    40 509181 1006658  1 12 49 37  0
 0 24 123904 24624788   9648 39138708    0    0 549048     0 508845 1002196  1 12 50 37  0
 8 20 123904 23543456   9648 40219268    0    0 553872     0 508968 1005869  1 12 50 37  0
 4 22 123904 22460108   9648 41301436    0    0 553928     0 508322 1005117  1 12 50 37  0
10 21 123904 21377012   9660 42384588    0    0 555416    36 508483 1003803  1 13 49 36  0
 3 24 123904 20291900   9660 43469940    0    0 557280    36 507710 1003073  1 13 49 37  0
procs -----------memory---------- ---swap-- -----io---- -system-- ------cpu-----
 r  b   swpd   free   buff  cache   si   so    bi    bo   in   cs us sy id wa st
 5 22 123904 19208048   9660 44552668    0    0 557348     0 506648 1001329  1 12 50 37  0
13 21 123904 18114620   9660 45641604    0    0 559624     0 508112 1003794  1 12 50 37  0
 5 21 123904 17029768   9660 46729580    0    0 560540     0 508445 1000898  2 13 49 37  0
 3 22 123904 15941128   9672 47818884    0    0 562120    32 507854 1003573  1 12 50 37  0
 9 18 123904 14847964   9676 48910384    0    0 564252    40 508075 1002554  1 13 49 37  0
 3 23 123904 13757056   9676 50002112    0    0 565276     0 507603 1001295  1 13 49 37  0
 6 20 123904 12667408   9676 51092276    0    0 565872     0 506216 998696  1 13 49 37  0
11 19 123904 11574988   9676 52184856    0    0 567676     0 505409 996645  1 12 50 37  0
 2 23 123904 10477528   9688 53282828    0    0 570836    40 506835 999741  2 12 49 37  0
14 13 123904 9380068   9688 54379076    0    0 572772    40 506626 998771  1 13 49 37  0
 9 20 123904 8281852   9688 55476864    0    0 572400     0 505885 996567  1 12 50 37  0
18 14 123904 7178344   9688 56575936    0    0 574808     0 505226 995162  1 13 49 37  0
 7 22 123904 6083912   9688 57673568    0    0 575188     0 506206 995260  1 13 49 37  0
10 18 123904 4980152   9700 58778040    0    0 579944    32 505216 994884  1 12 49 37  0
 1 22 123904 3879920   9700 59878924    0    0 579720    36 505111 991981  1 12 50 37  0
 3 21 123904 2773892   9700 60981980    0    0 581592     0 504623 993465  1 12 50 37  0
10 18 123904 1677316   9700 62088832    0    0 583072     0 504163 990913  1 11 50 38  0
13 16 123904 574564   9700 63189136    0    0 582752     0 503119 987099  1 13 49 37  0
 4 21 123904 473048   8716 63341936    0    0 583260    40 500054 982430  1 13 49 37  0
 5 20 126208 446152   8716 63372668    0 2248 581456  2288 498998 978514  1 13 49 37  0
 1  0 127744 894320   9392 62921128    0 1640 367248  1640 312117 610988  1  9 68 23  0
