[WARN]  Running against a source checkout. In order to get our runtime dependencies we'll have to invoke Maven. Depending on the state of your system, this may take ~30-45 seconds
[DEBUG]  Running 'mvn -pl site.ycsb:rocksdb-binding -am package -DskipTests dependency:build-classpath -DincludeScope=compile -Dmdep.outputFilterFile=true'
java -cp /home/ldy/YCSB/rocksdb/conf:/home/ldy/YCSB/rocksdb/target/rocksdb-binding-0.18.0-SNAPSHOT.jar:/root/.m2/repository/org/apache/htrace/htrace-core4/4.1.0-incubating/htrace-core4-4.1.0-incubating.jar:/root/.m2/repository/org/slf4j/slf4j-api/1.7.25/slf4j-api-1.7.25.jar:/root/.m2/repository/net/jcip/jcip-annotations/1.0/jcip-annotations-1.0.jar:/root/.m2/repository/org/hdrhistogram/HdrHistogram/2.1.4/HdrHistogram-2.1.4.jar:/root/.m2/repository/org/codehaus/jackson/jackson-mapper-asl/1.9.4/jackson-mapper-asl-1.9.4.jar:/root/.m2/repository/org/rocksdb/rocksdbjni/6.2.2/rocksdbjni-6.2.2.jar:/root/.m2/repository/org/codehaus/jackson/jackson-core-asl/1.9.4/jackson-core-asl-1.9.4.jar:/home/ldy/YCSB/core/target/core-0.18.0-SNAPSHOT.jar site.ycsb.Client -db site.ycsb.db.rocksdb.RocksDBClient -P workloads/workloadc -P db.properties -p operationcount=10000000 -t
Command line: -db site.ycsb.db.rocksdb.RocksDBClient -P workloads/workloadc -P db.properties -p operationcount=10000000 -t
YCSB Client 0.18.0-SNAPSHOT

Loading workload...
Starting test.
SLF4J: Failed to load class "org.slf4j.impl.StaticLoggerBinder".
SLF4J: Defaulting to no-operation (NOP) logger implementation
SLF4J: See http://www.slf4j.org/codes.html#StaticLoggerBinder for further details.
DBWrapper: report latency for each error is false and specific error codes to track for latency are: []
[OVERALL], RunTime(ms), 64087
[OVERALL], Throughput(ops/sec), 156037.88599872048
[TOTAL_GCS_PS_Scavenge], Count, 610
[TOTAL_GC_TIME_PS_Scavenge], Time(ms), 341
[TOTAL_GC_TIME_%_PS_Scavenge], Time(%), 0.5320891912556368
[TOTAL_GCS_PS_MarkSweep], Count, 0
[TOTAL_GC_TIME_PS_MarkSweep], Time(ms), 0
[TOTAL_GC_TIME_%_PS_MarkSweep], Time(%), 0.0
[TOTAL_GCs], Count, 610
[TOTAL_GC_TIME], Time(ms), 341
[TOTAL_GC_TIME_%], Time(%), 0.5320891912556368
[READ], Operations, 10000000
[READ], AverageLatency(us), 5.5142449
[READ], MinLatency(us), 1
[READ], MaxLatency(us), 17583
[READ], 95thPercentileLatency(us), 15
[READ], 99thPercentileLatency(us), 43
[READ], Return=OK, 10000000
[CLEANUP], Operations, 1
[CLEANUP], AverageLatency(us), 2931.0
[CLEANUP], MinLatency(us), 2930
[CLEANUP], MaxLatency(us), 2931
[CLEANUP], 95thPercentileLatency(us), 2931
[CLEANUP], 99thPercentileLatency(us), 2931
