[WARN]  Running against a source checkout. In order to get our runtime dependencies we'll have to invoke Maven. Depending on the state of your system, this may take ~30-45 seconds
[DEBUG]  Running 'mvn -pl site.ycsb:rocksdb-binding -am package -DskipTests dependency:build-classpath -DincludeScope=compile -Dmdep.outputFilterFile=true'
java -cp /home/ldy/YCSB/rocksdb/conf:/home/ldy/YCSB/rocksdb/target/rocksdb-binding-0.18.0-SNAPSHOT.jar:/root/.m2/repository/org/apache/htrace/htrace-core4/4.1.0-incubating/htrace-core4-4.1.0-incubating.jar:/root/.m2/repository/org/slf4j/slf4j-api/1.7.25/slf4j-api-1.7.25.jar:/root/.m2/repository/net/jcip/jcip-annotations/1.0/jcip-annotations-1.0.jar:/root/.m2/repository/org/hdrhistogram/HdrHistogram/2.1.4/HdrHistogram-2.1.4.jar:/root/.m2/repository/org/codehaus/jackson/jackson-mapper-asl/1.9.4/jackson-mapper-asl-1.9.4.jar:/root/.m2/repository/org/rocksdb/rocksdbjni/6.2.2/rocksdbjni-6.2.2.jar:/root/.m2/repository/org/codehaus/jackson/jackson-core-asl/1.9.4/jackson-core-asl-1.9.4.jar:/home/ldy/YCSB/core/target/core-0.18.0-SNAPSHOT.jar site.ycsb.Client -db site.ycsb.db.rocksdb.RocksDBClient -P workloads/workloada -P db.properties -p operationcount=40000000 -t
Command line: -db site.ycsb.db.rocksdb.RocksDBClient -P workloads/workloada -P db.properties -p operationcount=40000000 -t
YCSB Client 0.18.0-SNAPSHOT

Loading workload...
Starting test.
SLF4J: Failed to load class "org.slf4j.impl.StaticLoggerBinder".
SLF4J: Defaulting to no-operation (NOP) logger implementation
SLF4J: See http://www.slf4j.org/codes.html#StaticLoggerBinder for further details.
DBWrapper: report latency for each error is false and specific error codes to track for latency are: []
[OVERALL], RunTime(ms), 346382
[OVERALL], Throughput(ops/sec), 115479.44177237847
[TOTAL_GCS_PS_Scavenge], Count, 3941
[TOTAL_GC_TIME_PS_Scavenge], Time(ms), 2778
[TOTAL_GC_TIME_%_PS_Scavenge], Time(%), 0.8020047231091685
[TOTAL_GCS_PS_MarkSweep], Count, 0
[TOTAL_GC_TIME_PS_MarkSweep], Time(ms), 0
[TOTAL_GC_TIME_%_PS_MarkSweep], Time(%), 0.0
[TOTAL_GCs], Count, 3941
[TOTAL_GC_TIME], Time(ms), 2778
[TOTAL_GC_TIME_%], Time(%), 0.8020047231091685
[READ], Operations, 20000857
[READ], AverageLatency(us), 1.7012152529264122
[READ], MinLatency(us), 1
[READ], MaxLatency(us), 223231
[READ], 95thPercentileLatency(us), 3
[READ], 99thPercentileLatency(us), 4
[READ], Return=OK, 20000857
[CLEANUP], Operations, 1
[CLEANUP], AverageLatency(us), 27368.0
[CLEANUP], MinLatency(us), 27360
[CLEANUP], MaxLatency(us), 27375
[CLEANUP], 95thPercentileLatency(us), 27375
[CLEANUP], 99thPercentileLatency(us), 27375
[UPDATE], Operations, 19999143
[UPDATE], AverageLatency(us), 13.76642679138801
[UPDATE], MinLatency(us), 8
[UPDATE], MaxLatency(us), 334591
[UPDATE], 95thPercentileLatency(us), 18
[UPDATE], 99thPercentileLatency(us), 26
[UPDATE], Return=OK, 19999143
