#           time             counts unit events
     0.100119625        654,605,926      cycles                                                        (40.84%)
     0.100119625        731,360,375      instructions              #    1.12  insn per cycle           (39.99%)
     0.100119625        137,870,354      branches                                                      (38.65%)
     0.100119625          5,573,282      branch-misses             #    4.04% of all branches          (38.65%)
     0.100119625              2,748      cs                                                          
     0.100119625              2,748      context-switches                                            
     0.100119625          1,272,881      LLC-loads                                                     (38.65%)
     0.100119625            167,177      LLC-load-misses           #   13.13% of all LL-cache accesses  (38.66%)
     0.202866913        131,966,833      cycles                                                        (43.23%)
     0.202866913        194,781,678      instructions              #    1.48  insn per cycle           (45.07%)
     0.202866913         52,743,070      branches                                                      (42.52%)
     0.202866913          3,552,800      branch-misses             #    6.74% of all branches          (39.65%)
     0.202866913              1,120      cs                                                          
     0.202866913              1,120      context-switches                                            
     0.202866913            864,273      LLC-loads                                                     (39.14%)
     0.202866913            138,678      LLC-load-misses           #   16.05% of all LL-cache accesses  (39.14%)
     0.304804233        105,025,902      cycles                                                        (43.06%)
     0.304804233         65,063,697      instructions              #    0.62  insn per cycle           (45.02%)
     0.304804233          7,120,143      branches                                                      (45.02%)
     0.304804233             49,081      branch-misses             #    0.69% of all branches          (43.98%)
     0.304804233                394      cs                                                          
     0.304804233                394      context-switches                                            
     0.304804233             22,637      LLC-loads                                                     (40.75%)
     0.304804233             18,553      LLC-load-misses           #   81.96% of all LL-cache accesses  (39.27%)
     0.406655220         17,415,131      cycles                                                        (39.96%)
     0.406655220         10,058,559      instructions              #    0.58  insn per cycle           (44.66%)
     0.406655220          2,015,083      branches                                                      (45.01%)
     0.406655220             39,526      branch-misses             #    1.96% of all branches          (45.01%)
     0.406655220                251      cs                                                          
     0.406655220                251      context-switches                                            
     0.406655220             55,489      LLC-loads                                                     (44.82%)
     0.406655220             11,488      LLC-load-misses           #   20.70% of all LL-cache accesses  (42.37%)
     0.508466540          9,720,030      cycles                                                        (37.33%)
     0.508466540          6,335,210      instructions              #    0.65  insn per cycle           (40.51%)
     0.508466540          1,636,204      branches                                                      (43.72%)
     0.508466540             29,835      branch-misses             #    1.82% of all branches          (44.99%)
     0.508466540                255      cs                                                          
     0.508466540                255      context-switches                                            
     0.508466540             53,884      LLC-loads                                                     (44.99%)
     0.508466540              5,554      LLC-load-misses           #   10.31% of all LL-cache accesses  (44.99%)
     0.610272896        130,818,811      cycles                                                        (34.95%)
     0.610272896         55,639,885      instructions              #    0.43  insn per cycle           (34.59%)
     0.610272896          2,241,228      branches                                                      (33.98%)
     0.610272896             46,265      branch-misses             #    2.06% of all branches          (36.24%)
     0.610272896                312      cs                                                          
     0.610272896                312      context-switches                                            
     0.610272896            151,966      LLC-loads                                                     (39.61%)
     0.610272896             38,657      LLC-load-misses           #   25.44% of all LL-cache accesses  (42.81%)
     0.730170336         70,233,274      cycles                                                        (42.89%)
     0.730170336         32,872,754      instructions              #    0.47  insn per cycle           (44.30%)
     0.730170336          2,559,816      branches                                                      (41.47%)
     0.730170336             32,663      branch-misses             #    1.28% of all branches          (38.97%)
     0.730170336                321      cs                                                          
     0.730170336                321      context-switches                                            
     0.730170336             53,639      LLC-loads                                                     (38.85%)
     0.730170336              6,240      LLC-load-misses           #   11.63% of all LL-cache accesses  (39.05%)
     0.832069114         18,410,995      cycles                                                        (43.04%)
     0.832069114          8,800,982      instructions              #    0.48  insn per cycle           (45.02%)
     0.832069114          1,752,272      branches                                                      (45.02%)
     0.832069114             22,882      branch-misses             #    1.31% of all branches          (43.60%)
     0.832069114                226      cs                                                          
     0.832069114                226      context-switches                                            
     0.832069114             18,560      LLC-loads                                                     (40.36%)
     0.832069114              3,894      LLC-load-misses           #   20.98% of all LL-cache accesses  (39.29%)
     0.933882974        303,021,774      cycles                                                        (40.70%)
     0.933882974        318,437,510      instructions              #    1.05  insn per cycle           (44.99%)
     0.933882974         43,869,686      branches                                                      (45.02%)
     0.933882974            211,441      branch-misses             #    0.48% of all branches          (45.02%)
     0.933882974                478      cs                                                          
     0.933882974                478      context-switches                                            
     0.933882974            145,442      LLC-loads                                                     (44.47%)
     0.933882974             17,132      LLC-load-misses           #   11.78% of all LL-cache accesses  (41.63%)
     1.035776729         15,596,242      cycles                                                        (37.32%)
     1.035776729          7,848,952      instructions              #    0.50  insn per cycle           (40.89%)
     1.035776729          1,913,956      branches                                                      (44.08%)
     1.035776729             40,436      branch-misses             #    2.11% of all branches          (45.00%)
     1.035776729                260      cs                                                          
     1.035776729                260      context-switches                                            
     1.035776729             71,390      LLC-loads                                                     (45.00%)
     1.035776729             18,094      LLC-load-misses           #   25.35% of all LL-cache accesses  (45.01%)
     1.137593872         12,918,411      cycles                                                        (37.13%)
     1.137593872          3,451,248      instructions              #    0.27  insn per cycle           (39.08%)
     1.137593872          1,722,455      branches                                                      (39.76%)
     1.137593872             69,168      branch-misses             #    4.02% of all branches          (42.75%)
     1.137593872                277      cs                                                          
     1.137593872                277      context-switches                                            
     1.137593872            107,362      LLC-loads                                                     (45.17%)
     1.137593872             22,229      LLC-load-misses           #   20.70% of all LL-cache accesses  (45.27%)
     1.239987429        202,766,582      cycles                                                        (35.81%)
     1.239987429        199,093,471      instructions              #    0.98  insn per cycle           (37.70%)
     1.239987429         40,512,325      branches                                                      (37.70%)
     1.239987429          2,379,185      branch-misses             #    5.87% of all branches          (37.70%)
     1.239987429              1,547      cs                                                          
     1.239987429              1,547      context-switches                                            
     1.239987429            839,217      LLC-loads                                                     (39.13%)
     1.239987429            172,851      LLC-load-misses           #   20.60% of all LL-cache accesses  (42.79%)
     1.346784128        602,940,641      cycles                                                        (42.50%)
     1.346784128        567,012,817      instructions              #    0.94  insn per cycle           (41.58%)
     1.346784128        109,974,632      branches                                                      (38.23%)
     1.346784128          5,380,743      branch-misses             #    4.89% of all branches          (36.91%)
     1.346784128              1,982      cs                                                          
     1.346784128              1,982      context-switches                                            
     1.346784128          1,285,914      LLC-loads                                                     (36.91%)
     1.346784128            136,036      LLC-load-misses           #   10.58% of all LL-cache accesses  (36.91%)
     1.454839732        285,335,465      cycles                                                        (42.08%)
     1.454839732        216,678,103      instructions              #    0.76  insn per cycle           (46.93%)
     1.454839732         44,208,075      branches                                                      (49.73%)
     1.454839732            447,512      branch-misses             #    1.01% of all branches          (48.97%)
     1.454839732                607      cs                                                          
     1.454839732                607      context-switches                                            
     1.454839732          1,583,826      LLC-loads                                                     (45.51%)
     1.454839732          1,037,987      LLC-load-misses           #   65.54% of all LL-cache accesses  (42.34%)
