randwrite: (g=0): rw=randwrite, bs=(R) 128KiB-128KiB, (W) 128KiB-128KiB, (T) 128KiB-128KiB, ioengine=psync, iodepth=1
...
fio-3.16
Starting 32 processes

randwrite: (groupid=0, jobs=32): err= 0: pid=161220: Mon Oct 20 17:38:48 2025
  write: IOPS=17.7k, BW=2214MiB/s (2322MB/s)(4096MiB/1850msec); 0 zone resets
    clat (usec): min=29, max=1091.9k, avg=629.48, stdev=13166.18
     lat (usec): min=30, max=1091.9k, avg=630.84, stdev=13166.34
    clat percentiles (usec):
     |  1.00th=[     41],  5.00th=[     50], 10.00th=[     59],
     | 20.00th=[     73], 30.00th=[     84], 40.00th=[     91],
     | 50.00th=[     99], 60.00th=[    109], 70.00th=[    120],
     | 80.00th=[    141], 90.00th=[   1004], 95.00th=[   1811],
     | 99.00th=[   7963], 99.50th=[  12125], 99.90th=[  24511],
     | 99.95th=[  47449], 99.99th=[1027605]
   bw (  KiB/s): min=870509, max=870510, per=38.40%, avg=870510.00, stdev= 0.00, samples=5
   iops        : min= 6797, max= 6798, avg=6798.00, stdev= 0.00, samples=5
  lat (usec)   : 50=5.23%, 100=46.36%, 250=33.19%, 500=1.41%, 750=1.86%
  lat (usec)   : 1000=1.93%
  lat (msec)   : 2=5.86%, 4=2.03%, 10=1.42%, 20=0.59%, 50=0.09%
  lat (msec)   : 100=0.02%, 2000=0.02%
  cpu          : usr=0.08%, sys=22.75%, ctx=1457867, majf=0, minf=323
  IO depths    : 1=100.1%, 2=0.0%, 4=0.0%, 8=0.0%, 16=0.0%, 32=0.0%, >=64=0.0%
     submit    : 0=0.0%, 4=100.0%, 8=0.0%, 16=0.0%, 32=0.0%, 64=0.0%, >=64=0.0%
     complete  : 0=0.0%, 4=100.0%, 8=0.0%, 16=0.0%, 32=0.0%, 64=0.0%, >=64=0.0%
     issued rwts: total=0,32768,0,32 short=0,0,0,0 dropped=0,0,0,0
     latency   : target=0, window=0, percentile=100.00%, depth=1

Run status group 0 (all jobs):
  WRITE: bw=2214MiB/s (2322MB/s), 2214MiB/s-2214MiB/s (2322MB/s-2322MB/s), io=4096MiB (4295MB), run=1850-1850msec
