randwrite: (g=0): rw=randwrite, bs=(R) 4096B-4096B, (W) 4096B-4096B, (T) 4096B-4096B, ioengine=psync, iodepth=1
...
fio-3.16
Starting 32 processes

randwrite: (groupid=0, jobs=32): err= 0: pid=52624: Mon Oct 20 15:08:19 2025
  write: IOPS=167k, BW=653MiB/s (684MB/s)(4096MiB/6275msec); 0 zone resets
    clat (usec): min=3, max=19923, avg=147.39, stdev=343.00
     lat (usec): min=3, max=19923, avg=147.43, stdev=343.00
    clat percentiles (usec):
     |  1.00th=[    9],  5.00th=[   37], 10.00th=[   59], 20.00th=[   75],
     | 30.00th=[   83], 40.00th=[   91], 50.00th=[  104], 60.00th=[  114],
     | 70.00th=[  135], 80.00th=[  161], 90.00th=[  306], 95.00th=[  363],
     | 99.00th=[  506], 99.50th=[  570], 99.90th=[ 7177], 99.95th=[ 8029],
     | 99.99th=[12125]
   bw (  KiB/s): min=442175, max=1346851, per=100.00%, avg=830587.67, stdev=9471.56, samples=289
   iops        : min=110542, max=336708, avg=207644.22, stdev=2367.87, samples=289
  lat (usec)   : 4=0.01%, 10=1.53%, 20=1.11%, 50=5.37%, 100=38.45%
  lat (usec)   : 250=39.51%, 500=12.96%, 750=0.86%, 1000=0.04%
  lat (msec)   : 2=0.02%, 4=0.02%, 10=0.10%, 20=0.04%
  cpu          : usr=0.32%, sys=65.51%, ctx=66527060, majf=2, minf=359
  IO depths    : 1=100.0%, 2=0.0%, 4=0.0%, 8=0.0%, 16=0.0%, 32=0.0%, >=64=0.0%
     submit    : 0=0.0%, 4=100.0%, 8=0.0%, 16=0.0%, 32=0.0%, 64=0.0%, >=64=0.0%
     complete  : 0=0.0%, 4=100.0%, 8=0.0%, 16=0.0%, 32=0.0%, 64=0.0%, >=64=0.0%
     issued rwts: total=0,1048576,0,32 short=0,0,0,0 dropped=0,0,0,0
     latency   : target=0, window=0, percentile=100.00%, depth=1

Run status group 0 (all jobs):
  WRITE: bw=653MiB/s (684MB/s), 653MiB/s-653MiB/s (684MB/s-684MB/s), io=4096MiB (4295MB), run=6275-6275msec
