randwrite: (g=0): rw=randwrite, bs=(R) 4096B-4096B, (W) 4096B-4096B, (T) 4096B-4096B, ioengine=psync, iodepth=1
...
fio-3.16
Starting 16 processes

randwrite: (groupid=0, jobs=16): err= 0: pid=160683: Mon Oct 20 17:38:17 2025
  write: IOPS=439k, BW=1714MiB/s (1797MB/s)(2048MiB/1195msec); 0 zone resets
    clat (usec): min=3, max=12553, avg=11.57, stdev=113.76
     lat (usec): min=3, max=12553, avg=11.61, stdev=113.76
    clat percentiles (usec):
     |  1.00th=[    5],  5.00th=[    6], 10.00th=[    6], 20.00th=[    7],
     | 30.00th=[    7], 40.00th=[    7], 50.00th=[    8], 60.00th=[    8],
     | 70.00th=[    8], 80.00th=[    9], 90.00th=[   10], 95.00th=[   42],
     | 99.00th=[   80], 99.50th=[   90], 99.90th=[  121], 99.95th=[  130],
     | 99.99th=[ 7046]
  lat (usec)   : 4=0.06%, 10=91.34%, 20=2.75%, 50=1.72%, 100=3.85%
  lat (usec)   : 250=0.28%, 500=0.01%
  lat (msec)   : 4=0.01%, 10=0.01%, 20=0.01%
  cpu          : usr=1.11%, sys=33.32%, ctx=35041, majf=0, minf=164
  IO depths    : 1=100.0%, 2=0.0%, 4=0.0%, 8=0.0%, 16=0.0%, 32=0.0%, >=64=0.0%
     submit    : 0=0.0%, 4=100.0%, 8=0.0%, 16=0.0%, 32=0.0%, 64=0.0%, >=64=0.0%
     complete  : 0=0.0%, 4=100.0%, 8=0.0%, 16=0.0%, 32=0.0%, 64=0.0%, >=64=0.0%
     issued rwts: total=0,524288,0,16 short=0,0,0,0 dropped=0,0,0,0
     latency   : target=0, window=0, percentile=100.00%, depth=1

Run status group 0 (all jobs):
  WRITE: bw=1714MiB/s (1797MB/s), 1714MiB/s-1714MiB/s (1797MB/s-1797MB/s), io=2048MiB (2147MB), run=1195-1195msec
