randwrite: (g=0): rw=randwrite, bs=(R) 128KiB-128KiB, (W) 128KiB-128KiB, (T) 128KiB-128KiB, ioengine=psync, iodepth=1
...
fio-3.16
Starting 16 processes

randwrite: (groupid=0, jobs=16): err= 0: pid=712679: Mon Oct 20 07:08:02 2025
  write: IOPS=19.0k, BW=2498MiB/s (2619MB/s)(4096MiB/1640msec); 0 zone resets
    clat (usec): min=79, max=26820, avg=529.29, stdev=481.57
     lat (usec): min=80, max=26821, avg=530.99, stdev=481.91
    clat percentiles (usec):
     |  1.00th=[  159],  5.00th=[  233], 10.00th=[  306], 20.00th=[  379],
     | 30.00th=[  429], 40.00th=[  474], 50.00th=[  519], 60.00th=[  562],
     | 70.00th=[  603], 80.00th=[  644], 90.00th=[  725], 95.00th=[  799],
     | 99.00th=[  947], 99.50th=[ 1020], 99.90th=[ 3851], 99.95th=[11994],
     | 99.99th=[23987]
   bw (  MiB/s): min= 3749, max= 3829, per=100.00%, avg=3789.47, stdev= 4.59, samples=26
   iops        : min=29989, max=30638, avg=30313.50, stdev=36.82, samples=26
  lat (usec)   : 100=0.03%, 250=6.05%, 500=39.74%, 750=46.40%, 1000=7.18%
  lat (msec)   : 2=0.49%, 4=0.02%, 10=0.03%, 20=0.04%, 50=0.02%
  cpu          : usr=0.51%, sys=74.91%, ctx=17023, majf=0, minf=205
  IO depths    : 1=100.0%, 2=0.0%, 4=0.0%, 8=0.0%, 16=0.0%, 32=0.0%, >=64=0.0%
     submit    : 0=0.0%, 4=100.0%, 8=0.0%, 16=0.0%, 32=0.0%, 64=0.0%, >=64=0.0%
     complete  : 0=0.0%, 4=100.0%, 8=0.0%, 16=0.0%, 32=0.0%, 64=0.0%, >=64=0.0%
     issued rwts: total=0,32768,0,16 short=0,0,0,0 dropped=0,0,0,0
     latency   : target=0, window=0, percentile=100.00%, depth=1

Run status group 0 (all jobs):
  WRITE: bw=2498MiB/s (2619MB/s), 2498MiB/s-2498MiB/s (2619MB/s-2619MB/s), io=4096MiB (4295MB), run=1640-1640msec
