randread: (g=0): rw=randread, bs=(R) 4096B-4096B, (W) 4096B-4096B, (T) 4096B-4096B, ioengine=psync, iodepth=1
...
fio-3.16
Starting 8 processes

randread: (groupid=0, jobs=8): err= 0: pid=745964: Mon Oct 20 07:51:08 2025
  read: IOPS=183k, BW=715MiB/s (749MB/s)(2048MiB/2866msec)
    clat (nsec): min=373, max=549695, avg=42196.34, stdev=33661.66
     lat (nsec): min=401, max=549777, avg=42256.87, stdev=33665.67
    clat percentiles (nsec):
     |  1.00th=[  1208],  5.00th=[  1512], 10.00th=[  1688], 20.00th=[  1960],
     | 30.00th=[  2352], 40.00th=[ 22912], 50.00th=[ 61696], 60.00th=[ 64256],
     | 70.00th=[ 67072], 80.00th=[ 69120], 90.00th=[ 74240], 95.00th=[ 85504],
     | 99.00th=[108032], 99.50th=[117248], 99.90th=[142336], 99.95th=[158720],
     | 99.99th=[220160]
   bw (  KiB/s): min=502648, max=960976, per=93.02%, avg=680675.20, stdev=20602.25, samples=40
   iops        : min=125664, max=240244, avg=170168.80, stdev=5150.55, samples=40
  lat (nsec)   : 500=0.01%, 750=0.01%, 1000=0.13%
  lat (usec)   : 2=21.18%, 4=13.34%, 10=1.73%, 20=1.92%, 50=5.16%
  lat (usec)   : 100=54.45%, 250=2.07%, 500=0.01%, 750=0.01%
  cpu          : usr=2.16%, sys=16.82%, ctx=354530, majf=0, minf=78
  IO depths    : 1=100.0%, 2=0.0%, 4=0.0%, 8=0.0%, 16=0.0%, 32=0.0%, >=64=0.0%
     submit    : 0=0.0%, 4=100.0%, 8=0.0%, 16=0.0%, 32=0.0%, 64=0.0%, >=64=0.0%
     complete  : 0=0.0%, 4=100.0%, 8=0.0%, 16=0.0%, 32=0.0%, 64=0.0%, >=64=0.0%
     issued rwts: total=524288,0,0,0 short=0,0,0,0 dropped=0,0,0,0
     latency   : target=0, window=0, percentile=100.00%, depth=1

Run status group 0 (all jobs):
   READ: bw=715MiB/s (749MB/s), 715MiB/s-715MiB/s (749MB/s-749MB/s), io=2048MiB (2147MB), run=2866-2866msec
