randwrite: (g=0): rw=randwrite, bs=(R) 4096B-4096B, (W) 4096B-4096B, (T) 4096B-4096B, ioengine=psync, iodepth=1
...
fio-3.16
Starting 2 processes

randwrite: (groupid=0, jobs=2): err= 0: pid=160465: Mon Oct 20 17:38:04 2025
  write: IOPS=261k, BW=1020MiB/s (1069MB/s)(256MiB/251msec); 0 zone resets
    clat (nsec): min=2585, max=92276, avg=4329.50, stdev=658.64
     lat (nsec): min=2603, max=92690, avg=4349.68, stdev=659.93
    clat percentiles (nsec):
     |  1.00th=[ 3600],  5.00th=[ 3728], 10.00th=[ 3792], 20.00th=[ 3920],
     | 30.00th=[ 4048], 40.00th=[ 4128], 50.00th=[ 4256], 60.00th=[ 4384],
     | 70.00th=[ 4512], 80.00th=[ 4640], 90.00th=[ 4896], 95.00th=[ 5344],
     | 99.00th=[ 5856], 99.50th=[ 6048], 99.90th=[ 7200], 99.95th=[ 9280],
     | 99.99th=[28800]
  lat (usec)   : 4=27.11%, 10=72.85%, 20=0.02%, 50=0.01%, 100=0.01%
  cpu          : usr=5.38%, sys=56.94%, ctx=3, majf=0, minf=22
  IO depths    : 1=100.0%, 2=0.0%, 4=0.0%, 8=0.0%, 16=0.0%, 32=0.0%, >=64=0.0%
     submit    : 0=0.0%, 4=100.0%, 8=0.0%, 16=0.0%, 32=0.0%, 64=0.0%, >=64=0.0%
     complete  : 0=0.0%, 4=100.0%, 8=0.0%, 16=0.0%, 32=0.0%, 64=0.0%, >=64=0.0%
     issued rwts: total=0,65536,0,2 short=0,0,0,0 dropped=0,0,0,0
     latency   : target=0, window=0, percentile=100.00%, depth=1

Run status group 0 (all jobs):
  WRITE: bw=1020MiB/s (1069MB/s), 1020MiB/s-1020MiB/s (1069MB/s-1069MB/s), io=256MiB (268MB), run=251-251msec
