randwrite: (g=0): rw=randwrite, bs=(R) 4096B-4096B, (W) 4096B-4096B, (T) 4096B-4096B, ioengine=psync, iodepth=1
fio-3.16
Starting 1 process

randwrite: (groupid=0, jobs=1): err= 0: pid=712120: Mon Oct 20 07:07:08 2025
  write: IOPS=59.7k, BW=233MiB/s (245MB/s)(256MiB/1097msec); 0 zone resets
    clat (usec): min=10, max=280, avg=14.77, stdev= 2.15
     lat (usec): min=10, max=280, avg=14.81, stdev= 2.15
    clat percentiles (nsec):
     |  1.00th=[12096],  5.00th=[12608], 10.00th=[12864], 20.00th=[13248],
     | 30.00th=[13632], 40.00th=[14400], 50.00th=[14784], 60.00th=[15168],
     | 70.00th=[15424], 80.00th=[15680], 90.00th=[16512], 95.00th=[18048],
     | 99.00th=[19584], 99.50th=[20608], 99.90th=[22400], 99.95th=[23424],
     | 99.99th=[29824]
   bw (  KiB/s): min=260824, max=260824, per=100.00%, avg=260824.00, stdev= 0.00, samples=1
   iops        : min=65206, max=65206, avg=65206.00, stdev= 0.00, samples=1
  lat (usec)   : 20=99.25%, 50=0.75%, 100=0.01%, 500=0.01%
  cpu          : usr=2.46%, sys=87.86%, ctx=2, majf=0, minf=9
  IO depths    : 1=100.0%, 2=0.0%, 4=0.0%, 8=0.0%, 16=0.0%, 32=0.0%, >=64=0.0%
     submit    : 0=0.0%, 4=100.0%, 8=0.0%, 16=0.0%, 32=0.0%, 64=0.0%, >=64=0.0%
     complete  : 0=0.0%, 4=100.0%, 8=0.0%, 16=0.0%, 32=0.0%, 64=0.0%, >=64=0.0%
     issued rwts: total=0,65536,0,1 short=0,0,0,0 dropped=0,0,0,0
     latency   : target=0, window=0, percentile=100.00%, depth=1

Run status group 0 (all jobs):
  WRITE: bw=233MiB/s (245MB/s), 233MiB/s-233MiB/s (245MB/s-245MB/s), io=256MiB (268MB), run=1097-1097msec
