read: (g=0): rw=read, bs=(R) 128KiB-128KiB, (W) 128KiB-128KiB, (T) 128KiB-128KiB, ioengine=psync, iodepth=1
...
fio-3.16
Starting 16 processes

read: (groupid=0, jobs=16): err= 0: pid=710567: Mon Oct 20 07:04:28 2025
  read: IOPS=12.7k, BW=1586MiB/s (1663MB/s)(4096MiB/2582msec)
    clat (usec): min=11, max=18576, avg=1235.86, stdev=1286.69
     lat (usec): min=11, max=18576, avg=1236.97, stdev=1286.44
    clat percentiles (usec):
     |  1.00th=[   36],  5.00th=[   80], 10.00th=[  137], 20.00th=[  231],
     | 30.00th=[  367], 40.00th=[  529], 50.00th=[  742], 60.00th=[ 1090],
     | 70.00th=[ 1598], 80.00th=[ 2180], 90.00th=[ 3032], 95.00th=[ 3589],
     | 99.00th=[ 5473], 99.50th=[ 6718], 99.90th=[10028], 99.95th=[11863],
     | 99.99th=[13566]
   bw (  MiB/s): min= 1508, max= 1653, per=99.65%, avg=1580.87, stdev= 3.54, samples=80
   iops        : min=12064, max=13226, avg=12645.60, stdev=28.36, samples=80
  lat (usec)   : 20=0.12%, 50=2.33%, 100=4.22%, 250=14.93%, 500=16.46%
  lat (usec)   : 750=12.32%, 1000=7.67%
  lat (msec)   : 2=19.27%, 4=19.44%, 10=3.13%, 20=0.10%
  cpu          : usr=1.52%, sys=53.85%, ctx=15104, majf=0, minf=1021
  IO depths    : 1=100.0%, 2=0.0%, 4=0.0%, 8=0.0%, 16=0.0%, 32=0.0%, >=64=0.0%
     submit    : 0=0.0%, 4=100.0%, 8=0.0%, 16=0.0%, 32=0.0%, 64=0.0%, >=64=0.0%
     complete  : 0=0.0%, 4=100.0%, 8=0.0%, 16=0.0%, 32=0.0%, 64=0.0%, >=64=0.0%
     issued rwts: total=32768,0,0,0 short=0,0,0,0 dropped=0,0,0,0
     latency   : target=0, window=0, percentile=100.00%, depth=1

Run status group 0 (all jobs):
   READ: bw=1586MiB/s (1663MB/s), 1586MiB/s-1586MiB/s (1663MB/s-1663MB/s), io=4096MiB (4295MB), run=2582-2582msec
