read: (g=0): rw=read, bs=(R) 4096B-4096B, (W) 4096B-4096B, (T) 4096B-4096B, ioengine=psync, iodepth=1
...
fio-3.16
Starting 32 processes

read: (groupid=0, jobs=32): err= 0: pid=157950: Mon Oct 20 17:35:15 2025
  read: IOPS=354k, BW=1384MiB/s (1451MB/s)(4096MiB/2960msec)
    clat (nsec): min=183, max=30641k, avg=89757.67, stdev=1060380.90
     lat (nsec): min=196, max=30641k, avg=89773.92, stdev=1060380.79
    clat percentiles (nsec):
     |  1.00th=[     243],  5.00th=[     270], 10.00th=[     294],
     | 20.00th=[     310], 30.00th=[     322], 40.00th=[     342],
     | 50.00th=[     374], 60.00th=[     402], 70.00th=[     426],
     | 80.00th=[     482], 90.00th=[     652], 95.00th=[     884],
     | 99.00th=[   54016], 99.50th=[ 9633792], 99.90th=[16187392],
     | 99.95th=[17694720], 99.99th=[20840448]
   bw (  MiB/s): min= 1063, max= 1275, per=83.48%, avg=1155.25, stdev= 2.59, samples=160
   iops        : min=272262, max=326596, avg=295743.60, stdev=663.24, samples=160
  lat (nsec)   : 250=1.95%, 500=79.80%, 750=11.06%, 1000=3.21%
  lat (usec)   : 2=1.95%, 4=0.41%, 10=0.04%, 20=0.01%, 50=0.55%
  lat (usec)   : 100=0.13%, 250=0.01%, 500=0.01%, 750=0.01%, 1000=0.01%
  lat (msec)   : 2=0.02%, 4=0.10%, 10=0.27%, 20=0.47%, 50=0.01%
  cpu          : usr=0.23%, sys=1.55%, ctx=9655, majf=0, minf=373
  IO depths    : 1=100.0%, 2=0.0%, 4=0.0%, 8=0.0%, 16=0.0%, 32=0.0%, >=64=0.0%
     submit    : 0=0.0%, 4=100.0%, 8=0.0%, 16=0.0%, 32=0.0%, 64=0.0%, >=64=0.0%
     complete  : 0=0.0%, 4=100.0%, 8=0.0%, 16=0.0%, 32=0.0%, 64=0.0%, >=64=0.0%
     issued rwts: total=1048576,0,0,0 short=0,0,0,0 dropped=0,0,0,0
     latency   : target=0, window=0, percentile=100.00%, depth=1

Run status group 0 (all jobs):
   READ: bw=1384MiB/s (1451MB/s), 1384MiB/s-1384MiB/s (1451MB/s-1451MB/s), io=4096MiB (4295MB), run=2960-2960msec
