write: (g=0): rw=write, bs=(R) 128KiB-128KiB, (W) 128KiB-128KiB, (T) 128KiB-128KiB, ioengine=psync, iodepth=1
...
fio-3.16
Starting 4 processes

write: (groupid=0, jobs=4): err= 0: pid=746965: Mon Oct 20 07:52:45 2025
  write: IOPS=10.9k, BW=1362MiB/s (1428MB/s)(1024MiB/752msec); 0 zone resets
    clat (usec): min=163, max=1500, avg=190.93, stdev=21.72
     lat (usec): min=164, max=1502, avg=191.71, stdev=21.73
    clat percentiles (usec):
     |  1.00th=[  174],  5.00th=[  178], 10.00th=[  182], 20.00th=[  184],
     | 30.00th=[  188], 40.00th=[  190], 50.00th=[  192], 60.00th=[  194],
     | 70.00th=[  194], 80.00th=[  198], 90.00th=[  200], 95.00th=[  202],
     | 99.00th=[  208], 99.50th=[  210], 99.90th=[  217], 99.95th=[  241],
     | 99.99th=[ 1500]
  lat (usec)   : 250=99.95%, 500=0.02%
  lat (msec)   : 2=0.02%
  cpu          : usr=0.20%, sys=52.86%, ctx=10, majf=0, minf=43
  IO depths    : 1=100.0%, 2=0.0%, 4=0.0%, 8=0.0%, 16=0.0%, 32=0.0%, >=64=0.0%
     submit    : 0=0.0%, 4=100.0%, 8=0.0%, 16=0.0%, 32=0.0%, 64=0.0%, >=64=0.0%
     complete  : 0=0.0%, 4=100.0%, 8=0.0%, 16=0.0%, 32=0.0%, 64=0.0%, >=64=0.0%
     issued rwts: total=0,8192,0,4 short=0,0,0,0 dropped=0,0,0,0
     latency   : target=0, window=0, percentile=100.00%, depth=1

Run status group 0 (all jobs):
  WRITE: bw=1362MiB/s (1428MB/s), 1362MiB/s-1362MiB/s (1428MB/s-1428MB/s), io=1024MiB (1074MB), run=752-752msec
