write: (g=0): rw=write, bs=(R) 4096B-4096B, (W) 4096B-4096B, (T) 4096B-4096B, ioengine=psync, iodepth=1
fio-3.16
Starting 1 process

write: (groupid=0, jobs=1): err= 0: pid=51439: Mon Oct 20 15:06:47 2025
  write: IOPS=122k, BW=478MiB/s (501MB/s)(128MiB/268msec); 0 zone resets
    clat (usec): min=3, max=8202, avg= 5.82, stdev=64.88
     lat (usec): min=3, max=8202, avg= 5.84, stdev=64.88
    clat percentiles (nsec):
     |  1.00th=[ 3920],  5.00th=[ 4128], 10.00th=[ 4320], 20.00th=[ 4832],
     | 30.00th=[ 5024], 40.00th=[ 5152], 50.00th=[ 5280], 60.00th=[ 5344],
     | 70.00th=[ 5472], 80.00th=[ 5600], 90.00th=[ 5856], 95.00th=[ 6112],
     | 99.00th=[ 6624], 99.50th=[ 7072], 99.90th=[27008], 99.95th=[31104],
     | 99.99th=[43264]
  lat (usec)   : 4=1.68%, 10=98.15%, 20=0.05%, 50=0.10%
  lat (msec)   : 4=0.01%, 10=0.01%
  cpu          : usr=5.62%, sys=43.07%, ctx=32772, majf=0, minf=10
  IO depths    : 1=100.0%, 2=0.0%, 4=0.0%, 8=0.0%, 16=0.0%, 32=0.0%, >=64=0.0%
     submit    : 0=0.0%, 4=100.0%, 8=0.0%, 16=0.0%, 32=0.0%, 64=0.0%, >=64=0.0%
     complete  : 0=0.0%, 4=100.0%, 8=0.0%, 16=0.0%, 32=0.0%, 64=0.0%, >=64=0.0%
     issued rwts: total=0,32768,0,1 short=0,0,0,0 dropped=0,0,0,0
     latency   : target=0, window=0, percentile=100.00%, depth=1

Run status group 0 (all jobs):
  WRITE: bw=478MiB/s (501MB/s), 478MiB/s-478MiB/s (501MB/s-501MB/s), io=128MiB (134MB), run=268-268msec
