write: (g=0): rw=write, bs=(R) 4096B-4096B, (W) 4096B-4096B, (T) 4096B-4096B, ioengine=psync, iodepth=1
...
fio-3.16
Starting 32 processes

write: (groupid=0, jobs=32): err= 0: pid=711689: Mon Oct 20 07:06:28 2025
  write: IOPS=504k, BW=1968MiB/s (2063MB/s)(8192MiB/4163msec); 0 zone resets
    clat (usec): min=10, max=44310, avg=50.72, stdev=206.81
     lat (usec): min=10, max=44310, avg=50.91, stdev=206.83
    clat percentiles (usec):
     |  1.00th=[   16],  5.00th=[   23], 10.00th=[   26], 20.00th=[   31],
     | 30.00th=[   35], 40.00th=[   39], 50.00th=[   43], 60.00th=[   48],
     | 70.00th=[   53], 80.00th=[   62], 90.00th=[   81], 95.00th=[   97],
     | 99.00th=[  135], 99.50th=[  149], 99.90th=[  194], 99.95th=[  241],
     | 99.99th=[ 6915]
   bw (  MiB/s): min= 1828, max= 3052, per=100.00%, avg=2342.89, stdev=14.44, samples=201
   iops        : min=468005, max=781420, avg=599777.11, stdev=3697.31, samples=201
  lat (usec)   : 20=3.41%, 50=61.88%, 100=30.29%, 250=4.37%, 500=0.01%
  lat (usec)   : 750=0.01%, 1000=0.01%
  lat (msec)   : 2=0.01%, 4=0.02%, 10=0.01%, 20=0.01%, 50=0.01%
  cpu          : usr=2.13%, sys=57.17%, ctx=1430536, majf=0, minf=471
  IO depths    : 1=100.0%, 2=0.0%, 4=0.0%, 8=0.0%, 16=0.0%, 32=0.0%, >=64=0.0%
     submit    : 0=0.0%, 4=100.0%, 8=0.0%, 16=0.0%, 32=0.0%, 64=0.0%, >=64=0.0%
     complete  : 0=0.0%, 4=100.0%, 8=0.0%, 16=0.0%, 32=0.0%, 64=0.0%, >=64=0.0%
     issued rwts: total=0,2097152,0,32 short=0,0,0,0 dropped=0,0,0,0
     latency   : target=0, window=0, percentile=100.00%, depth=1

Run status group 0 (all jobs):
  WRITE: bw=1968MiB/s (2063MB/s), 1968MiB/s-1968MiB/s (2063MB/s-2063MB/s), io=8192MiB (8590MB), run=4163-4163msec
