read: (g=0): rw=read, bs=(R) 4096B-4096B, (W) 4096B-4096B, (T) 4096B-4096B, ioengine=psync, iodepth=1
...
fio-3.16
Starting 4 processes

read: (groupid=0, jobs=4): err= 0: pid=324513: Mon Oct 13 19:39:04 2025
  read: IOPS=936k, BW=3657MiB/s (3835MB/s)(512MiB/140msec)
    clat (nsec): min=179, max=502522, avg=4102.60, stdev=30828.98
     lat (nsec): min=191, max=502534, avg=4117.21, stdev=30828.96
    clat percentiles (nsec):
     |  1.00th=[   197],  5.00th=[   278], 10.00th=[   294], 20.00th=[   302],
     | 30.00th=[   310], 40.00th=[   314], 50.00th=[   318], 60.00th=[   326],
     | 70.00th=[   338], 80.00th=[   354], 90.00th=[   406], 95.00th=[   532],
     | 99.00th=[211968], 99.50th=[276480], 99.90th=[354304], 99.95th=[374784],
     | 99.99th=[415744]
  lat (nsec)   : 250=3.46%, 500=90.95%, 750=2.87%, 1000=0.41%
  lat (usec)   : 2=0.10%, 4=0.14%, 10=0.15%, 20=0.01%, 50=0.40%
  lat (usec)   : 100=0.08%, 250=0.73%, 500=0.71%, 750=0.01%
  cpu          : usr=2.55%, sys=19.85%, ctx=2902, majf=0, minf=48
  IO depths    : 1=100.0%, 2=0.0%, 4=0.0%, 8=0.0%, 16=0.0%, 32=0.0%, >=64=0.0%
     submit    : 0=0.0%, 4=100.0%, 8=0.0%, 16=0.0%, 32=0.0%, 64=0.0%, >=64=0.0%
     complete  : 0=0.0%, 4=100.0%, 8=0.0%, 16=0.0%, 32=0.0%, 64=0.0%, >=64=0.0%
     issued rwts: total=131072,0,0,0 short=0,0,0,0 dropped=0,0,0,0
     latency   : target=0, window=0, percentile=100.00%, depth=1

Run status group 0 (all jobs):
   READ: bw=3657MiB/s (3835MB/s), 3657MiB/s-3657MiB/s (3835MB/s-3835MB/s), io=512MiB (537MB), run=140-140msec
