randread: (g=0): rw=randread, bs=(R) 4096B-4096B, (W) 4096B-4096B, (T) 4096B-4096B, ioengine=psync, iodepth=1
...
fio-3.16
Starting 3 processes

randread: (groupid=0, jobs=3): err= 0: pid=160688: Mon Oct 13 14:05:42 2025
  read: IOPS=17.7k, BW=69.1MiB/s (72.4MB/s)(384MiB/5559msec)
    clat (nsec): min=203, max=4790.3k, avg=168738.14, stdev=249405.10
     lat (nsec): min=218, max=4790.3k, avg=168766.71, stdev=249406.29
    clat percentiles (nsec):
     |  1.00th=[    780],  5.00th=[    980], 10.00th=[   1144],
     | 20.00th=[   1432], 30.00th=[   1896], 40.00th=[  11456],
     | 50.00th=[  83456], 60.00th=[ 203776], 70.00th=[ 248832],
     | 80.00th=[ 321536], 90.00th=[ 403456], 95.00th=[ 473088],
     | 99.00th=[ 765952], 99.50th=[ 913408], 99.90th=[3850240],
     | 99.95th=[3915776], 99.99th=[4292608]
   bw (  KiB/s): min=46792, max=141304, per=99.16%, avg=70141.73, stdev=9045.75, samples=33
   iops        : min=11698, max=35326, avg=17535.36, stdev=2261.45, samples=33
  lat (nsec)   : 250=0.01%, 500=0.02%, 750=0.69%, 1000=4.75%
  lat (usec)   : 2=25.70%, 4=4.77%, 10=2.62%, 20=4.13%, 50=1.66%
  lat (usec)   : 100=6.15%, 250=19.72%, 500=25.77%, 750=2.93%, 1000=0.68%
  lat (msec)   : 2=0.17%, 4=0.21%, 10=0.03%
  cpu          : usr=0.49%, sys=1.96%, ctx=62123, majf=0, minf=32
  IO depths    : 1=100.0%, 2=0.0%, 4=0.0%, 8=0.0%, 16=0.0%, 32=0.0%, >=64=0.0%
     submit    : 0=0.0%, 4=100.0%, 8=0.0%, 16=0.0%, 32=0.0%, 64=0.0%, >=64=0.0%
     complete  : 0=0.0%, 4=100.0%, 8=0.0%, 16=0.0%, 32=0.0%, 64=0.0%, >=64=0.0%
     issued rwts: total=98304,0,0,0 short=0,0,0,0 dropped=0,0,0,0
     latency   : target=0, window=0, percentile=100.00%, depth=1

Run status group 0 (all jobs):
   READ: bw=69.1MiB/s (72.4MB/s), 69.1MiB/s-69.1MiB/s (72.4MB/s-72.4MB/s), io=384MiB (403MB), run=5559-5559msec
