write: (g=0): rw=write, bs=(R) 4096B-4096B, (W) 4096B-4096B, (T) 4096B-4096B, ioengine=psync, iodepth=1
...
fio-3.16
Starting 3 processes

write: (groupid=0, jobs=3): err= 0: pid=159503: Mon Oct 13 14:04:16 2025
  write: IOPS=144k, BW=562MiB/s (590MB/s)(384MiB/683msec); 0 zone resets
    clat (usec): min=4, max=1204, avg=11.59, stdev=10.09
     lat (usec): min=4, max=1204, avg=11.63, stdev=10.09
    clat percentiles (usec):
     |  1.00th=[    6],  5.00th=[    7], 10.00th=[    7], 20.00th=[    8],
     | 30.00th=[    9], 40.00th=[    9], 50.00th=[   10], 60.00th=[   10],
     | 70.00th=[   11], 80.00th=[   12], 90.00th=[   26], 95.00th=[   32],
     | 99.00th=[   39], 99.50th=[   41], 99.90th=[   47], 99.95th=[   50],
     | 99.99th=[  174]
  lat (usec)   : 10=60.36%, 20=28.75%, 50=10.85%, 100=0.03%, 250=0.01%
  lat (usec)   : 500=0.01%
  lat (msec)   : 2=0.01%
  cpu          : usr=4.11%, sys=16.14%, ctx=98325, majf=0, minf=31
  IO depths    : 1=100.0%, 2=0.0%, 4=0.0%, 8=0.0%, 16=0.0%, 32=0.0%, >=64=0.0%
     submit    : 0=0.0%, 4=100.0%, 8=0.0%, 16=0.0%, 32=0.0%, 64=0.0%, >=64=0.0%
     complete  : 0=0.0%, 4=100.0%, 8=0.0%, 16=0.0%, 32=0.0%, 64=0.0%, >=64=0.0%
     issued rwts: total=0,98304,0,3 short=0,0,0,0 dropped=0,0,0,0
     latency   : target=0, window=0, percentile=100.00%, depth=1

Run status group 0 (all jobs):
  WRITE: bw=562MiB/s (590MB/s), 562MiB/s-562MiB/s (590MB/s-590MB/s), io=384MiB (403MB), run=683-683msec
