randread: (g=0): rw=randread, bs=(R) 4096B-4096B, (W) 4096B-4096B, (T) 4096B-4096B, ioengine=psync, iodepth=1
...
fio-3.16
Starting 4 processes

randread: (groupid=0, jobs=4): err= 0: pid=160831: Mon Oct 13 14:05:59 2025
  read: IOPS=23.5k, BW=91.8MiB/s (96.2MB/s)(512MiB/5580msec)
    clat (nsec): min=211, max=4507.6k, avg=169449.49, stdev=250350.49
     lat (nsec): min=223, max=4507.6k, avg=169479.85, stdev=250352.16
    clat percentiles (nsec):
     |  1.00th=[    764],  5.00th=[    964], 10.00th=[   1112],
     | 20.00th=[   1384], 30.00th=[   1816], 40.00th=[  11200],
     | 50.00th=[  76288], 60.00th=[ 199680], 70.00th=[ 248832],
     | 80.00th=[ 317440], 90.00th=[ 407552], 95.00th=[ 489472],
     | 99.00th=[ 806912], 99.50th=[ 987136], 99.90th=[3784704],
     | 99.95th=[3883008], 99.99th=[4112384]
   bw (  KiB/s): min=64280, max=177691, per=98.63%, avg=92667.82, stdev=8331.35, samples=44
   iops        : min=16070, max=44421, avg=23166.64, stdev=2082.75, samples=44
  lat (nsec)   : 250=0.01%, 500=0.02%, 750=0.81%, 1000=5.21%
  lat (usec)   : 2=26.17%, 4=3.89%, 10=2.81%, 20=3.92%, 50=1.83%
  lat (usec)   : 100=6.09%, 250=19.60%, 500=25.05%, 750=3.30%, 1000=0.81%
  lat (msec)   : 2=0.25%, 4=0.21%, 10=0.02%
  cpu          : usr=0.45%, sys=1.90%, ctx=82834, majf=1, minf=42
  IO depths    : 1=100.0%, 2=0.0%, 4=0.0%, 8=0.0%, 16=0.0%, 32=0.0%, >=64=0.0%
     submit    : 0=0.0%, 4=100.0%, 8=0.0%, 16=0.0%, 32=0.0%, 64=0.0%, >=64=0.0%
     complete  : 0=0.0%, 4=100.0%, 8=0.0%, 16=0.0%, 32=0.0%, 64=0.0%, >=64=0.0%
     issued rwts: total=131072,0,0,0 short=0,0,0,0 dropped=0,0,0,0
     latency   : target=0, window=0, percentile=100.00%, depth=1

Run status group 0 (all jobs):
   READ: bw=91.8MiB/s (96.2MB/s), 91.8MiB/s-91.8MiB/s (96.2MB/s-96.2MB/s), io=512MiB (537MB), run=5580-5580msec
