write: (g=0): rw=write, bs=(R) 4096B-4096B, (W) 4096B-4096B, (T) 4096B-4096B, ioengine=psync, iodepth=1
...
fio-3.16
Starting 2 processes

write: (groupid=0, jobs=2): err= 0: pid=325369: Mon Oct 13 19:39:45 2025
  write: IOPS=169k, BW=661MiB/s (694MB/s)(256MiB/387msec); 0 zone resets
    clat (usec): min=4, max=213, avg= 8.01, stdev= 3.59
     lat (usec): min=4, max=213, avg= 8.03, stdev= 3.59
    clat percentiles (usec):
     |  1.00th=[    6],  5.00th=[    6], 10.00th=[    6], 20.00th=[    7],
     | 30.00th=[    7], 40.00th=[    8], 50.00th=[    8], 60.00th=[    9],
     | 70.00th=[    9], 80.00th=[   10], 90.00th=[   11], 95.00th=[   12],
     | 99.00th=[   14], 99.50th=[   16], 99.90th=[   58], 99.95th=[   66],
     | 99.99th=[  133]
  lat (usec)   : 10=89.03%, 20=10.72%, 50=0.05%, 100=0.17%, 250=0.03%
  cpu          : usr=2.72%, sys=22.57%, ctx=68777, majf=0, minf=19
  IO depths    : 1=100.0%, 2=0.0%, 4=0.0%, 8=0.0%, 16=0.0%, 32=0.0%, >=64=0.0%
     submit    : 0=0.0%, 4=100.0%, 8=0.0%, 16=0.0%, 32=0.0%, 64=0.0%, >=64=0.0%
     complete  : 0=0.0%, 4=100.0%, 8=0.0%, 16=0.0%, 32=0.0%, 64=0.0%, >=64=0.0%
     issued rwts: total=0,65536,0,2 short=0,0,0,0 dropped=0,0,0,0
     latency   : target=0, window=0, percentile=100.00%, depth=1

Run status group 0 (all jobs):
  WRITE: bw=661MiB/s (694MB/s), 661MiB/s-661MiB/s (694MB/s-694MB/s), io=256MiB (268MB), run=387-387msec
