randread: (g=0): rw=randread, bs=(R) 128KiB-128KiB, (W) 128KiB-128KiB, (T) 128KiB-128KiB, ioengine=psync, iodepth=1
fio-3.16
Starting 1 process

randread: (groupid=0, jobs=1): err= 0: pid=161051: Mon Oct 13 14:06:10 2025
  read: IOPS=4266, BW=533MiB/s (559MB/s)(128MiB/240msec)
    clat (usec): min=6, max=4136, avg=233.29, stdev=307.67
     lat (usec): min=6, max=4137, avg=233.33, stdev=307.67
    clat percentiles (usec):
     |  1.00th=[   16],  5.00th=[   18], 10.00th=[   19], 20.00th=[   21],
     | 30.00th=[   22], 40.00th=[  178], 50.00th=[  190], 60.00th=[  196],
     | 70.00th=[  204], 80.00th=[  502], 90.00th=[  603], 95.00th=[  668],
     | 99.00th=[  865], 99.50th=[  955], 99.90th=[ 3949], 99.95th=[ 4146],
     | 99.99th=[ 4146]
  lat (usec)   : 10=0.49%, 20=16.99%, 50=20.12%, 250=39.45%, 500=2.93%
  lat (usec)   : 750=17.09%, 1000=2.44%
  lat (msec)   : 2=0.20%, 4=0.20%, 10=0.10%
  cpu          : usr=1.67%, sys=10.46%, ctx=640, majf=0, minf=39
  IO depths    : 1=100.0%, 2=0.0%, 4=0.0%, 8=0.0%, 16=0.0%, 32=0.0%, >=64=0.0%
     submit    : 0=0.0%, 4=100.0%, 8=0.0%, 16=0.0%, 32=0.0%, 64=0.0%, >=64=0.0%
     complete  : 0=0.0%, 4=100.0%, 8=0.0%, 16=0.0%, 32=0.0%, 64=0.0%, >=64=0.0%
     issued rwts: total=1024,0,0,0 short=0,0,0,0 dropped=0,0,0,0
     latency   : target=0, window=0, percentile=100.00%, depth=1

Run status group 0 (all jobs):
   READ: bw=533MiB/s (559MB/s), 533MiB/s-533MiB/s (559MB/s-559MB/s), io=128MiB (134MB), run=240-240msec
