write: (g=0): rw=write, bs=(R) 128KiB-128KiB, (W) 128KiB-128KiB, (T) 128KiB-128KiB, ioengine=psync, iodepth=1
fio-3.16
Starting 1 process

write: (groupid=0, jobs=1): err= 0: pid=159717: Mon Oct 13 14:04:30 2025
  write: IOPS=2782, BW=348MiB/s (365MB/s)(128MiB/368msec); 0 zone resets
    clat (usec): min=68, max=133, avg=92.20, stdev=10.99
     lat (usec): min=69, max=133, avg=92.82, stdev=11.02
    clat percentiles (usec):
     |  1.00th=[   72],  5.00th=[   76], 10.00th=[   78], 20.00th=[   82],
     | 30.00th=[   86], 40.00th=[   89], 50.00th=[   93], 60.00th=[   96],
     | 70.00th=[   99], 80.00th=[  102], 90.00th=[  106], 95.00th=[  110],
     | 99.00th=[  121], 99.50th=[  124], 99.90th=[  127], 99.95th=[  135],
     | 99.99th=[  135]
  lat (usec)   : 100=75.59%, 250=24.41%
  cpu          : usr=0.00%, sys=8.72%, ctx=1027, majf=0, minf=10
  IO depths    : 1=100.1%, 2=0.0%, 4=0.0%, 8=0.0%, 16=0.0%, 32=0.0%, >=64=0.0%
     submit    : 0=0.0%, 4=100.0%, 8=0.0%, 16=0.0%, 32=0.0%, 64=0.0%, >=64=0.0%
     complete  : 0=0.0%, 4=100.0%, 8=0.0%, 16=0.0%, 32=0.0%, 64=0.0%, >=64=0.0%
     issued rwts: total=0,1024,0,1 short=0,0,0,0 dropped=0,0,0,0
     latency   : target=0, window=0, percentile=100.00%, depth=1

Run status group 0 (all jobs):
  WRITE: bw=348MiB/s (365MB/s), 348MiB/s-348MiB/s (365MB/s-365MB/s), io=128MiB (134MB), run=368-368msec
