read: (g=0): rw=read, bs=(R) 4096B-4096B, (W) 4096B-4096B, (T) 4096B-4096B, ioengine=psync, iodepth=1
...
fio-3.16
Starting 3 processes

read: (groupid=0, jobs=3): err= 0: pid=158481: Mon Oct 13 14:03:23 2025
  read: IOPS=352k, BW=1376MiB/s (1443MB/s)(384MiB/279msec)
    clat (nsec): min=182, max=26990k, avg=8121.96, stdev=115043.20
     lat (nsec): min=193, max=26990k, avg=8140.49, stdev=115043.07
    clat percentiles (nsec):
     |  1.00th=[    193],  5.00th=[    239], 10.00th=[    294],
     | 20.00th=[    314], 30.00th=[    330], 40.00th=[    342],
     | 50.00th=[    354], 60.00th=[    374], 70.00th=[    418],
     | 80.00th=[    502], 90.00th=[    716], 95.00th=[    988],
     | 99.00th=[ 337920], 99.50th=[ 585728], 99.90th=[ 913408],
     | 99.95th=[1089536], 99.99th=[2506752]
  lat (nsec)   : 250=5.26%, 500=74.44%, 750=11.11%, 1000=4.28%
  lat (usec)   : 2=3.21%, 4=0.11%, 10=0.02%, 20=0.01%, 50=0.07%
  lat (usec)   : 100=0.18%, 250=0.20%, 500=0.47%, 750=0.41%, 1000=0.18%
  lat (msec)   : 2=0.06%, 4=0.01%, 10=0.01%, 50=0.01%
  cpu          : usr=3.95%, sys=12.08%, ctx=1421, majf=0, minf=35
  IO depths    : 1=100.0%, 2=0.0%, 4=0.0%, 8=0.0%, 16=0.0%, 32=0.0%, >=64=0.0%
     submit    : 0=0.0%, 4=100.0%, 8=0.0%, 16=0.0%, 32=0.0%, 64=0.0%, >=64=0.0%
     complete  : 0=0.0%, 4=100.0%, 8=0.0%, 16=0.0%, 32=0.0%, 64=0.0%, >=64=0.0%
     issued rwts: total=98304,0,0,0 short=0,0,0,0 dropped=0,0,0,0
     latency   : target=0, window=0, percentile=100.00%, depth=1

Run status group 0 (all jobs):
   READ: bw=1376MiB/s (1443MB/s), 1376MiB/s-1376MiB/s (1443MB/s-1443MB/s), io=384MiB (403MB), run=279-279msec
