randread: (g=0): rw=randread, bs=(R) 128KiB-128KiB, (W) 128KiB-128KiB, (T) 128KiB-128KiB, ioengine=psync, iodepth=1
...
fio-3.16
Starting 3 processes

randread: (groupid=0, jobs=3): err= 0: pid=161381: Mon Oct 13 14:06:26 2025
  read: IOPS=7228, BW=904MiB/s (947MB/s)(384MiB/425msec)
    clat (usec): min=2, max=4344, avg=401.57, stdev=400.78
     lat (usec): min=2, max=4344, avg=401.60, stdev=400.78
    clat percentiles (usec):
     |  1.00th=[   19],  5.00th=[   22], 10.00th=[   23], 20.00th=[   26],
     | 30.00th=[   29], 40.00th=[  424], 50.00th=[  502], 60.00th=[  545],
     | 70.00th=[  586], 80.00th=[  627], 90.00th=[  709], 95.00th=[  783],
     | 99.00th=[  979], 99.50th=[ 3851], 99.90th=[ 4228], 99.95th=[ 4293],
     | 99.99th=[ 4359]
  lat (usec)   : 4=0.10%, 10=0.13%, 20=2.51%, 50=34.08%, 100=0.07%
  lat (usec)   : 250=0.23%, 500=12.60%, 750=43.39%, 1000=6.02%
  lat (msec)   : 2=0.29%, 4=0.26%, 10=0.33%
  cpu          : usr=0.00%, sys=8.03%, ctx=1946, majf=0, minf=122
  IO depths    : 1=100.0%, 2=0.0%, 4=0.0%, 8=0.0%, 16=0.0%, 32=0.0%, >=64=0.0%
     submit    : 0=0.0%, 4=100.0%, 8=0.0%, 16=0.0%, 32=0.0%, 64=0.0%, >=64=0.0%
     complete  : 0=0.0%, 4=100.0%, 8=0.0%, 16=0.0%, 32=0.0%, 64=0.0%, >=64=0.0%
     issued rwts: total=3072,0,0,0 short=0,0,0,0 dropped=0,0,0,0
     latency   : target=0, window=0, percentile=100.00%, depth=1

Run status group 0 (all jobs):
   READ: bw=904MiB/s (947MB/s), 904MiB/s-904MiB/s (947MB/s-947MB/s), io=384MiB (403MB), run=425-425msec
