randread: (g=0): rw=randread, bs=(R) 128KiB-128KiB, (W) 128KiB-128KiB, (T) 128KiB-128KiB, ioengine=psync, iodepth=1
...
fio-3.16
Starting 4 processes

randread: (groupid=0, jobs=4): err= 0: pid=161452: Mon Oct 13 14:06:33 2025
  read: IOPS=8770, BW=1096MiB/s (1150MB/s)(512MiB/467msec)
    clat (usec): min=2, max=4382, avg=448.90, stdev=437.27
     lat (usec): min=2, max=4382, avg=448.95, stdev=437.27
    clat percentiles (usec):
     |  1.00th=[   19],  5.00th=[   22], 10.00th=[   24], 20.00th=[   27],
     | 30.00th=[   31], 40.00th=[  494], 50.00th=[  562], 60.00th=[  603],
     | 70.00th=[  644], 80.00th=[  693], 90.00th=[  775], 95.00th=[  865],
     | 99.00th=[ 1172], 99.50th=[ 3982], 99.90th=[ 4293], 99.95th=[ 4293],
     | 99.99th=[ 4359]
  lat (usec)   : 4=0.02%, 10=0.17%, 20=2.37%, 50=34.13%, 100=0.05%
  lat (usec)   : 250=0.02%, 500=3.74%, 750=46.80%, 1000=10.77%
  lat (msec)   : 2=1.17%, 4=0.27%, 10=0.49%
  cpu          : usr=0.00%, sys=7.99%, ctx=2603, majf=0, minf=166
  IO depths    : 1=100.0%, 2=0.0%, 4=0.0%, 8=0.0%, 16=0.0%, 32=0.0%, >=64=0.0%
     submit    : 0=0.0%, 4=100.0%, 8=0.0%, 16=0.0%, 32=0.0%, 64=0.0%, >=64=0.0%
     complete  : 0=0.0%, 4=100.0%, 8=0.0%, 16=0.0%, 32=0.0%, 64=0.0%, >=64=0.0%
     issued rwts: total=4096,0,0,0 short=0,0,0,0 dropped=0,0,0,0
     latency   : target=0, window=0, percentile=100.00%, depth=1

Run status group 0 (all jobs):
   READ: bw=1096MiB/s (1150MB/s), 1096MiB/s-1096MiB/s (1150MB/s-1150MB/s), io=512MiB (537MB), run=467-467msec
