write: (g=0): rw=write, bs=(R) 4096B-4096B, (W) 4096B-4096B, (T) 4096B-4096B, ioengine=psync, iodepth=1
...
fio-3.16
Starting 3 processes

write: (groupid=0, jobs=3): err= 0: pid=325546: Mon Oct 13 19:39:55 2025
  write: IOPS=217k, BW=848MiB/s (889MB/s)(384MiB/453msec); 0 zone resets
    clat (usec): min=4, max=1458, avg= 8.47, stdev= 4.92
     lat (usec): min=4, max=1458, avg= 8.50, stdev= 4.92
    clat percentiles (nsec):
     |  1.00th=[ 5472],  5.00th=[ 5984], 10.00th=[ 6368], 20.00th=[ 6944],
     | 30.00th=[ 7456], 40.00th=[ 7904], 50.00th=[ 8384], 60.00th=[ 8768],
     | 70.00th=[ 9280], 80.00th=[ 9792], 90.00th=[10560], 95.00th=[11328],
     | 99.00th=[13120], 99.50th=[13888], 99.90th=[16064], 99.95th=[17024],
     | 99.99th=[19584]
  lat (usec)   : 10=82.34%, 20=17.66%, 50=0.01%
  lat (msec)   : 2=0.01%
  cpu          : usr=5.38%, sys=21.68%, ctx=98316, majf=0, minf=30
  IO depths    : 1=100.0%, 2=0.0%, 4=0.0%, 8=0.0%, 16=0.0%, 32=0.0%, >=64=0.0%
     submit    : 0=0.0%, 4=100.0%, 8=0.0%, 16=0.0%, 32=0.0%, 64=0.0%, >=64=0.0%
     complete  : 0=0.0%, 4=100.0%, 8=0.0%, 16=0.0%, 32=0.0%, 64=0.0%, >=64=0.0%
     issued rwts: total=0,98304,0,3 short=0,0,0,0 dropped=0,0,0,0
     latency   : target=0, window=0, percentile=100.00%, depth=1

Run status group 0 (all jobs):
  WRITE: bw=848MiB/s (889MB/s), 848MiB/s-848MiB/s (889MB/s-889MB/s), io=384MiB (403MB), run=453-453msec
