write: (g=0): rw=write, bs=(R) 128KiB-128KiB, (W) 128KiB-128KiB, (T) 128KiB-128KiB, ioengine=psync, iodepth=1
...
fio-3.16
Starting 4 processes

write: (groupid=0, jobs=4): err= 0: pid=160172: Mon Oct 13 14:04:55 2025
  write: IOPS=9287, BW=1161MiB/s (1217MB/s)(512MiB/441msec); 0 zone resets
    clat (usec): min=63, max=597, avg=106.61, stdev=19.30
     lat (usec): min=63, max=599, avg=107.18, stdev=19.37
    clat percentiles (usec):
     |  1.00th=[   74],  5.00th=[   81], 10.00th=[   86], 20.00th=[   93],
     | 30.00th=[  100], 40.00th=[  104], 50.00th=[  109], 60.00th=[  112],
     | 70.00th=[  115], 80.00th=[  118], 90.00th=[  124], 95.00th=[  131],
     | 99.00th=[  149], 99.50th=[  155], 99.90th=[  231], 99.95th=[  412],
     | 99.99th=[  594]
  lat (usec)   : 100=30.86%, 250=69.04%, 500=0.07%, 750=0.02%
  cpu          : usr=0.74%, sys=6.82%, ctx=4150, majf=1, minf=38
  IO depths    : 1=100.1%, 2=0.0%, 4=0.0%, 8=0.0%, 16=0.0%, 32=0.0%, >=64=0.0%
     submit    : 0=0.0%, 4=100.0%, 8=0.0%, 16=0.0%, 32=0.0%, 64=0.0%, >=64=0.0%
     complete  : 0=0.0%, 4=100.0%, 8=0.0%, 16=0.0%, 32=0.0%, 64=0.0%, >=64=0.0%
     issued rwts: total=0,4096,0,4 short=0,0,0,0 dropped=0,0,0,0
     latency   : target=0, window=0, percentile=100.00%, depth=1

Run status group 0 (all jobs):
  WRITE: bw=1161MiB/s (1217MB/s), 1161MiB/s-1161MiB/s (1217MB/s-1217MB/s), io=512MiB (537MB), run=441-441msec
