write: (g=0): rw=write, bs=(R) 4096B-4096B, (W) 4096B-4096B, (T) 4096B-4096B, ioengine=psync, iodepth=1
...
fio-3.16
Starting 4 processes

write: (groupid=0, jobs=4): err= 0: pid=325620: Mon Oct 13 19:40:02 2025
  write: IOPS=239k, BW=934MiB/s (980MB/s)(512MiB/548msec); 0 zone resets
    clat (usec): min=4, max=1262, avg= 9.30, stdev= 5.36
     lat (usec): min=5, max=1262, avg= 9.33, stdev= 5.36
    clat percentiles (usec):
     |  1.00th=[    6],  5.00th=[    7], 10.00th=[    8], 20.00th=[    8],
     | 30.00th=[    9], 40.00th=[    9], 50.00th=[   10], 60.00th=[   10],
     | 70.00th=[   10], 80.00th=[   11], 90.00th=[   12], 95.00th=[   12],
     | 99.00th=[   15], 99.50th=[   16], 99.90th=[   27], 99.95th=[   42],
     | 99.99th=[  101]
  lat (usec)   : 10=71.64%, 20=28.16%, 50=0.16%, 100=0.03%, 250=0.01%
  lat (msec)   : 2=0.01%
  cpu          : usr=3.32%, sys=19.40%, ctx=131091, majf=0, minf=40
  IO depths    : 1=100.0%, 2=0.0%, 4=0.0%, 8=0.0%, 16=0.0%, 32=0.0%, >=64=0.0%
     submit    : 0=0.0%, 4=100.0%, 8=0.0%, 16=0.0%, 32=0.0%, 64=0.0%, >=64=0.0%
     complete  : 0=0.0%, 4=100.0%, 8=0.0%, 16=0.0%, 32=0.0%, 64=0.0%, >=64=0.0%
     issued rwts: total=0,131072,0,4 short=0,0,0,0 dropped=0,0,0,0
     latency   : target=0, window=0, percentile=100.00%, depth=1

Run status group 0 (all jobs):
  WRITE: bw=934MiB/s (980MB/s), 934MiB/s-934MiB/s (980MB/s-980MB/s), io=512MiB (537MB), run=548-548msec
