read: (g=0): rw=read, bs=(R) 128KiB-128KiB, (W) 128KiB-128KiB, (T) 128KiB-128KiB, ioengine=psync, iodepth=1
fio-3.16
Starting 1 process

read: (groupid=0, jobs=1): err= 0: pid=324789: Mon Oct 13 19:39:13 2025
  read: IOPS=17.1k, BW=2133MiB/s (2237MB/s)(128MiB/60msec)
    clat (usec): min=5, max=437, avg=58.23, stdev=54.63
     lat (usec): min=5, max=437, avg=58.25, stdev=54.63
    clat percentiles (usec):
     |  1.00th=[    6],  5.00th=[    6], 10.00th=[    7], 20.00th=[    7],
     | 30.00th=[    7], 40.00th=[    7], 50.00th=[   10], 60.00th=[   94],
     | 70.00th=[  104], 80.00th=[  115], 90.00th=[  125], 95.00th=[  133],
     | 99.00th=[  155], 99.50th=[  172], 99.90th=[  186], 99.95th=[  437],
     | 99.99th=[  437]
  lat (usec)   : 10=50.00%, 50=0.10%, 100=16.60%, 250=33.20%, 500=0.10%
  cpu          : usr=0.00%, sys=37.29%, ctx=515, majf=0, minf=41
  IO depths    : 1=100.0%, 2=0.0%, 4=0.0%, 8=0.0%, 16=0.0%, 32=0.0%, >=64=0.0%
     submit    : 0=0.0%, 4=100.0%, 8=0.0%, 16=0.0%, 32=0.0%, 64=0.0%, >=64=0.0%
     complete  : 0=0.0%, 4=100.0%, 8=0.0%, 16=0.0%, 32=0.0%, 64=0.0%, >=64=0.0%
     issued rwts: total=1024,0,0,0 short=0,0,0,0 dropped=0,0,0,0
     latency   : target=0, window=0, percentile=100.00%, depth=1

Run status group 0 (all jobs):
   READ: bw=2133MiB/s (2237MB/s), 2133MiB/s-2133MiB/s (2237MB/s-2237MB/s), io=128MiB (134MB), run=60-60msec
