randwrite: (g=0): rw=randwrite, bs=(R) 128KiB-128KiB, (W) 128KiB-128KiB, (T) 128KiB-128KiB, ioengine=psync, iodepth=1
fio-3.16
Starting 1 process

randwrite: (groupid=0, jobs=1): err= 0: pid=2207136: Fri Oct 10 11:28:40 2025
  write: IOPS=2884, BW=361MiB/s (378MB/s)(128MiB/355msec); 0 zone resets
    clat (usec): min=31, max=8947, avg=296.31, stdev=309.00
     lat (usec): min=32, max=8952, avg=299.07, stdev=309.20
    clat percentiles (usec):
     |  1.00th=[   41],  5.00th=[   58], 10.00th=[   85], 20.00th=[  133],
     | 30.00th=[  206], 40.00th=[  255], 50.00th=[  297], 60.00th=[  375],
     | 70.00th=[  388], 80.00th=[  408], 90.00th=[  437], 95.00th=[  457],
     | 99.00th=[  502], 99.50th=[ 1090], 99.90th=[ 1221], 99.95th=[ 8979],
     | 99.99th=[ 8979]
  lat (usec)   : 50=3.81%, 100=10.45%, 250=23.93%, 500=60.74%, 750=0.20%
  lat (usec)   : 1000=0.20%
  lat (msec)   : 2=0.59%, 10=0.10%
  cpu          : usr=1.69%, sys=19.49%, ctx=1027, majf=0, minf=9
  IO depths    : 1=100.1%, 2=0.0%, 4=0.0%, 8=0.0%, 16=0.0%, 32=0.0%, >=64=0.0%
     submit    : 0=0.0%, 4=100.0%, 8=0.0%, 16=0.0%, 32=0.0%, 64=0.0%, >=64=0.0%
     complete  : 0=0.0%, 4=100.0%, 8=0.0%, 16=0.0%, 32=0.0%, 64=0.0%, >=64=0.0%
     issued rwts: total=0,1024,0,1 short=0,0,0,0 dropped=0,0,0,0
     latency   : target=0, window=0, percentile=100.00%, depth=1

Run status group 0 (all jobs):
  WRITE: bw=361MiB/s (378MB/s), 361MiB/s-361MiB/s (378MB/s-378MB/s), io=128MiB (134MB), run=355-355msec
