randread: (g=0): rw=randread, bs=(R) 128KiB-128KiB, (W) 128KiB-128KiB, (T) 128KiB-128KiB, ioengine=psync, iodepth=1
...
fio-3.16
Starting 4 processes

randread: (groupid=0, jobs=4): err= 0: pid=188988: Fri Oct 17 19:10:15 2025
  read: IOPS=22.3k, BW=2790MiB/s (2926MB/s)(4096MiB/1468msec)
    clat (usec): min=2, max=8374, avg=175.92, stdev=160.46
     lat (usec): min=2, max=8374, avg=175.94, stdev=160.46
    clat percentiles (usec):
     |  1.00th=[    9],  5.00th=[   10], 10.00th=[   11], 20.00th=[   12],
     | 30.00th=[   13], 40.00th=[  204], 50.00th=[  225], 60.00th=[  241],
     | 70.00th=[  265], 80.00th=[  289], 90.00th=[  322], 95.00th=[  351],
     | 99.00th=[  445], 99.50th=[  478], 99.90th=[  537], 99.95th=[  553],
     | 99.99th=[ 8291]
   bw (  MiB/s): min= 2025, max= 2767, per=85.89%, avg=2396.38, stdev=99.38, samples=8
   iops        : min=16206, max=22136, avg=19171.00, stdev=795.00, samples=8
  lat (usec)   : 4=0.01%, 10=7.16%, 20=29.68%, 50=0.03%, 100=0.02%
  lat (usec)   : 250=27.62%, 500=35.21%, 750=0.25%, 1000=0.01%
  lat (msec)   : 10=0.01%
  cpu          : usr=0.17%, sys=10.45%, ctx=20697, majf=0, minf=161
  IO depths    : 1=100.0%, 2=0.0%, 4=0.0%, 8=0.0%, 16=0.0%, 32=0.0%, >=64=0.0%
     submit    : 0=0.0%, 4=100.0%, 8=0.0%, 16=0.0%, 32=0.0%, 64=0.0%, >=64=0.0%
     complete  : 0=0.0%, 4=100.0%, 8=0.0%, 16=0.0%, 32=0.0%, 64=0.0%, >=64=0.0%
     issued rwts: total=32768,0,0,0 short=0,0,0,0 dropped=0,0,0,0
     latency   : target=0, window=0, percentile=100.00%, depth=1

Run status group 0 (all jobs):
   READ: bw=2790MiB/s (2926MB/s), 2790MiB/s-2790MiB/s (2926MB/s-2926MB/s), io=4096MiB (4295MB), run=1468-1468msec
