randwrite: (g=0): rw=randwrite, bs=(R) 4096B-4096B, (W) 4096B-4096B, (T) 4096B-4096B, ioengine=psync, iodepth=1
...
fio-3.16
Starting 2 processes

randwrite: (groupid=0, jobs=2): err= 0: pid=168765: Sat Oct 18 13:32:59 2025
  write: IOPS=189k, BW=739MiB/s (775MB/s)(512MiB/693msec); 0 zone resets
    clat (nsec): min=3968, max=89236, avg=7082.44, stdev=1588.35
     lat (nsec): min=3989, max=89529, avg=7104.53, stdev=1588.70
    clat percentiles (nsec):
     |  1.00th=[ 4640],  5.00th=[ 4960], 10.00th=[ 5408], 20.00th=[ 5792],
     | 30.00th=[ 6112], 40.00th=[ 6560], 50.00th=[ 6816], 60.00th=[ 7072],
     | 70.00th=[ 7584], 80.00th=[ 8256], 90.00th=[ 9664], 95.00th=[10048],
     | 99.00th=[10816], 99.50th=[11200], 99.90th=[12096], 99.95th=[14016],
     | 99.99th=[19584]
  lat (usec)   : 4=0.01%, 10=94.44%, 20=5.55%, 50=0.01%, 100=0.01%
  cpu          : usr=3.54%, sys=26.96%, ctx=131079, majf=0, minf=22
  IO depths    : 1=100.0%, 2=0.0%, 4=0.0%, 8=0.0%, 16=0.0%, 32=0.0%, >=64=0.0%
     submit    : 0=0.0%, 4=100.0%, 8=0.0%, 16=0.0%, 32=0.0%, 64=0.0%, >=64=0.0%
     complete  : 0=0.0%, 4=100.0%, 8=0.0%, 16=0.0%, 32=0.0%, 64=0.0%, >=64=0.0%
     issued rwts: total=0,131072,0,2 short=0,0,0,0 dropped=0,0,0,0
     latency   : target=0, window=0, percentile=100.00%, depth=1

Run status group 0 (all jobs):
  WRITE: bw=739MiB/s (775MB/s), 739MiB/s-739MiB/s (775MB/s-775MB/s), io=512MiB (537MB), run=693-693msec
