randread: (g=0): rw=randread, bs=(R) 4096B-4096B, (W) 4096B-4096B, (T) 4096B-4096B, ioengine=psync, iodepth=1
fio-3.16
Starting 1 process

randread: (groupid=0, jobs=1): err= 0: pid=23186: Mon Oct 20 10:07:09 2025
  read: IOPS=12.1k, BW=47.4MiB/s (49.7MB/s)(512MiB/10792msec)
    clat (nsec): min=191, max=12611k, avg=82152.60, stdev=270174.59
     lat (nsec): min=205, max=12611k, avg=82175.78, stdev=270183.45
    clat percentiles (nsec):
     |  1.00th=[    406],  5.00th=[    506], 10.00th=[    580],
     | 20.00th=[    732], 30.00th=[    916], 40.00th=[   8512],
     | 50.00th=[  49408], 60.00th=[  57088], 70.00th=[  61696],
     | 80.00th=[  63744], 90.00th=[  67072], 95.00th=[  93696],
     | 99.00th=[1597440], 99.50th=[1646592], 99.90th=[1744896],
     | 99.95th=[1794048], 99.99th=[2834432]
   bw (  KiB/s): min= 3305, max=174600, per=88.22%, avg=42856.76, stdev=54770.89, samples=21
   iops        : min=  826, max=43650, avg=10714.14, stdev=13692.76, samples=21
  lat (nsec)   : 250=0.01%, 500=4.68%, 750=16.26%, 1000=11.66%
  lat (usec)   : 2=3.26%, 4=0.86%, 10=5.15%, 20=1.90%, 50=6.91%
  lat (usec)   : 100=44.64%, 250=1.50%, 500=0.12%, 750=0.01%, 1000=0.01%
  lat (msec)   : 2=3.03%, 4=0.01%, 20=0.01%
  cpu          : usr=0.49%, sys=3.61%, ctx=82929, majf=0, minf=10
  IO depths    : 1=100.0%, 2=0.0%, 4=0.0%, 8=0.0%, 16=0.0%, 32=0.0%, >=64=0.0%
     submit    : 0=0.0%, 4=100.0%, 8=0.0%, 16=0.0%, 32=0.0%, 64=0.0%, >=64=0.0%
     complete  : 0=0.0%, 4=100.0%, 8=0.0%, 16=0.0%, 32=0.0%, 64=0.0%, >=64=0.0%
     issued rwts: total=131072,0,0,0 short=0,0,0,0 dropped=0,0,0,0
     latency   : target=0, window=0, percentile=100.00%, depth=1

Run status group 0 (all jobs):
   READ: bw=47.4MiB/s (49.7MB/s), 47.4MiB/s-47.4MiB/s (49.7MB/s-49.7MB/s), io=512MiB (537MB), run=10792-10792msec
