randwrite: (g=0): rw=randwrite, bs=(R) 4096B-4096B, (W) 4096B-4096B, (T) 4096B-4096B, ioengine=psync, iodepth=1
...
fio-3.16
Starting 8 processes
randwrite: Laying out IO file (1 file / 128MiB)

randwrite: (groupid=0, jobs=8): err= 0: pid=1836248: Fri Oct 17 14:43:16 2025
  write: IOPS=303k, BW=1184MiB/s (1241MB/s)(1024MiB/865msec); 0 zone resets
    clat (usec): min=4, max=670, avg=12.80, stdev= 9.52
     lat (usec): min=4, max=672, avg=12.84, stdev= 9.55
    clat percentiles (usec):
     |  1.00th=[    7],  5.00th=[    7], 10.00th=[    8], 20.00th=[    9],
     | 30.00th=[   10], 40.00th=[   10], 50.00th=[   11], 60.00th=[   12],
     | 70.00th=[   12], 80.00th=[   14], 90.00th=[   18], 95.00th=[   33],
     | 99.00th=[   58], 99.50th=[   64], 99.90th=[   76], 99.95th=[   80],
     | 99.99th=[  102]
  lat (usec)   : 10=45.51%, 20=45.89%, 50=6.62%, 100=1.98%, 250=0.01%
  lat (usec)   : 500=0.01%, 750=0.01%
  cpu          : usr=2.47%, sys=22.84%, ctx=262193, majf=0, minf=68
  IO depths    : 1=100.0%, 2=0.0%, 4=0.0%, 8=0.0%, 16=0.0%, 32=0.0%, >=64=0.0%
     submit    : 0=0.0%, 4=100.0%, 8=0.0%, 16=0.0%, 32=0.0%, 64=0.0%, >=64=0.0%
     complete  : 0=0.0%, 4=100.0%, 8=0.0%, 16=0.0%, 32=0.0%, 64=0.0%, >=64=0.0%
     issued rwts: total=0,262144,0,8 short=0,0,0,0 dropped=0,0,0,0
     latency   : target=0, window=0, percentile=100.00%, depth=1

Run status group 0 (all jobs):
  WRITE: bw=1184MiB/s (1241MB/s), 1184MiB/s-1184MiB/s (1241MB/s-1241MB/s), io=1024MiB (1074MB), run=865-865msec
