randwrite: (g=0): rw=randwrite, bs=(R) 4096B-4096B, (W) 4096B-4096B, (T) 4096B-4096B, ioengine=psync, iodepth=1
...
fio-3.16
Starting 16 processes

randwrite: (groupid=0, jobs=16): err= 0: pid=131943: Mon Oct 20 17:20:32 2025
  write: IOPS=397k, BW=1553MiB/s (1628MB/s)(2048MiB/1319msec); 0 zone resets
    clat (usec): min=4, max=1167, avg=15.89, stdev=10.52
     lat (usec): min=4, max=1167, avg=15.93, stdev=10.52
    clat percentiles (usec):
     |  1.00th=[    9],  5.00th=[   10], 10.00th=[   11], 20.00th=[   12],
     | 30.00th=[   12], 40.00th=[   13], 50.00th=[   14], 60.00th=[   15],
     | 70.00th=[   16], 80.00th=[   19], 90.00th=[   24], 95.00th=[   32],
     | 99.00th=[   51], 99.50th=[   61], 99.90th=[   84], 99.95th=[   92],
     | 99.99th=[  119]
   bw (  MiB/s): min= 3855, max= 3855, per=100.00%, avg=3855.91, stdev= 0.00, samples=16
   iops        : min=987112, max=987112, avg=987112.00, stdev= 0.00, samples=16
  lat (usec)   : 10=7.92%, 20=76.56%, 50=14.46%, 100=1.03%, 250=0.02%
  lat (usec)   : 500=0.01%, 750=0.01%
  lat (msec)   : 2=0.01%
  cpu          : usr=1.56%, sys=11.40%, ctx=524389, majf=0, minf=143
  IO depths    : 1=100.0%, 2=0.0%, 4=0.0%, 8=0.0%, 16=0.0%, 32=0.0%, >=64=0.0%
     submit    : 0=0.0%, 4=100.0%, 8=0.0%, 16=0.0%, 32=0.0%, 64=0.0%, >=64=0.0%
     complete  : 0=0.0%, 4=100.0%, 8=0.0%, 16=0.0%, 32=0.0%, 64=0.0%, >=64=0.0%
     issued rwts: total=0,524288,0,16 short=0,0,0,0 dropped=0,0,0,0
     latency   : target=0, window=0, percentile=100.00%, depth=1

Run status group 0 (all jobs):
  WRITE: bw=1553MiB/s (1628MB/s), 1553MiB/s-1553MiB/s (1628MB/s-1628MB/s), io=2048MiB (2147MB), run=1319-1319msec
