randwrite: (g=0): rw=randwrite, bs=(R) 128KiB-128KiB, (W) 128KiB-128KiB, (T) 128KiB-128KiB, ioengine=psync, iodepth=1
...
fio-3.16
Starting 2 processes

randwrite: (groupid=0, jobs=2): err= 0: pid=121448: Thu Oct 16 10:17:50 2025
  write: IOPS=8865, BW=1108MiB/s (1162MB/s)(256MiB/231msec); 0 zone resets
    clat (usec): min=56, max=2211, avg=160.22, stdev=63.60
     lat (usec): min=57, max=2214, avg=161.12, stdev=63.62
    clat percentiles (usec):
     |  1.00th=[   75],  5.00th=[  121], 10.00th=[  124], 20.00th=[  127],
     | 30.00th=[  133], 40.00th=[  161], 50.00th=[  167], 60.00th=[  172],
     | 70.00th=[  178], 80.00th=[  182], 90.00th=[  190], 95.00th=[  200],
     | 99.00th=[  229], 99.50th=[  249], 99.90th=[  318], 99.95th=[ 1647],
     | 99.99th=[ 2212]
  lat (usec)   : 100=2.44%, 250=97.07%, 500=0.39%
  lat (msec)   : 2=0.05%, 4=0.05%
  cpu          : usr=0.00%, sys=30.33%, ctx=2056, majf=0, minf=23
  IO depths    : 1=100.1%, 2=0.0%, 4=0.0%, 8=0.0%, 16=0.0%, 32=0.0%, >=64=0.0%
     submit    : 0=0.0%, 4=100.0%, 8=0.0%, 16=0.0%, 32=0.0%, 64=0.0%, >=64=0.0%
     complete  : 0=0.0%, 4=100.0%, 8=0.0%, 16=0.0%, 32=0.0%, 64=0.0%, >=64=0.0%
     issued rwts: total=0,2048,0,2 short=0,0,0,0 dropped=0,0,0,0
     latency   : target=0, window=0, percentile=100.00%, depth=1

Run status group 0 (all jobs):
  WRITE: bw=1108MiB/s (1162MB/s), 1108MiB/s-1108MiB/s (1162MB/s-1162MB/s), io=256MiB (268MB), run=231-231msec
