randread: (g=0): rw=randread, bs=(R) 128KiB-128KiB, (W) 128KiB-128KiB, (T) 128KiB-128KiB, ioengine=psync, iodepth=1
...
fio-3.16
Starting 2 processes

randread: (groupid=0, jobs=2): err= 0: pid=276190: Wed Oct 22 20:10:43 2025
  read: IOPS=12.0k, BW=1620MiB/s (1699MB/s)(256MiB/158msec)
    clat (usec): min=4, max=8362, avg=151.64, stdev=277.23
     lat (usec): min=4, max=8362, avg=151.66, stdev=277.24
    clat percentiles (usec):
     |  1.00th=[    8],  5.00th=[    9], 10.00th=[   11], 20.00th=[   13],
     | 30.00th=[   14], 40.00th=[  184], 50.00th=[  198], 60.00th=[  208],
     | 70.00th=[  219], 80.00th=[  229], 90.00th=[  249], 95.00th=[  269],
     | 99.00th=[  318], 99.50th=[  343], 99.90th=[  400], 99.95th=[ 8356],
     | 99.99th=[ 8356]
  lat (usec)   : 10=9.33%, 20=27.49%, 50=0.10%, 100=0.34%, 250=52.83%
  lat (usec)   : 500=9.81%
  lat (msec)   : 10=0.10%
  cpu          : usr=0.00%, sys=12.26%, ctx=1296, majf=0, minf=83
  IO depths    : 1=100.0%, 2=0.0%, 4=0.0%, 8=0.0%, 16=0.0%, 32=0.0%, >=64=0.0%
     submit    : 0=0.0%, 4=100.0%, 8=0.0%, 16=0.0%, 32=0.0%, 64=0.0%, >=64=0.0%
     complete  : 0=0.0%, 4=100.0%, 8=0.0%, 16=0.0%, 32=0.0%, 64=0.0%, >=64=0.0%
     issued rwts: total=2048,0,0,0 short=0,0,0,0 dropped=0,0,0,0
     latency   : target=0, window=0, percentile=100.00%, depth=1

Run status group 0 (all jobs):
   READ: bw=1620MiB/s (1699MB/s), 1620MiB/s-1620MiB/s (1699MB/s-1699MB/s), io=256MiB (268MB), run=158-158msec
