randread: (g=0): rw=randread, bs=(R) 4096B-4096B, (W) 4096B-4096B, (T) 4096B-4096B, ioengine=psync, iodepth=1
...
fio-3.16
Starting 2 processes

randread: (groupid=0, jobs=2): err= 0: pid=1832952: Fri Oct 17 14:42:36 2025
  read: IOPS=24.6k, BW=96.0MiB/s (101MB/s)(256MiB/2666msec)
    clat (nsec): min=445, max=3539.2k, avg=72251.29, stdev=63659.41
     lat (nsec): min=459, max=3539.3k, avg=72364.64, stdev=63666.54
    clat percentiles (nsec):
     |  1.00th=[   1480],  5.00th=[   1944], 10.00th=[   2128],
     | 20.00th=[   2544], 30.00th=[   3312], 40.00th=[  42240],
     | 50.00th=[  92672], 60.00th=[ 105984], 70.00th=[ 114176],
     | 80.00th=[ 127488], 90.00th=[ 138240], 95.00th=[ 146432],
     | 99.00th=[ 197632], 99.50th=[ 218112], 99.90th=[ 313344],
     | 99.95th=[ 350208], 99.99th=[1105920]
   bw (  KiB/s): min=75488, max=155993, per=100.00%, avg=104843.85, stdev=15907.35, samples=9
   iops        : min=18872, max=38998, avg=26210.75, stdev=3976.77, samples=9
  lat (nsec)   : 500=0.01%, 750=0.16%, 1000=0.29%
  lat (usec)   : 2=5.89%, 4=27.62%, 10=2.46%, 20=0.37%, 50=5.21%
  lat (usec)   : 100=11.86%, 250=45.88%, 500=0.23%, 750=0.01%, 1000=0.01%
  lat (msec)   : 2=0.01%, 4=0.01%
  cpu          : usr=2.11%, sys=16.74%, ctx=41493, majf=0, minf=21
  IO depths    : 1=100.0%, 2=0.0%, 4=0.0%, 8=0.0%, 16=0.0%, 32=0.0%, >=64=0.0%
     submit    : 0=0.0%, 4=100.0%, 8=0.0%, 16=0.0%, 32=0.0%, 64=0.0%, >=64=0.0%
     complete  : 0=0.0%, 4=100.0%, 8=0.0%, 16=0.0%, 32=0.0%, 64=0.0%, >=64=0.0%
     issued rwts: total=65536,0,0,0 short=0,0,0,0 dropped=0,0,0,0
     latency   : target=0, window=0, percentile=100.00%, depth=1

Run status group 0 (all jobs):
   READ: bw=96.0MiB/s (101MB/s), 96.0MiB/s-96.0MiB/s (101MB/s-101MB/s), io=256MiB (268MB), run=2666-2666msec
