read: (g=0): rw=read, bs=(R) 4096B-4096B, (W) 4096B-4096B, (T) 4096B-4096B, ioengine=psync, iodepth=1
...
fio-3.16
Starting 8 processes

read: (groupid=0, jobs=8): err= 0: pid=13316: Sat Oct 18 12:23:48 2025
  read: IOPS=256k, BW=999MiB/s (1047MB/s)(2048MiB/2051msec)
    clat (nsec): min=178, max=4801.6k, avg=29968.80, stdev=258208.93
     lat (nsec): min=190, max=4801.6k, avg=29983.38, stdev=258208.82
    clat percentiles (nsec):
     |  1.00th=[    195],  5.00th=[    274], 10.00th=[    298],
     | 20.00th=[    306], 30.00th=[    310], 40.00th=[    314],
     | 50.00th=[    318], 60.00th=[    322], 70.00th=[    330],
     | 80.00th=[    350], 90.00th=[    414], 95.00th=[    490],
     | 99.00th=[1761280], 99.50th=[2277376], 99.90th=[2998272],
     | 99.95th=[3686400], 99.99th=[4079616]
   bw (  MiB/s): min=  974, max= 1101, per=100.00%, avg=1027.26, stdev= 7.47, samples=27
   iops        : min=249476, max=282062, avg=262979.83, stdev=1911.96, samples=27
  lat (nsec)   : 250=4.21%, 500=91.08%, 750=1.73%, 1000=0.13%
  lat (usec)   : 2=0.61%, 4=0.16%, 10=0.02%, 20=0.01%, 50=0.53%
  lat (usec)   : 100=0.02%, 250=0.06%, 500=0.05%, 750=0.04%, 1000=0.06%
  lat (msec)   : 2=0.44%, 4=0.84%, 10=0.02%
  cpu          : usr=0.67%, sys=2.71%, ctx=8132, majf=0, minf=93
  IO depths    : 1=100.0%, 2=0.0%, 4=0.0%, 8=0.0%, 16=0.0%, 32=0.0%, >=64=0.0%
     submit    : 0=0.0%, 4=100.0%, 8=0.0%, 16=0.0%, 32=0.0%, 64=0.0%, >=64=0.0%
     complete  : 0=0.0%, 4=100.0%, 8=0.0%, 16=0.0%, 32=0.0%, 64=0.0%, >=64=0.0%
     issued rwts: total=524288,0,0,0 short=0,0,0,0 dropped=0,0,0,0
     latency   : target=0, window=0, percentile=100.00%, depth=1

Run status group 0 (all jobs):
   READ: bw=999MiB/s (1047MB/s), 999MiB/s-999MiB/s (1047MB/s-1047MB/s), io=2048MiB (2147MB), run=2051-2051msec
