read: (g=0): rw=read, bs=(R) 4096B-4096B, (W) 4096B-4096B, (T) 4096B-4096B, ioengine=psync, iodepth=1
...
fio-3.16
Starting 32 processes

read: (groupid=0, jobs=32): err= 0: pid=147352: Sat Oct 18 13:28:12 2025
  read: IOPS=256k, BW=998MiB/s (1047MB/s)(8192MiB/8205msec)
    clat (nsec): min=173, max=29436k, avg=118492.45, stdev=986992.97
     lat (nsec): min=185, max=29436k, avg=118508.89, stdev=986992.76
    clat percentiles (nsec):
     |  1.00th=[     270],  5.00th=[     302], 10.00th=[     306],
     | 20.00th=[     314], 30.00th=[     322], 40.00th=[     338],
     | 50.00th=[     362], 60.00th=[     398], 70.00th=[     414],
     | 80.00th=[     434], 90.00th=[     478], 95.00th=[     572],
     | 99.00th=[ 6979584], 99.50th=[ 8290304], 99.90th=[10944512],
     | 99.95th=[12124160], 99.99th=[16318464]
   bw (  MiB/s): min=  856, max= 1417, per=100.00%, avg=1026.57, stdev= 4.90, samples=483
   iops        : min=219276, max=362880, avg=262801.25, stdev=1253.62, samples=483
  lat (nsec)   : 250=0.85%, 500=91.25%, 750=4.37%, 1000=0.61%
  lat (usec)   : 2=0.79%, 4=0.49%, 10=0.06%, 20=0.01%, 50=0.01%
  lat (usec)   : 100=0.01%, 250=0.01%, 500=0.01%, 750=0.01%, 1000=0.01%
  lat (msec)   : 2=0.02%, 4=0.10%, 10=1.25%, 20=0.19%, 50=0.01%
  cpu          : usr=0.18%, sys=0.97%, ctx=64991, majf=0, minf=369
  IO depths    : 1=100.0%, 2=0.0%, 4=0.0%, 8=0.0%, 16=0.0%, 32=0.0%, >=64=0.0%
     submit    : 0=0.0%, 4=100.0%, 8=0.0%, 16=0.0%, 32=0.0%, 64=0.0%, >=64=0.0%
     complete  : 0=0.0%, 4=100.0%, 8=0.0%, 16=0.0%, 32=0.0%, 64=0.0%, >=64=0.0%
     issued rwts: total=2097152,0,0,0 short=0,0,0,0 dropped=0,0,0,0
     latency   : target=0, window=0, percentile=100.00%, depth=1

Run status group 0 (all jobs):
   READ: bw=998MiB/s (1047MB/s), 998MiB/s-998MiB/s (1047MB/s-1047MB/s), io=8192MiB (8590MB), run=8205-8205msec
