read: (g=0): rw=read, bs=(R) 4096B-4096B, (W) 4096B-4096B, (T) 4096B-4096B, ioengine=psync, iodepth=1
...
fio-3.16
Starting 16 processes

read: (groupid=0, jobs=16): err= 0: pid=2368399: Fri Oct 10 11:52:00 2025
  read: IOPS=1028k, BW=4016MiB/s (4211MB/s)(2048MiB/510msec)
    clat (nsec): min=196, max=8102.1k, avg=14546.42, stdev=116722.96
     lat (nsec): min=212, max=8102.4k, avg=14588.13, stdev=116723.21
    clat percentiles (nsec):
     |  1.00th=[    386],  5.00th=[    540], 10.00th=[    596],
     | 20.00th=[    652], 30.00th=[    700], 40.00th=[    756],
     | 50.00th=[    812], 60.00th=[    876], 70.00th=[    964],
     | 80.00th=[   1112], 90.00th=[   1768], 95.00th=[   2512],
     | 99.00th=[ 806912], 99.50th=[ 946176], 99.90th=[1138688],
     | 99.95th=[1187840], 99.99th=[1368064]
   bw (  MiB/s): min= 1719, max= 1719, per=42.83%, avg=1719.99, stdev= 0.00, samples=7
   iops        : min=440318, max=440318, avg=440318.00, stdev= 0.00, samples=7
  lat (nsec)   : 250=0.01%, 500=3.22%, 750=35.70%, 1000=34.62%
  lat (usec)   : 2=17.90%, 4=6.77%, 10=0.14%, 20=0.02%, 50=0.02%
  lat (usec)   : 100=0.03%, 250=0.05%, 500=0.10%, 750=0.26%, 1000=0.83%
  lat (msec)   : 2=0.35%, 10=0.01%
  cpu          : usr=3.48%, sys=14.20%, ctx=14529, majf=0, minf=184
  IO depths    : 1=100.0%, 2=0.0%, 4=0.0%, 8=0.0%, 16=0.0%, 32=0.0%, >=64=0.0%
     submit    : 0=0.0%, 4=100.0%, 8=0.0%, 16=0.0%, 32=0.0%, 64=0.0%, >=64=0.0%
     complete  : 0=0.0%, 4=100.0%, 8=0.0%, 16=0.0%, 32=0.0%, 64=0.0%, >=64=0.0%
     issued rwts: total=524288,0,0,0 short=0,0,0,0 dropped=0,0,0,0
     latency   : target=0, window=0, percentile=100.00%, depth=1

Run status group 0 (all jobs):
   READ: bw=4016MiB/s (4211MB/s), 4016MiB/s-4016MiB/s (4211MB/s-4211MB/s), io=2048MiB (2147MB), run=510-510msec
