read: (g=0): rw=read, bs=(R) 4096B-4096B, (W) 4096B-4096B, (T) 4096B-4096B, ioengine=psync, iodepth=1
...
fio-3.16
Starting 4 processes

read: (groupid=0, jobs=4): err= 0: pid=674922: Mon Oct 20 06:38:15 2025
  read: IOPS=570k, BW=2226MiB/s (2334MB/s)(1024MiB/460msec)
    clat (nsec): min=399, max=14454k, avg=6385.03, stdev=83215.12
     lat (nsec): min=427, max=14454k, avg=6414.52, stdev=83215.10
    clat percentiles (nsec):
     |  1.00th=[    486],  5.00th=[    516], 10.00th=[    532],
     | 20.00th=[    572], 30.00th=[    620], 40.00th=[    748],
     | 50.00th=[    884], 60.00th=[   1208], 70.00th=[   1512],
     | 80.00th=[   1896], 90.00th=[   2768], 95.00th=[   3664],
     | 99.00th=[ 166912], 99.50th=[ 288768], 99.90th=[ 897024],
     | 99.95th=[1351680], 99.99th=[1925120]
  lat (nsec)   : 500=2.23%, 750=37.76%, 1000=14.85%
  lat (usec)   : 2=26.91%, 4=14.26%, 10=2.41%, 20=0.01%, 100=0.22%
  lat (usec)   : 250=0.71%, 500=0.47%, 750=0.04%, 1000=0.04%
  lat (msec)   : 2=0.07%, 4=0.01%, 10=0.01%, 20=0.01%
  cpu          : usr=6.87%, sys=40.42%, ctx=3304, majf=0, minf=47
  IO depths    : 1=100.0%, 2=0.0%, 4=0.0%, 8=0.0%, 16=0.0%, 32=0.0%, >=64=0.0%
     submit    : 0=0.0%, 4=100.0%, 8=0.0%, 16=0.0%, 32=0.0%, 64=0.0%, >=64=0.0%
     complete  : 0=0.0%, 4=100.0%, 8=0.0%, 16=0.0%, 32=0.0%, 64=0.0%, >=64=0.0%
     issued rwts: total=262144,0,0,0 short=0,0,0,0 dropped=0,0,0,0
     latency   : target=0, window=0, percentile=100.00%, depth=1

Run status group 0 (all jobs):
   READ: bw=2226MiB/s (2334MB/s), 2226MiB/s-2226MiB/s (2334MB/s-2334MB/s), io=1024MiB (1074MB), run=460-460msec
