write: (g=0): rw=write, bs=(R) 4096B-4096B, (W) 4096B-4096B, (T) 4096B-4096B, ioengine=psync, iodepth=1
...
fio-3.16
Starting 16 processes

write: (groupid=0, jobs=16): err= 0: pid=41565: Sun Oct 19 16:04:31 2025
  write: IOPS=377k, BW=1471MiB/s (1543MB/s)(4096MiB/2784msec); 0 zone resets
    clat (usec): min=12, max=8121, avg=35.48, stdev=25.21
     lat (usec): min=12, max=8121, avg=35.57, stdev=25.21
    clat percentiles (usec):
     |  1.00th=[   20],  5.00th=[   23], 10.00th=[   24], 20.00th=[   27],
     | 30.00th=[   29], 40.00th=[   30], 50.00th=[   32], 60.00th=[   34],
     | 70.00th=[   37], 80.00th=[   41], 90.00th=[   53], 95.00th=[   63],
     | 99.00th=[   92], 99.50th=[  106], 99.90th=[  149], 99.95th=[  167],
     | 99.99th=[  219]
   bw (  MiB/s): min= 1697, max= 1822, per=100.00%, avg=1746.41, stdev= 3.24, samples=64
   iops        : min=434552, max=466670, avg=447080.00, stdev=830.62, samples=64
  lat (usec)   : 20=1.50%, 50=86.80%, 100=11.03%, 250=0.67%, 500=0.01%
  lat (usec)   : 750=0.01%, 1000=0.01%
  lat (msec)   : 2=0.01%, 10=0.01%
  cpu          : usr=2.45%, sys=32.93%, ctx=1048741, majf=0, minf=153
  IO depths    : 1=100.0%, 2=0.0%, 4=0.0%, 8=0.0%, 16=0.0%, 32=0.0%, >=64=0.0%
     submit    : 0=0.0%, 4=100.0%, 8=0.0%, 16=0.0%, 32=0.0%, 64=0.0%, >=64=0.0%
     complete  : 0=0.0%, 4=100.0%, 8=0.0%, 16=0.0%, 32=0.0%, 64=0.0%, >=64=0.0%
     issued rwts: total=0,1048576,0,16 short=0,0,0,0 dropped=0,0,0,0
     latency   : target=0, window=0, percentile=100.00%, depth=1

Run status group 0 (all jobs):
  WRITE: bw=1471MiB/s (1543MB/s), 1471MiB/s-1471MiB/s (1543MB/s-1543MB/s), io=4096MiB (4295MB), run=2784-2784msec
