write: (g=0): rw=write, bs=(R) 128KiB-128KiB, (W) 128KiB-128KiB, (T) 128KiB-128KiB, ioengine=psync, iodepth=1
...
fio-3.16
Starting 8 processes

write: (groupid=0, jobs=8): err= 0: pid=685208: Mon Oct 20 06:41:22 2025
  write: IOPS=16.0k, BW=2006MiB/s (2103MB/s)(2048MiB/1021msec); 0 zone resets
    clat (usec): min=107, max=8364, avg=183.34, stdev=132.66
     lat (usec): min=108, max=8366, avg=184.47, stdev=132.69
    clat percentiles (usec):
     |  1.00th=[  133],  5.00th=[  143], 10.00th=[  149], 20.00th=[  157],
     | 30.00th=[  163], 40.00th=[  169], 50.00th=[  176], 60.00th=[  182],
     | 70.00th=[  190], 80.00th=[  200], 90.00th=[  219], 95.00th=[  243],
     | 99.00th=[  343], 99.50th=[  363], 99.90th=[  392], 99.95th=[  408],
     | 99.99th=[ 8356]
  lat (usec)   : 250=95.97%, 500=4.00%
  lat (msec)   : 2=0.01%, 10=0.02%
  cpu          : usr=0.46%, sys=15.83%, ctx=16430, majf=0, minf=85
  IO depths    : 1=100.0%, 2=0.0%, 4=0.0%, 8=0.0%, 16=0.0%, 32=0.0%, >=64=0.0%
     submit    : 0=0.0%, 4=100.0%, 8=0.0%, 16=0.0%, 32=0.0%, 64=0.0%, >=64=0.0%
     complete  : 0=0.0%, 4=100.0%, 8=0.0%, 16=0.0%, 32=0.0%, 64=0.0%, >=64=0.0%
     issued rwts: total=0,16384,0,8 short=0,0,0,0 dropped=0,0,0,0
     latency   : target=0, window=0, percentile=100.00%, depth=1

Run status group 0 (all jobs):
  WRITE: bw=2006MiB/s (2103MB/s), 2006MiB/s-2006MiB/s (2103MB/s-2103MB/s), io=2048MiB (2147MB), run=1021-1021msec
