write: (g=0): rw=write, bs=(R) 128KiB-128KiB, (W) 128KiB-128KiB, (T) 128KiB-128KiB, ioengine=psync, iodepth=1
fio-3.16
Starting 1 process

write: (groupid=0, jobs=1): err= 0: pid=62720: Sun Oct 19 16:04:46 2025
  write: IOPS=4958, BW=620MiB/s (650MB/s)(256MiB/413msec); 0 zone resets
    clat (usec): min=140, max=255, avg=152.70, stdev= 6.02
     lat (usec): min=140, max=256, avg=153.52, stdev= 6.03
    clat percentiles (usec):
     |  1.00th=[  145],  5.00th=[  147], 10.00th=[  147], 20.00th=[  149],
     | 30.00th=[  151], 40.00th=[  151], 50.00th=[  153], 60.00th=[  153],
     | 70.00th=[  155], 80.00th=[  157], 90.00th=[  159], 95.00th=[  161],
     | 99.00th=[  167], 99.50th=[  186], 99.90th=[  215], 99.95th=[  221],
     | 99.99th=[  255]
  lat (usec)   : 250=99.95%, 500=0.05%
  cpu          : usr=1.21%, sys=24.03%, ctx=2051, majf=0, minf=11
  IO depths    : 1=100.0%, 2=0.0%, 4=0.0%, 8=0.0%, 16=0.0%, 32=0.0%, >=64=0.0%
     submit    : 0=0.0%, 4=100.0%, 8=0.0%, 16=0.0%, 32=0.0%, 64=0.0%, >=64=0.0%
     complete  : 0=0.0%, 4=100.0%, 8=0.0%, 16=0.0%, 32=0.0%, 64=0.0%, >=64=0.0%
     issued rwts: total=0,2048,0,1 short=0,0,0,0 dropped=0,0,0,0
     latency   : target=0, window=0, percentile=100.00%, depth=1

Run status group 0 (all jobs):
  WRITE: bw=620MiB/s (650MB/s), 620MiB/s-620MiB/s (650MB/s-650MB/s), io=256MiB (268MB), run=413-413msec
