/usr/bin/java  -classpath /home/ldy/src/YCSB/conf:/home/ldy/src/YCSB/core/target/core-0.17.0.jar:/home/ldy/src/YCSB/rocksdb/target/rocksdb-binding-0.17.0.jar:/home/ldy/src/YCSB/rocksdb/target/dependency/HdrHistogram-2.1.4.jar:/home/ldy/src/YCSB/rocksdb/target/dependency/htrace-core4-4.1.0-incubating.jar:/home/ldy/src/YCSB/rocksdb/target/dependency/jcip-annotations-1.0.jar:/home/ldy/src/YCSB/rocksdb/target/dependency/rocksdbjni-5.11.3.jar:/home/ldy/src/YCSB/rocksdb/target/dependency/slf4j-api-1.7.25.jar:/home/ldy/src/YCSB/rocksdb/target/dependency/slf4j-simple-1.7.25.jar site.ycsb.Client -t -db site.ycsb.db.rocksdb.RocksDBClient -P ../../../YCSB/LDY_bound_setting/cpu_bound_run.properties -p rocksdb.dir=/mnt/test -p rocksdb.optionsfile=../../../YCSB/LDY_bound_setting/cpu_bound.ini
Command line: -t -db site.ycsb.db.rocksdb.RocksDBClient -P ../../../YCSB/LDY_bound_setting/cpu_bound_run.properties -p rocksdb.dir=/mnt/test -p rocksdb.optionsfile=../../../YCSB/LDY_bound_setting/cpu_bound.ini
YCSB Client 0.17.0

Loading workload...
Starting test.
[Thread-1] INFO site.ycsb.db.rocksdb.RocksDBClient - RocksDB data dir: /mnt/test
DBWrapper: report latency for each error is false and specific error codes to track for latency are: []
[OVERALL], RunTime(ms), 101594
[OVERALL], Throughput(ops/sec), 7874.480776423805
[TOTAL_GCS_G1_Young_Generation], Count, 15
[TOTAL_GC_TIME_G1_Young_Generation], Time(ms), 95
[TOTAL_GC_TIME_%_G1_Young_Generation], Time(%), 0.09350945922003268
[TOTAL_GCS_G1_Old_Generation], Count, 0
[TOTAL_GC_TIME_G1_Old_Generation], Time(ms), 0
[TOTAL_GC_TIME_%_G1_Old_Generation], Time(%), 0.0
[TOTAL_GCs], Count, 15
[TOTAL_GC_TIME], Time(ms), 95
[TOTAL_GC_TIME_%], Time(%), 0.09350945922003268
[READ], Operations, 399488
[READ], AverageLatency(us), 68.90192696651714
[READ], MinLatency(us), 1
[READ], MaxLatency(us), 13071
[READ], 95thPercentileLatency(us), 163
[READ], 99thPercentileLatency(us), 368
[READ], Return=OK, 399488
[CLEANUP], Operations, 1
[CLEANUP], AverageLatency(us), 197952.0
[CLEANUP], MinLatency(us), 197888
[CLEANUP], MaxLatency(us), 198015
[CLEANUP], 95thPercentileLatency(us), 198015
[CLEANUP], 99thPercentileLatency(us), 198015
[UPDATE], Operations, 400512
[UPDATE], AverageLatency(us), 177.1639027045382
[UPDATE], MinLatency(us), 48
[UPDATE], MaxLatency(us), 36255
[UPDATE], 95thPercentileLatency(us), 298
[UPDATE], 99thPercentileLatency(us), 1091
[UPDATE], Return=OK, 400512
