/usr/bin/java  -classpath /home/ldy/src/YCSB/conf:/home/ldy/src/YCSB/core/target/core-0.17.0.jar:/home/ldy/src/YCSB/rocksdb/target/rocksdb-binding-0.17.0.jar:/home/ldy/src/YCSB/rocksdb/target/dependency/HdrHistogram-2.1.4.jar:/home/ldy/src/YCSB/rocksdb/target/dependency/htrace-core4-4.1.0-incubating.jar:/home/ldy/src/YCSB/rocksdb/target/dependency/jcip-annotations-1.0.jar:/home/ldy/src/YCSB/rocksdb/target/dependency/rocksdbjni-5.11.3.jar:/home/ldy/src/YCSB/rocksdb/target/dependency/slf4j-api-1.7.25.jar:/home/ldy/src/YCSB/rocksdb/target/dependency/slf4j-simple-1.7.25.jar site.ycsb.Client -t -db site.ycsb.db.rocksdb.RocksDBClient -P ../../../YCSB/LDY_bound_setting/cpu_bound_run.properties -p rocksdb.dir=/mnt/test -p rocksdb.optionsfile=../../../YCSB/LDY_bound_setting/cpu_bound.ini
Command line: -t -db site.ycsb.db.rocksdb.RocksDBClient -P ../../../YCSB/LDY_bound_setting/cpu_bound_run.properties -p rocksdb.dir=/mnt/test -p rocksdb.optionsfile=../../../YCSB/LDY_bound_setting/cpu_bound.ini
YCSB Client 0.17.0

Loading workload...
Starting test.
[Thread-1] INFO site.ycsb.db.rocksdb.RocksDBClient - RocksDB data dir: /mnt/test
DBWrapper: report latency for each error is false and specific error codes to track for latency are: []
[OVERALL], RunTime(ms), 101108
[OVERALL], Throughput(ops/sec), 7912.33136843771
[TOTAL_GCS_G1_Young_Generation], Count, 15
[TOTAL_GC_TIME_G1_Young_Generation], Time(ms), 90
[TOTAL_GC_TIME_%_G1_Young_Generation], Time(%), 0.08901372789492425
[TOTAL_GCS_G1_Old_Generation], Count, 0
[TOTAL_GC_TIME_G1_Old_Generation], Time(ms), 0
[TOTAL_GC_TIME_%_G1_Old_Generation], Time(%), 0.0
[TOTAL_GCs], Count, 15
[TOTAL_GC_TIME], Time(ms), 90
[TOTAL_GC_TIME_%], Time(%), 0.08901372789492425
[READ], Operations, 399932
[READ], AverageLatency(us), 69.10960363261755
[READ], MinLatency(us), 1
[READ], MaxLatency(us), 23071
[READ], 95thPercentileLatency(us), 162
[READ], 99thPercentileLatency(us), 372
[READ], Return=OK, 399932
[CLEANUP], Operations, 1
[CLEANUP], AverageLatency(us), 175680.0
[CLEANUP], MinLatency(us), 175616
[CLEANUP], MaxLatency(us), 175743
[CLEANUP], 95thPercentileLatency(us), 175743
[CLEANUP], 99thPercentileLatency(us), 175743
[UPDATE], Operations, 400068
[UPDATE], AverageLatency(us), 175.87172180729277
[UPDATE], MinLatency(us), 49
[UPDATE], MaxLatency(us), 25039
[UPDATE], 95thPercentileLatency(us), 296
[UPDATE], 99thPercentileLatency(us), 1117
[UPDATE], Return=OK, 400068
