/usr/bin/java  -classpath /home/ldy/src/YCSB/conf:/home/ldy/src/YCSB/core/target/core-0.17.0.jar:/home/ldy/src/YCSB/rocksdb/target/rocksdb-binding-0.17.0.jar:/home/ldy/src/YCSB/rocksdb/target/dependency/HdrHistogram-2.1.4.jar:/home/ldy/src/YCSB/rocksdb/target/dependency/htrace-core4-4.1.0-incubating.jar:/home/ldy/src/YCSB/rocksdb/target/dependency/jcip-annotations-1.0.jar:/home/ldy/src/YCSB/rocksdb/target/dependency/rocksdbjni-5.11.3.jar:/home/ldy/src/YCSB/rocksdb/target/dependency/slf4j-api-1.7.25.jar:/home/ldy/src/YCSB/rocksdb/target/dependency/slf4j-simple-1.7.25.jar site.ycsb.Client -t -db site.ycsb.db.rocksdb.RocksDBClient -P ../../../YCSB/LDY_bound_setting/io_bound_run.properties -p rocksdb.dir=/mnt/test -p rocksdb.optionsfile=../../../YCSB/LDY_bound_setting/io_bound.ini
Command line: -t -db site.ycsb.db.rocksdb.RocksDBClient -P ../../../YCSB/LDY_bound_setting/io_bound_run.properties -p rocksdb.dir=/mnt/test -p rocksdb.optionsfile=../../../YCSB/LDY_bound_setting/io_bound.ini
YCSB Client 0.17.0

Loading workload...
Starting test.
[Thread-1] INFO site.ycsb.db.rocksdb.RocksDBClient - RocksDB data dir: /mnt/test
DBWrapper: report latency for each error is false and specific error codes to track for latency are: []
[OVERALL], RunTime(ms), 135225
[OVERALL], Throughput(ops/sec), 5916.065816232205
[TOTAL_GCS_G1_Young_Generation], Count, 17
[TOTAL_GC_TIME_G1_Young_Generation], Time(ms), 98
[TOTAL_GC_TIME_%_G1_Young_Generation], Time(%), 0.07247180624884451
[TOTAL_GCS_G1_Old_Generation], Count, 0
[TOTAL_GC_TIME_G1_Old_Generation], Time(ms), 0
[TOTAL_GC_TIME_%_G1_Old_Generation], Time(%), 0.0
[TOTAL_GCs], Count, 17
[TOTAL_GC_TIME], Time(ms), 98
[TOTAL_GC_TIME_%], Time(%), 0.07247180624884451
[READ], Operations, 80192
[READ], AverageLatency(us), 202.88143455706305
[READ], MinLatency(us), 4
[READ], MaxLatency(us), 20383
[READ], 95thPercentileLatency(us), 362
[READ], 99thPercentileLatency(us), 1350
[READ], Return=OK, 80192
[CLEANUP], Operations, 1
[CLEANUP], AverageLatency(us), 132928.0
[CLEANUP], MinLatency(us), 132864
[CLEANUP], MaxLatency(us), 132991
[CLEANUP], 95thPercentileLatency(us), 132991
[CLEANUP], 99thPercentileLatency(us), 132991
[UPDATE], Operations, 160148
[UPDATE], AverageLatency(us), 320.48266603391863
[UPDATE], MinLatency(us), 55
[UPDATE], MaxLatency(us), 17391
[UPDATE], 95thPercentileLatency(us), 738
[UPDATE], 99thPercentileLatency(us), 1794
[UPDATE], Return=OK, 160148
[INSERT], Operations, 559660
[INSERT], AverageLatency(us), 115.35341278633456
[INSERT], MinLatency(us), 44
[INSERT], MaxLatency(us), 21615
[INSERT], 95thPercentileLatency(us), 125
[INSERT], 99thPercentileLatency(us), 1109
[INSERT], Return=OK, 559660
