randwrite: (g=0): rw=randwrite, bs=(R) 128KiB-128KiB, (W) 128KiB-128KiB, (T) 128KiB-128KiB, ioengine=psync, iodepth=1
...
fio-3.16
Starting 32 processes

randwrite: (groupid=0, jobs=32): err= 0: pid=34798: Thu Oct 30 01:40:15 2025
  write: IOPS=29.2k, BW=3647MiB/s (3825MB/s)(4096MiB/1123msec); 0 zone resets
    clat (usec): min=39, max=64078, avg=417.29, stdev=1201.56
     lat (usec): min=40, max=64079, avg=418.79, stdev=1201.66
    clat percentiles (usec):
     |  1.00th=[   90],  5.00th=[  117], 10.00th=[  145], 20.00th=[  200],
     | 30.00th=[  239], 40.00th=[  285], 50.00th=[  326], 60.00th=[  379],
     | 70.00th=[  490], 80.00th=[  578], 90.00th=[  685], 95.00th=[  783],
     | 99.00th=[ 1057], 99.50th=[ 1352], 99.90th=[ 3982], 99.95th=[ 8848],
     | 99.99th=[63701]
   bw (  MiB/s): min= 2192, max= 2192, per=60.12%, avg=2192.75, stdev= 0.00, samples=10
   iops        : min=17541, max=17542, avg=17542.00, stdev= 0.00, samples=10
  lat (usec)   : 50=0.03%, 100=2.52%, 250=29.76%, 500=38.73%, 750=22.62%
  lat (usec)   : 1000=4.96%
  lat (msec)   : 2=1.04%, 4=0.23%, 10=0.05%, 20=0.01%, 50=0.01%
  lat (msec)   : 100=0.03%
  cpu          : usr=0.34%, sys=14.54%, ctx=915099, majf=0, minf=330
  IO depths    : 1=100.1%, 2=0.0%, 4=0.0%, 8=0.0%, 16=0.0%, 32=0.0%, >=64=0.0%
     submit    : 0=0.0%, 4=100.0%, 8=0.0%, 16=0.0%, 32=0.0%, 64=0.0%, >=64=0.0%
     complete  : 0=0.0%, 4=100.0%, 8=0.0%, 16=0.0%, 32=0.0%, 64=0.0%, >=64=0.0%
     issued rwts: total=0,32768,0,32 short=0,0,0,0 dropped=0,0,0,0
     latency   : target=0, window=0, percentile=100.00%, depth=1

Run status group 0 (all jobs):
  WRITE: bw=3647MiB/s (3825MB/s), 3647MiB/s-3647MiB/s (3825MB/s-3825MB/s), io=4096MiB (4295MB), run=1123-1123msec
