randwrite: (g=0): rw=randwrite, bs=(R) 128KiB-128KiB, (W) 128KiB-128KiB, (T) 128KiB-128KiB, ioengine=psync, iodepth=1
...
fio-3.16
Starting 4 processes

randwrite: (groupid=0, jobs=4): err= 0: pid=34635: Thu Oct 30 01:40:11 2025
  write: IOPS=17.7k, BW=2216MiB/s (2324MB/s)(512MiB/231msec); 0 zone resets
    clat (usec): min=37, max=214, avg=111.03, stdev=28.45
     lat (usec): min=38, max=216, avg=111.90, stdev=28.47
    clat percentiles (usec):
     |  1.00th=[   57],  5.00th=[   74], 10.00th=[   75], 20.00th=[   76],
     | 30.00th=[   99], 40.00th=[  115], 50.00th=[  118], 60.00th=[  120],
     | 70.00th=[  121], 80.00th=[  125], 90.00th=[  157], 95.00th=[  161],
     | 99.00th=[  167], 99.50th=[  169], 99.90th=[  176], 99.95th=[  180],
     | 99.99th=[  215]
  lat (usec)   : 50=0.32%, 100=30.00%, 250=69.68%
  cpu          : usr=2.93%, sys=18.80%, ctx=4120, majf=0, minf=35
  IO depths    : 1=100.1%, 2=0.0%, 4=0.0%, 8=0.0%, 16=0.0%, 32=0.0%, >=64=0.0%
     submit    : 0=0.0%, 4=100.0%, 8=0.0%, 16=0.0%, 32=0.0%, 64=0.0%, >=64=0.0%
     complete  : 0=0.0%, 4=100.0%, 8=0.0%, 16=0.0%, 32=0.0%, 64=0.0%, >=64=0.0%
     issued rwts: total=0,4096,0,4 short=0,0,0,0 dropped=0,0,0,0
     latency   : target=0, window=0, percentile=100.00%, depth=1

Run status group 0 (all jobs):
  WRITE: bw=2216MiB/s (2324MB/s), 2216MiB/s-2216MiB/s (2324MB/s-2324MB/s), io=512MiB (537MB), run=231-231msec
