randwrite: (g=0): rw=randwrite, bs=(R) 4096B-4096B, (W) 4096B-4096B, (T) 4096B-4096B, ioengine=psync, iodepth=1
...
fio-3.16
Starting 4 processes

randwrite: (groupid=0, jobs=4): err= 0: pid=20726: Wed Oct 29 13:40:54 2025
  write: IOPS=175k, BW=684MiB/s (717MB/s)(512MiB/749msec); 0 zone resets
    clat (usec): min=7, max=8026, avg=19.25, stdev=23.18
     lat (usec): min=7, max=8026, avg=19.32, stdev=23.19
    clat percentiles (usec):
     |  1.00th=[   10],  5.00th=[   13], 10.00th=[   14], 20.00th=[   15],
     | 30.00th=[   17], 40.00th=[   18], 50.00th=[   19], 60.00th=[   20],
     | 70.00th=[   21], 80.00th=[   22], 90.00th=[   26], 95.00th=[   31],
     | 99.00th=[   43], 99.50th=[   50], 99.90th=[  105], 99.95th=[  110],
     | 99.99th=[  130]
   bw (  KiB/s): min=791840, max=791840, per=100.00%, avg=791840.00, stdev= 0.00, samples=4
   iops        : min=197960, max=197960, avg=197960.00, stdev= 0.00, samples=4
  lat (usec)   : 10=1.10%, 20=66.45%, 50=32.00%, 100=0.30%, 250=0.15%
  lat (msec)   : 10=0.01%
  cpu          : usr=3.87%, sys=49.91%, ctx=131125, majf=0, minf=35
  IO depths    : 1=100.0%, 2=0.0%, 4=0.0%, 8=0.0%, 16=0.0%, 32=0.0%, >=64=0.0%
     submit    : 0=0.0%, 4=100.0%, 8=0.0%, 16=0.0%, 32=0.0%, 64=0.0%, >=64=0.0%
     complete  : 0=0.0%, 4=100.0%, 8=0.0%, 16=0.0%, 32=0.0%, 64=0.0%, >=64=0.0%
     issued rwts: total=0,131072,0,4 short=0,0,0,0 dropped=0,0,0,0
     latency   : target=0, window=0, percentile=100.00%, depth=1

Run status group 0 (all jobs):
  WRITE: bw=684MiB/s (717MB/s), 684MiB/s-684MiB/s (717MB/s-717MB/s), io=512MiB (537MB), run=749-749msec
