randread: (g=0): rw=randread, bs=(R) 128KiB-128KiB, (W) 128KiB-128KiB, (T) 128KiB-128KiB, ioengine=psync, iodepth=1
...
fio-3.16
Starting 4 processes

randread: (groupid=0, jobs=4): err= 0: pid=33860: Thu Oct 30 01:39:55 2025
  read: IOPS=19.2k, BW=2404MiB/s (2521MB/s)(512MiB/213msec)
    clat (usec): min=5, max=8437, avg=201.67, stdev=288.22
     lat (usec): min=5, max=8437, avg=201.72, stdev=288.23
    clat percentiles (usec):
     |  1.00th=[   15],  5.00th=[   17], 10.00th=[   21], 20.00th=[   27],
     | 30.00th=[   33], 40.00th=[  229], 50.00th=[  258], 60.00th=[  281],
     | 70.00th=[  293], 80.00th=[  310], 90.00th=[  330], 95.00th=[  347],
     | 99.00th=[  383], 99.50th=[  400], 99.90th=[  437], 99.95th=[ 8455],
     | 99.99th=[ 8455]
  lat (usec)   : 10=0.10%, 20=8.84%, 50=27.15%, 100=0.39%, 250=10.47%
  lat (usec)   : 500=52.95%
  lat (msec)   : 10=0.10%
  cpu          : usr=0.00%, sys=27.48%, ctx=2842, majf=0, minf=170
  IO depths    : 1=100.0%, 2=0.0%, 4=0.0%, 8=0.0%, 16=0.0%, 32=0.0%, >=64=0.0%
     submit    : 0=0.0%, 4=100.0%, 8=0.0%, 16=0.0%, 32=0.0%, 64=0.0%, >=64=0.0%
     complete  : 0=0.0%, 4=100.0%, 8=0.0%, 16=0.0%, 32=0.0%, 64=0.0%, >=64=0.0%
     issued rwts: total=4096,0,0,0 short=0,0,0,0 dropped=0,0,0,0
     latency   : target=0, window=0, percentile=100.00%, depth=1

Run status group 0 (all jobs):
   READ: bw=2404MiB/s (2521MB/s), 2404MiB/s-2404MiB/s (2521MB/s-2521MB/s), io=512MiB (537MB), run=213-213msec
