randread: (g=0): rw=randread, bs=(R) 128KiB-128KiB, (W) 128KiB-128KiB, (T) 128KiB-128KiB, ioengine=psync, iodepth=1
fio-3.16
Starting 1 process

randread: (groupid=0, jobs=1): err= 0: pid=33767: Thu Oct 30 01:39:53 2025
  read: IOPS=5626, BW=703MiB/s (737MB/s)(128MiB/182msec)
    clat (usec): min=10, max=8334, avg=176.90, stdev=280.70
     lat (usec): min=10, max=8334, avg=176.94, stdev=280.71
    clat percentiles (usec):
     |  1.00th=[   13],  5.00th=[   15], 10.00th=[   18], 20.00th=[   21],
     | 30.00th=[   29], 40.00th=[  221], 50.00th=[  225], 60.00th=[  231],
     | 70.00th=[  277], 80.00th=[  285], 90.00th=[  289], 95.00th=[  293],
     | 99.00th=[  318], 99.50th=[  322], 99.90th=[  326], 99.95th=[ 8356],
     | 99.99th=[ 8356]
  lat (usec)   : 20=17.68%, 50=19.92%, 250=30.76%, 500=31.54%
  lat (msec)   : 10=0.10%
  cpu          : usr=0.00%, sys=28.18%, ctx=671, majf=0, minf=40
  IO depths    : 1=100.0%, 2=0.0%, 4=0.0%, 8=0.0%, 16=0.0%, 32=0.0%, >=64=0.0%
     submit    : 0=0.0%, 4=100.0%, 8=0.0%, 16=0.0%, 32=0.0%, 64=0.0%, >=64=0.0%
     complete  : 0=0.0%, 4=100.0%, 8=0.0%, 16=0.0%, 32=0.0%, 64=0.0%, >=64=0.0%
     issued rwts: total=1024,0,0,0 short=0,0,0,0 dropped=0,0,0,0
     latency   : target=0, window=0, percentile=100.00%, depth=1

Run status group 0 (all jobs):
   READ: bw=703MiB/s (737MB/s), 703MiB/s-703MiB/s (737MB/s-737MB/s), io=128MiB (134MB), run=182-182msec
