randwrite: (g=0): rw=randwrite, bs=(R) 128KiB-128KiB, (W) 128KiB-128KiB, (T) 128KiB-128KiB, ioengine=psync, iodepth=1
...
fio-3.16
Starting 8 processes

randwrite: (groupid=0, jobs=8): err= 0: pid=34684: Thu Oct 30 01:40:12 2025
  write: IOPS=23.9k, BW=2985MiB/s (3130MB/s)(1024MiB/343msec); 0 zone resets
    clat (usec): min=38, max=260, avg=125.93, stdev=34.31
     lat (usec): min=39, max=265, avg=126.82, stdev=34.32
    clat percentiles (usec):
     |  1.00th=[   68],  5.00th=[   78], 10.00th=[   79], 20.00th=[   81],
     | 30.00th=[  116], 40.00th=[  124], 50.00th=[  127], 60.00th=[  130],
     | 70.00th=[  135], 80.00th=[  159], 90.00th=[  178], 95.00th=[  182],
     | 99.00th=[  194], 99.50th=[  200], 99.90th=[  233], 99.95th=[  241],
     | 99.99th=[  262]
  lat (usec)   : 50=0.26%, 100=23.66%, 250=76.07%, 500=0.01%
  cpu          : usr=0.70%, sys=15.97%, ctx=8249, majf=0, minf=66
  IO depths    : 1=100.1%, 2=0.0%, 4=0.0%, 8=0.0%, 16=0.0%, 32=0.0%, >=64=0.0%
     submit    : 0=0.0%, 4=100.0%, 8=0.0%, 16=0.0%, 32=0.0%, 64=0.0%, >=64=0.0%
     complete  : 0=0.0%, 4=100.0%, 8=0.0%, 16=0.0%, 32=0.0%, 64=0.0%, >=64=0.0%
     issued rwts: total=0,8192,0,8 short=0,0,0,0 dropped=0,0,0,0
     latency   : target=0, window=0, percentile=100.00%, depth=1

Run status group 0 (all jobs):
  WRITE: bw=2985MiB/s (3130MB/s), 2985MiB/s-2985MiB/s (3130MB/s-3130MB/s), io=1024MiB (1074MB), run=343-343msec
