randwrite: (g=0): rw=randwrite, bs=(R) 4096B-4096B, (W) 4096B-4096B, (T) 4096B-4096B, ioengine=psync, iodepth=1
...
fio-3.16
Starting 16 processes

randwrite: (groupid=0, jobs=16): err= 0: pid=326608: Wed Oct 29 12:04:11 2025
  write: IOPS=201k, BW=785MiB/s (823MB/s)(2048MiB/2608msec); 0 zone resets
    clat (usec): min=8, max=10571, avg=64.47, stdev=76.22
     lat (usec): min=8, max=10571, avg=64.54, stdev=76.22
    clat percentiles (usec):
     |  1.00th=[   14],  5.00th=[   18], 10.00th=[   21], 20.00th=[   26],
     | 30.00th=[   31], 40.00th=[   37], 50.00th=[   43], 60.00th=[   50],
     | 70.00th=[   62], 80.00th=[   82], 90.00th=[  131], 95.00th=[  192],
     | 99.00th=[  367], 99.50th=[  461], 99.90th=[  717], 99.95th=[  840],
     | 99.99th=[ 1221]
   bw (  KiB/s): min=602360, max=1175984, per=100.00%, avg=823172.00, stdev=17645.16, samples=58
   iops        : min=150590, max=293996, avg=205793.00, stdev=4411.29, samples=58
  lat (usec)   : 10=0.01%, 20=8.68%, 50=51.50%, 100=24.87%, 250=12.19%
  lat (usec)   : 500=2.37%, 750=0.30%, 1000=0.06%
  lat (msec)   : 2=0.02%, 4=0.01%, 10=0.01%, 20=0.01%
  cpu          : usr=1.23%, sys=81.17%, ctx=524575, majf=0, minf=192
  IO depths    : 1=100.0%, 2=0.0%, 4=0.0%, 8=0.0%, 16=0.0%, 32=0.0%, >=64=0.0%
     submit    : 0=0.0%, 4=100.0%, 8=0.0%, 16=0.0%, 32=0.0%, 64=0.0%, >=64=0.0%
     complete  : 0=0.0%, 4=100.0%, 8=0.0%, 16=0.0%, 32=0.0%, 64=0.0%, >=64=0.0%
     issued rwts: total=0,524288,0,16 short=0,0,0,0 dropped=0,0,0,0
     latency   : target=0, window=0, percentile=100.00%, depth=1

Run status group 0 (all jobs):
  WRITE: bw=785MiB/s (823MB/s), 785MiB/s-785MiB/s (823MB/s-823MB/s), io=2048MiB (2147MB), run=2608-2608msec
