read: (g=0): rw=read, bs=(R) 4096B-4096B, (W) 4096B-4096B, (T) 4096B-4096B, ioengine=psync, iodepth=1
...
fio-3.16
Starting 2 processes

read: (groupid=0, jobs=2): err= 0: pid=18760: Thu Oct 30 01:18:54 2025
  read: IOPS=465k, BW=1816MiB/s (1904MB/s)(256MiB/141msec)
    clat (nsec): min=409, max=8123.9k, avg=4019.62, stdev=51234.22
     lat (nsec): min=435, max=8124.2k, avg=4049.67, stdev=51236.29
    clat percentiles (nsec):
     |  1.00th=[   446],  5.00th=[   510], 10.00th=[   524], 20.00th=[   556],
     | 30.00th=[   604], 40.00th=[   732], 50.00th=[   828], 60.00th=[   900],
     | 70.00th=[  1048], 80.00th=[  1128], 90.00th=[  1304], 95.00th=[  1480],
     | 99.00th=[154624], 99.50th=[203776], 99.90th=[321536], 99.95th=[391168],
     | 99.99th=[468992]
  lat (nsec)   : 500=3.85%, 750=36.74%, 1000=26.42%
  lat (usec)   : 2=31.06%, 4=0.29%, 10=0.03%, 20=0.01%, 50=0.01%
  lat (usec)   : 100=0.18%, 250=1.17%, 500=0.24%, 750=0.01%
  lat (msec)   : 10=0.01%
  cpu          : usr=7.55%, sys=55.40%, ctx=921, majf=0, minf=21
  IO depths    : 1=100.0%, 2=0.0%, 4=0.0%, 8=0.0%, 16=0.0%, 32=0.0%, >=64=0.0%
     submit    : 0=0.0%, 4=100.0%, 8=0.0%, 16=0.0%, 32=0.0%, 64=0.0%, >=64=0.0%
     complete  : 0=0.0%, 4=100.0%, 8=0.0%, 16=0.0%, 32=0.0%, 64=0.0%, >=64=0.0%
     issued rwts: total=65536,0,0,0 short=0,0,0,0 dropped=0,0,0,0
     latency   : target=0, window=0, percentile=100.00%, depth=1

Run status group 0 (all jobs):
   READ: bw=1816MiB/s (1904MB/s), 1816MiB/s-1816MiB/s (1904MB/s-1904MB/s), io=256MiB (268MB), run=141-141msec
