read: (g=0): rw=read, bs=(R) 128KiB-128KiB, (W) 128KiB-128KiB, (T) 128KiB-128KiB, ioengine=psync, iodepth=1
...
fio-3.16
Starting 16 processes

read: (groupid=0, jobs=16): err= 0: pid=33575: Thu Oct 30 01:39:49 2025
  read: IOPS=24.2k, BW=3025MiB/s (3172MB/s)(2048MiB/677msec)
    clat (usec): min=9, max=13650, avg=647.83, stdev=1065.98
     lat (usec): min=9, max=13650, avg=647.92, stdev=1065.95
    clat percentiles (usec):
     |  1.00th=[   14],  5.00th=[   16], 10.00th=[   20], 20.00th=[   29],
     | 30.00th=[   39], 40.00th=[   51], 50.00th=[  122], 60.00th=[  347],
     | 70.00th=[  652], 80.00th=[ 1004], 90.00th=[ 2089], 95.00th=[ 3130],
     | 99.00th=[ 4490], 99.50th=[ 4883], 99.90th=[ 6783], 99.95th=[10290],
     | 99.99th=[13566]
   bw (  MiB/s): min= 3008, max= 3008, per=99.45%, avg=3008.50, stdev= 0.00, samples=16
   iops        : min=24068, max=24068, avg=24068.00, stdev= 0.00, samples=16
  lat (usec)   : 10=0.01%, 20=10.03%, 50=29.79%, 100=7.96%, 250=9.18%
  lat (usec)   : 500=7.84%, 750=8.60%, 1000=6.48%
  lat (msec)   : 2=9.64%, 4=8.26%, 10=2.15%, 20=0.07%
  cpu          : usr=0.29%, sys=14.78%, ctx=8726, majf=0, minf=688
  IO depths    : 1=100.0%, 2=0.0%, 4=0.0%, 8=0.0%, 16=0.0%, 32=0.0%, >=64=0.0%
     submit    : 0=0.0%, 4=100.0%, 8=0.0%, 16=0.0%, 32=0.0%, 64=0.0%, >=64=0.0%
     complete  : 0=0.0%, 4=100.0%, 8=0.0%, 16=0.0%, 32=0.0%, 64=0.0%, >=64=0.0%
     issued rwts: total=16384,0,0,0 short=0,0,0,0 dropped=0,0,0,0
     latency   : target=0, window=0, percentile=100.00%, depth=1

Run status group 0 (all jobs):
   READ: bw=3025MiB/s (3172MB/s), 3025MiB/s-3025MiB/s (3172MB/s-3172MB/s), io=2048MiB (2147MB), run=677-677msec
