read: (g=0): rw=read, bs=(R) 4096B-4096B, (W) 4096B-4096B, (T) 4096B-4096B, ioengine=psync, iodepth=1
fio-3.16
Starting 1 process

read: (groupid=0, jobs=1): err= 0: pid=18418: Wed Oct 29 13:39:57 2025
  read: IOPS=201k, BW=785MiB/s (823MB/s)(128MiB/163msec)
    clat (nsec): min=440, max=8319.4k, avg=4615.77, stdev=53230.31
     lat (nsec): min=468, max=8320.1k, avg=4658.71, stdev=53233.80
    clat percentiles (nsec):
     |  1.00th=[   486],  5.00th=[   612], 10.00th=[   668], 20.00th=[   740],
     | 30.00th=[   868], 40.00th=[  1128], 50.00th=[  1192], 60.00th=[  1288],
     | 70.00th=[  1384], 80.00th=[  1544], 90.00th=[  1848], 95.00th=[  2064],
     | 99.00th=[168960], 99.50th=[228352], 99.90th=[333824], 99.95th=[391168],
     | 99.99th=[460800]
  lat (nsec)   : 500=1.38%, 750=19.50%, 1000=12.28%
  lat (usec)   : 2=59.96%, 4=5.21%, 10=0.03%, 20=0.05%, 50=0.01%
  lat (usec)   : 100=0.13%, 250=1.12%, 500=0.32%, 750=0.01%
  lat (msec)   : 10=0.01%
  cpu          : usr=7.41%, sys=54.32%, ctx=459, majf=0, minf=11
  IO depths    : 1=100.0%, 2=0.0%, 4=0.0%, 8=0.0%, 16=0.0%, 32=0.0%, >=64=0.0%
     submit    : 0=0.0%, 4=100.0%, 8=0.0%, 16=0.0%, 32=0.0%, 64=0.0%, >=64=0.0%
     complete  : 0=0.0%, 4=100.0%, 8=0.0%, 16=0.0%, 32=0.0%, 64=0.0%, >=64=0.0%
     issued rwts: total=32768,0,0,0 short=0,0,0,0 dropped=0,0,0,0
     latency   : target=0, window=0, percentile=100.00%, depth=1

Run status group 0 (all jobs):
   READ: bw=785MiB/s (823MB/s), 785MiB/s-785MiB/s (823MB/s-823MB/s), io=128MiB (134MB), run=163-163msec
