read: (g=0): rw=read, bs=(R) 4096B-4096B, (W) 4096B-4096B, (T) 4096B-4096B, ioengine=psync, iodepth=1
...
fio-3.16
Starting 8 processes

read: (groupid=0, jobs=8): err= 0: pid=18633: Wed Oct 29 13:40:00 2025
  read: IOPS=749k, BW=2926MiB/s (3068MB/s)(1024MiB/350msec)
    clat (nsec): min=388, max=8402.7k, avg=10014.03, stdev=91736.56
     lat (nsec): min=414, max=8403.0k, avg=10063.81, stdev=91748.93
    clat percentiles (nsec):
     |  1.00th=[    524],  5.00th=[    572], 10.00th=[    612],
     | 20.00th=[    700], 30.00th=[    820], 40.00th=[    924],
     | 50.00th=[   1048], 60.00th=[   1176], 70.00th=[   1336],
     | 80.00th=[   1528], 90.00th=[   1896], 95.00th=[   2416],
     | 99.00th=[ 354304], 99.50th=[ 659456], 99.90th=[1187840],
     | 99.95th=[1318912], 99.99th=[1662976]
  lat (nsec)   : 500=0.54%, 750=23.79%, 1000=21.79%
  lat (usec)   : 2=45.33%, 4=6.51%, 10=0.29%, 20=0.06%, 50=0.02%
  lat (usec)   : 100=0.06%, 250=0.42%, 500=0.49%, 750=0.32%, 1000=0.20%
  lat (msec)   : 2=0.19%, 4=0.01%, 10=0.01%
  cpu          : usr=3.61%, sys=31.86%, ctx=4270, majf=0, minf=77
  IO depths    : 1=100.0%, 2=0.0%, 4=0.0%, 8=0.0%, 16=0.0%, 32=0.0%, >=64=0.0%
     submit    : 0=0.0%, 4=100.0%, 8=0.0%, 16=0.0%, 32=0.0%, 64=0.0%, >=64=0.0%
     complete  : 0=0.0%, 4=100.0%, 8=0.0%, 16=0.0%, 32=0.0%, 64=0.0%, >=64=0.0%
     issued rwts: total=262144,0,0,0 short=0,0,0,0 dropped=0,0,0,0
     latency   : target=0, window=0, percentile=100.00%, depth=1

Run status group 0 (all jobs):
   READ: bw=2926MiB/s (3068MB/s), 2926MiB/s-2926MiB/s (3068MB/s-3068MB/s), io=1024MiB (1074MB), run=350-350msec
