read: (g=0): rw=read, bs=(R) 128KiB-128KiB, (W) 128KiB-128KiB, (T) 128KiB-128KiB, ioengine=psync, iodepth=1
...
fio-3.16
Starting 4 processes

read: (groupid=0, jobs=4): err= 0: pid=51202: Thu Oct 30 02:03:51 2025
  read: IOPS=22.1k, BW=2760MiB/s (2894MB/s)(2048MiB/742msec)
    clat (usec): min=9, max=14332, avg=165.15, stdev=262.65
     lat (usec): min=9, max=14332, avg=165.20, stdev=262.64
    clat percentiles (usec):
     |  1.00th=[   12],  5.00th=[   13], 10.00th=[   14], 20.00th=[   19],
     | 30.00th=[   24], 40.00th=[   35], 50.00th=[  102], 60.00th=[  200],
     | 70.00th=[  251], 80.00th=[  297], 90.00th=[  363], 95.00th=[  437],
     | 99.00th=[  685], 99.50th=[  775], 99.90th=[ 2769], 99.95th=[ 3589],
     | 99.99th=[ 8979]
   bw (  MiB/s): min= 3016, max= 3016, per=100.00%, avg=3016.75, stdev= 0.00, samples=4
   iops        : min=24134, max=24134, avg=24134.00, stdev= 0.00, samples=4
  lat (usec)   : 10=0.10%, 20=20.91%, 50=27.89%, 100=0.98%, 250=20.00%
  lat (usec)   : 500=26.95%, 750=2.61%, 1000=0.34%
  lat (msec)   : 2=0.06%, 4=0.13%, 10=0.04%, 20=0.01%
  cpu          : usr=0.33%, sys=45.54%, ctx=8511, majf=0, minf=169
  IO depths    : 1=100.0%, 2=0.0%, 4=0.0%, 8=0.0%, 16=0.0%, 32=0.0%, >=64=0.0%
     submit    : 0=0.0%, 4=100.0%, 8=0.0%, 16=0.0%, 32=0.0%, 64=0.0%, >=64=0.0%
     complete  : 0=0.0%, 4=100.0%, 8=0.0%, 16=0.0%, 32=0.0%, 64=0.0%, >=64=0.0%
     issued rwts: total=16384,0,0,0 short=0,0,0,0 dropped=0,0,0,0
     latency   : target=0, window=0, percentile=100.00%, depth=1

Run status group 0 (all jobs):
   READ: bw=2760MiB/s (2894MB/s), 2760MiB/s-2760MiB/s (2894MB/s-2894MB/s), io=2048MiB (2147MB), run=742-742msec
