read: (g=0): rw=read, bs=(R) 128KiB-128KiB, (W) 128KiB-128KiB, (T) 128KiB-128KiB, ioengine=psync, iodepth=1
fio-3.16
Starting 1 process

read: (groupid=0, jobs=1): err= 0: pid=33380: Thu Oct 30 01:39:45 2025
  read: IOPS=9941, BW=1243MiB/s (1303MB/s)(128MiB/103msec)
    clat (usec): min=9, max=8691, avg=99.75, stdev=279.24
     lat (usec): min=9, max=8691, avg=99.80, stdev=279.24
    clat percentiles (usec):
     |  1.00th=[   11],  5.00th=[   12], 10.00th=[   12], 20.00th=[   14],
     | 30.00th=[   32], 40.00th=[   34], 50.00th=[   82], 60.00th=[  119],
     | 70.00th=[  141], 80.00th=[  163], 90.00th=[  198], 95.00th=[  227],
     | 99.00th=[  277], 99.50th=[  289], 99.90th=[  338], 99.95th=[ 8717],
     | 99.99th=[ 8717]
  lat (usec)   : 10=0.59%, 20=23.44%, 50=25.78%, 100=1.27%, 250=46.78%
  lat (usec)   : 500=2.05%
  lat (msec)   : 10=0.10%
  cpu          : usr=0.00%, sys=61.76%, ctx=478, majf=0, minf=41
  IO depths    : 1=100.0%, 2=0.0%, 4=0.0%, 8=0.0%, 16=0.0%, 32=0.0%, >=64=0.0%
     submit    : 0=0.0%, 4=100.0%, 8=0.0%, 16=0.0%, 32=0.0%, 64=0.0%, >=64=0.0%
     complete  : 0=0.0%, 4=100.0%, 8=0.0%, 16=0.0%, 32=0.0%, 64=0.0%, >=64=0.0%
     issued rwts: total=1024,0,0,0 short=0,0,0,0 dropped=0,0,0,0
     latency   : target=0, window=0, percentile=100.00%, depth=1

Run status group 0 (all jobs):
   READ: bw=1243MiB/s (1303MB/s), 1243MiB/s-1243MiB/s (1303MB/s-1303MB/s), io=128MiB (134MB), run=103-103msec
