write: (g=0): rw=write, bs=(R) 4096B-4096B, (W) 4096B-4096B, (T) 4096B-4096B, ioengine=psync, iodepth=1
fio-3.16
Starting 1 process

write: (groupid=0, jobs=1): err= 0: pid=19488: Thu Oct 30 01:19:15 2025
  write: IOPS=89.8k, BW=351MiB/s (368MB/s)(128MiB/365msec); 0 zone resets
    clat (nsec): min=8056, max=36141, avg=9023.35, stdev=768.16
     lat (nsec): min=8122, max=36702, avg=9082.41, stdev=771.46
    clat percentiles (nsec):
     |  1.00th=[ 8384],  5.00th=[ 8512], 10.00th=[ 8512], 20.00th=[ 8640],
     | 30.00th=[ 8640], 40.00th=[ 8768], 50.00th=[ 8768], 60.00th=[ 8896],
     | 70.00th=[ 8896], 80.00th=[ 9280], 90.00th=[ 9792], 95.00th=[10176],
     | 99.00th=[11328], 99.50th=[11968], 99.90th=[16192], 99.95th=[18816],
     | 99.99th=[33024]
  lat (usec)   : 10=92.70%, 20=7.25%, 50=0.05%
  cpu          : usr=5.22%, sys=29.95%, ctx=32773, majf=0, minf=10
  IO depths    : 1=100.0%, 2=0.0%, 4=0.0%, 8=0.0%, 16=0.0%, 32=0.0%, >=64=0.0%
     submit    : 0=0.0%, 4=100.0%, 8=0.0%, 16=0.0%, 32=0.0%, 64=0.0%, >=64=0.0%
     complete  : 0=0.0%, 4=100.0%, 8=0.0%, 16=0.0%, 32=0.0%, 64=0.0%, >=64=0.0%
     issued rwts: total=0,32768,0,1 short=0,0,0,0 dropped=0,0,0,0
     latency   : target=0, window=0, percentile=100.00%, depth=1

Run status group 0 (all jobs):
  WRITE: bw=351MiB/s (368MB/s), 351MiB/s-351MiB/s (368MB/s-368MB/s), io=128MiB (134MB), run=365-365msec
