/usr/bin/java  -classpath /home/ldy/src/YCSB/conf:/home/ldy/src/YCSB/core/target/core-0.17.0.jar:/home/ldy/src/YCSB/rocksdb/target/rocksdb-binding-0.17.0.jar:/home/ldy/src/YCSB/rocksdb/target/dependency/HdrHistogram-2.1.4.jar:/home/ldy/src/YCSB/rocksdb/target/dependency/htrace-core4-4.1.0-incubating.jar:/home/ldy/src/YCSB/rocksdb/target/dependency/jcip-annotations-1.0.jar:/home/ldy/src/YCSB/rocksdb/target/dependency/rocksdbjni-5.11.3.jar:/home/ldy/src/YCSB/rocksdb/target/dependency/slf4j-api-1.7.25.jar:/home/ldy/src/YCSB/rocksdb/target/dependency/slf4j-simple-1.7.25.jar site.ycsb.Client -load -db site.ycsb.db.rocksdb.RocksDBClient -P ../../../YCSB/LDY_bound_setting/cpu_bound_load.properties -p rocksdb.optionsfile=../../../YCSB/workloads/workloadf
Command line: -load -db site.ycsb.db.rocksdb.RocksDBClient -P ../../../YCSB/LDY_bound_setting/cpu_bound_load.properties -p rocksdb.optionsfile=../../../YCSB/workloads/workloadf
YCSB Client 0.17.0

Loading workload...
Starting test.
Exception in thread "Thread-1" java.lang.NullPointerException
	at java.base/sun.nio.fs.UnixPath.normalizeAndCheck(UnixPath.java:75)
	at java.base/sun.nio.fs.UnixPath.<init>(UnixPath.java:69)
	at java.base/sun.nio.fs.UnixFileSystem.getPath(UnixFileSystem.java:279)
	at java.base/java.nio.file.Path.of(Path.java:147)
	at java.base/java.nio.file.Paths.get(Paths.java:69)
	at site.ycsb.db.rocksdb.RocksDBClient.init(RocksDBClient.java:62)
	at site.ycsb.DBWrapper.init(DBWrapper.java:86)
	at site.ycsb.ClientThread.run(ClientThread.java:91)
	at java.base/java.lang.Thread.run(Thread.java:829)
[OVERALL], RunTime(ms), 2
[OVERALL], Throughput(ops/sec), 0.0
[TOTAL_GCS_G1_Young_Generation], Count, 0
[TOTAL_GC_TIME_G1_Young_Generation], Time(ms), 0
[TOTAL_GC_TIME_%_G1_Young_Generation], Time(%), 0.0
[TOTAL_GCS_G1_Old_Generation], Count, 0
[TOTAL_GC_TIME_G1_Old_Generation], Time(ms), 0
[TOTAL_GC_TIME_%_G1_Old_Generation], Time(%), 0.0
[TOTAL_GCs], Count, 0
[TOTAL_GC_TIME], Time(ms), 0
[TOTAL_GC_TIME_%], Time(%), 0.0
