randwrite: (g=0): rw=randwrite, bs=(R) 128KiB-128KiB, (W) 128KiB-128KiB, (T) 128KiB-128KiB, ioengine=psync, iodepth=1
...
fio-3.16
Starting 2 processes

randwrite: (groupid=0, jobs=2): err= 0: pid=29922: Thu Oct 30 01:38:27 2025
  write: IOPS=7185, BW=898MiB/s (942MB/s)(256MiB/285msec); 0 zone resets
    clat (usec): min=45, max=7825, avg=214.09, stdev=175.31
     lat (usec): min=46, max=7826, avg=215.27, stdev=175.30
    clat percentiles (usec):
     |  1.00th=[   66],  5.00th=[  115], 10.00th=[  149], 20.00th=[  184],
     | 30.00th=[  190], 40.00th=[  212], 50.00th=[  223], 60.00th=[  225],
     | 70.00th=[  227], 80.00th=[  233], 90.00th=[  269], 95.00th=[  293],
     | 99.00th=[  322], 99.50th=[  338], 99.90th=[  379], 99.95th=[  545],
     | 99.99th=[ 7832]
  lat (usec)   : 50=0.20%, 100=3.61%, 250=81.88%, 500=14.21%, 750=0.05%
  lat (msec)   : 10=0.05%
  cpu          : usr=0.70%, sys=16.90%, ctx=31694, majf=0, minf=20
  IO depths    : 1=100.1%, 2=0.0%, 4=0.0%, 8=0.0%, 16=0.0%, 32=0.0%, >=64=0.0%
     submit    : 0=0.0%, 4=100.0%, 8=0.0%, 16=0.0%, 32=0.0%, 64=0.0%, >=64=0.0%
     complete  : 0=0.0%, 4=100.0%, 8=0.0%, 16=0.0%, 32=0.0%, 64=0.0%, >=64=0.0%
     issued rwts: total=0,2048,0,2 short=0,0,0,0 dropped=0,0,0,0
     latency   : target=0, window=0, percentile=100.00%, depth=1

Run status group 0 (all jobs):
  WRITE: bw=898MiB/s (942MB/s), 898MiB/s-898MiB/s (942MB/s-942MB/s), io=256MiB (268MB), run=285-285msec
