randread: (g=0): rw=randread, bs=(R) 128KiB-128KiB, (W) 128KiB-128KiB, (T) 128KiB-128KiB, ioengine=psync, iodepth=1
...
fio-3.16
Starting 8 processes

randread: (groupid=0, jobs=8): err= 0: pid=29171: Thu Oct 30 01:38:03 2025
  read: IOPS=17.3k, BW=2165MiB/s (2270MB/s)(1024MiB/473msec)
    clat (usec): min=6, max=2535, avg=446.63, stdev=381.97
     lat (usec): min=6, max=2535, avg=446.68, stdev=381.97
    clat percentiles (usec):
     |  1.00th=[   16],  5.00th=[   18], 10.00th=[   21], 20.00th=[   25],
     | 30.00th=[   33], 40.00th=[  322], 50.00th=[  494], 60.00th=[  586],
     | 70.00th=[  676], 80.00th=[  775], 90.00th=[  922], 95.00th=[ 1057],
     | 99.00th=[ 1401], 99.50th=[ 1582], 99.90th=[ 1942], 99.95th=[ 2212],
     | 99.99th=[ 2540]
  lat (usec)   : 10=0.10%, 20=9.34%, 50=27.28%, 100=0.16%, 250=0.63%
  lat (usec)   : 500=13.04%, 750=27.12%, 1000=15.53%
  lat (msec)   : 2=6.71%, 4=0.09%
  cpu          : usr=0.22%, sys=12.10%, ctx=5484, majf=0, minf=324
  IO depths    : 1=100.0%, 2=0.0%, 4=0.0%, 8=0.0%, 16=0.0%, 32=0.0%, >=64=0.0%
     submit    : 0=0.0%, 4=100.0%, 8=0.0%, 16=0.0%, 32=0.0%, 64=0.0%, >=64=0.0%
     complete  : 0=0.0%, 4=100.0%, 8=0.0%, 16=0.0%, 32=0.0%, 64=0.0%, >=64=0.0%
     issued rwts: total=8192,0,0,0 short=0,0,0,0 dropped=0,0,0,0
     latency   : target=0, window=0, percentile=100.00%, depth=1

Run status group 0 (all jobs):
   READ: bw=2165MiB/s (2270MB/s), 2165MiB/s-2165MiB/s (2270MB/s-2270MB/s), io=1024MiB (1074MB), run=473-473msec
