randwrite: (g=0): rw=randwrite, bs=(R) 4096B-4096B, (W) 4096B-4096B, (T) 4096B-4096B, ioengine=psync, iodepth=1
...
fio-3.16
Starting 2 processes

randwrite: (groupid=0, jobs=2): err= 0: pid=11354: Wed Oct 29 13:36:01 2025
  write: IOPS=77.8k, BW=304MiB/s (319MB/s)(256MiB/842msec); 0 zone resets
    clat (usec): min=7, max=1836, avg=23.37, stdev= 9.07
     lat (usec): min=7, max=1836, avg=23.42, stdev= 9.08
    clat percentiles (usec):
     |  1.00th=[   10],  5.00th=[   19], 10.00th=[   20], 20.00th=[   22],
     | 30.00th=[   22], 40.00th=[   23], 50.00th=[   24], 60.00th=[   24],
     | 70.00th=[   25], 80.00th=[   26], 90.00th=[   28], 95.00th=[   33],
     | 99.00th=[   40], 99.50th=[   47], 99.90th=[   68], 99.95th=[   94],
     | 99.99th=[  110]
   bw (  KiB/s): min=332176, max=332176, per=100.00%, avg=332176.00, stdev= 0.00, samples=2
   iops        : min=83044, max=83044, avg=83044.00, stdev= 0.00, samples=2
  lat (usec)   : 10=1.95%, 20=12.61%, 50=84.99%, 100=0.43%, 250=0.02%
  lat (usec)   : 500=0.01%
  lat (msec)   : 2=0.01%
  cpu          : usr=2.03%, sys=21.29%, ctx=73426, majf=0, minf=20
  IO depths    : 1=100.0%, 2=0.0%, 4=0.0%, 8=0.0%, 16=0.0%, 32=0.0%, >=64=0.0%
     submit    : 0=0.0%, 4=100.0%, 8=0.0%, 16=0.0%, 32=0.0%, 64=0.0%, >=64=0.0%
     complete  : 0=0.0%, 4=100.0%, 8=0.0%, 16=0.0%, 32=0.0%, 64=0.0%, >=64=0.0%
     issued rwts: total=0,65536,0,2 short=0,0,0,0 dropped=0,0,0,0
     latency   : target=0, window=0, percentile=100.00%, depth=1

Run status group 0 (all jobs):
  WRITE: bw=304MiB/s (319MB/s), 304MiB/s-304MiB/s (319MB/s-319MB/s), io=256MiB (268MB), run=842-842msec
