randwrite: (g=0): rw=randwrite, bs=(R) 4096B-4096B, (W) 4096B-4096B, (T) 4096B-4096B, ioengine=psync, iodepth=1
...
fio-3.16
Starting 32 processes

randwrite: (groupid=0, jobs=32): err= 0: pid=11798: Wed Oct 29 13:37:47 2025
  write: IOPS=14.2k, BW=55.5MiB/s (58.2MB/s)(4096MiB/73801msec); 0 zone resets
    clat (usec): min=7, max=438029, avg=2235.38, stdev=2108.32
     lat (usec): min=7, max=438029, avg=2235.45, stdev=2108.32
    clat percentiles (usec):
     |  1.00th=[  139],  5.00th=[  258], 10.00th=[  306], 20.00th=[  400],
     | 30.00th=[  553], 40.00th=[  766], 50.00th=[ 1287], 60.00th=[ 3720],
     | 70.00th=[ 4015], 80.00th=[ 4228], 90.00th=[ 4424], 95.00th=[ 4621],
     | 99.00th=[ 4948], 99.50th=[ 5014], 99.90th=[ 7570], 99.95th=[11076],
     | 99.99th=[15270]
   bw (  KiB/s): min=48114, max=131716, per=99.81%, avg=56721.21, stdev=308.39, samples=4677
   iops        : min=12028, max=32926, avg=14180.24, stdev=77.09, samples=4677
  lat (usec)   : 10=0.04%, 20=0.10%, 50=0.14%, 100=0.34%, 250=3.81%
  lat (usec)   : 500=22.49%, 750=12.33%, 1000=7.32%
  lat (msec)   : 2=6.50%, 4=15.95%, 10=30.94%, 20=0.06%, 50=0.01%
  lat (msec)   : 100=0.01%, 250=0.01%, 500=0.01%
  cpu          : usr=0.06%, sys=2.87%, ctx=111602082, majf=0, minf=301
  IO depths    : 1=100.0%, 2=0.0%, 4=0.0%, 8=0.0%, 16=0.0%, 32=0.0%, >=64=0.0%
     submit    : 0=0.0%, 4=100.0%, 8=0.0%, 16=0.0%, 32=0.0%, 64=0.0%, >=64=0.0%
     complete  : 0=0.0%, 4=100.0%, 8=0.0%, 16=0.0%, 32=0.0%, 64=0.0%, >=64=0.0%
     issued rwts: total=0,1048576,0,32 short=0,0,0,0 dropped=0,0,0,0
     latency   : target=0, window=0, percentile=100.00%, depth=1

Run status group 0 (all jobs):
  WRITE: bw=55.5MiB/s (58.2MB/s), 55.5MiB/s-55.5MiB/s (58.2MB/s-58.2MB/s), io=4096MiB (4295MB), run=73801-73801msec
