randwrite: (g=0): rw=randwrite, bs=(R) 4096B-4096B, (W) 4096B-4096B, (T) 4096B-4096B, ioengine=psync, iodepth=1
...
fio-3.16
Starting 16 processes

randwrite: (groupid=0, jobs=16): err= 0: pid=317352: Wed Oct 29 11:59:50 2025
  write: IOPS=32.5k, BW=127MiB/s (133MB/s)(2048MiB/16151msec); 0 zone resets
    clat (usec): min=6, max=250803, avg=482.09, stdev=781.90
     lat (usec): min=6, max=250803, avg=482.14, stdev=781.90
    clat percentiles (usec):
     |  1.00th=[   38],  5.00th=[   99], 10.00th=[  128], 20.00th=[  172],
     | 30.00th=[  233], 40.00th=[  330], 50.00th=[  461], 60.00th=[  594],
     | 70.00th=[  709], 80.00th=[  783], 90.00th=[  848], 95.00th=[  898],
     | 99.00th=[  971], 99.50th=[ 1004], 99.90th=[ 1106], 99.95th=[ 2573],
     | 99.99th=[11731]
   bw (  KiB/s): min=117761, max=181560, per=100.00%, avg=130550.06, stdev=853.93, samples=496
   iops        : min=29440, max=45390, avg=32637.16, stdev=213.48, samples=496
  lat (usec)   : 10=0.03%, 20=0.07%, 50=1.53%, 100=3.46%, 250=27.15%
  lat (usec)   : 500=20.86%, 750=21.95%, 1000=24.44%
  lat (msec)   : 2=0.45%, 4=0.01%, 10=0.02%, 20=0.02%, 50=0.01%
  lat (msec)   : 250=0.01%, 500=0.01%
  cpu          : usr=0.18%, sys=5.35%, ctx=21418737, majf=0, minf=141
  IO depths    : 1=100.0%, 2=0.0%, 4=0.0%, 8=0.0%, 16=0.0%, 32=0.0%, >=64=0.0%
     submit    : 0=0.0%, 4=100.0%, 8=0.0%, 16=0.0%, 32=0.0%, 64=0.0%, >=64=0.0%
     complete  : 0=0.0%, 4=100.0%, 8=0.0%, 16=0.0%, 32=0.0%, 64=0.0%, >=64=0.0%
     issued rwts: total=0,524288,0,16 short=0,0,0,0 dropped=0,0,0,0
     latency   : target=0, window=0, percentile=100.00%, depth=1

Run status group 0 (all jobs):
  WRITE: bw=127MiB/s (133MB/s), 127MiB/s-127MiB/s (133MB/s-133MB/s), io=2048MiB (2147MB), run=16151-16151msec
