randwrite: (g=0): rw=randwrite, bs=(R) 128KiB-128KiB, (W) 128KiB-128KiB, (T) 128KiB-128KiB, ioengine=psync, iodepth=1
fio-3.16
Starting 1 process

randwrite: (groupid=0, jobs=1): err= 0: pid=29876: Thu Oct 30 01:38:26 2025
  write: IOPS=7420, BW=928MiB/s (973MB/s)(128MiB/138msec); 0 zone resets
    clat (usec): min=39, max=156, avg=94.07, stdev=20.68
     lat (usec): min=40, max=158, avg=94.89, stdev=20.69
    clat percentiles (usec):
     |  1.00th=[   50],  5.00th=[   61], 10.00th=[   70], 20.00th=[   72],
     | 30.00th=[   73], 40.00th=[  106], 50.00th=[  108], 60.00th=[  109],
     | 70.00th=[  110], 80.00th=[  111], 90.00th=[  113], 95.00th=[  115],
     | 99.00th=[  121], 99.50th=[  123], 99.90th=[  133], 99.95th=[  157],
     | 99.99th=[  157]
  lat (usec)   : 50=0.88%, 100=36.72%, 250=62.40%
  cpu          : usr=0.00%, sys=27.54%, ctx=1029, majf=0, minf=9
  IO depths    : 1=100.1%, 2=0.0%, 4=0.0%, 8=0.0%, 16=0.0%, 32=0.0%, >=64=0.0%
     submit    : 0=0.0%, 4=100.0%, 8=0.0%, 16=0.0%, 32=0.0%, 64=0.0%, >=64=0.0%
     complete  : 0=0.0%, 4=100.0%, 8=0.0%, 16=0.0%, 32=0.0%, 64=0.0%, >=64=0.0%
     issued rwts: total=0,1024,0,1 short=0,0,0,0 dropped=0,0,0,0
     latency   : target=0, window=0, percentile=100.00%, depth=1

Run status group 0 (all jobs):
  WRITE: bw=928MiB/s (973MB/s), 928MiB/s-928MiB/s (973MB/s-973MB/s), io=128MiB (134MB), run=138-138msec
