randread: (g=0): rw=randread, bs=(R) 128KiB-128KiB, (W) 128KiB-128KiB, (T) 128KiB-128KiB, ioengine=psync, iodepth=1
...
fio-3.16
Starting 32 processes

randread: (groupid=0, jobs=32): err= 0: pid=29285: Thu Oct 30 01:38:07 2025
  read: IOPS=15.7k, BW=1964MiB/s (2059MB/s)(4096MiB/2086msec)
    clat (usec): min=6, max=289433, avg=1950.55, stdev=5032.64
     lat (usec): min=6, max=289433, avg=1950.60, stdev=5032.64
    clat percentiles (usec):
     |  1.00th=[    16],  5.00th=[    18], 10.00th=[    21], 20.00th=[    26],
     | 30.00th=[    33], 40.00th=[  1434], 50.00th=[  2212], 60.00th=[  2573],
     | 70.00th=[  2835], 80.00th=[  3163], 90.00th=[  3818], 95.00th=[  4490],
     | 99.00th=[  6325], 99.50th=[  7242], 99.90th=[ 10290], 99.95th=[ 11338],
     | 99.99th=[287310]
   bw (  MiB/s): min= 1468, max= 2205, per=94.66%, avg=1858.78, stdev=12.62, samples=105
   iops        : min=11746, max=17646, avg=14869.83, stdev=100.94, samples=105
  lat (usec)   : 10=0.08%, 20=8.72%, 50=27.96%, 100=0.20%, 250=0.01%
  lat (usec)   : 500=0.27%, 750=0.59%, 1000=0.77%
  lat (msec)   : 2=7.66%, 4=45.48%, 10=8.14%, 20=0.09%, 500=0.03%
  cpu          : usr=0.13%, sys=2.98%, ctx=21727, majf=0, minf=1295
  IO depths    : 1=100.0%, 2=0.0%, 4=0.0%, 8=0.0%, 16=0.0%, 32=0.0%, >=64=0.0%
     submit    : 0=0.0%, 4=100.0%, 8=0.0%, 16=0.0%, 32=0.0%, 64=0.0%, >=64=0.0%
     complete  : 0=0.0%, 4=100.0%, 8=0.0%, 16=0.0%, 32=0.0%, 64=0.0%, >=64=0.0%
     issued rwts: total=32768,0,0,0 short=0,0,0,0 dropped=0,0,0,0
     latency   : target=0, window=0, percentile=100.00%, depth=1

Run status group 0 (all jobs):
   READ: bw=1964MiB/s (2059MB/s), 1964MiB/s-1964MiB/s (2059MB/s-2059MB/s), io=4096MiB (4295MB), run=2086-2086msec
