randwrite: (g=0): rw=randwrite, bs=(R) 128KiB-128KiB, (W) 128KiB-128KiB, (T) 128KiB-128KiB, ioengine=psync, iodepth=1
...
fio-3.16
Starting 4 processes

randwrite: (groupid=0, jobs=4): err= 0: pid=29969: Thu Oct 30 01:38:28 2025
  write: IOPS=5019, BW=627MiB/s (658MB/s)(512MiB/816msec); 0 zone resets
    clat (usec): min=61, max=75436, avg=700.67, stdev=1604.23
     lat (usec): min=63, max=75438, avg=702.81, stdev=1604.22
    clat percentiles (usec):
     |  1.00th=[  273],  5.00th=[  347], 10.00th=[  396], 20.00th=[  457],
     | 30.00th=[  474], 40.00th=[  537], 50.00th=[  619], 60.00th=[  717],
     | 70.00th=[  816], 80.00th=[  906], 90.00th=[ 1004], 95.00th=[ 1074],
     | 99.00th=[ 1172], 99.50th=[ 1237], 99.90th=[ 1483], 99.95th=[ 8029],
     | 99.99th=[74974]
   bw (  KiB/s): min=761856, max=761856, per=100.00%, avg=761856.00, stdev= 0.00, samples=4
   iops        : min= 5952, max= 5952, avg=5952.00, stdev= 0.00, samples=4
  lat (usec)   : 100=0.02%, 250=0.27%, 500=34.86%, 750=28.76%, 1000=25.76%
  lat (msec)   : 2=10.25%, 10=0.02%, 100=0.05%
  cpu          : usr=0.64%, sys=13.96%, ctx=567406, majf=0, minf=40
  IO depths    : 1=100.1%, 2=0.0%, 4=0.0%, 8=0.0%, 16=0.0%, 32=0.0%, >=64=0.0%
     submit    : 0=0.0%, 4=100.0%, 8=0.0%, 16=0.0%, 32=0.0%, 64=0.0%, >=64=0.0%
     complete  : 0=0.0%, 4=100.0%, 8=0.0%, 16=0.0%, 32=0.0%, 64=0.0%, >=64=0.0%
     issued rwts: total=0,4096,0,4 short=0,0,0,0 dropped=0,0,0,0
     latency   : target=0, window=0, percentile=100.00%, depth=1

Run status group 0 (all jobs):
  WRITE: bw=627MiB/s (658MB/s), 627MiB/s-627MiB/s (658MB/s-658MB/s), io=512MiB (537MB), run=816-816msec
