read: (g=0): rw=read, bs=(R) 128KiB-128KiB, (W) 128KiB-128KiB, (T) 128KiB-128KiB, ioengine=psync, iodepth=1
...
fio-3.16
Starting 4 processes

read: (groupid=0, jobs=4): err= 0: pid=28735: Thu Oct 30 01:37:52 2025
  read: IOPS=14.3k, BW=1784MiB/s (1871MB/s)(512MiB/287msec)
    clat (usec): min=11, max=9908, avg=277.52, stdev=478.65
     lat (usec): min=11, max=9909, avg=277.57, stdev=478.64
    clat percentiles (usec):
     |  1.00th=[   13],  5.00th=[   15], 10.00th=[   16], 20.00th=[   20],
     | 30.00th=[   32], 40.00th=[   35], 50.00th=[   86], 60.00th=[   96],
     | 70.00th=[  111], 80.00th=[  766], 90.00th=[  889], 95.00th=[ 1057],
     | 99.00th=[ 1287], 99.50th=[ 1385], 99.90th=[ 1663], 99.95th=[ 9372],
     | 99.99th=[ 9896]
  lat (usec)   : 20=21.22%, 50=28.00%, 100=12.35%, 250=11.60%, 500=1.51%
  lat (usec)   : 750=4.15%, 1000=13.38%
  lat (msec)   : 2=7.69%, 10=0.10%
  cpu          : usr=0.26%, sys=23.02%, ctx=1157, majf=0, minf=168
  IO depths    : 1=100.0%, 2=0.0%, 4=0.0%, 8=0.0%, 16=0.0%, 32=0.0%, >=64=0.0%
     submit    : 0=0.0%, 4=100.0%, 8=0.0%, 16=0.0%, 32=0.0%, 64=0.0%, >=64=0.0%
     complete  : 0=0.0%, 4=100.0%, 8=0.0%, 16=0.0%, 32=0.0%, 64=0.0%, >=64=0.0%
     issued rwts: total=4096,0,0,0 short=0,0,0,0 dropped=0,0,0,0
     latency   : target=0, window=0, percentile=100.00%, depth=1

Run status group 0 (all jobs):
   READ: bw=1784MiB/s (1871MB/s), 1784MiB/s-1784MiB/s (1871MB/s-1871MB/s), io=512MiB (537MB), run=287-287msec
