read: (g=0): rw=read, bs=(R) 4096B-4096B, (W) 4096B-4096B, (T) 4096B-4096B, ioengine=psync, iodepth=1
...
fio-3.16
Starting 8 processes

read: (groupid=0, jobs=8): err= 0: pid=12808: Thu Oct 30 01:13:40 2025
  read: IOPS=366k, BW=1430MiB/s (1500MB/s)(1024MiB/716msec)
    clat (nsec): min=404, max=12775k, avg=21466.51, stdev=248105.12
     lat (nsec): min=432, max=12775k, avg=21496.05, stdev=248105.24
    clat percentiles (nsec):
     |  1.00th=[     524],  5.00th=[     556], 10.00th=[     580],
     | 20.00th=[     612], 30.00th=[     660], 40.00th=[     740],
     | 50.00th=[     980], 60.00th=[    1064], 70.00th=[    1112],
     | 80.00th=[    1160], 90.00th=[    1304], 95.00th=[    1432],
     | 99.00th=[   83456], 99.50th=[ 2244608], 99.90th=[ 2703360],
     | 99.95th=[ 2899968], 99.99th=[11075584]
   bw (  MiB/s): min= 1529, max= 1529, per=100.00%, avg=1529.00, stdev= 0.00, samples=8
   iops        : min=391424, max=391424, avg=391424.00, stdev= 0.00, samples=8
  lat (nsec)   : 500=0.35%, 750=40.06%, 1000=10.51%
  lat (usec)   : 2=46.97%, 4=0.43%, 10=0.07%, 20=0.01%, 50=0.01%
  lat (usec)   : 100=0.69%, 250=0.05%, 500=0.01%, 750=0.01%, 1000=0.01%
  lat (msec)   : 2=0.18%, 4=0.61%, 10=0.01%, 20=0.01%
  cpu          : usr=1.32%, sys=9.73%, ctx=2496, majf=0, minf=80
  IO depths    : 1=100.0%, 2=0.0%, 4=0.0%, 8=0.0%, 16=0.0%, 32=0.0%, >=64=0.0%
     submit    : 0=0.0%, 4=100.0%, 8=0.0%, 16=0.0%, 32=0.0%, 64=0.0%, >=64=0.0%
     complete  : 0=0.0%, 4=100.0%, 8=0.0%, 16=0.0%, 32=0.0%, 64=0.0%, >=64=0.0%
     issued rwts: total=262144,0,0,0 short=0,0,0,0 dropped=0,0,0,0
     latency   : target=0, window=0, percentile=100.00%, depth=1

Run status group 0 (all jobs):
   READ: bw=1430MiB/s (1500MB/s), 1430MiB/s-1430MiB/s (1500MB/s-1500MB/s), io=1024MiB (1074MB), run=716-716msec
