read: (g=0): rw=read, bs=(R) 4096B-4096B, (W) 4096B-4096B, (T) 4096B-4096B, ioengine=psync, iodepth=1
...
fio-3.16
Starting 2 processes

read: (groupid=0, jobs=2): err= 0: pid=6870: Wed Oct 29 13:33:27 2025
  read: IOPS=350k, BW=1369MiB/s (1435MB/s)(256MiB/187msec)
    clat (nsec): min=441, max=8487.8k, avg=5442.08, stdev=61160.41
     lat (nsec): min=468, max=8488.5k, avg=5470.77, stdev=61162.44
    clat percentiles (nsec):
     |  1.00th=[   494],  5.00th=[   564], 10.00th=[   604], 20.00th=[   644],
     | 30.00th=[   692], 40.00th=[   740], 50.00th=[  1064], 60.00th=[  1128],
     | 70.00th=[  1176], 80.00th=[  1288], 90.00th=[  1432], 95.00th=[  1624],
     | 99.00th=[ 89600], 99.50th=[378880], 99.90th=[536576], 99.95th=[618496],
     | 99.99th=[798720]
  lat (nsec)   : 500=1.25%, 750=39.65%, 1000=8.22%
  lat (usec)   : 2=48.50%, 4=0.65%, 10=0.10%, 20=0.03%, 50=0.01%
  lat (usec)   : 100=0.62%, 250=0.16%, 500=0.64%, 750=0.17%, 1000=0.01%
  lat (msec)   : 2=0.01%, 10=0.01%
  cpu          : usr=2.96%, sys=40.70%, ctx=665, majf=0, minf=25
  IO depths    : 1=100.0%, 2=0.0%, 4=0.0%, 8=0.0%, 16=0.0%, 32=0.0%, >=64=0.0%
     submit    : 0=0.0%, 4=100.0%, 8=0.0%, 16=0.0%, 32=0.0%, 64=0.0%, >=64=0.0%
     complete  : 0=0.0%, 4=100.0%, 8=0.0%, 16=0.0%, 32=0.0%, 64=0.0%, >=64=0.0%
     issued rwts: total=65536,0,0,0 short=0,0,0,0 dropped=0,0,0,0
     latency   : target=0, window=0, percentile=100.00%, depth=1

Run status group 0 (all jobs):
   READ: bw=1369MiB/s (1435MB/s), 1369MiB/s-1369MiB/s (1435MB/s-1435MB/s), io=256MiB (268MB), run=187-187msec
