read: (g=0): rw=read, bs=(R) 128KiB-128KiB, (W) 128KiB-128KiB, (T) 128KiB-128KiB, ioengine=psync, iodepth=1
...
fio-3.16
Starting 2 processes

read: (groupid=0, jobs=2): err= 0: pid=28688: Thu Oct 30 01:37:51 2025
  read: IOPS=13.7k, BW=1718MiB/s (1802MB/s)(256MiB/149msec)
    clat (usec): min=9, max=9081, avg=144.38, stdev=310.14
     lat (usec): min=9, max=9082, avg=144.41, stdev=310.14
    clat percentiles (usec):
     |  1.00th=[   12],  5.00th=[   13], 10.00th=[   14], 20.00th=[   16],
     | 30.00th=[   32], 40.00th=[   35], 50.00th=[   85], 60.00th=[  108],
     | 70.00th=[  198], 80.00th=[  293], 90.00th=[  383], 95.00th=[  412],
     | 99.00th=[  586], 99.50th=[  627], 99.90th=[  750], 99.95th=[ 8717],
     | 99.99th=[ 9110]
  lat (usec)   : 10=0.10%, 20=22.80%, 50=26.46%, 100=7.23%, 250=19.09%
  lat (usec)   : 500=22.85%, 750=1.32%, 1000=0.05%
  lat (msec)   : 10=0.10%
  cpu          : usr=0.00%, sys=43.73%, ctx=731, majf=0, minf=83
  IO depths    : 1=100.0%, 2=0.0%, 4=0.0%, 8=0.0%, 16=0.0%, 32=0.0%, >=64=0.0%
     submit    : 0=0.0%, 4=100.0%, 8=0.0%, 16=0.0%, 32=0.0%, 64=0.0%, >=64=0.0%
     complete  : 0=0.0%, 4=100.0%, 8=0.0%, 16=0.0%, 32=0.0%, 64=0.0%, >=64=0.0%
     issued rwts: total=2048,0,0,0 short=0,0,0,0 dropped=0,0,0,0
     latency   : target=0, window=0, percentile=100.00%, depth=1

Run status group 0 (all jobs):
   READ: bw=1718MiB/s (1802MB/s), 1718MiB/s-1718MiB/s (1802MB/s-1802MB/s), io=256MiB (268MB), run=149-149msec
