write: (g=0): rw=write, bs=(R) 4096B-4096B, (W) 4096B-4096B, (T) 4096B-4096B, ioengine=psync, iodepth=1
...
fio-3.16
Starting 2 processes

write: (groupid=0, jobs=2): err= 0: pid=8876: Wed Oct 29 13:34:19 2025
  write: IOPS=76.9k, BW=300MiB/s (315MB/s)(256MiB/852msec); 0 zone resets
    clat (usec): min=9, max=8039, avg=22.50, stdev=42.61
     lat (usec): min=9, max=8041, avg=22.57, stdev=42.61
    clat percentiles (nsec):
     |  1.00th=[10176],  5.00th=[12224], 10.00th=[20864], 20.00th=[21120],
     | 30.00th=[21376], 40.00th=[21376], 50.00th=[21632], 60.00th=[22144],
     | 70.00th=[22656], 80.00th=[23680], 90.00th=[25216], 95.00th=[29824],
     | 99.00th=[35584], 99.50th=[37632], 99.90th=[44800], 99.95th=[48384],
     | 99.99th=[90624]
   bw (  KiB/s): min=348960, max=348960, per=100.00%, avg=348960.00, stdev= 0.00, samples=2
   iops        : min=87240, max=87240, avg=87240.00, stdev= 0.00, samples=2
  lat (usec)   : 10=0.20%, 20=5.85%, 50=93.91%, 100=0.03%, 250=0.01%
  lat (usec)   : 500=0.01%
  lat (msec)   : 2=0.01%, 10=0.01%
  cpu          : usr=4.29%, sys=18.18%, ctx=75572, majf=0, minf=21
  IO depths    : 1=100.0%, 2=0.0%, 4=0.0%, 8=0.0%, 16=0.0%, 32=0.0%, >=64=0.0%
     submit    : 0=0.0%, 4=100.0%, 8=0.0%, 16=0.0%, 32=0.0%, 64=0.0%, >=64=0.0%
     complete  : 0=0.0%, 4=100.0%, 8=0.0%, 16=0.0%, 32=0.0%, 64=0.0%, >=64=0.0%
     issued rwts: total=0,65536,0,2 short=0,0,0,0 dropped=0,0,0,0
     latency   : target=0, window=0, percentile=100.00%, depth=1

Run status group 0 (all jobs):
  WRITE: bw=300MiB/s (315MB/s), 300MiB/s-300MiB/s (315MB/s-315MB/s), io=256MiB (268MB), run=852-852msec
