write: (g=0): rw=write, bs=(R) 128KiB-128KiB, (W) 128KiB-128KiB, (T) 128KiB-128KiB, ioengine=psync, iodepth=1
...
fio-3.16
Starting 8 processes

write: (groupid=0, jobs=8): err= 0: pid=29558: Thu Oct 30 01:38:15 2025
  write: IOPS=2658, BW=332MiB/s (349MB/s)(1024MiB/3081msec); 0 zone resets
    clat (usec): min=106, max=332264, avg=2674.83, stdev=3994.21
     lat (usec): min=107, max=332266, avg=2677.02, stdev=3994.25
    clat percentiles (usec):
     |  1.00th=[   157],  5.00th=[   383], 10.00th=[   758], 20.00th=[   996],
     | 30.00th=[  1270], 40.00th=[  1565], 50.00th=[  2376], 60.00th=[  3326],
     | 70.00th=[  4178], 80.00th=[  4555], 90.00th=[  4752], 95.00th=[  4883],
     | 99.00th=[  5080], 99.50th=[  5145], 99.90th=[  6587], 99.95th=[  7832],
     | 99.99th=[333448]
   bw (  KiB/s): min=354560, max=427520, per=100.00%, avg=372838.40, stdev=4372.76, samples=40
   iops        : min= 2770, max= 3340, avg=2912.80, stdev=34.16, samples=40
  lat (usec)   : 250=3.27%, 500=3.25%, 750=3.03%, 1000=10.83%
  lat (msec)   : 2=27.01%, 4=18.96%, 10=33.64%, 500=0.01%
  cpu          : usr=0.12%, sys=9.06%, ctx=3589411, majf=0, minf=85
  IO depths    : 1=100.1%, 2=0.0%, 4=0.0%, 8=0.0%, 16=0.0%, 32=0.0%, >=64=0.0%
     submit    : 0=0.0%, 4=100.0%, 8=0.0%, 16=0.0%, 32=0.0%, 64=0.0%, >=64=0.0%
     complete  : 0=0.0%, 4=100.0%, 8=0.0%, 16=0.0%, 32=0.0%, 64=0.0%, >=64=0.0%
     issued rwts: total=0,8192,0,8 short=0,0,0,0 dropped=0,0,0,0
     latency   : target=0, window=0, percentile=100.00%, depth=1

Run status group 0 (all jobs):
  WRITE: bw=332MiB/s (349MB/s), 332MiB/s-332MiB/s (349MB/s-349MB/s), io=1024MiB (1074MB), run=3081-3081msec
