write: (g=0): rw=write, bs=(R) 128KiB-128KiB, (W) 128KiB-128KiB, (T) 128KiB-128KiB, ioengine=psync, iodepth=1
...
fio-3.16
Starting 16 processes

write: (groupid=0, jobs=16): err= 0: pid=29612: Thu Oct 30 01:38:19 2025
  write: IOPS=5303, BW=663MiB/s (695MB/s)(2048MiB/3089msec); 0 zone resets
    clat (usec): min=113, max=599702, avg=2320.47, stdev=7616.10
     lat (usec): min=113, max=599704, avg=2322.41, stdev=7616.21
    clat percentiles (usec):
     |  1.00th=[   128],  5.00th=[   159], 10.00th=[   180], 20.00th=[   231],
     | 30.00th=[   269], 40.00th=[   392], 50.00th=[   611], 60.00th=[   816],
     | 70.00th=[  1139], 80.00th=[  3163], 90.00th=[  7635], 95.00th=[  9503],
     | 99.00th=[ 14353], 99.50th=[ 22676], 99.90th=[ 34341], 99.95th=[ 38011],
     | 99.99th=[599786]
   bw (  KiB/s): min=518843, max=1091427, per=100.00%, avg=771018.70, stdev=15051.88, samples=66
   iops        : min= 4053, max= 8526, avg=6023.00, stdev=117.58, samples=66
  lat (usec)   : 250=21.45%, 500=24.50%, 750=10.67%, 1000=10.38%
  lat (msec)   : 2=10.66%, 4=2.98%, 10=15.31%, 20=3.47%, 50=0.57%
  lat (msec)   : 750=0.01%
  cpu          : usr=0.05%, sys=4.80%, ctx=2354786, majf=0, minf=168
  IO depths    : 1=100.1%, 2=0.0%, 4=0.0%, 8=0.0%, 16=0.0%, 32=0.0%, >=64=0.0%
     submit    : 0=0.0%, 4=100.0%, 8=0.0%, 16=0.0%, 32=0.0%, 64=0.0%, >=64=0.0%
     complete  : 0=0.0%, 4=100.0%, 8=0.0%, 16=0.0%, 32=0.0%, 64=0.0%, >=64=0.0%
     issued rwts: total=0,16384,0,16 short=0,0,0,0 dropped=0,0,0,0
     latency   : target=0, window=0, percentile=100.00%, depth=1

Run status group 0 (all jobs):
  WRITE: bw=663MiB/s (695MB/s), 663MiB/s-663MiB/s (695MB/s-695MB/s), io=2048MiB (2147MB), run=3089-3089msec
