write: (g=0): rw=write, bs=(R) 4096B-4096B, (W) 4096B-4096B, (T) 4096B-4096B, ioengine=psync, iodepth=1
...
fio-3.16
Starting 4 processes

write: (groupid=0, jobs=4): err= 0: pid=8923: Wed Oct 29 13:34:22 2025
  write: IOPS=77.6k, BW=303MiB/s (318MB/s)(512MiB/1688msec); 0 zone resets
    clat (usec): min=9, max=111771, avg=46.80, stdev=415.41
     lat (usec): min=9, max=111772, avg=46.87, stdev=415.41
    clat percentiles (usec):
     |  1.00th=[   20],  5.00th=[   25], 10.00th=[   29], 20.00th=[   34],
     | 30.00th=[   38], 40.00th=[   43], 50.00th=[   46], 60.00th=[   49],
     | 70.00th=[   52], 80.00th=[   56], 90.00th=[   62], 95.00th=[   67],
     | 99.00th=[   75], 99.50th=[   79], 99.90th=[   90], 99.95th=[   98],
     | 99.99th=[  306]
   bw (  KiB/s): min=347760, max=352880, per=100.00%, avg=350604.00, stdev=859.49, samples=10
   iops        : min=86940, max=88220, avg=87651.00, stdev=214.87, samples=10
  lat (usec)   : 10=0.01%, 20=1.29%, 50=63.88%, 100=34.78%, 250=0.03%
  lat (usec)   : 500=0.01%, 750=0.01%, 1000=0.01%
  lat (msec)   : 2=0.01%, 10=0.01%, 100=0.01%, 250=0.01%
  cpu          : usr=1.80%, sys=13.58%, ctx=705685, majf=0, minf=39
  IO depths    : 1=100.0%, 2=0.0%, 4=0.0%, 8=0.0%, 16=0.0%, 32=0.0%, >=64=0.0%
     submit    : 0=0.0%, 4=100.0%, 8=0.0%, 16=0.0%, 32=0.0%, 64=0.0%, >=64=0.0%
     complete  : 0=0.0%, 4=100.0%, 8=0.0%, 16=0.0%, 32=0.0%, 64=0.0%, >=64=0.0%
     issued rwts: total=0,131072,0,4 short=0,0,0,0 dropped=0,0,0,0
     latency   : target=0, window=0, percentile=100.00%, depth=1

Run status group 0 (all jobs):
  WRITE: bw=303MiB/s (318MB/s), 303MiB/s-303MiB/s (318MB/s-318MB/s), io=512MiB (537MB), run=1688-1688msec
