write: (g=0): rw=write, bs=(R) 128KiB-128KiB, (W) 128KiB-128KiB, (T) 128KiB-128KiB, ioengine=psync, iodepth=1
...
fio-3.16
Starting 32 processes

write: (groupid=0, jobs=32): err= 0: pid=46661: Thu Oct 30 02:00:11 2025
  write: IOPS=9757, BW=1220MiB/s (1279MB/s)(16.0GiB/13433msec); 0 zone resets
    clat (usec): min=110, max=153064, avg=2695.34, stdev=8134.21
     lat (usec): min=111, max=153067, avg=2697.70, stdev=8134.34
    clat percentiles (usec):
     |  1.00th=[   122],  5.00th=[   141], 10.00th=[   167], 20.00th=[   310],
     | 30.00th=[   562], 40.00th=[   668], 50.00th=[   750], 60.00th=[   996],
     | 70.00th=[  1418], 80.00th=[  2278], 90.00th=[  3589], 95.00th=[  9634],
     | 99.00th=[ 46400], 99.50th=[ 58983], 99.90th=[ 90702], 99.95th=[106431],
     | 99.99th=[129500]
   bw (  MiB/s): min=  887, max= 2065, per=100.00%, avg=1432.99, stdev=10.59, samples=684
   iops        : min= 7102, max=16516, avg=11461.28, stdev=84.74, samples=684
  lat (usec)   : 250=14.86%, 500=11.74%, 750=23.60%, 1000=9.82%
  lat (msec)   : 2=17.42%, 4=14.01%, 10=3.62%, 20=1.85%, 50=2.25%
  lat (msec)   : 100=0.76%, 250=0.07%
  cpu          : usr=0.12%, sys=2.79%, ctx=3576283, majf=0, minf=327
  IO depths    : 1=100.0%, 2=0.0%, 4=0.0%, 8=0.0%, 16=0.0%, 32=0.0%, >=64=0.0%
     submit    : 0=0.0%, 4=100.0%, 8=0.0%, 16=0.0%, 32=0.0%, 64=0.0%, >=64=0.0%
     complete  : 0=0.0%, 4=100.0%, 8=0.0%, 16=0.0%, 32=0.0%, 64=0.0%, >=64=0.0%
     issued rwts: total=0,131072,0,32 short=0,0,0,0 dropped=0,0,0,0
     latency   : target=0, window=0, percentile=100.00%, depth=1

Run status group 0 (all jobs):
  WRITE: bw=1220MiB/s (1279MB/s), 1220MiB/s-1220MiB/s (1279MB/s-1279MB/s), io=16.0GiB (17.2GB), run=13433-13433msec
