#           time             counts unit events
     0.100115014        785,631,425      cycles                                                        (42.23%)
     0.100115014        877,960,962      instructions              #    1.12  insn per cycle           (42.43%)
     0.100115014        183,584,683      branches                                                      (39.32%)
     0.100115014          7,748,919      branch-misses             #    4.22% of all branches          (38.62%)
     0.100115014              2,530      cs                                                          
     0.100115014              2,530      context-switches                                            
     0.100115014          1,899,771      LLC-loads                                                     (38.63%)
     0.100115014            269,288      LLC-load-misses           #   14.17% of all LL-cache accesses  (38.43%)
     0.201883443        247,046,242      cycles                                                        (42.72%)
     0.201883443        336,433,121      instructions              #    1.36  insn per cycle           (45.07%)
     0.201883443         84,079,857      branches                                                      (44.21%)
     0.201883443          3,718,984      branch-misses             #    4.42% of all branches          (41.01%)
     0.201883443              1,344      cs                                                          
     0.201883443              1,344      context-switches                                            
     0.201883443            944,727      LLC-loads                                                     (39.23%)
     0.201883443            166,442      LLC-load-misses           #   17.62% of all LL-cache accesses  (39.04%)
     0.304067131         21,282,598      cycles                                                        (42.00%)
     0.304067131          7,966,045      instructions              #    0.37  insn per cycle           (45.08%)
     0.304067131          1,599,824      branches                                                      (45.08%)
     0.304067131             47,299      branch-misses             #    2.96% of all branches          (45.09%)
     0.304067131                194      cs                                                          
     0.304067131                194      context-switches                                            
     0.304067131             19,017      LLC-loads                                                     (42.95%)
     0.304067131              4,574      LLC-load-misses           #   24.05% of all LL-cache accesses  (39.72%)
     0.405905215         15,545,655      cycles                                                        (37.78%)
     0.405905215          7,491,233      instructions              #    0.48  insn per cycle           (43.34%)
     0.405905215          1,575,577      branches                                                      (45.02%)
     0.405905215             31,035      branch-misses             #    1.97% of all branches          (45.01%)
     0.405905215                189      cs                                                          
     0.405905215                189      context-switches                                            
     0.405905215             49,958      LLC-loads                                                     (45.02%)
     0.405905215              4,487      LLC-load-misses           #    8.98% of all LL-cache accesses  (43.81%)
     0.507708604         12,709,281      cycles                                                        (36.95%)
     0.507708604          2,788,314      instructions              #    0.22  insn per cycle           (39.31%)
     0.507708604          1,470,822      branches                                                      (41.66%)
     0.507708604             26,214      branch-misses             #    1.78% of all branches          (44.46%)
     0.507708604                208      cs                                                          
     0.507708604                208      context-switches                                            
     0.507708604             48,452      LLC-loads                                                     (44.99%)
     0.507708604              4,925      LLC-load-misses           #   10.16% of all LL-cache accesses  (44.79%)
     0.609480920         16,780,631      cycles                                                        (36.95%)
     0.609480920          2,465,657      instructions              #    0.15  insn per cycle           (39.30%)
     0.609480920            542,048      branches                                                      (39.31%)
     0.609480920             18,459      branch-misses             #    3.41% of all branches          (40.46%)
     0.609480920                172      cs                                                          
     0.609480920                172      context-switches                                            
     0.609480920             48,696      LLC-loads                                                     (43.70%)
     0.609480920              6,582      LLC-load-misses           #   13.52% of all LL-cache accesses  (44.77%)
     0.711214472         86,571,743      cycles                                                        (36.94%)
     0.711214472         45,450,871      instructions              #    0.53  insn per cycle           (39.30%)
     0.711214472          2,058,871      branches                                                      (39.31%)
     0.711214472             14,214      branch-misses             #    0.69% of all branches          (39.31%)
     0.711214472                299      cs                                                          
     0.711214472                299      context-switches                                            
     0.711214472             58,266      LLC-loads                                                     (39.43%)
     0.711214472             38,043      LLC-load-misses           #   65.29% of all LL-cache accesses  (41.91%)
     0.812999314         13,668,514      cycles                                                        (37.62%)
     0.812999314          2,555,854      instructions              #    0.19  insn per cycle           (39.30%)
     0.812999314            528,480      branches                                                      (39.30%)
     0.812999314             16,925      branch-misses             #    3.20% of all branches          (39.30%)
     0.812999314                178      cs                                                          
     0.812999314                178      context-switches                                            
     0.812999314             13,317      LLC-loads                                                     (39.30%)
     0.812999314              4,044      LLC-load-misses           #   30.37% of all LL-cache accesses  (39.09%)
     0.914779584        393,468,450      cycles                                                        (43.90%)
     0.914779584        408,949,552      instructions              #    1.04  insn per cycle           (44.17%)
     0.914779584         49,588,535      branches                                                      (40.44%)
     0.914779584            132,584      branch-misses             #    0.27% of all branches          (38.51%)
     0.914779584                315      cs                                                          
     0.914779584                315      context-switches                                            
     0.914779584             90,656      LLC-loads                                                     (37.72%)
     0.914779584             28,873      LLC-load-misses           #   31.85% of all LL-cache accesses  (37.53%)
     1.026240917         80,917,732      cycles                                                        (43.61%)
     1.026240917         92,005,452      instructions              #    1.14  insn per cycle           (47.75%)
     1.026240917         19,004,017      branches                                                      (47.63%)
     1.026240917            154,766      branch-misses             #    0.81% of all branches          (45.81%)
     1.026240917                353      cs                                                          
     1.026240917                353      context-switches                                            
     1.026240917            150,144      LLC-loads                                                     (42.88%)
     1.026240917             32,224      LLC-load-misses           #   21.46% of all LL-cache accesses  (38.95%)
     1.128082338         13,809,501      cycles                                                        (36.94%)
     1.128082338          6,868,324      instructions              #    0.50  insn per cycle           (41.21%)
     1.128082338          1,547,366      branches                                                      (44.31%)
     1.128082338             28,065      branch-misses             #    1.81% of all branches          (45.00%)
     1.128082338                186      cs                                                          
     1.128082338                186      context-switches                                            
     1.128082338             50,219      LLC-loads                                                     (45.00%)
     1.128082338              6,436      LLC-load-misses           #   12.82% of all LL-cache accesses  (44.71%)
     1.229878596        227,745,978      cycles                                                        (36.59%)
     1.229878596        166,873,750      instructions              #    0.73  insn per cycle           (38.93%)
     1.229878596         37,313,172      branches                                                      (39.83%)
     1.229878596          1,604,048      branch-misses             #    4.30% of all branches          (43.04%)
     1.229878596              1,227      cs                                                          
     1.229878596              1,227      context-switches                                            
     1.229878596            552,691      LLC-loads                                                     (45.50%)
     1.229878596            126,436      LLC-load-misses           #   22.88% of all LL-cache accesses  (45.31%)
     1.334423959        518,686,501      cycles                                                        (35.88%)
     1.334423959        626,183,121      instructions              #    1.21  insn per cycle           (38.17%)
     1.334423959        123,878,716      branches                                                      (38.17%)
     1.334423959          6,314,556      branch-misses             #    5.10% of all branches          (38.17%)
     1.334423959              1,361      cs                                                          
     1.334423959              1,361      context-switches                                            
     1.334423959          1,361,344      LLC-loads                                                     (39.57%)
     1.334423959            131,730      LLC-load-misses           #    9.68% of all LL-cache accesses  (43.19%)
