#           time             counts unit events
     0.100125840        550,933,745      cycles                                                        (42.23%)
     0.100125840        784,328,283      instructions              #    1.42  insn per cycle           (41.30%)
     0.100125840        188,873,230      branches                                                      (38.58%)
     0.100125840          6,614,511      branch-misses             #    3.50% of all branches          (38.11%)
     0.100125840              2,237      cs                                                          
     0.100125840              2,237      context-switches                                            
     0.100125840          1,915,636      LLC-loads                                                     (38.11%)
     0.100125840            376,718      LLC-load-misses           #   19.67% of all LL-cache accesses  (38.11%)
     0.204531679         96,698,223      cycles                                                        (43.37%)
     0.204531679        123,516,773      instructions              #    1.28  insn per cycle           (45.32%)
     0.204531679         32,003,292      branches                                                      (44.21%)
     0.204531679          2,589,352      branch-misses             #    8.09% of all branches          (40.83%)
     0.204531679                962      cs                                                          
     0.204531679                962      context-switches                                            
     0.204531679            755,540      LLC-loads                                                     (39.05%)
     0.204531679             93,946      LLC-load-misses           #   12.43% of all LL-cache accesses  (39.05%)
     0.306515451         22,874,774      cycles                                                        (42.47%)
     0.306515451          8,213,141      instructions              #    0.36  insn per cycle           (45.02%)
     0.306515451          1,632,302      branches                                                      (45.01%)
     0.306515451             34,504      branch-misses             #    2.11% of all branches          (44.98%)
     0.306515451                173      cs                                                          
     0.306515451                173      context-switches                                            
     0.306515451             15,602      LLC-loads                                                     (42.85%)
     0.306515451              2,289      LLC-load-misses           #   14.67% of all LL-cache accesses  (39.88%)
     0.408319423         14,820,279      cycles                                                        (38.28%)
     0.408319423          8,424,595      instructions              #    0.57  insn per cycle           (43.42%)
     0.408319423          3,040,144      branches                                                      (45.01%)
     0.408319423             47,296      branch-misses             #    1.56% of all branches          (45.00%)
     0.408319423                338      cs                                                          
     0.408319423                338      context-switches                                            
     0.408319423             72,336      LLC-loads                                                     (44.99%)
     0.408319423              9,948      LLC-load-misses           #   13.75% of all LL-cache accesses  (44.06%)
     0.510161481         14,498,861      cycles                                                        (37.33%)
     0.510161481          5,152,621      instructions              #    0.36  insn per cycle           (39.45%)
     0.510161481          1,593,683      branches                                                      (41.80%)
     0.510161481             30,411      branch-misses             #    1.91% of all branches          (44.57%)
     0.510161481                179      cs                                                          
     0.510161481                179      context-switches                                            
     0.510161481             57,074      LLC-loads                                                     (44.97%)
     0.510161481              5,534      LLC-load-misses           #    9.70% of all LL-cache accesses  (44.97%)
     0.611844234          8,645,572      cycles                                                        (37.38%)
     0.611844234          2,118,294      instructions              #    0.25  insn per cycle           (39.35%)
     0.611844234            437,366      branches                                                      (39.35%)
     0.611844234             16,825      branch-misses             #    3.85% of all branches          (40.51%)
     0.611844234                175      cs                                                          
     0.611844234                175      context-switches                                            
     0.611844234             45,947      LLC-loads                                                     (43.62%)
     0.611844234              5,589      LLC-load-misses           #   12.16% of all LL-cache accesses  (44.91%)
     0.713476868         16,788,669      cycles                                                        (37.37%)
     0.713476868          3,031,067      instructions              #    0.18  insn per cycle           (39.35%)
     0.713476868            577,545      branches                                                      (39.34%)
     0.713476868             10,561      branch-misses             #    1.83% of all branches          (39.33%)
     0.713476868                198      cs                                                          
     0.713476868                198      context-switches                                            
     0.713476868             29,264      LLC-loads                                                     (39.77%)
     0.713476868              6,563      LLC-load-misses           #   22.43% of all LL-cache accesses  (42.40%)
     0.815213008         15,402,105      cycles                                                        (38.06%)
     0.815213008          2,383,259      instructions              #    0.15  insn per cycle           (39.32%)
     0.815213008            497,888      branches                                                      (39.32%)
     0.815213008              8,231      branch-misses             #    1.65% of all branches          (39.31%)
     0.815213008                174      cs                                                          
     0.815213008                174      context-switches                                            
     0.815213008              8,966      LLC-loads                                                     (39.31%)
     0.815213008              2,078      LLC-load-misses           #   23.18% of all LL-cache accesses  (39.32%)
     0.916932812        235,072,973      cycles                                                        (44.92%)
     0.916932812        208,394,133      instructions              #    0.89  insn per cycle           (44.66%)
     0.916932812         24,498,907      branches                                                      (41.06%)
     0.916932812            104,480      branch-misses             #    0.43% of all branches          (38.08%)
     0.916932812                222      cs                                                          
     0.916932812                222      context-switches                                            
     0.916932812             70,136      LLC-loads                                                     (37.07%)
     0.916932812             35,153      LLC-load-misses           #   50.12% of all LL-cache accesses  (37.07%)
     1.026154247        170,839,292      cycles                                                        (40.97%)
     1.026154247        332,097,182      instructions              #    1.94  insn per cycle           (46.25%)
     1.026154247         75,828,543      branches                                                      (49.45%)
     1.026154247            491,999      branch-misses             #    0.65% of all branches          (49.12%)
     1.026154247                324      cs                                                          
     1.026154247                324      context-switches                                            
     1.026154247            360,986      LLC-loads                                                     (46.52%)
     1.026154247             61,397      LLC-load-misses           #   17.01% of all LL-cache accesses  (42.94%)
     1.138629273         15,476,249      cycles                                                        (36.62%)
     1.138629273          3,283,040      instructions              #    0.21  insn per cycle           (38.64%)
     1.138629273          2,065,758      branches                                                      (38.94%)
     1.138629273             64,896      branch-misses             #    3.14% of all branches          (42.40%)
     1.138629273                251      cs                                                          
     1.138629273                251      context-switches                                            
     1.138629273            109,108      LLC-loads                                                     (45.37%)
     1.138629273             23,169      LLC-load-misses           #   21.23% of all LL-cache accesses  (46.03%)
     1.240453694        319,685,020      cycles                                                        (37.03%)
     1.240453694        239,823,490      instructions              #    0.75  insn per cycle           (38.98%)
     1.240453694         34,916,686      branches                                                      (38.98%)
     1.240453694          1,076,047      branch-misses             #    3.08% of all branches          (38.98%)
     1.240453694              1,156      cs                                                          
     1.240453694              1,156      context-switches                                            
     1.240453694            511,644      LLC-loads                                                     (39.87%)
     1.240453694            149,095      LLC-load-misses           #   29.14% of all LL-cache accesses  (43.09%)
     1.343093869        697,418,689      cycles                                                        (38.25%)
     1.343093869        719,599,874      instructions              #    1.03  insn per cycle           (38.49%)
     1.343093869        138,963,921      branches                                                      (38.46%)
     1.343093869          6,686,114      branch-misses             #    4.81% of all branches          (38.46%)
     1.343093869              1,359      cs                                                          
     1.343093869              1,359      context-switches                                            
     1.343093869          1,477,925      LLC-loads                                                     (38.46%)
     1.343093869            132,378      LLC-load-misses           #    8.96% of all LL-cache accesses  (38.46%)
