randread: (g=0): rw=randread, bs=(R) 4096B-4096B, (W) 4096B-4096B, (T) 4096B-4096B, ioengine=psync, iodepth=1
fio-3.16
Starting 1 process

randread: (groupid=0, jobs=1): err= 0: pid=21654: Sun Oct 26 15:36:40 2025
  read: IOPS=1781, BW=7126KiB/s (7297kB/s)(128MiB/18393msec)
    clat (nsec): min=466, max=25020k, avg=560393.99, stdev=1153456.47
     lat (nsec): min=479, max=25020k, avg=560491.46, stdev=1153463.23
    clat percentiles (nsec):
     |  1.00th=[     916],  5.00th=[    1400], 10.00th=[    1768],
     | 20.00th=[    2384], 30.00th=[    3472], 40.00th=[  113152],
     | 50.00th=[  456704], 60.00th=[  757760], 70.00th=[  872448],
     | 80.00th=[  962560], 90.00th=[ 1056768], 95.00th=[ 1138688],
     | 99.00th=[ 1843200], 99.50th=[ 7045120], 99.90th=[18743296],
     | 99.95th=[21626880], 99.99th=[23986176]
   bw (  KiB/s): min= 2608, max=13624, per=97.31%, avg=6934.22, stdev=2672.94, samples=36
   iops        : min=  652, max= 3406, avg=1733.50, stdev=668.22, samples=36
  lat (nsec)   : 500=0.01%, 750=0.33%, 1000=1.14%
  lat (usec)   : 2=12.61%, 4=18.25%, 10=4.24%, 20=0.31%, 50=0.68%
  lat (usec)   : 100=1.65%, 250=5.00%, 500=6.64%, 750=8.69%, 1000=24.85%
  lat (msec)   : 2=14.66%, 4=0.36%, 10=0.19%, 20=0.31%, 50=0.07%
  cpu          : usr=0.54%, sys=1.25%, ctx=20755, majf=0, minf=11
  IO depths    : 1=100.0%, 2=0.0%, 4=0.0%, 8=0.0%, 16=0.0%, 32=0.0%, >=64=0.0%
     submit    : 0=0.0%, 4=100.0%, 8=0.0%, 16=0.0%, 32=0.0%, 64=0.0%, >=64=0.0%
     complete  : 0=0.0%, 4=100.0%, 8=0.0%, 16=0.0%, 32=0.0%, 64=0.0%, >=64=0.0%
     issued rwts: total=32768,0,0,0 short=0,0,0,0 dropped=0,0,0,0
     latency   : target=0, window=0, percentile=100.00%, depth=1

Run status group 0 (all jobs):
   READ: bw=7126KiB/s (7297kB/s), 7126KiB/s-7126KiB/s (7297kB/s-7297kB/s), io=128MiB (134MB), run=18393-18393msec
