randread: (g=0): rw=randread, bs=(R) 4096B-4096B, (W) 4096B-4096B, (T) 4096B-4096B, ioengine=psync, iodepth=1
...
fio-3.16
Starting 4 processes

randread: (groupid=0, jobs=4): err= 0: pid=81631: Wed Oct 22 16:35:44 2025
  read: IOPS=7209, BW=28.2MiB/s (29.5MB/s)(512MiB/18181msec)
    clat (nsec): min=212, max=38035k, avg=541443.86, stdev=1491949.53
     lat (nsec): min=226, max=38035k, avg=541493.76, stdev=1491951.26
    clat percentiles (nsec):
     |  1.00th=[     836],  5.00th=[    1288], 10.00th=[    1640],
     | 20.00th=[    2160], 30.00th=[    3024], 40.00th=[   61696],
     | 50.00th=[  228352], 60.00th=[  528384], 70.00th=[  782336],
     | 80.00th=[  978944], 90.00th=[ 1138688], 95.00th=[ 1253376],
     | 99.00th=[ 1646592], 99.50th=[10682368], 99.90th=[22937600],
     | 99.95th=[30539776], 99.99th=[34865152]
   bw (  KiB/s): min=15816, max=60592, per=100.00%, avg=29157.21, stdev=2786.33, samples=140
   iops        : min= 3954, max=15148, avg=7289.15, stdev=696.59, samples=140
  lat (nsec)   : 250=0.01%, 500=0.02%, 750=0.52%, 1000=1.69%
  lat (usec)   : 2=14.64%, 4=16.65%, 10=3.44%, 20=0.45%, 50=0.74%
  lat (usec)   : 100=5.84%, 250=6.74%, 500=8.15%, 750=9.71%, 1000=12.72%
  lat (msec)   : 2=17.86%, 4=0.19%, 10=0.13%, 20=0.35%, 50=0.16%
  cpu          : usr=0.36%, sys=1.31%, ctx=82818, majf=0, minf=46
  IO depths    : 1=100.0%, 2=0.0%, 4=0.0%, 8=0.0%, 16=0.0%, 32=0.0%, >=64=0.0%
     submit    : 0=0.0%, 4=100.0%, 8=0.0%, 16=0.0%, 32=0.0%, 64=0.0%, >=64=0.0%
     complete  : 0=0.0%, 4=100.0%, 8=0.0%, 16=0.0%, 32=0.0%, 64=0.0%, >=64=0.0%
     issued rwts: total=131072,0,0,0 short=0,0,0,0 dropped=0,0,0,0
     latency   : target=0, window=0, percentile=100.00%, depth=1

Run status group 0 (all jobs):
   READ: bw=28.2MiB/s (29.5MB/s), 28.2MiB/s-28.2MiB/s (29.5MB/s-29.5MB/s), io=512MiB (537MB), run=18181-18181msec
