randread: (g=0): rw=randread, bs=(R) 128KiB-128KiB, (W) 128KiB-128KiB, (T) 128KiB-128KiB, ioengine=psync, iodepth=1
fio-3.16
Starting 1 process

randread: (groupid=0, jobs=1): err= 0: pid=129802: Wed Oct 22 17:39:54 2025
  read: IOPS=1278, BW=160MiB/s (168MB/s)(128MiB/801msec)
    clat (usec): min=10, max=23857, avg=780.44, stdev=1451.36
     lat (usec): min=10, max=23857, avg=780.51, stdev=1451.36
    clat percentiles (usec):
     |  1.00th=[   16],  5.00th=[   22], 10.00th=[   26], 20.00th=[   31],
     | 30.00th=[   37], 40.00th=[  351], 50.00th=[  611], 60.00th=[  938],
     | 70.00th=[ 1156], 80.00th=[ 1303], 90.00th=[ 1450], 95.00th=[ 1565],
     | 99.00th=[ 3032], 99.50th=[ 8029], 99.90th=[20841], 99.95th=[23987],
     | 99.99th=[23987]
   bw (  KiB/s): min=142336, max=142336, per=86.98%, avg=142336.00, stdev= 0.00, samples=1
   iops        : min= 1112, max= 1112, avg=1112.00, stdev= 0.00, samples=1
  lat (usec)   : 20=3.81%, 50=32.42%, 100=1.37%, 250=0.39%, 500=7.52%
  lat (usec)   : 750=7.81%, 1000=9.47%
  lat (msec)   : 2=35.94%, 4=0.29%, 10=0.49%, 20=0.29%, 50=0.20%
  cpu          : usr=0.38%, sys=6.00%, ctx=639, majf=0, minf=42
  IO depths    : 1=100.0%, 2=0.0%, 4=0.0%, 8=0.0%, 16=0.0%, 32=0.0%, >=64=0.0%
     submit    : 0=0.0%, 4=100.0%, 8=0.0%, 16=0.0%, 32=0.0%, 64=0.0%, >=64=0.0%
     complete  : 0=0.0%, 4=100.0%, 8=0.0%, 16=0.0%, 32=0.0%, 64=0.0%, >=64=0.0%
     issued rwts: total=1024,0,0,0 short=0,0,0,0 dropped=0,0,0,0
     latency   : target=0, window=0, percentile=100.00%, depth=1

Run status group 0 (all jobs):
   READ: bw=160MiB/s (168MB/s), 160MiB/s-160MiB/s (168MB/s-168MB/s), io=128MiB (134MB), run=801-801msec
