randread: (g=0): rw=randread, bs=(R) 128KiB-128KiB, (W) 128KiB-128KiB, (T) 128KiB-128KiB, ioengine=psync, iodepth=1
...
fio-3.16
Starting 4 processes

randread: (groupid=0, jobs=4): err= 0: pid=129923: Wed Oct 22 17:40:05 2025
  read: IOPS=4394, BW=549MiB/s (576MB/s)(512MiB/932msec)
    clat (usec): min=3, max=30098, avg=856.97, stdev=1750.39
     lat (usec): min=3, max=30098, avg=857.05, stdev=1750.40
    clat percentiles (usec):
     |  1.00th=[   13],  5.00th=[   19], 10.00th=[   24], 20.00th=[   31],
     | 30.00th=[   36], 40.00th=[  202], 50.00th=[  594], 60.00th=[  906],
     | 70.00th=[ 1172], 80.00th=[ 1369], 90.00th=[ 1631], 95.00th=[ 2245],
     | 99.00th=[ 3326], 99.50th=[14877], 99.90th=[28705], 99.95th=[28967],
     | 99.99th=[30016]
   bw (  KiB/s): min=432384, max=432384, per=76.86%, avg=432384.00, stdev= 0.00, samples=4
   iops        : min= 3378, max= 3378, avg=3378.00, stdev= 0.00, samples=4
  lat (usec)   : 4=0.02%, 10=0.20%, 20=5.57%, 50=29.44%, 100=1.42%
  lat (usec)   : 250=3.86%, 500=6.74%, 750=7.57%, 1000=8.72%
  lat (msec)   : 2=29.98%, 4=5.69%, 10=0.17%, 20=0.32%, 50=0.32%
  cpu          : usr=0.17%, sys=5.46%, ctx=2615, majf=0, minf=173
  IO depths    : 1=100.0%, 2=0.0%, 4=0.0%, 8=0.0%, 16=0.0%, 32=0.0%, >=64=0.0%
     submit    : 0=0.0%, 4=100.0%, 8=0.0%, 16=0.0%, 32=0.0%, 64=0.0%, >=64=0.0%
     complete  : 0=0.0%, 4=100.0%, 8=0.0%, 16=0.0%, 32=0.0%, 64=0.0%, >=64=0.0%
     issued rwts: total=4096,0,0,0 short=0,0,0,0 dropped=0,0,0,0
     latency   : target=0, window=0, percentile=100.00%, depth=1

Run status group 0 (all jobs):
   READ: bw=549MiB/s (576MB/s), 549MiB/s-549MiB/s (576MB/s-576MB/s), io=512MiB (537MB), run=932-932msec
