randwrite: (g=0): rw=randwrite, bs=(R) 128KiB-128KiB, (W) 128KiB-128KiB, (T) 128KiB-128KiB, ioengine=psync, iodepth=1
...
fio-3.16
Starting 8 processes

randwrite: (groupid=0, jobs=8): err= 0: pid=132443: Wed Oct 22 17:44:29 2025
  write: IOPS=7333, BW=917MiB/s (961MB/s)(1024MiB/1117msec); 0 zone resets
    clat (usec): min=27, max=21901, avg=901.78, stdev=1780.79
     lat (usec): min=29, max=21903, avg=903.54, stdev=1780.91
    clat percentiles (usec):
     |  1.00th=[   55],  5.00th=[   78], 10.00th=[  102], 20.00th=[  151],
     | 30.00th=[  206], 40.00th=[  289], 50.00th=[  396], 60.00th=[  519],
     | 70.00th=[  685], 80.00th=[  930], 90.00th=[ 1369], 95.00th=[ 4752],
     | 99.00th=[ 9896], 99.50th=[11863], 99.90th=[13698], 99.95th=[14615],
     | 99.99th=[21890]
   bw (  KiB/s): min=815872, max=880896, per=90.37%, avg=848384.00, stdev=16256.00, samples=9
   iops        : min= 6374, max= 6882, avg=6628.00, stdev=127.00, samples=9
  lat (usec)   : 50=0.60%, 100=8.80%, 250=26.14%, 500=23.07%, 750=14.20%
  lat (usec)   : 1000=9.28%
  lat (msec)   : 2=10.58%, 4=1.48%, 10=4.90%, 20=0.92%, 50=0.05%
  cpu          : usr=0.23%, sys=76.76%, ctx=3159, majf=0, minf=78
  IO depths    : 1=100.1%, 2=0.0%, 4=0.0%, 8=0.0%, 16=0.0%, 32=0.0%, >=64=0.0%
     submit    : 0=0.0%, 4=100.0%, 8=0.0%, 16=0.0%, 32=0.0%, 64=0.0%, >=64=0.0%
     complete  : 0=0.0%, 4=100.0%, 8=0.0%, 16=0.0%, 32=0.0%, 64=0.0%, >=64=0.0%
     issued rwts: total=0,8192,0,8 short=0,0,0,0 dropped=0,0,0,0
     latency   : target=0, window=0, percentile=100.00%, depth=1

Run status group 0 (all jobs):
  WRITE: bw=917MiB/s (961MB/s), 917MiB/s-917MiB/s (961MB/s-961MB/s), io=1024MiB (1074MB), run=1117-1117msec
