randwrite: (g=0): rw=randwrite, bs=(R) 128KiB-128KiB, (W) 128KiB-128KiB, (T) 128KiB-128KiB, ioengine=psync, iodepth=1
...
fio-3.16
Starting 2 processes

randwrite: (groupid=0, jobs=2): err= 0: pid=24751: Sun Oct 26 15:42:25 2025
  write: IOPS=2283, BW=285MiB/s (299MB/s)(256MiB/897msec); 0 zone resets
    clat (usec): min=38, max=17891, avg=782.75, stdev=1033.14
     lat (usec): min=39, max=17894, avg=785.06, stdev=1033.21
    clat percentiles (usec):
     |  1.00th=[   65],  5.00th=[   97], 10.00th=[  130], 20.00th=[  235],
     | 30.00th=[  363], 40.00th=[  510], 50.00th=[  652], 60.00th=[  791],
     | 70.00th=[  914], 80.00th=[ 1074], 90.00th=[ 1319], 95.00th=[ 1663],
     | 99.00th=[ 5407], 99.50th=[ 7898], 99.90th=[13435], 99.95th=[17695],
     | 99.99th=[17957]
   bw (  KiB/s): min=277248, max=277248, per=94.87%, avg=277248.00, stdev= 0.00, samples=2
   iops        : min= 2166, max= 2166, avg=2166.00, stdev= 0.00, samples=2
  lat (usec)   : 50=0.49%, 100=5.22%, 250=15.48%, 500=17.97%, 750=18.21%
  lat (usec)   : 1000=18.80%
  lat (msec)   : 2=20.61%, 4=2.00%, 10=1.03%, 20=0.20%
  cpu          : usr=0.42%, sys=89.30%, ctx=373, majf=0, minf=19
  IO depths    : 1=100.1%, 2=0.0%, 4=0.0%, 8=0.0%, 16=0.0%, 32=0.0%, >=64=0.0%
     submit    : 0=0.0%, 4=100.0%, 8=0.0%, 16=0.0%, 32=0.0%, 64=0.0%, >=64=0.0%
     complete  : 0=0.0%, 4=100.0%, 8=0.0%, 16=0.0%, 32=0.0%, 64=0.0%, >=64=0.0%
     issued rwts: total=0,2048,0,2 short=0,0,0,0 dropped=0,0,0,0
     latency   : target=0, window=0, percentile=100.00%, depth=1

Run status group 0 (all jobs):
  WRITE: bw=285MiB/s (299MB/s), 285MiB/s-285MiB/s (299MB/s-299MB/s), io=256MiB (268MB), run=897-897msec
