randread: (g=0): rw=randread, bs=(R) 128KiB-128KiB, (W) 128KiB-128KiB, (T) 128KiB-128KiB, ioengine=psync, iodepth=1
...
fio-3.16
Starting 2 processes

randread: (groupid=0, jobs=2): err= 0: pid=129889: Wed Oct 22 17:39:59 2025
  read: IOPS=2556, BW=320MiB/s (335MB/s)(256MiB/801msec)
    clat (usec): min=10, max=30020, avg=773.23, stdev=1599.62
     lat (usec): min=10, max=30020, avg=773.31, stdev=1599.61
    clat percentiles (usec):
     |  1.00th=[   15],  5.00th=[   20], 10.00th=[   24], 20.00th=[   30],
     | 30.00th=[   35], 40.00th=[  367], 50.00th=[  619], 60.00th=[  865],
     | 70.00th=[ 1106], 80.00th=[ 1270], 90.00th=[ 1434], 95.00th=[ 1549],
     | 99.00th=[ 2278], 99.50th=[14091], 99.90th=[22676], 99.95th=[28443],
     | 99.99th=[30016]
   bw (  KiB/s): min=299176, max=299176, per=91.42%, avg=299176.00, stdev= 0.00, samples=2
   iops        : min= 2336, max= 2336, avg=2336.00, stdev= 0.00, samples=2
  lat (usec)   : 20=5.62%, 50=29.39%, 100=1.76%, 250=0.24%, 500=9.08%
  lat (usec)   : 750=9.13%, 1000=10.01%
  lat (msec)   : 2=33.59%, 4=0.29%, 10=0.29%, 20=0.39%, 50=0.20%
  cpu          : usr=0.13%, sys=6.37%, ctx=1296, majf=0, minf=86
  IO depths    : 1=100.0%, 2=0.0%, 4=0.0%, 8=0.0%, 16=0.0%, 32=0.0%, >=64=0.0%
     submit    : 0=0.0%, 4=100.0%, 8=0.0%, 16=0.0%, 32=0.0%, 64=0.0%, >=64=0.0%
     complete  : 0=0.0%, 4=100.0%, 8=0.0%, 16=0.0%, 32=0.0%, 64=0.0%, >=64=0.0%
     issued rwts: total=2048,0,0,0 short=0,0,0,0 dropped=0,0,0,0
     latency   : target=0, window=0, percentile=100.00%, depth=1

Run status group 0 (all jobs):
   READ: bw=320MiB/s (335MB/s), 320MiB/s-320MiB/s (335MB/s-335MB/s), io=256MiB (268MB), run=801-801msec
