randread: (g=0): rw=randread, bs=(R) 4096B-4096B, (W) 4096B-4096B, (T) 4096B-4096B, ioengine=psync, iodepth=1
...
fio-3.16
Starting 2 processes

randread: (groupid=0, jobs=2): err= 0: pid=230924: Wed Oct 22 19:00:42 2025
  read: IOPS=3820, BW=14.9MiB/s (15.6MB/s)(256MiB/17156msec)
    clat (nsec): min=205, max=26410k, avg=515442.05, stdev=1100372.77
     lat (nsec): min=219, max=26411k, avg=515511.45, stdev=1100376.29
    clat percentiles (nsec):
     |  1.00th=[     884],  5.00th=[    1352], 10.00th=[    1720],
     | 20.00th=[    2352], 30.00th=[    3376], 40.00th=[   92672],
     | 50.00th=[  382976], 60.00th=[  667648], 70.00th=[  815104],
     | 80.00th=[  913408], 90.00th=[ 1011712], 95.00th=[ 1089536],
     | 99.00th=[ 1269760], 99.50th=[ 5799936], 99.90th=[18481152],
     | 99.95th=[20578304], 99.99th=[23461888]
   bw (  KiB/s): min= 8744, max=33263, per=100.00%, avg=15330.23, stdev=3014.61, samples=67
   iops        : min= 2186, max= 8315, avg=3832.50, stdev=753.60, samples=67
  lat (nsec)   : 250=0.01%, 500=0.02%, 750=0.44%, 1000=1.19%
  lat (usec)   : 2=13.02%, 4=18.13%, 10=3.88%, 20=0.32%, 50=0.73%
  lat (usec)   : 100=2.77%, 250=5.21%, 500=7.46%, 750=11.39%, 1000=24.25%
  lat (msec)   : 2=10.55%, 4=0.10%, 10=0.18%, 20=0.30%, 50=0.06%
  cpu          : usr=0.42%, sys=1.31%, ctx=41485, majf=0, minf=25
  IO depths    : 1=100.0%, 2=0.0%, 4=0.0%, 8=0.0%, 16=0.0%, 32=0.0%, >=64=0.0%
     submit    : 0=0.0%, 4=100.0%, 8=0.0%, 16=0.0%, 32=0.0%, 64=0.0%, >=64=0.0%
     complete  : 0=0.0%, 4=100.0%, 8=0.0%, 16=0.0%, 32=0.0%, 64=0.0%, >=64=0.0%
     issued rwts: total=65536,0,0,0 short=0,0,0,0 dropped=0,0,0,0
     latency   : target=0, window=0, percentile=100.00%, depth=1

Run status group 0 (all jobs):
   READ: bw=14.9MiB/s (15.6MB/s), 14.9MiB/s-14.9MiB/s (15.6MB/s-15.6MB/s), io=256MiB (268MB), run=17156-17156msec
