read: (g=0): rw=read, bs=(R) 4096B-4096B, (W) 4096B-4096B, (T) 4096B-4096B, ioengine=psync, iodepth=1
fio-3.16
Starting 1 process

read: (groupid=0, jobs=1): err= 0: pid=80439: Wed Oct 22 16:33:45 2025
  read: IOPS=68.4k, BW=267MiB/s (280MB/s)(128MiB/479msec)
    clat (nsec): min=233, max=28030k, avg=14405.43, stdev=268811.31
     lat (nsec): min=246, max=28030k, avg=14426.70, stdev=268811.35
    clat percentiles (nsec):
     |  1.00th=[     338],  5.00th=[     366], 10.00th=[     386],
     | 20.00th=[     402], 30.00th=[     418], 40.00th=[     438],
     | 50.00th=[     474], 60.00th=[     548], 70.00th=[     676],
     | 80.00th=[     804], 90.00th=[     940], 95.00th=[    1064],
     | 99.00th=[  374784], 99.50th=[  905216], 99.90th=[ 1859584],
     | 99.95th=[ 2277376], 99.99th=[13434880]
  lat (nsec)   : 250=0.05%, 500=54.59%, 750=21.19%, 1000=16.82%
  lat (usec)   : 2=5.53%, 4=0.19%, 10=0.06%, 20=0.01%, 50=0.03%
  lat (usec)   : 100=0.29%, 250=0.12%, 500=0.24%, 750=0.25%, 1000=0.18%
  lat (msec)   : 2=0.37%, 4=0.07%, 10=0.01%, 20=0.01%, 50=0.01%
  cpu          : usr=1.05%, sys=11.09%, ctx=419, majf=0, minf=12
  IO depths    : 1=100.0%, 2=0.0%, 4=0.0%, 8=0.0%, 16=0.0%, 32=0.0%, >=64=0.0%
     submit    : 0=0.0%, 4=100.0%, 8=0.0%, 16=0.0%, 32=0.0%, 64=0.0%, >=64=0.0%
     complete  : 0=0.0%, 4=100.0%, 8=0.0%, 16=0.0%, 32=0.0%, 64=0.0%, >=64=0.0%
     issued rwts: total=32768,0,0,0 short=0,0,0,0 dropped=0,0,0,0
     latency   : target=0, window=0, percentile=100.00%, depth=1

Run status group 0 (all jobs):
   READ: bw=267MiB/s (280MB/s), 267MiB/s-267MiB/s (280MB/s-280MB/s), io=128MiB (134MB), run=479-479msec
