read: (g=0): rw=read, bs=(R) 4096B-4096B, (W) 4096B-4096B, (T) 4096B-4096B, ioengine=psync, iodepth=1
...
fio-3.16
Starting 8 processes

read: (groupid=0, jobs=8): err= 0: pid=80650: Wed Oct 22 16:34:01 2025
  read: IOPS=502k, BW=1962MiB/s (2057MB/s)(1024MiB/522msec)
    clat (nsec): min=186, max=24814k, avg=14164.93, stdev=196307.28
     lat (nsec): min=196, max=24814k, avg=14182.48, stdev=196307.21
    clat percentiles (nsec):
     |  1.00th=[    314],  5.00th=[    370], 10.00th=[    394],
     | 20.00th=[    410], 30.00th=[    422], 40.00th=[    438],
     | 50.00th=[    454], 60.00th=[    486], 70.00th=[    588],
     | 80.00th=[    740], 90.00th=[   1004], 95.00th=[   1304],
     | 99.00th=[ 403456], 99.50th=[1089536], 99.90th=[1941504],
     | 99.95th=[2179072], 99.99th=[3096576]
   bw (  KiB/s): min=754055, max=754056, per=37.54%, avg=754056.00, stdev= 0.00, samples=3
   iops        : min=188513, max=188514, avg=188514.00, stdev= 0.00, samples=3
  lat (nsec)   : 250=0.20%, 500=61.79%, 750=18.60%, 1000=9.24%
  lat (usec)   : 2=8.01%, 4=0.54%, 10=0.03%, 20=0.01%, 50=0.04%
  lat (usec)   : 100=0.31%, 250=0.11%, 500=0.18%, 750=0.20%, 1000=0.17%
  lat (msec)   : 2=0.47%, 4=0.08%, 10=0.01%, 20=0.01%, 50=0.01%
  cpu          : usr=1.73%, sys=11.51%, ctx=3225, majf=0, minf=100
  IO depths    : 1=100.0%, 2=0.0%, 4=0.0%, 8=0.0%, 16=0.0%, 32=0.0%, >=64=0.0%
     submit    : 0=0.0%, 4=100.0%, 8=0.0%, 16=0.0%, 32=0.0%, 64=0.0%, >=64=0.0%
     complete  : 0=0.0%, 4=100.0%, 8=0.0%, 16=0.0%, 32=0.0%, 64=0.0%, >=64=0.0%
     issued rwts: total=262144,0,0,0 short=0,0,0,0 dropped=0,0,0,0
     latency   : target=0, window=0, percentile=100.00%, depth=1

Run status group 0 (all jobs):
   READ: bw=1962MiB/s (2057MB/s), 1962MiB/s-1962MiB/s (2057MB/s-2057MB/s), io=1024MiB (1074MB), run=522-522msec
