read: (g=0): rw=read, bs=(R) 128KiB-128KiB, (W) 128KiB-128KiB, (T) 128KiB-128KiB, ioengine=psync, iodepth=1
...
fio-3.16
Starting 2 processes

read: (groupid=0, jobs=2): err= 0: pid=340519: Wed Oct 22 20:44:32 2025
  read: IOPS=5785, BW=723MiB/s (758MB/s)(256MiB/354msec)
    clat (usec): min=4, max=14217, avg=332.29, stdev=636.72
     lat (usec): min=4, max=14217, avg=332.34, stdev=636.71
    clat percentiles (usec):
     |  1.00th=[    8],  5.00th=[   10], 10.00th=[   11], 20.00th=[   13],
     | 30.00th=[   15], 40.00th=[   19], 50.00th=[   38], 60.00th=[  221],
     | 70.00th=[  461], 80.00th=[  709], 90.00th=[  979], 95.00th=[ 1106],
     | 99.00th=[ 1303], 99.50th=[ 1434], 99.90th=[ 8717], 99.95th=[ 9110],
     | 99.99th=[14222]
  lat (usec)   : 10=7.76%, 20=35.64%, 50=7.81%, 100=4.98%, 250=5.03%
  lat (usec)   : 500=10.45%, 750=9.91%, 1000=9.47%
  lat (msec)   : 2=8.50%, 4=0.05%, 10=0.34%, 20=0.05%
  cpu          : usr=0.00%, sys=13.51%, ctx=902, majf=0, minf=86
  IO depths    : 1=100.0%, 2=0.0%, 4=0.0%, 8=0.0%, 16=0.0%, 32=0.0%, >=64=0.0%
     submit    : 0=0.0%, 4=100.0%, 8=0.0%, 16=0.0%, 32=0.0%, 64=0.0%, >=64=0.0%
     complete  : 0=0.0%, 4=100.0%, 8=0.0%, 16=0.0%, 32=0.0%, 64=0.0%, >=64=0.0%
     issued rwts: total=2048,0,0,0 short=0,0,0,0 dropped=0,0,0,0
     latency   : target=0, window=0, percentile=100.00%, depth=1

Run status group 0 (all jobs):
   READ: bw=723MiB/s (758MB/s), 723MiB/s-723MiB/s (758MB/s-758MB/s), io=256MiB (268MB), run=354-354msec
