write: (g=0): rw=write, bs=(R) 128KiB-128KiB, (W) 128KiB-128KiB, (T) 128KiB-128KiB, ioengine=psync, iodepth=1
fio-3.16
Starting 1 process

write: (groupid=0, jobs=1): err= 0: pid=23575: Sun Oct 26 15:40:13 2025
  write: IOPS=462, BW=57.8MiB/s (60.6MB/s)(128MiB/2213msec); 0 zone resets
    clat (usec): min=48, max=17579, avg=1984.30, stdev=2716.73
     lat (usec): min=48, max=17579, avg=1985.08, stdev=2716.97
    clat percentiles (usec):
     |  1.00th=[   50],  5.00th=[   52], 10.00th=[   53], 20.00th=[   58],
     | 30.00th=[   64], 40.00th=[   82], 50.00th=[  124], 60.00th=[ 1188],
     | 70.00th=[ 2900], 80.00th=[ 4490], 90.00th=[ 6390], 95.00th=[ 7439],
     | 99.00th=[10028], 99.50th=[10290], 99.90th=[11076], 99.95th=[17695],
     | 99.99th=[17695]
   bw (  KiB/s): min=55040, max=74240, per=100.00%, avg=65024.00, stdev=7884.91, samples=4
   iops        : min=  430, max=  580, avg=508.00, stdev=61.60, samples=4
  lat (usec)   : 50=1.46%, 100=43.75%, 250=12.21%, 500=0.59%, 750=0.29%
  lat (usec)   : 1000=0.78%
  lat (msec)   : 2=3.71%, 4=14.36%, 10=21.78%, 20=1.07%
  cpu          : usr=0.00%, sys=80.06%, ctx=767, majf=0, minf=10
  IO depths    : 1=100.1%, 2=0.0%, 4=0.0%, 8=0.0%, 16=0.0%, 32=0.0%, >=64=0.0%
     submit    : 0=0.0%, 4=100.0%, 8=0.0%, 16=0.0%, 32=0.0%, 64=0.0%, >=64=0.0%
     complete  : 0=0.0%, 4=100.0%, 8=0.0%, 16=0.0%, 32=0.0%, 64=0.0%, >=64=0.0%
     issued rwts: total=0,1024,0,1 short=0,0,0,0 dropped=0,0,0,0
     latency   : target=0, window=0, percentile=100.00%, depth=1

Run status group 0 (all jobs):
  WRITE: bw=57.8MiB/s (60.6MB/s), 57.8MiB/s-57.8MiB/s (60.6MB/s-60.6MB/s), io=128MiB (134MB), run=2213-2213msec
