write: (g=0): rw=write, bs=(R) 128KiB-128KiB, (W) 128KiB-128KiB, (T) 128KiB-128KiB, ioengine=psync, iodepth=1
...
fio-3.16
Starting 8 processes

write: (groupid=0, jobs=8): err= 0: pid=83590: Wed Oct 22 16:38:58 2025
  write: IOPS=3477, BW=435MiB/s (456MB/s)(1024MiB/2356msec); 0 zone resets
    clat (usec): min=48, max=35750, avg=1573.22, stdev=2814.58
     lat (usec): min=48, max=35753, avg=1574.59, stdev=2814.85
    clat percentiles (usec):
     |  1.00th=[   55],  5.00th=[   61], 10.00th=[   68], 20.00th=[   76],
     | 30.00th=[   91], 40.00th=[  108], 50.00th=[  130], 60.00th=[  165],
     | 70.00th=[ 1057], 80.00th=[ 3130], 90.00th=[ 5473], 95.00th=[ 7635],
     | 99.00th=[11076], 99.50th=[13435], 99.90th=[18482], 99.95th=[33817],
     | 99.99th=[35914]
   bw (  KiB/s): min=539648, max=743219, per=100.00%, avg=644633.50, stdev=12411.91, samples=23
   iops        : min= 4216, max= 5806, avg=5036.00, stdev=96.96, samples=23
  lat (usec)   : 50=0.06%, 100=35.72%, 250=31.35%, 500=2.04%, 750=0.38%
  lat (usec)   : 1000=0.27%
  lat (msec)   : 2=2.83%, 4=11.16%, 10=14.58%, 20=1.54%, 50=0.09%
  cpu          : usr=0.18%, sys=61.32%, ctx=3783, majf=0, minf=93
  IO depths    : 1=100.1%, 2=0.0%, 4=0.0%, 8=0.0%, 16=0.0%, 32=0.0%, >=64=0.0%
     submit    : 0=0.0%, 4=100.0%, 8=0.0%, 16=0.0%, 32=0.0%, 64=0.0%, >=64=0.0%
     complete  : 0=0.0%, 4=100.0%, 8=0.0%, 16=0.0%, 32=0.0%, 64=0.0%, >=64=0.0%
     issued rwts: total=0,8192,0,8 short=0,0,0,0 dropped=0,0,0,0
     latency   : target=0, window=0, percentile=100.00%, depth=1

Run status group 0 (all jobs):
  WRITE: bw=435MiB/s (456MB/s), 435MiB/s-435MiB/s (456MB/s-456MB/s), io=1024MiB (1074MB), run=2356-2356msec
