/usr/bin/java  -classpath /home/ldy/src/YCSB/conf:/home/ldy/src/YCSB/core/target/core-0.17.0.jar:/home/ldy/src/YCSB/rocksdb/target/rocksdb-binding-0.17.0.jar:/home/ldy/src/YCSB/rocksdb/target/dependency/HdrHistogram-2.1.4.jar:/home/ldy/src/YCSB/rocksdb/target/dependency/htrace-core4-4.1.0-incubating.jar:/home/ldy/src/YCSB/rocksdb/target/dependency/jcip-annotations-1.0.jar:/home/ldy/src/YCSB/rocksdb/target/dependency/rocksdbjni-5.11.3.jar:/home/ldy/src/YCSB/rocksdb/target/dependency/slf4j-api-1.7.25.jar:/home/ldy/src/YCSB/rocksdb/target/dependency/slf4j-simple-1.7.25.jar site.ycsb.Client -t -db site.ycsb.db.rocksdb.RocksDBClient -P ../../../YCSB/LDY_bound_setting/io_bound_run.properties -p rocksdb.dir=/mnt/test -p rocksdb.optionsfile=../../../YCSB/LDY_bound_setting/io_bound.ini
Command line: -t -db site.ycsb.db.rocksdb.RocksDBClient -P ../../../YCSB/LDY_bound_setting/io_bound_run.properties -p rocksdb.dir=/mnt/test -p rocksdb.optionsfile=../../../YCSB/LDY_bound_setting/io_bound.ini
YCSB Client 0.17.0

Loading workload...
Starting test.
[Thread-1] INFO site.ycsb.db.rocksdb.RocksDBClient - RocksDB data dir: /mnt/test
DBWrapper: report latency for each error is false and specific error codes to track for latency are: []
[OVERALL], RunTime(ms), 85121
[OVERALL], Throughput(ops/sec), 9398.385827234173
[TOTAL_GCS_G1_Young_Generation], Count, 17
[TOTAL_GC_TIME_G1_Young_Generation], Time(ms), 94
[TOTAL_GC_TIME_%_G1_Young_Generation], Time(%), 0.11043103347000154
[TOTAL_GCS_G1_Old_Generation], Count, 0
[TOTAL_GC_TIME_G1_Old_Generation], Time(ms), 0
[TOTAL_GC_TIME_%_G1_Old_Generation], Time(%), 0.0
[TOTAL_GCs], Count, 17
[TOTAL_GC_TIME], Time(ms), 94
[TOTAL_GC_TIME_%], Time(%), 0.11043103347000154
[READ], Operations, 80117
[READ], AverageLatency(us), 182.66803549808407
[READ], MinLatency(us), 3
[READ], MaxLatency(us), 17567
[READ], 95thPercentileLatency(us), 313
[READ], 99thPercentileLatency(us), 924
[READ], Return=OK, 80117
[CLEANUP], Operations, 1
[CLEANUP], AverageLatency(us), 661248.0
[CLEANUP], MinLatency(us), 660992
[CLEANUP], MaxLatency(us), 661503
[CLEANUP], 95thPercentileLatency(us), 661503
[CLEANUP], 99thPercentileLatency(us), 661503
[INSERT], Operations, 560062
[INSERT], AverageLatency(us), 51.711824762258466
[INSERT], MinLatency(us), 33
[INSERT], MaxLatency(us), 53631
[INSERT], 95thPercentileLatency(us), 69
[INSERT], 99thPercentileLatency(us), 87
[INSERT], Return=OK, 560062
[UPDATE], Operations, 159821
[UPDATE], AverageLatency(us), 239.9651047108953
[UPDATE], MinLatency(us), 42
[UPDATE], MaxLatency(us), 65599
[UPDATE], 95thPercentileLatency(us), 380
[UPDATE], 99thPercentileLatency(us), 990
[UPDATE], Return=OK, 159821
