/usr/bin/java  -classpath /home/ldy/src/YCSB/conf:/home/ldy/src/YCSB/core/target/core-0.17.0.jar:/home/ldy/src/YCSB/rocksdb/target/rocksdb-binding-0.17.0.jar:/home/ldy/src/YCSB/rocksdb/target/dependency/HdrHistogram-2.1.4.jar:/home/ldy/src/YCSB/rocksdb/target/dependency/htrace-core4-4.1.0-incubating.jar:/home/ldy/src/YCSB/rocksdb/target/dependency/jcip-annotations-1.0.jar:/home/ldy/src/YCSB/rocksdb/target/dependency/rocksdbjni-5.11.3.jar:/home/ldy/src/YCSB/rocksdb/target/dependency/slf4j-api-1.7.25.jar:/home/ldy/src/YCSB/rocksdb/target/dependency/slf4j-simple-1.7.25.jar site.ycsb.Client -t -db site.ycsb.db.rocksdb.RocksDBClient -P ../../../YCSB/LDY_bound_setting/io_bound_run.properties -p rocksdb.dir=/mnt/test -p rocksdb.optionsfile=../../../YCSB/LDY_bound_setting/io_bound.ini
Command line: -t -db site.ycsb.db.rocksdb.RocksDBClient -P ../../../YCSB/LDY_bound_setting/io_bound_run.properties -p rocksdb.dir=/mnt/test -p rocksdb.optionsfile=../../../YCSB/LDY_bound_setting/io_bound.ini
YCSB Client 0.17.0

Loading workload...
Starting test.
[Thread-1] INFO site.ycsb.db.rocksdb.RocksDBClient - RocksDB data dir: /mnt/test
DBWrapper: report latency for each error is false and specific error codes to track for latency are: []
[OVERALL], RunTime(ms), 130113
[OVERALL], Throughput(ops/sec), 6148.5016869951505
[TOTAL_GCS_G1_Young_Generation], Count, 17
[TOTAL_GC_TIME_G1_Young_Generation], Time(ms), 104
[TOTAL_GC_TIME_%_G1_Young_Generation], Time(%), 0.07993052193093696
[TOTAL_GCS_G1_Old_Generation], Count, 0
[TOTAL_GC_TIME_G1_Old_Generation], Time(ms), 0
[TOTAL_GC_TIME_%_G1_Old_Generation], Time(%), 0.0
[TOTAL_GCs], Count, 17
[TOTAL_GC_TIME], Time(ms), 104
[TOTAL_GC_TIME_%], Time(%), 0.07993052193093696
[READ], Operations, 80237
[READ], AverageLatency(us), 195.0821192218054
[READ], MinLatency(us), 3
[READ], MaxLatency(us), 15615
[READ], 95thPercentileLatency(us), 342
[READ], 99thPercentileLatency(us), 1291
[READ], Return=OK, 80237
[CLEANUP], Operations, 1
[CLEANUP], AverageLatency(us), 34928.0
[CLEANUP], MinLatency(us), 34912
[CLEANUP], MaxLatency(us), 34943
[CLEANUP], 95thPercentileLatency(us), 34943
[CLEANUP], 99thPercentileLatency(us), 34943
[INSERT], Operations, 560269
[INSERT], AverageLatency(us), 110.54897022680177
[INSERT], MinLatency(us), 40
[INSERT], MaxLatency(us), 19727
[INSERT], 95thPercentileLatency(us), 120
[INSERT], 99thPercentileLatency(us), 1044
[INSERT], Return=OK, 560269
[UPDATE], Operations, 159494
[UPDATE], AverageLatency(us), 311.60991636049005
[UPDATE], MinLatency(us), 53
[UPDATE], MaxLatency(us), 42431
[UPDATE], 95thPercentileLatency(us), 684
[UPDATE], 99thPercentileLatency(us), 1827
[UPDATE], Return=OK, 159494
