target-job: (g=0): rw=write, bs=(R) 128KiB-128KiB, (W) 128KiB-128KiB, (T) 128KiB-128KiB, ioengine=psync, iodepth=1
...
fio-3.16
Starting 32 processes

fio: terminating on signal 15
target-job: (g=0): rw=write, bs=(R) 128KiB-128KiB, (W) 128KiB-128KiB, (T) 128KiB-128KiB, ioengine=psync, iodepth=1
...
fio-3.16
Starting 32 processes

fio: terminating on signal 15
target-job: (g=0): rw=write, bs=(R) 128KiB-128KiB, (W) 128KiB-128KiB, (T) 128KiB-128KiB, ioengine=psync, iodepth=1
...
fio-3.16
Starting 32 processes

fio: terminating on signal 15
target-job: (g=0): rw=write, bs=(R) 128KiB-128KiB, (W) 128KiB-128KiB, (T) 128KiB-128KiB, ioengine=psync, iodepth=1
...
fio-3.16
Starting 32 processes

fio: terminating on signal 15
target-job: (g=0): rw=write, bs=(R) 128KiB-128KiB, (W) 128KiB-128KiB, (T) 128KiB-128KiB, ioengine=psync, iodepth=1
...
fio-3.16
Starting 32 processes

fio: terminating on signal 15
target-job: (g=0): rw=write, bs=(R) 128KiB-128KiB, (W) 128KiB-128KiB, (T) 128KiB-128KiB, ioengine=psync, iodepth=1
...
fio-3.16
Starting 32 processes

fio: terminating on signal 15
target-job: (g=0): rw=write, bs=(R) 128KiB-128KiB, (W) 128KiB-128KiB, (T) 128KiB-128KiB, ioengine=psync, iodepth=1
...
fio-3.16
Starting 32 processes

fio: terminating on signal 15
target-job: (g=0): rw=write, bs=(R) 128KiB-128KiB, (W) 128KiB-128KiB, (T) 128KiB-128KiB, ioengine=psync, iodepth=1
...
fio-3.16
Starting 32 processes

fio: terminating on signal 15
target-job: (g=0): rw=write, bs=(R) 128KiB-128KiB, (W) 128KiB-128KiB, (T) 128KiB-128KiB, ioengine=psync, iodepth=1
...
fio-3.16
Starting 32 processes

fio: terminating on signal 15
target-job: (g=0): rw=write, bs=(R) 128KiB-128KiB, (W) 128KiB-128KiB, (T) 128KiB-128KiB, ioengine=psync, iodepth=1
...
fio-3.16
Starting 32 processes

fio: terminating on signal 15
target-job: (g=0): rw=write, bs=(R) 128KiB-128KiB, (W) 128KiB-128KiB, (T) 128KiB-128KiB, ioengine=psync, iodepth=1
...
fio-3.16
Starting 32 processes

fio: terminating on signal 15
target-job: (g=0): rw=write, bs=(R) 128KiB-128KiB, (W) 128KiB-128KiB, (T) 128KiB-128KiB, ioengine=psync, iodepth=1
...
fio-3.16
Starting 32 processes

fio: terminating on signal 15
target-job: (g=0): rw=write, bs=(R) 128KiB-128KiB, (W) 128KiB-128KiB, (T) 128KiB-128KiB, ioengine=psync, iodepth=1
...
fio-3.16
Starting 32 processes

fio: terminating on signal 15
target-job: (g=0): rw=write, bs=(R) 128KiB-128KiB, (W) 128KiB-128KiB, (T) 128KiB-128KiB, ioengine=psync, iodepth=1
...
fio-3.16
Starting 32 processes

fio: terminating on signal 15
target-job: (g=0): rw=write, bs=(R) 128KiB-128KiB, (W) 128KiB-128KiB, (T) 128KiB-128KiB, ioengine=psync, iodepth=1
...
fio-3.16
Starting 32 processes

fio: terminating on signal 15
target-job: (g=0): rw=write, bs=(R) 128KiB-128KiB, (W) 128KiB-128KiB, (T) 128KiB-128KiB, ioengine=psync, iodepth=1
...
fio-3.16
Starting 32 processes

fio: terminating on signal 15
target-job: (g=0): rw=write, bs=(R) 128KiB-128KiB, (W) 128KiB-128KiB, (T) 128KiB-128KiB, ioengine=psync, iodepth=1
...
fio-3.16
Starting 32 processes

fio: terminating on signal 15
target-job: (g=0): rw=write, bs=(R) 128KiB-128KiB, (W) 128KiB-128KiB, (T) 128KiB-128KiB, ioengine=psync, iodepth=1
...
fio-3.16
Starting 32 processes

fio: terminating on signal 15
target-job: (g=0): rw=write, bs=(R) 128KiB-128KiB, (W) 128KiB-128KiB, (T) 128KiB-128KiB, ioengine=psync, iodepth=1
...
fio-3.16
Starting 32 processes

fio: terminating on signal 15
target-job: (g=0): rw=write, bs=(R) 128KiB-128KiB, (W) 128KiB-128KiB, (T) 128KiB-128KiB, ioengine=psync, iodepth=1
...
fio-3.16
Starting 32 processes

fio: terminating on signal 15
target-job: (g=0): rw=write, bs=(R) 128KiB-128KiB, (W) 128KiB-128KiB, (T) 128KiB-128KiB, ioengine=psync, iodepth=1
...
fio-3.16
Starting 32 processes

fio: terminating on signal 15
target-job: (g=0): rw=write, bs=(R) 128KiB-128KiB, (W) 128KiB-128KiB, (T) 128KiB-128KiB, ioengine=psync, iodepth=1
...
fio-3.16
Starting 32 processes

fio: terminating on signal 15
target-job: (g=0): rw=write, bs=(R) 128KiB-128KiB, (W) 128KiB-128KiB, (T) 128KiB-128KiB, ioengine=psync, iodepth=1
...
fio-3.16
Starting 32 processes

fio: terminating on signal 15
target-job: (g=0): rw=write, bs=(R) 128KiB-128KiB, (W) 128KiB-128KiB, (T) 128KiB-128KiB, ioengine=psync, iodepth=1
...
fio-3.16
Starting 32 processes

fio: terminating on signal 15
target-job: (g=0): rw=write, bs=(R) 128KiB-128KiB, (W) 128KiB-128KiB, (T) 128KiB-128KiB, ioengine=psync, iodepth=1
...
fio-3.16
Starting 32 processes

fio: terminating on signal 15
target-job: (g=0): rw=write, bs=(R) 128KiB-128KiB, (W) 128KiB-128KiB, (T) 128KiB-128KiB, ioengine=psync, iodepth=1
...
fio-3.16
Starting 32 processes

fio: terminating on signal 15
target-job: (g=0): rw=write, bs=(R) 128KiB-128KiB, (W) 128KiB-128KiB, (T) 128KiB-128KiB, ioengine=psync, iodepth=1
...
fio-3.16
Starting 32 processes

fio: terminating on signal 15
target-job: (g=0): rw=write, bs=(R) 128KiB-128KiB, (W) 128KiB-128KiB, (T) 128KiB-128KiB, ioengine=psync, iodepth=1
...
fio-3.16
Starting 32 processes

fio: terminating on signal 15
target-job: (g=0): rw=write, bs=(R) 128KiB-128KiB, (W) 128KiB-128KiB, (T) 128KiB-128KiB, ioengine=psync, iodepth=1
...
fio-3.16
Starting 32 processes

fio: terminating on signal 15
target-job: (g=0): rw=write, bs=(R) 128KiB-128KiB, (W) 128KiB-128KiB, (T) 128KiB-128KiB, ioengine=psync, iodepth=1
...
fio-3.16
Starting 32 processes

fio: terminating on signal 15
target-job: (g=0): rw=write, bs=(R) 128KiB-128KiB, (W) 128KiB-128KiB, (T) 128KiB-128KiB, ioengine=psync, iodepth=1
...
fio-3.16
Starting 32 processes

fio: terminating on signal 15
target-job: (g=0): rw=write, bs=(R) 128KiB-128KiB, (W) 128KiB-128KiB, (T) 128KiB-128KiB, ioengine=psync, iodepth=1
...
fio-3.16
Starting 32 processes

fio: terminating on signal 15
target-job: (g=0): rw=write, bs=(R) 128KiB-128KiB, (W) 128KiB-128KiB, (T) 128KiB-128KiB, ioengine=psync, iodepth=1
...
fio-3.16
Starting 32 processes

fio: terminating on signal 15

target-job: (groupid=0, jobs=32): err= 0: pid=465133: Thu Nov 20 10:40:38 2025
  write: IOPS=34.4k, BW=4303MiB/s (4512MB/s)(273GiB/65003msec); 0 zone resets
    clat (usec): min=85, max=193523, avg=837.00, stdev=5570.53
     lat (usec): min=86, max=193524, avg=838.63, stdev=5570.57
    clat percentiles (usec):
     |  1.00th=[   99],  5.00th=[  108], 10.00th=[  115], 20.00th=[  128],
     | 30.00th=[  143], 40.00th=[  155], 50.00th=[  169], 60.00th=[  190],
     | 70.00th=[  217], 80.00th=[  262], 90.00th=[  375], 95.00th=[  603],
     | 99.00th=[42730], 99.50th=[51119], 99.90th=[57934], 99.95th=[65274],
     | 99.99th=[85459]
   bw (  MiB/s): min= 1344, max=19886, per=100.00%, avg=4652.97, stdev=148.21, samples=3834
   iops        : min=10754, max=159092, avg=37223.11, stdev=1185.68, samples=3834
  lat (usec)   : 100=1.43%, 250=76.52%, 500=15.23%, 750=3.76%, 1000=0.86%
  lat (msec)   : 2=0.62%, 4=0.13%, 10=0.18%, 20=0.06%, 50=0.63%
  lat (msec)   : 100=0.57%, 250=0.01%
  cpu          : usr=0.23%, sys=37.62%, ctx=3936281, majf=0, minf=7935
  IO depths    : 1=100.0%, 2=0.0%, 4=0.0%, 8=0.0%, 16=0.0%, 32=0.0%, >=64=0.0%
     submit    : 0=0.0%, 4=100.0%, 8=0.0%, 16=0.0%, 32=0.0%, 64=0.0%, >=64=0.0%
     complete  : 0=0.0%, 4=100.0%, 8=0.0%, 16=0.0%, 32=0.0%, 64=0.0%, >=64=0.0%
     issued rwts: total=0,2237408,0,32 short=0,0,0,0 dropped=0,0,0,0
     latency   : target=0, window=0, percentile=100.00%, depth=1

Run status group 0 (all jobs):
  WRITE: bw=4303MiB/s (4512MB/s), 4303MiB/s-4303MiB/s (4512MB/s-4512MB/s), io=273GiB (293GB), run=65003-65003msec
