randwrite: (g=0): rw=randwrite, bs=(R) 128KiB-128KiB, (W) 128KiB-128KiB, (T) 128KiB-128KiB, ioengine=psync, iodepth=1
...
fio-3.16
Starting 2 processes

randwrite: (groupid=0, jobs=2): err= 0: pid=336077: Wed Oct 22 20:37:37 2025
  write: IOPS=4970, BW=621MiB/s (652MB/s)(256MiB/412msec); 0 zone resets
    clat (usec): min=28, max=19799, avg=332.19, stdev=816.59
     lat (usec): min=29, max=19801, avg=333.75, stdev=816.63
    clat percentiles (usec):
     |  1.00th=[   50],  5.00th=[   60], 10.00th=[   73], 20.00th=[  143],
     | 30.00th=[  184], 40.00th=[  221], 50.00th=[  255], 60.00th=[  302],
     | 70.00th=[  355], 80.00th=[  408], 90.00th=[  469], 95.00th=[  529],
     | 99.00th=[  709], 99.50th=[ 5538], 99.90th=[12518], 99.95th=[19792],
     | 99.99th=[19792]
  lat (usec)   : 50=1.12%, 100=12.01%, 250=35.45%, 500=44.34%, 750=6.15%
  lat (usec)   : 1000=0.10%
  lat (msec)   : 2=0.05%, 4=0.05%, 10=0.59%, 20=0.15%
  cpu          : usr=0.39%, sys=83.27%, ctx=139, majf=0, minf=23
  IO depths    : 1=100.1%, 2=0.0%, 4=0.0%, 8=0.0%, 16=0.0%, 32=0.0%, >=64=0.0%
     submit    : 0=0.0%, 4=100.0%, 8=0.0%, 16=0.0%, 32=0.0%, 64=0.0%, >=64=0.0%
     complete  : 0=0.0%, 4=100.0%, 8=0.0%, 16=0.0%, 32=0.0%, 64=0.0%, >=64=0.0%
     issued rwts: total=0,2048,0,2 short=0,0,0,0 dropped=0,0,0,0
     latency   : target=0, window=0, percentile=100.00%, depth=1

Run status group 0 (all jobs):
  WRITE: bw=621MiB/s (652MB/s), 621MiB/s-621MiB/s (652MB/s-652MB/s), io=256MiB (268MB), run=412-412msec
