randread: (g=0): rw=randread, bs=(R) 128KiB-128KiB, (W) 128KiB-128KiB, (T) 128KiB-128KiB, ioengine=psync, iodepth=1
...
fio-3.16
Starting 8 processes

randread: (groupid=0, jobs=8): err= 0: pid=333183: Wed Oct 22 20:35:04 2025
  read: IOPS=16.9k, BW=2107MiB/s (2209MB/s)(1024MiB/486msec)
    clat (usec): min=2, max=21962, avg=429.29, stdev=870.71
     lat (usec): min=2, max=21962, avg=429.34, stdev=870.71
    clat percentiles (usec):
     |  1.00th=[   14],  5.00th=[   19], 10.00th=[   22], 20.00th=[   28],
     | 30.00th=[   34], 40.00th=[  229], 50.00th=[  371], 60.00th=[  498],
     | 70.00th=[  619], 80.00th=[  725], 90.00th=[  824], 95.00th=[  889],
     | 99.00th=[ 1045], 99.50th=[ 3163], 99.90th=[15926], 99.95th=[19530],
     | 99.99th=[21890]
  lat (usec)   : 4=0.04%, 10=0.22%, 20=7.62%, 50=28.63%, 100=0.43%
  lat (usec)   : 250=4.64%, 500=18.51%, 750=22.88%, 1000=15.55%
  lat (msec)   : 2=0.96%, 4=0.07%, 10=0.24%, 20=0.21%, 50=0.01%
  cpu          : usr=0.17%, sys=8.33%, ctx=5181, majf=0, minf=338
  IO depths    : 1=100.0%, 2=0.0%, 4=0.0%, 8=0.0%, 16=0.0%, 32=0.0%, >=64=0.0%
     submit    : 0=0.0%, 4=100.0%, 8=0.0%, 16=0.0%, 32=0.0%, 64=0.0%, >=64=0.0%
     complete  : 0=0.0%, 4=100.0%, 8=0.0%, 16=0.0%, 32=0.0%, 64=0.0%, >=64=0.0%
     issued rwts: total=8192,0,0,0 short=0,0,0,0 dropped=0,0,0,0
     latency   : target=0, window=0, percentile=100.00%, depth=1

Run status group 0 (all jobs):
   READ: bw=2107MiB/s (2209MB/s), 2107MiB/s-2107MiB/s (2209MB/s-2209MB/s), io=1024MiB (1074MB), run=486-486msec
