randread: (g=0): rw=randread, bs=(R) 128KiB-128KiB, (W) 128KiB-128KiB, (T) 128KiB-128KiB, ioengine=psync, iodepth=1
...
fio-3.16
Starting 16 processes

randread: (groupid=0, jobs=16): err= 0: pid=123951: Wed Oct 22 17:30:39 2025
  read: IOPS=25.6k, BW=3200MiB/s (3355MB/s)(2048MiB/640msec)
    clat (usec): min=3, max=34014, avg=567.62, stdev=1398.67
     lat (usec): min=3, max=34014, avg=567.67, stdev=1398.68
    clat percentiles (usec):
     |  1.00th=[   13],  5.00th=[   22], 10.00th=[   26], 20.00th=[   32],
     | 30.00th=[   39], 40.00th=[  258], 50.00th=[  433], 60.00th=[  611],
     | 70.00th=[  783], 80.00th=[  955], 90.00th=[ 1123], 95.00th=[ 1270],
     | 99.00th=[ 1647], 99.50th=[ 3556], 99.90th=[31065], 99.95th=[32375],
     | 99.99th=[33817]
   bw (  MiB/s): min= 3352, max= 3352, per=100.00%, avg=3352.00, stdev= 0.00, samples=16
   iops        : min=26816, max=26816, avg=26816.00, stdev= 0.00, samples=16
  lat (usec)   : 4=0.03%, 10=0.34%, 20=3.32%, 50=31.54%, 100=1.66%
  lat (usec)   : 250=2.87%, 500=13.98%, 750=14.20%, 1000=15.01%
  lat (msec)   : 2=16.37%, 4=0.23%, 10=0.22%, 20=0.04%, 50=0.18%
  cpu          : usr=0.25%, sys=7.51%, ctx=10429, majf=0, minf=662
  IO depths    : 1=100.0%, 2=0.0%, 4=0.0%, 8=0.0%, 16=0.0%, 32=0.0%, >=64=0.0%
     submit    : 0=0.0%, 4=100.0%, 8=0.0%, 16=0.0%, 32=0.0%, 64=0.0%, >=64=0.0%
     complete  : 0=0.0%, 4=100.0%, 8=0.0%, 16=0.0%, 32=0.0%, 64=0.0%, >=64=0.0%
     issued rwts: total=16384,0,0,0 short=0,0,0,0 dropped=0,0,0,0
     latency   : target=0, window=0, percentile=100.00%, depth=1

Run status group 0 (all jobs):
   READ: bw=3200MiB/s (3355MB/s), 3200MiB/s-3200MiB/s (3355MB/s-3355MB/s), io=2048MiB (2147MB), run=640-640msec
