randwrite: (g=0): rw=randwrite, bs=(R) 128KiB-128KiB, (W) 128KiB-128KiB, (T) 128KiB-128KiB, ioengine=psync, iodepth=1
...
fio-3.16
Starting 8 processes

randwrite: (groupid=0, jobs=8): err= 0: pid=125864: Wed Oct 22 17:33:21 2025
  write: IOPS=9683, BW=1210MiB/s (1269MB/s)(1024MiB/846msec); 0 zone resets
    clat (usec): min=29, max=19820, avg=587.66, stdev=1483.84
     lat (usec): min=30, max=19822, avg=589.20, stdev=1483.90
    clat percentiles (usec):
     |  1.00th=[   54],  5.00th=[   74], 10.00th=[   96], 20.00th=[  129],
     | 30.00th=[  159], 40.00th=[  190], 50.00th=[  225], 60.00th=[  277],
     | 70.00th=[  355], 80.00th=[  502], 90.00th=[  742], 95.00th=[ 1680],
     | 99.00th=[ 8356], 99.50th=[ 9896], 99.90th=[16057], 99.95th=[16450],
     | 99.99th=[19792]
   bw (  MiB/s): min= 1592, max= 1592, per=100.00%, avg=1592.50, stdev= 0.00, samples=8
   iops        : min=12740, max=12740, avg=12740.00, stdev= 0.00, samples=8
  lat (usec)   : 50=0.65%, 100=10.58%, 250=44.26%, 500=24.33%, 750=10.42%
  lat (usec)   : 1000=3.59%
  lat (msec)   : 2=1.37%, 4=1.00%, 10=3.33%, 20=0.46%
  cpu          : usr=0.15%, sys=68.82%, ctx=1483, majf=0, minf=80
  IO depths    : 1=100.1%, 2=0.0%, 4=0.0%, 8=0.0%, 16=0.0%, 32=0.0%, >=64=0.0%
     submit    : 0=0.0%, 4=100.0%, 8=0.0%, 16=0.0%, 32=0.0%, 64=0.0%, >=64=0.0%
     complete  : 0=0.0%, 4=100.0%, 8=0.0%, 16=0.0%, 32=0.0%, 64=0.0%, >=64=0.0%
     issued rwts: total=0,8192,0,8 short=0,0,0,0 dropped=0,0,0,0
     latency   : target=0, window=0, percentile=100.00%, depth=1

Run status group 0 (all jobs):
  WRITE: bw=1210MiB/s (1269MB/s), 1210MiB/s-1210MiB/s (1269MB/s-1269MB/s), io=1024MiB (1074MB), run=846-846msec
