randwrite: (g=0): rw=randwrite, bs=(R) 4096B-4096B, (W) 4096B-4096B, (T) 4096B-4096B, ioengine=psync, iodepth=1
fio-3.16
Starting 1 process

randwrite: (groupid=0, jobs=1): err= 0: pid=91821: Wed Oct 22 16:45:51 2025
  write: IOPS=5248, BW=20.5MiB/s (21.5MB/s)(128MiB/6243msec); 0 zone resets
    clat (usec): min=2, max=20465, avg=187.66, stdev=688.13
     lat (usec): min=2, max=20465, avg=187.69, stdev=688.14
    clat percentiles (usec):
     |  1.00th=[    5],  5.00th=[    5], 10.00th=[    6], 20.00th=[    6],
     | 30.00th=[    6], 40.00th=[    7], 50.00th=[   10], 60.00th=[   48],
     | 70.00th=[  106], 80.00th=[  219], 90.00th=[  392], 95.00th=[  603],
     | 99.00th=[ 3261], 99.50th=[ 4146], 99.90th=[ 7439], 99.95th=[15926],
     | 99.99th=[19792]
   bw (  KiB/s): min=16534, max=33864, per=100.00%, avg=21327.83, stdev=5460.92, samples=12
   iops        : min= 4133, max= 8466, avg=5331.92, stdev=1365.27, samples=12
  lat (usec)   : 4=0.75%, 10=51.19%, 20=4.78%, 50=4.14%, 100=8.48%
  lat (usec)   : 250=12.93%, 500=11.34%, 750=2.43%, 1000=0.83%
  lat (msec)   : 2=1.29%, 4=1.24%, 10=0.54%, 20=0.06%, 50=0.01%
  cpu          : usr=0.18%, sys=92.05%, ctx=2820, majf=0, minf=10
  IO depths    : 1=100.0%, 2=0.0%, 4=0.0%, 8=0.0%, 16=0.0%, 32=0.0%, >=64=0.0%
     submit    : 0=0.0%, 4=100.0%, 8=0.0%, 16=0.0%, 32=0.0%, 64=0.0%, >=64=0.0%
     complete  : 0=0.0%, 4=100.0%, 8=0.0%, 16=0.0%, 32=0.0%, 64=0.0%, >=64=0.0%
     issued rwts: total=0,32768,0,1 short=0,0,0,0 dropped=0,0,0,0
     latency   : target=0, window=0, percentile=100.00%, depth=1

Run status group 0 (all jobs):
  WRITE: bw=20.5MiB/s (21.5MB/s), 20.5MiB/s-20.5MiB/s (21.5MB/s-21.5MB/s), io=128MiB (134MB), run=6243-6243msec
