randwrite: (g=0): rw=randwrite, bs=(R) 128KiB-128KiB, (W) 128KiB-128KiB, (T) 128KiB-128KiB, ioengine=psync, iodepth=1
...
fio-3.16
Starting 16 processes

randwrite: (groupid=0, jobs=16): err= 0: pid=336295: Wed Oct 22 20:37:53 2025
  write: IOPS=10.2k, BW=1270MiB/s (1332MB/s)(2048MiB/1612msec); 0 zone resets
    clat (usec): min=21, max=435836, avg=999.06, stdev=8542.19
     lat (usec): min=21, max=435836, avg=1000.33, stdev=8542.22
    clat percentiles (usec):
     |  1.00th=[    41],  5.00th=[    60], 10.00th=[    73], 20.00th=[    95],
     | 30.00th=[   116], 40.00th=[   141], 50.00th=[   176], 60.00th=[   221],
     | 70.00th=[   289], 80.00th=[   644], 90.00th=[  2540], 95.00th=[  4621],
     | 99.00th=[  8029], 99.50th=[  9634], 99.90th=[ 13960], 99.95th=[ 63177],
     | 99.99th=[434111]
   bw (  MiB/s): min= 1979, max= 2437, per=100.00%, avg=2208.71, stdev=29.29, samples=22
   iops        : min=15837, max=19500, avg=17668.50, stdev=234.43, samples=22
  lat (usec)   : 50=2.41%, 100=20.43%, 250=42.02%, 500=13.91%, 750=1.78%
  lat (usec)   : 1000=0.82%
  lat (msec)   : 2=5.00%, 4=7.52%, 10=5.65%, 20=0.41%, 50=0.01%
  lat (msec)   : 100=0.02%, 500=0.04%
  cpu          : usr=0.10%, sys=57.48%, ctx=4095, majf=0, minf=159
  IO depths    : 1=100.1%, 2=0.0%, 4=0.0%, 8=0.0%, 16=0.0%, 32=0.0%, >=64=0.0%
     submit    : 0=0.0%, 4=100.0%, 8=0.0%, 16=0.0%, 32=0.0%, 64=0.0%, >=64=0.0%
     complete  : 0=0.0%, 4=100.0%, 8=0.0%, 16=0.0%, 32=0.0%, 64=0.0%, >=64=0.0%
     issued rwts: total=0,16384,0,16 short=0,0,0,0 dropped=0,0,0,0
     latency   : target=0, window=0, percentile=100.00%, depth=1

Run status group 0 (all jobs):
  WRITE: bw=1270MiB/s (1332MB/s), 1270MiB/s-1270MiB/s (1332MB/s-1332MB/s), io=2048MiB (2147MB), run=1612-1612msec
