randwrite: (g=0): rw=randwrite, bs=(R) 128KiB-128KiB, (W) 128KiB-128KiB, (T) 128KiB-128KiB, ioengine=psync, iodepth=1
...
fio-3.16
Starting 4 processes

randwrite: (groupid=0, jobs=4): err= 0: pid=125774: Wed Oct 22 17:33:16 2025
  write: IOPS=6122, BW=765MiB/s (802MB/s)(512MiB/669msec); 0 zone resets
    clat (usec): min=26, max=16306, avg=509.81, stdev=1350.43
     lat (usec): min=26, max=16308, avg=510.84, stdev=1350.53
    clat percentiles (usec):
     |  1.00th=[   38],  5.00th=[   57], 10.00th=[   67], 20.00th=[   84],
     | 30.00th=[  105], 40.00th=[  135], 50.00th=[  172], 60.00th=[  231],
     | 70.00th=[  343], 80.00th=[  478], 90.00th=[  652], 95.00th=[ 1139],
     | 99.00th=[ 7832], 99.50th=[ 8455], 99.90th=[12256], 99.95th=[14877],
     | 99.99th=[16319]
   bw (  KiB/s): min=698368, max=698368, per=89.11%, avg=698368.00, stdev= 0.00, samples=3
   iops        : min= 5456, max= 5456, avg=5456.00, stdev= 0.00, samples=3
  lat (usec)   : 50=3.66%, 100=24.17%, 250=34.50%, 500=19.68%, 750=10.57%
  lat (usec)   : 1000=1.98%
  lat (msec)   : 2=1.37%, 4=0.71%, 10=3.10%, 20=0.27%
  cpu          : usr=0.26%, sys=81.08%, ctx=716, majf=0, minf=44
  IO depths    : 1=100.1%, 2=0.0%, 4=0.0%, 8=0.0%, 16=0.0%, 32=0.0%, >=64=0.0%
     submit    : 0=0.0%, 4=100.0%, 8=0.0%, 16=0.0%, 32=0.0%, 64=0.0%, >=64=0.0%
     complete  : 0=0.0%, 4=100.0%, 8=0.0%, 16=0.0%, 32=0.0%, 64=0.0%, >=64=0.0%
     issued rwts: total=0,4096,0,4 short=0,0,0,0 dropped=0,0,0,0
     latency   : target=0, window=0, percentile=100.00%, depth=1

Run status group 0 (all jobs):
  WRITE: bw=765MiB/s (802MB/s), 765MiB/s-765MiB/s (802MB/s-802MB/s), io=512MiB (537MB), run=669-669msec
