randread: (g=0): rw=randread, bs=(R) 128KiB-128KiB, (W) 128KiB-128KiB, (T) 128KiB-128KiB, ioengine=psync, iodepth=1
...
fio-3.16
Starting 4 processes

randread: (groupid=0, jobs=4): err= 0: pid=90627: Wed Oct 22 16:44:05 2025
  read: IOPS=8031, BW=1004MiB/s (1053MB/s)(512MiB/510msec)
    clat (usec): min=5, max=21133, avg=454.35, stdev=1122.53
     lat (usec): min=5, max=21133, avg=454.40, stdev=1122.53
    clat percentiles (usec):
     |  1.00th=[   12],  5.00th=[   17], 10.00th=[   20], 20.00th=[   25],
     | 30.00th=[   30], 40.00th=[  157], 50.00th=[  235], 60.00th=[  486],
     | 70.00th=[  660], 80.00th=[  775], 90.00th=[  906], 95.00th=[ 1012],
     | 99.00th=[ 1319], 99.50th=[ 7504], 99.90th=[19006], 99.95th=[20841],
     | 99.99th=[21103]
   bw (  KiB/s): min=255231, max=255232, per=24.83%, avg=255232.00, stdev= 0.00, samples=1
   iops        : min= 1993, max= 1994, avg=1994.00, stdev= 0.00, samples=1
  lat (usec)   : 10=0.56%, 20=10.64%, 50=25.29%, 100=0.20%, 250=14.18%
  lat (usec)   : 500=9.72%, 750=16.97%, 1000=16.97%
  lat (msec)   : 2=4.93%, 4=0.02%, 10=0.15%, 20=0.29%, 50=0.07%
  cpu          : usr=0.00%, sys=7.84%, ctx=2602, majf=0, minf=169
  IO depths    : 1=100.0%, 2=0.0%, 4=0.0%, 8=0.0%, 16=0.0%, 32=0.0%, >=64=0.0%
     submit    : 0=0.0%, 4=100.0%, 8=0.0%, 16=0.0%, 32=0.0%, 64=0.0%, >=64=0.0%
     complete  : 0=0.0%, 4=100.0%, 8=0.0%, 16=0.0%, 32=0.0%, 64=0.0%, >=64=0.0%
     issued rwts: total=4096,0,0,0 short=0,0,0,0 dropped=0,0,0,0
     latency   : target=0, window=0, percentile=100.00%, depth=1

Run status group 0 (all jobs):
   READ: bw=1004MiB/s (1053MB/s), 1004MiB/s-1004MiB/s (1053MB/s-1053MB/s), io=512MiB (537MB), run=510-510msec
