randwrite: (g=0): rw=randwrite, bs=(R) 4096B-4096B, (W) 4096B-4096B, (T) 4096B-4096B, ioengine=psync, iodepth=1
...
fio-3.16
Starting 4 processes

randwrite: (groupid=0, jobs=4): err= 0: pid=125241: Wed Oct 22 17:32:35 2025
  write: IOPS=18.3k, BW=71.6MiB/s (75.1MB/s)(512MiB/7147msec); 0 zone resets
    clat (usec): min=3, max=23121, avg=210.65, stdev=798.77
     lat (usec): min=3, max=23121, avg=210.70, stdev=798.77
    clat percentiles (usec):
     |  1.00th=[    6],  5.00th=[    7], 10.00th=[    9], 20.00th=[   16],
     | 30.00th=[   44], 40.00th=[   78], 50.00th=[  117], 60.00th=[  159],
     | 70.00th=[  217], 80.00th=[  289], 90.00th=[  392], 95.00th=[  486],
     | 99.00th=[  799], 99.50th=[ 3556], 99.90th=[17171], 99.95th=[19268],
     | 99.99th=[21890]
   bw (  KiB/s): min=56633, max=90192, per=100.00%, avg=75887.53, stdev=2400.54, samples=53
   iops        : min=14157, max=22548, avg=18971.73, stdev=600.21, samples=53
  lat (usec)   : 4=0.14%, 10=11.98%, 20=11.21%, 50=8.23%, 100=13.84%
  lat (usec)   : 250=29.30%, 500=20.89%, 750=3.22%, 1000=0.50%
  lat (msec)   : 2=0.14%, 4=0.07%, 10=0.35%, 20=0.11%, 50=0.03%
  cpu          : usr=0.21%, sys=86.45%, ctx=18388, majf=0, minf=40
  IO depths    : 1=100.0%, 2=0.0%, 4=0.0%, 8=0.0%, 16=0.0%, 32=0.0%, >=64=0.0%
     submit    : 0=0.0%, 4=100.0%, 8=0.0%, 16=0.0%, 32=0.0%, 64=0.0%, >=64=0.0%
     complete  : 0=0.0%, 4=100.0%, 8=0.0%, 16=0.0%, 32=0.0%, 64=0.0%, >=64=0.0%
     issued rwts: total=0,131072,0,4 short=0,0,0,0 dropped=0,0,0,0
     latency   : target=0, window=0, percentile=100.00%, depth=1

Run status group 0 (all jobs):
  WRITE: bw=71.6MiB/s (75.1MB/s), 71.6MiB/s-71.6MiB/s (75.1MB/s-75.1MB/s), io=512MiB (537MB), run=7147-7147msec
