randread: (g=0): rw=randread, bs=(R) 128KiB-128KiB, (W) 128KiB-128KiB, (T) 128KiB-128KiB, ioengine=psync, iodepth=1
fio-3.16
Starting 1 process

randread: (groupid=0, jobs=1): err= 0: pid=333023: Wed Oct 22 20:34:50 2025
  read: IOPS=2260, BW=283MiB/s (296MB/s)(128MiB/453msec)
    clat (usec): min=10, max=21123, avg=441.42, stdev=892.20
     lat (usec): min=10, max=21123, avg=441.48, stdev=892.20
    clat percentiles (usec):
     |  1.00th=[   15],  5.00th=[   18], 10.00th=[   20], 20.00th=[   24],
     | 30.00th=[   29], 40.00th=[  194], 50.00th=[  537], 60.00th=[  586],
     | 70.00th=[  627], 80.00th=[  676], 90.00th=[  742], 95.00th=[  783],
     | 99.00th=[  898], 99.50th=[ 5735], 99.90th=[11994], 99.95th=[21103],
     | 99.99th=[21103]
  lat (usec)   : 20=11.04%, 50=26.37%, 100=0.20%, 250=2.73%, 500=6.15%
  lat (usec)   : 750=45.21%, 1000=7.71%
  lat (msec)   : 10=0.39%, 20=0.10%, 50=0.10%
  cpu          : usr=1.55%, sys=6.42%, ctx=639, majf=0, minf=41
  IO depths    : 1=100.0%, 2=0.0%, 4=0.0%, 8=0.0%, 16=0.0%, 32=0.0%, >=64=0.0%
     submit    : 0=0.0%, 4=100.0%, 8=0.0%, 16=0.0%, 32=0.0%, 64=0.0%, >=64=0.0%
     complete  : 0=0.0%, 4=100.0%, 8=0.0%, 16=0.0%, 32=0.0%, 64=0.0%, >=64=0.0%
     issued rwts: total=1024,0,0,0 short=0,0,0,0 dropped=0,0,0,0
     latency   : target=0, window=0, percentile=100.00%, depth=1

Run status group 0 (all jobs):
   READ: bw=283MiB/s (296MB/s), 283MiB/s-283MiB/s (296MB/s-296MB/s), io=128MiB (134MB), run=453-453msec
