randread: (g=0): rw=randread, bs=(R) 128KiB-128KiB, (W) 128KiB-128KiB, (T) 128KiB-128KiB, ioengine=psync, iodepth=1
...
fio-3.16
Starting 2 processes

randread: (groupid=0, jobs=2): err= 0: pid=333056: Wed Oct 22 20:34:55 2025
  read: IOPS=4561, BW=570MiB/s (598MB/s)(256MiB/449msec)
    clat (usec): min=5, max=21502, avg=421.28, stdev=955.24
     lat (usec): min=5, max=21502, avg=421.33, stdev=955.25
    clat percentiles (usec):
     |  1.00th=[   15],  5.00th=[   20], 10.00th=[   23], 20.00th=[   28],
     | 30.00th=[   34], 40.00th=[  186], 50.00th=[  437], 60.00th=[  553],
     | 70.00th=[  603], 80.00th=[  660], 90.00th=[  734], 95.00th=[  783],
     | 99.00th=[  898], 99.50th=[ 2024], 99.90th=[17957], 99.95th=[21365],
     | 99.99th=[21627]
  lat (usec)   : 10=0.20%, 20=5.22%, 50=31.20%, 100=0.20%, 250=7.62%
  lat (usec)   : 500=9.18%, 750=38.62%, 1000=7.18%
  lat (msec)   : 2=0.05%, 4=0.05%, 10=0.24%, 20=0.15%, 50=0.10%
  cpu          : usr=0.00%, sys=8.91%, ctx=1295, majf=0, minf=83
  IO depths    : 1=100.0%, 2=0.0%, 4=0.0%, 8=0.0%, 16=0.0%, 32=0.0%, >=64=0.0%
     submit    : 0=0.0%, 4=100.0%, 8=0.0%, 16=0.0%, 32=0.0%, 64=0.0%, >=64=0.0%
     complete  : 0=0.0%, 4=100.0%, 8=0.0%, 16=0.0%, 32=0.0%, 64=0.0%, >=64=0.0%
     issued rwts: total=2048,0,0,0 short=0,0,0,0 dropped=0,0,0,0
     latency   : target=0, window=0, percentile=100.00%, depth=1

Run status group 0 (all jobs):
   READ: bw=570MiB/s (598MB/s), 570MiB/s-570MiB/s (598MB/s-598MB/s), io=256MiB (268MB), run=449-449msec
