randwrite: (g=0): rw=randwrite, bs=(R) 4096B-4096B, (W) 4096B-4096B, (T) 4096B-4096B, ioengine=psync, iodepth=1
...
fio-3.16
Starting 16 processes

randwrite: (groupid=0, jobs=16): err= 0: pid=92360: Wed Oct 22 16:46:40 2025
  write: IOPS=46.3k, BW=181MiB/s (190MB/s)(2048MiB/11332msec); 0 zone resets
    clat (usec): min=3, max=27425, avg=323.81, stdev=1272.09
     lat (usec): min=3, max=27425, avg=323.86, stdev=1272.09
    clat percentiles (usec):
     |  1.00th=[    5],  5.00th=[    6], 10.00th=[    8], 20.00th=[   10],
     | 30.00th=[   12], 40.00th=[   14], 50.00th=[   18], 60.00th=[   30],
     | 70.00th=[   71], 80.00th=[  130], 90.00th=[  302], 95.00th=[ 1319],
     | 99.00th=[ 7177], 99.50th=[ 7963], 99.90th=[11600], 99.95th=[15401],
     | 99.99th=[21103]
   bw (  KiB/s): min=125448, max=345092, per=100.00%, avg=191057.90, stdev=3285.19, samples=334
   iops        : min=31362, max=86272, avg=47763.61, stdev=821.30, samples=334
  lat (usec)   : 4=0.22%, 10=24.66%, 20=28.86%, 50=10.42%, 100=11.45%
  lat (usec)   : 250=12.81%, 500=4.47%, 750=1.15%, 1000=0.54%
  lat (msec)   : 2=1.10%, 4=1.25%, 10=2.88%, 20=0.17%, 50=0.02%
  cpu          : usr=0.14%, sys=84.82%, ctx=101649, majf=0, minf=182
  IO depths    : 1=100.0%, 2=0.0%, 4=0.0%, 8=0.0%, 16=0.0%, 32=0.0%, >=64=0.0%
     submit    : 0=0.0%, 4=100.0%, 8=0.0%, 16=0.0%, 32=0.0%, 64=0.0%, >=64=0.0%
     complete  : 0=0.0%, 4=100.0%, 8=0.0%, 16=0.0%, 32=0.0%, 64=0.0%, >=64=0.0%
     issued rwts: total=0,524288,0,16 short=0,0,0,0 dropped=0,0,0,0
     latency   : target=0, window=0, percentile=100.00%, depth=1

Run status group 0 (all jobs):
  WRITE: bw=181MiB/s (190MB/s), 181MiB/s-181MiB/s (190MB/s-190MB/s), io=2048MiB (2147MB), run=11332-11332msec
