read: (g=0): rw=read, bs=(R) 4096B-4096B, (W) 4096B-4096B, (T) 4096B-4096B, ioengine=psync, iodepth=1
...
fio-3.16
Starting 2 processes

read: (groupid=0, jobs=2): err= 0: pid=119651: Wed Oct 22 17:28:29 2025
  read: IOPS=207k, BW=810MiB/s (849MB/s)(256MiB/316msec)
    clat (nsec): min=184, max=26418k, avg=9428.42, stdev=211375.83
     lat (nsec): min=194, max=26418k, avg=9444.18, stdev=211375.92
    clat percentiles (nsec):
     |  1.00th=[     237],  5.00th=[     306], 10.00th=[     342],
     | 20.00th=[     366], 30.00th=[     382], 40.00th=[     394],
     | 50.00th=[     406], 60.00th=[     422], 70.00th=[     438],
     | 80.00th=[     466], 90.00th=[     556], 95.00th=[     716],
     | 99.00th=[  301056], 99.50th=[  561152], 99.90th=[  929792],
     | 99.95th=[ 1105920], 99.99th=[10420224]
  lat (nsec)   : 250=2.00%, 500=83.58%, 750=10.07%, 1000=1.88%
  lat (usec)   : 2=0.75%, 4=0.13%, 10=0.01%, 20=0.01%, 50=0.14%
  lat (usec)   : 100=0.16%, 250=0.19%, 500=0.45%, 750=0.39%, 1000=0.16%
  lat (msec)   : 2=0.05%, 10=0.01%, 20=0.01%, 50=0.01%
  cpu          : usr=3.04%, sys=12.46%, ctx=860, majf=0, minf=24
  IO depths    : 1=100.0%, 2=0.0%, 4=0.0%, 8=0.0%, 16=0.0%, 32=0.0%, >=64=0.0%
     submit    : 0=0.0%, 4=100.0%, 8=0.0%, 16=0.0%, 32=0.0%, 64=0.0%, >=64=0.0%
     complete  : 0=0.0%, 4=100.0%, 8=0.0%, 16=0.0%, 32=0.0%, 64=0.0%, >=64=0.0%
     issued rwts: total=65536,0,0,0 short=0,0,0,0 dropped=0,0,0,0
     latency   : target=0, window=0, percentile=100.00%, depth=1

Run status group 0 (all jobs):
   READ: bw=810MiB/s (849MB/s), 810MiB/s-810MiB/s (849MB/s-849MB/s), io=256MiB (268MB), run=316-316msec
