read: (g=0): rw=read, bs=(R) 128KiB-128KiB, (W) 128KiB-128KiB, (T) 128KiB-128KiB, ioengine=psync, iodepth=1
...
fio-3.16
Starting 16 processes

read: (groupid=0, jobs=16): err= 0: pid=332280: Wed Oct 22 20:33:28 2025
  read: IOPS=5328, BW=666MiB/s (698MB/s)(2048MiB/3075msec)
    clat (usec): min=4, max=29577, avg=2925.69, stdev=4953.64
     lat (usec): min=4, max=29577, avg=2925.76, stdev=4953.62
    clat percentiles (usec):
     |  1.00th=[    7],  5.00th=[    8], 10.00th=[    9], 20.00th=[   11],
     | 30.00th=[   13], 40.00th=[   15], 50.00th=[   36], 60.00th=[   63],
     | 70.00th=[ 2999], 80.00th=[ 5800], 90.00th=[10814], 95.00th=[14484],
     | 99.00th=[19792], 99.50th=[21365], 99.90th=[24773], 99.95th=[25822],
     | 99.99th=[28967]
   bw (  KiB/s): min=629248, max=752640, per=100.00%, avg=696985.60, stdev=2882.61, samples=88
   iops        : min= 4916, max= 5880, avg=5445.20, stdev=22.52, samples=88
  lat (usec)   : 10=15.20%, 20=32.50%, 50=8.51%, 100=5.66%, 250=1.15%
  lat (usec)   : 500=0.29%, 750=0.22%, 1000=0.21%
  lat (msec)   : 2=1.70%, 4=8.22%, 10=15.07%, 20=10.35%, 50=0.92%
  cpu          : usr=0.05%, sys=1.82%, ctx=6493, majf=0, minf=684
  IO depths    : 1=100.0%, 2=0.0%, 4=0.0%, 8=0.0%, 16=0.0%, 32=0.0%, >=64=0.0%
     submit    : 0=0.0%, 4=100.0%, 8=0.0%, 16=0.0%, 32=0.0%, 64=0.0%, >=64=0.0%
     complete  : 0=0.0%, 4=100.0%, 8=0.0%, 16=0.0%, 32=0.0%, 64=0.0%, >=64=0.0%
     issued rwts: total=16384,0,0,0 short=0,0,0,0 dropped=0,0,0,0
     latency   : target=0, window=0, percentile=100.00%, depth=1

Run status group 0 (all jobs):
   READ: bw=666MiB/s (698MB/s), 666MiB/s-666MiB/s (698MB/s-698MB/s), io=2048MiB (2147MB), run=3075-3075msec
