read: (g=0): rw=read, bs=(R) 4096B-4096B, (W) 4096B-4096B, (T) 4096B-4096B, ioengine=psync, iodepth=1
...
fio-3.16
Starting 4 processes

read: (groupid=0, jobs=4): err= 0: pid=346925: Wed Oct 22 20:49:41 2025
  read: IOPS=298k, BW=1164MiB/s (1220MB/s)(512MiB/440msec)
    clat (nsec): min=185, max=7654.8k, avg=13039.36, stdev=138667.83
     lat (nsec): min=195, max=7654.8k, avg=13054.45, stdev=138667.83
    clat percentiles (nsec):
     |  1.00th=[    239],  5.00th=[    282], 10.00th=[    298],
     | 20.00th=[    310], 30.00th=[    318], 40.00th=[    326],
     | 50.00th=[    346], 60.00th=[    386], 70.00th=[    406],
     | 80.00th=[    422], 90.00th=[    466], 95.00th=[    548],
     | 99.00th=[ 399360], 99.50th=[1019904], 99.90th=[2113536],
     | 99.95th=[2441216], 99.99th=[3129344]
  lat (nsec)   : 250=2.08%, 500=90.96%, 750=4.45%, 1000=0.68%
  lat (usec)   : 2=0.22%, 4=0.02%, 10=0.01%, 50=0.31%, 100=0.07%
  lat (usec)   : 250=0.08%, 500=0.21%, 750=0.21%, 1000=0.18%
  lat (msec)   : 2=0.39%, 4=0.12%, 10=0.01%
  cpu          : usr=0.46%, sys=7.72%, ctx=1654, majf=0, minf=45
  IO depths    : 1=100.0%, 2=0.0%, 4=0.0%, 8=0.0%, 16=0.0%, 32=0.0%, >=64=0.0%
     submit    : 0=0.0%, 4=100.0%, 8=0.0%, 16=0.0%, 32=0.0%, 64=0.0%, >=64=0.0%
     complete  : 0=0.0%, 4=100.0%, 8=0.0%, 16=0.0%, 32=0.0%, 64=0.0%, >=64=0.0%
     issued rwts: total=131072,0,0,0 short=0,0,0,0 dropped=0,0,0,0
     latency   : target=0, window=0, percentile=100.00%, depth=1

Run status group 0 (all jobs):
   READ: bw=1164MiB/s (1220MB/s), 1164MiB/s-1164MiB/s (1220MB/s-1220MB/s), io=512MiB (537MB), run=440-440msec
