read: (g=0): rw=read, bs=(R) 128KiB-128KiB, (W) 128KiB-128KiB, (T) 128KiB-128KiB, ioengine=psync, iodepth=1
...
fio-3.16
Starting 8 processes

read: (groupid=0, jobs=8): err= 0: pid=332240: Wed Oct 22 20:33:21 2025
  read: IOPS=7433, BW=929MiB/s (974MB/s)(1024MiB/1102msec)
    clat (usec): min=4, max=17937, avg=1052.06, stdev=1811.23
     lat (usec): min=4, max=17937, avg=1052.11, stdev=1811.21
    clat percentiles (usec):
     |  1.00th=[    7],  5.00th=[    8], 10.00th=[   10], 20.00th=[   12],
     | 30.00th=[   14], 40.00th=[   18], 50.00th=[   38], 60.00th=[   65],
     | 70.00th=[ 1156], 80.00th=[ 2245], 90.00th=[ 3818], 95.00th=[ 4883],
     | 99.00th=[ 7373], 99.50th=[ 8291], 99.90th=[10814], 99.95th=[14746],
     | 99.99th=[17957]
   bw (  KiB/s): min=936192, max=998144, per=100.00%, avg=967168.00, stdev=4527.66, samples=16
   iops        : min= 7314, max= 7798, avg=7556.00, stdev=35.37, samples=16
  lat (usec)   : 10=13.07%, 20=30.21%, 50=12.43%, 100=7.30%, 250=2.36%
  lat (usec)   : 500=1.66%, 750=1.04%, 1000=1.26%
  lat (msec)   : 2=7.41%, 4=14.27%, 10=8.81%, 20=0.18%
  cpu          : usr=0.03%, sys=3.81%, ctx=3122, majf=0, minf=335
  IO depths    : 1=100.0%, 2=0.0%, 4=0.0%, 8=0.0%, 16=0.0%, 32=0.0%, >=64=0.0%
     submit    : 0=0.0%, 4=100.0%, 8=0.0%, 16=0.0%, 32=0.0%, 64=0.0%, >=64=0.0%
     complete  : 0=0.0%, 4=100.0%, 8=0.0%, 16=0.0%, 32=0.0%, 64=0.0%, >=64=0.0%
     issued rwts: total=8192,0,0,0 short=0,0,0,0 dropped=0,0,0,0
     latency   : target=0, window=0, percentile=100.00%, depth=1

Run status group 0 (all jobs):
   READ: bw=929MiB/s (974MB/s), 929MiB/s-929MiB/s (974MB/s-974MB/s), io=1024MiB (1074MB), run=1102-1102msec
