read: (g=0): rw=read, bs=(R) 128KiB-128KiB, (W) 128KiB-128KiB, (T) 128KiB-128KiB, ioengine=psync, iodepth=1
fio-3.16
Starting 1 process

read: (groupid=0, jobs=1): err= 0: pid=87354: Wed Oct 22 16:42:21 2025
  read: IOPS=4338, BW=542MiB/s (569MB/s)(128MiB/236msec)
    clat (usec): min=6, max=8807, avg=229.62, stdev=393.32
     lat (usec): min=6, max=8808, avg=229.66, stdev=393.31
    clat percentiles (usec):
     |  1.00th=[    8],  5.00th=[    8], 10.00th=[    9], 20.00th=[    9],
     | 30.00th=[    9], 40.00th=[   10], 50.00th=[   23], 60.00th=[  135],
     | 70.00th=[  355], 80.00th=[  506], 90.00th=[  676], 95.00th=[  791],
     | 99.00th=[ 1029], 99.50th=[ 1188], 99.90th=[ 1352], 99.95th=[ 8848],
     | 99.99th=[ 8848]
  lat (usec)   : 10=41.70%, 20=8.11%, 50=2.05%, 100=6.64%, 250=6.15%
  lat (usec)   : 500=15.14%, 750=13.87%, 1000=5.08%
  lat (msec)   : 2=1.17%, 10=0.10%
  cpu          : usr=0.00%, sys=15.74%, ctx=440, majf=0, minf=41
  IO depths    : 1=100.0%, 2=0.0%, 4=0.0%, 8=0.0%, 16=0.0%, 32=0.0%, >=64=0.0%
     submit    : 0=0.0%, 4=100.0%, 8=0.0%, 16=0.0%, 32=0.0%, 64=0.0%, >=64=0.0%
     complete  : 0=0.0%, 4=100.0%, 8=0.0%, 16=0.0%, 32=0.0%, 64=0.0%, >=64=0.0%
     issued rwts: total=1024,0,0,0 short=0,0,0,0 dropped=0,0,0,0
     latency   : target=0, window=0, percentile=100.00%, depth=1

Run status group 0 (all jobs):
   READ: bw=542MiB/s (569MB/s), 542MiB/s-542MiB/s (569MB/s-569MB/s), io=128MiB (134MB), run=236-236msec
