write: (g=0): rw=write, bs=(R) 128KiB-128KiB, (W) 128KiB-128KiB, (T) 128KiB-128KiB, ioengine=psync, iodepth=1
...
fio-3.16
Starting 16 processes

write: (groupid=0, jobs=16): err= 0: pid=334728: Wed Oct 22 20:36:32 2025
  write: IOPS=7779, BW=972MiB/s (1020MB/s)(2048MiB/2106msec); 0 zone resets
    clat (usec): min=46, max=649638, avg=1155.58, stdev=12794.13
     lat (usec): min=47, max=649640, avg=1156.92, stdev=12794.15
    clat percentiles (usec):
     |  1.00th=[    60],  5.00th=[    73], 10.00th=[    87], 20.00th=[   102],
     | 30.00th=[   124], 40.00th=[   145], 50.00th=[   178], 60.00th=[   225],
     | 70.00th=[   297], 80.00th=[   676], 90.00th=[  2737], 95.00th=[  4948],
     | 99.00th=[  9765], 99.50th=[ 11863], 99.90th=[ 16057], 99.95th=[ 50594],
     | 99.99th=[650118]
   bw (  MiB/s): min= 2060, max= 2180, per=100.00%, avg=2120.00, stdev= 7.99, samples=22
   iops        : min=16480, max=17440, avg=16960.00, stdev=63.93, samples=22
  lat (usec)   : 50=0.07%, 100=18.50%, 250=45.57%, 500=14.64%, 750=1.70%
  lat (usec)   : 1000=0.99%
  lat (msec)   : 2=4.58%, 4=7.49%, 10=5.52%, 20=0.87%, 50=0.01%
  lat (msec)   : 100=0.01%, 250=0.01%, 750=0.04%
  cpu          : usr=0.08%, sys=46.89%, ctx=3783, majf=0, minf=172
  IO depths    : 1=100.1%, 2=0.0%, 4=0.0%, 8=0.0%, 16=0.0%, 32=0.0%, >=64=0.0%
     submit    : 0=0.0%, 4=100.0%, 8=0.0%, 16=0.0%, 32=0.0%, 64=0.0%, >=64=0.0%
     complete  : 0=0.0%, 4=100.0%, 8=0.0%, 16=0.0%, 32=0.0%, 64=0.0%, >=64=0.0%
     issued rwts: total=0,16384,0,16 short=0,0,0,0 dropped=0,0,0,0
     latency   : target=0, window=0, percentile=100.00%, depth=1

Run status group 0 (all jobs):
  WRITE: bw=972MiB/s (1020MB/s), 972MiB/s-972MiB/s (1020MB/s-1020MB/s), io=2048MiB (2147MB), run=2106-2106msec
