write: (g=0): rw=write, bs=(R) 128KiB-128KiB, (W) 128KiB-128KiB, (T) 128KiB-128KiB, ioengine=psync, iodepth=1
fio-3.16
Starting 1 process

write: (groupid=0, jobs=1): err= 0: pid=124640: Wed Oct 22 17:31:45 2025
  write: IOPS=928, BW=116MiB/s (122MB/s)(128MiB/1103msec); 0 zone resets
    clat (usec): min=48, max=7997, avg=908.98, stdev=1495.64
     lat (usec): min=48, max=7999, avg=909.60, stdev=1495.77
    clat percentiles (usec):
     |  1.00th=[   50],  5.00th=[   53], 10.00th=[   54], 20.00th=[   57],
     | 30.00th=[   64], 40.00th=[   73], 50.00th=[  102], 60.00th=[  133],
     | 70.00th=[  351], 80.00th=[ 2008], 90.00th=[ 3490], 95.00th=[ 4080],
     | 99.00th=[ 6128], 99.50th=[ 6259], 99.90th=[ 7767], 99.95th=[ 8029],
     | 99.99th=[ 8029]
   bw (  KiB/s): min=155648, max=155648, per=100.00%, avg=155648.00, stdev= 0.00, samples=1
   iops        : min= 1216, max= 1216, avg=1216.00, stdev= 0.00, samples=1
  lat (usec)   : 50=0.98%, 100=48.73%, 250=20.12%, 500=0.98%, 750=1.27%
  lat (usec)   : 1000=0.68%
  lat (msec)   : 2=6.93%, 4=14.75%, 10=5.57%
  cpu          : usr=0.00%, sys=83.21%, ctx=309, majf=0, minf=10
  IO depths    : 1=100.1%, 2=0.0%, 4=0.0%, 8=0.0%, 16=0.0%, 32=0.0%, >=64=0.0%
     submit    : 0=0.0%, 4=100.0%, 8=0.0%, 16=0.0%, 32=0.0%, 64=0.0%, >=64=0.0%
     complete  : 0=0.0%, 4=100.0%, 8=0.0%, 16=0.0%, 32=0.0%, 64=0.0%, >=64=0.0%
     issued rwts: total=0,1024,0,1 short=0,0,0,0 dropped=0,0,0,0
     latency   : target=0, window=0, percentile=100.00%, depth=1

Run status group 0 (all jobs):
  WRITE: bw=116MiB/s (122MB/s), 116MiB/s-116MiB/s (122MB/s-122MB/s), io=128MiB (134MB), run=1103-1103msec
