write: (g=0): rw=write, bs=(R) 4096B-4096B, (W) 4096B-4096B, (T) 4096B-4096B, ioengine=psync, iodepth=1
...
fio-3.16
Starting 2 processes

write: (groupid=0, jobs=2): err= 0: pid=124140: Wed Oct 22 17:31:01 2025
  write: IOPS=9099, BW=35.5MiB/s (37.3MB/s)(256MiB/7202msec); 0 zone resets
    clat (usec): min=3, max=22268, avg=211.57, stdev=754.72
     lat (usec): min=3, max=22268, avg=211.63, stdev=754.72
    clat percentiles (usec):
     |  1.00th=[    5],  5.00th=[    6], 10.00th=[    7], 20.00th=[   14],
     | 30.00th=[   55], 40.00th=[   89], 50.00th=[  125], 60.00th=[  172],
     | 70.00th=[  235], 80.00th=[  310], 90.00th=[  404], 95.00th=[  490],
     | 99.00th=[  799], 99.50th=[ 1336], 99.90th=[17433], 99.95th=[19268],
     | 99.99th=[20841]
   bw (  KiB/s): min=31552, max=47000, per=100.00%, avg=37765.01, stdev=1932.40, samples=27
   iops        : min= 7888, max=11750, avg=9441.25, stdev=483.10, samples=27
  lat (usec)   : 4=0.55%, 10=16.32%, 20=5.87%, 50=5.48%, 100=14.87%
  lat (usec)   : 250=29.17%, 500=23.04%, 750=3.51%, 1000=0.56%
  lat (msec)   : 2=0.20%, 4=0.08%, 10=0.21%, 20=0.12%, 50=0.02%
  cpu          : usr=0.21%, sys=88.06%, ctx=3498, majf=0, minf=25
  IO depths    : 1=100.0%, 2=0.0%, 4=0.0%, 8=0.0%, 16=0.0%, 32=0.0%, >=64=0.0%
     submit    : 0=0.0%, 4=100.0%, 8=0.0%, 16=0.0%, 32=0.0%, 64=0.0%, >=64=0.0%
     complete  : 0=0.0%, 4=100.0%, 8=0.0%, 16=0.0%, 32=0.0%, 64=0.0%, >=64=0.0%
     issued rwts: total=0,65536,0,2 short=0,0,0,0 dropped=0,0,0,0
     latency   : target=0, window=0, percentile=100.00%, depth=1

Run status group 0 (all jobs):
  WRITE: bw=35.5MiB/s (37.3MB/s), 35.5MiB/s-35.5MiB/s (37.3MB/s-37.3MB/s), io=256MiB (268MB), run=7202-7202msec
