write: (g=0): rw=write, bs=(R) 4096B-4096B, (W) 4096B-4096B, (T) 4096B-4096B, ioengine=psync, iodepth=1
...
fio-3.16
Starting 4 processes

write: (groupid=0, jobs=4): err= 0: pid=333518: Wed Oct 22 20:35:39 2025
  write: IOPS=23.1k, BW=90.1MiB/s (94.5MB/s)(512MiB/5684msec); 0 zone resets
    clat (usec): min=3, max=22693, avg=167.86, stdev=680.35
     lat (usec): min=3, max=22693, avg=167.91, stdev=680.35
    clat percentiles (usec):
     |  1.00th=[    5],  5.00th=[    6], 10.00th=[    8], 20.00th=[   12],
     | 30.00th=[   20], 40.00th=[   60], 50.00th=[   95], 60.00th=[  126],
     | 70.00th=[  174], 80.00th=[  231], 90.00th=[  306], 95.00th=[  363],
     | 99.00th=[  523], 99.50th=[ 4047], 99.90th=[ 9896], 99.95th=[16450],
     | 99.99th=[21103]
   bw (  KiB/s): min=68312, max=113688, per=100.00%, avg=94536.87, stdev=3327.67, samples=41
   iops        : min=17078, max=28422, avg=23634.22, stdev=831.92, samples=41
  lat (usec)   : 4=0.52%, 10=16.83%, 20=12.93%, 50=7.15%, 100=14.18%
  lat (usec)   : 250=31.28%, 500=15.96%, 750=0.47%, 1000=0.04%
  lat (msec)   : 2=0.05%, 4=0.08%, 10=0.40%, 20=0.08%, 50=0.02%
  cpu          : usr=0.25%, sys=88.47%, ctx=7355, majf=0, minf=42
  IO depths    : 1=100.0%, 2=0.0%, 4=0.0%, 8=0.0%, 16=0.0%, 32=0.0%, >=64=0.0%
     submit    : 0=0.0%, 4=100.0%, 8=0.0%, 16=0.0%, 32=0.0%, 64=0.0%, >=64=0.0%
     complete  : 0=0.0%, 4=100.0%, 8=0.0%, 16=0.0%, 32=0.0%, 64=0.0%, >=64=0.0%
     issued rwts: total=0,131072,0,4 short=0,0,0,0 dropped=0,0,0,0
     latency   : target=0, window=0, percentile=100.00%, depth=1

Run status group 0 (all jobs):
  WRITE: bw=90.1MiB/s (94.5MB/s), 90.1MiB/s-90.1MiB/s (94.5MB/s-94.5MB/s), io=512MiB (537MB), run=5684-5684msec
