write: (g=0): rw=write, bs=(R) 128KiB-128KiB, (W) 128KiB-128KiB, (T) 128KiB-128KiB, ioengine=psync, iodepth=1
...
fio-3.16
Starting 8 processes

write: (groupid=0, jobs=8): err= 0: pid=334329: Wed Oct 22 20:36:26 2025
  write: IOPS=7592, BW=949MiB/s (995MB/s)(1024MiB/1079msec); 0 zone resets
    clat (usec): min=53, max=16108, avg=606.28, stdev=1393.75
     lat (usec): min=53, max=16109, avg=607.90, stdev=1393.80
    clat percentiles (usec):
     |  1.00th=[   64],  5.00th=[   95], 10.00th=[  119], 20.00th=[  153],
     | 30.00th=[  190], 40.00th=[  229], 50.00th=[  277], 60.00th=[  343],
     | 70.00th=[  441], 80.00th=[  553], 90.00th=[  685], 95.00th=[ 1483],
     | 99.00th=[ 8029], 99.50th=[ 9241], 99.90th=[12256], 99.95th=[15795],
     | 99.99th=[16057]
   bw (  MiB/s): min= 1628, max= 1628, per=100.00%, avg=1628.75, stdev= 0.00, samples=8
   iops        : min=13030, max=13030, avg=13030.00, stdev= 0.00, samples=8
  lat (usec)   : 100=6.05%, 250=38.77%, 500=30.40%, 750=17.27%, 1000=1.95%
  lat (msec)   : 2=0.81%, 4=0.93%, 10=3.47%, 20=0.35%
  cpu          : usr=0.16%, sys=57.01%, ctx=1064, majf=0, minf=82
  IO depths    : 1=100.1%, 2=0.0%, 4=0.0%, 8=0.0%, 16=0.0%, 32=0.0%, >=64=0.0%
     submit    : 0=0.0%, 4=100.0%, 8=0.0%, 16=0.0%, 32=0.0%, 64=0.0%, >=64=0.0%
     complete  : 0=0.0%, 4=100.0%, 8=0.0%, 16=0.0%, 32=0.0%, 64=0.0%, >=64=0.0%
     issued rwts: total=0,8192,0,8 short=0,0,0,0 dropped=0,0,0,0
     latency   : target=0, window=0, percentile=100.00%, depth=1

Run status group 0 (all jobs):
  WRITE: bw=949MiB/s (995MB/s), 949MiB/s-949MiB/s (995MB/s-995MB/s), io=1024MiB (1074MB), run=1079-1079msec
