write: (g=0): rw=write, bs=(R) 128KiB-128KiB, (W) 128KiB-128KiB, (T) 128KiB-128KiB, ioengine=psync, iodepth=1
...
fio-3.16
Starting 4 processes

write: (groupid=0, jobs=4): err= 0: pid=334173: Wed Oct 22 20:36:20 2025
  write: IOPS=6032, BW=754MiB/s (791MB/s)(512MiB/679msec); 0 zone resets
    clat (usec): min=52, max=144522, avg=459.46, stdev=2421.77
     lat (usec): min=53, max=144524, avg=461.23, stdev=2421.79
    clat percentiles (usec):
     |  1.00th=[    59],  5.00th=[    79], 10.00th=[   102], 20.00th=[   139],
     | 30.00th=[   186], 40.00th=[   235], 50.00th=[   302], 60.00th=[   363],
     | 70.00th=[   429], 80.00th=[   498], 90.00th=[   578], 95.00th=[   652],
     | 99.00th=[  5342], 99.50th=[  7439], 99.90th=[ 11338], 99.95th=[ 11600],
     | 99.99th=[143655]
   bw (  KiB/s): min=225279, max=225280, per=29.18%, avg=225280.00, stdev= 0.00, samples=1
   iops        : min= 1759, max= 1760, avg=1760.00, stdev= 0.00, samples=1
  lat (usec)   : 100=9.64%, 250=32.79%, 500=37.79%, 750=17.41%, 1000=0.29%
  lat (msec)   : 2=0.17%, 4=0.44%, 10=1.25%, 20=0.17%, 50=0.02%
  lat (msec)   : 250=0.02%
  cpu          : usr=0.72%, sys=69.45%, ctx=366, majf=0, minf=45
  IO depths    : 1=100.1%, 2=0.0%, 4=0.0%, 8=0.0%, 16=0.0%, 32=0.0%, >=64=0.0%
     submit    : 0=0.0%, 4=100.0%, 8=0.0%, 16=0.0%, 32=0.0%, 64=0.0%, >=64=0.0%
     complete  : 0=0.0%, 4=100.0%, 8=0.0%, 16=0.0%, 32=0.0%, 64=0.0%, >=64=0.0%
     issued rwts: total=0,4096,0,4 short=0,0,0,0 dropped=0,0,0,0
     latency   : target=0, window=0, percentile=100.00%, depth=1

Run status group 0 (all jobs):
  WRITE: bw=754MiB/s (791MB/s), 754MiB/s-754MiB/s (791MB/s-791MB/s), io=512MiB (537MB), run=679-679msec
