randread: (g=0): rw=randread, bs=(R) 4096B-4096B, (W) 4096B-4096B, (T) 4096B-4096B, ioengine=psync, iodepth=1
...
fio-3.16
Starting 4 processes

randread: (groupid=0, jobs=4): err= 0: pid=497710: Thu Oct  9 13:17:29 2025
  read: IOPS=50.7k, BW=198MiB/s (208MB/s)(4096MiB/20678msec)
    clat (nsec): min=452, max=8221.7k, avg=76672.61, stdev=64264.61
     lat (nsec): min=469, max=8222.8k, avg=76798.75, stdev=64271.60
    clat percentiles (nsec):
     |  1.00th=[  1272],  5.00th=[  2576], 10.00th=[  2928], 20.00th=[  3472],
     | 30.00th=[  4128], 40.00th=[ 40704], 50.00th=[110080], 60.00th=[117248],
     | 70.00th=[122368], 80.00th=[127488], 90.00th=[138240], 95.00th=[160768],
     | 99.00th=[203776], 99.50th=[224256], 99.90th=[276480], 99.95th=[296960],
     | 99.99th=[358400]
   bw (  KiB/s): min=131296, max=415752, per=100.00%, avg=205065.43, stdev=17809.42, samples=162
   iops        : min=32824, max=103938, avg=51266.23, stdev=4452.35, samples=162
  lat (nsec)   : 500=0.01%, 750=0.07%, 1000=0.41%
  lat (usec)   : 2=1.50%, 4=26.08%, 10=7.68%, 20=1.24%, 50=4.88%
  lat (usec)   : 100=4.05%, 250=53.88%, 500=0.21%, 750=0.01%, 1000=0.01%
  lat (msec)   : 2=0.01%, 4=0.01%, 10=0.01%
  cpu          : usr=2.74%, sys=17.79%, ctx=663906, majf=0, minf=37
  IO depths    : 1=100.0%, 2=0.0%, 4=0.0%, 8=0.0%, 16=0.0%, 32=0.0%, >=64=0.0%
     submit    : 0=0.0%, 4=100.0%, 8=0.0%, 16=0.0%, 32=0.0%, 64=0.0%, >=64=0.0%
     complete  : 0=0.0%, 4=100.0%, 8=0.0%, 16=0.0%, 32=0.0%, 64=0.0%, >=64=0.0%
     issued rwts: total=1048576,0,0,0 short=0,0,0,0 dropped=0,0,0,0
     latency   : target=0, window=0, percentile=100.00%, depth=1

Run status group 0 (all jobs):
   READ: bw=198MiB/s (208MB/s), 198MiB/s-198MiB/s (208MB/s-208MB/s), io=4096MiB (4295MB), run=20678-20678msec
