randread: (g=0): rw=randread, bs=(R) 128KiB-128KiB, (W) 128KiB-128KiB, (T) 128KiB-128KiB, ioengine=psync, iodepth=1
...
fio-3.16
Starting 32 processes

randread: (groupid=0, jobs=32): err= 0: pid=71036: Thu Oct  9 02:16:46 2025
  read: IOPS=32.4k, BW=4048MiB/s (4245MB/s)(32.0GiB/8095msec)
    clat (usec): min=3, max=15889, avg=977.94, stdev=756.13
     lat (usec): min=3, max=15889, avg=978.01, stdev=756.13
    clat percentiles (usec):
     |  1.00th=[   12],  5.00th=[   16], 10.00th=[   19], 20.00th=[   25],
     | 30.00th=[   34], 40.00th=[ 1020], 50.00th=[ 1287], 60.00th=[ 1385],
     | 70.00th=[ 1467], 80.00th=[ 1549], 90.00th=[ 1713], 95.00th=[ 2008],
     | 99.00th=[ 2573], 99.50th=[ 2835], 99.90th=[ 3589], 99.95th=[ 4146],
     | 99.99th=[ 6652]
   bw (  MiB/s): min= 2713, max= 5360, per=99.70%, avg=4035.74, stdev=27.54, samples=502
   iops        : min=21706, max=42884, avg=32284.73, stdev=220.34, samples=502
  lat (usec)   : 4=0.01%, 10=0.16%, 20=13.27%, 50=18.58%, 100=0.31%
  lat (usec)   : 250=0.09%, 500=1.58%, 750=4.13%, 1000=1.73%
  lat (msec)   : 2=55.10%, 4=4.99%, 10=0.06%, 20=0.01%
  cpu          : usr=0.15%, sys=4.95%, ctx=357323, majf=0, minf=1334
  IO depths    : 1=100.0%, 2=0.0%, 4=0.0%, 8=0.0%, 16=0.0%, 32=0.0%, >=64=0.0%
     submit    : 0=0.0%, 4=100.0%, 8=0.0%, 16=0.0%, 32=0.0%, 64=0.0%, >=64=0.0%
     complete  : 0=0.0%, 4=100.0%, 8=0.0%, 16=0.0%, 32=0.0%, 64=0.0%, >=64=0.0%
     issued rwts: total=262144,0,0,0 short=0,0,0,0 dropped=0,0,0,0
     latency   : target=0, window=0, percentile=100.00%, depth=1

Run status group 0 (all jobs):
   READ: bw=4048MiB/s (4245MB/s), 4048MiB/s-4048MiB/s (4245MB/s-4245MB/s), io=32.0GiB (34.4GB), run=8095-8095msec
