randwrite: (g=0): rw=randwrite, bs=(R) 128KiB-128KiB, (W) 128KiB-128KiB, (T) 128KiB-128KiB, ioengine=psync, iodepth=1
fio-3.16
Starting 1 process

randwrite: (groupid=0, jobs=1): err= 0: pid=540472: Thu Oct  9 13:24:54 2025
  write: IOPS=4131, BW=516MiB/s (541MB/s)(1024MiB/1983msec); 0 zone resets
    clat (usec): min=23, max=3979, avg=101.29, stdev=142.46
     lat (usec): min=23, max=3988, avg=102.20, stdev=143.23
    clat percentiles (usec):
     |  1.00th=[   31],  5.00th=[   32], 10.00th=[   34], 20.00th=[   35],
     | 30.00th=[   38], 40.00th=[   51], 50.00th=[   52], 60.00th=[   55],
     | 70.00th=[   64], 80.00th=[   77], 90.00th=[  281], 95.00th=[  371],
     | 99.00th=[  734], 99.50th=[  947], 99.90th=[ 1123], 99.95th=[ 1221],
     | 99.99th=[ 3982]
   bw (  KiB/s): min=358400, max=358400, per=67.78%, avg=358400.00, stdev= 0.00, samples=1
   iops        : min= 2800, max= 2800, avg=2800.00, stdev= 0.00, samples=1
  lat (usec)   : 50=38.59%, 100=43.63%, 250=3.53%, 500=13.04%, 750=0.24%
  lat (usec)   : 1000=0.65%
  lat (msec)   : 2=0.32%, 4=0.01%
  cpu          : usr=0.55%, sys=12.06%, ctx=8196, majf=0, minf=11
  IO depths    : 1=100.0%, 2=0.0%, 4=0.0%, 8=0.0%, 16=0.0%, 32=0.0%, >=64=0.0%
     submit    : 0=0.0%, 4=100.0%, 8=0.0%, 16=0.0%, 32=0.0%, 64=0.0%, >=64=0.0%
     complete  : 0=0.0%, 4=100.0%, 8=0.0%, 16=0.0%, 32=0.0%, 64=0.0%, >=64=0.0%
     issued rwts: total=0,8192,0,1 short=0,0,0,0 dropped=0,0,0,0
     latency   : target=0, window=0, percentile=100.00%, depth=1

Run status group 0 (all jobs):
  WRITE: bw=516MiB/s (541MB/s), 516MiB/s-516MiB/s (541MB/s-541MB/s), io=1024MiB (1074MB), run=1983-1983msec
