randread: (g=0): rw=randread, bs=(R) 128KiB-128KiB, (W) 128KiB-128KiB, (T) 128KiB-128KiB, ioengine=psync, iodepth=1
...
fio-3.16
Starting 4 processes

randread: (groupid=0, jobs=4): err= 0: pid=511522: Thu Oct  9 13:21:18 2025
  read: IOPS=13.3k, BW=1660MiB/s (1740MB/s)(4096MiB/2468msec)
    clat (usec): min=8, max=8995, avg=296.87, stdev=216.55
     lat (usec): min=8, max=8997, avg=297.00, stdev=216.56
    clat percentiles (usec):
     |  1.00th=[   19],  5.00th=[   32], 10.00th=[   41], 20.00th=[   49],
     | 30.00th=[   58], 40.00th=[  338], 50.00th=[  412], 60.00th=[  433],
     | 70.00th=[  445], 80.00th=[  461], 90.00th=[  486], 95.00th=[  510],
     | 99.00th=[  562], 99.50th=[  578], 99.90th=[  627], 99.95th=[  660],
     | 99.99th=[ 8586]
   bw (  MiB/s): min= 1211, max= 1954, per=93.89%, avg=1558.19, stdev=70.32, samples=16
   iops        : min= 9694, max=15638, avg=12465.50, stdev=562.53, samples=16
  lat (usec)   : 10=0.05%, 20=1.06%, 50=20.97%, 100=14.78%, 250=0.85%
  lat (usec)   : 500=55.44%, 750=6.81%, 1000=0.01%
  lat (msec)   : 10=0.01%
  cpu          : usr=0.95%, sys=28.27%, ctx=20711, majf=0, minf=160
  IO depths    : 1=100.0%, 2=0.0%, 4=0.0%, 8=0.0%, 16=0.0%, 32=0.0%, >=64=0.0%
     submit    : 0=0.0%, 4=100.0%, 8=0.0%, 16=0.0%, 32=0.0%, 64=0.0%, >=64=0.0%
     complete  : 0=0.0%, 4=100.0%, 8=0.0%, 16=0.0%, 32=0.0%, 64=0.0%, >=64=0.0%
     issued rwts: total=32768,0,0,0 short=0,0,0,0 dropped=0,0,0,0
     latency   : target=0, window=0, percentile=100.00%, depth=1

Run status group 0 (all jobs):
   READ: bw=1660MiB/s (1740MB/s), 1660MiB/s-1660MiB/s (1740MB/s-1740MB/s), io=4096MiB (4295MB), run=2468-2468msec
