randwrite: (g=0): rw=randwrite, bs=(R) 128KiB-128KiB, (W) 128KiB-128KiB, (T) 128KiB-128KiB, ioengine=psync, iodepth=1
...
fio-3.16
Starting 4 processes

randwrite: (groupid=0, jobs=4): err= 0: pid=103662: Thu Oct  9 02:20:06 2025
  write: IOPS=20.3k, BW=2539MiB/s (2663MB/s)(4096MiB/1613msec); 0 zone resets
    clat (usec): min=22, max=1411, avg=65.71, stdev=34.59
     lat (usec): min=22, max=1417, avg=66.25, stdev=34.89
    clat percentiles (usec):
     |  1.00th=[   37],  5.00th=[   43], 10.00th=[   45], 20.00th=[   48],
     | 30.00th=[   52], 40.00th=[   60], 50.00th=[   63], 60.00th=[   67],
     | 70.00th=[   70], 80.00th=[   74], 90.00th=[   80], 95.00th=[   86],
     | 99.00th=[  265], 99.50th=[  314], 99.90th=[  408], 99.95th=[  457],
     | 99.99th=[  553]
   bw (  MiB/s): min= 7375, max= 7375, per=100.00%, avg=7375.00, stdev= 0.00, samples=4
   iops        : min=59000, max=59000, avg=59000.00, stdev= 0.00, samples=4
  lat (usec)   : 50=25.41%, 100=71.78%, 250=1.69%, 500=1.10%, 750=0.02%
  lat (msec)   : 2=0.01%
  cpu          : usr=0.29%, sys=12.22%, ctx=32785, majf=0, minf=36
  IO depths    : 1=100.0%, 2=0.0%, 4=0.0%, 8=0.0%, 16=0.0%, 32=0.0%, >=64=0.0%
     submit    : 0=0.0%, 4=100.0%, 8=0.0%, 16=0.0%, 32=0.0%, 64=0.0%, >=64=0.0%
     complete  : 0=0.0%, 4=100.0%, 8=0.0%, 16=0.0%, 32=0.0%, 64=0.0%, >=64=0.0%
     issued rwts: total=0,32768,0,4 short=0,0,0,0 dropped=0,0,0,0
     latency   : target=0, window=0, percentile=100.00%, depth=1

Run status group 0 (all jobs):
  WRITE: bw=2539MiB/s (2663MB/s), 2539MiB/s-2539MiB/s (2663MB/s-2663MB/s), io=4096MiB (4295MB), run=1613-1613msec
