randread: (g=0): rw=randread, bs=(R) 4096B-4096B, (W) 4096B-4096B, (T) 4096B-4096B, ioengine=psync, iodepth=1
fio-3.16
Starting 1 process

randread: (groupid=0, jobs=1): err= 0: pid=489043: Thu Oct  9 13:14:50 2025
  read: IOPS=13.5k, BW=52.7MiB/s (55.2MB/s)(1024MiB/19443msec)
    clat (nsec): min=415, max=8471.7k, avg=73300.87, stdev=60929.92
     lat (nsec): min=436, max=8472.9k, avg=73413.88, stdev=60933.60
    clat percentiles (nsec):
     |  1.00th=[  1496],  5.00th=[  2192], 10.00th=[  2448], 20.00th=[  2992],
     | 30.00th=[  3728], 40.00th=[ 37632], 50.00th=[112128], 60.00th=[115200],
     | 70.00th=[118272], 80.00th=[124416], 90.00th=[129536], 95.00th=[136192],
     | 99.00th=[189440], 99.50th=[195584], 99.90th=[209920], 99.95th=[230400],
     | 99.99th=[309248]
   bw (  KiB/s): min=30104, max=106528, per=97.21%, avg=52427.74, stdev=18078.46, samples=38
   iops        : min= 7526, max=26632, avg=13106.89, stdev=4519.61, samples=38
  lat (nsec)   : 500=0.01%, 750=0.10%, 1000=0.31%
  lat (usec)   : 2=1.80%, 4=29.96%, 10=4.11%, 20=0.61%, 50=5.69%
  lat (usec)   : 100=2.98%, 250=54.42%, 500=0.03%, 750=0.01%
  lat (msec)   : 10=0.01%
  cpu          : usr=2.54%, sys=16.76%, ctx=165978, majf=0, minf=9
  IO depths    : 1=100.0%, 2=0.0%, 4=0.0%, 8=0.0%, 16=0.0%, 32=0.0%, >=64=0.0%
     submit    : 0=0.0%, 4=100.0%, 8=0.0%, 16=0.0%, 32=0.0%, 64=0.0%, >=64=0.0%
     complete  : 0=0.0%, 4=100.0%, 8=0.0%, 16=0.0%, 32=0.0%, 64=0.0%, >=64=0.0%
     issued rwts: total=262144,0,0,0 short=0,0,0,0 dropped=0,0,0,0
     latency   : target=0, window=0, percentile=100.00%, depth=1

Run status group 0 (all jobs):
   READ: bw=52.7MiB/s (55.2MB/s), 52.7MiB/s-52.7MiB/s (55.2MB/s-55.2MB/s), io=1024MiB (1074MB), run=19443-19443msec
