read: (g=0): rw=read, bs=(R) 4096B-4096B, (W) 4096B-4096B, (T) 4096B-4096B, ioengine=psync, iodepth=1
fio-3.16
Starting 1 process

read: (groupid=0, jobs=1): err= 0: pid=403825: Thu Oct  9 12:58:56 2025
  read: IOPS=488k, BW=1907MiB/s (2000MB/s)(1024MiB/537msec)
    clat (nsec): min=248, max=8678.1k, avg=1927.25, stdev=22890.44
     lat (nsec): min=260, max=8679.5k, avg=1943.39, stdev=22892.49
    clat percentiles (nsec):
     |  1.00th=[   290],  5.00th=[   326], 10.00th=[   330], 20.00th=[   338],
     | 30.00th=[   342], 40.00th=[   346], 50.00th=[   350], 60.00th=[   354],
     | 70.00th=[   362], 80.00th=[   378], 90.00th=[   410], 95.00th=[   524],
     | 99.00th=[ 40704], 99.50th=[142336], 99.90th=[179200], 99.95th=[305152],
     | 99.99th=[387072]
   bw (  MiB/s): min= 1904, max= 1904, per=99.90%, avg=1904.96, stdev= 0.00, samples=1
   iops        : min=487670, max=487670, avg=487670.00, stdev= 0.00, samples=1
  lat (nsec)   : 250=0.01%, 500=94.76%, 750=1.14%, 1000=0.38%
  lat (usec)   : 2=1.68%, 4=0.46%, 10=0.01%, 20=0.01%, 50=0.61%
  lat (usec)   : 100=0.31%, 250=0.59%, 500=0.06%, 750=0.01%
  lat (msec)   : 10=0.01%
  cpu          : usr=8.21%, sys=40.11%, ctx=2653, majf=0, minf=10
  IO depths    : 1=100.0%, 2=0.0%, 4=0.0%, 8=0.0%, 16=0.0%, 32=0.0%, >=64=0.0%
     submit    : 0=0.0%, 4=100.0%, 8=0.0%, 16=0.0%, 32=0.0%, 64=0.0%, >=64=0.0%
     complete  : 0=0.0%, 4=100.0%, 8=0.0%, 16=0.0%, 32=0.0%, 64=0.0%, >=64=0.0%
     issued rwts: total=262144,0,0,0 short=0,0,0,0 dropped=0,0,0,0
     latency   : target=0, window=0, percentile=100.00%, depth=1

Run status group 0 (all jobs):
   READ: bw=1907MiB/s (2000MB/s), 1907MiB/s-1907MiB/s (2000MB/s-2000MB/s), io=1024MiB (1074MB), run=537-537msec
