read: (g=0): rw=read, bs=(R) 4096B-4096B, (W) 4096B-4096B, (T) 4096B-4096B, ioengine=psync, iodepth=1
...
fio-3.16
Starting 16 processes

read: (groupid=0, jobs=16): err= 0: pid=406256: Thu Oct  9 12:59:47 2025
  read: IOPS=451k, BW=1763MiB/s (1848MB/s)(16.0GiB/9294msec)
    clat (nsec): min=187, max=8588.0k, avg=34314.94, stdev=262883.87
     lat (nsec): min=197, max=8589.5k, avg=34376.54, stdev=262883.82
    clat percentiles (nsec):
     |  1.00th=[    426],  5.00th=[    844], 10.00th=[   1064],
     | 20.00th=[   1336], 30.00th=[   1464], 40.00th=[   1560],
     | 50.00th=[   1656], 60.00th=[   1736], 70.00th=[   1832],
     | 80.00th=[   1944], 90.00th=[   2128], 95.00th=[   2384],
     | 99.00th=[2007040], 99.50th=[2244608], 99.90th=[2539520],
     | 99.95th=[2670592], 99.99th=[2899968]
   bw (  MiB/s): min= 1499, max= 2109, per=100.00%, avg=1786.96, stdev=11.42, samples=284
   iops        : min=383766, max=539942, avg=457461.13, stdev=2922.57, samples=284
  lat (nsec)   : 250=0.01%, 500=1.91%, 750=2.08%, 1000=4.35%
  lat (usec)   : 2=75.16%, 4=14.81%, 10=0.09%, 20=0.03%, 50=0.01%
  lat (usec)   : 100=0.01%, 250=0.01%, 500=0.01%, 750=0.01%, 1000=0.01%
  lat (msec)   : 2=0.54%, 4=1.02%, 10=0.01%
  cpu          : usr=2.15%, sys=9.47%, ctx=125722, majf=0, minf=169
  IO depths    : 1=100.0%, 2=0.0%, 4=0.0%, 8=0.0%, 16=0.0%, 32=0.0%, >=64=0.0%
     submit    : 0=0.0%, 4=100.0%, 8=0.0%, 16=0.0%, 32=0.0%, 64=0.0%, >=64=0.0%
     complete  : 0=0.0%, 4=100.0%, 8=0.0%, 16=0.0%, 32=0.0%, 64=0.0%, >=64=0.0%
     issued rwts: total=4194304,0,0,0 short=0,0,0,0 dropped=0,0,0,0
     latency   : target=0, window=0, percentile=100.00%, depth=1

Run status group 0 (all jobs):
   READ: bw=1763MiB/s (1848MB/s), 1763MiB/s-1763MiB/s (1848MB/s-1848MB/s), io=16.0GiB (17.2GB), run=9294-9294msec
