read: (g=0): rw=read, bs=(R) 4096B-4096B, (W) 4096B-4096B, (T) 4096B-4096B, ioengine=psync, iodepth=1
...
fio-3.16
Starting 8 processes

read: (groupid=0, jobs=8): err= 0: pid=33795: Thu Oct  9 02:07:20 2025
  read: IOPS=964k, BW=3765MiB/s (3948MB/s)(8192MiB/2176msec)
    clat (nsec): min=187, max=2077.5k, avg=7967.24, stdev=58593.60
     lat (nsec): min=200, max=2077.6k, avg=7997.80, stdev=58593.63
    clat percentiles (nsec):
     |  1.00th=[   306],  5.00th=[   378], 10.00th=[   434], 20.00th=[   564],
     | 30.00th=[   612], 40.00th=[   644], 50.00th=[   684], 60.00th=[   740],
     | 70.00th=[   812], 80.00th=[   900], 90.00th=[  1048], 95.00th=[  1384],
     | 99.00th=[407552], 99.50th=[518144], 99.90th=[651264], 99.95th=[700416],
     | 99.99th=[806912]
   bw (  MiB/s): min= 3380, max= 4290, per=100.00%, avg=3814.18, stdev=49.12, samples=32
   iops        : min=865532, max=1098464, avg=976429.50, stdev=12574.96, samples=32
  lat (nsec)   : 250=0.01%, 500=13.62%, 750=48.47%, 1000=26.05%
  lat (usec)   : 2=8.12%, 4=1.71%, 10=0.03%, 20=0.01%, 50=0.17%
  lat (usec)   : 100=0.28%, 250=0.13%, 500=0.84%, 750=0.55%, 1000=0.02%
  lat (msec)   : 2=0.01%, 4=0.01%
  cpu          : usr=4.48%, sys=18.83%, ctx=32474, majf=0, minf=84
  IO depths    : 1=100.0%, 2=0.0%, 4=0.0%, 8=0.0%, 16=0.0%, 32=0.0%, >=64=0.0%
     submit    : 0=0.0%, 4=100.0%, 8=0.0%, 16=0.0%, 32=0.0%, 64=0.0%, >=64=0.0%
     complete  : 0=0.0%, 4=100.0%, 8=0.0%, 16=0.0%, 32=0.0%, 64=0.0%, >=64=0.0%
     issued rwts: total=2097152,0,0,0 short=0,0,0,0 dropped=0,0,0,0
     latency   : target=0, window=0, percentile=100.00%, depth=1

Run status group 0 (all jobs):
   READ: bw=3765MiB/s (3948MB/s), 3765MiB/s-3765MiB/s (3948MB/s-3948MB/s), io=8192MiB (8590MB), run=2176-2176msec
