write: (g=0): rw=write, bs=(R) 4096B-4096B, (W) 4096B-4096B, (T) 4096B-4096B, ioengine=psync, iodepth=1
...
fio-3.16
Starting 2 processes

write: (groupid=0, jobs=2): err= 0: pid=36597: Thu Oct  9 02:09:49 2025
  write: IOPS=200k, BW=781MiB/s (819MB/s)(2048MiB/2623msec); 0 zone resets
    clat (usec): min=4, max=8094, avg= 7.32, stdev=11.42
     lat (usec): min=4, max=8096, avg= 7.35, stdev=11.43
    clat percentiles (nsec):
     |  1.00th=[ 4960],  5.00th=[ 5344], 10.00th=[ 5664], 20.00th=[ 6176],
     | 30.00th=[ 6432], 40.00th=[ 6816], 50.00th=[ 7328], 60.00th=[ 7584],
     | 70.00th=[ 7840], 80.00th=[ 8160], 90.00th=[ 8640], 95.00th=[ 9024],
     | 99.00th=[10048], 99.50th=[14272], 99.90th=[35584], 99.95th=[39168],
     | 99.99th=[77312]
   bw (  MiB/s): min=  986, max= 1082, per=100.00%, avg=1047.31, stdev=21.55, samples=7
   iops        : min=252476, max=277012, avg=268111.33, stdev=5516.89, samples=7
  lat (usec)   : 10=98.93%, 20=0.69%, 50=0.36%, 100=0.01%, 250=0.01%
  lat (usec)   : 500=0.01%
  lat (msec)   : 10=0.01%
  cpu          : usr=6.56%, sys=37.74%, ctx=524295, majf=0, minf=22
  IO depths    : 1=100.0%, 2=0.0%, 4=0.0%, 8=0.0%, 16=0.0%, 32=0.0%, >=64=0.0%
     submit    : 0=0.0%, 4=100.0%, 8=0.0%, 16=0.0%, 32=0.0%, 64=0.0%, >=64=0.0%
     complete  : 0=0.0%, 4=100.0%, 8=0.0%, 16=0.0%, 32=0.0%, 64=0.0%, >=64=0.0%
     issued rwts: total=0,524288,0,2 short=0,0,0,0 dropped=0,0,0,0
     latency   : target=0, window=0, percentile=100.00%, depth=1

Run status group 0 (all jobs):
  WRITE: bw=781MiB/s (819MB/s), 781MiB/s-781MiB/s (819MB/s-819MB/s), io=2048MiB (2147MB), run=2623-2623msec
