write: (g=0): rw=write, bs=(R) 128KiB-128KiB, (W) 128KiB-128KiB, (T) 128KiB-128KiB, ioengine=psync, iodepth=1
...
fio-3.16
Starting 16 processes

write: (groupid=0, jobs=16): err= 0: pid=484956: Thu Oct  9 13:13:30 2025
  write: IOPS=19.0k, BW=2378MiB/s (2494MB/s)(16.0GiB/6889msec); 0 zone resets
    clat (usec): min=48, max=71487, avg=585.50, stdev=4750.85
     lat (usec): min=48, max=71487, avg=587.73, stdev=4750.85
    clat percentiles (usec):
     |  1.00th=[   56],  5.00th=[   64], 10.00th=[   72], 20.00th=[   96],
     | 30.00th=[  118], 40.00th=[  139], 50.00th=[  151], 60.00th=[  163],
     | 70.00th=[  174], 80.00th=[  188], 90.00th=[  235], 95.00th=[  338],
     | 99.00th=[  603], 99.50th=[50594], 99.90th=[62653], 99.95th=[65274],
     | 99.99th=[69731]
   bw (  MiB/s): min= 1771, max=10444, per=100.00%, avg=3427.21, stdev=159.03, samples=144
   iops        : min=14172, max=83552, avg=27417.02, stdev=1272.26, samples=144
  lat (usec)   : 50=0.01%, 100=22.01%, 250=69.10%, 500=7.70%, 750=0.22%
  lat (usec)   : 1000=0.03%
  lat (msec)   : 2=0.04%, 4=0.02%, 10=0.04%, 50=0.32%, 100=0.51%
  cpu          : usr=0.47%, sys=7.51%, ctx=131212, majf=0, minf=186
  IO depths    : 1=100.0%, 2=0.0%, 4=0.0%, 8=0.0%, 16=0.0%, 32=0.0%, >=64=0.0%
     submit    : 0=0.0%, 4=100.0%, 8=0.0%, 16=0.0%, 32=0.0%, 64=0.0%, >=64=0.0%
     complete  : 0=0.0%, 4=100.0%, 8=0.0%, 16=0.0%, 32=0.0%, 64=0.0%, >=64=0.0%
     issued rwts: total=0,131072,0,16 short=0,0,0,0 dropped=0,0,0,0
     latency   : target=0, window=0, percentile=100.00%, depth=1

Run status group 0 (all jobs):
  WRITE: bw=2378MiB/s (2494MB/s), 2378MiB/s-2378MiB/s (2494MB/s-2494MB/s), io=16.0GiB (17.2GB), run=6889-6889msec
