write: (g=0): rw=write, bs=(R) 4096B-4096B, (W) 4096B-4096B, (T) 4096B-4096B, ioengine=psync, iodepth=1
fio-3.16
Starting 1 process

write: (groupid=0, jobs=1): err= 0: pid=415313: Thu Oct  9 13:02:16 2025
  write: IOPS=121k, BW=472MiB/s (495MB/s)(1024MiB/2168msec); 0 zone resets
    clat (usec): min=4, max=8254, avg= 6.47, stdev=16.42
     lat (usec): min=4, max=8256, avg= 6.50, stdev=16.43
    clat percentiles (usec):
     |  1.00th=[    6],  5.00th=[    6], 10.00th=[    6], 20.00th=[    6],
     | 30.00th=[    6], 40.00th=[    6], 50.00th=[    6], 60.00th=[    7],
     | 70.00th=[    7], 80.00th=[    8], 90.00th=[    8], 95.00th=[    9],
     | 99.00th=[   17], 99.50th=[   30], 99.90th=[   35], 99.95th=[   38],
     | 99.99th=[  133]
   bw (  KiB/s): min=568056, max=602192, per=100.00%, avg=583648.00, stdev=17258.40, samples=3
   iops        : min=142014, max=150548, avg=145912.00, stdev=4314.60, samples=3
  lat (usec)   : 10=98.23%, 20=0.92%, 50=0.81%, 100=0.02%, 250=0.02%
  lat (msec)   : 10=0.01%
  cpu          : usr=7.11%, sys=33.04%, ctx=262147, majf=0, minf=10
  IO depths    : 1=100.0%, 2=0.0%, 4=0.0%, 8=0.0%, 16=0.0%, 32=0.0%, >=64=0.0%
     submit    : 0=0.0%, 4=100.0%, 8=0.0%, 16=0.0%, 32=0.0%, 64=0.0%, >=64=0.0%
     complete  : 0=0.0%, 4=100.0%, 8=0.0%, 16=0.0%, 32=0.0%, 64=0.0%, >=64=0.0%
     issued rwts: total=0,262144,0,1 short=0,0,0,0 dropped=0,0,0,0
     latency   : target=0, window=0, percentile=100.00%, depth=1

Run status group 0 (all jobs):
  WRITE: bw=472MiB/s (495MB/s), 472MiB/s-472MiB/s (495MB/s-495MB/s), io=1024MiB (1074MB), run=2168-2168msec
