write: (g=0): rw=write, bs=(R) 128KiB-128KiB, (W) 128KiB-128KiB, (T) 128KiB-128KiB, ioengine=psync, iodepth=1
...
fio-3.16
Starting 2 processes

write: (groupid=0, jobs=2): err= 0: pid=67645: Thu Oct  9 02:11:01 2025
  write: IOPS=5316, BW=665MiB/s (697MB/s)(2048MiB/3082msec); 0 zone resets
    clat (usec): min=52, max=8461, avg=269.43, stdev=82.64
     lat (usec): min=52, max=8466, avg=272.40, stdev=82.98
    clat percentiles (usec):
     |  1.00th=[   65],  5.00th=[  159], 10.00th=[  235], 20.00th=[  251],
     | 30.00th=[  255], 40.00th=[  258], 50.00th=[  265], 60.00th=[  273],
     | 70.00th=[  285], 80.00th=[  306], 90.00th=[  330], 95.00th=[  347],
     | 99.00th=[  408], 99.50th=[  441], 99.90th=[  461], 99.95th=[  474],
     | 99.99th=[  594]
   bw (  KiB/s): min=867895, max=1048064, per=100.00%, avg=947131.25, stdev=35337.66, samples=8
   iops        : min= 6779, max= 8188, avg=7398.75, stdev=276.32, samples=8
  lat (usec)   : 100=1.16%, 250=17.53%, 500=81.29%, 750=0.02%
  lat (msec)   : 10=0.01%
  cpu          : usr=1.18%, sys=23.37%, ctx=16393, majf=0, minf=22
  IO depths    : 1=100.0%, 2=0.0%, 4=0.0%, 8=0.0%, 16=0.0%, 32=0.0%, >=64=0.0%
     submit    : 0=0.0%, 4=100.0%, 8=0.0%, 16=0.0%, 32=0.0%, 64=0.0%, >=64=0.0%
     complete  : 0=0.0%, 4=100.0%, 8=0.0%, 16=0.0%, 32=0.0%, 64=0.0%, >=64=0.0%
     issued rwts: total=0,16384,0,2 short=0,0,0,0 dropped=0,0,0,0
     latency   : target=0, window=0, percentile=100.00%, depth=1

Run status group 0 (all jobs):
  WRITE: bw=665MiB/s (697MB/s), 665MiB/s-665MiB/s (697MB/s-697MB/s), io=2048MiB (2147MB), run=3082-3082msec
