randwrite: (g=0): rw=randwrite, bs=(R) 128KiB-128KiB, (W) 128KiB-128KiB, (T) 128KiB-128KiB, ioengine=psync, iodepth=1
...
fio-3.16
Starting 4 processes

randwrite: (groupid=0, jobs=4): err= 0: pid=31518: Thu Oct 30 01:39:07 2025
  write: IOPS=18.3k, BW=2286MiB/s (2397MB/s)(512MiB/224msec); 0 zone resets
    clat (usec): min=38, max=479, avg=112.13, stdev=44.68
     lat (usec): min=38, max=480, avg=113.03, stdev=44.81
    clat percentiles (usec):
     |  1.00th=[   60],  5.00th=[   74], 10.00th=[   75], 20.00th=[   76],
     | 30.00th=[   77], 40.00th=[  113], 50.00th=[  114], 60.00th=[  115],
     | 70.00th=[  116], 80.00th=[  118], 90.00th=[  141], 95.00th=[  235],
     | 99.00th=[  247], 99.50th=[  269], 99.90th=[  330], 99.95th=[  355],
     | 99.99th=[  482]
  lat (usec)   : 50=0.32%, 100=34.84%, 250=63.99%, 500=0.85%
  cpu          : usr=0.56%, sys=19.17%, ctx=4120, majf=0, minf=33
  IO depths    : 1=100.1%, 2=0.0%, 4=0.0%, 8=0.0%, 16=0.0%, 32=0.0%, >=64=0.0%
     submit    : 0=0.0%, 4=100.0%, 8=0.0%, 16=0.0%, 32=0.0%, 64=0.0%, >=64=0.0%
     complete  : 0=0.0%, 4=100.0%, 8=0.0%, 16=0.0%, 32=0.0%, 64=0.0%, >=64=0.0%
     issued rwts: total=0,4096,0,4 short=0,0,0,0 dropped=0,0,0,0
     latency   : target=0, window=0, percentile=100.00%, depth=1

Run status group 0 (all jobs):
  WRITE: bw=2286MiB/s (2397MB/s), 2286MiB/s-2286MiB/s (2397MB/s-2397MB/s), io=512MiB (537MB), run=224-224msec
