randread: (g=0): rw=randread, bs=(R) 4096B-4096B, (W) 4096B-4096B, (T) 4096B-4096B, ioengine=psync, iodepth=1
...
fio-3.16
Starting 8 processes

randread: (groupid=0, jobs=8): err= 0: pid=13629: Wed Oct 29 13:38:08 2025
  read: IOPS=91.8k, BW=359MiB/s (376MB/s)(1024MiB/2856msec)
    clat (nsec): min=355, max=21207k, avg=84106.97, stdev=453173.51
     lat (nsec): min=382, max=21207k, avg=84154.30, stdev=453175.50
    clat percentiles (nsec):
     |  1.00th=[     956],  5.00th=[    1128], 10.00th=[    1272],
     | 20.00th=[    1544], 30.00th=[    1912], 40.00th=[   29824],
     | 50.00th=[   64768], 60.00th=[   73216], 70.00th=[   78336],
     | 80.00th=[   82432], 90.00th=[   90624], 95.00th=[  100864],
     | 99.00th=[  505856], 99.50th=[ 2834432], 99.90th=[ 7372800],
     | 99.95th=[ 8978432], 99.99th=[14221312]
   bw (  KiB/s): min=252152, max=481576, per=94.38%, avg=346518.00, stdev=10970.42, samples=40
   iops        : min=63038, max=120394, avg=86629.40, stdev=2742.60, samples=40
  lat (nsec)   : 500=0.01%, 750=0.03%, 1000=1.76%
  lat (usec)   : 2=29.51%, 4=3.64%, 10=1.63%, 20=0.91%, 50=5.57%
  lat (usec)   : 100=51.71%, 250=3.72%, 500=0.49%, 750=0.16%, 1000=0.05%
  lat (msec)   : 2=0.16%, 4=0.31%, 10=0.29%, 20=0.04%, 50=0.01%
  cpu          : usr=1.04%, sys=9.24%, ctx=177196, majf=0, minf=78
  IO depths    : 1=100.0%, 2=0.0%, 4=0.0%, 8=0.0%, 16=0.0%, 32=0.0%, >=64=0.0%
     submit    : 0=0.0%, 4=100.0%, 8=0.0%, 16=0.0%, 32=0.0%, 64=0.0%, >=64=0.0%
     complete  : 0=0.0%, 4=100.0%, 8=0.0%, 16=0.0%, 32=0.0%, 64=0.0%, >=64=0.0%
     issued rwts: total=262144,0,0,0 short=0,0,0,0 dropped=0,0,0,0
     latency   : target=0, window=0, percentile=100.00%, depth=1

Run status group 0 (all jobs):
   READ: bw=359MiB/s (376MB/s), 359MiB/s-359MiB/s (376MB/s-376MB/s), io=1024MiB (1074MB), run=2856-2856msec
