randwrite: (g=0): rw=randwrite, bs=(R) 128KiB-128KiB, (W) 128KiB-128KiB, (T) 128KiB-128KiB, ioengine=psync, iodepth=1
...
fio-3.16
Starting 2 processes

randwrite: (groupid=0, jobs=2): err= 0: pid=31471: Thu Oct 30 01:39:06 2025
  write: IOPS=11.1k, BW=1384MiB/s (1451MB/s)(256MiB/185msec); 0 zone resets
    clat (usec): min=41, max=333, avg=113.68, stdev=46.52
     lat (usec): min=42, max=334, avg=114.59, stdev=46.66
    clat percentiles (usec):
     |  1.00th=[   56],  5.00th=[   73], 10.00th=[   74], 20.00th=[   76],
     | 30.00th=[   77], 40.00th=[  112], 50.00th=[  114], 60.00th=[  115],
     | 70.00th=[  116], 80.00th=[  118], 90.00th=[  221], 95.00th=[  223],
     | 99.00th=[  231], 99.50th=[  273], 99.90th=[  306], 99.95th=[  306],
     | 99.99th=[  334]
  lat (usec)   : 50=0.39%, 100=35.99%, 250=62.94%, 500=0.68%
  cpu          : usr=1.63%, sys=21.47%, ctx=2058, majf=0, minf=19
  IO depths    : 1=100.1%, 2=0.0%, 4=0.0%, 8=0.0%, 16=0.0%, 32=0.0%, >=64=0.0%
     submit    : 0=0.0%, 4=100.0%, 8=0.0%, 16=0.0%, 32=0.0%, 64=0.0%, >=64=0.0%
     complete  : 0=0.0%, 4=100.0%, 8=0.0%, 16=0.0%, 32=0.0%, 64=0.0%, >=64=0.0%
     issued rwts: total=0,2048,0,2 short=0,0,0,0 dropped=0,0,0,0
     latency   : target=0, window=0, percentile=100.00%, depth=1

Run status group 0 (all jobs):
  WRITE: bw=1384MiB/s (1451MB/s), 1384MiB/s-1384MiB/s (1451MB/s-1451MB/s), io=256MiB (268MB), run=185-185msec
