randread: (g=0): rw=randread, bs=(R) 128KiB-128KiB, (W) 128KiB-128KiB, (T) 128KiB-128KiB, ioengine=psync, iodepth=1
...
fio-3.16
Starting 8 processes

randread: (groupid=0, jobs=8): err= 0: pid=30847: Thu Oct 30 01:38:51 2025
  read: IOPS=32.8k, BW=4096MiB/s (4295MB/s)(1024MiB/250msec)
    clat (usec): min=7, max=8567, avg=239.59, stdev=301.25
     lat (usec): min=7, max=8567, avg=239.65, stdev=301.25
    clat percentiles (usec):
     |  1.00th=[   17],  5.00th=[   19], 10.00th=[   23], 20.00th=[   29],
     | 30.00th=[   37], 40.00th=[  269], 50.00th=[  306], 60.00th=[  334],
     | 70.00th=[  351], 80.00th=[  371], 90.00th=[  404], 95.00th=[  429],
     | 99.00th=[  490], 99.50th=[  523], 99.90th=[  717], 99.95th=[ 8356],
     | 99.99th=[ 8586]
  lat (usec)   : 10=0.12%, 20=8.24%, 50=27.33%, 100=1.10%, 250=1.11%
  lat (usec)   : 500=61.30%, 750=0.70%
  lat (msec)   : 10=0.10%
  cpu          : usr=0.51%, sys=23.92%, ctx=5952, majf=0, minf=320
  IO depths    : 1=100.0%, 2=0.0%, 4=0.0%, 8=0.0%, 16=0.0%, 32=0.0%, >=64=0.0%
     submit    : 0=0.0%, 4=100.0%, 8=0.0%, 16=0.0%, 32=0.0%, 64=0.0%, >=64=0.0%
     complete  : 0=0.0%, 4=100.0%, 8=0.0%, 16=0.0%, 32=0.0%, 64=0.0%, >=64=0.0%
     issued rwts: total=8192,0,0,0 short=0,0,0,0 dropped=0,0,0,0
     latency   : target=0, window=0, percentile=100.00%, depth=1

Run status group 0 (all jobs):
   READ: bw=4096MiB/s (4295MB/s), 4096MiB/s-4096MiB/s (4295MB/s-4295MB/s), io=1024MiB (1074MB), run=250-250msec
