randwrite: (g=0): rw=randwrite, bs=(R) 4096B-4096B, (W) 4096B-4096B, (T) 4096B-4096B, ioengine=psync, iodepth=1
fio-3.16
Starting 1 process

randwrite: (groupid=0, jobs=1): err= 0: pid=15404: Wed Oct 29 13:38:40 2025
  write: IOPS=75.5k, BW=295MiB/s (309MB/s)(128MiB/434msec); 0 zone resets
    clat (usec): min=7, max=243, avg=11.69, stdev= 3.57
     lat (usec): min=7, max=244, avg=11.76, stdev= 3.59
    clat percentiles (nsec):
     |  1.00th=[ 8384],  5.00th=[ 9024], 10.00th=[ 9152], 20.00th=[ 9408],
     | 30.00th=[10688], 40.00th=[11072], 50.00th=[11328], 60.00th=[11456],
     | 70.00th=[11712], 80.00th=[12480], 90.00th=[13760], 95.00th=[16064],
     | 99.00th=[30080], 99.50th=[31104], 99.90th=[35072], 99.95th=[38144],
     | 99.99th=[79360]
  lat (usec)   : 10=27.37%, 20=70.28%, 50=2.32%, 100=0.02%, 250=0.01%
  cpu          : usr=6.47%, sys=40.18%, ctx=32779, majf=0, minf=8
  IO depths    : 1=100.0%, 2=0.0%, 4=0.0%, 8=0.0%, 16=0.0%, 32=0.0%, >=64=0.0%
     submit    : 0=0.0%, 4=100.0%, 8=0.0%, 16=0.0%, 32=0.0%, 64=0.0%, >=64=0.0%
     complete  : 0=0.0%, 4=100.0%, 8=0.0%, 16=0.0%, 32=0.0%, 64=0.0%, >=64=0.0%
     issued rwts: total=0,32768,0,1 short=0,0,0,0 dropped=0,0,0,0
     latency   : target=0, window=0, percentile=100.00%, depth=1

Run status group 0 (all jobs):
  WRITE: bw=295MiB/s (309MB/s), 295MiB/s-295MiB/s (309MB/s-309MB/s), io=128MiB (134MB), run=434-434msec
