randread: (g=0): rw=randread, bs=(R) 4096B-4096B, (W) 4096B-4096B, (T) 4096B-4096B, ioengine=psync, iodepth=1
...
fio-3.16
Starting 32 processes

randread: (groupid=0, jobs=32): err= 0: pid=16240: Thu Oct 30 01:17:43 2025
  read: IOPS=481k, BW=1878MiB/s (1969MB/s)(4096MiB/2181msec)
    clat (nsec): min=356, max=8488.4k, avg=64825.24, stdev=71275.70
     lat (nsec): min=381, max=8488.5k, avg=64891.41, stdev=71289.17
    clat percentiles (nsec):
     |  1.00th=[  1064],  5.00th=[  1256], 10.00th=[  1432], 20.00th=[  1736],
     | 30.00th=[  2256], 40.00th=[ 62208], 50.00th=[ 75264], 60.00th=[ 83456],
     | 70.00th=[ 93696], 80.00th=[108032], 90.00th=[130560], 95.00th=[156672],
     | 99.00th=[214016], 99.50th=[240640], 99.90th=[309248], 99.95th=[346112],
     | 99.99th=[509952]
   bw (  MiB/s): min= 1379, max= 2386, per=96.76%, avg=1817.28, stdev=11.82, samples=128
   iops        : min=353056, max=610926, avg=465222.00, stdev=3024.92, samples=128
  lat (nsec)   : 500=0.01%, 750=0.01%, 1000=0.37%
  lat (usec)   : 2=26.20%, 4=6.79%, 10=2.41%, 20=0.49%, 50=2.78%
  lat (usec)   : 100=36.13%, 250=24.43%, 500=0.39%, 750=0.01%, 1000=0.01%
  lat (msec)   : 2=0.01%, 4=0.01%, 10=0.01%
  cpu          : usr=1.54%, sys=10.47%, ctx=775446, majf=0, minf=325
  IO depths    : 1=100.0%, 2=0.0%, 4=0.0%, 8=0.0%, 16=0.0%, 32=0.0%, >=64=0.0%
     submit    : 0=0.0%, 4=100.0%, 8=0.0%, 16=0.0%, 32=0.0%, 64=0.0%, >=64=0.0%
     complete  : 0=0.0%, 4=100.0%, 8=0.0%, 16=0.0%, 32=0.0%, 64=0.0%, >=64=0.0%
     issued rwts: total=1048576,0,0,0 short=0,0,0,0 dropped=0,0,0,0
     latency   : target=0, window=0, percentile=100.00%, depth=1

Run status group 0 (all jobs):
   READ: bw=1878MiB/s (1969MB/s), 1878MiB/s-1878MiB/s (1969MB/s-1969MB/s), io=4096MiB (4295MB), run=2181-2181msec
