randwrite: (g=0): rw=randwrite, bs=(R) 4096B-4096B, (W) 4096B-4096B, (T) 4096B-4096B, ioengine=psync, iodepth=1
...
fio-3.16
Starting 16 processes

randwrite: (groupid=0, jobs=16): err= 0: pid=16953: Thu Oct 30 01:18:04 2025
  write: IOPS=369k, BW=1442MiB/s (1512MB/s)(2048MiB/1420msec); 0 zone resets
    clat (usec): min=5, max=16420, avg=30.93, stdev=62.87
     lat (usec): min=5, max=16420, avg=31.00, stdev=62.87
    clat percentiles (usec):
     |  1.00th=[    9],  5.00th=[    9], 10.00th=[   11], 20.00th=[   12],
     | 30.00th=[   16], 40.00th=[   19], 50.00th=[   22], 60.00th=[   24],
     | 70.00th=[   34], 80.00th=[   45], 90.00th=[   67], 95.00th=[   84],
     | 99.00th=[  128], 99.50th=[  139], 99.90th=[  155], 99.95th=[  165],
     | 99.99th=[ 1237]
   bw (  MiB/s): min= 1607, max= 2049, per=100.00%, avg=1828.49, stdev=26.79, samples=27
   iops        : min=411618, max=524568, avg=468093.00, stdev=6858.11, samples=27
  lat (usec)   : 10=9.66%, 20=35.17%, 50=38.98%, 100=13.57%, 250=2.58%
  lat (usec)   : 500=0.01%, 750=0.01%, 1000=0.01%
  lat (msec)   : 2=0.01%, 4=0.01%, 10=0.01%, 20=0.01%
  cpu          : usr=2.30%, sys=17.03%, ctx=2725454, majf=0, minf=148
  IO depths    : 1=100.0%, 2=0.0%, 4=0.0%, 8=0.0%, 16=0.0%, 32=0.0%, >=64=0.0%
     submit    : 0=0.0%, 4=100.0%, 8=0.0%, 16=0.0%, 32=0.0%, 64=0.0%, >=64=0.0%
     complete  : 0=0.0%, 4=100.0%, 8=0.0%, 16=0.0%, 32=0.0%, 64=0.0%, >=64=0.0%
     issued rwts: total=0,524288,0,16 short=0,0,0,0 dropped=0,0,0,0
     latency   : target=0, window=0, percentile=100.00%, depth=1

Run status group 0 (all jobs):
  WRITE: bw=1442MiB/s (1512MB/s), 1442MiB/s-1442MiB/s (1512MB/s-1512MB/s), io=2048MiB (2147MB), run=1420-1420msec
