read: (g=0): rw=read, bs=(R) 128KiB-128KiB, (W) 128KiB-128KiB, (T) 128KiB-128KiB, ioengine=psync, iodepth=1
...
fio-3.16
Starting 8 processes

read: (groupid=0, jobs=8): err= 0: pid=30460: Thu Oct 30 01:38:43 2025
  read: IOPS=24.0k, BW=3003MiB/s (3149MB/s)(1024MiB/341msec)
    clat (usec): min=9, max=9891, avg=325.74, stdev=511.78
     lat (usec): min=9, max=9892, avg=325.82, stdev=511.76
    clat percentiles (usec):
     |  1.00th=[   13],  5.00th=[   15], 10.00th=[   18], 20.00th=[   25],
     | 30.00th=[   37], 40.00th=[   43], 50.00th=[  102], 60.00th=[  221],
     | 70.00th=[  392], 80.00th=[  578], 90.00th=[  947], 95.00th=[ 1270],
     | 99.00th=[ 1844], 99.50th=[ 2024], 99.90th=[ 2638], 99.95th=[ 9372],
     | 99.99th=[ 9896]
  lat (usec)   : 10=0.01%, 20=13.48%, 50=31.35%, 100=4.91%, 250=11.65%
  lat (usec)   : 500=14.75%, 750=9.74%, 1000=5.27%
  lat (msec)   : 2=8.31%, 4=0.44%, 10=0.10%
  cpu          : usr=0.22%, sys=23.10%, ctx=4109, majf=0, minf=329
  IO depths    : 1=100.0%, 2=0.0%, 4=0.0%, 8=0.0%, 16=0.0%, 32=0.0%, >=64=0.0%
     submit    : 0=0.0%, 4=100.0%, 8=0.0%, 16=0.0%, 32=0.0%, 64=0.0%, >=64=0.0%
     complete  : 0=0.0%, 4=100.0%, 8=0.0%, 16=0.0%, 32=0.0%, 64=0.0%, >=64=0.0%
     issued rwts: total=8192,0,0,0 short=0,0,0,0 dropped=0,0,0,0
     latency   : target=0, window=0, percentile=100.00%, depth=1

Run status group 0 (all jobs):
   READ: bw=3003MiB/s (3149MB/s), 3003MiB/s-3003MiB/s (3149MB/s-3149MB/s), io=1024MiB (1074MB), run=341-341msec
