read: (g=0): rw=read, bs=(R) 4096B-4096B, (W) 4096B-4096B, (T) 4096B-4096B, ioengine=psync, iodepth=1
fio-3.16
Starting 1 process

read: (groupid=0, jobs=1): err= 0: pid=12900: Wed Oct 29 13:37:48 2025
  read: IOPS=214k, BW=837MiB/s (877MB/s)(128MiB/153msec)
    clat (nsec): min=407, max=8297.4k, avg=4413.91, stdev=52799.54
     lat (nsec): min=435, max=8298.1k, avg=4445.85, stdev=52802.67
    clat percentiles (nsec):
     |  1.00th=[   458],  5.00th=[   596], 10.00th=[   652], 20.00th=[   708],
     | 30.00th=[   756], 40.00th=[   852], 50.00th=[  1096], 60.00th=[  1144],
     | 70.00th=[  1208], 80.00th=[  1336], 90.00th=[  1480], 95.00th=[  1656],
     | 99.00th=[171008], 99.50th=[224256], 99.90th=[309248], 99.95th=[358400],
     | 99.99th=[452608]
  lat (nsec)   : 500=2.33%, 750=26.63%, 1000=15.45%
  lat (usec)   : 2=53.28%, 4=0.64%, 10=0.02%, 20=0.05%, 50=0.01%
  lat (usec)   : 100=0.11%, 250=1.13%, 500=0.34%
  lat (msec)   : 10=0.01%
  cpu          : usr=1.97%, sys=53.95%, ctx=495, majf=0, minf=10
  IO depths    : 1=100.0%, 2=0.0%, 4=0.0%, 8=0.0%, 16=0.0%, 32=0.0%, >=64=0.0%
     submit    : 0=0.0%, 4=100.0%, 8=0.0%, 16=0.0%, 32=0.0%, 64=0.0%, >=64=0.0%
     complete  : 0=0.0%, 4=100.0%, 8=0.0%, 16=0.0%, 32=0.0%, 64=0.0%, >=64=0.0%
     issued rwts: total=32768,0,0,0 short=0,0,0,0 dropped=0,0,0,0
     latency   : target=0, window=0, percentile=100.00%, depth=1

Run status group 0 (all jobs):
   READ: bw=837MiB/s (877MB/s), 837MiB/s-837MiB/s (877MB/s-877MB/s), io=128MiB (134MB), run=153-153msec
