read: (g=0): rw=read, bs=(R) 4096B-4096B, (W) 4096B-4096B, (T) 4096B-4096B, ioengine=psync, iodepth=1
...
fio-3.16
Starting 4 processes

read: (groupid=0, jobs=4): err= 0: pid=319114: Wed Oct 29 12:01:01 2025
  read: IOPS=624k, BW=2438MiB/s (2557MB/s)(512MiB/210msec)
    clat (nsec): min=422, max=8215.9k, avg=5806.59, stdev=59157.39
     lat (nsec): min=450, max=8216.1k, avg=5842.88, stdev=59160.00
    clat percentiles (nsec):
     |  1.00th=[   510],  5.00th=[   596], 10.00th=[   636], 20.00th=[   700],
     | 30.00th=[   772], 40.00th=[   892], 50.00th=[  1240], 60.00th=[  1416],
     | 70.00th=[  1560], 80.00th=[  1720], 90.00th=[  1992], 95.00th=[  2352],
     | 99.00th=[205824], 99.50th=[305152], 99.90th=[552960], 99.95th=[667648],
     | 99.99th=[815104]
  lat (nsec)   : 500=0.78%, 750=26.90%, 1000=16.45%
  lat (usec)   : 2=45.99%, 4=8.02%, 10=0.13%, 20=0.06%, 50=0.01%
  lat (usec)   : 100=0.20%, 250=0.69%, 500=0.65%, 750=0.10%, 1000=0.02%
  lat (msec)   : 2=0.01%, 10=0.01%
  cpu          : usr=5.26%, sys=44.31%, ctx=2010, majf=0, minf=49
  IO depths    : 1=100.0%, 2=0.0%, 4=0.0%, 8=0.0%, 16=0.0%, 32=0.0%, >=64=0.0%
     submit    : 0=0.0%, 4=100.0%, 8=0.0%, 16=0.0%, 32=0.0%, 64=0.0%, >=64=0.0%
     complete  : 0=0.0%, 4=100.0%, 8=0.0%, 16=0.0%, 32=0.0%, 64=0.0%, >=64=0.0%
     issued rwts: total=131072,0,0,0 short=0,0,0,0 dropped=0,0,0,0
     latency   : target=0, window=0, percentile=100.00%, depth=1

Run status group 0 (all jobs):
   READ: bw=2438MiB/s (2557MB/s), 2438MiB/s-2438MiB/s (2557MB/s-2557MB/s), io=512MiB (537MB), run=210-210msec
