read: (g=0): rw=read, bs=(R) 4096B-4096B, (W) 4096B-4096B, (T) 4096B-4096B, ioengine=psync, iodepth=1
...
fio-3.16
Starting 32 processes

read: (groupid=0, jobs=32): err= 0: pid=15799: Thu Oct 30 01:17:29 2025
  read: IOPS=792k, BW=3094MiB/s (3244MB/s)(4096MiB/1324msec)
    clat (nsec): min=391, max=8887.8k, avg=39439.21, stdev=384826.44
     lat (nsec): min=418, max=8887.9k, avg=39474.04, stdev=384826.90
    clat percentiles (nsec):
     |  1.00th=[    494],  5.00th=[    532], 10.00th=[    556],
     | 20.00th=[    604], 30.00th=[    668], 40.00th=[    844],
     | 50.00th=[   1112], 60.00th=[   1208], 70.00th=[   1320],
     | 80.00th=[   1480], 90.00th=[   1816], 95.00th=[   2288],
     | 99.00th=[ 897024], 99.50th=[3817472], 99.90th=[4947968],
     | 99.95th=[5341184], 99.99th=[6389760]
   bw (  MiB/s): min= 3021, max= 3149, per=99.73%, avg=3085.21, stdev= 2.41, samples=64
   iops        : min=773433, max=806190, avg=789811.50, stdev=617.33, samples=64
  lat (nsec)   : 500=1.16%, 750=34.85%, 1000=7.96%
  lat (usec)   : 2=48.70%, 4=5.26%, 10=0.37%, 20=0.03%, 50=0.01%
  lat (usec)   : 100=0.25%, 250=0.16%, 500=0.11%, 750=0.09%, 1000=0.06%
  lat (msec)   : 2=0.11%, 4=0.45%, 10=0.42%
  cpu          : usr=0.94%, sys=6.33%, ctx=16246, majf=0, minf=388
  IO depths    : 1=100.0%, 2=0.0%, 4=0.0%, 8=0.0%, 16=0.0%, 32=0.0%, >=64=0.0%
     submit    : 0=0.0%, 4=100.0%, 8=0.0%, 16=0.0%, 32=0.0%, 64=0.0%, >=64=0.0%
     complete  : 0=0.0%, 4=100.0%, 8=0.0%, 16=0.0%, 32=0.0%, 64=0.0%, >=64=0.0%
     issued rwts: total=1048576,0,0,0 short=0,0,0,0 dropped=0,0,0,0
     latency   : target=0, window=0, percentile=100.00%, depth=1

Run status group 0 (all jobs):
   READ: bw=3094MiB/s (3244MB/s), 3094MiB/s-3094MiB/s (3244MB/s-3244MB/s), io=4096MiB (4295MB), run=1324-1324msec
