write: (g=0): rw=write, bs=(R) 128KiB-128KiB, (W) 128KiB-128KiB, (T) 128KiB-128KiB, ioengine=psync, iodepth=1
...
fio-3.16
Starting 32 processes

write: (groupid=0, jobs=32): err= 0: pid=31348: Thu Oct 30 01:39:03 2025
  write: IOPS=14.4k, BW=1796MiB/s (1884MB/s)(4096MiB/2280msec); 0 zone resets
    clat (usec): min=105, max=116887, avg=1267.71, stdev=2311.69
     lat (usec): min=105, max=116888, avg=1270.05, stdev=2312.17
    clat percentiles (usec):
     |  1.00th=[  124],  5.00th=[  165], 10.00th=[  186], 20.00th=[  306],
     | 30.00th=[  383], 40.00th=[  494], 50.00th=[  635], 60.00th=[  791],
     | 70.00th=[ 1106], 80.00th=[ 1418], 90.00th=[ 3359], 95.00th=[ 4948],
     | 99.00th=[ 6194], 99.50th=[ 7767], 99.90th=[28181], 99.95th=[44303],
     | 99.99th=[50594]
   bw (  MiB/s): min= 1863, max= 3478, per=100.00%, avg=2600.61, stdev=34.00, samples=68
   iops        : min=14902, max=27820, avg=20795.83, stdev=271.98, samples=68
  lat (usec)   : 250=15.07%, 500=25.52%, 750=17.29%, 1000=9.39%
  lat (msec)   : 2=16.78%, 4=7.36%, 10=8.15%, 20=0.13%, 50=0.28%
  lat (msec)   : 100=0.01%, 250=0.01%
  cpu          : usr=0.23%, sys=10.39%, ctx=6900867, majf=0, minf=359
  IO depths    : 1=100.1%, 2=0.0%, 4=0.0%, 8=0.0%, 16=0.0%, 32=0.0%, >=64=0.0%
     submit    : 0=0.0%, 4=100.0%, 8=0.0%, 16=0.0%, 32=0.0%, 64=0.0%, >=64=0.0%
     complete  : 0=0.0%, 4=100.0%, 8=0.0%, 16=0.0%, 32=0.0%, 64=0.0%, >=64=0.0%
     issued rwts: total=0,32768,0,32 short=0,0,0,0 dropped=0,0,0,0
     latency   : target=0, window=0, percentile=100.00%, depth=1

Run status group 0 (all jobs):
  WRITE: bw=1796MiB/s (1884MB/s), 1796MiB/s-1796MiB/s (1884MB/s-1884MB/s), io=4096MiB (4295MB), run=2280-2280msec
