randread: (g=0): rw=randread, bs=(R) 4096B-4096B, (W) 4096B-4096B, (T) 4096B-4096B, ioengine=psync, iodepth=1
fio-3.16
Starting 1 process

randread: (groupid=0, jobs=1): err= 0: pid=194331: Thu Oct 30 14:50:22 2025
  read: IOPS=529k, BW=2067MiB/s (2167MB/s)(60.6GiB/30001msec)
    clat (nsec): min=348, max=8052.6k, avg=1659.19, stdev=7350.32
     lat (nsec): min=375, max=8052.0k, avg=1686.57, stdev=7350.59
    clat percentiles (nsec):
     |  1.00th=[  724],  5.00th=[  772], 10.00th=[  796], 20.00th=[  828],
     | 30.00th=[  844], 40.00th=[  860], 50.00th=[  876], 60.00th=[  892],
     | 70.00th=[  916], 80.00th=[  964], 90.00th=[ 1096], 95.00th=[ 1224],
     | 99.00th=[55552], 99.50th=[61696], 99.90th=[68096], 99.95th=[75264],
     | 99.99th=[93696]
   bw (  MiB/s): min=   58, max= 3487, per=98.85%, avg=2043.10, stdev=1612.40, samples=59
   iops        : min=15070, max=892734, avg=523033.53, stdev=412774.10, samples=59
  lat (nsec)   : 500=0.05%, 750=2.26%, 1000=82.02%
  lat (usec)   : 2=13.89%, 4=0.06%, 10=0.07%, 20=0.40%, 50=0.23%
  lat (usec)   : 100=1.01%, 250=0.01%, 500=0.01%
  lat (msec)   : 2=0.01%, 10=0.01%
  cpu          : usr=17.88%, sys=49.56%, ctx=269495, majf=0, minf=11
  IO depths    : 1=100.0%, 2=0.0%, 4=0.0%, 8=0.0%, 16=0.0%, 32=0.0%, >=64=0.0%
     submit    : 0=0.0%, 4=100.0%, 8=0.0%, 16=0.0%, 32=0.0%, 64=0.0%, >=64=0.0%
     complete  : 0=0.0%, 4=100.0%, 8=0.0%, 16=0.0%, 32=0.0%, 64=0.0%, >=64=0.0%
     issued rwts: total=15874843,0,0,0 short=0,0,0,0 dropped=0,0,0,0
     latency   : target=0, window=0, percentile=100.00%, depth=1

Run status group 0 (all jobs):
   READ: bw=2067MiB/s (2167MB/s), 2067MiB/s-2067MiB/s (2167MB/s-2167MB/s), io=60.6GiB (65.0GB), run=30001-30001msec
