randwrite: (g=0): rw=randwrite, bs=(R) 128KiB-128KiB, (W) 128KiB-128KiB, (T) 128KiB-128KiB, ioengine=psync, iodepth=1
...
fio-3.16
Starting 32 processes

randwrite: (groupid=0, jobs=32): err= 0: pid=49175: Thu Oct 30 02:02:26 2025
  write: IOPS=16.7k, BW=2085MiB/s (2187MB/s)(16.0GiB/7857msec); 0 zone resets
    clat (usec): min=50, max=255953, avg=1311.93, stdev=1665.26
     lat (usec): min=52, max=255955, avg=1314.29, stdev=1665.73
    clat percentiles (usec):
     |  1.00th=[   90],  5.00th=[  143], 10.00th=[  212], 20.00th=[  388],
     | 30.00th=[  537], 40.00th=[  685], 50.00th=[  848], 60.00th=[ 1037],
     | 70.00th=[ 1369], 80.00th=[ 2180], 90.00th=[ 2900], 95.00th=[ 4621],
     | 99.00th=[ 5211], 99.50th=[ 5342], 99.90th=[ 5932], 99.95th=[ 9110],
     | 99.99th=[24249]
   bw (  MiB/s): min= 1922, max= 4740, per=100.00%, avg=2672.23, stdev=35.69, samples=321
   iops        : min=15377, max=37911, avg=21371.84, stdev=285.42, samples=321
  lat (usec)   : 100=1.34%, 250=10.82%, 500=15.16%, 750=17.17%, 1000=13.53%
  lat (msec)   : 2=20.59%, 4=14.41%, 10=6.92%, 20=0.02%, 50=0.02%
  lat (msec)   : 250=0.01%, 500=0.01%
  cpu          : usr=0.23%, sys=10.22%, ctx=32137896, majf=0, minf=336
  IO depths    : 1=100.0%, 2=0.0%, 4=0.0%, 8=0.0%, 16=0.0%, 32=0.0%, >=64=0.0%
     submit    : 0=0.0%, 4=100.0%, 8=0.0%, 16=0.0%, 32=0.0%, 64=0.0%, >=64=0.0%
     complete  : 0=0.0%, 4=100.0%, 8=0.0%, 16=0.0%, 32=0.0%, 64=0.0%, >=64=0.0%
     issued rwts: total=0,131072,0,32 short=0,0,0,0 dropped=0,0,0,0
     latency   : target=0, window=0, percentile=100.00%, depth=1

Run status group 0 (all jobs):
  WRITE: bw=2085MiB/s (2187MB/s), 2085MiB/s-2085MiB/s (2187MB/s-2187MB/s), io=16.0GiB (17.2GB), run=7857-7857msec
