randread: (g=0): rw=randread, bs=(R) 128KiB-128KiB, (W) 128KiB-128KiB, (T) 128KiB-128KiB, ioengine=psync, iodepth=1
...
fio-3.16
Starting 2 processes

randread: (groupid=0, jobs=2): err= 0: pid=48029: Thu Oct 30 02:01:24 2025
  read: IOPS=10.0k, BW=1374MiB/s (1441MB/s)(1024MiB/745msec)
    clat (usec): min=8, max=8399, avg=179.48, stdev=179.12
     lat (usec): min=8, max=8399, avg=179.52, stdev=179.13
    clat percentiles (usec):
     |  1.00th=[   15],  5.00th=[   16], 10.00th=[   18], 20.00th=[   22],
     | 30.00th=[   30], 40.00th=[  221], 50.00th=[  239], 60.00th=[  251],
     | 70.00th=[  281], 80.00th=[  293], 90.00th=[  306], 95.00th=[  310],
     | 99.00th=[  347], 99.50th=[  351], 99.90th=[  371], 99.95th=[  388],
     | 99.99th=[ 8455]
   bw (  MiB/s): min= 1168, max= 1168, per=84.98%, avg=1168.00, stdev= 0.00, samples=2
   iops        : min= 9344, max= 9344, avg=9344.00, stdev= 0.00, samples=2
  lat (usec)   : 10=0.01%, 20=13.53%, 50=23.82%, 100=0.23%, 250=21.64%
  lat (usec)   : 500=40.73%
  lat (msec)   : 4=0.01%, 10=0.02%
  cpu          : usr=0.27%, sys=27.97%, ctx=5455, majf=0, minf=84
  IO depths    : 1=100.0%, 2=0.0%, 4=0.0%, 8=0.0%, 16=0.0%, 32=0.0%, >=64=0.0%
     submit    : 0=0.0%, 4=100.0%, 8=0.0%, 16=0.0%, 32=0.0%, 64=0.0%, >=64=0.0%
     complete  : 0=0.0%, 4=100.0%, 8=0.0%, 16=0.0%, 32=0.0%, 64=0.0%, >=64=0.0%
     issued rwts: total=8192,0,0,0 short=0,0,0,0 dropped=0,0,0,0
     latency   : target=0, window=0, percentile=100.00%, depth=1

Run status group 0 (all jobs):
   READ: bw=1374MiB/s (1441MB/s), 1374MiB/s-1374MiB/s (1441MB/s-1441MB/s), io=1024MiB (1074MB), run=745-745msec
