randwrite: (g=0): rw=randwrite, bs=(R) 128KiB-128KiB, (W) 128KiB-128KiB, (T) 128KiB-128KiB, ioengine=psync, iodepth=1
fio-3.16
Starting 1 process

randwrite: (groupid=0, jobs=1): err= 0: pid=48865: Thu Oct 30 02:02:07 2025
  write: IOPS=7968, BW=996MiB/s (1044MB/s)(512MiB/514msec); 0 zone resets
    clat (usec): min=44, max=161, avg=94.39, stdev=18.73
     lat (usec): min=45, max=166, avg=95.23, stdev=18.74
    clat percentiles (usec):
     |  1.00th=[   58],  5.00th=[   70], 10.00th=[   71], 20.00th=[   72],
     | 30.00th=[   73], 40.00th=[  105], 50.00th=[  108], 60.00th=[  108],
     | 70.00th=[  109], 80.00th=[  110], 90.00th=[  112], 95.00th=[  113],
     | 99.00th=[  118], 99.50th=[  119], 99.90th=[  129], 99.95th=[  145],
     | 99.99th=[  161]
  lat (usec)   : 50=0.37%, 100=37.04%, 250=62.60%
  cpu          : usr=0.78%, sys=30.41%, ctx=4100, majf=0, minf=8
  IO depths    : 1=100.0%, 2=0.0%, 4=0.0%, 8=0.0%, 16=0.0%, 32=0.0%, >=64=0.0%
     submit    : 0=0.0%, 4=100.0%, 8=0.0%, 16=0.0%, 32=0.0%, 64=0.0%, >=64=0.0%
     complete  : 0=0.0%, 4=100.0%, 8=0.0%, 16=0.0%, 32=0.0%, 64=0.0%, >=64=0.0%
     issued rwts: total=0,4096,0,1 short=0,0,0,0 dropped=0,0,0,0
     latency   : target=0, window=0, percentile=100.00%, depth=1

Run status group 0 (all jobs):
  WRITE: bw=996MiB/s (1044MB/s), 996MiB/s-996MiB/s (1044MB/s-1044MB/s), io=512MiB (537MB), run=514-514msec
