randread: (g=0): rw=randread, bs=(R) 4096B-4096B, (W) 4096B-4096B, (T) 4096B-4096B, ioengine=psync, iodepth=1
...
fio-3.16
Starting 32 processes

randread: (groupid=0, jobs=32): err= 0: pid=195668: Thu Oct 30 14:53:03 2025
  read: IOPS=742k, BW=2897MiB/s (3038MB/s)(84.9GiB/30006msec)
    clat (nsec): min=332, max=30606k, avg=42643.04, stdev=118422.91
     lat (nsec): min=359, max=30606k, avg=42693.16, stdev=118443.83
    clat percentiles (nsec):
     |  1.00th=[   1048],  5.00th=[   1144], 10.00th=[   1224],
     | 20.00th=[   1352], 30.00th=[   1480], 40.00th=[   1656],
     | 50.00th=[   1896], 60.00th=[   2832], 70.00th=[  68096],
     | 80.00th=[  99840], 90.00th=[ 130560], 95.00th=[ 164864],
     | 99.00th=[ 252928], 99.50th=[ 301056], 99.90th=[ 440320],
     | 99.95th=[ 522240], 99.99th=[1564672]
   bw (  MiB/s): min= 1179, max= 6937, per=99.86%, avg=2893.38, stdev=54.91, samples=1918
   iops        : min=301950, max=1775932, avg=740706.05, stdev=14057.07, samples=1918
  lat (nsec)   : 500=0.01%, 750=0.01%, 1000=0.38%
  lat (usec)   : 2=52.35%, 4=8.85%, 10=2.55%, 20=0.57%, 50=3.37%
  lat (usec)   : 100=11.96%, 250=18.93%, 500=0.99%, 750=0.04%, 1000=0.01%
  lat (msec)   : 2=0.01%, 4=0.01%, 10=0.01%, 20=0.01%, 50=0.01%
  cpu          : usr=1.66%, sys=10.55%, ctx=8894472, majf=0, minf=301
  IO depths    : 1=100.0%, 2=0.0%, 4=0.0%, 8=0.0%, 16=0.0%, 32=0.0%, >=64=0.0%
     submit    : 0=0.0%, 4=100.0%, 8=0.0%, 16=0.0%, 32=0.0%, 64=0.0%, >=64=0.0%
     complete  : 0=0.0%, 4=100.0%, 8=0.0%, 16=0.0%, 32=0.0%, 64=0.0%, >=64=0.0%
     issued rwts: total=22255829,0,0,0 short=0,0,0,0 dropped=0,0,0,0
     latency   : target=0, window=0, percentile=100.00%, depth=1

Run status group 0 (all jobs):
   READ: bw=2897MiB/s (3038MB/s), 2897MiB/s-2897MiB/s (3038MB/s-3038MB/s), io=84.9GiB (91.2GB), run=30006-30006msec
