randread: (g=0): rw=randread, bs=(R) 4096B-4096B, (W) 4096B-4096B, (T) 4096B-4096B, ioengine=psync, iodepth=1
...
fio-3.16
Starting 8 processes

randread: (groupid=0, jobs=8): err= 0: pid=195103: Thu Oct 30 14:51:56 2025
  read: IOPS=1989k, BW=7769MiB/s (8146MB/s)(228GiB/30001msec)
    clat (nsec): min=348, max=56011k, avg=3683.19, stdev=91006.28
     lat (nsec): min=375, max=56011k, avg=3722.30, stdev=91892.94
    clat percentiles (nsec):
     |  1.00th=[   884],  5.00th=[   948], 10.00th=[   980], 20.00th=[  1020],
     | 30.00th=[  1064], 40.00th=[  1096], 50.00th=[  1128], 60.00th=[  1176],
     | 70.00th=[  1240], 80.00th=[  1320], 90.00th=[  1496], 95.00th=[  1800],
     | 99.00th=[ 67072], 99.50th=[ 74240], 99.90th=[103936], 99.95th=[127488],
     | 99.99th=[468992]
   bw (  MiB/s): min=  472, max=20977, per=98.58%, avg=7658.21, stdev=815.08, samples=472
   iops        : min=120963, max=5370248, avg=1960502.10, stdev=208659.41, samples=472
  lat (nsec)   : 500=0.04%, 750=0.03%, 1000=14.28%
  lat (usec)   : 2=81.33%, 4=0.53%, 10=0.20%, 20=0.34%, 50=0.91%
  lat (usec)   : 100=2.21%, 250=0.10%, 500=0.01%, 750=0.01%, 1000=0.01%
  lat (msec)   : 2=0.01%, 4=0.01%, 10=0.01%, 20=0.01%, 50=0.01%
  lat (msec)   : 100=0.01%
  cpu          : usr=9.04%, sys=34.22%, ctx=2260702, majf=0, minf=82
  IO depths    : 1=100.0%, 2=0.0%, 4=0.0%, 8=0.0%, 16=0.0%, 32=0.0%, >=64=0.0%
     submit    : 0=0.0%, 4=100.0%, 8=0.0%, 16=0.0%, 32=0.0%, 64=0.0%, >=64=0.0%
     complete  : 0=0.0%, 4=100.0%, 8=0.0%, 16=0.0%, 32=0.0%, 64=0.0%, >=64=0.0%
     issued rwts: total=59664715,0,0,0 short=0,0,0,0 dropped=0,0,0,0
     latency   : target=0, window=0, percentile=100.00%, depth=1

Run status group 0 (all jobs):
   READ: bw=7769MiB/s (8146MB/s), 7769MiB/s-7769MiB/s (8146MB/s-8146MB/s), io=228GiB (244GB), run=30001-30001msec
