randwrite: (g=0): rw=randwrite, bs=(R) 128KiB-128KiB, (W) 128KiB-128KiB, (T) 128KiB-128KiB, ioengine=psync, iodepth=1
...
fio-3.16
Starting 2 processes

randwrite: (groupid=0, jobs=2): err= 0: pid=48911: Thu Oct 30 02:02:09 2025
  write: IOPS=12.8k, BW=1595MiB/s (1672MB/s)(1024MiB/642msec); 0 zone resets
    clat (usec): min=41, max=360, avg=100.12, stdev=20.26
     lat (usec): min=42, max=361, avg=101.02, stdev=20.27
    clat percentiles (usec):
     |  1.00th=[   70],  5.00th=[   74], 10.00th=[   75], 20.00th=[   76],
     | 30.00th=[   77], 40.00th=[  111], 50.00th=[  113], 60.00th=[  115],
     | 70.00th=[  116], 80.00th=[  117], 90.00th=[  118], 95.00th=[  120],
     | 99.00th=[  128], 99.50th=[  133], 99.90th=[  155], 99.95th=[  165],
     | 99.99th=[  359]
  lat (usec)   : 50=0.17%, 100=37.35%, 250=62.45%, 500=0.02%
  cpu          : usr=0.55%, sys=26.00%, ctx=8204, majf=0, minf=17
  IO depths    : 1=100.0%, 2=0.0%, 4=0.0%, 8=0.0%, 16=0.0%, 32=0.0%, >=64=0.0%
     submit    : 0=0.0%, 4=100.0%, 8=0.0%, 16=0.0%, 32=0.0%, 64=0.0%, >=64=0.0%
     complete  : 0=0.0%, 4=100.0%, 8=0.0%, 16=0.0%, 32=0.0%, 64=0.0%, >=64=0.0%
     issued rwts: total=0,8192,0,2 short=0,0,0,0 dropped=0,0,0,0
     latency   : target=0, window=0, percentile=100.00%, depth=1

Run status group 0 (all jobs):
  WRITE: bw=1595MiB/s (1672MB/s), 1595MiB/s-1595MiB/s (1672MB/s-1672MB/s), io=1024MiB (1074MB), run=642-642msec
