read: (g=0): rw=read, bs=(R) 4096B-4096B, (W) 4096B-4096B, (T) 4096B-4096B, ioengine=psync, iodepth=1
fio-3.16
Starting 1 process

read: (groupid=0, jobs=1): err= 0: pid=192717: Thu Oct 30 14:47:07 2025
  read: IOPS=1078k, BW=4211MiB/s (4416MB/s)(123GiB/30001msec)
    clat (nsec): min=437, max=8150.3k, avg=713.33, stdev=2077.43
     lat (nsec): min=464, max=8150.7k, avg=740.58, stdev=2077.80
    clat percentiles (nsec):
     |  1.00th=[  572],  5.00th=[  620], 10.00th=[  620], 20.00th=[  628],
     | 30.00th=[  636], 40.00th=[  652], 50.00th=[  660], 60.00th=[  668],
     | 70.00th=[  716], 80.00th=[  732], 90.00th=[  828], 95.00th=[  924],
     | 99.00th=[ 1096], 99.50th=[ 1176], 99.90th=[ 1640], 99.95th=[ 2576],
     | 99.99th=[85504]
   bw (  MiB/s): min= 1244, max= 4318, per=99.96%, avg=4209.68, stdev=494.91, samples=59
   iops        : min=318582, max=1105572, avg=1077676.73, stdev=126696.25, samples=59
  lat (nsec)   : 500=0.02%, 750=83.31%, 1000=14.18%
  lat (usec)   : 2=2.40%, 4=0.07%, 10=0.01%, 20=0.01%, 50=0.01%
  lat (usec)   : 100=0.01%, 250=0.01%, 500=0.01%, 750=0.01%
  lat (msec)   : 10=0.01%
  cpu          : usr=32.67%, sys=66.64%, ctx=3592, majf=0, minf=10
  IO depths    : 1=100.0%, 2=0.0%, 4=0.0%, 8=0.0%, 16=0.0%, 32=0.0%, >=64=0.0%
     submit    : 0=0.0%, 4=100.0%, 8=0.0%, 16=0.0%, 32=0.0%, 64=0.0%, >=64=0.0%
     complete  : 0=0.0%, 4=100.0%, 8=0.0%, 16=0.0%, 32=0.0%, 64=0.0%, >=64=0.0%
     issued rwts: total=32343668,0,0,0 short=0,0,0,0 dropped=0,0,0,0
     latency   : target=0, window=0, percentile=100.00%, depth=1

Run status group 0 (all jobs):
   READ: bw=4211MiB/s (4416MB/s), 4211MiB/s-4211MiB/s (4416MB/s-4416MB/s), io=123GiB (132GB), run=30001-30001msec
