read: (g=0): rw=read, bs=(R) 128KiB-128KiB, (W) 128KiB-128KiB, (T) 128KiB-128KiB, ioengine=psync, iodepth=1
...
fio-3.16
Starting 4 processes

read: (groupid=0, jobs=4): err= 0: pid=47616: Thu Oct 30 02:01:06 2025
  read: IOPS=23.6k, BW=2947MiB/s (3090MB/s)(2048MiB/695msec)
    clat (usec): min=9, max=9029, avg=161.98, stdev=212.74
     lat (usec): min=9, max=9029, avg=162.03, stdev=212.73
    clat percentiles (usec):
     |  1.00th=[   12],  5.00th=[   13], 10.00th=[   14], 20.00th=[   19],
     | 30.00th=[   34], 40.00th=[   37], 50.00th=[   98], 60.00th=[  190],
     | 70.00th=[  245], 80.00th=[  293], 90.00th=[  371], 95.00th=[  461],
     | 99.00th=[  685], 99.50th=[  758], 99.90th=[  865], 99.95th=[  898],
     | 99.99th=[ 8979]
   bw (  MiB/s): min= 3031, max= 3031, per=100.00%, avg=3031.50, stdev= 0.00, samples=4
   iops        : min=24254, max=24254, avg=24254.00, stdev= 0.00, samples=4
  lat (usec)   : 10=0.13%, 20=20.65%, 50=27.70%, 100=1.73%, 250=20.88%
  lat (usec)   : 500=24.93%, 750=3.42%, 1000=0.53%
  lat (msec)   : 10=0.02%
  cpu          : usr=0.15%, sys=42.04%, ctx=8654, majf=0, minf=168
  IO depths    : 1=100.0%, 2=0.0%, 4=0.0%, 8=0.0%, 16=0.0%, 32=0.0%, >=64=0.0%
     submit    : 0=0.0%, 4=100.0%, 8=0.0%, 16=0.0%, 32=0.0%, 64=0.0%, >=64=0.0%
     complete  : 0=0.0%, 4=100.0%, 8=0.0%, 16=0.0%, 32=0.0%, 64=0.0%, >=64=0.0%
     issued rwts: total=16384,0,0,0 short=0,0,0,0 dropped=0,0,0,0
     latency   : target=0, window=0, percentile=100.00%, depth=1

Run status group 0 (all jobs):
   READ: bw=2947MiB/s (3090MB/s), 2947MiB/s-2947MiB/s (3090MB/s-3090MB/s), io=2048MiB (2147MB), run=695-695msec
