read: (g=0): rw=read, bs=(R) 128KiB-128KiB, (W) 128KiB-128KiB, (T) 128KiB-128KiB, ioengine=psync, iodepth=1
...
fio-3.16
Starting 32 processes

read: (groupid=0, jobs=32): err= 0: pid=47833: Thu Oct 30 02:01:19 2025
  read: IOPS=24.8k, BW=3106MiB/s (3257MB/s)(16.0GiB/5275msec)
    clat (usec): min=8, max=15953, avg=1277.62, stdev=1839.40
     lat (usec): min=8, max=15953, avg=1277.73, stdev=1839.36
    clat percentiles (usec):
     |  1.00th=[   15],  5.00th=[   23], 10.00th=[   28], 20.00th=[   35],
     | 30.00th=[   44], 40.00th=[   53], 50.00th=[  100], 60.00th=[  273],
     | 70.00th=[ 2245], 80.00th=[ 2900], 90.00th=[ 3884], 95.00th=[ 5211],
     | 99.00th=[ 6980], 99.50th=[ 7570], 99.90th=[ 8717], 99.95th=[ 9372],
     | 99.99th=[12518]
   bw (  MiB/s): min= 2936, max= 3280, per=99.94%, avg=3104.22, stdev= 3.37, samples=320
   iops        : min=23488, max=26244, avg=24833.00, stdev=26.95, samples=320
  lat (usec)   : 10=0.01%, 20=3.99%, 50=33.73%, 100=12.30%, 250=9.63%
  lat (usec)   : 500=2.91%, 750=1.73%, 1000=1.04%
  lat (msec)   : 2=2.90%, 4=22.35%, 10=9.38%, 20=0.04%
  cpu          : usr=0.25%, sys=6.37%, ctx=75158, majf=0, minf=1350
  IO depths    : 1=100.0%, 2=0.0%, 4=0.0%, 8=0.0%, 16=0.0%, 32=0.0%, >=64=0.0%
     submit    : 0=0.0%, 4=100.0%, 8=0.0%, 16=0.0%, 32=0.0%, 64=0.0%, >=64=0.0%
     complete  : 0=0.0%, 4=100.0%, 8=0.0%, 16=0.0%, 32=0.0%, 64=0.0%, >=64=0.0%
     issued rwts: total=131072,0,0,0 short=0,0,0,0 dropped=0,0,0,0
     latency   : target=0, window=0, percentile=100.00%, depth=1

Run status group 0 (all jobs):
   READ: bw=3106MiB/s (3257MB/s), 3106MiB/s-3106MiB/s (3257MB/s-3257MB/s), io=16.0GiB (17.2GB), run=5275-5275msec
