read: (g=0): rw=read, bs=(R) 4096B-4096B, (W) 4096B-4096B, (T) 4096B-4096B, ioengine=psync, iodepth=1
...
fio-3.16
Starting 4 processes

read: (groupid=0, jobs=4): err= 0: pid=193208: Thu Oct 30 14:48:09 2025
  read: IOPS=3997k, BW=15.2GiB/s (16.4GB/s)(457GiB/30001msec)
    clat (nsec): min=408, max=8197.9k, avg=784.33, stdev=3694.17
     lat (nsec): min=435, max=8197.0k, avg=811.63, stdev=3694.57
    clat percentiles (nsec):
     |  1.00th=[   604],  5.00th=[   620], 10.00th=[   636], 20.00th=[   652],
     | 30.00th=[   676], 40.00th=[   692], 50.00th=[   716], 60.00th=[   740],
     | 70.00th=[   772], 80.00th=[   812], 90.00th=[   892], 95.00th=[   980],
     | 99.00th=[  1192], 99.50th=[  1304], 99.90th=[  2224], 99.95th=[  3632],
     | 99.99th=[183296]
   bw (  MiB/s): min= 2873, max=16668, per=99.94%, avg=15605.22, stdev=718.77, samples=236
   iops        : min=735674, max=4267016, avg=3994936.83, stdev=184006.07, samples=236
  lat (nsec)   : 500=0.02%, 750=62.63%, 1000=32.93%
  lat (usec)   : 2=4.32%, 4=0.07%, 10=0.02%, 20=0.01%, 50=0.01%
  lat (usec)   : 100=0.01%, 250=0.01%, 500=0.01%, 750=0.01%, 1000=0.01%
  lat (msec)   : 2=0.01%, 4=0.01%, 10=0.01%
  cpu          : usr=30.52%, sys=67.02%, ctx=17860, majf=0, minf=40
  IO depths    : 1=100.0%, 2=0.0%, 4=0.0%, 8=0.0%, 16=0.0%, 32=0.0%, >=64=0.0%
     submit    : 0=0.0%, 4=100.0%, 8=0.0%, 16=0.0%, 32=0.0%, 64=0.0%, >=64=0.0%
     complete  : 0=0.0%, 4=100.0%, 8=0.0%, 16=0.0%, 32=0.0%, 64=0.0%, >=64=0.0%
     issued rwts: total=119923585,0,0,0 short=0,0,0,0 dropped=0,0,0,0
     latency   : target=0, window=0, percentile=100.00%, depth=1

Run status group 0 (all jobs):
   READ: bw=15.2GiB/s (16.4GB/s), 15.2GiB/s-15.2GiB/s (16.4GB/s-16.4GB/s), io=457GiB (491GB), run=30001-30001msec
