write: (g=0): rw=write, bs=(R) 4096B-4096B, (W) 4096B-4096B, (T) 4096B-4096B, ioengine=psync, iodepth=1
...
fio-3.16
Starting 16 processes

write: (groupid=0, jobs=16): err= 0: pid=199499: Thu Oct 30 14:55:53 2025
  write: IOPS=380k, BW=1486MiB/s (1558MB/s)(46.4GiB/31982msec); 0 zone resets
    clat (usec): min=8, max=35690, avg=37.68, stdev=72.21
     lat (usec): min=8, max=35690, avg=37.74, stdev=72.21
    clat percentiles (usec):
     |  1.00th=[   11],  5.00th=[   19], 10.00th=[   23], 20.00th=[   27],
     | 30.00th=[   32], 40.00th=[   35], 50.00th=[   37], 60.00th=[   39],
     | 70.00th=[   42], 80.00th=[   46], 90.00th=[   53], 95.00th=[   60],
     | 99.00th=[   73], 99.50th=[   78], 99.90th=[   96], 99.95th=[  112],
     | 99.99th=[  437]
   bw (  MiB/s): min=  285, max= 2496, per=100.00%, avg=1583.16, stdev=20.94, samples=954
   iops        : min=72962, max=639072, avg=405289.46, stdev=5359.44, samples=954
  lat (usec)   : 10=0.14%, 20=5.53%, 50=80.27%, 100=13.98%, 250=0.06%
  lat (usec)   : 500=0.01%, 750=0.01%, 1000=0.01%
  lat (msec)   : 2=0.01%, 4=0.01%, 10=0.01%, 20=0.01%, 50=0.01%
  cpu          : usr=2.03%, sys=16.51%, ctx=16998448, majf=0, minf=172
  IO depths    : 1=100.0%, 2=0.0%, 4=0.0%, 8=0.0%, 16=0.0%, 32=0.0%, >=64=0.0%
     submit    : 0=0.0%, 4=100.0%, 8=0.0%, 16=0.0%, 32=0.0%, 64=0.0%, >=64=0.0%
     complete  : 0=0.0%, 4=100.0%, 8=0.0%, 16=0.0%, 32=0.0%, 64=0.0%, >=64=0.0%
     issued rwts: total=0,12163938,0,16 short=0,0,0,0 dropped=0,0,0,0
     latency   : target=0, window=0, percentile=100.00%, depth=1

Run status group 0 (all jobs):
  WRITE: bw=1486MiB/s (1558MB/s), 1486MiB/s-1486MiB/s (1558MB/s-1558MB/s), io=46.4GiB (49.8GB), run=31982-31982msec
