write: (g=0): rw=write, bs=(R) 4096B-4096B, (W) 4096B-4096B, (T) 4096B-4096B, ioengine=psync, iodepth=1
...
fio-3.16
Starting 8 processes

write: (groupid=0, jobs=8): err= 0: pid=198511: Thu Oct 30 14:55:18 2025
  write: IOPS=358k, BW=1399MiB/s (1467MB/s)(42.9GiB/31424msec); 0 zone resets
    clat (usec): min=8, max=29168, avg=20.27, stdev=53.32
     lat (usec): min=8, max=29169, avg=20.35, stdev=53.32
    clat percentiles (usec):
     |  1.00th=[   11],  5.00th=[   11], 10.00th=[   11], 20.00th=[   12],
     | 30.00th=[   13], 40.00th=[   14], 50.00th=[   18], 60.00th=[   24],
     | 70.00th=[   25], 80.00th=[   27], 90.00th=[   32], 95.00th=[   39],
     | 99.00th=[   51], 99.50th=[   57], 99.90th=[   72], 99.95th=[   82],
     | 99.99th=[  172]
   bw (  MiB/s): min=  704, max= 2377, per=100.00%, avg=1464.37, stdev=42.89, samples=475
   iops        : min=180232, max=608584, avg=374878.78, stdev=10980.24, samples=475
  lat (usec)   : 10=0.84%, 20=50.32%, 50=47.77%, 100=1.05%, 250=0.02%
  lat (usec)   : 500=0.01%, 750=0.01%, 1000=0.01%
  lat (msec)   : 2=0.01%, 4=0.01%, 10=0.01%, 20=0.01%, 50=0.01%
  cpu          : usr=3.12%, sys=30.94%, ctx=11319770, majf=0, minf=76
  IO depths    : 1=100.0%, 2=0.0%, 4=0.0%, 8=0.0%, 16=0.0%, 32=0.0%, >=64=0.0%
     submit    : 0=0.0%, 4=100.0%, 8=0.0%, 16=0.0%, 32=0.0%, 64=0.0%, >=64=0.0%
     complete  : 0=0.0%, 4=100.0%, 8=0.0%, 16=0.0%, 32=0.0%, 64=0.0%, >=64=0.0%
     issued rwts: total=0,11253302,0,8 short=0,0,0,0 dropped=0,0,0,0
     latency   : target=0, window=0, percentile=100.00%, depth=1

Run status group 0 (all jobs):
  WRITE: bw=1399MiB/s (1467MB/s), 1399MiB/s-1399MiB/s (1467MB/s-1467MB/s), io=42.9GiB (46.1GB), run=31424-31424msec
