write: (g=0): rw=write, bs=(R) 4096B-4096B, (W) 4096B-4096B, (T) 4096B-4096B, ioengine=psync, iodepth=1
...
fio-3.16
Starting 32 processes

write: (groupid=0, jobs=32): err= 0: pid=16627: Thu Oct 30 01:17:56 2025
  write: IOPS=278k, BW=1085MiB/s (1137MB/s)(4096MiB/3776msec); 0 zone resets
    clat (usec): min=7, max=308949, avg=86.56, stdev=1089.90
     lat (usec): min=7, max=308949, avg=86.63, stdev=1089.90
    clat percentiles (usec):
     |  1.00th=[   10],  5.00th=[   14], 10.00th=[   20], 20.00th=[   30],
     | 30.00th=[   40], 40.00th=[   48], 50.00th=[   59], 60.00th=[   71],
     | 70.00th=[   92], 80.00th=[  126], 90.00th=[  172], 95.00th=[  204],
     | 99.00th=[  289], 99.50th=[  441], 99.90th=[  519], 99.95th=[  553],
     | 99.99th=[17957]
   bw (  MiB/s): min= 1052, max= 1815, per=100.00%, avg=1343.92, stdev=11.46, samples=160
   iops        : min=269311, max=464683, avg=344037.72, stdev=2933.14, samples=160
  lat (usec)   : 10=2.89%, 20=7.70%, 50=31.50%, 100=30.46%, 250=25.65%
  lat (usec)   : 500=1.64%, 750=0.13%, 1000=0.01%
  lat (msec)   : 2=0.01%, 4=0.01%, 10=0.01%, 20=0.01%, 50=0.01%
  lat (msec)   : 100=0.01%, 250=0.01%, 500=0.01%
  cpu          : usr=1.03%, sys=10.74%, ctx=13675209, majf=0, minf=336
  IO depths    : 1=100.0%, 2=0.0%, 4=0.0%, 8=0.0%, 16=0.0%, 32=0.0%, >=64=0.0%
     submit    : 0=0.0%, 4=100.0%, 8=0.0%, 16=0.0%, 32=0.0%, 64=0.0%, >=64=0.0%
     complete  : 0=0.0%, 4=100.0%, 8=0.0%, 16=0.0%, 32=0.0%, 64=0.0%, >=64=0.0%
     issued rwts: total=0,1048576,0,32 short=0,0,0,0 dropped=0,0,0,0
     latency   : target=0, window=0, percentile=100.00%, depth=1

Run status group 0 (all jobs):
  WRITE: bw=1085MiB/s (1137MB/s), 1085MiB/s-1085MiB/s (1137MB/s-1137MB/s), io=4096MiB (4295MB), run=3776-3776msec
