write: (g=0): rw=write, bs=(R) 128KiB-128KiB, (W) 128KiB-128KiB, (T) 128KiB-128KiB, ioengine=psync, iodepth=1
...
fio-3.16
Starting 4 processes

write: (groupid=0, jobs=4): err= 0: pid=48463: Thu Oct 30 02:01:42 2025
  write: IOPS=13.9k, BW=1741MiB/s (1826MB/s)(2048MiB/1176msec); 0 zone resets
    clat (usec): min=107, max=377, avg=119.83, stdev=17.70
     lat (usec): min=107, max=378, avg=120.71, stdev=17.78
    clat percentiles (usec):
     |  1.00th=[  111],  5.00th=[  113], 10.00th=[  113], 20.00th=[  115],
     | 30.00th=[  115], 40.00th=[  116], 50.00th=[  117], 60.00th=[  118],
     | 70.00th=[  120], 80.00th=[  123], 90.00th=[  125], 95.00th=[  128],
     | 99.00th=[  243], 99.50th=[  247], 99.90th=[  253], 99.95th=[  260],
     | 99.99th=[  375]
   bw (  KiB/s): min=987647, max=987648, per=55.38%, avg=987648.00, stdev= 0.00, samples=1
   iops        : min= 7715, max= 7716, avg=7716.00, stdev= 0.00, samples=1
  lat (usec)   : 250=99.82%, 500=0.18%
  cpu          : usr=0.68%, sys=15.71%, ctx=16403, majf=0, minf=44
  IO depths    : 1=100.0%, 2=0.0%, 4=0.0%, 8=0.0%, 16=0.0%, 32=0.0%, >=64=0.0%
     submit    : 0=0.0%, 4=100.0%, 8=0.0%, 16=0.0%, 32=0.0%, 64=0.0%, >=64=0.0%
     complete  : 0=0.0%, 4=100.0%, 8=0.0%, 16=0.0%, 32=0.0%, 64=0.0%, >=64=0.0%
     issued rwts: total=0,16384,0,4 short=0,0,0,0 dropped=0,0,0,0
     latency   : target=0, window=0, percentile=100.00%, depth=1

Run status group 0 (all jobs):
  WRITE: bw=1741MiB/s (1826MB/s), 1741MiB/s-1741MiB/s (1826MB/s-1826MB/s), io=2048MiB (2147MB), run=1176-1176msec
