#           time             counts unit events
     1.000421057            123,274      context-switches                                            
     1.000421057              9,560      cpu-migrations                                              
     1.000421057            105,936      minor-faults                                                
     1.000421057                429      major-faults                                                
     1.000421057      6,311,423,474      L1-dcache-loads                                               (36.12%)
     1.000421057        349,719,672      L1-dcache-load-misses     #    5.54% of all L1-dcache accesses  (36.12%)
     1.000421057      2,520,168,904      L1-dcache-stores                                              (36.12%)
     1.000421057    <not supported>      L1-dcache-store-misses                                      
     1.000421057         56,401,790      LLC-loads                                                     (36.32%)
     1.000421057         23,805,364      LLC-load-misses           #   42.21% of all LL-cache accesses  (36.51%)
     1.000421057         26,920,297      LLC-stores                                                    (18.25%)
     1.000421057         10,798,701      LLC-store-misses                                              (18.25%)
     1.000421057      6,701,231,223      dTLB-loads                                                    (27.38%)
     1.000421057         10,611,010      dTLB-load-misses          #    0.16% of all dTLB cache accesses  (36.50%)
     1.000421057      3,076,613,278      dTLB-stores                                                   (36.50%)
     1.000421057          1,822,735      dTLB-store-misses                                             (36.30%)
     2.014531650            184,734      context-switches                                            
     2.014531650             20,033      cpu-migrations                                              
     2.014531650            212,869      minor-faults                                                
     2.014531650                  1      major-faults                                                
     2.014531650     15,898,233,930      L1-dcache-loads                                               (36.31%)
     2.014531650        970,458,469      L1-dcache-load-misses     #    6.10% of all L1-dcache accesses  (36.32%)
     2.014531650      7,428,141,339      L1-dcache-stores                                              (36.35%)
     2.014531650    <not supported>      L1-dcache-store-misses                                      
     2.014531650        139,022,266      LLC-loads                                                     (36.39%)
     2.014531650         43,360,508      LLC-load-misses           #   31.19% of all LL-cache accesses  (36.40%)
     2.014531650         72,808,035      LLC-stores                                                    (18.20%)
     2.014531650         33,766,451      LLC-store-misses                                              (18.20%)
     2.014531650     15,445,668,884      dTLB-loads                                                    (27.29%)
     2.014531650         27,981,509      dTLB-load-misses          #    0.18% of all dTLB cache accesses  (36.39%)
     2.014531650      7,388,581,781      dTLB-stores                                                   (36.36%)
     2.014531650          2,560,786      dTLB-store-misses                                             (36.31%)
     3.017544547            178,174      context-switches                                            
     3.017544547             10,958      cpu-migrations                                              
     3.017544547            127,452      minor-faults                                                
     3.017544547                  0      major-faults                                                
     3.017544547     12,460,304,844      L1-dcache-loads                                               (35.89%)
     3.017544547        621,449,453      L1-dcache-load-misses     #    4.99% of all L1-dcache accesses  (36.15%)
     3.017544547      6,455,630,812      L1-dcache-stores                                              (36.48%)
     3.017544547    <not supported>      L1-dcache-store-misses                                      
     3.017544547         97,526,037      LLC-loads                                                     (36.62%)
     3.017544547         26,071,330      LLC-load-misses           #   26.73% of all LL-cache accesses  (36.67%)
     3.017544547         53,775,796      LLC-stores                                                    (18.35%)
     3.017544547         31,330,027      LLC-store-misses                                              (18.35%)
     3.017544547     12,973,584,546      dTLB-loads                                                    (27.43%)
     3.017544547         28,860,469      dTLB-load-misses          #    0.22% of all dTLB cache accesses  (36.33%)
     3.017544547      6,477,366,649      dTLB-stores                                                   (36.00%)
     3.017544547          1,435,669      dTLB-store-misses                                             (35.86%)
     4.020412399            181,597      context-switches                                            
     4.020412399              9,031      cpu-migrations                                              
     4.020412399            173,454      minor-faults                                                
     4.020412399                  0      major-faults                                                
     4.020412399     11,298,340,662      L1-dcache-loads                                               (36.52%)
     4.020412399        627,219,365      L1-dcache-load-misses     #    5.55% of all L1-dcache accesses  (36.64%)
     4.020412399      5,882,531,519      L1-dcache-stores                                              (36.68%)
     4.020412399    <not supported>      L1-dcache-store-misses                                      
     4.020412399        103,086,689      LLC-loads                                                     (36.69%)
     4.020412399         26,529,396      LLC-load-misses           #   25.74% of all LL-cache accesses  (36.69%)
     4.020412399         56,723,864      LLC-stores                                                    (18.21%)
     4.020412399         31,710,868      LLC-store-misses                                              (17.89%)
     4.020412399     11,493,869,152      dTLB-loads                                                    (26.79%)
     4.020412399         29,388,609      dTLB-load-misses          #    0.26% of all dTLB cache accesses  (35.84%)
     4.020412399      5,768,896,831      dTLB-stores                                                   (35.94%)
     4.020412399          1,590,615      dTLB-store-misses                                             (36.24%)
     5.023471850            184,201      context-switches                                            
     5.023471850              6,281      cpu-migrations                                              
     5.023471850            199,971      minor-faults                                                
     5.023471850                  0      major-faults                                                
     5.023471850     10,912,977,670      L1-dcache-loads                                               (36.68%)
     5.023471850        597,191,305      L1-dcache-load-misses     #    5.47% of all L1-dcache accesses  (36.68%)
     5.023471850      5,664,547,396      L1-dcache-stores                                              (36.68%)
     5.023471850    <not supported>      L1-dcache-store-misses                                      
     5.023471850         88,659,869      LLC-loads                                                     (36.50%)
     5.023471850         21,306,389      LLC-load-misses           #   24.03% of all LL-cache accesses  (36.16%)
     5.023471850         50,112,115      LLC-stores                                                    (17.77%)
     5.023471850         30,546,116      LLC-store-misses                                              (18.02%)
     5.023471850     10,888,606,985      dTLB-loads                                                    (27.16%)
     5.023471850         30,626,849      dTLB-load-misses          #    0.28% of all dTLB cache accesses  (36.33%)
     5.023471850      5,513,181,940      dTLB-stores                                                   (36.56%)
     5.023471850          2,046,435      dTLB-store-misses                                             (36.65%)
     6.026943286              4,088      context-switches                                            
     6.026943286                203      cpu-migrations                                              
     6.026943286              4,382      minor-faults                                                
     6.026943286                  0      major-faults                                                
     6.026943286        546,855,240      L1-dcache-loads                                               (36.67%)
     6.026943286         17,606,553      L1-dcache-load-misses     #    3.22% of all L1-dcache accesses  (36.45%)
     6.026943286        285,603,841      L1-dcache-stores                                              (36.11%)
     6.026943286    <not supported>      L1-dcache-store-misses                                      
     6.026943286          2,547,439      LLC-loads                                                     (35.92%)
     6.026943286          1,439,186      LLC-load-misses           #   56.50% of all LL-cache accesses  (35.85%)
     6.026943286            596,725      LLC-stores                                                    (18.25%)
     6.026943286            254,332      LLC-store-misses                                              (18.31%)
     6.026943286        505,064,904      dTLB-loads                                                    (27.48%)
     6.026943286            148,302      dTLB-load-misses          #    0.03% of all dTLB cache accesses  (36.65%)
     6.026943286        297,020,049      dTLB-stores                                                   (36.67%)
     6.026943286             24,744      dTLB-store-misses                                             (36.67%)
