nr_free_pages 12808054
nr_zone_inactive_anon 75933
nr_zone_active_anon 20624
nr_zone_inactive_file 3085754
nr_zone_active_file 42721
nr_zone_unevictable 4632
nr_zone_write_pending 9252
nr_mlock 4632
nr_bounce 0
nr_zspages 0
nr_free_cma 0
numa_hit 2369686659
numa_miss 0
numa_foreign 0
numa_interleave 4370
numa_local 1310989366
numa_other 1058688492
nr_inactive_anon 75933
nr_active_anon 20624
nr_inactive_file 3085754
nr_active_file 42721
nr_unevictable 4632
nr_slab_reclaimable 99572
nr_slab_unreclaimable 104990
nr_isolated_anon 0
nr_isolated_file 0
workingset_nodes 0
workingset_refault_anon 0
workingset_refault_file 0
workingset_activate_anon 0
workingset_activate_file 0
workingset_restore_anon 0
workingset_restore_file 0
workingset_nodereclaim 0
nr_anon_pages 98547
nr_mapped 51169
nr_file_pages 3131146
nr_dirty 9252
nr_writeback 0
nr_writeback_temp 0
nr_shmem 598
nr_shmem_hugepages 0
nr_shmem_pmdmapped 0
nr_file_hugepages 0
nr_file_pmdmapped 0
nr_anon_transparent_hugepages 0
nr_vmscan_write 0
nr_vmscan_immediate_reclaim 0
nr_dirtied 747731411
nr_written 741172391
nr_kernel_misc_reclaimable 0
nr_foll_pin_acquired 0
nr_foll_pin_released 0
nr_kernel_stack 15040
nr_page_table_pages 2024
nr_swapcached 0
nr_dirty_threshold 3163558
nr_dirty_background_threshold 1579847
pgpgin 490188773
pgpgout 3162437021
pswpin 0
pswpout 0
pgalloc_dma 1024
pgalloc_dma32 50929
pgalloc_normal 2369663142
pgalloc_movable 0
allocstall_dma 0
allocstall_dma32 0
allocstall_normal 0
allocstall_movable 0
pgskip_dma 0
pgskip_dma32 0
pgskip_normal 0
pgskip_movable 0
pgfree 2384216212
pgactivate 109634501
pgdeactivate 24162
pglazyfree 0
pgfault 255785042
pgmajfault 71601
pglazyfreed 0
pgrefill 0
pgreuse 7995677
pgsteal_kswapd 0
pgsteal_direct 0
pgdemote_kswapd 0
pgdemote_direct 0
pgscan_kswapd 0
pgscan_direct 0
pgscan_direct_throttle 0
pgscan_anon 0
pgscan_file 0
pgsteal_anon 0
pgsteal_file 0
zone_reclaim_failed 0
pginodesteal 22155
slabs_scanned 6754039
kswapd_inodesteal 0
kswapd_low_wmark_hit_quickly 0
kswapd_high_wmark_hit_quickly 0
pageoutrun 0
pgrotated 79818
drop_pagecache 118
drop_slab 118
oom_kill 0
numa_pte_updates 163167767
numa_huge_pte_updates 0
numa_hint_faults 141170113
numa_hint_faults_local 73576648
numa_pages_migrated 0
pgmigrate_success 1575571
pgmigrate_fail 419
thp_migration_success 0
thp_migration_fail 0
thp_migration_split 0
compact_migrate_scanned 2804801
compact_free_scanned 2203113
compact_isolated 3151532
compact_stall 0
compact_fail 0
compact_success 0
compact_daemon_wake 0
compact_daemon_migrate_scanned 0
compact_daemon_free_scanned 0
htlb_buddy_alloc_success 0
htlb_buddy_alloc_fail 0
cma_alloc_success 0
cma_alloc_fail 0
unevictable_pgs_culled 361837
unevictable_pgs_scanned 0
unevictable_pgs_rescued 28
unevictable_pgs_mlocked 4717
unevictable_pgs_munlocked 28
unevictable_pgs_cleared 57
unevictable_pgs_stranded 57
thp_fault_alloc 0
thp_fault_fallback 0
thp_fault_fallback_charge 0
thp_collapse_alloc 0
thp_collapse_alloc_failed 0
thp_file_alloc 0
thp_file_fallback 0
thp_file_fallback_charge 0
thp_file_mapped 0
thp_split_page 0
thp_split_page_failed 0
thp_deferred_split_page 0
thp_split_pmd 0
thp_split_pud 0
thp_zero_page_alloc 0
thp_zero_page_alloc_failed 0
thp_swpout 0
thp_swpout_fallback 0
balloon_inflate 0
balloon_deflate 0
balloon_migrate 0
swap_ra 0
swap_ra_hit 0
direct_map_level2_splits 328
direct_map_level3_splits 0
nr_unstable 0
