Script started on 2025-11-17 02:50:38+00:00 [<not executed on terminal>]
    HITS   MISSES  DIRTIES HITRATIO   BUFFERS_MB  CACHED_MB
 1191241   220689    51366   84.37%           21       9863
 2971659   109259    51431   96.45%           21      10360
 3155758   112611    49240   96.55%           21      10733
 3215623   123808    54525   96.29%           21      11300
 3232378   105169    52240   96.85%           21      11533
 3594812    55831    29029   98.47%           21      11774
 3657511    51410    26607   98.61%           21      11949
 3590749    54771    24872   98.50%           21      12195
 3590472    51311    26101   98.59%           21      12367
 3615638    52943    27086   98.56%           22      12578
 3635420    52472    26866   98.58%           22      12758
 3585920    55240    27953   98.48%           22      13018
 3641309    51766    26348   98.60%           22      13193
 3572026    51485    26352   98.58%           22      13367
 3581117    54498    28204   98.50%           22      13625
 3580681    52854    26864   98.55%           22      13807
 3629634    53549    27619   98.55%           22      14058
 3636681    49164    25280   98.67%           22      14190
 3643081    54749    28207   98.52%           22      14449
 3654541    59435    30447   98.40%           22      14671
 3675832    58857    30190   98.42%           22      14888
 1734068    51215    26353   97.13%           22      12964
   10666        1      122   99.99%           22      11477

Script done on 2025-11-17 02:51:03+00:00 [COMMAND_EXIT_CODE="143"]
