nr_free_pages 12041229
nr_zone_inactive_anon 77181
nr_zone_active_anon 20592
nr_zone_inactive_file 3767244
nr_zone_active_file 95659
nr_zone_unevictable 4632
nr_zone_write_pending 22334
nr_mlock 4632
nr_bounce 0
nr_zspages 0
nr_free_cma 0
numa_hit 2136807664
numa_miss 0
numa_foreign 0
numa_interleave 4370
numa_local 1182125321
numa_other 954673542
nr_inactive_anon 77181
nr_active_anon 20592
nr_inactive_file 3767244
nr_active_file 95659
nr_unevictable 4632
nr_slab_reclaimable 123894
nr_slab_unreclaimable 103504
nr_isolated_anon 0
nr_isolated_file 0
workingset_nodes 0
workingset_refault_anon 0
workingset_refault_file 0
workingset_activate_anon 0
workingset_activate_file 0
workingset_restore_anon 0
workingset_restore_file 0
workingset_nodereclaim 0
nr_anon_pages 99768
nr_mapped 80718
nr_file_pages 3865558
nr_dirty 22334
nr_writeback 0
nr_writeback_temp 0
nr_shmem 598
nr_shmem_hugepages 0
nr_shmem_pmdmapped 0
nr_file_hugepages 0
nr_file_pmdmapped 0
nr_anon_transparent_hugepages 0
nr_vmscan_write 0
nr_vmscan_immediate_reclaim 0
nr_dirtied 676214569
nr_written 670377922
nr_kernel_misc_reclaimable 0
nr_foll_pin_acquired 0
nr_foll_pin_released 0
nr_kernel_stack 15024
nr_page_table_pages 2146
nr_swapcached 0
nr_dirty_threshold 3157080
nr_dirty_background_threshold 1576612
pgpgin 428352168
pgpgout 2862713405
pswpin 0
pswpout 0
pgalloc_dma 1024
pgalloc_dma32 50929
pgalloc_normal 2136782886
pgalloc_movable 0
allocstall_dma 0
allocstall_dma32 0
allocstall_normal 0
allocstall_movable 0
pgskip_dma 0
pgskip_dma32 0
pgskip_normal 0
pgskip_movable 0
pgfree 2150579593
pgactivate 95249292
pgdeactivate 21066
pglazyfree 0
pgfault 224131402
pgmajfault 63011
pglazyfreed 0
pgrefill 0
pgreuse 7347956
pgsteal_kswapd 0
pgsteal_direct 0
pgdemote_kswapd 0
pgdemote_direct 0
pgscan_kswapd 0
pgscan_direct 0
pgscan_direct_throttle 0
pgscan_anon 0
pgscan_file 0
pgsteal_anon 0
pgsteal_file 0
zone_reclaim_failed 0
pginodesteal 20848
slabs_scanned 6442320
kswapd_inodesteal 0
kswapd_low_wmark_hit_quickly 0
kswapd_high_wmark_hit_quickly 0
pageoutrun 0
pgrotated 73234
drop_pagecache 104
drop_slab 104
oom_kill 0
numa_pte_updates 140602056
numa_huge_pte_updates 0
numa_hint_faults 122828288
numa_hint_faults_local 64274767
numa_pages_migrated 0
pgmigrate_success 1575571
pgmigrate_fail 419
thp_migration_success 0
thp_migration_fail 0
thp_migration_split 0
compact_migrate_scanned 2804801
compact_free_scanned 2203113
compact_isolated 3151532
compact_stall 0
compact_fail 0
compact_success 0
compact_daemon_wake 0
compact_daemon_migrate_scanned 0
compact_daemon_free_scanned 0
htlb_buddy_alloc_success 0
htlb_buddy_alloc_fail 0
cma_alloc_success 0
cma_alloc_fail 0
unevictable_pgs_culled 361837
unevictable_pgs_scanned 0
unevictable_pgs_rescued 28
unevictable_pgs_mlocked 4717
unevictable_pgs_munlocked 28
unevictable_pgs_cleared 57
unevictable_pgs_stranded 57
thp_fault_alloc 0
thp_fault_fallback 0
thp_fault_fallback_charge 0
thp_collapse_alloc 0
thp_collapse_alloc_failed 0
thp_file_alloc 0
thp_file_fallback 0
thp_file_fallback_charge 0
thp_file_mapped 0
thp_split_page 0
thp_split_page_failed 0
thp_deferred_split_page 0
thp_split_pmd 0
thp_split_pud 0
thp_zero_page_alloc 0
thp_zero_page_alloc_failed 0
thp_swpout 0
thp_swpout_fallback 0
balloon_inflate 0
balloon_deflate 0
balloon_migrate 0
swap_ra 0
swap_ra_hit 0
direct_map_level2_splits 319
direct_map_level3_splits 0
nr_unstable 0
