#           time             counts unit events
     1.001091345             17,331      context-switches                                            
     1.001091345                206      cpu-migrations                                              
     1.001091345             65,150      minor-faults                                                
     1.001091345                423      major-faults                                                
     1.001091345      3,819,841,405      L1-dcache-loads                                               (35.95%)
     1.001091345        130,449,500      L1-dcache-load-misses     #    3.42% of all L1-dcache accesses  (35.96%)
     1.001091345      1,614,395,687      L1-dcache-stores                                              (36.05%)
     1.001091345    <not supported>      L1-dcache-store-misses                                      
     1.001091345         12,604,531      LLC-loads                                                     (36.39%)
     1.001091345          4,706,821      LLC-load-misses           #   37.34% of all LL-cache accesses  (36.60%)
     1.001091345          3,659,219      LLC-stores                                                    (18.30%)
     1.001091345          1,756,998      LLC-store-misses                                              (18.30%)
     1.001091345      3,158,641,091      dTLB-loads                                                    (27.45%)
     1.001091345          3,072,911      dTLB-load-misses          #    0.10% of all dTLB cache accesses  (36.60%)
     1.001091345      1,642,916,733      dTLB-stores                                                   (36.50%)
     1.001091345            746,436      dTLB-store-misses                                             (36.17%)
     2.011891086              5,979      context-switches                                            
     2.011891086                 45      cpu-migrations                                              
     2.011891086             24,693      minor-faults                                                
     2.011891086                  1      major-faults                                                
     2.011891086      2,135,219,718      L1-dcache-loads                                               (36.28%)
     2.011891086         69,292,769      L1-dcache-load-misses     #    3.25% of all L1-dcache accesses  (36.28%)
     2.011891086      1,054,565,369      L1-dcache-stores                                              (36.37%)
     2.011891086    <not supported>      L1-dcache-store-misses                                      
     2.011891086          9,066,608      LLC-loads                                                     (36.41%)
     2.011891086          4,630,423      LLC-load-misses           #   51.07% of all LL-cache accesses  (36.41%)
     2.011891086          2,213,143      LLC-stores                                                    (18.21%)
     2.011891086            853,048      LLC-store-misses                                              (18.21%)
     2.011891086      2,078,236,504      dTLB-loads                                                    (27.31%)
     2.011891086          1,670,777      dTLB-load-misses          #    0.08% of all dTLB cache accesses  (36.41%)
     2.011891086      1,012,684,575      dTLB-stores                                                   (36.32%)
     2.011891086            290,781      dTLB-store-misses                                             (36.28%)
     3.014880565            206,144      context-switches                                            
     3.014880565             20,509      cpu-migrations                                              
     3.014880565            187,901      minor-faults                                                
     3.014880565                  7      major-faults                                                
     3.014880565     12,102,297,406      L1-dcache-loads                                               (36.02%)
     3.014880565        827,088,459      L1-dcache-load-misses     #    6.83% of all L1-dcache accesses  (36.39%)
     3.014880565      5,217,566,213      L1-dcache-stores                                              (36.60%)
     3.014880565    <not supported>      L1-dcache-store-misses                                      
     3.014880565        135,113,594      LLC-loads                                                     (36.62%)
     3.014880565         46,513,650      LLC-load-misses           #   34.43% of all LL-cache accesses  (36.63%)
     3.014880565         69,919,993      LLC-stores                                                    (18.32%)
     3.014880565         30,188,142      LLC-store-misses                                              (18.31%)
     3.014880565     12,758,339,316      dTLB-loads                                                    (27.35%)
     3.014880565         25,397,185      dTLB-load-misses          #    0.20% of all dTLB cache accesses  (36.14%)
     3.014880565      5,634,768,441      dTLB-stores                                                   (35.93%)
     3.014880565          3,064,017      dTLB-store-misses                                             (35.91%)
     4.021807537            176,040      context-switches                                            
     4.021807537             11,451      cpu-migrations                                              
     4.021807537             37,757      minor-faults                                                
     4.021807537                  3      major-faults                                                
     4.021807537     12,836,544,939      L1-dcache-loads                                               (36.58%)
     4.021807537        639,711,688      L1-dcache-load-misses     #    4.98% of all L1-dcache accesses  (36.60%)
     4.021807537      6,434,006,800      L1-dcache-stores                                              (36.61%)
     4.021807537    <not supported>      L1-dcache-store-misses                                      
     4.021807537        112,854,938      LLC-loads                                                     (36.61%)
     4.021807537         30,545,246      LLC-load-misses           #   27.07% of all LL-cache accesses  (36.61%)
     4.021807537         61,069,057      LLC-stores                                                    (18.23%)
     4.021807537         35,250,306      LLC-store-misses                                              (17.92%)
     4.021807537     12,891,333,371      dTLB-loads                                                    (26.80%)
     4.021807537         31,917,919      dTLB-load-misses          #    0.25% of all dTLB cache accesses  (35.94%)
     4.021807537      6,576,407,381      dTLB-stores                                                   (36.00%)
     4.021807537          1,140,072      dTLB-store-misses                                             (36.32%)
     5.023881282            178,374      context-switches                                            
     5.023881282              9,826      cpu-migrations                                              
     5.023881282             80,007      minor-faults                                                
     5.023881282                  0      major-faults                                                
     5.023881282     12,627,934,053      L1-dcache-loads                                               (36.72%)
     5.023881282        636,402,029      L1-dcache-load-misses     #    5.04% of all L1-dcache accesses  (36.72%)
     5.023881282      6,678,620,331      L1-dcache-stores                                              (36.72%)
     5.023881282    <not supported>      L1-dcache-store-misses                                      
     5.023881282         99,048,112      LLC-loads                                                     (36.52%)
     5.023881282         24,148,949      LLC-load-misses           #   24.38% of all LL-cache accesses  (36.15%)
     5.023881282         53,392,904      LLC-stores                                                    (17.67%)
     5.023881282         30,980,444      LLC-store-misses                                              (17.96%)
     5.023881282     12,445,566,307      dTLB-loads                                                    (27.14%)
     5.023881282         29,840,243      dTLB-load-misses          #    0.24% of all dTLB cache accesses  (36.31%)
     5.023881282      6,397,751,221      dTLB-stores                                                   (36.63%)
     5.023881282          1,342,959      dTLB-store-misses                                             (36.71%)
     6.026877703            179,057      context-switches                                            
     6.026877703              9,355      cpu-migrations                                              
     6.026877703            296,249      minor-faults                                                
     6.026877703                  0      major-faults                                                
     6.026877703     11,720,918,997      L1-dcache-loads                                               (36.68%)
     6.026877703        644,549,461      L1-dcache-load-misses     #    5.50% of all L1-dcache accesses  (36.40%)
     6.026877703      6,384,427,436      L1-dcache-stores                                              (36.02%)
     6.026877703    <not supported>      L1-dcache-store-misses                                      
     6.026877703         99,903,151      LLC-loads                                                     (35.82%)
     6.026877703         24,493,049      LLC-load-misses           #   24.52% of all LL-cache accesses  (35.81%)
     6.026877703         53,317,985      LLC-stores                                                    (18.32%)
     6.026877703         31,538,895      LLC-store-misses                                              (18.34%)
     6.026877703     11,838,543,603      dTLB-loads                                                    (27.51%)
     6.026877703         31,847,059      dTLB-load-misses          #    0.27% of all dTLB cache accesses  (36.68%)
     6.026877703      6,048,554,042      dTLB-stores                                                   (36.69%)
     6.026877703          2,889,264      dTLB-store-misses                                             (36.69%)
     7.029867821             99,701      context-switches                                            
     7.029867821              3,692      cpu-migrations                                              
     7.029867821             41,339      minor-faults                                                
     7.029867821                  0      major-faults                                                
     7.029867821      6,133,168,393      L1-dcache-loads                                               (35.94%)
     7.029867821        346,785,833      L1-dcache-load-misses     #    5.65% of all L1-dcache accesses  (35.83%)
     7.029867821      3,324,820,822      L1-dcache-stores                                              (35.86%)
     7.029867821    <not supported>      L1-dcache-store-misses                                      
     7.029867821         52,178,431      LLC-loads                                                     (36.17%)
     7.029867821         13,342,984      LLC-load-misses           #   25.57% of all LL-cache accesses  (36.54%)
     7.029867821         26,899,490      LLC-stores                                                    (18.34%)
     7.029867821         15,536,551      LLC-store-misses                                              (18.34%)
     7.029867821      5,771,598,982      dTLB-loads                                                    (27.51%)
     7.029867821         13,402,760      dTLB-load-misses          #    0.23% of all dTLB cache accesses  (36.68%)
     7.029867821      3,112,774,827      dTLB-stores                                                   (36.64%)
     7.029867821            551,100      dTLB-store-misses                                             (36.32%)
