Script started on 2025-11-17 02:25:05+00:00 [<not executed on terminal>]
    HITS   MISSES  DIRTIES HITRATIO   BUFFERS_MB  CACHED_MB
  108304   228964    28094   32.11%           62      12567
  997274   263470    21015   79.10%           62      13610
 1302975   204670    17439   86.42%           62      14408
 1468279   190048    19291   88.54%           62      15154
 1568999   202892    20658   88.55%           62      15958
 1688691   191533    19912   89.81%           62      16713
 1819840   177502    18147   91.11%           62      17406
 1782667   186166    21385   90.54%           62      18082
 1870883   174918    23098   91.45%           62      18785
 1952681   153544    23450   92.71%           62      19406
 1987254   140904    23228   93.38%           62      19976
 2042003   126029    23288   94.19%           62      20424
 2091035   118286    24448   94.65%           62      20910
 2157183    93752    26607   95.83%           62      21309
 2187996    81511    23950   96.41%           62      21586
 2235730    80196    22040   96.54%           62      21913
 2227219    86546    24534   96.26%           62      22276
 2199959    82167    24728   96.40%           62      22557
 2247107    79851    26080   96.57%           62      22901
 2260728    75914    24756   96.75%           62      23158
 2274763    71698    27043   96.94%           62      23473
 2289652    63108    25962   97.32%           62      23703
 2308548    60313    26611   97.45%           62      23971
 2296353    56241    25819   97.61%           62      24156
 2336810    62390    28940   97.40%           62      24442
 2290527    55352    25634   97.64%           62      24622
 2303427    55639    27020   97.64%           62      24873
 2301998    54773    25987   97.68%           62      25051
 2296210    53505    26620   97.72%           62      25294
 2300637    50606    26370   97.85%           62      25458
 2322971    51846    26196   97.82%           62      25692
 2277875    51999    26656   97.77%           62      25927
 2309317    50631    28567   97.85%           62      26100
 2294515    47720    26693   97.96%           62      26255
 2330562    46240    29232   98.05%           62      26477
 2318530    43073    27743   98.18%           62      26619
 2329611    44511    28075   98.13%           62      26829
 2314173    44619    27640   98.11%           63      26975
 2301379    43484    27161   98.15%           63      27152
 2320189    42816    28512   98.19%           63      27343
 2272668    41208    27217   98.22%           63      27492
 2163234    39553    27007   98.20%           63      27616
 2214722    39186    26330   98.26%           63      27799
 2215929    37111    24564   98.35%           63      27968
 2207083    36992    24706   98.35%           63      28072
 2218184    38221    24780   98.31%           63      28248
 2233855    38948    27769   98.29%           63      28370
 2178069    37964    29374   98.29%           63      28563
 2207041    38589    27525   98.28%           63      28684
 2251350    39392    29364   98.28%           63      28881
 2274899    34260    22937   98.52%           63      28967
 2270674    38567    28435   98.33%           63      29157
 2288058    35052    25019   98.49%           63      29320
 2261430    33568    25048   98.54%           63      29413
 2251314    37005    29396   98.38%           63      29599
 2268428    35258    28122   98.47%           63      29710
 2297015    35683    28606   98.47%           63      29830
 2277126    35384    29467   98.47%           63      30013
 2291975    34929    28357   98.50%           63      30122
 2292228    33042    28370   98.58%           63      30271
 2250327    33805    28758   98.52%           63      30399
 2309003    32339    27584   98.62%           63      30496
 1088107   356521    10438   75.32%           63      30157
 1161018   267019    10293   81.30%           63      29394
 1313327   190552     9943   87.33%           63      27988
 1407447   144917     8579   90.66%           63      26291
 1451706   111127     8819   92.89%           63      23856
 1532851    86623    10317   94.65%           63      22682
 1573327    67112    10892   95.91%           64      22908
 1628998    54969    12215   96.74%           64      23160
 1607628    55794    10875   96.65%           64      22969
 1662173    47374    11046   97.23%           64      23188
 1586468    37640    10661   97.68%           64      23299
 1610659    33471    12071   97.96%           64      23474
 1609161    36106    10195   97.81%           64      23195
 1606474    34717    11172   97.88%           64      23366
 1651389    30428    15300   98.19%           71      23448
 1641618    27177    12776   98.37%           71      23595
 1535345    34304    13168   97.81%           73      23314
 1669578    30602    11291   98.20%           73      23467
 1628815    28696    10650   98.27%           73      23512
 1643446    33623    12360   98.00%           73      23396
 1630934    29498    12203   98.22%           73      23356
 1643375    28877    11610   98.27%           73      23506
 1636519    26485    10662   98.41%           73      23578
 1662902    24446    12227   98.55%           73      23712
 1642094    26763    11726   98.40%           73      23403
 1662064    30516    12646   98.20%           73      23563
 1643319    23027    10406   98.62%           73      23621
 1703891    22678    11609   98.69%           73      23745
 1632710    27160    11806   98.36%           73      23439
 1685596    25628    11362   98.50%           73      23574
 1580707    44381    34446   97.27%           73      23808
 1485062    57716    33679   96.26%           73      23653
 1707763    52092    11128   97.04%           73      23528
 1755357    29092    10339   98.37%           73      23343
 1779204    23477    11003   98.70%           73      23469
 1743890    18809    11314   98.93%           73      23514
 1661064    17862    12260   98.94%           73      23622
 1639675    23698    11509   98.58%           74      23297
 1636428    22285    11789   98.66%           74      23423
 1655310    18200    10882   98.91%           74      23463
 1651979    17270    11974   98.97%           74      23568
 1633799    23374    11414   98.59%           74      23244
 1663050    21257    11560   98.74%           74      23363
 1633239    17423    11152   98.94%           74      23401
 1669735    17208    12442   98.98%           74      23507
 1588882    26016    11888   98.39%           74      23197
 1656191    20570    11026   98.77%           74      23247
 1656989    18910    12670   98.87%           74      23361
 1650769    22476    11644   98.66%           74      23161
 1640316    22553    11377   98.64%           74      23284
 1682058    18576    10838   98.91%           74      23326
 1641171    21892    11560   98.68%           74      23096
 1682195    21723    11174   98.73%           74      23216
 1642191    17782    11314   98.93%           74      23256
 1656877    22980    11447   98.63%           74      23056
 1672664    19483    11513   98.85%           74      23167
 1684781    16400    11134   99.04%           74      23201
 1681566    15265    11909   99.10%           74      23298
 1660264    25200    11304   98.50%           74      22983
 1658429    19435    11191   98.84%           74      23093
 1680373    16638    11522   99.02%           74      23129
 1607047    15247    11478   99.06%           75      22904
 1625670    24532    11674   98.51%           75      22907
 1650717    18873    10879   98.87%           75      22949
 1609224    17949    11718   98.90%           75      22706
 1649929    21783    11823   98.70%           75      22828
 1578786    19109    12574   98.80%           75      22878
 1491599    18705    15429   98.76%           75      23003
  782531    20788    14156   97.41%           75      22684
   87830    11603    10489   88.33%           75      22600
   10011        0      113  100.00%           75      22592

Script done on 2025-11-17 02:27:21+00:00 [COMMAND_EXIT_CODE="143"]
