randread: (g=0): rw=randread, bs=(R) 4096B-4096B, (W) 4096B-4096B, (T) 4096B-4096B, ioengine=libaio, iodepth=16
...
fio-3.16
Starting 8 processes

randread: (groupid=0, jobs=8): err= 0: pid=47891: Wed Oct 22 08:34:30 2025
  read: IOPS=160k, BW=624MiB/s (654MB/s)(1024MiB/1642msec)
    slat (nsec): min=755, max=362905, avg=47890.11, stdev=38648.52
    clat (nsec): min=1011, max=2131.2k, avg=733960.47, stdev=265702.27
     lat (usec): min=3, max=2376, avg=781.98, stdev=280.94
    clat percentiles (usec):
     |  1.00th=[  194],  5.00th=[  297], 10.00th=[  375], 20.00th=[  482],
     | 30.00th=[  570], 40.00th=[  652], 50.00th=[  742], 60.00th=[  824],
     | 70.00th=[  906], 80.00th=[  996], 90.00th=[ 1090], 95.00th=[ 1139],
     | 99.00th=[ 1221], 99.50th=[ 1270], 99.90th=[ 1467], 99.95th=[ 1549],
     | 99.99th=[ 1762]
   bw (  KiB/s): min=459312, max=816616, per=96.40%, avg=615637.33, stdev=19134.61, samples=24
   iops        : min=114828, max=204154, avg=153909.33, stdev=4783.65, samples=24
  lat (usec)   : 2=0.01%, 10=0.01%, 20=0.01%, 50=0.01%, 100=0.08%
  lat (usec)   : 250=2.64%, 500=19.49%, 750=29.08%, 1000=29.18%
  lat (msec)   : 2=19.52%, 4=0.01%
  cpu          : usr=2.21%, sys=17.47%, ctx=175181, majf=0, minf=208
  IO depths    : 1=0.1%, 2=0.1%, 4=0.1%, 8=0.1%, 16=100.0%, 32=0.0%, >=64=0.0%
     submit    : 0=0.0%, 4=100.0%, 8=0.0%, 16=0.0%, 32=0.0%, 64=0.0%, >=64=0.0%
     complete  : 0=0.0%, 4=100.0%, 8=0.0%, 16=0.1%, 32=0.0%, 64=0.0%, >=64=0.0%
     issued rwts: total=262144,0,0,0 short=0,0,0,0 dropped=0,0,0,0
     latency   : target=0, window=0, percentile=100.00%, depth=16

Run status group 0 (all jobs):
   READ: bw=624MiB/s (654MB/s), 624MiB/s-624MiB/s (654MB/s-654MB/s), io=1024MiB (1074MB), run=1642-1642msec
