randwrite: (g=0): rw=randwrite, bs=(R) 4096B-4096B, (W) 4096B-4096B, (T) 4096B-4096B, ioengine=libaio, iodepth=16
...
fio-3.16
Starting 4 processes

randwrite: (groupid=0, jobs=4): err= 0: pid=82042: Wed Oct 22 08:36:58 2025
  write: IOPS=137k, BW=533MiB/s (559MB/s)(512MiB/960msec); 0 zone resets
    slat (usec): min=12, max=201, avg=23.29, stdev= 4.15
    clat (nsec): min=1238, max=599057, avg=365393.24, stdev=24931.33
     lat (usec): min=16, max=749, avg=388.85, stdev=26.13
    clat percentiles (usec):
     |  1.00th=[  314],  5.00th=[  330], 10.00th=[  338], 20.00th=[  347],
     | 30.00th=[  355], 40.00th=[  359], 50.00th=[  363], 60.00th=[  371],
     | 70.00th=[  375], 80.00th=[  383], 90.00th=[  396], 95.00th=[  404],
     | 99.00th=[  429], 99.50th=[  457], 99.90th=[  545], 99.95th=[  562],
     | 99.99th=[  578]
   bw (  KiB/s): min=645960, max=645960, per=100.00%, avg=645960.00, stdev= 0.00, samples=4
   iops        : min=161490, max=161490, avg=161490.00, stdev= 0.00, samples=4
  lat (usec)   : 2=0.01%, 20=0.01%, 50=0.01%, 100=0.01%, 250=0.02%
  lat (usec)   : 500=99.65%, 750=0.31%
  cpu          : usr=4.09%, sys=31.67%, ctx=131112, majf=0, minf=47
  IO depths    : 1=0.1%, 2=0.1%, 4=0.1%, 8=0.1%, 16=100.0%, 32=0.0%, >=64=0.0%
     submit    : 0=0.0%, 4=100.0%, 8=0.0%, 16=0.0%, 32=0.0%, 64=0.0%, >=64=0.0%
     complete  : 0=0.0%, 4=100.0%, 8=0.0%, 16=0.1%, 32=0.0%, 64=0.0%, >=64=0.0%
     issued rwts: total=0,131072,0,4 short=0,0,0,0 dropped=0,0,0,0
     latency   : target=0, window=0, percentile=100.00%, depth=16

Run status group 0 (all jobs):
  WRITE: bw=533MiB/s (559MB/s), 533MiB/s-533MiB/s (559MB/s-559MB/s), io=512MiB (537MB), run=960-960msec
