randwrite: (g=0): rw=randwrite, bs=(R) 4096B-4096B, (W) 4096B-4096B, (T) 4096B-4096B, ioengine=libaio, iodepth=16
fio-3.16
Starting 1 process

randwrite: (groupid=0, jobs=1): err= 0: pid=81943: Wed Oct 22 08:36:47 2025
  write: IOPS=38.1k, BW=149MiB/s (156MB/s)(128MiB/861msec); 0 zone resets
    slat (usec): min=14, max=122, avg=23.38, stdev= 3.12
    clat (nsec): min=1622, max=636107, avg=367918.67, stdev=19153.76
     lat (usec): min=23, max=760, avg=391.47, stdev=20.13
    clat percentiles (usec):
     |  1.00th=[  338],  5.00th=[  347], 10.00th=[  351], 20.00th=[  355],
     | 30.00th=[  359], 40.00th=[  363], 50.00th=[  367], 60.00th=[  371],
     | 70.00th=[  375], 80.00th=[  379], 90.00th=[  383], 95.00th=[  392],
     | 99.00th=[  404], 99.50th=[  506], 99.90th=[  529], 99.95th=[  553],
     | 99.99th=[  594]
   bw (  KiB/s): min=160960, max=160960, per=100.00%, avg=160960.00, stdev= 0.00, samples=1
   iops        : min=40240, max=40240, avg=40240.00, stdev= 0.00, samples=1
  lat (usec)   : 2=0.01%, 50=0.01%, 100=0.01%, 250=0.02%, 500=99.37%
  lat (usec)   : 750=0.60%
  cpu          : usr=4.77%, sys=32.09%, ctx=32776, majf=0, minf=9
  IO depths    : 1=0.1%, 2=0.1%, 4=0.1%, 8=0.1%, 16=100.0%, 32=0.0%, >=64=0.0%
     submit    : 0=0.0%, 4=100.0%, 8=0.0%, 16=0.0%, 32=0.0%, 64=0.0%, >=64=0.0%
     complete  : 0=0.0%, 4=100.0%, 8=0.0%, 16=0.1%, 32=0.0%, 64=0.0%, >=64=0.0%
     issued rwts: total=0,32768,0,1 short=0,0,0,0 dropped=0,0,0,0
     latency   : target=0, window=0, percentile=100.00%, depth=16

Run status group 0 (all jobs):
  WRITE: bw=149MiB/s (156MB/s), 149MiB/s-149MiB/s (156MB/s-156MB/s), io=128MiB (134MB), run=861-861msec
