read: (g=0): rw=read, bs=(R) 128KiB-128KiB, (W) 128KiB-128KiB, (T) 128KiB-128KiB, ioengine=libaio, iodepth=16
...
fio-3.16
Starting 8 processes

read: (groupid=0, jobs=8): err= 0: pid=47419: Wed Oct 22 08:33:49 2025
  read: IOPS=13.5k, BW=1693MiB/s (1775MB/s)(1024MiB/605msec)
    slat (usec): min=20, max=2298, avg=534.39, stdev=515.86
    clat (nsec): min=1305, max=13980k, avg=7981986.30, stdev=2293915.37
     lat (usec): min=25, max=15329, avg=8516.80, stdev=2414.59
    clat percentiles (usec):
     |  1.00th=[ 1827],  5.00th=[ 3949], 10.00th=[ 5276], 20.00th=[ 6390],
     | 30.00th=[ 6915], 40.00th=[ 7373], 50.00th=[ 7832], 60.00th=[ 8356],
     | 70.00th=[ 9110], 80.00th=[10159], 90.00th=[11076], 95.00th=[11731],
     | 99.00th=[12649], 99.50th=[12780], 99.90th=[13435], 99.95th=[13566],
     | 99.99th=[13960]
   bw (  MiB/s): min= 1713, max= 1713, per=100.00%, avg=1713.25, stdev= 0.00, samples=8
   iops        : min=13706, max=13706, avg=13706.00, stdev= 0.00, samples=8
  lat (usec)   : 2=0.02%, 4=0.06%, 10=0.01%, 50=0.05%, 100=0.07%
  lat (usec)   : 250=0.06%, 500=0.13%, 750=0.12%, 1000=0.09%
  lat (msec)   : 2=0.45%, 4=4.16%, 10=73.52%, 20=21.24%
  cpu          : usr=0.55%, sys=48.22%, ctx=4057, majf=0, minf=4185
  IO depths    : 1=0.1%, 2=0.2%, 4=0.4%, 8=0.8%, 16=98.5%, 32=0.0%, >=64=0.0%
     submit    : 0=0.0%, 4=100.0%, 8=0.0%, 16=0.0%, 32=0.0%, 64=0.0%, >=64=0.0%
     complete  : 0=0.0%, 4=99.9%, 8=0.0%, 16=0.1%, 32=0.0%, 64=0.0%, >=64=0.0%
     issued rwts: total=8192,0,0,0 short=0,0,0,0 dropped=0,0,0,0
     latency   : target=0, window=0, percentile=100.00%, depth=16

Run status group 0 (all jobs):
   READ: bw=1693MiB/s (1775MB/s), 1693MiB/s-1693MiB/s (1775MB/s-1775MB/s), io=1024MiB (1074MB), run=605-605msec
