read: (g=0): rw=read, bs=(R) 4096B-4096B, (W) 4096B-4096B, (T) 4096B-4096B, ioengine=libaio, iodepth=16
...
fio-3.16
Starting 8 processes

read: (groupid=0, jobs=8): err= 0: pid=46949: Wed Oct 22 08:33:16 2025
  read: IOPS=465k, BW=1816MiB/s (1904MB/s)(1024MiB/564msec)
    slat (nsec): min=713, max=1654.8k, avg=15923.51, stdev=101963.63
    clat (nsec): min=843, max=1697.6k, avg=248780.72, stdev=348604.26
     lat (usec): min=2, max=1957, avg=264.76, stdev=356.33
    clat percentiles (usec):
     |  1.00th=[   21],  5.00th=[   24], 10.00th=[   29], 20.00th=[   38],
     | 30.00th=[   46], 40.00th=[   53], 50.00th=[   61], 60.00th=[   73],
     | 70.00th=[  165], 80.00th=[  486], 90.00th=[  914], 95.00th=[ 1074],
     | 99.00th=[ 1254], 99.50th=[ 1303], 99.90th=[ 1418], 99.95th=[ 1483],
     | 99.99th=[ 1680]
   bw (  MiB/s): min= 1573, max= 1573, per=86.66%, avg=1573.38, stdev= 0.00, samples=7
   iops        : min=402785, max=402786, avg=402786.00, stdev= 0.00, samples=7
  lat (nsec)   : 1000=0.01%
  lat (usec)   : 2=0.01%, 4=0.01%, 10=0.01%, 20=0.34%, 50=35.48%
  lat (usec)   : 100=32.04%, 250=3.18%, 500=9.38%, 750=6.39%, 1000=5.70%
  lat (msec)   : 2=7.48%
  cpu          : usr=3.57%, sys=46.93%, ctx=4166, majf=0, minf=212
  IO depths    : 1=0.1%, 2=0.1%, 4=0.1%, 8=0.1%, 16=100.0%, 32=0.0%, >=64=0.0%
     submit    : 0=0.0%, 4=100.0%, 8=0.0%, 16=0.0%, 32=0.0%, 64=0.0%, >=64=0.0%
     complete  : 0=0.0%, 4=100.0%, 8=0.0%, 16=0.1%, 32=0.0%, 64=0.0%, >=64=0.0%
     issued rwts: total=262144,0,0,0 short=0,0,0,0 dropped=0,0,0,0
     latency   : target=0, window=0, percentile=100.00%, depth=16

Run status group 0 (all jobs):
   READ: bw=1816MiB/s (1904MB/s), 1816MiB/s-1816MiB/s (1904MB/s-1904MB/s), io=1024MiB (1074MB), run=564-564msec
