write: (g=0): rw=write, bs=(R) 4096B-4096B, (W) 4096B-4096B, (T) 4096B-4096B, ioengine=libaio, iodepth=16
...
fio-3.16
Starting 4 processes

write: (groupid=0, jobs=4): err= 0: pid=50621: Wed Oct 22 08:35:39 2025
  write: IOPS=131k, BW=513MiB/s (537MB/s)(512MiB/999msec); 0 zone resets
    slat (nsec): min=13807, max=91140, avg=24513.26, stdev=4560.91
    clat (nsec): min=1027, max=591904, avg=385501.49, stdev=26409.34
     lat (usec): min=20, max=635, avg=410.19, stdev=27.56
    clat percentiles (usec):
     |  1.00th=[  338],  5.00th=[  351], 10.00th=[  359], 20.00th=[  367],
     | 30.00th=[  371], 40.00th=[  379], 50.00th=[  383], 60.00th=[  388],
     | 70.00th=[  396], 80.00th=[  404], 90.00th=[  416], 95.00th=[  429],
     | 99.00th=[  465], 99.50th=[  510], 99.90th=[  545], 99.95th=[  553],
     | 99.99th=[  570]
   bw (  KiB/s): min=623600, max=623600, per=100.00%, avg=623600.00, stdev= 0.00, samples=4
   iops        : min=155900, max=155900, avg=155900.00, stdev= 0.00, samples=4
  lat (usec)   : 2=0.01%, 50=0.01%, 100=0.01%, 250=0.02%, 500=99.36%
  lat (usec)   : 750=0.61%
  cpu          : usr=5.41%, sys=34.13%, ctx=131127, majf=0, minf=44
  IO depths    : 1=0.1%, 2=0.1%, 4=0.1%, 8=0.1%, 16=100.0%, 32=0.0%, >=64=0.0%
     submit    : 0=0.0%, 4=100.0%, 8=0.0%, 16=0.0%, 32=0.0%, 64=0.0%, >=64=0.0%
     complete  : 0=0.0%, 4=100.0%, 8=0.0%, 16=0.1%, 32=0.0%, 64=0.0%, >=64=0.0%
     issued rwts: total=0,131072,0,4 short=0,0,0,0 dropped=0,0,0,0
     latency   : target=0, window=0, percentile=100.00%, depth=16

Run status group 0 (all jobs):
  WRITE: bw=513MiB/s (537MB/s), 513MiB/s-513MiB/s (537MB/s-537MB/s), io=512MiB (537MB), run=999-999msec
