write: (g=0): rw=write, bs=(R) 128KiB-128KiB, (W) 128KiB-128KiB, (T) 128KiB-128KiB, ioengine=libaio, iodepth=16
...
fio-3.16
Starting 8 processes

write: (groupid=0, jobs=8): err= 0: pid=80956: Wed Oct 22 08:36:25 2025
  write: IOPS=11.0k, BW=1378MiB/s (1445MB/s)(1024MiB/743msec); 0 zone resets
    slat (usec): min=187, max=715, avg=368.05, stdev=71.10
    clat (nsec): min=1773, max=8089.9k, avg=5518345.37, stdev=933449.10
     lat (usec): min=217, max=8633, avg=5886.76, stdev=983.92
    clat percentiles (usec):
     |  1.00th=[ 2802],  5.00th=[ 3916], 10.00th=[ 4817], 20.00th=[ 5014],
     | 30.00th=[ 5145], 40.00th=[ 5211], 50.00th=[ 5342], 60.00th=[ 5473],
     | 70.00th=[ 5800], 80.00th=[ 6456], 90.00th=[ 6783], 95.00th=[ 6980],
     | 99.00th=[ 7373], 99.50th=[ 7504], 99.90th=[ 8029], 99.95th=[ 8029],
     | 99.99th=[ 8094]
  lat (usec)   : 2=0.02%, 4=0.05%, 10=0.01%, 20=0.01%, 250=0.02%
  lat (usec)   : 500=0.11%, 750=0.09%, 1000=0.06%
  lat (msec)   : 2=0.33%, 4=4.71%, 10=94.58%
  cpu          : usr=2.79%, sys=22.73%, ctx=8273, majf=0, minf=80
  IO depths    : 1=0.2%, 2=0.2%, 4=0.4%, 8=0.8%, 16=98.5%, 32=0.0%, >=64=0.0%
     submit    : 0=0.0%, 4=100.0%, 8=0.0%, 16=0.0%, 32=0.0%, 64=0.0%, >=64=0.0%
     complete  : 0=0.0%, 4=99.9%, 8=0.0%, 16=0.1%, 32=0.0%, 64=0.0%, >=64=0.0%
     issued rwts: total=0,8192,0,8 short=0,0,0,0 dropped=0,0,0,0
     latency   : target=0, window=0, percentile=100.00%, depth=16

Run status group 0 (all jobs):
  WRITE: bw=1378MiB/s (1445MB/s), 1378MiB/s-1378MiB/s (1445MB/s-1445MB/s), io=1024MiB (1074MB), run=743-743msec
