write: (g=0): rw=write, bs=(R) 128KiB-128KiB, (W) 128KiB-128KiB, (T) 128KiB-128KiB, ioengine=libaio, iodepth=16
...
fio-3.16
Starting 16 processes

write: (groupid=0, jobs=16): err= 0: pid=81090: Wed Oct 22 08:36:32 2025
  write: IOPS=10.6k, BW=1327MiB/s (1392MB/s)(2048MiB/1543msec); 0 zone resets
    slat (usec): min=201, max=3275, avg=922.67, stdev=196.66
    clat (nsec): min=1598, max=20065k, avg=13813742.66, stdev=1800477.43
     lat (usec): min=216, max=21196, avg=14737.20, stdev=1873.35
    clat percentiles (usec):
     |  1.00th=[ 5276],  5.00th=[11994], 10.00th=[12518], 20.00th=[12911],
     | 30.00th=[13304], 40.00th=[13566], 50.00th=[13960], 60.00th=[14222],
     | 70.00th=[14484], 80.00th=[14877], 90.00th=[15533], 95.00th=[16057],
     | 99.00th=[16909], 99.50th=[17695], 99.90th=[19006], 99.95th=[19268],
     | 99.99th=[20055]
   bw (  MiB/s): min= 2085, max= 2085, per=100.00%, avg=2085.25, stdev= 0.00, samples=16
   iops        : min=16682, max=16682, avg=16682.00, stdev= 0.00, samples=16
  lat (usec)   : 2=0.02%, 4=0.04%, 10=0.03%, 20=0.01%, 250=0.01%
  lat (usec)   : 500=0.03%, 750=0.05%, 1000=0.05%
  lat (msec)   : 2=0.16%, 4=0.35%, 10=1.60%, 20=97.62%, 50=0.01%
  cpu          : usr=3.12%, sys=24.31%, ctx=16640, majf=0, minf=154
  IO depths    : 1=0.2%, 2=0.2%, 4=0.4%, 8=0.8%, 16=98.5%, 32=0.0%, >=64=0.0%
     submit    : 0=0.0%, 4=100.0%, 8=0.0%, 16=0.0%, 32=0.0%, 64=0.0%, >=64=0.0%
     complete  : 0=0.0%, 4=99.9%, 8=0.0%, 16=0.1%, 32=0.0%, 64=0.0%, >=64=0.0%
     issued rwts: total=0,16384,0,16 short=0,0,0,0 dropped=0,0,0,0
     latency   : target=0, window=0, percentile=100.00%, depth=16

Run status group 0 (all jobs):
  WRITE: bw=1327MiB/s (1392MB/s), 1327MiB/s-1327MiB/s (1392MB/s-1392MB/s), io=2048MiB (2147MB), run=1543-1543msec
