write: (g=0): rw=write, bs=(R) 128KiB-128KiB, (W) 128KiB-128KiB, (T) 128KiB-128KiB, ioengine=libaio, iodepth=16
fio-3.16
Starting 1 process

write: (groupid=0, jobs=1): err= 0: pid=80805: Wed Oct 22 08:36:10 2025
  write: IOPS=3644, BW=456MiB/s (478MB/s)(128MiB/281msec); 0 zone resets
    slat (usec): min=189, max=457, avg=218.31, stdev=23.30
    clat (usec): min=2, max=5290, avg=3249.84, stdev=316.51
     lat (usec): min=241, max=5697, avg=3468.36, stdev=329.71
    clat percentiles (usec):
     |  1.00th=[ 2212],  5.00th=[ 3195], 10.00th=[ 3195], 20.00th=[ 3228],
     | 30.00th=[ 3228], 40.00th=[ 3228], 50.00th=[ 3228], 60.00th=[ 3261],
     | 70.00th=[ 3261], 80.00th=[ 3261], 90.00th=[ 3294], 95.00th=[ 3326],
     | 99.00th=[ 4555], 99.50th=[ 4948], 99.90th=[ 5276], 99.95th=[ 5276],
     | 99.99th=[ 5276]
  lat (usec)   : 4=0.10%, 250=0.10%, 500=0.10%, 750=0.10%, 1000=0.10%
  lat (msec)   : 2=0.49%, 4=97.27%, 10=1.76%
  cpu          : usr=1.07%, sys=33.21%, ctx=1027, majf=0, minf=12
  IO depths    : 1=0.2%, 2=0.2%, 4=0.4%, 8=0.8%, 16=98.5%, 32=0.0%, >=64=0.0%
     submit    : 0=0.0%, 4=100.0%, 8=0.0%, 16=0.0%, 32=0.0%, 64=0.0%, >=64=0.0%
     complete  : 0=0.0%, 4=99.9%, 8=0.0%, 16=0.1%, 32=0.0%, 64=0.0%, >=64=0.0%
     issued rwts: total=0,1024,0,1 short=0,0,0,0 dropped=0,0,0,0
     latency   : target=0, window=0, percentile=100.00%, depth=16

Run status group 0 (all jobs):
  WRITE: bw=456MiB/s (478MB/s), 456MiB/s-456MiB/s (478MB/s-478MB/s), io=128MiB (134MB), run=281-281msec
