randwrite: (g=0): rw=randwrite, bs=(R) 4096B-4096B, (W) 4096B-4096B, (T) 4096B-4096B, ioengine=psync, iodepth=1
...
fio-3.16
Starting 4 processes

randwrite: (groupid=0, jobs=4): err= 0: pid=243147: Wed Oct 22 19:21:38 2025
  write: IOPS=4909, BW=19.2MiB/s (20.1MB/s)(512MiB/26697msec); 0 zone resets
    clat (usec): min=3, max=31663, avg=735.24, stdev=1812.39
     lat (usec): min=3, max=31663, avg=735.30, stdev=1812.41
    clat percentiles (usec):
     |  1.00th=[    5],  5.00th=[    6], 10.00th=[    6], 20.00th=[    7],
     | 30.00th=[    8], 40.00th=[    9], 50.00th=[   11], 60.00th=[   16],
     | 70.00th=[   63], 80.00th=[ 1156], 90.00th=[ 2737], 95.00th=[ 4080],
     | 99.00th=[ 8225], 99.50th=[11863], 99.90th=[17695], 99.95th=[19530],
     | 99.99th=[23200]
   bw (  KiB/s): min= 5504, max=38456, per=100.00%, avg=21804.77, stdev=1629.52, samples=190
   iops        : min= 1376, max= 9614, avg=5451.11, stdev=407.39, samples=190
  lat (usec)   : 4=0.15%, 10=46.86%, 20=16.25%, 50=5.41%, 100=3.92%
  lat (usec)   : 250=3.41%, 500=0.59%, 750=0.74%, 1000=1.39%
  lat (msec)   : 2=7.59%, 4=8.51%, 10=4.48%, 20=0.67%, 50=0.04%
  cpu          : usr=0.12%, sys=87.51%, ctx=23268, majf=0, minf=41
  IO depths    : 1=100.0%, 2=0.0%, 4=0.0%, 8=0.0%, 16=0.0%, 32=0.0%, >=64=0.0%
     submit    : 0=0.0%, 4=100.0%, 8=0.0%, 16=0.0%, 32=0.0%, 64=0.0%, >=64=0.0%
     complete  : 0=0.0%, 4=100.0%, 8=0.0%, 16=0.0%, 32=0.0%, 64=0.0%, >=64=0.0%
     issued rwts: total=0,131072,0,4 short=0,0,0,0 dropped=0,0,0,0
     latency   : target=0, window=0, percentile=100.00%, depth=1

Run status group 0 (all jobs):
  WRITE: bw=19.2MiB/s (20.1MB/s), 19.2MiB/s-19.2MiB/s (20.1MB/s-20.1MB/s), io=512MiB (537MB), run=26697-26697msec
