randread: (g=0): rw=randread, bs=(R) 4096B-4096B, (W) 4096B-4096B, (T) 4096B-4096B, ioengine=psync, iodepth=1
...
fio-3.16
Starting 16 processes

randread: (groupid=0, jobs=16): err= 0: pid=70933: Wed Oct 22 16:18:31 2025
  read: IOPS=5590, BW=21.8MiB/s (22.9MB/s)(2048MiB/93787msec)
    clat (nsec): min=210, max=47468k, avg=2821940.78, stdev=2576878.42
     lat (nsec): min=225, max=47469k, avg=2822008.09, stdev=2576879.80
    clat percentiles (nsec):
     |  1.00th=[    1400],  5.00th=[    2224], 10.00th=[   68096],
     | 20.00th=[  485376], 30.00th=[  897024], 40.00th=[ 1646592],
     | 50.00th=[ 2441216], 60.00th=[ 3194880], 70.00th=[ 4046848],
     | 80.00th=[ 4882432], 90.00th=[ 5996544], 95.00th=[ 6848512],
     | 99.00th=[ 8847360], 99.50th=[11599872], 99.90th=[25296896],
     | 99.95th=[28180480], 99.99th=[33423360]
   bw (  KiB/s): min=17516, max=30660, per=100.00%, avg=22663.02, stdev=142.34, samples=2950
   iops        : min= 4378, max= 7665, avg=5665.59, stdev=35.59, samples=2950
  lat (nsec)   : 250=0.01%, 500=0.01%, 750=0.01%, 1000=0.11%
  lat (usec)   : 2=3.69%, 4=5.17%, 10=0.74%, 20=0.09%, 50=0.03%
  lat (usec)   : 100=0.63%, 250=3.19%, 500=6.67%, 750=6.37%, 1000=5.34%
  lat (msec)   : 2=11.97%, 4=25.50%, 10=29.79%, 20=0.46%, 50=0.22%
  cpu          : usr=0.10%, sys=0.56%, ctx=482569, majf=1, minf=191
  IO depths    : 1=100.0%, 2=0.0%, 4=0.0%, 8=0.0%, 16=0.0%, 32=0.0%, >=64=0.0%
     submit    : 0=0.0%, 4=100.0%, 8=0.0%, 16=0.0%, 32=0.0%, 64=0.0%, >=64=0.0%
     complete  : 0=0.0%, 4=100.0%, 8=0.0%, 16=0.0%, 32=0.0%, 64=0.0%, >=64=0.0%
     issued rwts: total=524288,0,0,0 short=0,0,0,0 dropped=0,0,0,0
     latency   : target=0, window=0, percentile=100.00%, depth=1

Run status group 0 (all jobs):
   READ: bw=21.8MiB/s (22.9MB/s), 21.8MiB/s-21.8MiB/s (22.9MB/s-22.9MB/s), io=2048MiB (2147MB), run=93787-93787msec
