randwrite: (g=0): rw=randwrite, bs=(R) 128KiB-128KiB, (W) 128KiB-128KiB, (T) 128KiB-128KiB, ioengine=psync, iodepth=1
...
fio-3.16
Starting 16 processes

randwrite: (groupid=0, jobs=16): err= 0: pid=142829: Wed Oct 22 18:04:33 2025
  write: IOPS=3540, BW=443MiB/s (464MB/s)(2048MiB/4627msec); 0 zone resets
    clat (usec): min=21, max=41553, avg=3278.71, stdev=5375.01
     lat (usec): min=22, max=41556, avg=3280.88, stdev=5375.70
    clat percentiles (usec):
     |  1.00th=[   39],  5.00th=[   53], 10.00th=[   63], 20.00th=[   79],
     | 30.00th=[   96], 40.00th=[  116], 50.00th=[  143], 60.00th=[  215],
     | 70.00th=[ 3785], 80.00th=[ 6980], 90.00th=[11469], 95.00th=[15401],
     | 99.00th=[21365], 99.50th=[23987], 99.90th=[28181], 99.95th=[29754],
     | 99.99th=[36439]
   bw (  KiB/s): min=399360, max=812753, per=100.00%, avg=593904.79, stdev=9842.07, samples=97
   iops        : min= 3120, max= 6349, avg=4639.64, stdev=76.88, samples=97
  lat (usec)   : 50=4.22%, 100=28.06%, 250=29.39%, 500=2.53%, 750=0.62%
  lat (usec)   : 1000=0.34%
  lat (msec)   : 2=1.14%, 4=4.42%, 10=16.35%, 20=11.32%, 50=1.62%
  cpu          : usr=0.05%, sys=42.50%, ctx=14232, majf=0, minf=172
  IO depths    : 1=100.1%, 2=0.0%, 4=0.0%, 8=0.0%, 16=0.0%, 32=0.0%, >=64=0.0%
     submit    : 0=0.0%, 4=100.0%, 8=0.0%, 16=0.0%, 32=0.0%, 64=0.0%, >=64=0.0%
     complete  : 0=0.0%, 4=100.0%, 8=0.0%, 16=0.0%, 32=0.0%, 64=0.0%, >=64=0.0%
     issued rwts: total=0,16384,0,16 short=0,0,0,0 dropped=0,0,0,0
     latency   : target=0, window=0, percentile=100.00%, depth=1

Run status group 0 (all jobs):
  WRITE: bw=443MiB/s (464MB/s), 443MiB/s-443MiB/s (464MB/s-464MB/s), io=2048MiB (2147MB), run=4627-4627msec
