randread: (g=0): rw=randread, bs=(R) 4096B-4096B, (W) 4096B-4096B, (T) 4096B-4096B, ioengine=psync, iodepth=1
...
fio-3.16
Starting 4 processes

randread: (groupid=0, jobs=4): err= 0: pid=135973: Wed Oct 22 17:51:41 2025
  read: IOPS=1420, BW=5683KiB/s (5819kB/s)(512MiB/92260msec)
    clat (nsec): min=545, max=45726k, avg=2807095.49, stdev=2624940.51
     lat (nsec): min=575, max=45726k, avg=2807177.70, stdev=2624942.00
    clat percentiles (nsec):
     |  1.00th=[    1480],  5.00th=[    2416], 10.00th=[  104960],
     | 20.00th=[  477184], 30.00th=[  962560], 40.00th=[ 1712128],
     | 50.00th=[ 2375680], 60.00th=[ 3194880], 70.00th=[ 3981312],
     | 80.00th=[ 4816896], 90.00th=[ 5865472], 95.00th=[ 6651904],
     | 99.00th=[ 8716288], 99.50th=[12779520], 99.90th=[28180480],
     | 99.95th=[32112640], 99.99th=[38535168]
   bw (  KiB/s): min= 4152, max= 8720, per=100.00%, avg=5692.67, stdev=169.22, samples=733
   iops        : min= 1038, max= 2180, avg=1423.13, stdev=42.31, samples=733
  lat (nsec)   : 750=0.01%, 1000=0.10%
  lat (usec)   : 2=3.05%, 4=5.15%, 10=0.87%, 20=0.08%, 50=0.02%
  lat (usec)   : 100=0.63%, 250=3.60%, 500=7.03%, 750=5.54%, 1000=4.56%
  lat (msec)   : 2=13.66%, 4=26.06%, 10=28.96%, 20=0.41%, 50=0.28%
  cpu          : usr=0.13%, sys=0.65%, ctx=119225, majf=1, minf=43
  IO depths    : 1=100.0%, 2=0.0%, 4=0.0%, 8=0.0%, 16=0.0%, 32=0.0%, >=64=0.0%
     submit    : 0=0.0%, 4=100.0%, 8=0.0%, 16=0.0%, 32=0.0%, 64=0.0%, >=64=0.0%
     complete  : 0=0.0%, 4=100.0%, 8=0.0%, 16=0.0%, 32=0.0%, 64=0.0%, >=64=0.0%
     issued rwts: total=131072,0,0,0 short=0,0,0,0 dropped=0,0,0,0
     latency   : target=0, window=0, percentile=100.00%, depth=1

Run status group 0 (all jobs):
   READ: bw=5683KiB/s (5819kB/s), 5683KiB/s-5683KiB/s (5819kB/s-5819kB/s), io=512MiB (537MB), run=92260-92260msec
