randwrite: (g=0): rw=randwrite, bs=(R) 128KiB-128KiB, (W) 128KiB-128KiB, (T) 128KiB-128KiB, ioengine=psync, iodepth=1
...
fio-3.16
Starting 2 processes

randwrite: (groupid=0, jobs=2): err= 0: pid=76866: Wed Oct 22 16:27:22 2025
  write: IOPS=419, BW=52.4MiB/s (54.0MB/s)(256MiB/4883msec); 0 zone resets
    clat (usec): min=23, max=27743, avg=4483.14, stdev=6273.37
     lat (usec): min=24, max=27748, avg=4484.86, stdev=6274.10
    clat percentiles (usec):
     |  1.00th=[   34],  5.00th=[   38], 10.00th=[   47], 20.00th=[   58],
     | 30.00th=[   68], 40.00th=[   92], 50.00th=[  131], 60.00th=[ 3032],
     | 70.00th=[ 6259], 80.00th=[10552], 90.00th=[14877], 95.00th=[17433],
     | 99.00th=[22152], 99.50th=[23462], 99.90th=[27395], 99.95th=[27657],
     | 99.99th=[27657]
   bw (  KiB/s): min=38400, max=84992, per=100.00%, avg=57287.11, stdev=6949.79, samples=18
   iops        : min=  300, max=  664, avg=447.56, stdev=54.30, samples=18
  lat (usec)   : 50=11.38%, 100=31.35%, 250=14.75%, 500=0.34%, 750=0.05%
  lat (usec)   : 1000=0.10%
  lat (msec)   : 2=0.49%, 4=4.44%, 10=15.97%, 20=19.19%, 50=1.95%
  cpu          : usr=0.06%, sys=48.43%, ctx=2257, majf=0, minf=22
  IO depths    : 1=100.1%, 2=0.0%, 4=0.0%, 8=0.0%, 16=0.0%, 32=0.0%, >=64=0.0%
     submit    : 0=0.0%, 4=100.0%, 8=0.0%, 16=0.0%, 32=0.0%, 64=0.0%, >=64=0.0%
     complete  : 0=0.0%, 4=100.0%, 8=0.0%, 16=0.0%, 32=0.0%, 64=0.0%, >=64=0.0%
     issued rwts: total=0,2048,0,2 short=0,0,0,0 dropped=0,0,0,0
     latency   : target=0, window=0, percentile=100.00%, depth=1

Run status group 0 (all jobs):
  WRITE: bw=52.4MiB/s (54.0MB/s), 52.4MiB/s-52.4MiB/s (54.0MB/s-54.0MB/s), io=256MiB (268MB), run=4883-4883msec
