randread: (g=0): rw=randread, bs=(R) 128KiB-128KiB, (W) 128KiB-128KiB, (T) 128KiB-128KiB, ioengine=psync, iodepth=1
...
fio-3.16
Starting 16 processes

randread: (groupid=0, jobs=16): err= 0: pid=240369: Wed Oct 22 19:15:53 2025
  read: IOPS=5754, BW=719MiB/s (754MB/s)(2048MiB/2847msec)
    clat (usec): min=3, max=19044, avg=2657.46, stdev=2762.89
     lat (usec): min=3, max=19044, avg=2657.52, stdev=2762.90
    clat percentiles (usec):
     |  1.00th=[   12],  5.00th=[   16], 10.00th=[   19], 20.00th=[   23],
     | 30.00th=[   30], 40.00th=[  971], 50.00th=[ 1762], 60.00th=[ 3032],
     | 70.00th=[ 4293], 80.00th=[ 5473], 90.00th=[ 6718], 95.00th=[ 7635],
     | 99.00th=[ 9241], 99.50th=[ 9896], 99.90th=[14091], 99.95th=[15664],
     | 99.99th=[17695]
   bw (  KiB/s): min=537344, max=945664, per=98.91%, avg=728576.00, stdev=9564.90, samples=80
   iops        : min= 4198, max= 7388, avg=5692.00, stdev=74.73, samples=80
  lat (usec)   : 4=0.05%, 10=0.19%, 20=14.37%, 50=22.05%, 100=0.21%
  lat (usec)   : 250=0.02%, 500=0.49%, 750=1.08%, 1000=1.86%
  lat (msec)   : 2=11.88%, 4=15.67%, 10=31.67%, 20=0.45%
  cpu          : usr=0.07%, sys=1.69%, ctx=10391, majf=0, minf=651
  IO depths    : 1=100.0%, 2=0.0%, 4=0.0%, 8=0.0%, 16=0.0%, 32=0.0%, >=64=0.0%
     submit    : 0=0.0%, 4=100.0%, 8=0.0%, 16=0.0%, 32=0.0%, 64=0.0%, >=64=0.0%
     complete  : 0=0.0%, 4=100.0%, 8=0.0%, 16=0.0%, 32=0.0%, 64=0.0%, >=64=0.0%
     issued rwts: total=16384,0,0,0 short=0,0,0,0 dropped=0,0,0,0
     latency   : target=0, window=0, percentile=100.00%, depth=1

Run status group 0 (all jobs):
   READ: bw=719MiB/s (754MB/s), 719MiB/s-719MiB/s (754MB/s-754MB/s), io=2048MiB (2147MB), run=2847-2847msec
