randwrite: (g=0): rw=randwrite, bs=(R) 4096B-4096B, (W) 4096B-4096B, (T) 4096B-4096B, ioengine=psync, iodepth=1
...
fio-3.16
Starting 16 processes

randwrite: (groupid=0, jobs=16): err= 0: pid=141952: Wed Oct 22 18:03:51 2025
  write: IOPS=8935, BW=34.9MiB/s (36.6MB/s)(2048MiB/58675msec); 0 zone resets
    clat (usec): min=2, max=50625, avg=1730.81, stdev=3811.09
     lat (usec): min=2, max=50625, avg=1730.88, stdev=3811.12
    clat percentiles (usec):
     |  1.00th=[    5],  5.00th=[    6], 10.00th=[    7], 20.00th=[    8],
     | 30.00th=[    9], 40.00th=[   12], 50.00th=[   16], 60.00th=[   26],
     | 70.00th=[  125], 80.00th=[ 2638], 90.00th=[ 6980], 95.00th=[10290],
     | 99.00th=[17171], 99.50th=[19792], 99.90th=[25560], 99.95th=[28181],
     | 99.99th=[33817]
   bw (  KiB/s): min=16758, max=70728, per=100.00%, avg=36888.93, stdev=625.30, samples=1804
   iops        : min= 4189, max=17682, avg=9221.94, stdev=156.32, samples=1804
  lat (usec)   : 4=0.07%, 10=35.24%, 20=21.64%, 50=6.53%, 100=5.49%
  lat (usec)   : 250=3.71%, 500=1.32%, 750=1.04%, 1000=0.87%
  lat (msec)   : 2=2.61%, 4=4.88%, 10=11.34%, 20=4.79%, 50=0.47%
  lat (msec)   : 100=0.01%
  cpu          : usr=0.04%, sys=66.19%, ctx=488923, majf=0, minf=161
  IO depths    : 1=100.0%, 2=0.0%, 4=0.0%, 8=0.0%, 16=0.0%, 32=0.0%, >=64=0.0%
     submit    : 0=0.0%, 4=100.0%, 8=0.0%, 16=0.0%, 32=0.0%, 64=0.0%, >=64=0.0%
     complete  : 0=0.0%, 4=100.0%, 8=0.0%, 16=0.0%, 32=0.0%, 64=0.0%, >=64=0.0%
     issued rwts: total=0,524288,0,16 short=0,0,0,0 dropped=0,0,0,0
     latency   : target=0, window=0, percentile=100.00%, depth=1

Run status group 0 (all jobs):
  WRITE: bw=34.9MiB/s (36.6MB/s), 34.9MiB/s-34.9MiB/s (36.6MB/s-36.6MB/s), io=2048MiB (2147MB), run=58675-58675msec
