read: (g=0): rw=read, bs=(R) 4096B-4096B, (W) 4096B-4096B, (T) 4096B-4096B, ioengine=psync, iodepth=1
...
fio-3.16
Starting 2 processes

read: (groupid=0, jobs=2): err= 0: pid=235739: Wed Oct 22 19:07:35 2025
  read: IOPS=54.3k, BW=212MiB/s (222MB/s)(256MiB/1208msec)
    clat (nsec): min=190, max=11520k, avg=36363.61, stdev=389304.52
     lat (nsec): min=201, max=11520k, avg=36381.05, stdev=389304.44
    clat percentiles (nsec):
     |  1.00th=[    286],  5.00th=[    306], 10.00th=[    314],
     | 20.00th=[    342], 30.00th=[    398], 40.00th=[    410],
     | 50.00th=[    422], 60.00th=[    430], 70.00th=[    450],
     | 80.00th=[    482], 90.00th=[    588], 95.00th=[    796],
     | 99.00th=[1155072], 99.50th=[2899968], 99.90th=[6127616],
     | 99.95th=[7045120], 99.99th=[8454144]
   bw (  KiB/s): min=207280, max=220672, per=98.60%, avg=213976.00, stdev=4042.72, samples=4
   iops        : min=51820, max=55168, avg=53494.00, stdev=1010.68, samples=4
  lat (nsec)   : 250=0.37%, 500=82.76%, 750=11.16%, 1000=2.33%
  lat (usec)   : 2=1.59%, 4=0.19%, 10=0.02%, 20=0.01%, 50=0.25%
  lat (usec)   : 100=0.08%, 250=0.03%, 500=0.02%, 750=0.04%, 1000=0.07%
  lat (msec)   : 2=0.41%, 4=0.33%, 10=0.34%, 20=0.01%
  cpu          : usr=0.12%, sys=4.03%, ctx=841, majf=0, minf=23
  IO depths    : 1=100.0%, 2=0.0%, 4=0.0%, 8=0.0%, 16=0.0%, 32=0.0%, >=64=0.0%
     submit    : 0=0.0%, 4=100.0%, 8=0.0%, 16=0.0%, 32=0.0%, 64=0.0%, >=64=0.0%
     complete  : 0=0.0%, 4=100.0%, 8=0.0%, 16=0.0%, 32=0.0%, 64=0.0%, >=64=0.0%
     issued rwts: total=65536,0,0,0 short=0,0,0,0 dropped=0,0,0,0
     latency   : target=0, window=0, percentile=100.00%, depth=1

Run status group 0 (all jobs):
   READ: bw=212MiB/s (222MB/s), 212MiB/s-212MiB/s (222MB/s-222MB/s), io=256MiB (268MB), run=1208-1208msec
