read: (g=0): rw=read, bs=(R) 128KiB-128KiB, (W) 128KiB-128KiB, (T) 128KiB-128KiB, ioengine=psync, iodepth=1
...
fio-3.16
Starting 4 processes

read: (groupid=0, jobs=4): err= 0: pid=134575: Wed Oct 22 17:46:42 2025
  read: IOPS=2923, BW=365MiB/s (383MB/s)(512MiB/1401msec)
    clat (usec): min=6, max=11559, avg=1349.26, stdev=2087.33
     lat (usec): min=6, max=11559, avg=1349.45, stdev=2087.27
    clat percentiles (usec):
     |  1.00th=[   11],  5.00th=[   17], 10.00th=[   23], 20.00th=[   33],
     | 30.00th=[   39], 40.00th=[   45], 50.00th=[   69], 60.00th=[  265],
     | 70.00th=[ 1565], 80.00th=[ 2802], 90.00th=[ 4686], 95.00th=[ 6128],
     | 99.00th=[ 8160], 99.50th=[ 8848], 99.90th=[10290], 99.95th=[10421],
     | 99.99th=[11600]
   bw (  KiB/s): min=364032, max=390656, per=100.00%, avg=377344.00, stdev=4398.01, samples=8
   iops        : min= 2844, max= 3052, avg=2948.00, stdev=34.36, samples=8
  lat (usec)   : 10=0.78%, 20=6.93%, 50=36.67%, 100=7.81%, 250=7.67%
  lat (usec)   : 500=1.12%, 750=1.20%, 1000=1.98%
  lat (msec)   : 2=10.42%, 4=12.18%, 10=13.11%, 20=0.12%
  cpu          : usr=0.20%, sys=7.24%, ctx=1677, majf=0, minf=167
  IO depths    : 1=100.0%, 2=0.0%, 4=0.0%, 8=0.0%, 16=0.0%, 32=0.0%, >=64=0.0%
     submit    : 0=0.0%, 4=100.0%, 8=0.0%, 16=0.0%, 32=0.0%, 64=0.0%, >=64=0.0%
     complete  : 0=0.0%, 4=100.0%, 8=0.0%, 16=0.0%, 32=0.0%, 64=0.0%, >=64=0.0%
     issued rwts: total=4096,0,0,0 short=0,0,0,0 dropped=0,0,0,0
     latency   : target=0, window=0, percentile=100.00%, depth=1

Run status group 0 (all jobs):
   READ: bw=365MiB/s (383MB/s), 365MiB/s-365MiB/s (383MB/s-383MB/s), io=512MiB (537MB), run=1401-1401msec
