read: (g=0): rw=read, bs=(R) 4096B-4096B, (W) 4096B-4096B, (T) 4096B-4096B, ioengine=psync, iodepth=1
...
fio-3.16
Starting 16 processes

read: (groupid=0, jobs=16): err= 0: pid=236184: Wed Oct 22 19:07:55 2025
  read: IOPS=320k, BW=1252MiB/s (1313MB/s)(2048MiB/1636msec)
    clat (nsec): min=183, max=24171k, avg=48429.34, stdev=520044.59
     lat (nsec): min=196, max=24171k, avg=48446.66, stdev=520044.48
    clat percentiles (nsec):
     |  1.00th=[     286],  5.00th=[     310], 10.00th=[     318],
     | 20.00th=[     350], 30.00th=[     402], 40.00th=[     418],
     | 50.00th=[     430], 60.00th=[     454], 70.00th=[     494],
     | 80.00th=[     588], 90.00th=[     820], 95.00th=[    1112],
     | 99.00th=[ 1515520], 99.50th=[ 3981312], 99.90th=[ 8093696],
     | 99.95th=[ 9240576], 99.99th=[11206656]
   bw (  MiB/s): min= 1226, max= 1321, per=100.00%, avg=1274.13, stdev= 3.04, samples=48
   iops        : min=314064, max=338390, avg=326176.00, stdev=777.43, samples=48
  lat (nsec)   : 250=0.55%, 500=70.84%, 750=16.45%, 1000=5.81%
  lat (usec)   : 2=4.20%, 4=0.52%, 10=0.05%, 20=0.01%, 50=0.16%
  lat (usec)   : 100=0.17%, 250=0.03%, 500=0.02%, 750=0.02%, 1000=0.03%
  lat (msec)   : 2=0.32%, 4=0.32%, 10=0.47%, 20=0.03%, 50=0.01%
  cpu          : usr=0.38%, sys=3.08%, ctx=6688, majf=0, minf=187
  IO depths    : 1=100.0%, 2=0.0%, 4=0.0%, 8=0.0%, 16=0.0%, 32=0.0%, >=64=0.0%
     submit    : 0=0.0%, 4=100.0%, 8=0.0%, 16=0.0%, 32=0.0%, 64=0.0%, >=64=0.0%
     complete  : 0=0.0%, 4=100.0%, 8=0.0%, 16=0.0%, 32=0.0%, 64=0.0%, >=64=0.0%
     issued rwts: total=524288,0,0,0 short=0,0,0,0 dropped=0,0,0,0
     latency   : target=0, window=0, percentile=100.00%, depth=1

Run status group 0 (all jobs):
   READ: bw=1252MiB/s (1313MB/s), 1252MiB/s-1252MiB/s (1313MB/s-1313MB/s), io=2048MiB (2147MB), run=1636-1636msec
