read: (g=0): rw=read, bs=(R) 128KiB-128KiB, (W) 128KiB-128KiB, (T) 128KiB-128KiB, ioengine=psync, iodepth=1
...
fio-3.16
Starting 8 processes

read: (groupid=0, jobs=8): err= 0: pid=67734: Wed Oct 22 16:10:18 2025
  read: IOPS=4827, BW=603MiB/s (633MB/s)(1024MiB/1697msec)
    clat (usec): min=6, max=14495, avg=1618.40, stdev=2597.47
     lat (usec): min=6, max=14495, avg=1618.54, stdev=2597.42
    clat percentiles (usec):
     |  1.00th=[   10],  5.00th=[   13], 10.00th=[   17], 20.00th=[   25],
     | 30.00th=[   36], 40.00th=[   43], 50.00th=[   58], 60.00th=[  192],
     | 70.00th=[ 1844], 80.00th=[ 3359], 90.00th=[ 5735], 95.00th=[ 7570],
     | 99.00th=[10290], 99.50th=[11207], 99.90th=[12649], 99.95th=[13435],
     | 99.99th=[14484]
   bw (  KiB/s): min=587008, max=660992, per=100.00%, avg=624128.00, stdev=4199.05, samples=24
   iops        : min= 4586, max= 5164, avg=4876.00, stdev=32.81, samples=24
  lat (usec)   : 10=1.79%, 20=12.89%, 50=31.98%, 100=7.82%, 250=6.52%
  lat (usec)   : 500=1.05%, 750=0.66%, 1000=1.05%
  lat (msec)   : 2=8.01%, 4=11.60%, 10=15.39%, 20=1.23%
  cpu          : usr=0.16%, sys=5.25%, ctx=3317, majf=0, minf=344
  IO depths    : 1=100.0%, 2=0.0%, 4=0.0%, 8=0.0%, 16=0.0%, 32=0.0%, >=64=0.0%
     submit    : 0=0.0%, 4=100.0%, 8=0.0%, 16=0.0%, 32=0.0%, 64=0.0%, >=64=0.0%
     complete  : 0=0.0%, 4=100.0%, 8=0.0%, 16=0.0%, 32=0.0%, 64=0.0%, >=64=0.0%
     issued rwts: total=8192,0,0,0 short=0,0,0,0 dropped=0,0,0,0
     latency   : target=0, window=0, percentile=100.00%, depth=1

Run status group 0 (all jobs):
   READ: bw=603MiB/s (633MB/s), 603MiB/s-603MiB/s (633MB/s-633MB/s), io=1024MiB (1074MB), run=1697-1697msec
