write: (g=0): rw=write, bs=(R) 4096B-4096B, (W) 4096B-4096B, (T) 4096B-4096B, ioengine=psync, iodepth=1
...
fio-3.16
Starting 16 processes

write: (groupid=0, jobs=16): err= 0: pid=73070: Wed Oct 22 16:22:46 2025
  write: IOPS=8945, BW=34.9MiB/s (36.6MB/s)(2048MiB/58608msec); 0 zone resets
    clat (usec): min=3, max=51390, avg=1714.13, stdev=3687.98
     lat (usec): min=3, max=51390, avg=1714.20, stdev=3688.00
    clat percentiles (usec):
     |  1.00th=[    5],  5.00th=[    6], 10.00th=[    6], 20.00th=[    7],
     | 30.00th=[    9], 40.00th=[   12], 50.00th=[   16], 60.00th=[   44],
     | 70.00th=[  208], 80.00th=[ 2704], 90.00th=[ 6849], 95.00th=[ 9765],
     | 99.00th=[16712], 99.50th=[19268], 99.90th=[25297], 99.95th=[28181],
     | 99.99th=[34866]
   bw (  KiB/s): min=15352, max=68626, per=100.00%, avg=37219.57, stdev=600.62, samples=1788
   iops        : min= 3838, max=17155, avg=9304.55, stdev=150.15, samples=1788
  lat (usec)   : 4=0.47%, 10=35.62%, 20=19.04%, 50=6.06%, 100=5.28%
  lat (usec)   : 250=4.00%, 500=1.65%, 750=1.44%, 1000=1.24%
  lat (msec)   : 2=3.40%, 4=5.10%, 10=11.99%, 20=4.31%, 50=0.40%
  lat (msec)   : 100=0.01%
  cpu          : usr=0.03%, sys=68.70%, ctx=564439, majf=0, minf=182
  IO depths    : 1=100.0%, 2=0.0%, 4=0.0%, 8=0.0%, 16=0.0%, 32=0.0%, >=64=0.0%
     submit    : 0=0.0%, 4=100.0%, 8=0.0%, 16=0.0%, 32=0.0%, 64=0.0%, >=64=0.0%
     complete  : 0=0.0%, 4=100.0%, 8=0.0%, 16=0.0%, 32=0.0%, 64=0.0%, >=64=0.0%
     issued rwts: total=0,524288,0,16 short=0,0,0,0 dropped=0,0,0,0
     latency   : target=0, window=0, percentile=100.00%, depth=1

Run status group 0 (all jobs):
  WRITE: bw=34.9MiB/s (36.6MB/s), 34.9MiB/s-34.9MiB/s (36.6MB/s-36.6MB/s), io=2048MiB (2147MB), run=58608-58608msec
