write: (g=0): rw=write, bs=(R) 4096B-4096B, (W) 4096B-4096B, (T) 4096B-4096B, ioengine=psync, iodepth=1
fio-3.16
Starting 1 process

write: (groupid=0, jobs=1): err= 0: pid=71986: Wed Oct 22 16:19:45 2025
  write: IOPS=1304, BW=5218KiB/s (5343kB/s)(128MiB/25119msec); 0 zone resets
    clat (usec): min=3, max=35279, avg=760.94, stdev=1710.68
     lat (usec): min=3, max=35279, avg=761.01, stdev=1710.72
    clat percentiles (usec):
     |  1.00th=[    5],  5.00th=[    6], 10.00th=[    6], 20.00th=[    6],
     | 30.00th=[    7], 40.00th=[    8], 50.00th=[    9], 60.00th=[   13],
     | 70.00th=[   69], 80.00th=[ 1303], 90.00th=[ 3130], 95.00th=[ 4490],
     | 99.00th=[ 6521], 99.50th=[ 7439], 99.90th=[16712], 99.95th=[21103],
     | 99.99th=[27132]
   bw (  KiB/s): min= 2168, max= 8856, per=100.00%, avg=5245.02, stdev=1366.43, samples=49
   iops        : min=  542, max= 2214, avg=1311.24, stdev=341.61, samples=49
  lat (usec)   : 4=0.15%, 10=55.69%, 20=8.37%, 50=2.92%, 100=5.30%
  lat (usec)   : 250=3.17%, 500=0.51%, 750=0.63%, 1000=1.14%
  lat (msec)   : 2=6.96%, 4=8.44%, 10=6.51%, 20=0.13%, 50=0.07%
  cpu          : usr=0.14%, sys=88.01%, ctx=14516, majf=0, minf=11
  IO depths    : 1=100.0%, 2=0.0%, 4=0.0%, 8=0.0%, 16=0.0%, 32=0.0%, >=64=0.0%
     submit    : 0=0.0%, 4=100.0%, 8=0.0%, 16=0.0%, 32=0.0%, 64=0.0%, >=64=0.0%
     complete  : 0=0.0%, 4=100.0%, 8=0.0%, 16=0.0%, 32=0.0%, 64=0.0%, >=64=0.0%
     issued rwts: total=0,32768,0,1 short=0,0,0,0 dropped=0,0,0,0
     latency   : target=0, window=0, percentile=100.00%, depth=1

Run status group 0 (all jobs):
  WRITE: bw=5218KiB/s (5343kB/s), 5218KiB/s-5218KiB/s (5343kB/s-5343kB/s), io=128MiB (134MB), run=25119-25119msec
