write: (g=0): rw=write, bs=(R) 4096B-4096B, (W) 4096B-4096B, (T) 4096B-4096B, ioengine=psync, iodepth=1
...
fio-3.16
Starting 4 processes

write: (groupid=0, jobs=4): err= 0: pid=240884: Wed Oct 22 19:17:25 2025
  write: IOPS=5424, BW=21.2MiB/s (22.2MB/s)(512MiB/24165msec); 0 zone resets
    clat (usec): min=3, max=27149, avg=702.27, stdev=1703.09
     lat (usec): min=3, max=27149, avg=702.34, stdev=1703.12
    clat percentiles (usec):
     |  1.00th=[    4],  5.00th=[    5], 10.00th=[    6], 20.00th=[    7],
     | 30.00th=[    7], 40.00th=[    8], 50.00th=[   10], 60.00th=[   16],
     | 70.00th=[   67], 80.00th=[ 1090], 90.00th=[ 2606], 95.00th=[ 3916],
     | 99.00th=[ 7767], 99.50th=[10814], 99.90th=[16581], 99.95th=[18482],
     | 99.99th=[20841]
   bw (  KiB/s): min= 8532, max=37440, per=100.00%, avg=22837.46, stdev=1570.08, samples=182
   iops        : min= 2133, max= 9360, avg=5709.28, stdev=392.52, samples=182
  lat (usec)   : 4=1.09%, 10=48.99%, 20=13.26%, 50=5.06%, 100=3.85%
  lat (usec)   : 250=3.24%, 500=0.68%, 750=1.13%, 1000=1.85%
  lat (msec)   : 2=7.65%, 4=8.44%, 10=4.17%, 20=0.57%, 50=0.02%
  cpu          : usr=0.15%, sys=87.94%, ctx=22814, majf=0, minf=47
  IO depths    : 1=100.0%, 2=0.0%, 4=0.0%, 8=0.0%, 16=0.0%, 32=0.0%, >=64=0.0%
     submit    : 0=0.0%, 4=100.0%, 8=0.0%, 16=0.0%, 32=0.0%, 64=0.0%, >=64=0.0%
     complete  : 0=0.0%, 4=100.0%, 8=0.0%, 16=0.0%, 32=0.0%, 64=0.0%, >=64=0.0%
     issued rwts: total=0,131072,0,4 short=0,0,0,0 dropped=0,0,0,0
     latency   : target=0, window=0, percentile=100.00%, depth=1

Run status group 0 (all jobs):
  WRITE: bw=21.2MiB/s (22.2MB/s), 21.2MiB/s-21.2MiB/s (22.2MB/s-22.2MB/s), io=512MiB (537MB), run=24165-24165msec
