write: (g=0): rw=write, bs=(R) 4096B-4096B, (W) 4096B-4096B, (T) 4096B-4096B, ioengine=psync, iodepth=1
...
fio-3.16
Starting 8 processes

write: (groupid=0, jobs=8): err= 0: pid=139169: Wed Oct 22 17:58:16 2025
  write: IOPS=6113, BW=23.9MiB/s (25.0MB/s)(1024MiB/42882msec); 0 zone resets
    clat (usec): min=3, max=48381, avg=1261.15, stdev=3201.86
     lat (usec): min=3, max=48382, avg=1261.21, stdev=3201.90
    clat percentiles (usec):
     |  1.00th=[    4],  5.00th=[    5], 10.00th=[    6], 20.00th=[    6],
     | 30.00th=[    7], 40.00th=[    8], 50.00th=[   10], 60.00th=[   16],
     | 70.00th=[   67], 80.00th=[ 1057], 90.00th=[ 4752], 95.00th=[ 8455],
     | 99.00th=[15401], 99.50th=[17957], 99.90th=[22676], 99.95th=[25035],
     | 99.99th=[32113]
   bw (  KiB/s): min= 8765, max=51616, per=100.00%, avg=25344.49, stdev=1259.13, samples=659
   iops        : min= 2191, max=12904, avg=6335.85, stdev=314.79, samples=659
  lat (usec)   : 4=1.08%, 10=49.51%, 20=12.70%, 50=4.01%, 100=5.06%
  lat (usec)   : 250=3.43%, 500=1.17%, 750=1.38%, 1000=1.37%
  lat (msec)   : 2=4.17%, 4=4.86%, 10=7.60%, 20=3.41%, 50=0.25%
  cpu          : usr=0.06%, sys=67.28%, ctx=143313, majf=0, minf=90
  IO depths    : 1=100.0%, 2=0.0%, 4=0.0%, 8=0.0%, 16=0.0%, 32=0.0%, >=64=0.0%
     submit    : 0=0.0%, 4=100.0%, 8=0.0%, 16=0.0%, 32=0.0%, 64=0.0%, >=64=0.0%
     complete  : 0=0.0%, 4=100.0%, 8=0.0%, 16=0.0%, 32=0.0%, 64=0.0%, >=64=0.0%
     issued rwts: total=0,262144,0,8 short=0,0,0,0 dropped=0,0,0,0
     latency   : target=0, window=0, percentile=100.00%, depth=1

Run status group 0 (all jobs):
  WRITE: bw=23.9MiB/s (25.0MB/s), 23.9MiB/s-23.9MiB/s (25.0MB/s-25.0MB/s), io=1024MiB (1074MB), run=42882-42882msec
