write: (g=0): rw=write, bs=(R) 128KiB-128KiB, (W) 128KiB-128KiB, (T) 128KiB-128KiB, ioengine=psync, iodepth=1
fio-3.16
Starting 1 process

write: (groupid=0, jobs=1): err= 0: pid=140267: Wed Oct 22 17:59:31 2025
  write: IOPS=228, BW=28.6MiB/s (29.0MB/s)(128MiB/4478msec); 0 zone resets
    clat (usec): min=49, max=27047, avg=4113.11, stdev=5572.01
     lat (usec): min=50, max=27049, avg=4116.22, stdev=5572.53
    clat percentiles (usec):
     |  1.00th=[   55],  5.00th=[   59], 10.00th=[   61], 20.00th=[   75],
     | 30.00th=[  104], 40.00th=[  157], 50.00th=[  494], 60.00th=[ 3326],
     | 70.00th=[ 5211], 80.00th=[ 8455], 90.00th=[13173], 95.00th=[16450],
     | 99.00th=[20841], 99.50th=[22152], 99.90th=[25560], 99.95th=[27132],
     | 99.99th=[27132]
   bw (  KiB/s): min=17152, max=64000, per=100.00%, avg=30074.75, stdev=18229.66, samples=8
   iops        : min=  134, max=  500, avg=234.88, stdev=142.47, samples=8
  lat (usec)   : 50=0.10%, 100=28.03%, 250=19.24%, 500=2.83%, 750=0.20%
  lat (usec)   : 1000=0.68%
  lat (msec)   : 2=3.91%, 4=8.40%, 10=20.61%, 20=14.45%, 50=1.56%
  cpu          : usr=0.00%, sys=56.06%, ctx=966, majf=0, minf=10
  IO depths    : 1=100.1%, 2=0.0%, 4=0.0%, 8=0.0%, 16=0.0%, 32=0.0%, >=64=0.0%
     submit    : 0=0.0%, 4=100.0%, 8=0.0%, 16=0.0%, 32=0.0%, 64=0.0%, >=64=0.0%
     complete  : 0=0.0%, 4=100.0%, 8=0.0%, 16=0.0%, 32=0.0%, 64=0.0%, >=64=0.0%
     issued rwts: total=0,1024,0,1 short=0,0,0,0 dropped=0,0,0,0
     latency   : target=0, window=0, percentile=100.00%, depth=1

Run status group 0 (all jobs):
  WRITE: bw=28.6MiB/s (29.0MB/s), 28.6MiB/s-28.6MiB/s (29.0MB/s-29.0MB/s), io=128MiB (134MB), run=4478-4478msec
