write: (g=0): rw=write, bs=(R) 128KiB-128KiB, (W) 128KiB-128KiB, (T) 128KiB-128KiB, ioengine=psync, iodepth=1
...
fio-3.16
Starting 2 processes

write: (groupid=0, jobs=2): err= 0: pid=73616: Wed Oct 22 16:23:03 2025
  write: IOPS=415, BW=51.0MiB/s (54.5MB/s)(256MiB/4924msec); 0 zone resets
    clat (usec): min=46, max=30774, avg=4165.01, stdev=5897.55
     lat (usec): min=46, max=30777, avg=4166.64, stdev=5898.37
    clat percentiles (usec):
     |  1.00th=[   50],  5.00th=[   52], 10.00th=[   56], 20.00th=[   64],
     | 30.00th=[   77], 40.00th=[  104], 50.00th=[  137], 60.00th=[ 3064],
     | 70.00th=[ 5604], 80.00th=[ 8979], 90.00th=[13829], 95.00th=[16712],
     | 99.00th=[21103], 99.50th=[22414], 99.90th=[26084], 99.95th=[28443],
     | 99.99th=[30802]
   bw (  KiB/s): min=36460, max=90760, per=100.00%, avg=60388.56, stdev=9541.70, samples=16
   iops        : min=  284, max=  709, avg=471.62, stdev=74.61, samples=16
  lat (usec)   : 50=1.66%, 100=37.70%, 250=17.63%, 500=0.68%, 750=0.10%
  lat (usec)   : 1000=0.10%
  lat (msec)   : 2=0.34%, 4=5.66%, 10=17.72%, 20=16.50%, 50=1.90%
  cpu          : usr=0.10%, sys=51.20%, ctx=2456, majf=0, minf=21
  IO depths    : 1=100.1%, 2=0.0%, 4=0.0%, 8=0.0%, 16=0.0%, 32=0.0%, >=64=0.0%
     submit    : 0=0.0%, 4=100.0%, 8=0.0%, 16=0.0%, 32=0.0%, 64=0.0%, >=64=0.0%
     complete  : 0=0.0%, 4=100.0%, 8=0.0%, 16=0.0%, 32=0.0%, 64=0.0%, >=64=0.0%
     issued rwts: total=0,2048,0,2 short=0,0,0,0 dropped=0,0,0,0
     latency   : target=0, window=0, percentile=100.00%, depth=1

Run status group 0 (all jobs):
  WRITE: bw=51.0MiB/s (54.5MB/s), 51.0MiB/s-51.0MiB/s (54.5MB/s-54.5MB/s), io=256MiB (268MB), run=4924-4924msec
