write: (g=0): rw=write, bs=(R) 4096B-4096B, (W) 4096B-4096B, (T) 4096B-4096B, ioengine=psync, iodepth=1
...
fio-3.16
Starting 2 processes

write: (groupid=0, jobs=2): err= 0: pid=72235: Wed Oct 22 16:20:16 2025
  write: IOPS=2617, BW=10.2MiB/s (10.7MB/s)(256MiB/25039msec); 0 zone resets
    clat (usec): min=3, max=36549, avg=746.77, stdev=1715.31
     lat (usec): min=3, max=36549, avg=746.85, stdev=1715.35
    clat percentiles (usec):
     |  1.00th=[    5],  5.00th=[    5], 10.00th=[    6], 20.00th=[    6],
     | 30.00th=[    7], 40.00th=[    8], 50.00th=[    9], 60.00th=[   14],
     | 70.00th=[   81], 80.00th=[ 1237], 90.00th=[ 2966], 95.00th=[ 4359],
     | 99.00th=[ 6718], 99.50th=[ 8160], 99.90th=[16581], 99.95th=[21365],
     | 99.99th=[29492]
   bw (  KiB/s): min= 6440, max=17280, per=100.00%, avg=10729.93, stdev=1206.31, samples=97
   iops        : min= 1610, max= 4320, avg=2682.48, stdev=301.58, samples=97
  lat (usec)   : 4=0.49%, 10=53.80%, 20=9.17%, 50=3.13%, 100=4.91%
  lat (usec)   : 250=3.60%, 500=0.78%, 750=0.92%, 1000=1.41%
  lat (msec)   : 2=7.13%, 4=8.58%, 10=5.79%, 20=0.22%, 50=0.06%
  cpu          : usr=0.15%, sys=87.37%, ctx=26369, majf=0, minf=23
  IO depths    : 1=100.0%, 2=0.0%, 4=0.0%, 8=0.0%, 16=0.0%, 32=0.0%, >=64=0.0%
     submit    : 0=0.0%, 4=100.0%, 8=0.0%, 16=0.0%, 32=0.0%, 64=0.0%, >=64=0.0%
     complete  : 0=0.0%, 4=100.0%, 8=0.0%, 16=0.0%, 32=0.0%, 64=0.0%, >=64=0.0%
     issued rwts: total=0,65536,0,2 short=0,0,0,0 dropped=0,0,0,0
     latency   : target=0, window=0, percentile=100.00%, depth=1

Run status group 0 (all jobs):
  WRITE: bw=10.2MiB/s (10.7MB/s), 10.2MiB/s-10.2MiB/s (10.7MB/s-10.7MB/s), io=256MiB (268MB), run=25039-25039msec
