randread: (g=0): rw=randread, bs=(R) 4096B-4096B, (W) 4096B-4096B, (T) 4096B-4096B, ioengine=psync, iodepth=1
...
fio-3.16
Starting 16 processes

randread: (groupid=0, jobs=16): err= 0: pid=242435: Thu Oct 30 15:33:11 2025
  read: IOPS=2844k, BW=10.8GiB/s (11.6GB/s)(325GiB/30004msec)
    clat (nsec): min=347, max=8195.6k, avg=5330.28, stdev=14247.96
     lat (nsec): min=375, max=8195.0k, avg=5364.87, stdev=14255.61
    clat percentiles (nsec):
     |  1.00th=[  1352],  5.00th=[  1624], 10.00th=[  1784], 20.00th=[  2008],
     | 30.00th=[  2192], 40.00th=[  2352], 50.00th=[  2512], 60.00th=[  2672],
     | 70.00th=[  2864], 80.00th=[  3120], 90.00th=[  3600], 95.00th=[ 19072],
     | 99.00th=[ 77312], 99.50th=[ 86528], 99.90th=[110080], 99.95th=[121344],
     | 99.99th=[150528]
   bw (  MiB/s): min=  854, max=24164, per=99.33%, avg=11033.97, stdev=609.18, samples=954
   iops        : min=218624, max=6186032, avg=2824695.22, stdev=155950.63, samples=954
  lat (nsec)   : 500=0.03%, 750=0.01%, 1000=0.02%
  lat (usec)   : 2=19.63%, 4=73.16%, 10=1.88%, 20=0.37%, 50=1.81%
  lat (usec)   : 100=2.91%, 250=0.19%, 500=0.01%, 750=0.01%, 1000=0.01%
  lat (msec)   : 2=0.01%, 4=0.01%, 10=0.01%
  cpu          : usr=7.31%, sys=51.25%, ctx=4958485, majf=0, minf=629
  IO depths    : 1=100.0%, 2=0.0%, 4=0.0%, 8=0.0%, 16=0.0%, 32=0.0%, >=64=0.0%
     submit    : 0=0.0%, 4=100.0%, 8=0.0%, 16=0.0%, 32=0.0%, 64=0.0%, >=64=0.0%
     complete  : 0=0.0%, 4=100.0%, 8=0.0%, 16=0.0%, 32=0.0%, 64=0.0%, >=64=0.0%
     issued rwts: total=85324542,0,0,0 short=0,0,0,0 dropped=0,0,0,0
     latency   : target=0, window=0, percentile=100.00%, depth=1

Run status group 0 (all jobs):
   READ: bw=10.8GiB/s (11.6GB/s), 10.8GiB/s-10.8GiB/s (11.6GB/s-11.6GB/s), io=325GiB (349GB), run=30004-30004msec
