randread: (g=0): rw=randread, bs=(R) 4096B-4096B, (W) 4096B-4096B, (T) 4096B-4096B, ioengine=psync, iodepth=1
...
fio-3.16
Starting 2 processes

randread: (groupid=0, jobs=2): err= 0: pid=241708: Thu Oct 30 15:31:36 2025
  read: IOPS=940k, BW=3673MiB/s (3852MB/s)(108GiB/30001msec)
    clat (nsec): min=340, max=8109.4k, avg=1878.26, stdev=7728.18
     lat (nsec): min=368, max=8109.8k, avg=1906.20, stdev=7729.72
    clat percentiles (nsec):
     |  1.00th=[  796],  5.00th=[  844], 10.00th=[  860], 20.00th=[  884],
     | 30.00th=[  908], 40.00th=[  924], 50.00th=[  948], 60.00th=[  980],
     | 70.00th=[ 1020], 80.00th=[ 1080], 90.00th=[ 1240], 95.00th=[ 1448],
     | 99.00th=[59648], 99.50th=[63744], 99.90th=[71168], 99.95th=[79360],
     | 99.99th=[94720]
   bw (  MiB/s): min=  124, max= 6477, per=98.73%, avg=3626.40, stdev=1483.74, samples=118
   iops        : min=31878, max=1658308, avg=928357.42, stdev=379836.57, samples=118
  lat (nsec)   : 500=0.04%, 750=0.16%, 1000=66.05%
  lat (usec)   : 2=31.52%, 4=0.26%, 10=0.11%, 20=0.32%, 50=0.40%
  lat (usec)   : 100=1.14%, 250=0.01%, 500=0.01%, 1000=0.01%
  lat (msec)   : 2=0.01%, 4=0.01%, 10=0.01%
  cpu          : usr=16.19%, sys=50.34%, ctx=540775, majf=0, minf=36
  IO depths    : 1=100.0%, 2=0.0%, 4=0.0%, 8=0.0%, 16=0.0%, 32=0.0%, >=64=0.0%
     submit    : 0=0.0%, 4=100.0%, 8=0.0%, 16=0.0%, 32=0.0%, 64=0.0%, >=64=0.0%
     complete  : 0=0.0%, 4=100.0%, 8=0.0%, 16=0.0%, 32=0.0%, 64=0.0%, >=64=0.0%
     issued rwts: total=28210221,0,0,0 short=0,0,0,0 dropped=0,0,0,0
     latency   : target=0, window=0, percentile=100.00%, depth=1

Run status group 0 (all jobs):
   READ: bw=3673MiB/s (3852MB/s), 3673MiB/s-3673MiB/s (3852MB/s-3852MB/s), io=108GiB (116GB), run=30001-30001msec
