randread: (g=0): rw=randread, bs=(R) 128KiB-128KiB, (W) 128KiB-128KiB, (T) 128KiB-128KiB, ioengine=psync, iodepth=1
...
fio-3.16
Starting 4 processes

randread: (groupid=0, jobs=4): err= 0: pid=53448: Thu Oct 30 02:05:30 2025
  read: IOPS=19.1k, BW=2393MiB/s (2509MB/s)(2048MiB/856msec)
    clat (usec): min=6, max=8462, avg=201.57, stdev=187.59
     lat (usec): min=6, max=8463, avg=201.64, stdev=187.60
    clat percentiles (usec):
     |  1.00th=[   16],  5.00th=[   19], 10.00th=[   23], 20.00th=[   29],
     | 30.00th=[   32], 40.00th=[  239], 50.00th=[  277], 60.00th=[  293],
     | 70.00th=[  306], 80.00th=[  318], 90.00th=[  334], 95.00th=[  355],
     | 99.00th=[  392], 99.50th=[  408], 99.90th=[  445], 99.95th=[  457],
     | 99.99th=[ 8455]
   bw (  MiB/s): min= 2009, max= 2009, per=84.00%, avg=2009.75, stdev= 0.00, samples=4
   iops        : min=16078, max=16078, avg=16078.00, stdev= 0.00, samples=4
  lat (usec)   : 10=0.04%, 20=5.58%, 50=31.12%, 100=0.58%, 250=5.36%
  lat (usec)   : 500=57.29%
  lat (msec)   : 10=0.02%
  cpu          : usr=0.51%, sys=28.28%, ctx=11171, majf=0, minf=168
  IO depths    : 1=100.0%, 2=0.0%, 4=0.0%, 8=0.0%, 16=0.0%, 32=0.0%, >=64=0.0%
     submit    : 0=0.0%, 4=100.0%, 8=0.0%, 16=0.0%, 32=0.0%, 64=0.0%, >=64=0.0%
     complete  : 0=0.0%, 4=100.0%, 8=0.0%, 16=0.0%, 32=0.0%, 64=0.0%, >=64=0.0%
     issued rwts: total=16384,0,0,0 short=0,0,0,0 dropped=0,0,0,0
     latency   : target=0, window=0, percentile=100.00%, depth=1

Run status group 0 (all jobs):
   READ: bw=2393MiB/s (2509MB/s), 2393MiB/s-2393MiB/s (2509MB/s-2509MB/s), io=2048MiB (2147MB), run=856-856msec
