randread: (g=0): rw=randread, bs=(R) 4096B-4096B, (W) 4096B-4096B, (T) 4096B-4096B, ioengine=psync, iodepth=1
fio-3.16
Starting 1 process

randread: (groupid=0, jobs=1): err= 0: pid=20668: Thu Oct 30 01:19:44 2025
  read: IOPS=25.7k, BW=100MiB/s (105MB/s)(128MiB/1276msec)
    clat (nsec): min=387, max=8044.9k, avg=38588.89, stdev=53761.68
     lat (nsec): min=413, max=8045.3k, avg=38636.88, stdev=53764.27
    clat percentiles (nsec):
     |  1.00th=[   764],  5.00th=[   908], 10.00th=[  1012], 20.00th=[  1208],
     | 30.00th=[  1480], 40.00th=[ 19840], 50.00th=[ 58624], 60.00th=[ 61184],
     | 70.00th=[ 62720], 80.00th=[ 64768], 90.00th=[ 67072], 95.00th=[ 70144],
     | 99.00th=[ 90624], 99.50th=[ 95744], 99.90th=[102912], 99.95th=[110080],
     | 99.99th=[122368]
   bw (  KiB/s): min=70560, max=99368, per=82.71%, avg=84964.00, stdev=20370.33, samples=2
   iops        : min=17640, max=24842, avg=21241.00, stdev=5092.58, samples=2
  lat (nsec)   : 500=0.04%, 750=0.78%, 1000=8.58%
  lat (usec)   : 2=25.29%, 4=1.09%, 10=0.89%, 20=3.59%, 50=3.27%
  lat (usec)   : 100=56.27%, 250=0.21%
  lat (msec)   : 10=0.01%
  cpu          : usr=2.82%, sys=14.04%, ctx=21646, majf=0, minf=10
  IO depths    : 1=100.0%, 2=0.0%, 4=0.0%, 8=0.0%, 16=0.0%, 32=0.0%, >=64=0.0%
     submit    : 0=0.0%, 4=100.0%, 8=0.0%, 16=0.0%, 32=0.0%, 64=0.0%, >=64=0.0%
     complete  : 0=0.0%, 4=100.0%, 8=0.0%, 16=0.0%, 32=0.0%, 64=0.0%, >=64=0.0%
     issued rwts: total=32768,0,0,0 short=0,0,0,0 dropped=0,0,0,0
     latency   : target=0, window=0, percentile=100.00%, depth=1

Run status group 0 (all jobs):
   READ: bw=100MiB/s (105MB/s), 100MiB/s-100MiB/s (105MB/s-105MB/s), io=128MiB (134MB), run=1276-1276msec
