randread: (g=0): rw=randread, bs=(R) 128KiB-128KiB, (W) 128KiB-128KiB, (T) 128KiB-128KiB, ioengine=psync, iodepth=1
...
fio-3.16
Starting 2 processes

randread: (groupid=0, jobs=2): err= 0: pid=53401: Thu Oct 30 02:05:28 2025
  read: IOPS=10.8k, BW=1346MiB/s (1411MB/s)(1024MiB/761msec)
    clat (usec): min=10, max=8382, avg=182.19, stdev=177.69
     lat (usec): min=10, max=8382, avg=182.23, stdev=177.69
    clat percentiles (usec):
     |  1.00th=[   15],  5.00th=[   17], 10.00th=[   22], 20.00th=[   27],
     | 30.00th=[   30], 40.00th=[  223], 50.00th=[  241], 60.00th=[  269],
     | 70.00th=[  281], 80.00th=[  289], 90.00th=[  302], 95.00th=[  314],
     | 99.00th=[  343], 99.50th=[  351], 99.90th=[  367], 99.95th=[  379],
     | 99.99th=[ 8356]
   bw (  MiB/s): min= 1151, max= 1151, per=85.56%, avg=1151.25, stdev= 0.00, samples=2
   iops        : min= 9210, max= 9210, avg=9210.00, stdev= 0.00, samples=2
  lat (usec)   : 20=7.35%, 50=29.99%, 100=0.17%, 250=16.44%, 500=46.02%
  lat (msec)   : 10=0.02%
  cpu          : usr=0.54%, sys=29.03%, ctx=5437, majf=0, minf=82
  IO depths    : 1=100.0%, 2=0.0%, 4=0.0%, 8=0.0%, 16=0.0%, 32=0.0%, >=64=0.0%
     submit    : 0=0.0%, 4=100.0%, 8=0.0%, 16=0.0%, 32=0.0%, 64=0.0%, >=64=0.0%
     complete  : 0=0.0%, 4=100.0%, 8=0.0%, 16=0.0%, 32=0.0%, 64=0.0%, >=64=0.0%
     issued rwts: total=8192,0,0,0 short=0,0,0,0 dropped=0,0,0,0
     latency   : target=0, window=0, percentile=100.00%, depth=1

Run status group 0 (all jobs):
   READ: bw=1346MiB/s (1411MB/s), 1346MiB/s-1346MiB/s (1411MB/s-1411MB/s), io=1024MiB (1074MB), run=761-761msec
