randread: (g=0): rw=randread, bs=(R) 4096B-4096B, (W) 4096B-4096B, (T) 4096B-4096B, ioengine=psync, iodepth=1
...
fio-3.16
Starting 8 processes

randread: (groupid=0, jobs=8): err= 0: pid=242202: Thu Oct 30 15:32:38 2025
  read: IOPS=2564k, BW=9.78GiB/s (10.5GB/s)(293GiB/30002msec)
    clat (nsec): min=336, max=8159.3k, avg=2873.47, stdev=9800.44
     lat (nsec): min=363, max=8159.6k, avg=2902.67, stdev=9804.30
    clat percentiles (nsec):
     |  1.00th=[   916],  5.00th=[  1004], 10.00th=[  1064], 20.00th=[  1176],
     | 30.00th=[  1272], 40.00th=[  1368], 50.00th=[  1464], 60.00th=[  1544],
     | 70.00th=[  1640], 80.00th=[  1768], 90.00th=[  1976], 95.00th=[  2256],
     | 99.00th=[ 66048], 99.50th=[ 70144], 99.90th=[ 86528], 99.95th=[ 95744],
     | 99.99th=[115200]
   bw (  MiB/s): min=  464, max=19820, per=99.04%, avg=9917.97, stdev=1065.41, samples=475
   iops        : min=118868, max=5074146, avg=2539000.54, stdev=272743.92, samples=475
  lat (nsec)   : 500=0.04%, 750=0.02%, 1000=4.46%
  lat (usec)   : 2=86.25%, 4=6.25%, 10=0.17%, 20=0.32%, 50=0.79%
  lat (usec)   : 100=1.66%, 250=0.03%, 500=0.01%, 750=0.01%, 1000=0.01%
  lat (msec)   : 2=0.01%, 4=0.01%, 10=0.01%
  cpu          : usr=11.48%, sys=52.05%, ctx=2269735, majf=0, minf=292
  IO depths    : 1=100.0%, 2=0.0%, 4=0.0%, 8=0.0%, 16=0.0%, 32=0.0%, >=64=0.0%
     submit    : 0=0.0%, 4=100.0%, 8=0.0%, 16=0.0%, 32=0.0%, 64=0.0%, >=64=0.0%
     complete  : 0=0.0%, 4=100.0%, 8=0.0%, 16=0.0%, 32=0.0%, 64=0.0%, >=64=0.0%
     issued rwts: total=76910386,0,0,0 short=0,0,0,0 dropped=0,0,0,0
     latency   : target=0, window=0, percentile=100.00%, depth=1

Run status group 0 (all jobs):
   READ: bw=9.78GiB/s (10.5GB/s), 9.78GiB/s-9.78GiB/s (10.5GB/s-10.5GB/s), io=293GiB (315GB), run=30002-30002msec
