randwrite: (g=0): rw=randwrite, bs=(R) 128KiB-128KiB, (W) 128KiB-128KiB, (T) 128KiB-128KiB, ioengine=psync, iodepth=1
...
fio-3.16
Starting 4 processes

randwrite: (groupid=0, jobs=4): err= 0: pid=54330: Thu Oct 30 02:06:10 2025
  write: IOPS=18.0k, BW=2370MiB/s (2486MB/s)(2048MiB/864msec); 0 zone resets
    clat (usec): min=36, max=564, avg=112.93, stdev=30.60
     lat (usec): min=37, max=565, avg=113.85, stdev=30.76
    clat percentiles (usec):
     |  1.00th=[   73],  5.00th=[   75], 10.00th=[   76], 20.00th=[   77],
     | 30.00th=[  109], 40.00th=[  114], 50.00th=[  116], 60.00th=[  118],
     | 70.00th=[  120], 80.00th=[  123], 90.00th=[  155], 95.00th=[  163],
     | 99.00th=[  243], 99.50th=[  260], 99.90th=[  277], 99.95th=[  281],
     | 99.99th=[  306]
   bw (  KiB/s): min=952575, max=952576, per=39.24%, avg=952576.00, stdev= 0.00, samples=1
   iops        : min= 7441, max= 7442, avg=7442.00, stdev= 0.00, samples=1
  lat (usec)   : 50=0.09%, 100=26.39%, 250=72.77%, 500=0.74%, 750=0.01%
  cpu          : usr=0.64%, sys=22.35%, ctx=16405, majf=0, minf=33
  IO depths    : 1=100.0%, 2=0.0%, 4=0.0%, 8=0.0%, 16=0.0%, 32=0.0%, >=64=0.0%
     submit    : 0=0.0%, 4=100.0%, 8=0.0%, 16=0.0%, 32=0.0%, 64=0.0%, >=64=0.0%
     complete  : 0=0.0%, 4=100.0%, 8=0.0%, 16=0.0%, 32=0.0%, 64=0.0%, >=64=0.0%
     issued rwts: total=0,16384,0,4 short=0,0,0,0 dropped=0,0,0,0
     latency   : target=0, window=0, percentile=100.00%, depth=1

Run status group 0 (all jobs):
  WRITE: bw=2370MiB/s (2486MB/s), 2370MiB/s-2370MiB/s (2486MB/s-2486MB/s), io=2048MiB (2147MB), run=864-864msec
