randwrite: (g=0): rw=randwrite, bs=(R) 4096B-4096B, (W) 4096B-4096B, (T) 4096B-4096B, ioengine=psync, iodepth=1
...
fio-3.16
Starting 32 processes

randwrite: (groupid=0, jobs=32): err= 0: pid=258174: Thu Oct 30 15:40:44 2025
  write: IOPS=274k, BW=1071MiB/s (1123MB/s)(35.8GiB/34264msec); 0 zone resets
    clat (usec): min=11, max=75830, avg=101.37, stdev=143.50
     lat (usec): min=11, max=75830, avg=101.47, stdev=143.50
    clat percentiles (usec):
     |  1.00th=[   20],  5.00th=[   25], 10.00th=[   29], 20.00th=[   35],
     | 30.00th=[   42], 40.00th=[   50], 50.00th=[   60], 60.00th=[   75],
     | 70.00th=[   96], 80.00th=[  133], 90.00th=[  215], 95.00th=[  314],
     | 99.00th=[  619], 99.50th=[  807], 99.90th=[ 1418], 99.95th=[ 1778],
     | 99.99th=[ 2900]
   bw (  MiB/s): min=  393, max= 2906, per=100.00%, avg=1222.15, stdev=22.06, samples=1892
   iops        : min=100822, max=744187, avg=312870.30, stdev=5646.67, samples=1892
  lat (usec)   : 20=1.19%, 50=39.49%, 100=30.97%, 250=20.64%, 500=6.01%
  lat (usec)   : 750=1.10%, 1000=0.33%
  lat (msec)   : 2=0.24%, 4=0.03%, 10=0.01%, 20=0.01%, 50=0.01%
  lat (msec)   : 100=0.01%
  cpu          : usr=1.23%, sys=74.31%, ctx=9459418, majf=0, minf=1290
  IO depths    : 1=100.0%, 2=0.0%, 4=0.0%, 8=0.0%, 16=0.0%, 32=0.0%, >=64=0.0%
     submit    : 0=0.0%, 4=100.0%, 8=0.0%, 16=0.0%, 32=0.0%, 64=0.0%, >=64=0.0%
     complete  : 0=0.0%, 4=100.0%, 8=0.0%, 16=0.0%, 32=0.0%, 64=0.0%, >=64=0.0%
     issued rwts: total=0,9390996,0,32 short=0,0,0,0 dropped=0,0,0,0
     latency   : target=0, window=0, percentile=100.00%, depth=1

Run status group 0 (all jobs):
  WRITE: bw=1071MiB/s (1123MB/s), 1071MiB/s-1071MiB/s (1123MB/s-1123MB/s), io=35.8GiB (38.5GB), run=34264-34264msec
