read: (g=0): rw=read, bs=(R) 4096B-4096B, (W) 4096B-4096B, (T) 4096B-4096B, ioengine=psync, iodepth=1
...
fio-3.16
Starting 2 processes

read: (groupid=0, jobs=2): err= 0: pid=240239: Thu Oct 30 15:28:21 2025
  read: IOPS=2075k, BW=8105MiB/s (8499MB/s)(237GiB/30001msec)
    clat (nsec): min=414, max=8159.4k, avg=748.30, stdev=2616.16
     lat (nsec): min=442, max=8159.8k, avg=775.57, stdev=2616.50
    clat percentiles (nsec):
     |  1.00th=[   604],  5.00th=[   620], 10.00th=[   628], 20.00th=[   644],
     | 30.00th=[   660], 40.00th=[   676], 50.00th=[   700], 60.00th=[   732],
     | 70.00th=[   756], 80.00th=[   788], 90.00th=[   844], 95.00th=[   908],
     | 99.00th=[  1128], 99.50th=[  1272], 99.90th=[  2064], 99.95th=[  3184],
     | 99.99th=[103936]
   bw (  MiB/s): min= 1908, max= 8379, per=99.93%, avg=8099.73, stdev=584.95, samples=118
   iops        : min=488534, max=2145040, avg=2073531.14, stdev=149747.20, samples=118
  lat (nsec)   : 500=0.02%, 750=68.18%, 1000=29.28%
  lat (usec)   : 2=2.41%, 4=0.08%, 10=0.01%, 20=0.01%, 50=0.01%
  lat (usec)   : 100=0.01%, 250=0.01%, 500=0.01%, 750=0.01%, 1000=0.01%
  lat (msec)   : 2=0.01%, 4=0.01%, 10=0.01%
  cpu          : usr=31.45%, sys=67.44%, ctx=7430, majf=0, minf=23
  IO depths    : 1=100.0%, 2=0.0%, 4=0.0%, 8=0.0%, 16=0.0%, 32=0.0%, >=64=0.0%
     submit    : 0=0.0%, 4=100.0%, 8=0.0%, 16=0.0%, 32=0.0%, 64=0.0%, >=64=0.0%
     complete  : 0=0.0%, 4=100.0%, 8=0.0%, 16=0.0%, 32=0.0%, 64=0.0%, >=64=0.0%
     issued rwts: total=62249607,0,0,0 short=0,0,0,0 dropped=0,0,0,0
     latency   : target=0, window=0, percentile=100.00%, depth=1

Run status group 0 (all jobs):
   READ: bw=8105MiB/s (8499MB/s), 8105MiB/s-8105MiB/s (8499MB/s-8499MB/s), io=237GiB (255GB), run=30001-30001msec
