read: (g=0): rw=read, bs=(R) 128KiB-128KiB, (W) 128KiB-128KiB, (T) 128KiB-128KiB, ioengine=psync, iodepth=1
...
fio-3.16
Starting 2 processes

read: (groupid=0, jobs=2): err= 0: pid=52941: Thu Oct 30 02:05:08 2025
  read: IOPS=15.0k, BW=1996MiB/s (2093MB/s)(1024MiB/513msec)
    clat (usec): min=8, max=9226, avg=111.73, stdev=209.91
     lat (usec): min=8, max=9226, avg=111.78, stdev=209.90
    clat percentiles (usec):
     |  1.00th=[   11],  5.00th=[   12], 10.00th=[   13], 20.00th=[   16],
     | 30.00th=[   32], 40.00th=[   34], 50.00th=[   85], 60.00th=[  130],
     | 70.00th=[  159], 80.00th=[  190], 90.00th=[  227], 95.00th=[  277],
     | 99.00th=[  482], 99.50th=[  519], 99.90th=[  963], 99.95th=[ 3097],
     | 99.99th=[ 9241]
   bw (  KiB/s): min=1013504, max=1013504, per=49.58%, avg=1013504.00, stdev= 0.00, samples=1
   iops        : min= 7918, max= 7918, avg=7918.00, stdev= 0.00, samples=1
  lat (usec)   : 10=0.46%, 20=21.47%, 50=27.42%, 100=2.80%, 250=41.38%
  lat (usec)   : 500=5.79%, 750=0.57%, 1000=0.01%
  lat (msec)   : 4=0.06%, 10=0.04%
  cpu          : usr=0.00%, sys=57.19%, ctx=3811, majf=0, minf=84
  IO depths    : 1=100.0%, 2=0.0%, 4=0.0%, 8=0.0%, 16=0.0%, 32=0.0%, >=64=0.0%
     submit    : 0=0.0%, 4=100.0%, 8=0.0%, 16=0.0%, 32=0.0%, 64=0.0%, >=64=0.0%
     complete  : 0=0.0%, 4=100.0%, 8=0.0%, 16=0.0%, 32=0.0%, 64=0.0%, >=64=0.0%
     issued rwts: total=8192,0,0,0 short=0,0,0,0 dropped=0,0,0,0
     latency   : target=0, window=0, percentile=100.00%, depth=1

Run status group 0 (all jobs):
   READ: bw=1996MiB/s (2093MB/s), 1996MiB/s-1996MiB/s (2093MB/s-2093MB/s), io=1024MiB (1074MB), run=513-513msec
