read: (g=0): rw=read, bs=(R) 4096B-4096B, (W) 4096B-4096B, (T) 4096B-4096B, ioengine=psync, iodepth=1
...
fio-3.16
Starting 8 processes

read: (groupid=0, jobs=8): err= 0: pid=240732: Thu Oct 30 15:29:23 2025
  read: IOPS=5298k, BW=20.2GiB/s (21.7GB/s)(606GiB/30002msec)
    clat (nsec): min=390, max=11320k, avg=1290.25, stdev=10163.63
     lat (nsec): min=418, max=11320k, avg=1318.07, stdev=10164.32
    clat percentiles (nsec):
     |  1.00th=[   636],  5.00th=[   700], 10.00th=[   756], 20.00th=[   876],
     | 30.00th=[   972], 40.00th=[  1048], 50.00th=[  1128], 60.00th=[  1192],
     | 70.00th=[  1288], 80.00th=[  1384], 90.00th=[  1528], 95.00th=[  1672],
     | 99.00th=[  2256], 99.50th=[  2768], 99.90th=[  7136], 99.95th=[ 14784],
     | 99.99th=[602112]
   bw (  MiB/s): min= 2398, max=25027, per=99.82%, avg=20656.66, stdev=814.12, samples=473
   iops        : min=614126, max=6407092, avg=5288104.19, stdev=208414.97, samples=473
  lat (nsec)   : 500=0.02%, 750=9.21%, 1000=24.71%
  lat (usec)   : 2=64.45%, 4=1.40%, 10=0.12%, 20=0.05%, 50=0.01%
  lat (usec)   : 100=0.01%, 250=0.01%, 500=0.01%, 750=0.01%, 1000=0.01%
  lat (msec)   : 2=0.01%, 4=0.01%, 10=0.01%, 20=0.01%
  cpu          : usr=20.65%, sys=73.08%, ctx=35782, majf=0, minf=276
  IO depths    : 1=100.0%, 2=0.0%, 4=0.0%, 8=0.0%, 16=0.0%, 32=0.0%, >=64=0.0%
     submit    : 0=0.0%, 4=100.0%, 8=0.0%, 16=0.0%, 32=0.0%, 64=0.0%, >=64=0.0%
     complete  : 0=0.0%, 4=100.0%, 8=0.0%, 16=0.0%, 32=0.0%, 64=0.0%, >=64=0.0%
     issued rwts: total=158943576,0,0,0 short=0,0,0,0 dropped=0,0,0,0
     latency   : target=0, window=0, percentile=100.00%, depth=1

Run status group 0 (all jobs):
   READ: bw=20.2GiB/s (21.7GB/s), 20.2GiB/s-20.2GiB/s (21.7GB/s-21.7GB/s), io=606GiB (651GB), run=30002-30002msec
