read: (g=0): rw=read, bs=(R) 128KiB-128KiB, (W) 128KiB-128KiB, (T) 128KiB-128KiB, ioengine=psync, iodepth=1
...
fio-3.16
Starting 32 processes

read: (groupid=0, jobs=32): err= 0: pid=53206: Thu Oct 30 02:05:23 2025
  read: IOPS=24.6k, BW=3081MiB/s (3231MB/s)(16.0GiB/5318msec)
    clat (usec): min=9, max=17875, avg=1289.56, stdev=1856.59
     lat (usec): min=9, max=17875, avg=1289.68, stdev=1856.54
    clat percentiles (usec):
     |  1.00th=[   15],  5.00th=[   23], 10.00th=[   28], 20.00th=[   40],
     | 30.00th=[   50], 40.00th=[   69], 50.00th=[  121], 60.00th=[  314],
     | 70.00th=[ 2180], 80.00th=[ 2802], 90.00th=[ 3916], 95.00th=[ 5342],
     | 99.00th=[ 7177], 99.50th=[ 7701], 99.90th=[ 8979], 99.95th=[ 9765],
     | 99.99th=[13042]
   bw (  MiB/s): min= 2905, max= 3256, per=99.92%, avg=3078.28, stdev= 3.39, samples=320
   iops        : min=23240, max=26054, avg=24625.40, stdev=27.11, samples=320
  lat (usec)   : 10=0.01%, 20=3.60%, 50=26.81%, 100=16.73%, 250=11.44%
  lat (usec)   : 500=3.58%, 750=1.73%, 1000=1.05%
  lat (msec)   : 2=3.31%, 4=22.10%, 10=9.61%, 20=0.04%
  cpu          : usr=0.21%, sys=8.57%, ctx=60371, majf=0, minf=1358
  IO depths    : 1=100.0%, 2=0.0%, 4=0.0%, 8=0.0%, 16=0.0%, 32=0.0%, >=64=0.0%
     submit    : 0=0.0%, 4=100.0%, 8=0.0%, 16=0.0%, 32=0.0%, 64=0.0%, >=64=0.0%
     complete  : 0=0.0%, 4=100.0%, 8=0.0%, 16=0.0%, 32=0.0%, 64=0.0%, >=64=0.0%
     issued rwts: total=131072,0,0,0 short=0,0,0,0 dropped=0,0,0,0
     latency   : target=0, window=0, percentile=100.00%, depth=1

Run status group 0 (all jobs):
   READ: bw=3081MiB/s (3231MB/s), 3081MiB/s-3081MiB/s (3231MB/s-3231MB/s), io=16.0GiB (17.2GB), run=5318-5318msec
