write: (g=0): rw=write, bs=(R) 4096B-4096B, (W) 4096B-4096B, (T) 4096B-4096B, ioengine=psync, iodepth=1
...
fio-3.16
Starting 2 processes

write: (groupid=0, jobs=2): err= 0: pid=21101: Thu Oct 30 01:19:59 2025
  write: IOPS=155k, BW=604MiB/s (633MB/s)(256MiB/424msec); 0 zone resets
    clat (nsec): min=8377, max=37460, avg=9532.48, stdev=908.61
     lat (nsec): min=8423, max=37507, avg=9581.36, stdev=912.16
    clat percentiles (nsec):
     |  1.00th=[ 8768],  5.00th=[ 8896], 10.00th=[ 8896], 20.00th=[ 9024],
     | 30.00th=[ 9152], 40.00th=[ 9152], 50.00th=[ 9280], 60.00th=[ 9408],
     | 70.00th=[ 9536], 80.00th=[ 9920], 90.00th=[10560], 95.00th=[10944],
     | 99.00th=[12224], 99.50th=[13120], 99.90th=[20096], 99.95th=[22144],
     | 99.99th=[32384]
  lat (usec)   : 10=80.83%, 20=19.07%, 50=0.10%
  cpu          : usr=4.49%, sys=27.30%, ctx=65550, majf=0, minf=21
  IO depths    : 1=100.0%, 2=0.0%, 4=0.0%, 8=0.0%, 16=0.0%, 32=0.0%, >=64=0.0%
     submit    : 0=0.0%, 4=100.0%, 8=0.0%, 16=0.0%, 32=0.0%, 64=0.0%, >=64=0.0%
     complete  : 0=0.0%, 4=100.0%, 8=0.0%, 16=0.0%, 32=0.0%, 64=0.0%, >=64=0.0%
     issued rwts: total=0,65536,0,2 short=0,0,0,0 dropped=0,0,0,0
     latency   : target=0, window=0, percentile=100.00%, depth=1

Run status group 0 (all jobs):
  WRITE: bw=604MiB/s (633MB/s), 604MiB/s-604MiB/s (633MB/s-633MB/s), io=256MiB (268MB), run=424-424msec
