/usr/bin/java  -classpath /home/ldy/src/YCSB/conf:/home/ldy/src/YCSB/core/target/core-0.17.0.jar:/home/ldy/src/YCSB/rocksdb/target/rocksdb-binding-0.17.0.jar:/home/ldy/src/YCSB/rocksdb/target/dependency/HdrHistogram-2.1.4.jar:/home/ldy/src/YCSB/rocksdb/target/dependency/htrace-core4-4.1.0-incubating.jar:/home/ldy/src/YCSB/rocksdb/target/dependency/jcip-annotations-1.0.jar:/home/ldy/src/YCSB/rocksdb/target/dependency/rocksdbjni-5.11.3.jar:/home/ldy/src/YCSB/rocksdb/target/dependency/slf4j-api-1.7.25.jar:/home/ldy/src/YCSB/rocksdb/target/dependency/slf4j-simple-1.7.25.jar site.ycsb.Client -t -db site.ycsb.db.rocksdb.RocksDBClient -P ../../../YCSB/LDY_bound_setting/io_bound_run.properties -p rocksdb.dir=/mnt/test -p rocksdb.optionsfile=../../../YCSB/LDY_bound_setting/io_bound.ini
Command line: -t -db site.ycsb.db.rocksdb.RocksDBClient -P ../../../YCSB/LDY_bound_setting/io_bound_run.properties -p rocksdb.dir=/mnt/test -p rocksdb.optionsfile=../../../YCSB/LDY_bound_setting/io_bound.ini
YCSB Client 0.17.0

Loading workload...
Starting test.
[Thread-1] INFO site.ycsb.db.rocksdb.RocksDBClient - RocksDB data dir: /mnt/test
DBWrapper: report latency for each error is false and specific error codes to track for latency are: []
[OVERALL], RunTime(ms), 82561
[OVERALL], Throughput(ops/sec), 9689.80511379465
[TOTAL_GCS_G1_Young_Generation], Count, 17
[TOTAL_GC_TIME_G1_Young_Generation], Time(ms), 103
[TOTAL_GC_TIME_%_G1_Young_Generation], Time(%), 0.1247562408401061
[TOTAL_GCS_G1_Old_Generation], Count, 0
[TOTAL_GC_TIME_G1_Old_Generation], Time(ms), 0
[TOTAL_GC_TIME_%_G1_Old_Generation], Time(%), 0.0
[TOTAL_GCs], Count, 17
[TOTAL_GC_TIME], Time(ms), 103
[TOTAL_GC_TIME_%], Time(%), 0.1247562408401061
[READ], Operations, 79769
[READ], AverageLatency(us), 191.02381877671777
[READ], MinLatency(us), 4
[READ], MaxLatency(us), 14959
[READ], 95thPercentileLatency(us), 343
[READ], 99thPercentileLatency(us), 828
[READ], Return=OK, 79769
[CLEANUP], Operations, 1
[CLEANUP], AverageLatency(us), 192704.0
[CLEANUP], MinLatency(us), 192640
[CLEANUP], MaxLatency(us), 192767
[CLEANUP], 95thPercentileLatency(us), 192767
[CLEANUP], 99thPercentileLatency(us), 192767
[INSERT], Operations, 559448
[INSERT], AverageLatency(us), 45.5661670074788
[INSERT], MinLatency(us), 31
[INSERT], MaxLatency(us), 61247
[INSERT], 95thPercentileLatency(us), 72
[INSERT], 99thPercentileLatency(us), 101
[INSERT], Return=OK, 559448
[UPDATE], Operations, 160783
[UPDATE], AverageLatency(us), 242.45805215725542
[UPDATE], MinLatency(us), 37
[UPDATE], MaxLatency(us), 49695
[UPDATE], 95thPercentileLatency(us), 412
[UPDATE], 99thPercentileLatency(us), 914
[UPDATE], Return=OK, 160783
