/usr/bin/java  -classpath /home/ldy/src/YCSB/conf:/home/ldy/src/YCSB/core/target/core-0.17.0.jar:/home/ldy/src/YCSB/rocksdb/target/rocksdb-binding-0.17.0.jar:/home/ldy/src/YCSB/rocksdb/target/dependency/HdrHistogram-2.1.4.jar:/home/ldy/src/YCSB/rocksdb/target/dependency/htrace-core4-4.1.0-incubating.jar:/home/ldy/src/YCSB/rocksdb/target/dependency/jcip-annotations-1.0.jar:/home/ldy/src/YCSB/rocksdb/target/dependency/rocksdbjni-5.11.3.jar:/home/ldy/src/YCSB/rocksdb/target/dependency/slf4j-api-1.7.25.jar:/home/ldy/src/YCSB/rocksdb/target/dependency/slf4j-simple-1.7.25.jar site.ycsb.Client -t -db site.ycsb.db.rocksdb.RocksDBClient -P ../../../YCSB/LDY_bound_setting/mem_bound_run.properties -p rocksdb.dir=/mnt/test -p rocksdb.optionsfile=../../../YCSB/LDY_bound_setting/mem_bound.ini
Command line: -t -db site.ycsb.db.rocksdb.RocksDBClient -P ../../../YCSB/LDY_bound_setting/mem_bound_run.properties -p rocksdb.dir=/mnt/test -p rocksdb.optionsfile=../../../YCSB/LDY_bound_setting/mem_bound.ini
YCSB Client 0.17.0

Loading workload...
Starting test.
[Thread-1] INFO site.ycsb.db.rocksdb.RocksDBClient - RocksDB data dir: /mnt/test
DBWrapper: report latency for each error is false and specific error codes to track for latency are: []
[OVERALL], RunTime(ms), 17893
[OVERALL], Throughput(ops/sec), 44710.221874476054
[TOTAL_GCS_G1_Young_Generation], Count, 2
[TOTAL_GC_TIME_G1_Young_Generation], Time(ms), 20
[TOTAL_GC_TIME_%_G1_Young_Generation], Time(%), 0.11177555468619013
[TOTAL_GCS_G1_Old_Generation], Count, 0
[TOTAL_GC_TIME_G1_Old_Generation], Time(ms), 0
[TOTAL_GC_TIME_%_G1_Old_Generation], Time(%), 0.0
[TOTAL_GCs], Count, 2
[TOTAL_GC_TIME], Time(ms), 20
[TOTAL_GC_TIME_%], Time(%), 0.11177555468619013
[READ], Operations, 800000
[READ], AverageLatency(us), 20.25464625
[READ], MinLatency(us), 1
[READ], MaxLatency(us), 15423
[READ], 95thPercentileLatency(us), 56
[READ], 99thPercentileLatency(us), 100
[READ], Return=OK, 800000
[CLEANUP], Operations, 1
[CLEANUP], AverageLatency(us), 19064.0
[CLEANUP], MinLatency(us), 19056
[CLEANUP], MaxLatency(us), 19071
[CLEANUP], 95thPercentileLatency(us), 19071
[CLEANUP], 99thPercentileLatency(us), 19071
