Linux 5.15.0 (noslab-gpu) 	11/14/2025 	_x86_64_	(40 CPU)

# Time        UID       PID    %usr %system  %guest   %wait    %CPU   CPU  Command
04:03:23 AM     0    417546  115.84   58.42    0.00    0.00  174.26     6  java

# Time        UID       PID    %usr %system  %guest   %wait    %CPU   CPU  Command
04:03:24 AM     0    417546   60.00   84.00    0.00    0.00  144.00     6  java

# Time        UID       PID    %usr %system  %guest   %wait    %CPU   CPU  Command
04:03:25 AM     0    417546   21.00   78.00    0.00    0.00   99.00     6  java

# Time        UID       PID    %usr %system  %guest   %wait    %CPU   CPU  Command
04:03:26 AM     0    417546   20.00   79.00    0.00    0.00   99.00     6  java

# Time        UID       PID    %usr %system  %guest   %wait    %CPU   CPU  Command
04:03:27 AM     0    417546   15.00   83.00    0.00    0.00   98.00     6  java

# Time        UID       PID    %usr %system  %guest   %wait    %CPU   CPU  Command
04:03:28 AM     0    417546   26.00   83.00    0.00    0.00  109.00     6  java

# Time        UID       PID    %usr %system  %guest   %wait    %CPU   CPU  Command
04:03:29 AM     0    417546   35.00  123.00    0.00    0.00  158.00     6  java

# Time        UID       PID    %usr %system  %guest   %wait    %CPU   CPU  Command
04:03:30 AM     0    417546   37.00  117.00    0.00    0.00  154.00     6  java

# Time        UID       PID    %usr %system  %guest   %wait    %CPU   CPU  Command
04:03:31 AM     0    417546   18.00   81.00    0.00    0.00   99.00     6  java

# Time        UID       PID    %usr %system  %guest   %wait    %CPU   CPU  Command
04:03:32 AM     0    417546   27.00   82.00    0.00    0.00  109.00     6  java

# Time        UID       PID    %usr %system  %guest   %wait    %CPU   CPU  Command
04:03:33 AM     0    417546   18.00   80.00    0.00    0.00   98.00     6  java

# Time        UID       PID    %usr %system  %guest   %wait    %CPU   CPU  Command
04:03:34 AM     0    417546   20.00   80.00    0.00    0.00  100.00     6  java

# Time        UID       PID    %usr %system  %guest   %wait    %CPU   CPU  Command
04:03:35 AM     0    417546   41.00  120.00    0.00    0.00  161.00     6  java

# Time        UID       PID    %usr %system  %guest   %wait    %CPU   CPU  Command
04:03:36 AM     0    417546   52.00  127.00    0.00    0.00  179.00     6  java

# Time        UID       PID    %usr %system  %guest   %wait    %CPU   CPU  Command
04:03:37 AM     0    417546   67.00  132.00    0.00    0.00  199.00     6  java

# Time        UID       PID    %usr %system  %guest   %wait    %CPU   CPU  Command
04:03:38 AM     0    417546   54.00  136.00    0.00    0.00  190.00     6  java

# Time        UID       PID    %usr %system  %guest   %wait    %CPU   CPU  Command
04:03:39 AM     0    417546   57.00  127.00    0.00    0.00  184.00     6  java

# Time        UID       PID    %usr %system  %guest   %wait    %CPU   CPU  Command
04:03:40 AM     0    417546   18.00   87.00    0.00    0.00  105.00     6  java

# Time        UID       PID    %usr %system  %guest   %wait    %CPU   CPU  Command
04:03:41 AM     0    417546   21.00   93.00    0.00    0.00  114.00     6  java

# Time        UID       PID    %usr %system  %guest   %wait    %CPU   CPU  Command
04:03:42 AM     0    417546   52.00  139.00    0.00    0.00  191.00     6  java

# Time        UID       PID    %usr %system  %guest   %wait    %CPU   CPU  Command
04:03:43 AM     0    417546   17.00   82.00    0.00    0.00   99.00     6  java

# Time        UID       PID    %usr %system  %guest   %wait    %CPU   CPU  Command
04:03:44 AM     0    417546   19.00   80.00    0.00    0.00   99.00     6  java

# Time        UID       PID    %usr %system  %guest   %wait    %CPU   CPU  Command
04:03:45 AM     0    417546   19.00   81.00    0.00    0.00  100.00     6  java

# Time        UID       PID    %usr %system  %guest   %wait    %CPU   CPU  Command
04:03:46 AM     0    417546   21.00   78.00    0.00    0.00   99.00     6  java

# Time        UID       PID    %usr %system  %guest   %wait    %CPU   CPU  Command
04:03:47 AM     0    417546   45.00  109.00    0.00    0.00  154.00     6  java

# Time        UID       PID    %usr %system  %guest   %wait    %CPU   CPU  Command
04:03:48 AM     0    417546   43.00  138.00    0.00    0.00  181.00     6  java

# Time        UID       PID    %usr %system  %guest   %wait    %CPU   CPU  Command
04:03:49 AM     0    417546   53.00  135.00    0.00    0.00  188.00     6  java

# Time        UID       PID    %usr %system  %guest   %wait    %CPU   CPU  Command
04:03:50 AM     0    417546   57.00  127.00    0.00    0.00  184.00     6  java

# Time        UID       PID    %usr %system  %guest   %wait    %CPU   CPU  Command
04:03:51 AM     0    417546   58.00  132.00    0.00    0.00  190.00     6  java

# Time        UID       PID    %usr %system  %guest   %wait    %CPU   CPU  Command
04:03:52 AM     0    417546   69.00  127.00    0.00    0.00  196.00     6  java

# Time        UID       PID    %usr %system  %guest   %wait    %CPU   CPU  Command
04:03:53 AM     0    417546   55.00  131.00    0.00    0.00  186.00     6  java

# Time        UID       PID    %usr %system  %guest   %wait    %CPU   CPU  Command
04:03:54 AM     0    417546   80.00  174.00    0.00    0.00  254.00     6  java

# Time        UID       PID    %usr %system  %guest   %wait    %CPU   CPU  Command
04:03:55 AM     0    417546   60.40  172.28    0.00    0.00  232.67     6  java

# Time        UID       PID    %usr %system  %guest   %wait    %CPU   CPU  Command
04:03:56 AM     0    417546   71.00  118.00    0.00    0.00  189.00     6  java

# Time        UID       PID    %usr %system  %guest   %wait    %CPU   CPU  Command
04:03:57 AM     0    417546   68.00  129.00    0.00    0.00  197.00     6  java

# Time        UID       PID    %usr %system  %guest   %wait    %CPU   CPU  Command
04:03:58 AM     0    417546   62.00  124.00    0.00    0.00  186.00     6  java

# Time        UID       PID    %usr %system  %guest   %wait    %CPU   CPU  Command
04:03:59 AM     0    417546   46.00  112.00    0.00    0.00  158.00     6  java

# Time        UID       PID    %usr %system  %guest   %wait    %CPU   CPU  Command
04:04:00 AM     0    417546   34.00   84.00    0.00    0.00  118.00     6  java

# Time        UID       PID    %usr %system  %guest   %wait    %CPU   CPU  Command
04:04:01 AM     0    417546   43.00  141.00    0.00    0.00  184.00     6  java

# Time        UID       PID    %usr %system  %guest   %wait    %CPU   CPU  Command
04:04:02 AM     0    417546   68.00  133.00    0.00    0.00  201.00     6  java

# Time        UID       PID    %usr %system  %guest   %wait    %CPU   CPU  Command
04:04:03 AM     0    417546   54.00  132.00    0.00    0.00  186.00     6  java

# Time        UID       PID    %usr %system  %guest   %wait    %CPU   CPU  Command
04:04:04 AM     0    417546   49.00  136.00    0.00    0.00  185.00     6  java

# Time        UID       PID    %usr %system  %guest   %wait    %CPU   CPU  Command
04:04:05 AM     0    417546   52.00  135.00    0.00    0.00  187.00     6  java

# Time        UID       PID    %usr %system  %guest   %wait    %CPU   CPU  Command
04:04:06 AM     0    417546   54.00  135.00    0.00    0.00  189.00     6  java

# Time        UID       PID    %usr %system  %guest   %wait    %CPU   CPU  Command
04:04:07 AM     0    417546   65.00  166.00    0.00    0.00  231.00     6  java

# Time        UID       PID    %usr %system  %guest   %wait    %CPU   CPU  Command
04:04:08 AM     0    417546   64.00  185.00    0.00    0.00  249.00     6  java

# Time        UID       PID    %usr %system  %guest   %wait    %CPU   CPU  Command
04:04:09 AM     0    417546   60.00  129.00    0.00    0.00  189.00     6  java

# Time        UID       PID    %usr %system  %guest   %wait    %CPU   CPU  Command
04:04:10 AM     0    417546   52.00  135.00    0.00    0.00  187.00     6  java

# Time        UID       PID    %usr %system  %guest   %wait    %CPU   CPU  Command
04:04:11 AM     0    417546   60.00  127.00    0.00    0.00  187.00     6  java

# Time        UID       PID    %usr %system  %guest   %wait    %CPU   CPU  Command
04:04:12 AM     0    417546   64.00  123.00    0.00    0.00  187.00     6  java

# Time        UID       PID    %usr %system  %guest   %wait    %CPU   CPU  Command
04:04:13 AM     0    417546   75.00  123.00    0.00    0.00  198.00     6  java

# Time        UID       PID    %usr %system  %guest   %wait    %CPU   CPU  Command
04:04:14 AM     0    417546   33.00  129.00    0.00    0.00  162.00     6  java

# Time        UID       PID    %usr %system  %guest   %wait    %CPU   CPU  Command
04:04:15 AM     0    417546   47.00  133.00    0.00    0.00  180.00     6  java

# Time        UID       PID    %usr %system  %guest   %wait    %CPU   CPU  Command
04:04:16 AM     0    417546   54.00  134.00    0.00    0.00  188.00     6  java

# Time        UID       PID    %usr %system  %guest   %wait    %CPU   CPU  Command
04:04:17 AM     0    417546   61.00  129.00    0.00    0.00  190.00     6  java

# Time        UID       PID    %usr %system  %guest   %wait    %CPU   CPU  Command
04:04:18 AM     0    417546   62.00  133.00    0.00    0.00  195.00     6  java

# Time        UID       PID    %usr %system  %guest   %wait    %CPU   CPU  Command
04:04:19 AM     0    417546   56.00  132.00    0.00    0.00  188.00     6  java

# Time        UID       PID    %usr %system  %guest   %wait    %CPU   CPU  Command
04:04:20 AM     0    417546   53.00  135.00    0.00    0.00  188.00     6  java

# Time        UID       PID    %usr %system  %guest   %wait    %CPU   CPU  Command
04:04:21 AM     0    417546   73.00  176.00    0.00    0.00  249.00     6  java

# Time        UID       PID    %usr %system  %guest   %wait    %CPU   CPU  Command
04:04:22 AM     0    417546   68.00  166.00    0.00    0.00  234.00     6  java

# Time        UID       PID    %usr %system  %guest   %wait    %CPU   CPU  Command
04:04:23 AM     0    417546   74.00  125.00    0.00    0.00  199.00     6  java

# Time        UID       PID    %usr %system  %guest   %wait    %CPU   CPU  Command
04:04:24 AM     0    417546   59.00  130.00    0.00    0.00  189.00     6  java

# Time        UID       PID    %usr %system  %guest   %wait    %CPU   CPU  Command
04:04:25 AM     0    417546   58.00  126.00    0.00    0.00  184.00     6  java

# Time        UID       PID    %usr %system  %guest   %wait    %CPU   CPU  Command
04:04:26 AM     0    417546   58.00  130.00    0.00    0.00  188.00     6  java

# Time        UID       PID    %usr %system  %guest   %wait    %CPU   CPU  Command
04:04:27 AM     0    417546   59.00  127.00    0.00    0.00  186.00     6  java

# Time        UID       PID    %usr %system  %guest   %wait    %CPU   CPU  Command
04:04:28 AM     0    417546   90.00  187.00    0.00    0.00  277.00     6  java

# Time        UID       PID    %usr %system  %guest   %wait    %CPU   CPU  Command
04:04:29 AM     0    417546   73.00  130.00    0.00    0.00  203.00     6  java

# Time        UID       PID    %usr %system  %guest   %wait    %CPU   CPU  Command
04:04:30 AM     0    417546   66.00  124.00    0.00    0.00  190.00     6  java

# Time        UID       PID    %usr %system  %guest   %wait    %CPU   CPU  Command
04:04:31 AM     0    417546   59.00  129.00    0.00    0.00  188.00     6  java

# Time        UID       PID    %usr %system  %guest   %wait    %CPU   CPU  Command
04:04:32 AM     0    417546   62.00  129.00    0.00    0.00  191.00     6  java

# Time        UID       PID    %usr %system  %guest   %wait    %CPU   CPU  Command
04:04:33 AM     0    417546   51.00  135.00    0.00    0.00  186.00     6  java

# Time        UID       PID    %usr %system  %guest   %wait    %CPU   CPU  Command
04:04:34 AM     0    417546   72.00  148.00    0.00    0.00  220.00     6  java

# Time        UID       PID    %usr %system  %guest   %wait    %CPU   CPU  Command
04:04:35 AM     0    417546   69.00  178.00    0.00    0.00  247.00     6  java

# Time        UID       PID    %usr %system  %guest   %wait    %CPU   CPU  Command
04:04:36 AM     0    417546   54.00  135.00    0.00    0.00  189.00     6  java

# Time        UID       PID    %usr %system  %guest   %wait    %CPU   CPU  Command
04:04:37 AM     0    417546   59.00  124.00    0.00    0.00  183.00     6  java

# Time        UID       PID    %usr %system  %guest   %wait    %CPU   CPU  Command
04:04:38 AM     0    417546   51.00  136.00    0.00    0.00  187.00     6  java

# Time        UID       PID    %usr %system  %guest   %wait    %CPU   CPU  Command
04:04:39 AM     0    417546   66.00  119.00    0.00    0.00  185.00     6  java

# Time        UID       PID    %usr %system  %guest   %wait    %CPU   CPU  Command
04:04:40 AM     0    417546   69.00  120.00    0.00    0.00  189.00     6  java

# Time        UID       PID    %usr %system  %guest   %wait    %CPU   CPU  Command
04:04:41 AM     0    417546   78.00  155.00    0.00    0.00  233.00     6  java

# Time        UID       PID    %usr %system  %guest   %wait    %CPU   CPU  Command
04:04:42 AM     0    417546   80.00  171.00    0.00    0.00  251.00     6  java

# Time        UID       PID    %usr %system  %guest   %wait    %CPU   CPU  Command
04:04:43 AM     0    417546   60.00  125.00    0.00    0.00  185.00     6  java

# Time        UID       PID    %usr %system  %guest   %wait    %CPU   CPU  Command
04:04:44 AM     0    417546   67.00  125.00    0.00    0.00  192.00     6  java

# Time        UID       PID    %usr %system  %guest   %wait    %CPU   CPU  Command
04:04:45 AM     0    417546   62.00  128.00    0.00    0.00  190.00     6  java

# Time        UID       PID    %usr %system  %guest   %wait    %CPU   CPU  Command

# Time        UID       PID    %usr %system  %guest   %wait    %CPU   CPU  Command
04:04:47 AM     0    418211   23.00    1.00    0.00    0.00   24.00    25  java

# Time        UID       PID    %usr %system  %guest   %wait    %CPU   CPU  Command
04:04:48 AM     0    418211   63.00   58.00    0.00    0.00  121.00    25  java

# Time        UID       PID    %usr %system  %guest   %wait    %CPU   CPU  Command
04:04:49 AM     0    418211   63.00   73.00    0.00    0.00  136.00    25  java

# Time        UID       PID    %usr %system  %guest   %wait    %CPU   CPU  Command
04:04:50 AM     0    418211  101.00  101.00    0.00    0.00  202.00    25  java

# Time        UID       PID    %usr %system  %guest   %wait    %CPU   CPU  Command
04:04:51 AM     0    418211  191.00  109.00    0.00    0.00  300.00    25  java

# Time        UID       PID    %usr %system  %guest   %wait    %CPU   CPU  Command
04:04:52 AM     0    418211  123.00  101.00    0.00    0.00  224.00    25  java

# Time        UID       PID    %usr %system  %guest   %wait    %CPU   CPU  Command
04:04:53 AM     0    418211   77.00  102.00    0.00    0.00  179.00    25  java

# Time        UID       PID    %usr %system  %guest   %wait    %CPU   CPU  Command
04:04:54 AM     0    418211   83.00  112.00    0.00    0.00  195.00    25  java

# Time        UID       PID    %usr %system  %guest   %wait    %CPU   CPU  Command
04:04:55 AM     0    418211   68.00  109.00    0.00    0.00  177.00    25  java

# Time        UID       PID    %usr %system  %guest   %wait    %CPU   CPU  Command
04:04:56 AM     0    418211   64.00  112.00    0.00    0.00  176.00    25  java

# Time        UID       PID    %usr %system  %guest   %wait    %CPU   CPU  Command
04:04:57 AM     0    418211   67.00  118.00    0.00    0.00  185.00    25  java

# Time        UID       PID    %usr %system  %guest   %wait    %CPU   CPU  Command
04:04:58 AM     0    418211   65.00  115.00    0.00    0.00  180.00    25  java

# Time        UID       PID    %usr %system  %guest   %wait    %CPU   CPU  Command
04:04:59 AM     0    418211   68.00  106.00    0.00    0.00  174.00    25  java

# Time        UID       PID    %usr %system  %guest   %wait    %CPU   CPU  Command
04:05:00 AM     0    418211   74.00  125.00    0.00    0.00  199.00    25  java

# Time        UID       PID    %usr %system  %guest   %wait    %CPU   CPU  Command
04:05:01 AM     0    418211   90.00  165.00    0.00    0.00  255.00    25  java

# Time        UID       PID    %usr %system  %guest   %wait    %CPU   CPU  Command
04:05:02 AM     0    418211   72.00  102.00    0.00    0.00  174.00    25  java

# Time        UID       PID    %usr %system  %guest   %wait    %CPU   CPU  Command
04:05:03 AM     0    418211   60.00  104.00    0.00    0.00  164.00    25  java

# Time        UID       PID    %usr %system  %guest   %wait    %CPU   CPU  Command
04:05:04 AM     0    418211   62.00  107.00    0.00    0.00  169.00    25  java

# Time        UID       PID    %usr %system  %guest   %wait    %CPU   CPU  Command
04:05:05 AM     0    418211   74.00  105.00    0.00    0.00  179.00    25  java

# Time        UID       PID    %usr %system  %guest   %wait    %CPU   CPU  Command
04:05:06 AM     0    418211   64.00  102.00    0.00    0.00  166.00    25  java

# Time        UID       PID    %usr %system  %guest   %wait    %CPU   CPU  Command
04:05:07 AM     0    418211   67.00  106.00    0.00    0.00  173.00    25  java

# Time        UID       PID    %usr %system  %guest   %wait    %CPU   CPU  Command
04:05:08 AM     0    418211   60.00  107.00    0.00    0.00  167.00    25  java

# Time        UID       PID    %usr %system  %guest   %wait    %CPU   CPU  Command
04:05:09 AM     0    418211   63.00  107.00    0.00    0.00  170.00    25  java

# Time        UID       PID    %usr %system  %guest   %wait    %CPU   CPU  Command
04:05:10 AM     0    418211   68.00  115.00    0.00    0.00  183.00    25  java

# Time        UID       PID    %usr %system  %guest   %wait    %CPU   CPU  Command
04:05:11 AM     0    418211  100.00  163.00    0.00    0.00  263.00    25  java

# Time        UID       PID    %usr %system  %guest   %wait    %CPU   CPU  Command
04:05:12 AM     0    418211   72.00  108.00    0.00    0.00  180.00    25  java

# Time        UID       PID    %usr %system  %guest   %wait    %CPU   CPU  Command
04:05:13 AM     0    418211   70.00   98.00    0.00    0.00  168.00    25  java

# Time        UID       PID    %usr %system  %guest   %wait    %CPU   CPU  Command
04:05:14 AM     0    418211   65.00  102.00    0.00    0.00  167.00    25  java

# Time        UID       PID    %usr %system  %guest   %wait    %CPU   CPU  Command
04:05:15 AM     0    418211   64.00  104.00    0.00    0.00  168.00    25  java

# Time        UID       PID    %usr %system  %guest   %wait    %CPU   CPU  Command
04:05:16 AM     0    418211   63.00  103.00    0.00    0.00  166.00    25  java

# Time        UID       PID    %usr %system  %guest   %wait    %CPU   CPU  Command
04:05:17 AM     0    418211   70.00   99.00    0.00    0.00  169.00    25  java

# Time        UID       PID    %usr %system  %guest   %wait    %CPU   CPU  Command
04:05:18 AM     0    418211   62.00  108.00    0.00    0.00  170.00    25  java

# Time        UID       PID    %usr %system  %guest   %wait    %CPU   CPU  Command
04:05:19 AM     0    418211   75.00  107.00    0.00    0.00  182.00    25  java

# Time        UID       PID    %usr %system  %guest   %wait    %CPU   CPU  Command
04:05:20 AM     0    418211   73.00   97.00    0.00    0.00  170.00    25  java

# Time        UID       PID    %usr %system  %guest   %wait    %CPU   CPU  Command
04:05:21 AM     0    418211   86.00  121.00    0.00    0.00  207.00    25  java

# Time        UID       PID    %usr %system  %guest   %wait    %CPU   CPU  Command
04:05:22 AM     0    418211   76.00  157.00    0.00    0.00  233.00    25  java

# Time        UID       PID    %usr %system  %guest   %wait    %CPU   CPU  Command
04:05:23 AM     0    418211   62.00  108.00    0.00    0.00  170.00    25  java

# Time        UID       PID    %usr %system  %guest   %wait    %CPU   CPU  Command
04:05:24 AM     0    418211   61.00  105.00    0.00    0.00  166.00    25  java

# Time        UID       PID    %usr %system  %guest   %wait    %CPU   CPU  Command
04:05:25 AM     0    418211   61.00  108.00    0.00    0.00  169.00    25  java

# Time        UID       PID    %usr %system  %guest   %wait    %CPU   CPU  Command
04:05:26 AM     0    418211   61.00  111.00    0.00    0.00  172.00    25  java

# Time        UID       PID    %usr %system  %guest   %wait    %CPU   CPU  Command
04:05:27 AM     0    418211   77.00  104.00    0.00    0.00  181.00    25  java

# Time        UID       PID    %usr %system  %guest   %wait    %CPU   CPU  Command
04:05:28 AM     0    418211   61.00  112.00    0.00    0.00  173.00    25  java

# Time        UID       PID    %usr %system  %guest   %wait    %CPU   CPU  Command
04:05:29 AM     0    418211   67.00  100.00    0.00    0.00  167.00    25  java

# Time        UID       PID    %usr %system  %guest   %wait    %CPU   CPU  Command
04:05:30 AM     0    418211   48.00  109.00    0.00    0.00  157.00    25  java

# Time        UID       PID    %usr %system  %guest   %wait    %CPU   CPU  Command
04:05:31 AM     0    418211   67.00  103.00    0.00    0.00  170.00    25  java

# Time        UID       PID    %usr %system  %guest   %wait    %CPU   CPU  Command
04:05:32 AM     0    418211   68.00  119.00    0.00    0.00  187.00    25  java

# Time        UID       PID    %usr %system  %guest   %wait    %CPU   CPU  Command
04:05:33 AM     0    418211   96.00  152.00    0.00    0.00  248.00    25  java

# Time        UID       PID    %usr %system  %guest   %wait    %CPU   CPU  Command
04:05:34 AM     0    418211   65.00  105.00    0.00    0.00  170.00    25  java

# Time        UID       PID    %usr %system  %guest   %wait    %CPU   CPU  Command
04:05:35 AM     0    418211   71.00  103.00    0.00    0.00  174.00    25  java

# Time        UID       PID    %usr %system  %guest   %wait    %CPU   CPU  Command
04:05:36 AM     0    418211   63.00   98.00    0.00    0.00  161.00    25  java

# Time        UID       PID    %usr %system  %guest   %wait    %CPU   CPU  Command
04:05:37 AM     0    418211   73.00   97.00    0.00    0.00  170.00    25  java

# Time        UID       PID    %usr %system  %guest   %wait    %CPU   CPU  Command
04:05:38 AM     0    418211   54.00  107.00    0.00    0.00  161.00    25  java

# Time        UID       PID    %usr %system  %guest   %wait    %CPU   CPU  Command
04:05:39 AM     0    418211   66.00  101.00    0.00    0.00  167.00    25  java

# Time        UID       PID    %usr %system  %guest   %wait    %CPU   CPU  Command
04:05:40 AM     0    418211   71.00   95.00    0.00    0.00  166.00    25  java

# Time        UID       PID    %usr %system  %guest   %wait    %CPU   CPU  Command
04:05:41 AM     0    418211   73.00   98.00    0.00    0.00  171.00    25  java

# Time        UID       PID    %usr %system  %guest   %wait    %CPU   CPU  Command
04:05:42 AM     0    418211   66.00  100.00    0.00    0.00  166.00    25  java

# Time        UID       PID    %usr %system  %guest   %wait    %CPU   CPU  Command
04:05:43 AM     0    418211   79.00   99.00    0.00    0.00  178.00    25  java

# Time        UID       PID    %usr %system  %guest   %wait    %CPU   CPU  Command
04:05:44 AM     0    418211   81.00  138.00    0.00    0.00  219.00    25  java

# Time        UID       PID    %usr %system  %guest   %wait    %CPU   CPU  Command
04:05:45 AM     0    418211   75.00  157.00    0.00    0.00  232.00    25  java

# Time        UID       PID    %usr %system  %guest   %wait    %CPU   CPU  Command
04:05:46 AM     0    418211   64.00  100.00    0.00    0.00  164.00    25  java

# Time        UID       PID    %usr %system  %guest   %wait    %CPU   CPU  Command
04:05:47 AM     0    418211   69.00   98.00    0.00    0.00  167.00    25  java

# Time        UID       PID    %usr %system  %guest   %wait    %CPU   CPU  Command
04:05:48 AM     0    418211   67.00  101.00    0.00    0.00  168.00    25  java

# Time        UID       PID    %usr %system  %guest   %wait    %CPU   CPU  Command
04:05:49 AM     0    418211   69.00  100.00    0.00    0.00  169.00    25  java

# Time        UID       PID    %usr %system  %guest   %wait    %CPU   CPU  Command
04:05:50 AM     0    418211   62.00  104.00    0.00    0.00  166.00    25  java

# Time        UID       PID    %usr %system  %guest   %wait    %CPU   CPU  Command
04:05:51 AM     0    418211   55.00  111.00    0.00    0.00  166.00    25  java

# Time        UID       PID    %usr %system  %guest   %wait    %CPU   CPU  Command
04:05:52 AM     0    418211   69.00   94.00    0.00    0.00  163.00    25  java

# Time        UID       PID    %usr %system  %guest   %wait    %CPU   CPU  Command
04:05:53 AM     0    418211   63.00  102.00    0.00    0.00  165.00    25  java

# Time        UID       PID    %usr %system  %guest   %wait    %CPU   CPU  Command
04:05:54 AM     0    418211   65.00  105.00    0.00    0.00  170.00    25  java

# Time        UID       PID    %usr %system  %guest   %wait    %CPU   CPU  Command
04:05:55 AM     0    418211   75.00  122.00    0.00    0.00  197.00    25  java

# Time        UID       PID    %usr %system  %guest   %wait    %CPU   CPU  Command
04:05:56 AM     0    418211   75.00  170.00    0.00    0.00  245.00    25  java

# Time        UID       PID    %usr %system  %guest   %wait    %CPU   CPU  Command
04:05:57 AM     0    418211   63.00  103.00    0.00    0.00  166.00    25  java

# Time        UID       PID    %usr %system  %guest   %wait    %CPU   CPU  Command
04:05:58 AM     0    418211   81.00   91.00    0.00    0.00  172.00    25  java

# Time        UID       PID    %usr %system  %guest   %wait    %CPU   CPU  Command
04:05:59 AM     0    418211   64.00   99.00    0.00    0.00  163.00    25  java

# Time        UID       PID    %usr %system  %guest   %wait    %CPU   CPU  Command
04:06:00 AM     0    418211   75.00   94.00    0.00    0.00  169.00    25  java

# Time        UID       PID    %usr %system  %guest   %wait    %CPU   CPU  Command
04:06:01 AM     0    418211   63.00   99.00    0.00    0.00  162.00    25  java

# Time        UID       PID    %usr %system  %guest   %wait    %CPU   CPU  Command
04:06:02 AM     0    418211   71.00   97.00    0.00    0.00  168.00    25  java

# Time        UID       PID    %usr %system  %guest   %wait    %CPU   CPU  Command
04:06:03 AM     0    418211   75.00   93.00    0.00    0.00  168.00    25  java

# Time        UID       PID    %usr %system  %guest   %wait    %CPU   CPU  Command
04:06:04 AM     0    418211   78.00   93.00    0.00    0.00  171.00    25  java

# Time        UID       PID    %usr %system  %guest   %wait    %CPU   CPU  Command
04:06:05 AM     0    418211   71.00   98.00    0.00    0.00  169.00    25  java

# Time        UID       PID    %usr %system  %guest   %wait    %CPU   CPU  Command
04:06:06 AM     0    418211   87.00   93.00    0.00    0.00  180.00    25  java

# Time        UID       PID    %usr %system  %guest   %wait    %CPU   CPU  Command
04:06:07 AM     0    418211   87.00  170.00    0.00    0.00  257.00    25  java

# Time        UID       PID    %usr %system  %guest   %wait    %CPU   CPU  Command
04:06:08 AM     0    418211   51.00  128.00    0.00    0.00  179.00    25  java

# Time        UID       PID    %usr %system  %guest   %wait    %CPU   CPU  Command
04:06:09 AM     0    418211   45.00  117.00    0.00    0.00  162.00    25  java

# Time        UID       PID    %usr %system  %guest   %wait    %CPU   CPU  Command
04:06:10 AM     0    418211   56.00  109.00    0.00    0.00  165.00    25  java

# Time        UID       PID    %usr %system  %guest   %wait    %CPU   CPU  Command
04:06:11 AM     0    418211   68.00  103.00    0.00    0.00  171.00    25  java

# Time        UID       PID    %usr %system  %guest   %wait    %CPU   CPU  Command
04:06:12 AM     0    418211   66.00  107.00    0.00    0.00  173.00    25  java

# Time        UID       PID    %usr %system  %guest   %wait    %CPU   CPU  Command
04:06:13 AM     0    418211   65.00  110.00    0.00    0.00  175.00    25  java

# Time        UID       PID    %usr %system  %guest   %wait    %CPU   CPU  Command
04:06:14 AM     0    418211   72.00  110.00    0.00    0.00  182.00    25  java

# Time        UID       PID    %usr %system  %guest   %wait    %CPU   CPU  Command
04:06:15 AM     0    418211   61.00  114.00    0.00    0.00  175.00    25  java

# Time        UID       PID    %usr %system  %guest   %wait    %CPU   CPU  Command
04:06:16 AM     0    418211   62.00  113.00    0.00    0.00  175.00    25  java

# Time        UID       PID    %usr %system  %guest   %wait    %CPU   CPU  Command
04:06:17 AM     0    418211   71.00  122.00    0.00    0.00  193.00    25  java

# Time        UID       PID    %usr %system  %guest   %wait    %CPU   CPU  Command
04:06:18 AM     0    418211   89.00  158.00    0.00    0.00  247.00    25  java

# Time        UID       PID    %usr %system  %guest   %wait    %CPU   CPU  Command
04:06:19 AM     0    418211   62.00  117.00    0.00    0.00  179.00    25  java

# Time        UID       PID    %usr %system  %guest   %wait    %CPU   CPU  Command
04:06:20 AM     0    418211   69.00   97.00    0.00    0.00  166.00    25  java

# Time        UID       PID    %usr %system  %guest   %wait    %CPU   CPU  Command
04:06:21 AM     0    418211   68.00  103.00    0.00    0.00  171.00    25  java

# Time        UID       PID    %usr %system  %guest   %wait    %CPU   CPU  Command
04:06:22 AM     0    418211   73.00   95.00    0.00    0.00  168.00    25  java

# Time        UID       PID    %usr %system  %guest   %wait    %CPU   CPU  Command
04:06:23 AM     0    418211   61.00  102.00    0.00    0.00  163.00    25  java

# Time        UID       PID    %usr %system  %guest   %wait    %CPU   CPU  Command
04:06:24 AM     0    418211   64.00  100.00    0.00    0.00  164.00    25  java

# Time        UID       PID    %usr %system  %guest   %wait    %CPU   CPU  Command
04:06:25 AM     0    418211   62.00  105.00    0.00    0.00  167.00    25  java

# Time        UID       PID    %usr %system  %guest   %wait    %CPU   CPU  Command
04:06:26 AM     0    418211   64.00  104.00    0.00    0.00  168.00    25  java

# Time        UID       PID    %usr %system  %guest   %wait    %CPU   CPU  Command
04:06:27 AM     0    418211   65.00  102.00    0.00    0.00  167.00    25  java

# Time        UID       PID    %usr %system  %guest   %wait    %CPU   CPU  Command
04:06:28 AM     0    418211   77.00  119.00    0.00    0.00  196.00    25  java

# Time        UID       PID    %usr %system  %guest   %wait    %CPU   CPU  Command
04:06:29 AM     0    418211   94.00  149.00    0.00    0.00  243.00    25  java

# Time        UID       PID    %usr %system  %guest   %wait    %CPU   CPU  Command
04:06:30 AM     0    418211   64.00  103.00    0.00    0.00  167.00    25  java

# Time        UID       PID    %usr %system  %guest   %wait    %CPU   CPU  Command
04:06:31 AM     0    418211   69.00   92.00    0.00    0.00  161.00    25  java

# Time        UID       PID    %usr %system  %guest   %wait    %CPU   CPU  Command
04:06:32 AM     0    418211   68.00   96.00    0.00    0.00  164.00    25  java

# Time        UID       PID    %usr %system  %guest   %wait    %CPU   CPU  Command
04:06:33 AM     0    418211   66.00   96.00    0.00    0.00  162.00    25  java

# Time        UID       PID    %usr %system  %guest   %wait    %CPU   CPU  Command
04:06:34 AM     0    418211   58.00  103.00    0.00    0.00  161.00    25  java

# Time        UID       PID    %usr %system  %guest   %wait    %CPU   CPU  Command
04:06:35 AM     0    418211   75.00   92.00    0.00    0.00  167.00    25  java

# Time        UID       PID    %usr %system  %guest   %wait    %CPU   CPU  Command
04:06:36 AM     0    418211   67.00   99.00    0.00    0.00  166.00    25  java

# Time        UID       PID    %usr %system  %guest   %wait    %CPU   CPU  Command
04:06:37 AM     0    418211   75.00  102.00    0.00    0.00  177.00    25  java

# Time        UID       PID    %usr %system  %guest   %wait    %CPU   CPU  Command
04:06:38 AM     0    418211   75.00   97.00    0.00    0.00  172.00    25  java

# Time        UID       PID    %usr %system  %guest   %wait    %CPU   CPU  Command
04:06:39 AM     0    418211   67.00  102.00    0.00    0.00  169.00    25  java

# Time        UID       PID    %usr %system  %guest   %wait    %CPU   CPU  Command
04:06:40 AM     0    418211   98.00  144.00    0.00    0.00  242.00    25  java

# Time        UID       PID    %usr %system  %guest   %wait    %CPU   CPU  Command
04:06:41 AM     0    418211   86.00  117.00    0.00    0.00  203.00    25  java

# Time        UID       PID    %usr %system  %guest   %wait    %CPU   CPU  Command
04:06:42 AM     0    418211   52.00  107.00    0.00    0.00  159.00    25  java

# Time        UID       PID    %usr %system  %guest   %wait    %CPU   CPU  Command
04:06:43 AM     0    418211   62.00  103.00    0.00    0.00  165.00    25  java

# Time        UID       PID    %usr %system  %guest   %wait    %CPU   CPU  Command
04:06:44 AM     0    418211   61.00  109.00    0.00    0.00  170.00    25  java

# Time        UID       PID    %usr %system  %guest   %wait    %CPU   CPU  Command
04:06:45 AM     0    418211   66.00  108.00    0.00    0.00  174.00    25  java

# Time        UID       PID    %usr %system  %guest   %wait    %CPU   CPU  Command
04:06:46 AM     0    418211   59.00  112.00    0.00    0.00  171.00    25  java

# Time        UID       PID    %usr %system  %guest   %wait    %CPU   CPU  Command
04:06:47 AM     0    418211   71.00  103.00    0.00    0.00  174.00    25  java

# Time        UID       PID    %usr %system  %guest   %wait    %CPU   CPU  Command
04:06:48 AM     0    418211   65.00  109.00    0.00    0.00  174.00    25  java

# Time        UID       PID    %usr %system  %guest   %wait    %CPU   CPU  Command
04:06:49 AM     0    418211   55.00  117.00    0.00    0.00  172.00    25  java

# Time        UID       PID    %usr %system  %guest   %wait    %CPU   CPU  Command
04:06:50 AM     0    418211   67.00  112.00    0.00    0.00  179.00    25  java

# Time        UID       PID    %usr %system  %guest   %wait    %CPU   CPU  Command
04:06:51 AM     0    418211   94.00  166.00    0.00    0.00  260.00    25  java

# Time        UID       PID    %usr %system  %guest   %wait    %CPU   CPU  Command
04:06:52 AM     0    418211   65.00  140.00    0.00    0.00  205.00    25  java

# Time        UID       PID    %usr %system  %guest   %wait    %CPU   CPU  Command
04:06:53 AM     0    418211   70.00   95.00    0.00    0.00  165.00    25  java

# Time        UID       PID    %usr %system  %guest   %wait    %CPU   CPU  Command
04:06:54 AM     0    418211   63.00  101.00    0.00    0.00  164.00    25  java

# Time        UID       PID    %usr %system  %guest   %wait    %CPU   CPU  Command
04:06:55 AM     0    418211   57.00  108.00    0.00    0.00  165.00    25  java

# Time        UID       PID    %usr %system  %guest   %wait    %CPU   CPU  Command

# Time        UID       PID    %usr %system  %guest   %wait    %CPU   CPU  Command
