Linux 5.15.0 (noslab-gpu) 	11/14/2025 	_x86_64_	(40 CPU)

# Time        UID       PID  minflt/s  majflt/s     VSZ     RSS   %MEM  Command
03:54:54 AM     0    412587  27636.27    427.45 27522380  136644   0.21  java

# Time        UID       PID  minflt/s  majflt/s     VSZ     RSS   %MEM  Command
03:54:55 AM     0    412587  58234.00      0.00 27571544  339384   0.52  java

# Time        UID       PID  minflt/s  majflt/s     VSZ     RSS   %MEM  Command
03:54:56 AM     0    412587  56842.00      0.00 27604320  511284   0.78  java

# Time        UID       PID  minflt/s  majflt/s     VSZ     RSS   %MEM  Command
03:54:57 AM     0    412587  45942.00      0.00 27653484  685252   1.05  java

# Time        UID       PID  minflt/s  majflt/s     VSZ     RSS   %MEM  Command
03:54:58 AM     0    412587  45241.00      0.00 27702648  864744   1.32  java

# Time        UID       PID  minflt/s  majflt/s     VSZ     RSS   %MEM  Command
03:54:59 AM     0    412587  42147.00      4.00 27735424  945804   1.45  java

# Time        UID       PID  minflt/s  majflt/s     VSZ     RSS   %MEM  Command
03:55:00 AM     0    412587  14262.00      0.00 27784588  989052   1.51  java

# Time        UID       PID  minflt/s  majflt/s     VSZ     RSS   %MEM  Command
03:55:01 AM     0    412587  11500.00      0.00 27538768  776672   1.19  java

# Time        UID       PID  minflt/s  majflt/s     VSZ     RSS   %MEM  Command
03:55:02 AM     0    412587  15715.00      0.00 27604304  823224   1.26  java

# Time        UID       PID  minflt/s  majflt/s     VSZ     RSS   %MEM  Command
03:55:03 AM     0    412587  32609.00      0.00 27669840  869568   1.33  java

# Time        UID       PID  minflt/s  majflt/s     VSZ     RSS   %MEM  Command
03:55:04 AM     0    412587  50889.00      0.00 27735376  915428   1.40  java

# Time        UID       PID  minflt/s  majflt/s     VSZ     RSS   %MEM  Command
03:55:05 AM     0    412587  47683.00      0.00 27800912  961356   1.47  java

# Time        UID       PID  minflt/s  majflt/s     VSZ     RSS   %MEM  Command
03:55:06 AM     0    412587  71756.00      0.00 27866448 1003324   1.53  java

# Time        UID       PID  minflt/s  majflt/s     VSZ     RSS   %MEM  Command
03:55:07 AM     0    412587  35010.00      0.00 27817284  976832   1.49  java

# Time        UID       PID  minflt/s  majflt/s     VSZ     RSS   %MEM  Command
03:55:08 AM     0    412587  22647.00      0.00 27817284  982972   1.50  java

# Time        UID       PID  minflt/s  majflt/s     VSZ     RSS   %MEM  Command
03:55:09 AM     0    412587    408.00      0.00 27817284  983916   1.50  java

# Time        UID       PID  minflt/s  majflt/s     VSZ     RSS   %MEM  Command
03:55:10 AM     0    412587  11273.00      0.00 27817284  985012   1.51  java

# Time        UID       PID  minflt/s  majflt/s     VSZ     RSS   %MEM  Command
03:55:11 AM     0    412587  36815.00      0.00 27817284  985124   1.51  java

# Time        UID       PID  minflt/s  majflt/s     VSZ     RSS   %MEM  Command
03:55:12 AM     0    412587  16060.00      0.00 27882820 1019860   1.56  java

# Time        UID       PID  minflt/s  majflt/s     VSZ     RSS   %MEM  Command
03:55:13 AM     0    412587  29828.00      2.00 27882820 1046624   1.60  java

# Time        UID       PID  minflt/s  majflt/s     VSZ     RSS   %MEM  Command
03:55:14 AM     0    412587  45774.00      0.00 27882820 1050716   1.61  java

# Time        UID       PID  minflt/s  majflt/s     VSZ     RSS   %MEM  Command
03:55:15 AM     0    412587  15333.00      0.00 27882820 1050716   1.61  java

# Time        UID       PID  minflt/s  majflt/s     VSZ     RSS   %MEM  Command
03:55:16 AM     0    412587  12305.00      0.00 27882820 1050716   1.61  java

# Time        UID       PID  minflt/s  majflt/s     VSZ     RSS   %MEM  Command
03:55:17 AM     0    412587  13248.00      0.00 27882820 1050736   1.61  java

# Time        UID       PID  minflt/s  majflt/s     VSZ     RSS   %MEM  Command
03:55:18 AM     0    412587  25299.00      0.00 27882820 1050736   1.61  java

# Time        UID       PID  minflt/s  majflt/s     VSZ     RSS   %MEM  Command
03:55:19 AM     0    412587   9600.00      0.00 27751748  971552   1.48  java

# Time        UID       PID  minflt/s  majflt/s     VSZ     RSS   %MEM  Command
03:55:20 AM     0    412587   1581.00      0.00 27751748  972952   1.49  java

# Time        UID       PID  minflt/s  majflt/s     VSZ     RSS   %MEM  Command
03:55:21 AM     0    412587   6553.00      0.00 27751748  973920   1.49  java

# Time        UID       PID  minflt/s  majflt/s     VSZ     RSS   %MEM  Command
03:55:22 AM     0    412587  23134.00      0.00 27751748  974932   1.49  java

# Time        UID       PID  minflt/s  majflt/s     VSZ     RSS   %MEM  Command
03:55:23 AM     0    412587    576.00      0.00 27751748  976312   1.49  java

# Time        UID       PID  minflt/s  majflt/s     VSZ     RSS   %MEM  Command
03:55:24 AM     0    412587  17901.00      0.00 27817284  994168   1.52  java

# Time        UID       PID  minflt/s  majflt/s     VSZ     RSS   %MEM  Command
03:55:25 AM     0    412587  94769.00      0.00 27882820 1028912   1.57  java

# Time        UID       PID  minflt/s  majflt/s     VSZ     RSS   %MEM  Command
03:55:26 AM     0    412587  33241.00      0.00 27882820 1046160   1.60  java

# Time        UID       PID  minflt/s  majflt/s     VSZ     RSS   %MEM  Command
03:55:27 AM     0    412587  11276.00      0.00 27882820 1046984   1.60  java

# Time        UID       PID  minflt/s  majflt/s     VSZ     RSS   %MEM  Command
03:55:28 AM     0    412587  28450.00      0.00 27882820 1047712   1.60  java

# Time        UID       PID  minflt/s  majflt/s     VSZ     RSS   %MEM  Command
03:55:29 AM     0    412587  29018.00      0.00 27882820 1047712   1.60  java

# Time        UID       PID  minflt/s  majflt/s     VSZ     RSS   %MEM  Command
03:55:30 AM     0    412587    383.00      2.00 27882820 1047712   1.60  java

# Time        UID       PID  minflt/s  majflt/s     VSZ     RSS   %MEM  Command
03:55:31 AM     0    412587    390.00      0.00 27882820 1047712   1.60  java

# Time        UID       PID  minflt/s  majflt/s     VSZ     RSS   %MEM  Command
03:55:32 AM     0    412587   1307.00      0.00 27686212  935072   1.43  java

# Time        UID       PID  minflt/s  majflt/s     VSZ     RSS   %MEM  Command
03:55:33 AM     0    412587    565.00      2.00 27686212  936680   1.43  java

# Time        UID       PID  minflt/s  majflt/s     VSZ     RSS   %MEM  Command
03:55:34 AM     0    412587    418.00      0.00 27686212  937644   1.43  java

# Time        UID       PID  minflt/s  majflt/s     VSZ     RSS   %MEM  Command
03:55:35 AM     0    412587  18624.00      0.00 27686212  939104   1.44  java

# Time        UID       PID  minflt/s  majflt/s     VSZ     RSS   %MEM  Command
03:55:36 AM     0    412587  44005.00      0.00 27751748  946100   1.45  java

# Time        UID       PID  minflt/s  majflt/s     VSZ     RSS   %MEM  Command
03:55:37 AM     0    412587  40468.00      0.00 27751748  983940   1.50  java

# Time        UID       PID  minflt/s  majflt/s     VSZ     RSS   %MEM  Command
03:55:38 AM     0    412587  61285.00      0.00 27817284 1021396   1.56  java

# Time        UID       PID  minflt/s  majflt/s     VSZ     RSS   %MEM  Command
03:55:39 AM     0    412587  45858.00      0.00 27882820 1054064   1.61  java

# Time        UID       PID  minflt/s  majflt/s     VSZ     RSS   %MEM  Command
03:55:40 AM     0    412587  31549.00      0.00 27882820 1076032   1.64  java

# Time        UID       PID  minflt/s  majflt/s     VSZ     RSS   %MEM  Command
03:55:41 AM     0    412587    227.00      0.00 27882820 1076356   1.64  java

# Time        UID       PID  minflt/s  majflt/s     VSZ     RSS   %MEM  Command
03:55:42 AM     0    412587   1269.00      0.00 27882820 1076520   1.65  java

# Time        UID       PID  minflt/s  majflt/s     VSZ     RSS   %MEM  Command
03:55:43 AM     0    412587    207.00      0.00 27882820 1076940   1.65  java

# Time        UID       PID  minflt/s  majflt/s     VSZ     RSS   %MEM  Command
03:55:44 AM     0    412587    166.00      0.00 27882820 1077428   1.65  java

# Time        UID       PID  minflt/s  majflt/s     VSZ     RSS   %MEM  Command
03:55:45 AM     0    412587   6892.00      0.00 27882820 1077428   1.65  java

# Time        UID       PID  minflt/s  majflt/s     VSZ     RSS   %MEM  Command
03:55:46 AM     0    412587  28686.00      0.00 27751748  998132   1.53  java

# Time        UID       PID  minflt/s  majflt/s     VSZ     RSS   %MEM  Command
03:55:47 AM     0    412587  29273.00      0.00 27751748  999652   1.53  java

# Time        UID       PID  minflt/s  majflt/s     VSZ     RSS   %MEM  Command
03:55:48 AM     0    412587  36427.00      0.00 27751748 1000624   1.53  java

# Time        UID       PID  minflt/s  majflt/s     VSZ     RSS   %MEM  Command
03:55:49 AM     0    412587  40712.00      0.00 27751748 1002128   1.53  java

# Time        UID       PID  minflt/s  majflt/s     VSZ     RSS   %MEM  Command
03:55:50 AM     0    412587  37506.00      0.00 27751748 1003164   1.53  java

# Time        UID       PID  minflt/s  majflt/s     VSZ     RSS   %MEM  Command
03:55:51 AM     0    412587  16900.00      0.00 27817284 1013964   1.55  java

# Time        UID       PID  minflt/s  majflt/s     VSZ     RSS   %MEM  Command
03:55:52 AM     0    412587  35263.00      0.00 27817284 1048612   1.60  java

# Time        UID       PID  minflt/s  majflt/s     VSZ     RSS   %MEM  Command
03:55:53 AM     0    412587  11213.00      0.00 27882820 1084368   1.66  java

# Time        UID       PID  minflt/s  majflt/s     VSZ     RSS   %MEM  Command
03:55:54 AM     0    412587   1567.00      0.00 27882820 1089300   1.66  java

# Time        UID       PID  minflt/s  majflt/s     VSZ     RSS   %MEM  Command
03:55:55 AM     0    412587    357.00      0.00 27882820 1089712   1.67  java

# Time        UID       PID  minflt/s  majflt/s     VSZ     RSS   %MEM  Command
03:55:56 AM     0    412587   1427.00      0.00 27882820 1090920   1.67  java

# Time        UID       PID  minflt/s  majflt/s     VSZ     RSS   %MEM  Command
03:55:57 AM     0    412587    449.00      0.00 27882820 1091896   1.67  java

# Time        UID       PID  minflt/s  majflt/s     VSZ     RSS   %MEM  Command
03:55:58 AM     0    412587    368.00      0.00 27882820 1092684   1.67  java

# Time        UID       PID  minflt/s  majflt/s     VSZ     RSS   %MEM  Command
03:55:59 AM     0    412587   1412.00      0.00 27882820 1093796   1.67  java

# Time        UID       PID  minflt/s  majflt/s     VSZ     RSS   %MEM  Command
03:56:00 AM     0    412587    358.00      2.00 27751748 1012428   1.55  java

# Time        UID       PID  minflt/s  majflt/s     VSZ     RSS   %MEM  Command
03:56:01 AM     0    412587    368.00      0.00 27751748 1013336   1.55  java

# Time        UID       PID  minflt/s  majflt/s     VSZ     RSS   %MEM  Command
03:56:02 AM     0    412587    303.00      0.00 27751748 1014376   1.55  java

# Time        UID       PID  minflt/s  majflt/s     VSZ     RSS   %MEM  Command
03:56:03 AM     0    412587    221.00      0.00 27751748 1014872   1.55  java

# Time        UID       PID  minflt/s  majflt/s     VSZ     RSS   %MEM  Command
03:56:04 AM     0    412587   3885.00      2.00 27817284 1029488   1.57  java

# Time        UID       PID  minflt/s  majflt/s     VSZ     RSS   %MEM  Command
03:56:05 AM     0    412587   9102.00      0.00 27882820 1065564   1.63  java

# Time        UID       PID  minflt/s  majflt/s     VSZ     RSS   %MEM  Command
03:56:06 AM     0    412587  14389.00      0.00 27882820 1093200   1.67  java

# Time        UID       PID  minflt/s  majflt/s     VSZ     RSS   %MEM  Command
03:56:07 AM     0    412587  37156.00      0.00 27882820 1094596   1.67  java

# Time        UID       PID  minflt/s  majflt/s     VSZ     RSS   %MEM  Command
03:56:08 AM     0    412587  50339.00      0.00 27882820 1099752   1.68  java

# Time        UID       PID  minflt/s  majflt/s     VSZ     RSS   %MEM  Command
03:56:09 AM     0    412587  35649.00      0.00 27882820 1100676   1.68  java

# Time        UID       PID  minflt/s  majflt/s     VSZ     RSS   %MEM  Command
03:56:10 AM     0    412587  43416.00      0.00 27882820 1102632   1.69  java

# Time        UID       PID  minflt/s  majflt/s     VSZ     RSS   %MEM  Command
03:56:11 AM     0    412587  39578.00      0.00 27882820 1102988   1.69  java

# Time        UID       PID  minflt/s  majflt/s     VSZ     RSS   %MEM  Command
03:56:12 AM     0    412587  16782.00      0.00 27882820 1103972   1.69  java

# Time        UID       PID  minflt/s  majflt/s     VSZ     RSS   %MEM  Command
03:56:13 AM     0    412587  10369.00      0.00 27882820 1119836   1.71  java

# Time        UID       PID  minflt/s  majflt/s     VSZ     RSS   %MEM  Command
03:56:14 AM     0    412587    723.00      0.00 27882820 1122140   1.71  java

# Time        UID       PID  minflt/s  majflt/s     VSZ     RSS   %MEM  Command
03:56:15 AM     0    412587    286.00      0.00 27882820 1122152   1.71  java

# Time        UID       PID  minflt/s  majflt/s     VSZ     RSS   %MEM  Command
03:56:16 AM     0    412587    604.00      0.00 27882820 1123132   1.72  java

# Time        UID       PID  minflt/s  majflt/s     VSZ     RSS   %MEM  Command

# Time        UID       PID  minflt/s  majflt/s     VSZ     RSS   %MEM  Command
03:56:18 AM     0    413290  12198.00      8.00 26986688   73316   0.11  java

# Time        UID       PID  minflt/s  majflt/s     VSZ     RSS   %MEM  Command
03:56:19 AM     0    413290  48895.00      0.00 26962276  141336   0.22  java

# Time        UID       PID  minflt/s  majflt/s     VSZ     RSS   %MEM  Command
03:56:20 AM     0    413290  17068.00      0.00 26962276  198168   0.30  java

# Time        UID       PID  minflt/s  majflt/s     VSZ     RSS   %MEM  Command
03:56:21 AM     0    413290   8076.00      5.00 27444672  223936   0.34  java

# Time        UID       PID  minflt/s  majflt/s     VSZ     RSS   %MEM  Command
03:56:22 AM     0    413290  24498.00      1.00 27444672  320664   0.49  java

# Time        UID       PID  minflt/s  majflt/s     VSZ     RSS   %MEM  Command
03:56:23 AM     0    413290  31067.33      0.00 27444672  392644   0.60  java

# Time        UID       PID  minflt/s  majflt/s     VSZ     RSS   %MEM  Command
03:56:24 AM     0    413290  28541.00      0.00 27510208  490668   0.75  java

# Time        UID       PID  minflt/s  majflt/s     VSZ     RSS   %MEM  Command
03:56:25 AM     0    413290  31477.00      0.00 27510208  599584   0.92  java

# Time        UID       PID  minflt/s  majflt/s     VSZ     RSS   %MEM  Command
03:56:26 AM     0    413290  30360.00      0.00 27575744  719640   1.10  java

# Time        UID       PID  minflt/s  majflt/s     VSZ     RSS   %MEM  Command
03:56:27 AM     0    413290  33695.00      0.00 27575744  839280   1.28  java

# Time        UID       PID  minflt/s  majflt/s     VSZ     RSS   %MEM  Command
03:56:28 AM     0    413290  58047.00      0.00 27641280  956144   1.46  java

# Time        UID       PID  minflt/s  majflt/s     VSZ     RSS   %MEM  Command
03:56:29 AM     0    413290  38341.00      0.00 27632872  975264   1.49  java

# Time        UID       PID  minflt/s  majflt/s     VSZ     RSS   %MEM  Command
03:56:30 AM     0    413290  32833.00      0.00 27698408 1001864   1.53  java

# Time        UID       PID  minflt/s  majflt/s     VSZ     RSS   %MEM  Command
03:56:31 AM     0    413290  34399.00      0.00 27697916 1028528   1.57  java

# Time        UID       PID  minflt/s  majflt/s     VSZ     RSS   %MEM  Command
03:56:32 AM     0    413290  34214.00      0.00 27763452 1055992   1.61  java

# Time        UID       PID  minflt/s  majflt/s     VSZ     RSS   %MEM  Command
03:56:33 AM     0    413290  23779.00      0.00 27762468 1071852   1.64  java

# Time        UID       PID  minflt/s  majflt/s     VSZ     RSS   %MEM  Command
03:56:34 AM     0    413290  10814.00      0.00 27762468 1072916   1.64  java

# Time        UID       PID  minflt/s  majflt/s     VSZ     RSS   %MEM  Command
03:56:35 AM     0    413290    132.00      0.00 27762468 1073444   1.64  java

# Time        UID       PID  minflt/s  majflt/s     VSZ     RSS   %MEM  Command
03:56:36 AM     0    413290    159.00      0.00 27760504 1071916   1.64  java

# Time        UID       PID  minflt/s  majflt/s     VSZ     RSS   %MEM  Command
03:56:37 AM     0    413290    252.00      0.00 27760016 1072644   1.64  java

# Time        UID       PID  minflt/s  majflt/s     VSZ     RSS   %MEM  Command
03:56:38 AM     0    413290      5.00      0.00 27760016 1072644   1.64  java

# Time        UID       PID  minflt/s  majflt/s     VSZ     RSS   %MEM  Command
03:56:39 AM     0    413290    226.00      0.00 27759032 1072448   1.64  java

# Time        UID       PID  minflt/s  majflt/s     VSZ     RSS   %MEM  Command
03:56:40 AM     0    413290   1151.00      0.00 27759032 1076872   1.65  java

# Time        UID       PID  minflt/s  majflt/s     VSZ     RSS   %MEM  Command
03:56:41 AM     0    413290    252.00      0.00 27758052 1076732   1.65  java

# Time        UID       PID  minflt/s  majflt/s     VSZ     RSS   %MEM  Command
03:56:42 AM     0    413290    634.00      0.00 27758052 1079096   1.65  java

# Time        UID       PID  minflt/s  majflt/s     VSZ     RSS   %MEM  Command
03:56:43 AM     0    413290    810.00      0.00 27560460  953680   1.46  java

# Time        UID       PID  minflt/s  majflt/s     VSZ     RSS   %MEM  Command
03:56:44 AM     0    413290    249.00      0.00 27559972  954032   1.46  java

# Time        UID       PID  minflt/s  majflt/s     VSZ     RSS   %MEM  Command
03:56:45 AM     0    413290    123.00      0.00 27559972  954560   1.46  java

# Time        UID       PID  minflt/s  majflt/s     VSZ     RSS   %MEM  Command
03:56:46 AM     0    413290    126.00      0.00 27559480  954524   1.46  java

# Time        UID       PID  minflt/s  majflt/s     VSZ     RSS   %MEM  Command
03:56:47 AM     0    413290    123.00      0.00 27559480  955052   1.46  java

# Time        UID       PID  minflt/s  majflt/s     VSZ     RSS   %MEM  Command
03:56:48 AM     0    413290    158.00      0.00 27558988  955448   1.46  java

# Time        UID       PID  minflt/s  majflt/s     VSZ     RSS   %MEM  Command
03:56:49 AM     0    413290    130.00      0.00 27558988  955708   1.46  java

# Time        UID       PID  minflt/s  majflt/s     VSZ     RSS   %MEM  Command
03:56:50 AM     0    413290  24634.00      0.00 27624032  977236   1.49  java

# Time        UID       PID  minflt/s  majflt/s     VSZ     RSS   %MEM  Command
03:56:51 AM     0    413290  15923.00      2.00 27624032 1002208   1.53  java

# Time        UID       PID  minflt/s  majflt/s     VSZ     RSS   %MEM  Command
03:56:52 AM     0    413290   5607.00      0.00 27688584 1023828   1.56  java

# Time        UID       PID  minflt/s  majflt/s     VSZ     RSS   %MEM  Command
03:56:53 AM     0    413290   5656.00      0.00 27688584 1046528   1.60  java

# Time        UID       PID  minflt/s  majflt/s     VSZ     RSS   %MEM  Command
03:56:54 AM     0    413290  21157.00      1.00 27754120 1067780   1.63  java

# Time        UID       PID  minflt/s  majflt/s     VSZ     RSS   %MEM  Command
03:56:55 AM     0    413290  33815.00      0.00 27754120 1067784   1.63  java

# Time        UID       PID  minflt/s  majflt/s     VSZ     RSS   %MEM  Command
03:56:56 AM     0    413290  40192.00      0.00 27754120 1067784   1.63  java

# Time        UID       PID  minflt/s  majflt/s     VSZ     RSS   %MEM  Command
03:56:57 AM     0    413290  35814.00      0.00 27754120 1068620   1.63  java

# Time        UID       PID  minflt/s  majflt/s     VSZ     RSS   %MEM  Command
03:56:58 AM     0    413290  30233.00      0.00 27754120 1069596   1.63  java

# Time        UID       PID  minflt/s  majflt/s     VSZ     RSS   %MEM  Command
03:56:59 AM     0    413290  29280.00      2.00 27754120 1074268   1.64  java

# Time        UID       PID  minflt/s  majflt/s     VSZ     RSS   %MEM  Command
03:57:00 AM     0    413290  26099.00      0.00 27754120 1074392   1.64  java

# Time        UID       PID  minflt/s  majflt/s     VSZ     RSS   %MEM  Command
03:57:01 AM     0    413290  25450.00      0.00 27753628 1074088   1.64  java

# Time        UID       PID  minflt/s  majflt/s     VSZ     RSS   %MEM  Command
03:57:02 AM     0    413290  26073.00      0.00 27753628 1074864   1.64  java

# Time        UID       PID  minflt/s  majflt/s     VSZ     RSS   %MEM  Command
03:57:03 AM     0    413290  22739.00      0.00 27753628 1074864   1.64  java

# Time        UID       PID  minflt/s  majflt/s     VSZ     RSS   %MEM  Command
03:57:04 AM     0    413290   6218.00      0.00 27753628 1074940   1.64  java

# Time        UID       PID  minflt/s  majflt/s     VSZ     RSS   %MEM  Command
03:57:05 AM     0    413290  13833.00      0.00 27753628 1075452   1.64  java

# Time        UID       PID  minflt/s  majflt/s     VSZ     RSS   %MEM  Command
03:57:06 AM     0    413290  18352.00      0.00 27490500  910804   1.39  java

# Time        UID       PID  minflt/s  majflt/s     VSZ     RSS   %MEM  Command
03:57:07 AM     0    413290   5577.00      0.00 27490500  911088   1.39  java

# Time        UID       PID  minflt/s  majflt/s     VSZ     RSS   %MEM  Command
03:57:08 AM     0    413290    133.00      0.00 27490008  911324   1.39  java

# Time        UID       PID  minflt/s  majflt/s     VSZ     RSS   %MEM  Command
03:57:09 AM     0    413290    252.00      0.00 27490008  912104   1.39  java

# Time        UID       PID  minflt/s  majflt/s     VSZ     RSS   %MEM  Command
03:57:10 AM     0    413290   5329.00      0.00 27554560  920968   1.41  java

# Time        UID       PID  minflt/s  majflt/s     VSZ     RSS   %MEM  Command
03:57:11 AM     0    413290  26399.00      0.00 27554560  944812   1.44  java

# Time        UID       PID  minflt/s  majflt/s     VSZ     RSS   %MEM  Command
03:57:12 AM     0    413290  26028.00      0.00 27620096  967960   1.48  java

# Time        UID       PID  minflt/s  majflt/s     VSZ     RSS   %MEM  Command
03:57:13 AM     0    413290  44028.00      0.00 27619112  990300   1.51  java

# Time        UID       PID  minflt/s  majflt/s     VSZ     RSS   %MEM  Command
03:57:14 AM     0    413290  17841.00      0.00 27684648 1013328   1.55  java

# Time        UID       PID  minflt/s  majflt/s     VSZ     RSS   %MEM  Command
03:57:15 AM     0    413290  31338.00      0.00 27684648 1037312   1.59  java

# Time        UID       PID  minflt/s  majflt/s     VSZ     RSS   %MEM  Command
03:57:16 AM     0    413290  37923.00      0.00 27684648 1056920   1.62  java

# Time        UID       PID  minflt/s  majflt/s     VSZ     RSS   %MEM  Command
03:57:17 AM     0    413290  22418.00      0.00 27750184 1073940   1.64  java

# Time        UID       PID  minflt/s  majflt/s     VSZ     RSS   %MEM  Command
03:57:18 AM     0    413290  19759.00      0.00 27750184 1073940   1.64  java

# Time        UID       PID  minflt/s  majflt/s     VSZ     RSS   %MEM  Command
03:57:19 AM     0    413290  42110.00      0.00 27750184 1073940   1.64  java

# Time        UID       PID  minflt/s  majflt/s     VSZ     RSS   %MEM  Command
03:57:20 AM     0    413290  40823.00      0.00 27750184 1073940   1.64  java

# Time        UID       PID  minflt/s  majflt/s     VSZ     RSS   %MEM  Command
03:57:21 AM     0    413290  42043.00      0.00 27750184 1074540   1.64  java

# Time        UID       PID  minflt/s  majflt/s     VSZ     RSS   %MEM  Command
03:57:22 AM     0    413290  33788.00      4.00 27750184 1079644   1.65  java

# Time        UID       PID  minflt/s  majflt/s     VSZ     RSS   %MEM  Command
03:57:23 AM     0    413290  26527.00      0.00 27750184 1079644   1.65  java

# Time        UID       PID  minflt/s  majflt/s     VSZ     RSS   %MEM  Command
03:57:24 AM     0    413290  27679.00      0.00 27750184 1080504   1.65  java

# Time        UID       PID  minflt/s  majflt/s     VSZ     RSS   %MEM  Command
03:57:25 AM     0    413290  27163.00      0.00 27749692 1080116   1.65  java

# Time        UID       PID  minflt/s  majflt/s     VSZ     RSS   %MEM  Command
03:57:26 AM     0    413290  27028.00      0.00 27749692 1080376   1.65  java

# Time        UID       PID  minflt/s  majflt/s     VSZ     RSS   %MEM  Command
03:57:27 AM     0    413290  27687.00      0.00 27749692 1081420   1.65  java

# Time        UID       PID  minflt/s  majflt/s     VSZ     RSS   %MEM  Command
03:57:28 AM     0    413290  29468.00      0.00 27553084  967244   1.48  java

# Time        UID       PID  minflt/s  majflt/s     VSZ     RSS   %MEM  Command
03:57:29 AM     0    413290  34384.00      0.00 27553084  967404   1.48  java

# Time        UID       PID  minflt/s  majflt/s     VSZ     RSS   %MEM  Command
03:57:30 AM     0    413290  29252.00      1.00 27553084  967936   1.48  java

# Time        UID       PID  minflt/s  majflt/s     VSZ     RSS   %MEM  Command
03:57:31 AM     0    413290  24601.00      0.00 27553084  968816   1.48  java

# Time        UID       PID  minflt/s  majflt/s     VSZ     RSS   %MEM  Command
03:57:32 AM     0    413290  25348.00      0.00 27553084  969808   1.48  java

# Time        UID       PID  minflt/s  majflt/s     VSZ     RSS   %MEM  Command
03:57:33 AM     0    413290  23275.00      0.00 27553084  970404   1.48  java

# Time        UID       PID  minflt/s  majflt/s     VSZ     RSS   %MEM  Command
03:57:34 AM     0    413290  24841.00      0.00 27553084  970404   1.48  java

# Time        UID       PID  minflt/s  majflt/s     VSZ     RSS   %MEM  Command
03:57:35 AM     0    413290  25870.00      0.00 27618620  977104   1.49  java

# Time        UID       PID  minflt/s  majflt/s     VSZ     RSS   %MEM  Command
03:57:36 AM     0    413290  24619.00      0.00 27618620  999976   1.53  java

# Time        UID       PID  minflt/s  majflt/s     VSZ     RSS   %MEM  Command
03:57:37 AM     0    413290  25882.00      0.00 27684156 1023192   1.56  java

# Time        UID       PID  minflt/s  majflt/s     VSZ     RSS   %MEM  Command
03:57:38 AM     0    413290  29787.00      0.00 27684156 1046860   1.60  java

# Time        UID       PID  minflt/s  majflt/s     VSZ     RSS   %MEM  Command
03:57:39 AM     0    413290  74924.00      0.00 27749692 1065916   1.63  java

# Time        UID       PID  minflt/s  majflt/s     VSZ     RSS   %MEM  Command
03:57:40 AM     0    413290  23471.00      0.00 27749692 1082016   1.65  java

# Time        UID       PID  minflt/s  majflt/s     VSZ     RSS   %MEM  Command
03:57:41 AM     0    413290  25162.00      0.00 27749692 1082016   1.65  java

# Time        UID       PID  minflt/s  majflt/s     VSZ     RSS   %MEM  Command
03:57:42 AM     0    413290  19448.00      0.00 27749692 1082016   1.65  java

# Time        UID       PID  minflt/s  majflt/s     VSZ     RSS   %MEM  Command
03:57:43 AM     0    413290  20770.00      0.00 27749692 1082032   1.65  java

# Time        UID       PID  minflt/s  majflt/s     VSZ     RSS   %MEM  Command
03:57:44 AM     0    413290  17547.00      0.00 27749692 1086124   1.66  java

# Time        UID       PID  minflt/s  majflt/s     VSZ     RSS   %MEM  Command
03:57:45 AM     0    413290   5746.00      0.00 27749692 1086124   1.66  java

# Time        UID       PID  minflt/s  majflt/s     VSZ     RSS   %MEM  Command
03:57:46 AM     0    413290   1376.00      0.00 27749692 1086140   1.66  java

# Time        UID       PID  minflt/s  majflt/s     VSZ     RSS   %MEM  Command
03:57:47 AM     0    413290    162.00      0.00 27749692 1086140   1.66  java

# Time        UID       PID  minflt/s  majflt/s     VSZ     RSS   %MEM  Command
03:57:48 AM     0    413290    324.00      0.00 27749692 1086144   1.66  java

# Time        UID       PID  minflt/s  majflt/s     VSZ     RSS   %MEM  Command
03:57:49 AM     0    413290    165.00      0.00 27749692 1086144   1.66  java

# Time        UID       PID  minflt/s  majflt/s     VSZ     RSS   %MEM  Command
03:57:50 AM     0    413290    775.00      0.00 27749692 1088132   1.66  java

# Time        UID       PID  minflt/s  majflt/s     VSZ     RSS   %MEM  Command
03:57:51 AM     0    413290     24.00      0.00 27487548  924276   1.41  java

# Time        UID       PID  minflt/s  majflt/s     VSZ     RSS   %MEM  Command
03:57:52 AM     0    413290    251.00      0.00 27487548  925000   1.41  java

# Time        UID       PID  minflt/s  majflt/s     VSZ     RSS   %MEM  Command
03:57:53 AM     0    413290  20688.00      4.00 27487548  925028   1.41  java

# Time        UID       PID  minflt/s  majflt/s     VSZ     RSS   %MEM  Command
03:57:54 AM     0    413290   1161.00      0.00 27487548  925556   1.41  java

# Time        UID       PID  minflt/s  majflt/s     VSZ     RSS   %MEM  Command
03:57:55 AM     0    413290   3324.00      0.00 27553084  938600   1.43  java

# Time        UID       PID  minflt/s  majflt/s     VSZ     RSS   %MEM  Command
03:57:56 AM     0    413290   5911.00      0.00 27553084  962356   1.47  java

# Time        UID       PID  minflt/s  majflt/s     VSZ     RSS   %MEM  Command
03:57:57 AM     0    413290   6179.00      0.00 27618620  987172   1.51  java

# Time        UID       PID  minflt/s  majflt/s     VSZ     RSS   %MEM  Command
03:57:58 AM     0    413290   6180.00      0.00 27618620 1011648   1.55  java

# Time        UID       PID  minflt/s  majflt/s     VSZ     RSS   %MEM  Command
03:57:59 AM     0    413290   6389.00      0.00 27684156 1036968   1.58  java

# Time        UID       PID  minflt/s  majflt/s     VSZ     RSS   %MEM  Command
03:58:00 AM     0    413290  14249.00      0.00 27684156 1060780   1.62  java

# Time        UID       PID  minflt/s  majflt/s     VSZ     RSS   %MEM  Command
03:58:01 AM     0    413290   5462.00      0.00 27749692 1082588   1.65  java

# Time        UID       PID  minflt/s  majflt/s     VSZ     RSS   %MEM  Command
03:58:02 AM     0    413290  13881.00      0.00 27749692 1088988   1.66  java

# Time        UID       PID  minflt/s  majflt/s     VSZ     RSS   %MEM  Command
03:58:03 AM     0    413290  19333.00      0.00 27749692 1089948   1.67  java

# Time        UID       PID  minflt/s  majflt/s     VSZ     RSS   %MEM  Command
03:58:04 AM     0    413290  36366.00      0.00 27749692 1090972   1.67  java

# Time        UID       PID  minflt/s  majflt/s     VSZ     RSS   %MEM  Command
03:58:05 AM     0    413290  37707.00      0.00 27749692 1090972   1.67  java

# Time        UID       PID  minflt/s  majflt/s     VSZ     RSS   %MEM  Command
03:58:06 AM     0    413290  28699.00      0.00 27749692 1090972   1.67  java

# Time        UID       PID  minflt/s  majflt/s     VSZ     RSS   %MEM  Command
03:58:07 AM     0    413290  25636.00      0.00 27749692 1095560   1.67  java

# Time        UID       PID  minflt/s  majflt/s     VSZ     RSS   %MEM  Command
03:58:08 AM     0    413290   6770.00      0.00 27749692 1095560   1.67  java

# Time        UID       PID  minflt/s  majflt/s     VSZ     RSS   %MEM  Command
03:58:09 AM     0    413290  19116.00      0.00 27749692 1095588   1.67  java

# Time        UID       PID  minflt/s  majflt/s     VSZ     RSS   %MEM  Command
03:58:10 AM     0    413290  10985.00      0.00 27749692 1095588   1.67  java

# Time        UID       PID  minflt/s  majflt/s     VSZ     RSS   %MEM  Command
03:58:11 AM     0    413290   6497.00      0.00 27749692 1095588   1.67  java

# Time        UID       PID  minflt/s  majflt/s     VSZ     RSS   %MEM  Command
03:58:12 AM     0    413290  12208.00      0.00 27749692 1095976   1.67  java

# Time        UID       PID  minflt/s  majflt/s     VSZ     RSS   %MEM  Command
03:58:13 AM     0    413290  35182.00      0.00 27553084  982216   1.50  java

# Time        UID       PID  minflt/s  majflt/s     VSZ     RSS   %MEM  Command
03:58:14 AM     0    413290  29331.00      0.00 27553084  982216   1.50  java

# Time        UID       PID  minflt/s  majflt/s     VSZ     RSS   %MEM  Command
03:58:15 AM     0    413290  25291.00      0.00 27553084  982216   1.50  java

# Time        UID       PID  minflt/s  majflt/s     VSZ     RSS   %MEM  Command
03:58:16 AM     0    413290  25803.00      0.00 27553084  982216   1.50  java

# Time        UID       PID  minflt/s  majflt/s     VSZ     RSS   %MEM  Command
03:58:17 AM     0    413290  29700.00      0.00 27553084  984084   1.50  java

# Time        UID       PID  minflt/s  majflt/s     VSZ     RSS   %MEM  Command
03:58:18 AM     0    413290  27989.00      0.00 27553084  984084   1.50  java

# Time        UID       PID  minflt/s  majflt/s     VSZ     RSS   %MEM  Command
03:58:19 AM     0    413290  27987.00      0.00 27553084  984084   1.50  java

# Time        UID       PID  minflt/s  majflt/s     VSZ     RSS   %MEM  Command
03:58:20 AM     0    413290  21448.00      0.00 27618620 1007364   1.54  java

# Time        UID       PID  minflt/s  majflt/s     VSZ     RSS   %MEM  Command
03:58:21 AM     0    413290   7004.00      0.00 27684156 1034304   1.58  java

# Time        UID       PID  minflt/s  majflt/s     VSZ     RSS   %MEM  Command
03:58:22 AM     0    413290   6882.00      0.00 27684156 1061024   1.62  java

# Time        UID       PID  minflt/s  majflt/s     VSZ     RSS   %MEM  Command
03:58:23 AM     0    413290   7207.00      0.00 27749692 1082836   1.65  java

# Time        UID       PID  minflt/s  majflt/s     VSZ     RSS   %MEM  Command
03:58:24 AM     0    413290   5249.00      4.00 27749692 1102880   1.69  java

# Time        UID       PID  minflt/s  majflt/s     VSZ     RSS   %MEM  Command
03:58:25 AM     0    413290   2099.00      0.00 27749692 1111048   1.70  java

# Time        UID       PID  minflt/s  majflt/s     VSZ     RSS   %MEM  Command
03:58:26 AM     0    413290    146.00      0.00 27749692 1111328   1.70  java

# Time        UID       PID  minflt/s  majflt/s     VSZ     RSS   %MEM  Command
03:58:27 AM     0    413290     32.00      0.00 27749692 1111540   1.70  java

# Time        UID       PID  minflt/s  majflt/s     VSZ     RSS   %MEM  Command
03:58:28 AM     0    413290    253.00      0.00 27749692 1112296   1.70  java

# Time        UID       PID  minflt/s  majflt/s     VSZ     RSS   %MEM  Command
