Linux 5.15.0 (noslab-gpu) 	11/14/2025 	_x86_64_	(40 CPU)

# Time        UID       PID  minflt/s  majflt/s     VSZ     RSS   %MEM  Command
04:12:06 AM     0    423059  59398.04    427.45 27555156  250060   0.38  java

# Time        UID       PID  minflt/s  majflt/s     VSZ     RSS   %MEM  Command
04:12:07 AM     0    423059  90990.00      1.00 27969916  609184   0.93  java

# Time        UID       PID  minflt/s  majflt/s     VSZ     RSS   %MEM  Command
04:12:08 AM     0    423059  88850.00      0.00 28051856  929276   1.42  java

# Time        UID       PID  minflt/s  majflt/s     VSZ     RSS   %MEM  Command
04:12:09 AM     0    423059 115260.00      0.00 28133796 1014464   1.55  java

# Time        UID       PID  minflt/s  majflt/s     VSZ     RSS   %MEM  Command
04:12:10 AM     0    423059  35382.00      0.00 27920752  856716   1.31  java

# Time        UID       PID  minflt/s  majflt/s     VSZ     RSS   %MEM  Command
04:12:11 AM     0    423059  28659.00      3.00 28051824  963616   1.47  java

# Time        UID       PID  minflt/s  majflt/s     VSZ     RSS   %MEM  Command
04:12:12 AM     0    423059  24885.00      0.00 28248432 1062836   1.62  java

# Time        UID       PID  minflt/s  majflt/s     VSZ     RSS   %MEM  Command
04:12:13 AM     0    423059   6067.00      2.00 28150104  989160   1.51  java

# Time        UID       PID  minflt/s  majflt/s     VSZ     RSS   %MEM  Command
04:12:14 AM     0    423059  12931.00      0.00 28215640 1040640   1.59  java

# Time        UID       PID  minflt/s  majflt/s     VSZ     RSS   %MEM  Command
04:12:15 AM     0    423059  35512.00      0.00 28281176 1123492   1.72  java

# Time        UID       PID  minflt/s  majflt/s     VSZ     RSS   %MEM  Command
04:12:16 AM     0    423059  95202.00      4.00 28281176 1127692   1.72  java

# Time        UID       PID  minflt/s  majflt/s     VSZ     RSS   %MEM  Command
04:12:17 AM     0    423059 126763.00      2.00 28281176 1128984   1.73  java

# Time        UID       PID  minflt/s  majflt/s     VSZ     RSS   %MEM  Command
04:12:18 AM     0    423059  13913.00      0.00 28084568  984196   1.50  java

# Time        UID       PID  minflt/s  majflt/s     VSZ     RSS   %MEM  Command
04:12:19 AM     0    423059  12985.00      0.00 28215640 1032972   1.58  java

# Time        UID       PID  minflt/s  majflt/s     VSZ     RSS   %MEM  Command
04:12:20 AM     0    423059  24013.00      0.00 28281176 1126424   1.72  java

# Time        UID       PID  minflt/s  majflt/s     VSZ     RSS   %MEM  Command
04:12:21 AM     0    423059   5901.00      3.00 28338516 1149024   1.76  java

# Time        UID       PID  minflt/s  majflt/s     VSZ     RSS   %MEM  Command
04:12:22 AM     0    423059   4633.00      0.00 28338516 1150192   1.76  java

# Time        UID       PID  minflt/s  majflt/s     VSZ     RSS   %MEM  Command
04:12:23 AM     0    423059   1979.00      2.00 28076372  993392   1.52  java

# Time        UID       PID  minflt/s  majflt/s     VSZ     RSS   %MEM  Command
04:12:24 AM     0    423059   7132.00      0.00 28141908 1021308   1.56  java

# Time        UID       PID  minflt/s  majflt/s     VSZ     RSS   %MEM  Command
04:12:25 AM     0    423059  24230.00      0.00 28272980 1117848   1.71  java

# Time        UID       PID  minflt/s  majflt/s     VSZ     RSS   %MEM  Command
04:12:26 AM     0    423059   9329.00      3.00 28338516 1155552   1.77  java

# Time        UID       PID  minflt/s  majflt/s     VSZ     RSS   %MEM  Command
04:12:27 AM     0    423059     11.00      2.00 28338516 1155556   1.77  java

# Time        UID       PID  minflt/s  majflt/s     VSZ     RSS   %MEM  Command
04:12:28 AM     0    423059   5433.00      0.00 28338516 1170220   1.79  java

# Time        UID       PID  minflt/s  majflt/s     VSZ     RSS   %MEM  Command
04:12:29 AM     0    423059  22189.00      0.00 28338516 1178076   1.80  java

# Time        UID       PID  minflt/s  majflt/s     VSZ     RSS   %MEM  Command
04:12:30 AM     0    423059 139860.00      0.00 28338516 1180200   1.80  java

# Time        UID       PID  minflt/s  majflt/s     VSZ     RSS   %MEM  Command
04:12:31 AM     0    423059  92104.00      2.00 28207444 1100432   1.68  java

# Time        UID       PID  minflt/s  majflt/s     VSZ     RSS   %MEM  Command
04:12:32 AM     0    423059   6110.00      0.00 28207444 1101408   1.68  java

# Time        UID       PID  minflt/s  majflt/s     VSZ     RSS   %MEM  Command
04:12:33 AM     0    423059  13167.00      2.00 28272980 1150940   1.76  java

# Time        UID       PID  minflt/s  majflt/s     VSZ     RSS   %MEM  Command
04:12:34 AM     0    423059   4733.00      0.00 28338516 1167820   1.78  java

# Time        UID       PID  minflt/s  majflt/s     VSZ     RSS   %MEM  Command
04:12:35 AM     0    423059    568.00      0.00 28338516 1168932   1.79  java

# Time        UID       PID  minflt/s  majflt/s     VSZ     RSS   %MEM  Command
04:12:36 AM     0    423059  15636.00      4.00 28338516 1227072   1.88  java

# Time        UID       PID  minflt/s  majflt/s     VSZ     RSS   %MEM  Command
04:12:37 AM     0    423059  11691.00      2.00 28404052 1266648   1.94  java

# Time        UID       PID  minflt/s  majflt/s     VSZ     RSS   %MEM  Command
04:12:38 AM     0    423059   1240.00      0.00 28404052 1270208   1.94  java

# Time        UID       PID  minflt/s  majflt/s     VSZ     RSS   %MEM  Command
04:12:39 AM     0    423059  65647.00      0.00 28076372 1059324   1.62  java

# Time        UID       PID  minflt/s  majflt/s     VSZ     RSS   %MEM  Command
04:12:40 AM     0    423059  56972.00      0.00 28076372 1064204   1.63  java

# Time        UID       PID  minflt/s  majflt/s     VSZ     RSS   %MEM  Command

# Time        UID       PID  minflt/s  majflt/s     VSZ     RSS   %MEM  Command
04:12:42 AM     0    423532  47964.00      8.00 27028656  218604   0.33  java

# Time        UID       PID  minflt/s  majflt/s     VSZ     RSS   %MEM  Command
04:12:43 AM     0    423532  26335.00      0.00 26962056  179440   0.27  java

# Time        UID       PID  minflt/s  majflt/s     VSZ     RSS   %MEM  Command
04:12:44 AM     0    423532  14485.00      1.00 27577580  223136   0.34  java

# Time        UID       PID  minflt/s  majflt/s     VSZ     RSS   %MEM  Command
04:12:45 AM     0    423532  23555.00      1.00 27644144  309056   0.47  java

# Time        UID       PID  minflt/s  majflt/s     VSZ     RSS   %MEM  Command
04:12:46 AM     0    423532  30514.00      0.00 27644144  399404   0.61  java

# Time        UID       PID  minflt/s  majflt/s     VSZ     RSS   %MEM  Command
04:12:47 AM     0    423532  39126.00      4.00 27709680  520600   0.80  java

# Time        UID       PID  minflt/s  majflt/s     VSZ     RSS   %MEM  Command
04:12:48 AM     0    423532  42568.00      0.00 27709680  670416   1.02  java

# Time        UID       PID  minflt/s  majflt/s     VSZ     RSS   %MEM  Command
04:12:49 AM     0    423532  40337.00      0.00 27775216  829976   1.27  java

# Time        UID       PID  minflt/s  majflt/s     VSZ     RSS   %MEM  Command
04:12:50 AM     0    423532  35331.00      0.00 27840752  966940   1.48  java

# Time        UID       PID  minflt/s  majflt/s     VSZ     RSS   %MEM  Command
04:12:51 AM     0    423532  45832.00      0.00 27906288 1013512   1.55  java

# Time        UID       PID  minflt/s  majflt/s     VSZ     RSS   %MEM  Command
04:12:52 AM     0    423532  87151.00      3.00 27971824 1056248   1.61  java

# Time        UID       PID  minflt/s  majflt/s     VSZ     RSS   %MEM  Command
04:12:53 AM     0    423532  53900.00      0.00 27971824 1098220   1.68  java

# Time        UID       PID  minflt/s  majflt/s     VSZ     RSS   %MEM  Command
04:12:54 AM     0    423532  32113.00      0.00 27971824 1099280   1.68  java

# Time        UID       PID  minflt/s  majflt/s     VSZ     RSS   %MEM  Command
04:12:55 AM     0    423532  35805.00      2.00 27971824 1101160   1.68  java

# Time        UID       PID  minflt/s  majflt/s     VSZ     RSS   %MEM  Command
04:12:56 AM     0    423532   1188.00      0.00 27971824 1102156   1.68  java

# Time        UID       PID  minflt/s  majflt/s     VSZ     RSS   %MEM  Command
04:12:57 AM     0    423532   1501.00      2.00 27966684 1098000   1.68  java

# Time        UID       PID  minflt/s  majflt/s     VSZ     RSS   %MEM  Command
04:12:58 AM     0    423532    945.00      0.00 27959208 1090904   1.67  java

# Time        UID       PID  minflt/s  majflt/s     VSZ     RSS   %MEM  Command
04:12:59 AM     0    423532   1854.00      2.00 27959208 1098136   1.68  java

# Time        UID       PID  minflt/s  majflt/s     VSZ     RSS   %MEM  Command
04:13:00 AM     0    423532   4335.00      0.00 28024744 1115316   1.70  java

# Time        UID       PID  minflt/s  majflt/s     VSZ     RSS   %MEM  Command
04:13:01 AM     0    423532    168.00      0.00 28024256 1115444   1.70  java

# Time        UID       PID  minflt/s  majflt/s     VSZ     RSS   %MEM  Command
04:13:02 AM     0    423532      9.00      4.00 28023764 1114952   1.70  java

# Time        UID       PID  minflt/s  majflt/s     VSZ     RSS   %MEM  Command
04:13:03 AM     0    423532  28863.00      2.00 28023764 1115048   1.70  java

# Time        UID       PID  minflt/s  majflt/s     VSZ     RSS   %MEM  Command
04:13:04 AM     0    423532   1244.00      0.00 28023764 1119892   1.71  java

# Time        UID       PID  minflt/s  majflt/s     VSZ     RSS   %MEM  Command
04:13:05 AM     0    423532  11010.00      0.00 28023764 1121244   1.71  java

# Time        UID       PID  minflt/s  majflt/s     VSZ     RSS   %MEM  Command
04:13:06 AM     0    423532  29441.00      0.00 27957740 1105496   1.69  java

# Time        UID       PID  minflt/s  majflt/s     VSZ     RSS   %MEM  Command
04:13:07 AM     0    423532  25852.00      2.00 27957740 1105496   1.69  java

# Time        UID       PID  minflt/s  majflt/s     VSZ     RSS   %MEM  Command
04:13:08 AM     0    423532     22.00      2.00 27956760 1104768   1.69  java

# Time        UID       PID  minflt/s  majflt/s     VSZ     RSS   %MEM  Command
04:13:09 AM     0    423532    123.00      0.00 27956760 1105028   1.69  java

# Time        UID       PID  minflt/s  majflt/s     VSZ     RSS   %MEM  Command
04:13:10 AM     0    423532  30224.00      0.00 27956760 1105752   1.69  java

# Time        UID       PID  minflt/s  majflt/s     VSZ     RSS   %MEM  Command
04:13:11 AM     0    423532  34901.00      0.00 27956760 1106716   1.69  java

# Time        UID       PID  minflt/s  majflt/s     VSZ     RSS   %MEM  Command
04:13:12 AM     0    423532  27372.00      2.00 27955780 1105756   1.69  java

# Time        UID       PID  minflt/s  majflt/s     VSZ     RSS   %MEM  Command
04:13:13 AM     0    423532  20254.00      2.00 27889752 1067812   1.63  java

# Time        UID       PID  minflt/s  majflt/s     VSZ     RSS   %MEM  Command
04:13:14 AM     0    423532  25961.00      0.00 27889752 1074392   1.64  java

# Time        UID       PID  minflt/s  majflt/s     VSZ     RSS   %MEM  Command
04:13:15 AM     0    423532  19788.00      0.00 27889752 1079340   1.65  java

# Time        UID       PID  minflt/s  majflt/s     VSZ     RSS   %MEM  Command
04:13:16 AM     0    423532  14783.00      0.00 27889752 1082244   1.65  java

# Time        UID       PID  minflt/s  majflt/s     VSZ     RSS   %MEM  Command
04:13:17 AM     0    423532  66862.00      3.00 27889752 1083532   1.66  java

# Time        UID       PID  minflt/s  majflt/s     VSZ     RSS   %MEM  Command
04:13:18 AM     0    423532  66097.00      3.00 27889752 1088776   1.66  java

# Time        UID       PID  minflt/s  majflt/s     VSZ     RSS   %MEM  Command
04:13:19 AM     0    423532  61832.00      0.00 27955288 1102428   1.68  java

# Time        UID       PID  minflt/s  majflt/s     VSZ     RSS   %MEM  Command
04:13:20 AM     0    423532  52639.00      0.00 28020824 1149068   1.76  java

# Time        UID       PID  minflt/s  majflt/s     VSZ     RSS   %MEM  Command
04:13:21 AM     0    423532  32465.00      0.00 28017872 1163780   1.78  java

# Time        UID       PID  minflt/s  majflt/s     VSZ     RSS   %MEM  Command
04:13:22 AM     0    423532  30996.00      4.00 28017872 1163780   1.78  java

# Time        UID       PID  minflt/s  majflt/s     VSZ     RSS   %MEM  Command
04:13:23 AM     0    423532  34739.00      2.00 28017872 1163796   1.78  java

# Time        UID       PID  minflt/s  majflt/s     VSZ     RSS   %MEM  Command
04:13:24 AM     0    423532  68267.00      0.00 28017872 1163796   1.78  java

# Time        UID       PID  minflt/s  majflt/s     VSZ     RSS   %MEM  Command
04:13:25 AM     0    423532  22309.00      0.00 28017872 1163796   1.78  java

# Time        UID       PID  minflt/s  majflt/s     VSZ     RSS   %MEM  Command
04:13:26 AM     0    423532  23477.00      0.00 28017872 1165140   1.78  java

# Time        UID       PID  minflt/s  majflt/s     VSZ     RSS   %MEM  Command
04:13:27 AM     0    423532  18550.00      0.00 27886800 1100264   1.68  java

# Time        UID       PID  minflt/s  majflt/s     VSZ     RSS   %MEM  Command
04:13:28 AM     0    423532   2767.00      3.00 27886800 1100264   1.68  java

# Time        UID       PID  minflt/s  majflt/s     VSZ     RSS   %MEM  Command
04:13:29 AM     0    423532    279.00      0.00 27886800 1100264   1.68  java

# Time        UID       PID  minflt/s  majflt/s     VSZ     RSS   %MEM  Command
04:13:30 AM     0    423532    133.00      0.00 27886800 1100264   1.68  java

# Time        UID       PID  minflt/s  majflt/s     VSZ     RSS   %MEM  Command
04:13:31 AM     0    423532   1404.00      0.00 27886800 1100264   1.68  java

# Time        UID       PID  minflt/s  majflt/s     VSZ     RSS   %MEM  Command
04:13:32 AM     0    423532   5007.00      2.00 27952336 1114496   1.70  java

# Time        UID       PID  minflt/s  majflt/s     VSZ     RSS   %MEM  Command
04:13:33 AM     0    423532   9057.00      2.00 27952336 1149328   1.76  java

# Time        UID       PID  minflt/s  majflt/s     VSZ     RSS   %MEM  Command
04:13:34 AM     0    423532    132.00      0.00 27952336 1149328   1.76  java

# Time        UID       PID  minflt/s  majflt/s     VSZ     RSS   %MEM  Command
04:13:35 AM     0    423532    873.00      0.00 27952336 1149428   1.76  java

# Time        UID       PID  minflt/s  majflt/s     VSZ     RSS   %MEM  Command
04:13:36 AM     0    423532    200.00      2.00 27952336 1149428   1.76  java

# Time        UID       PID  minflt/s  majflt/s     VSZ     RSS   %MEM  Command
04:13:37 AM     0    423532    136.00      0.00 27952336 1149428   1.76  java

# Time        UID       PID  minflt/s  majflt/s     VSZ     RSS   %MEM  Command
04:13:38 AM     0    423532    246.00      2.00 27951844 1149200   1.76  java

# Time        UID       PID  minflt/s  majflt/s     VSZ     RSS   %MEM  Command
04:13:39 AM     0    423532    209.00      0.00 27951844 1149464   1.76  java

# Time        UID       PID  minflt/s  majflt/s     VSZ     RSS   %MEM  Command
04:13:40 AM     0    423532    190.00      0.00 27819788 1050188   1.60  java

# Time        UID       PID  minflt/s  majflt/s     VSZ     RSS   %MEM  Command
04:13:41 AM     0    423532     10.00      2.00 27819788 1050188   1.60  java

# Time        UID       PID  minflt/s  majflt/s     VSZ     RSS   %MEM  Command
04:13:42 AM     0    423532      2.00      0.00 27819788 1050188   1.60  java

# Time        UID       PID  minflt/s  majflt/s     VSZ     RSS   %MEM  Command
04:13:43 AM     0    423532      2.00      4.00 27819296 1049696   1.60  java

# Time        UID       PID  minflt/s  majflt/s     VSZ     RSS   %MEM  Command
04:13:44 AM     0    423532     28.00      0.00 27819296 1049696   1.60  java

# Time        UID       PID  minflt/s  majflt/s     VSZ     RSS   %MEM  Command
04:13:45 AM     0    423532   2776.00      0.00 27884340 1060264   1.62  java

# Time        UID       PID  minflt/s  majflt/s     VSZ     RSS   %MEM  Command
04:13:46 AM     0    423532   8040.00      2.00 27884340 1092208   1.67  java

# Time        UID       PID  minflt/s  majflt/s     VSZ     RSS   %MEM  Command
04:13:47 AM     0    423532   8868.00      0.00 27949876 1125048   1.72  java

# Time        UID       PID  minflt/s  majflt/s     VSZ     RSS   %MEM  Command
04:13:48 AM     0    423532  12239.00      3.00 27949876 1170916   1.79  java

# Time        UID       PID  minflt/s  majflt/s     VSZ     RSS   %MEM  Command
04:13:49 AM     0    423532   2913.00      1.00 27949876 1180316   1.80  java

# Time        UID       PID  minflt/s  majflt/s     VSZ     RSS   %MEM  Command
04:13:50 AM     0    423532   1956.00      0.00 27949876 1187972   1.82  java

# Time        UID       PID  minflt/s  majflt/s     VSZ     RSS   %MEM  Command
04:13:51 AM     0    423532   3507.00      0.00 27949876 1191408   1.82  java

# Time        UID       PID  minflt/s  majflt/s     VSZ     RSS   %MEM  Command
04:13:52 AM     0    423532  65444.00      0.00 27949876 1193268   1.82  java

# Time        UID       PID  minflt/s  majflt/s     VSZ     RSS   %MEM  Command
04:13:53 AM     0    423532  67947.00      3.00 27949876 1198536   1.83  java

# Time        UID       PID  minflt/s  majflt/s     VSZ     RSS   %MEM  Command
04:13:54 AM     0    423532  58170.00      0.00 27949876 1199692   1.83  java

# Time        UID       PID  minflt/s  majflt/s     VSZ     RSS   %MEM  Command
04:13:55 AM     0    423532  51516.00      0.00 27949876 1201148   1.84  java

# Time        UID       PID  minflt/s  majflt/s     VSZ     RSS   %MEM  Command
04:13:56 AM     0    423532  14169.00      0.00 28015412 1225324   1.87  java

# Time        UID       PID  minflt/s  majflt/s     VSZ     RSS   %MEM  Command
04:13:57 AM     0    423532   1146.00      2.00 28014920 1226212   1.87  java

# Time        UID       PID  minflt/s  majflt/s     VSZ     RSS   %MEM  Command
04:13:58 AM     0    423532   1226.00      2.00 28014920 1226212   1.87  java

# Time        UID       PID  minflt/s  majflt/s     VSZ     RSS   %MEM  Command
04:13:59 AM     0    423532    276.00      0.00 28014920 1226212   1.87  java

# Time        UID       PID  minflt/s  majflt/s     VSZ     RSS   %MEM  Command
04:14:00 AM     0    423532   1308.00      0.00 28014920 1230284   1.88  java

# Time        UID       PID  minflt/s  majflt/s     VSZ     RSS   %MEM  Command
04:14:01 AM     0    423532  25916.00      0.00 28014920 1230300   1.88  java

# Time        UID       PID  minflt/s  majflt/s     VSZ     RSS   %MEM  Command
04:14:02 AM     0    423532  93060.00      2.00 27949384 1214264   1.86  java

# Time        UID       PID  minflt/s  majflt/s     VSZ     RSS   %MEM  Command
04:14:03 AM     0    423532  40191.00      2.00 27949384 1214264   1.86  java

# Time        UID       PID  minflt/s  majflt/s     VSZ     RSS   %MEM  Command
04:14:04 AM     0    423532  35934.00      2.00 27688328  970056   1.48  java

# Time        UID       PID  minflt/s  majflt/s     VSZ     RSS   %MEM  Command
