procs -----------memory---------- ---swap-- -----io---- -system-- ------cpu-----
 r  b   swpd   free   buff  cache   si   so    bi    bo   in   cs us sy id wa st
 5  2      0 63695128  13264 421044    0    0     6  1689    8    8  1  1 98  0  0
 4  0      0 63507340  14704 516396    0    0 39640  1352 33144 51175  4  2 94  0  0
 4  0      0 63262652  14704 611324    0    0     0     0 41561 80575  2  4 94  0  0
 1  0      0 62995056  14704 711780    0    0     0     0 42209 82870  1  4 95  0  0
 3  0      0 62726440  14704 806360    0    0     0     0 41121 80009  1  4 95  0  0
 3  0      0 62446780  15524 912976    0    0  3232 63868 50379 80084  1  4 95  0  0
 4  0      0 62255332  15536 1010708    0    0     0 147516 42016 81342  1  4 95  0  0
 4  0      0 61781612  15580 1376088    0    0     4 106340 42169 78991  2  6 93  0  0
 5  0      0 62404532  15624 947820    0    0     0 255632 41034 76977  1  5 93  0  0
 5  0      0 62265948  15624 1046284    0    0     0     0 41405 81477  1  4 95  0  0
 4  0      0 62117796  15636 1151576    0    0     0    88 42593 84751  1  4 95  0  0
 4  0      0 61976176  15640 1251144    0    0     4     0 40733 79452  1  4 95  0  0
 4  0      0 61824988  15644 1356548    0    0     4     0 42621 85067  1  4 95  0  0
 2  0      0 61375252  15668 1761776    0    0     0 253796 39721 73876  2  5 93  0  0
 3  1      0 61678444  15808 1483868    0    0    12 395172 48163 72667  2  6 92  1  0
 9  0      0 61340500  15840 1825196    0    0     0 132156 40931 77352  2  6 92  0  0
 5  0      0 60931136  15868 2231076    0    0     0 132156 41843 79345  2  6 92  0  0
 3  0      0 60547308  15908 2592116    0    0    44 181196 43643 81522  2  6 91  0  0
 3  0      0 61496356  15916 1643224    0    0     0    28 41375 81031  1  4 95  0  0
 6  0      0 61312848  15956 1813656    0    0     0 253872 42410 82004  1  4 94  0  0
 5  0      0 61355988  15984 1722656    0    0     0 255636 42731 82406  2  6 92  0  0
procs -----------memory---------- ---swap-- -----io---- -system-- ------cpu-----
 r  b   swpd   free   buff  cache   si   so    bi    bo   in   cs us sy id wa st
 3  0      0 61403040  16000 1678744    0    0    16 120536 50638 77709  1  4 95  0  0
 3  0      0 61285916  16092 1794936    0    0    12 41808 56579 92346  1  4 94  0  0
 1  0      0 61186128  16092 1900396    0    0     0     0 42372 84236  1  4 95  0  0
 4  0      0 61077276  16092 2009424    0    0     0     0 43396 87295  1  4 95  0  0
 4  0      0 60748496  16116 2338008    0    0     0 253796 41466 78663  2  5 93  0  0
 6  0      0 60982384  16144 2088728    0    0     0 255632 40371 75209  2  6 92  0  0
 7  0      0 60581000  16180 2482716    0    0     0 132236 41615 76782  2  7 91  0  0
 7  0      0 60256272  16228 2808056    0    0     0 198252 41691 80465  2  6 92  0  0
 7  0      0 59876928  16256 3191884    0    0     0 132164 40523 77480  2  6 92  0  0
 6  0      0 59469368  16284 3596788    0    0     0 132164 40679 76950  2  6 92  0  0
 5  0      0 59050968  16416 4011684    0    0     4 271768 53279 85700  2  6 92  0  0
 8  0      0 58273424  16476 4787612    0    0     0 385952 42684 79844  3  8 89  0  0
 6  0      0 60650688  16556 2473924    0    0     0 419624 43142 81678  2  8 89  1  0
 6  0      0 60571320  16584 2578684    0    0     0 65880 40398 76603  2  6 92  0  0
 6  0      0 60518644  16628 2632868    0    0     0 131696 41212 78152  2  6 92  0  0
 7  0      0 60448612  16680 2699636    0    0     0 131748 41716 80076  2  6 92  0  0
 4  0      0 60484416  16728 2649500    0    0     0 131692 41846 78813  2  6 92  0  0
 5  0      0 60276664  16764 2838004    0    0     4 253800 42934 83477  1  4 94  0  0
 7  0      0 60437588  16900 2629856    0    0    24 329188 52418 75440  2  7 91  0  0
 5  0      0 60028780  16928 3038556    0    0     0 132172 41980 79610  2  6 92  0  0
 8  0      0 59604244  16956 3470348    0    0     0 132168 42909 82010  2  6 92  0  0
procs -----------memory---------- ---swap-- -----io---- -system-- ------cpu-----
 r  b   swpd   free   buff  cache   si   so    bi    bo   in   cs us sy id wa st
10  0      0 59272968  17000 3803448    0    0     0 198512 42819 82521  2  6 92  0  0
 9  0      0 58862752  17032 4213616    0    0     4 132160 41825 80721  2  6 92  0  0
 7  0      0 58414112  17072 4659980    0    0     4 132228 42332 80767  2  6 91  0  0
 7  1      0 57799464  17140 5268980    0    0     0 452040 43249 79833  2  8 89  1  0
 9  0      0 59306868  17200 3754948    0    0     0 336728 43988 80568  2  8 89  1  0
 8  0      0 59923952  17244 3116348    0    0     0 254956 43247 69341  2  6 91  0  0
 8  0      0 59876044  17372 3165008    0    0    12 176760 51119 78668  2  6 91  0  0
 6  0      0 59825996  17420 3224948    0    0     0 131704 42516 81401  2  6 92  0  0
 7  0      0 59626288  17460 3427000    0    0     4 131656 42246 81197  2  6 92  0  0
 8  1      0 59273488  17488 3775328    0    0     0 131632 42951 82198  3  6 91  0  0
 8  0      0 59264264  17528 3790840    0    0     0 253864 40525 75116  1  6 93  0  0
13  0      0 59743468  17576 3439684    0    0     0 321808 39340 72421  2  6 92  0  0
10  0      0 59318048  17604 3865076    0    0     0 132176 40805 77336  2  6 92  0  0
10  0      0 58904416  17636 4281324    0    0     0 132180 40545 76408  2  6 92  0  0
 7  0      0 58560808  17676 4622008    0    0     0 198256 42693 81443  2  6 92  0  0
 6  1      0 58086580  17796 5072836    0    0     8 205708 50604 79942  2  7 91  0  0
 8  0      0 57600644  17828 5517240    0    0     0 132180 42821 81799  2  6 92  0  0
13  0      0 56869564  17908 6207588    0    0     0 449976 42541 77778  2  8 89  1  0
10  0      0 59099000  17964 3918540    0    0     0 387360 44868 82516  2  8 90  0  0
 7  0      0 59128128  17988 3911900    0    0     0 65852 40120 74860  3  6 92  0  0
 8  0      0 58932916  18032 4112912    0    0     0 131732 42190 80048  2  6 92  0  0
procs -----------memory---------- ---swap-- -----io---- -system-- ------cpu-----
 r  b   swpd   free   buff  cache   si   so    bi    bo   in   cs us sy id wa st
 9  0      0 59009920  18068 4025608    0    0     0 131668 42368 80936  2  6 92  0  0
 7  0      0 58686564  18096 4359248    0    0     0 131644 41108 77800  2  6 92  0  0
 8  0      0 58908432  18152 4132396    0    0     0 385476 42727 80372  2  6 91  0  0
 7  1      0 58056532  18300 4985756    0    0    12 460800 50950 76589  3  9 88  1  0
 5  1      0 58911716  18344 4204196    0    0     0 131708 43779 81193  3  6 91  0  0
 7  1      0 58557560  18372 4560124    0    0     0 131648 42501 81614  2  6 92  0  0
 8  0      0 58638712  18404 4479252    0    0     0 65936 40589 76131  2  6 92  0  0
 8  0      0 58283996  18432 4836264    0    0     0 131632 43091 83555  2  6 92  0  0
 7  0      0 58429400  18480 4681812    0    0     0 132016 40891 77115  2  6 92  0  0
10  0      0 57912916  18552 5164556    0    0     0 452084 42975 79865  2  7 90  0  0
 6  0      0 57900084  18600 5137420    0    0     4 388196 45689 84919  3  8 88  1  0
 6  0      0 57471276  18624 5566588    0    0     0 132184 41028 77015  2  6 92  0  0
 4  1      0 57052144  18744 5982876    0    0    12 271768 50533 80401  2  6 92  0  0
 7  0      0 56655236  18784 6374556    0    0     0 126856 43341 84116  2  6 92  0  0
 7  0      0 58208156  18816 4804588    0    0     0 188700 41216 75294  3  6 91  0  0
 8  0      0 58151960  18848 4872012    0    0     0 131676 41966 80531  2  6 92  0  0
11  0      0 57565844  18908 5455984    0    0     4 385464 41934 77768  3  7 90  0  0
 7  0      0 58164824  18964 4931776    0    0     0 387448 45079 84986  3  8 89  0  0
 7  0      0 58183620  18996 4912824    0    0     0 131684 40527 76938  2  6 92  0  0
 7  0      0 57891220  19024 5217488    0    0     0 132080 42178 81442  2  6 92  0  0
 7  0      0 57995292  19148 5107544    0    0    16 154692 53780 82908  2  6 91  0  0
procs -----------memory---------- ---swap-- -----io---- -system-- ------cpu-----
 r  b   swpd   free   buff  cache   si   so    bi    bo   in   cs us sy id wa st
 3  0      0 58957484  19172 5112672    0    0   920 116412 35143 58215  2  4 94  0  0
 3  0      0 58934588  19172 5112692    0    0     4     0 12750 3735  1  0 99  0  0
 4  0      0 58982348  19184 5032356    0    0   180 127848 19204 15824  2  3 95  0  0
 9  0      0 58908428  19228 5012708    0    0     0 77608 27702 36988  2  4 94  0  0
 7  0      0 58512436  19272 5373768    0    0     0 198388 46415 84739  3  5 91  1  0
 6  0      0 57959036  19296 5832976    0    0     0 132192 45645 82964  5  5 89  1  0
 7  0      0 57489740  19320 6224572    0    0     0 132184 44901 82568  4  5 91  0  0
 8  0      0 57057068  19360 6569988    0    0     4 198272 45254 86054  3  5 92  0  0
 4  0      0 56532080  19384 6983072    0    0     0 132180 43519 83106  3  5 92  0  0
 5  0      0 56055856  19416 7344184    0    0     0 132244 42170 78588  2  5 92  0  0
 5  0      0 55666560  19460 7613800    0    0     4 192920 42890 79536  2  5 92  0  0
 5  1      0 55191584  19484 7966152    0    0     0 132192 41457 75853  2  5 92  0  0
 4  0      0 57667672  19620 5431104    0    0    20 182188 49470 72036  2  6 91  1  0
 4  0      0 57437848  19652 5649288    0    0     0 131752 44551 81847  2  5 92  0  0
 6  1      0 57093780  19688 5980776    0    0     0 319668 43439 78542  3  6 91  0  0
 4  1      0 56762652  19748 6271528    0    0    32 386880 45177 82138  3  8 88  1  0
 3  1      0 57205608  19772 5822308    0    0     0 131680 44994 83277  2  5 92  0  0
 6  0      0 57317080  19816 5713580    0    0     0 131760 45896 86507  2  5 92  1  0
 5  0      0 56948484  19848 6085608    0    0     4 131636 46605 88538  2  5 92  0  0
 4  0      0 57001772  19876 6039188    0    0     4 66140 45276 85312  3  5 91  0  0
 4  0      0 57097124  19912 5941908    0    0     0 131676 45872 86821  2  5 92  1  0
procs -----------memory---------- ---swap-- -----io---- -system-- ------cpu-----
 r  b   swpd   free   buff  cache   si   so    bi    bo   in   cs us sy id wa st
 4  0      0 56758772  20028 6280340    0    0     4 205252 62586 87711  2  6 92  1  0
 3  0      0 56857192  20064 6178620    0    0     0 131688 46956 89240  2  5 92  0  0
 4  1      0 56628952  20100 6390832    0    0     0 131668 48710 91730  3  6 91  0  0
 8  1      0 56495832  20160 6529464    0    0    12 381312 47389 88259  2  6 91  1  0
 7  1      0 55707096  20208 7311664    0    0     0 386772 47596 87732  3  8 88  1  0
 3  2      0 56709360  20268 6437456    0    0     0 131896 49055 91913  3  6 91  1  0
 2  0      0 56390528  20304 6760324    0    0     0 131672 47375 89505  3  5 92  0  0
 6  0      0 56070772  20336 7076916    0    0     4 131632 47419 89946  3  5 92  1  0
 2  1      0 55739636  20372 7403864    0    0     0 132172 47931 91203  3  5 92  0  0
 6  0      0 56484116  20472 6665304    0    0     8 139496 55081 86308  2  5 92  1  0
 7  1      0 56603572  20508 6538260    0    0     0 131664 45989 86857  3  5 92  0  0
 5  0      0 56291928  20536 6840768    0    0     0 131656 45779 86431  2  5 92  0  0
 2  0      0 56309196  20560 6791396    0    0     0 65860 46007 85512  3  6 91  0  0
 4  0      0 55988784  20588 7089748    0    0     0 139472 47271 90815  3  5 92  0  0
 6  0      0 55484404  20664 7568452    0    0     0 385672 46950 86620  3  6 90  1  0
 4  1      0 55786520  20720 7230192    0    0     0 387364 50121 93368  3  8 89  1  0
 3  0      0 55838872  20748 7197592    0    0     0 132220 47633 90971  2  5 92  1  0
 2  0      0 55516104  20776 7520312    0    0     0 132184 47582 91138  3  5 92  0  0
 4  1      0 55213888  20904 7821952    0    0    12 230328 60275 92746  2  6 92  1  0
 6  0      0 54871920  20932 8158612    0    0     0 132188 47282 90741  2  6 92  0  0
 4  0      0 54554988  20960 8473080    0    0     0 132184 47636 91287  3  5 92  0  0
procs -----------memory---------- ---swap-- -----io---- -system-- ------cpu-----
 r  b   swpd   free   buff  cache   si   so    bi    bo   in   cs us sy id wa st
 4  0      0 54279392  21012 8743340    0    0     0 174840 46528 88375  2  5 92  0  0
 6  0      0 53952404  21040 9067828    0    0     0 131628 47439 88128  3  5 92  1  0
 9  0      0 55698508  21068 7304500    0    0     0 63144 45967 86205  2  6 92  0  0
 5  0      0 55399748  21096 7618068    0    0     0 131712 45674 85518  2  5 92  1  0
 5  0      0 55400112  21164 7618416    0    0     0 382720 44898 81835  2  6 91  1  0
 6  0      0 55511740  21208 7504376    0    0     0 321052 43271 77840  3  7 89  1  0
 6  0      0 55776568  21336 7412872    0    0     4 202680 56347 83394  2  5 92  1  0
 3  1      0 55474500  21364 7714084    0    0     0 131628 47247 89351  3  5 91  1  0
 4  0      0 56025956  21400 7162812    0    0     0 128968 45184 83836  2  5 92  1  0
 7  0      0 55646512  21416 7547372    0    0     0 65824 45996 86557  2  5 92  1  0
 3  0      0 55780432  21456 7402892    0    0     4 128472 45551 85328  2  5 92  1  0
 5  0      0 55872752  21500 7279836    0    0     0 127928 45058 81244  2  5 92  1  0
 4  0      0 55552700  21528 7580872    0    0     0 131668 44614 83132  2  5 92  1  0
 1  1      0 55145772  21548 7966212    0    0     4 193356 44277 82130  2  5 92  1  0
 2  0      0 55370836  21584 7722644    0    0     0 65940 44593 83709  2  5 92  1  0
 5  1      0 55056544  21708 8010364    0    0     8 205332 59307 85510  3  5 91  1  0
 4  0      0 54502004  21776 8542188    0    0     0 376148 46961 87079  3  7 90  1  0
 6  1      0 55292316  21832 7713248    0    0     0 387340 47853 89142  3  8 89  1  0
 5  0      0 54984688  21872 8052128    0    0     0 132636 48855 94444  3  5 92  1  0
 3  0      0 54636136  21900 8400680    0    0     0 132188 49105 95718  3  5 92  1  0
10  1      0 54373448  21956 8660416    0    0     0 189328 47883 91918  2  5 92  1  0
procs -----------memory---------- ---swap-- -----io---- -system-- ------cpu-----
 r  b   swpd   free   buff  cache   si   so    bi    bo   in   cs us sy id wa st
 5  0      0 54023280  21984 8996084    0    0     0 132184 48821 92418  3  5 92  0  0
 4  1      0 53730152  22016 9295648    0    0     0 132184 48527 93545  2  5 92  1  0
 4  0      0 55451696  22052 7555580    0    0     0 116316 44779 82179  2  5 92  1  0
 4  0      0 55149456  22164 7868760    0    0     4 205400 47712 88280  2  5 92  1  0
 4  0      0 55377008  22196 7639712    0    0     0 120432 47691 91050  2  5 92  1  0
 6  1      0 54975304  22208 8047504    0    0     0 131612 46045 87251  2  6 92  0  0
 7  1      0 54471372  22256 8549356    0    0     0 319720 46500 85841  3  6 90  1  0
 5  0      0 55047956  22312 7956936    0    0     4 375084 47906 89370  3  8 88  1  0
 2  0      0 54919184  22344 8085408    0    0     0 131764 46908 88569  2  5 92  1  0
 5  0      0 54611492  22372 8393968    0    0     4 131640 46475 87737  3  5 92  1  0
 7  0      0 54979896  22404 8015448    0    0     0 119844 46589 85545  2  5 92  1  0
 4  0      0 54647012  22428 8351576    0    0     0 131648 47876 90847  3  5 92  1  0
 3  0      0 54842320  22556 8140092    0    0    12 181476 62289 87072  2  5 92  1  0
 6  0      0 54618816  22568 8379500    0    0     0 65844 45516 85457  3  5 92  0  0
 3  0      0 54323288  22592 8676476    0    0     0 131636 46523 87989  3  5 92  1  0
 2  1      0 54031628  22616 8965856    0    0     0 159356 47369 90036  3  5 92  1  0
 4  0      0 53703660  22644 9294832    0    0     0 65884 47710 91546  3  5 92  1  0
 4  1      0 53418944  22688 9574656    0    0     0 258604 47923 90137  3  5 92  1  0
 7  0      0 52644372  22724 10340728    0    0     0 258840 45849 83455  3  8 89  1  0
 5  0      0 54795480  22776 8361420    0    0     0 372824 48079 87239  2  6 91  1  0
 2  0      0 54499756  22800 8669104    0    0     0 132200 47909 89979  2  6 91  1  0
procs -----------memory---------- ---swap-- -----io---- -system-- ------cpu-----
 r  b   swpd   free   buff  cache   si   so    bi    bo   in   cs us sy id wa st
 6  0      0 54143824  22920 9024448    0    0    12 205844 60610 91104  2  6 92  1  0
 6  1      0 53800128  22952 9369208    0    0     0 137748 46866 89636  2  5 92  0  0
 5  0      0 53455084  22988 9708432    0    0     8 188164 46428 88471  2  5 92  0  0
 5  0      0 53107596  23016 10030548    0    0     0 136168 46077 88175  2  5 92  0  0
 2  0      0 52864204  23060 10249268    0    0     4 194312 45459 86637  3  5 92  0  0
 5  0      0 52513604  23104 10574644    0    0     0 131524 45614 86790  2  5 92  0  0
 5  1      0 52158968  23132 10901448    0    0     0 132196 44894 85401  2  5 92  0  0
 7  0      0 51693004  23212 11328936    0    0     0 396632 45405 84493  2  6 91  1  0
 6  0      0 52401740  23268 10582400    0    0     0 386796 47090 90853  3  8 89  1  0
 5  0      0 54586628  23380 8417096    0    0     4 158424 57110 86984  2  6 91  1  0
 7  0      0 54280744  23408 8727908    0    0     0 131672 49901 96839  2  5 92  1  0
 7  0      0 54385436  23444 8616188    0    0     0 117740 49081 94768  3  5 92  1  0
 4  1      0 54009820  23464 8994548    0    0     4 132016 47795 91601  3  5 92  0  0
 5  0      0 54255632  23496 8745760    0    0     0 51544 46832 89423  2  5 92  1  0
 9  0      0 53983780  23536 9025164    0    0     0 131728 45701 86295  2  5 92  1  0
 5  0      0 54219760  23572 8782160    0    0     0 117616 46595 88481  2  5 92  0  0
 4  0      0 53918752  23600 9086868    0    0     0 131684 46753 88954  2  5 92  0  0
 6  0      0 54089276  23728 8906672    0    0     8 176960 52859 82361  2  5 92  1  0
 3  0      0 53633116  23788 9371632    0    0     0 385484 45555 84116  3  6 90  1  0
 6  0      0 54353324  23848 8749332    0    0     0 358620 45670 80974  3  7 89  1  0
 4  0      0 53993216  23860 9123628    0    0     0 102800 47793 91127  2  5 92  1  0
procs -----------memory---------- ---swap-- -----io---- -system-- ------cpu-----
 r  b   swpd   free   buff  cache   si   so    bi    bo   in   cs us sy id wa st
 3  1      0 53860280  23916 9254328    0    0     4 135004 46535 87054  2  5 92  1  0
 6  0      0 53912752  23936 9204772    0    0     0 65904 46107 87030  2  5 92  1  0
 2  0      0 53629524  23964 9487832    0    0     0 131644 46260 87077  2  5 92  1  0
 4  0      0 53877764  24000 9239956    0    0     0 111328 46319 87389  2  5 92  1  0
 4  0      0 53583812  24028 9537656    0    0     0 131640 47598 91215  3  5 92  1  0
 3  0      0 53383036  24156 9718128    0    0     8 191252 52675 83372  2  5 92  1  0
 6  0      0 53576096  24172 9518536    0    0     0 66252 44530 82942  2  5 92  0  0
 2  0      0 53256720  24204 9817716    0    0     4 131640 44650 83101  3  5 92  0  0
 6  0      0 52929112  24248 10107636    0    0     0 133528 47758 88429  3  5 92  1  0
 3  2      0 52151668  24296 10865652    0    0     0 385396 47243 87828  3  7 89  1  0
 5  1      0 53043896  24360 9941100    0    0     0 372876 46180 87293  3  6 91  1  0
 2  0      0 53418428  24396 9584988    0    0     0 135448 47136 89131  2  5 92  1  0
 7  1      0 53086624  24424 9920900    0    0     0 132188 46878 89035  3  5 92  1  0
 5  1      0 52794248  24472 10208304    0    0     4 198284 46915 89700  2  5 92  1  0
 5  0      0 52499476  24636 10492204    0    0    56 203028 55298 87764  2  6 91  1  0
 4  0      0 52178172  24664 10821076    0    0     0 132200 48066 94248  2  5 92  0  0
 4  0      0 51851556  24692 11147012    0    0     0 132256 45855 89300  2  5 92  0  0
 4  0      0 51516812  24720 11479676    0    0     0 132200 44646 85904  2  5 92  0  0
 3  0      0 51262596  24764 11726628    0    0     0 174668 46762 88893  2  6 92  0  0
 7  1      0 50966312  24820 12020236    0    0     0 386068 45142 83787  2  5 92  1  0
 9  0      0 50136156  24868 12849152    0    0     0 122040 42567 78325  3  8 88  0  0
procs -----------memory---------- ---swap-- -----io---- -system-- ------cpu-----
 r  b   swpd   free   buff  cache   si   so    bi    bo   in   cs us sy id wa st
 3  0      0 53315516  24928 9634004    0    0     0 387036 51439 96188  2  7 90  1  0
 6  0      0 53017624  24960 9964408    0    0     0 103780 48074 91964  3  5 92  1  0
 4  0      0 52707936  25076 10267920    0    0     8 205360 60258 87743  2  5 92  1  0
 4  1      0 53301944  25108 9667400    0    0     0 111076 44676 82493  2  5 92  0  0
 1  0      0 54332596   1212 9743452    0    0     4 252424 40333 67348  2  4 93  0  0
 1  0      0 61365296   1212 2712936    0    0    36     0 12027 2803  0  3 97  0  0
