Linux 5.15.0 (noslab-gpu) 	11/14/2025 	_x86_64_	(40 CPU)

# Time        UID       PID   kB_rd/s   kB_wr/s kB_ccwr/s iodelay  Command
04:22:12 AM     0    430657  35105.88   7662.75      0.00       0  java

# Time        UID       PID   kB_rd/s   kB_wr/s kB_ccwr/s iodelay  Command

# Time        UID       PID   kB_rd/s   kB_wr/s kB_ccwr/s iodelay  Command

# Time        UID       PID   kB_rd/s   kB_wr/s kB_ccwr/s iodelay  Command

# Time        UID       PID   kB_rd/s   kB_wr/s kB_ccwr/s iodelay  Command

# Time        UID       PID   kB_rd/s   kB_wr/s kB_ccwr/s iodelay  Command
04:22:17 AM     0    430657      0.00      8.00      0.00       0  java

# Time        UID       PID   kB_rd/s   kB_wr/s kB_ccwr/s iodelay  Command

# Time        UID       PID   kB_rd/s   kB_wr/s kB_ccwr/s iodelay  Command

# Time        UID       PID   kB_rd/s   kB_wr/s kB_ccwr/s iodelay  Command
04:22:20 AM     0    430657      0.00      8.00      0.00       0  java

# Time        UID       PID   kB_rd/s   kB_wr/s kB_ccwr/s iodelay  Command

# Time        UID       PID   kB_rd/s   kB_wr/s kB_ccwr/s iodelay  Command
04:22:22 AM     0    430657      0.00      8.00      0.00       0  java

# Time        UID       PID   kB_rd/s   kB_wr/s kB_ccwr/s iodelay  Command

# Time        UID       PID   kB_rd/s   kB_wr/s kB_ccwr/s iodelay  Command
04:22:24 AM     0    430657      0.00      8.00      0.00       0  java

# Time        UID       PID   kB_rd/s   kB_wr/s kB_ccwr/s iodelay  Command

# Time        UID       PID   kB_rd/s   kB_wr/s kB_ccwr/s iodelay  Command

# Time        UID       PID   kB_rd/s   kB_wr/s kB_ccwr/s iodelay  Command
04:22:27 AM     0    430657      0.00     12.00      0.00       0  java

# Time        UID       PID   kB_rd/s   kB_wr/s kB_ccwr/s iodelay  Command
04:22:28 AM     0    430657      0.00      8.00      0.00       0  java

# Time        UID       PID   kB_rd/s   kB_wr/s kB_ccwr/s iodelay  Command

# Time        UID       PID   kB_rd/s   kB_wr/s kB_ccwr/s iodelay  Command

# Time        UID       PID   kB_rd/s   kB_wr/s kB_ccwr/s iodelay  Command

# Time        UID       PID   kB_rd/s   kB_wr/s kB_ccwr/s iodelay  Command
04:22:32 AM     0    430941    184.00   7812.00      0.00       0  java

# Time        UID       PID   kB_rd/s   kB_wr/s kB_ccwr/s iodelay  Command
04:22:33 AM     0    430941      0.00      8.00      0.00       0  java

# Time        UID       PID   kB_rd/s   kB_wr/s kB_ccwr/s iodelay  Command

# Time        UID       PID   kB_rd/s   kB_wr/s kB_ccwr/s iodelay  Command

# Time        UID       PID   kB_rd/s   kB_wr/s kB_ccwr/s iodelay  Command

# Time        UID       PID   kB_rd/s   kB_wr/s kB_ccwr/s iodelay  Command
04:22:37 AM     0    430941      0.00      8.00      0.00       0  java

# Time        UID       PID   kB_rd/s   kB_wr/s kB_ccwr/s iodelay  Command
04:22:38 AM     0    430941      0.00      4.00      0.00       0  java

# Time        UID       PID   kB_rd/s   kB_wr/s kB_ccwr/s iodelay  Command

# Time        UID       PID   kB_rd/s   kB_wr/s kB_ccwr/s iodelay  Command

# Time        UID       PID   kB_rd/s   kB_wr/s kB_ccwr/s iodelay  Command

# Time        UID       PID   kB_rd/s   kB_wr/s kB_ccwr/s iodelay  Command
04:22:42 AM     0    430941      0.00     12.00      0.00       0  java

# Time        UID       PID   kB_rd/s   kB_wr/s kB_ccwr/s iodelay  Command

# Time        UID       PID   kB_rd/s   kB_wr/s kB_ccwr/s iodelay  Command

# Time        UID       PID   kB_rd/s   kB_wr/s kB_ccwr/s iodelay  Command
04:22:45 AM     0    430941      0.00      8.00      0.00       0  java

# Time        UID       PID   kB_rd/s   kB_wr/s kB_ccwr/s iodelay  Command

# Time        UID       PID   kB_rd/s   kB_wr/s kB_ccwr/s iodelay  Command
04:22:47 AM     0    430941      0.00      8.00      0.00       0  java

# Time        UID       PID   kB_rd/s   kB_wr/s kB_ccwr/s iodelay  Command

# Time        UID       PID   kB_rd/s   kB_wr/s kB_ccwr/s iodelay  Command
