Linux 5.15.0 (noslab-gpu) 	11/14/2025 	_x86_64_	(40 CPU)

# Time        UID       PID    %usr %system  %guest   %wait    %CPU   CPU  Command
04:22:12 AM     0    430657  185.29   53.92    0.00    0.00  239.22    27  java

# Time        UID       PID    %usr %system  %guest   %wait    %CPU   CPU  Command
04:22:13 AM     0    430657   30.00   71.00    0.00    0.00  101.00    27  java

# Time        UID       PID    %usr %system  %guest   %wait    %CPU   CPU  Command
04:22:14 AM     0    430657   23.00   79.00    0.00    0.00  102.00    27  java

# Time        UID       PID    %usr %system  %guest   %wait    %CPU   CPU  Command
04:22:15 AM     0    430657   22.00   78.00    0.00    0.00  100.00    27  java

# Time        UID       PID    %usr %system  %guest   %wait    %CPU   CPU  Command
04:22:16 AM     0    430657   32.00   75.00    0.00    0.00  107.00    27  java

# Time        UID       PID    %usr %system  %guest   %wait    %CPU   CPU  Command
04:22:17 AM     0    430657   22.00   80.00    0.00    0.00  102.00    27  java

# Time        UID       PID    %usr %system  %guest   %wait    %CPU   CPU  Command
04:22:18 AM     0    430657   69.00  121.00    0.00    0.00  190.00    27  java

# Time        UID       PID    %usr %system  %guest   %wait    %CPU   CPU  Command
04:22:19 AM     0    430657   24.00   76.00    0.00    0.00  100.00    27  java

# Time        UID       PID    %usr %system  %guest   %wait    %CPU   CPU  Command
04:22:20 AM     0    430657   38.00   72.00    0.00    0.00  110.00    27  java

# Time        UID       PID    %usr %system  %guest   %wait    %CPU   CPU  Command
04:22:21 AM     0    430657   21.00   80.00    0.00    0.00  101.00    27  java

# Time        UID       PID    %usr %system  %guest   %wait    %CPU   CPU  Command
04:22:22 AM     0    430657   29.00   71.00    0.00    0.00  100.00    27  java

# Time        UID       PID    %usr %system  %guest   %wait    %CPU   CPU  Command
04:22:23 AM     0    430657   64.00  115.00    0.00    0.00  179.00    27  java

# Time        UID       PID    %usr %system  %guest   %wait    %CPU   CPU  Command
04:22:24 AM     0    430657   73.00  122.00    0.00    0.00  195.00    27  java

# Time        UID       PID    %usr %system  %guest   %wait    %CPU   CPU  Command
04:22:25 AM     0    430657   69.00  123.00    0.00    0.00  192.00    27  java

# Time        UID       PID    %usr %system  %guest   %wait    %CPU   CPU  Command
04:22:26 AM     0    430657   55.00  129.00    0.00    0.00  184.00    27  java

# Time        UID       PID    %usr %system  %guest   %wait    %CPU   CPU  Command
04:22:27 AM     0    430657   31.00   71.00    0.00    0.00  102.00    27  java

# Time        UID       PID    %usr %system  %guest   %wait    %CPU   CPU  Command
04:22:28 AM     0    430657   41.00   67.00    0.00    0.00  108.00    27  java

# Time        UID       PID    %usr %system  %guest   %wait    %CPU   CPU  Command
04:22:29 AM     0    430657   53.00  109.00    0.00    0.00  162.00    27  java

# Time        UID       PID    %usr %system  %guest   %wait    %CPU   CPU  Command
04:22:30 AM     0    430657   37.00   94.00    0.00    0.00  131.00    27  java

# Time        UID       PID    %usr %system  %guest   %wait    %CPU   CPU  Command

# Time        UID       PID    %usr %system  %guest   %wait    %CPU   CPU  Command
04:22:32 AM     0    430941   69.00   28.00    0.00    0.00   97.00    36  java

# Time        UID       PID    %usr %system  %guest   %wait    %CPU   CPU  Command
04:22:33 AM     0    430941  104.00   65.00    0.00    0.00  169.00    36  java

# Time        UID       PID    %usr %system  %guest   %wait    %CPU   CPU  Command
04:22:34 AM     0    430941  156.00   75.00    0.00    0.00  231.00    36  java

# Time        UID       PID    %usr %system  %guest   %wait    %CPU   CPU  Command
04:22:35 AM     0    430941   99.00   72.00    0.00    0.00  171.00    36  java

# Time        UID       PID    %usr %system  %guest   %wait    %CPU   CPU  Command
04:22:36 AM     0    430941  110.00   68.00    0.00    0.00  178.00    36  java

# Time        UID       PID    %usr %system  %guest   %wait    %CPU   CPU  Command
04:22:37 AM     0    430941  121.00   65.00    0.00    0.00  186.00    36  java

# Time        UID       PID    %usr %system  %guest   %wait    %CPU   CPU  Command
04:22:38 AM     0    430941   79.00   74.00    0.00    0.00  153.00    36  java

# Time        UID       PID    %usr %system  %guest   %wait    %CPU   CPU  Command
04:22:39 AM     0    430941   81.00   60.00    0.00    0.00  141.00    36  java

# Time        UID       PID    %usr %system  %guest   %wait    %CPU   CPU  Command
04:22:40 AM     0    430941   82.00   67.00    0.00    0.00  149.00    36  java

# Time        UID       PID    %usr %system  %guest   %wait    %CPU   CPU  Command
04:22:41 AM     0    430941   63.00   52.00    0.00    0.00  115.00    36  java

# Time        UID       PID    %usr %system  %guest   %wait    %CPU   CPU  Command
04:22:42 AM     0    430941   34.00   28.00    0.00    0.00   62.00    36  java

# Time        UID       PID    %usr %system  %guest   %wait    %CPU   CPU  Command
04:22:43 AM     0    430941   42.00   23.00    0.00    0.00   65.00    36  java

# Time        UID       PID    %usr %system  %guest   %wait    %CPU   CPU  Command
04:22:44 AM     0    430941   48.00   21.00    0.00    0.00   69.00    36  java

# Time        UID       PID    %usr %system  %guest   %wait    %CPU   CPU  Command
04:22:45 AM     0    430941   58.00   27.00    0.00    0.00   85.00    36  java

# Time        UID       PID    %usr %system  %guest   %wait    %CPU   CPU  Command
04:22:46 AM     0    430941   56.00   22.00    0.00    0.00   78.00    36  java

# Time        UID       PID    %usr %system  %guest   %wait    %CPU   CPU  Command
04:22:47 AM     0    430941   68.00   15.00    0.00    0.00   83.00    36  java

# Time        UID       PID    %usr %system  %guest   %wait    %CPU   CPU  Command
04:22:48 AM     0    430941   71.00   17.00    0.00    0.00   88.00    36  java

# Time        UID       PID    %usr %system  %guest   %wait    %CPU   CPU  Command
