Linux 5.15.0 (noslab-gpu) 	11/14/2025 	_x86_64_	(40 CPU)

# Time        UID       PID  minflt/s  majflt/s     VSZ     RSS   %MEM  Command
04:17:40 AM     0    427725  57361.76    425.49 27673360  243080   0.37  java

# Time        UID       PID  minflt/s  majflt/s     VSZ     RSS   %MEM  Command
04:17:41 AM     0    427725  77997.00      0.00 27753836  553728   0.85  java

# Time        UID       PID  minflt/s  majflt/s     VSZ     RSS   %MEM  Command
04:17:42 AM     0    427725  77816.00      0.00 27835776  864968   1.32  java

# Time        UID       PID  minflt/s  majflt/s     VSZ     RSS   %MEM  Command
04:17:43 AM     0    427725  76920.00      0.00 27917716  990604   1.51  java

# Time        UID       PID  minflt/s  majflt/s     VSZ     RSS   %MEM  Command
04:17:44 AM     0    427725  42032.00      0.00 27721060  823452   1.26  java

# Time        UID       PID  minflt/s  majflt/s     VSZ     RSS   %MEM  Command
04:17:45 AM     0    427725  27654.00      4.00 27852132  924488   1.41  java

# Time        UID       PID  minflt/s  majflt/s     VSZ     RSS   %MEM  Command
04:17:46 AM     0    427725  27442.00      0.00 27983204 1034240   1.58  java

# Time        UID       PID  minflt/s  majflt/s     VSZ     RSS   %MEM  Command
04:17:47 AM     0    427725  25743.00      0.00 27950412  997540   1.52  java

# Time        UID       PID  minflt/s  majflt/s     VSZ     RSS   %MEM  Command
04:17:48 AM     0    427725  10169.00      0.00 27950412  999260   1.53  java

# Time        UID       PID  minflt/s  majflt/s     VSZ     RSS   %MEM  Command
04:17:49 AM     0    427725  37598.00      0.00 28081484 1099944   1.68  java

# Time        UID       PID  minflt/s  majflt/s     VSZ     RSS   %MEM  Command
04:17:50 AM     0    427725  80683.00      2.00 28081484 1104804   1.69  java

# Time        UID       PID  minflt/s  majflt/s     VSZ     RSS   %MEM  Command
04:17:51 AM     0    427725 120818.00      3.00 28081484 1109408   1.70  java

# Time        UID       PID  minflt/s  majflt/s     VSZ     RSS   %MEM  Command
04:17:52 AM     0    427725  17130.00      0.00 28081484 1128472   1.72  java

# Time        UID       PID  minflt/s  majflt/s     VSZ     RSS   %MEM  Command
04:17:53 AM     0    427725   2231.00      0.00 28081484 1130472   1.73  java

# Time        UID       PID  minflt/s  majflt/s     VSZ     RSS   %MEM  Command
04:17:54 AM     0    427725   1389.00      0.00 28081484 1132720   1.73  java

# Time        UID       PID  minflt/s  majflt/s     VSZ     RSS   %MEM  Command
04:17:55 AM     0    427725   1228.00      4.00 28015948 1085236   1.66  java

# Time        UID       PID  minflt/s  majflt/s     VSZ     RSS   %MEM  Command
04:17:56 AM     0    427725    725.00      0.00 28015948 1086924   1.66  java

# Time        UID       PID  minflt/s  majflt/s     VSZ     RSS   %MEM  Command
04:17:57 AM     0    427725   4925.00      0.00 28015948 1089332   1.66  java

# Time        UID       PID  minflt/s  majflt/s     VSZ     RSS   %MEM  Command
04:17:58 AM     0    427725   8461.00      0.00 28081484 1122884   1.72  java

# Time        UID       PID  minflt/s  majflt/s     VSZ     RSS   %MEM  Command
04:17:59 AM     0    427725    134.00      0.00 28081484 1123412   1.72  java

# Time        UID       PID  minflt/s  majflt/s     VSZ     RSS   %MEM  Command
04:18:00 AM     0    427725     99.00      2.00 28081484 1124028   1.72  java

# Time        UID       PID  minflt/s  majflt/s     VSZ     RSS   %MEM  Command
04:18:01 AM     0    427725      4.00      0.00 28015948 1091276   1.67  java

# Time        UID       PID  minflt/s  majflt/s     VSZ     RSS   %MEM  Command
04:18:02 AM     0    427725    114.00      2.00 28015948 1091540   1.67  java

# Time        UID       PID  minflt/s  majflt/s     VSZ     RSS   %MEM  Command
04:18:03 AM     0    427725    366.00      0.00 28015948 1093124   1.67  java

# Time        UID       PID  minflt/s  majflt/s     VSZ     RSS   %MEM  Command
04:18:04 AM     0    427725   4471.00      0.00 28081484 1110796   1.70  java

# Time        UID       PID  minflt/s  majflt/s     VSZ     RSS   %MEM  Command
04:18:05 AM     0    427725     65.00      3.00 28081484 1111060   1.70  java

# Time        UID       PID  minflt/s  majflt/s     VSZ     RSS   %MEM  Command
04:18:06 AM     0    427725    737.00      0.00 28081484 1113960   1.70  java

# Time        UID       PID  minflt/s  majflt/s     VSZ     RSS   %MEM  Command
04:18:07 AM     0    427725    477.00      2.00 27950412 1050476   1.61  java

# Time        UID       PID  minflt/s  majflt/s     VSZ     RSS   %MEM  Command
04:18:08 AM     0    427725    244.00      0.00 27950412 1051268   1.61  java

# Time        UID       PID  minflt/s  majflt/s     VSZ     RSS   %MEM  Command
04:18:09 AM     0    427725   3507.00      0.00 28015948 1065244   1.63  java

# Time        UID       PID  minflt/s  majflt/s     VSZ     RSS   %MEM  Command
04:18:10 AM     0    427725  12975.00      3.00 28081484 1117244   1.71  java

# Time        UID       PID  minflt/s  majflt/s     VSZ     RSS   %MEM  Command
04:18:11 AM     0    427725      4.00      0.00 28081484 1117244   1.71  java

# Time        UID       PID  minflt/s  majflt/s     VSZ     RSS   %MEM  Command
04:18:12 AM     0    427725    132.00      2.00 28081484 1117772   1.71  java

# Time        UID       PID  minflt/s  majflt/s     VSZ     RSS   %MEM  Command
04:18:13 AM     0    427725   2175.00      0.00 27950412 1060404   1.62  java

# Time        UID       PID  minflt/s  majflt/s     VSZ     RSS   %MEM  Command
04:18:14 AM     0    427725   2005.00      0.00 27950412 1067228   1.63  java

# Time        UID       PID  minflt/s  majflt/s     VSZ     RSS   %MEM  Command
04:18:15 AM     0    427725  28089.00      4.00 28081484 1130700   1.73  java

# Time        UID       PID  minflt/s  majflt/s     VSZ     RSS   %MEM  Command
04:18:16 AM     0    427725  79932.00      2.00 28081484 1158160   1.77  java

# Time        UID       PID  minflt/s  majflt/s     VSZ     RSS   %MEM  Command

# Time        UID       PID  minflt/s  majflt/s     VSZ     RSS   %MEM  Command
04:18:18 AM     0    428135  28615.00      8.00 26962064  140344   0.21  java

# Time        UID       PID  minflt/s  majflt/s     VSZ     RSS   %MEM  Command
04:18:19 AM     0    428135  41776.00      0.00 26962048  168092   0.26  java

# Time        UID       PID  minflt/s  majflt/s     VSZ     RSS   %MEM  Command
04:18:20 AM     0    428135  14552.00      2.00 27511008  215232   0.33  java

# Time        UID       PID  minflt/s  majflt/s     VSZ     RSS   %MEM  Command
04:18:21 AM     0    428135  16645.00      5.00 27577572  280868   0.43  java

# Time        UID       PID  minflt/s  majflt/s     VSZ     RSS   %MEM  Command
04:18:22 AM     0    428135  21451.00      1.00 27577572  365344   0.56  java

# Time        UID       PID  minflt/s  majflt/s     VSZ     RSS   %MEM  Command
04:18:23 AM     0    428135  43042.00      0.00 27643108  478444   0.73  java

# Time        UID       PID  minflt/s  majflt/s     VSZ     RSS   %MEM  Command
04:18:24 AM     0    428135  43712.00      0.00 27643108  624180   0.95  java

# Time        UID       PID  minflt/s  majflt/s     VSZ     RSS   %MEM  Command
04:18:25 AM     0    428135  41935.00      0.00 27708644  789028   1.21  java

# Time        UID       PID  minflt/s  majflt/s     VSZ     RSS   %MEM  Command
04:18:26 AM     0    428135  42631.00      5.00 27774180  952104   1.46  java

# Time        UID       PID  minflt/s  majflt/s     VSZ     RSS   %MEM  Command
04:18:27 AM     0    428135  52194.00      0.00 27839716  998752   1.53  java

# Time        UID       PID  minflt/s  majflt/s     VSZ     RSS   %MEM  Command
04:18:28 AM     0    428135  83526.00      0.00 27905252 1046476   1.60  java

# Time        UID       PID  minflt/s  majflt/s     VSZ     RSS   %MEM  Command
04:18:29 AM     0    428135  51172.00      0.00 27905252 1090944   1.67  java

# Time        UID       PID  minflt/s  majflt/s     VSZ     RSS   %MEM  Command
04:18:30 AM     0    428135   6422.00      0.00 27905252 1093620   1.67  java

# Time        UID       PID  minflt/s  majflt/s     VSZ     RSS   %MEM  Command
04:18:31 AM     0    428135  14241.00      5.00 27893608 1083360   1.66  java

# Time        UID       PID  minflt/s  majflt/s     VSZ     RSS   %MEM  Command
04:18:32 AM     0    428135   8154.00      1.00 27892636 1083304   1.66  java

# Time        UID       PID  minflt/s  majflt/s     VSZ     RSS   %MEM  Command
04:18:33 AM     0    428135   1201.00      0.00 27892636 1087912   1.66  java

# Time        UID       PID  minflt/s  majflt/s     VSZ     RSS   %MEM  Command
04:18:34 AM     0    428135    346.00      0.00 27891656 1088244   1.66  java

# Time        UID       PID  minflt/s  majflt/s     VSZ     RSS   %MEM  Command
04:18:35 AM     0    428135    626.00      0.00 27760584  996600   1.52  java

# Time        UID       PID  minflt/s  majflt/s     VSZ     RSS   %MEM  Command
04:18:36 AM     0    428135    127.00      2.00 27760096  996492   1.52  java

# Time        UID       PID  minflt/s  majflt/s     VSZ     RSS   %MEM  Command
04:18:37 AM     0    428135    127.00      0.00 27759608  996492   1.52  java

# Time        UID       PID  minflt/s  majflt/s     VSZ     RSS   %MEM  Command
04:18:38 AM     0    428135    125.00      0.00 27759116  996496   1.52  java

# Time        UID       PID  minflt/s  majflt/s     VSZ     RSS   %MEM  Command
04:18:39 AM     0    428135   2378.00      2.00 27824652 1005892   1.54  java

# Time        UID       PID  minflt/s  majflt/s     VSZ     RSS   %MEM  Command
04:18:40 AM     0    428135   9947.00      0.00 27890188 1045756   1.60  java

# Time        UID       PID  minflt/s  majflt/s     VSZ     RSS   %MEM  Command
04:18:41 AM     0    428135   7992.00      2.00 27889700 1077324   1.65  java

# Time        UID       PID  minflt/s  majflt/s     VSZ     RSS   %MEM  Command
04:18:42 AM     0    428135    151.00      0.00 27889700 1077852   1.65  java

# Time        UID       PID  minflt/s  majflt/s     VSZ     RSS   %MEM  Command
04:18:43 AM     0    428135  27156.00      0.00 27889700 1082812   1.65  java

# Time        UID       PID  minflt/s  majflt/s     VSZ     RSS   %MEM  Command
04:18:44 AM     0    428135   3124.00      2.00 27889212 1083200   1.66  java

# Time        UID       PID  minflt/s  majflt/s     VSZ     RSS   %MEM  Command
04:18:45 AM     0    428135    125.00      0.00 27888724 1083204   1.66  java

# Time        UID       PID  minflt/s  majflt/s     VSZ     RSS   %MEM  Command
04:18:46 AM     0    428135    125.00      3.00 27888232 1083204   1.66  java

# Time        UID       PID  minflt/s  majflt/s     VSZ     RSS   %MEM  Command
04:18:47 AM     0    428135    283.00      0.00 27888232 1084256   1.66  java

# Time        UID       PID  minflt/s  majflt/s     VSZ     RSS   %MEM  Command
04:18:48 AM     0    428135    201.00      2.00 27626088  904800   1.38  java

# Time        UID       PID  minflt/s  majflt/s     VSZ     RSS   %MEM  Command
04:18:49 AM     0    428135  52617.00      0.00 27626088  905032   1.38  java

# Time        UID       PID  minflt/s  majflt/s     VSZ     RSS   %MEM  Command
04:18:50 AM     0    428135  48307.00      0.00 27691624  917084   1.40  java

# Time        UID       PID  minflt/s  majflt/s     VSZ     RSS   %MEM  Command
04:18:51 AM     0    428135  45622.00      3.00 27757160  957464   1.46  java

# Time        UID       PID  minflt/s  majflt/s     VSZ     RSS   %MEM  Command
04:18:52 AM     0    428135  26320.00      0.00 27757160  999656   1.53  java

# Time        UID       PID  minflt/s  majflt/s     VSZ     RSS   %MEM  Command
04:18:53 AM     0    428135  30500.00      2.00 27822696 1042324   1.59  java

# Time        UID       PID  minflt/s  majflt/s     VSZ     RSS   %MEM  Command
04:18:54 AM     0    428135  20316.00      0.00 27888232 1088764   1.66  java

# Time        UID       PID  minflt/s  majflt/s     VSZ     RSS   %MEM  Command
04:18:55 AM     0    428135  31988.00      0.00 27888232 1089360   1.66  java

# Time        UID       PID  minflt/s  majflt/s     VSZ     RSS   %MEM  Command
04:18:56 AM     0    428135  32889.11      1.98 27888232 1094956   1.67  java

# Time        UID       PID  minflt/s  majflt/s     VSZ     RSS   %MEM  Command
04:18:57 AM     0    428135  32230.00      2.00 27888232 1095100   1.67  java

# Time        UID       PID  minflt/s  majflt/s     VSZ     RSS   %MEM  Command
04:18:58 AM     0    428135  33105.00      0.00 27887248 1094148   1.67  java

# Time        UID       PID  minflt/s  majflt/s     VSZ     RSS   %MEM  Command
04:18:59 AM     0    428135  24150.00      0.00 27887248 1094148   1.67  java

# Time        UID       PID  minflt/s  majflt/s     VSZ     RSS   %MEM  Command
04:19:00 AM     0    428135   1253.00      0.00 27886756 1093788   1.67  java

# Time        UID       PID  minflt/s  majflt/s     VSZ     RSS   %MEM  Command
04:19:01 AM     0    428135    568.00      0.00 27623628  912564   1.39  java

# Time        UID       PID  minflt/s  majflt/s     VSZ     RSS   %MEM  Command
04:19:02 AM     0    428135     38.00      4.00 27623628  912564   1.39  java

# Time        UID       PID  minflt/s  majflt/s     VSZ     RSS   %MEM  Command
04:19:03 AM     0    428135    112.00      0.00 27622152  911504   1.39  java

# Time        UID       PID  minflt/s  majflt/s     VSZ     RSS   %MEM  Command
04:19:04 AM     0    428135   3206.00      0.00 27687688  923816   1.41  java

# Time        UID       PID  minflt/s  majflt/s     VSZ     RSS   %MEM  Command
04:19:05 AM     0    428135   8064.00      0.00 27687196  955728   1.46  java

# Time        UID       PID  minflt/s  majflt/s     VSZ     RSS   %MEM  Command
04:19:06 AM     0    428135   8320.00      0.00 27752240  988464   1.51  java

# Time        UID       PID  minflt/s  majflt/s     VSZ     RSS   %MEM  Command
04:19:07 AM     0    428135   8231.00      3.00 27817284 1020920   1.56  java

# Time        UID       PID  minflt/s  majflt/s     VSZ     RSS   %MEM  Command
04:19:08 AM     0    428135   8322.00      2.00 27817284 1053916   1.61  java

# Time        UID       PID  minflt/s  majflt/s     VSZ     RSS   %MEM  Command
04:19:09 AM     0    428135   7447.00      0.00 27882820 1083748   1.66  java

# Time        UID       PID  minflt/s  majflt/s     VSZ     RSS   %MEM  Command
04:19:10 AM     0    428135   1155.00      0.00 27882820 1088236   1.66  java

# Time        UID       PID  minflt/s  majflt/s     VSZ     RSS   %MEM  Command
04:19:11 AM     0    428135  26709.00      0.00 27882820 1089144   1.66  java

# Time        UID       PID  minflt/s  majflt/s     VSZ     RSS   %MEM  Command
04:19:12 AM     0    428135  18361.00      3.00 27882820 1093512   1.67  java

# Time        UID       PID  minflt/s  majflt/s     VSZ     RSS   %MEM  Command
04:19:13 AM     0    428135  49261.00      2.00 27882820 1094800   1.67  java

# Time        UID       PID  minflt/s  majflt/s     VSZ     RSS   %MEM  Command
04:19:14 AM     0    428135  48439.00      0.00 27882820 1095588   1.67  java

# Time        UID       PID  minflt/s  majflt/s     VSZ     RSS   %MEM  Command
04:19:15 AM     0    428135  48764.00      0.00 27882820 1097172   1.68  java

# Time        UID       PID  minflt/s  majflt/s     VSZ     RSS   %MEM  Command
04:19:16 AM     0    428135  51016.00      0.00 27620676  918572   1.40  java

# Time        UID       PID  minflt/s  majflt/s     VSZ     RSS   %MEM  Command
04:19:17 AM     0    428135  20056.00      3.00 27620676  919556   1.41  java

# Time        UID       PID  minflt/s  majflt/s     VSZ     RSS   %MEM  Command
04:19:18 AM     0    428135   8559.00      2.00 27620676  920640   1.41  java

# Time        UID       PID  minflt/s  majflt/s     VSZ     RSS   %MEM  Command
04:19:19 AM     0    428135   8456.00      0.00 27686212  949864   1.45  java

# Time        UID       PID  minflt/s  majflt/s     VSZ     RSS   %MEM  Command
04:19:20 AM     0    428135   9568.00      0.00 27751748  988168   1.51  java

# Time        UID       PID  minflt/s  majflt/s     VSZ     RSS   %MEM  Command
04:19:21 AM     0    428135   9318.00      0.00 27817284 1025360   1.57  java

# Time        UID       PID  minflt/s  majflt/s     VSZ     RSS   %MEM  Command
04:19:22 AM     0    428135   9260.00      2.00 27817284 1061768   1.62  java

# Time        UID       PID  minflt/s  majflt/s     VSZ     RSS   %MEM  Command
04:19:23 AM     0    428135   8799.00      2.00 27882820 1096852   1.68  java

# Time        UID       PID  minflt/s  majflt/s     VSZ     RSS   %MEM  Command
04:19:24 AM     0    428135      4.00      0.00 27882820 1096852   1.68  java

# Time        UID       PID  minflt/s  majflt/s     VSZ     RSS   %MEM  Command
04:19:25 AM     0    428135   1395.00      0.00 27882820 1102464   1.68  java

# Time        UID       PID  minflt/s  majflt/s     VSZ     RSS   %MEM  Command
04:19:26 AM     0    428135      6.00      0.00 27882820 1102464   1.68  java

# Time        UID       PID  minflt/s  majflt/s     VSZ     RSS   %MEM  Command
04:19:27 AM     0    428135     15.00      4.00 27882820 1102464   1.68  java

# Time        UID       PID  minflt/s  majflt/s     VSZ     RSS   %MEM  Command
04:19:28 AM     0    428135    930.00      0.00 27882820 1102496   1.68  java

# Time        UID       PID  minflt/s  majflt/s     VSZ     RSS   %MEM  Command
04:19:29 AM     0    428135    884.00      0.00 27882820 1103540   1.69  java

# Time        UID       PID  minflt/s  majflt/s     VSZ     RSS   %MEM  Command
04:19:30 AM     0    428135   3644.00      0.00 27620676  936120   1.43  java

# Time        UID       PID  minflt/s  majflt/s     VSZ     RSS   %MEM  Command
04:19:31 AM     0    428135   1821.00      0.00 27620676  944040   1.44  java

# Time        UID       PID  minflt/s  majflt/s     VSZ     RSS   %MEM  Command
04:19:32 AM     0    428135  12336.00      3.00 27620676  953052   1.46  java

# Time        UID       PID  minflt/s  majflt/s     VSZ     RSS   %MEM  Command
04:19:33 AM     0    428135  26713.00      2.00 27620676  959116   1.47  java

# Time        UID       PID  minflt/s  majflt/s     VSZ     RSS   %MEM  Command
04:19:34 AM     0    428135  11098.00      0.00 27686212  993056   1.52  java

# Time        UID       PID  minflt/s  majflt/s     VSZ     RSS   %MEM  Command
04:19:35 AM     0    428135  12534.00      0.00 27751748 1040004   1.59  java

# Time        UID       PID  minflt/s  majflt/s     VSZ     RSS   %MEM  Command
04:19:36 AM     0    428135  13249.00      0.00 27817284 1091388   1.67  java

# Time        UID       PID  minflt/s  majflt/s     VSZ     RSS   %MEM  Command
04:19:37 AM     0    428135  33392.00      3.00 27882820 1132464   1.73  java

# Time        UID       PID  minflt/s  majflt/s     VSZ     RSS   %MEM  Command
04:19:38 AM     0    428135   5106.00      2.00 27882820 1152132   1.76  java

# Time        UID       PID  minflt/s  majflt/s     VSZ     RSS   %MEM  Command
04:19:39 AM     0    428135     15.00      0.00 27882820 1152132   1.76  java

# Time        UID       PID  minflt/s  majflt/s     VSZ     RSS   %MEM  Command
04:19:40 AM     0    428135  54032.00      0.00       0       0   0.00  java

# Time        UID       PID  minflt/s  majflt/s     VSZ     RSS   %MEM  Command
