Linux 5.15.0 (noslab-gpu) 	11/14/2025 	_x86_64_	(40 CPU)

# Time        UID       PID   kB_rd/s   kB_wr/s kB_ccwr/s iodelay  Command
04:07:13 AM     0    419467  35129.41   7643.14      0.00       0  java

# Time        UID       PID   kB_rd/s   kB_wr/s kB_ccwr/s iodelay  Command

# Time        UID       PID   kB_rd/s   kB_wr/s kB_ccwr/s iodelay  Command

# Time        UID       PID   kB_rd/s   kB_wr/s kB_ccwr/s iodelay  Command

# Time        UID       PID   kB_rd/s   kB_wr/s kB_ccwr/s iodelay  Command

# Time        UID       PID   kB_rd/s   kB_wr/s kB_ccwr/s iodelay  Command
04:07:18 AM     0    419467      0.00     16.00      0.00       0  java

# Time        UID       PID   kB_rd/s   kB_wr/s kB_ccwr/s iodelay  Command

# Time        UID       PID   kB_rd/s   kB_wr/s kB_ccwr/s iodelay  Command

# Time        UID       PID   kB_rd/s   kB_wr/s kB_ccwr/s iodelay  Command

# Time        UID       PID   kB_rd/s   kB_wr/s kB_ccwr/s iodelay  Command

# Time        UID       PID   kB_rd/s   kB_wr/s kB_ccwr/s iodelay  Command

# Time        UID       PID   kB_rd/s   kB_wr/s kB_ccwr/s iodelay  Command

# Time        UID       PID   kB_rd/s   kB_wr/s kB_ccwr/s iodelay  Command

# Time        UID       PID   kB_rd/s   kB_wr/s kB_ccwr/s iodelay  Command

# Time        UID       PID   kB_rd/s   kB_wr/s kB_ccwr/s iodelay  Command

# Time        UID       PID   kB_rd/s   kB_wr/s kB_ccwr/s iodelay  Command

# Time        UID       PID   kB_rd/s   kB_wr/s kB_ccwr/s iodelay  Command

# Time        UID       PID   kB_rd/s   kB_wr/s kB_ccwr/s iodelay  Command

# Time        UID       PID   kB_rd/s   kB_wr/s kB_ccwr/s iodelay  Command

# Time        UID       PID   kB_rd/s   kB_wr/s kB_ccwr/s iodelay  Command

# Time        UID       PID   kB_rd/s   kB_wr/s kB_ccwr/s iodelay  Command

# Time        UID       PID   kB_rd/s   kB_wr/s kB_ccwr/s iodelay  Command

# Time        UID       PID   kB_rd/s   kB_wr/s kB_ccwr/s iodelay  Command

# Time        UID       PID   kB_rd/s   kB_wr/s kB_ccwr/s iodelay  Command

# Time        UID       PID   kB_rd/s   kB_wr/s kB_ccwr/s iodelay  Command

# Time        UID       PID   kB_rd/s   kB_wr/s kB_ccwr/s iodelay  Command

# Time        UID       PID   kB_rd/s   kB_wr/s kB_ccwr/s iodelay  Command

# Time        UID       PID   kB_rd/s   kB_wr/s kB_ccwr/s iodelay  Command

# Time        UID       PID   kB_rd/s   kB_wr/s kB_ccwr/s iodelay  Command

# Time        UID       PID   kB_rd/s   kB_wr/s kB_ccwr/s iodelay  Command

# Time        UID       PID   kB_rd/s   kB_wr/s kB_ccwr/s iodelay  Command
04:07:43 AM     0    419467      0.00      8.00      0.00       0  java

# Time        UID       PID   kB_rd/s   kB_wr/s kB_ccwr/s iodelay  Command

# Time        UID       PID   kB_rd/s   kB_wr/s kB_ccwr/s iodelay  Command

# Time        UID       PID   kB_rd/s   kB_wr/s kB_ccwr/s iodelay  Command
04:07:46 AM     0    419467      0.00      8.00      0.00       0  java

# Time        UID       PID   kB_rd/s   kB_wr/s kB_ccwr/s iodelay  Command

# Time        UID       PID   kB_rd/s   kB_wr/s kB_ccwr/s iodelay  Command

# Time        UID       PID   kB_rd/s   kB_wr/s kB_ccwr/s iodelay  Command

# Time        UID       PID   kB_rd/s   kB_wr/s kB_ccwr/s iodelay  Command

# Time        UID       PID   kB_rd/s   kB_wr/s kB_ccwr/s iodelay  Command

# Time        UID       PID   kB_rd/s   kB_wr/s kB_ccwr/s iodelay  Command

# Time        UID       PID   kB_rd/s   kB_wr/s kB_ccwr/s iodelay  Command

# Time        UID       PID   kB_rd/s   kB_wr/s kB_ccwr/s iodelay  Command

# Time        UID       PID   kB_rd/s   kB_wr/s kB_ccwr/s iodelay  Command

# Time        UID       PID   kB_rd/s   kB_wr/s kB_ccwr/s iodelay  Command

# Time        UID       PID   kB_rd/s   kB_wr/s kB_ccwr/s iodelay  Command

# Time        UID       PID   kB_rd/s   kB_wr/s kB_ccwr/s iodelay  Command

# Time        UID       PID   kB_rd/s   kB_wr/s kB_ccwr/s iodelay  Command

# Time        UID       PID   kB_rd/s   kB_wr/s kB_ccwr/s iodelay  Command

# Time        UID       PID   kB_rd/s   kB_wr/s kB_ccwr/s iodelay  Command

# Time        UID       PID   kB_rd/s   kB_wr/s kB_ccwr/s iodelay  Command

# Time        UID       PID   kB_rd/s   kB_wr/s kB_ccwr/s iodelay  Command

# Time        UID       PID   kB_rd/s   kB_wr/s kB_ccwr/s iodelay  Command

# Time        UID       PID   kB_rd/s   kB_wr/s kB_ccwr/s iodelay  Command

# Time        UID       PID   kB_rd/s   kB_wr/s kB_ccwr/s iodelay  Command

# Time        UID       PID   kB_rd/s   kB_wr/s kB_ccwr/s iodelay  Command

# Time        UID       PID   kB_rd/s   kB_wr/s kB_ccwr/s iodelay  Command

# Time        UID       PID   kB_rd/s   kB_wr/s kB_ccwr/s iodelay  Command
04:08:09 AM     0    419467      0.00      8.00      0.00       0  java

# Time        UID       PID   kB_rd/s   kB_wr/s kB_ccwr/s iodelay  Command

# Time        UID       PID   kB_rd/s   kB_wr/s kB_ccwr/s iodelay  Command

# Time        UID       PID   kB_rd/s   kB_wr/s kB_ccwr/s iodelay  Command

# Time        UID       PID   kB_rd/s   kB_wr/s kB_ccwr/s iodelay  Command
04:08:13 AM     0    419467      0.00      8.00      0.00       0  java

# Time        UID       PID   kB_rd/s   kB_wr/s kB_ccwr/s iodelay  Command

# Time        UID       PID   kB_rd/s   kB_wr/s kB_ccwr/s iodelay  Command

# Time        UID       PID   kB_rd/s   kB_wr/s kB_ccwr/s iodelay  Command

# Time        UID       PID   kB_rd/s   kB_wr/s kB_ccwr/s iodelay  Command

# Time        UID       PID   kB_rd/s   kB_wr/s kB_ccwr/s iodelay  Command

# Time        UID       PID   kB_rd/s   kB_wr/s kB_ccwr/s iodelay  Command

# Time        UID       PID   kB_rd/s   kB_wr/s kB_ccwr/s iodelay  Command

# Time        UID       PID   kB_rd/s   kB_wr/s kB_ccwr/s iodelay  Command

# Time        UID       PID   kB_rd/s   kB_wr/s kB_ccwr/s iodelay  Command

# Time        UID       PID   kB_rd/s   kB_wr/s kB_ccwr/s iodelay  Command

# Time        UID       PID   kB_rd/s   kB_wr/s kB_ccwr/s iodelay  Command

# Time        UID       PID   kB_rd/s   kB_wr/s kB_ccwr/s iodelay  Command

# Time        UID       PID   kB_rd/s   kB_wr/s kB_ccwr/s iodelay  Command

# Time        UID       PID   kB_rd/s   kB_wr/s kB_ccwr/s iodelay  Command

# Time        UID       PID   kB_rd/s   kB_wr/s kB_ccwr/s iodelay  Command

# Time        UID       PID   kB_rd/s   kB_wr/s kB_ccwr/s iodelay  Command

# Time        UID       PID   kB_rd/s   kB_wr/s kB_ccwr/s iodelay  Command

# Time        UID       PID   kB_rd/s   kB_wr/s kB_ccwr/s iodelay  Command

# Time        UID       PID   kB_rd/s   kB_wr/s kB_ccwr/s iodelay  Command

# Time        UID       PID   kB_rd/s   kB_wr/s kB_ccwr/s iodelay  Command

# Time        UID       PID   kB_rd/s   kB_wr/s kB_ccwr/s iodelay  Command

# Time        UID       PID   kB_rd/s   kB_wr/s kB_ccwr/s iodelay  Command

# Time        UID       PID   kB_rd/s   kB_wr/s kB_ccwr/s iodelay  Command

# Time        UID       PID   kB_rd/s   kB_wr/s kB_ccwr/s iodelay  Command
04:08:37 AM     0    420114    184.00   7796.00      0.00       0  java

# Time        UID       PID   kB_rd/s   kB_wr/s kB_ccwr/s iodelay  Command

# Time        UID       PID   kB_rd/s   kB_wr/s kB_ccwr/s iodelay  Command

# Time        UID       PID   kB_rd/s   kB_wr/s kB_ccwr/s iodelay  Command

# Time        UID       PID   kB_rd/s   kB_wr/s kB_ccwr/s iodelay  Command

# Time        UID       PID   kB_rd/s   kB_wr/s kB_ccwr/s iodelay  Command

# Time        UID       PID   kB_rd/s   kB_wr/s kB_ccwr/s iodelay  Command

# Time        UID       PID   kB_rd/s   kB_wr/s kB_ccwr/s iodelay  Command

# Time        UID       PID   kB_rd/s   kB_wr/s kB_ccwr/s iodelay  Command

# Time        UID       PID   kB_rd/s   kB_wr/s kB_ccwr/s iodelay  Command

# Time        UID       PID   kB_rd/s   kB_wr/s kB_ccwr/s iodelay  Command

# Time        UID       PID   kB_rd/s   kB_wr/s kB_ccwr/s iodelay  Command

# Time        UID       PID   kB_rd/s   kB_wr/s kB_ccwr/s iodelay  Command

# Time        UID       PID   kB_rd/s   kB_wr/s kB_ccwr/s iodelay  Command

# Time        UID       PID   kB_rd/s   kB_wr/s kB_ccwr/s iodelay  Command

# Time        UID       PID   kB_rd/s   kB_wr/s kB_ccwr/s iodelay  Command

# Time        UID       PID   kB_rd/s   kB_wr/s kB_ccwr/s iodelay  Command

# Time        UID       PID   kB_rd/s   kB_wr/s kB_ccwr/s iodelay  Command

# Time        UID       PID   kB_rd/s   kB_wr/s kB_ccwr/s iodelay  Command

# Time        UID       PID   kB_rd/s   kB_wr/s kB_ccwr/s iodelay  Command

# Time        UID       PID   kB_rd/s   kB_wr/s kB_ccwr/s iodelay  Command

# Time        UID       PID   kB_rd/s   kB_wr/s kB_ccwr/s iodelay  Command

# Time        UID       PID   kB_rd/s   kB_wr/s kB_ccwr/s iodelay  Command

# Time        UID       PID   kB_rd/s   kB_wr/s kB_ccwr/s iodelay  Command
04:09:00 AM     0    420114      0.00      8.00      0.00       0  java

# Time        UID       PID   kB_rd/s   kB_wr/s kB_ccwr/s iodelay  Command

# Time        UID       PID   kB_rd/s   kB_wr/s kB_ccwr/s iodelay  Command

# Time        UID       PID   kB_rd/s   kB_wr/s kB_ccwr/s iodelay  Command

# Time        UID       PID   kB_rd/s   kB_wr/s kB_ccwr/s iodelay  Command
04:09:04 AM     0    420114      0.00      8.00      0.00       0  java

# Time        UID       PID   kB_rd/s   kB_wr/s kB_ccwr/s iodelay  Command

# Time        UID       PID   kB_rd/s   kB_wr/s kB_ccwr/s iodelay  Command

# Time        UID       PID   kB_rd/s   kB_wr/s kB_ccwr/s iodelay  Command

# Time        UID       PID   kB_rd/s   kB_wr/s kB_ccwr/s iodelay  Command

# Time        UID       PID   kB_rd/s   kB_wr/s kB_ccwr/s iodelay  Command

# Time        UID       PID   kB_rd/s   kB_wr/s kB_ccwr/s iodelay  Command

# Time        UID       PID   kB_rd/s   kB_wr/s kB_ccwr/s iodelay  Command

# Time        UID       PID   kB_rd/s   kB_wr/s kB_ccwr/s iodelay  Command

# Time        UID       PID   kB_rd/s   kB_wr/s kB_ccwr/s iodelay  Command

# Time        UID       PID   kB_rd/s   kB_wr/s kB_ccwr/s iodelay  Command

# Time        UID       PID   kB_rd/s   kB_wr/s kB_ccwr/s iodelay  Command

# Time        UID       PID   kB_rd/s   kB_wr/s kB_ccwr/s iodelay  Command

# Time        UID       PID   kB_rd/s   kB_wr/s kB_ccwr/s iodelay  Command

# Time        UID       PID   kB_rd/s   kB_wr/s kB_ccwr/s iodelay  Command

# Time        UID       PID   kB_rd/s   kB_wr/s kB_ccwr/s iodelay  Command

# Time        UID       PID   kB_rd/s   kB_wr/s kB_ccwr/s iodelay  Command

# Time        UID       PID   kB_rd/s   kB_wr/s kB_ccwr/s iodelay  Command

# Time        UID       PID   kB_rd/s   kB_wr/s kB_ccwr/s iodelay  Command

# Time        UID       PID   kB_rd/s   kB_wr/s kB_ccwr/s iodelay  Command

# Time        UID       PID   kB_rd/s   kB_wr/s kB_ccwr/s iodelay  Command

# Time        UID       PID   kB_rd/s   kB_wr/s kB_ccwr/s iodelay  Command

# Time        UID       PID   kB_rd/s   kB_wr/s kB_ccwr/s iodelay  Command

# Time        UID       PID   kB_rd/s   kB_wr/s kB_ccwr/s iodelay  Command

# Time        UID       PID   kB_rd/s   kB_wr/s kB_ccwr/s iodelay  Command

# Time        UID       PID   kB_rd/s   kB_wr/s kB_ccwr/s iodelay  Command

# Time        UID       PID   kB_rd/s   kB_wr/s kB_ccwr/s iodelay  Command

# Time        UID       PID   kB_rd/s   kB_wr/s kB_ccwr/s iodelay  Command
04:09:31 AM     0    420114      0.00     16.00      0.00       0  java

# Time        UID       PID   kB_rd/s   kB_wr/s kB_ccwr/s iodelay  Command

# Time        UID       PID   kB_rd/s   kB_wr/s kB_ccwr/s iodelay  Command

# Time        UID       PID   kB_rd/s   kB_wr/s kB_ccwr/s iodelay  Command

# Time        UID       PID   kB_rd/s   kB_wr/s kB_ccwr/s iodelay  Command

# Time        UID       PID   kB_rd/s   kB_wr/s kB_ccwr/s iodelay  Command

# Time        UID       PID   kB_rd/s   kB_wr/s kB_ccwr/s iodelay  Command

# Time        UID       PID   kB_rd/s   kB_wr/s kB_ccwr/s iodelay  Command

# Time        UID       PID   kB_rd/s   kB_wr/s kB_ccwr/s iodelay  Command

# Time        UID       PID   kB_rd/s   kB_wr/s kB_ccwr/s iodelay  Command

# Time        UID       PID   kB_rd/s   kB_wr/s kB_ccwr/s iodelay  Command

# Time        UID       PID   kB_rd/s   kB_wr/s kB_ccwr/s iodelay  Command

# Time        UID       PID   kB_rd/s   kB_wr/s kB_ccwr/s iodelay  Command

# Time        UID       PID   kB_rd/s   kB_wr/s kB_ccwr/s iodelay  Command

# Time        UID       PID   kB_rd/s   kB_wr/s kB_ccwr/s iodelay  Command

# Time        UID       PID   kB_rd/s   kB_wr/s kB_ccwr/s iodelay  Command

# Time        UID       PID   kB_rd/s   kB_wr/s kB_ccwr/s iodelay  Command

# Time        UID       PID   kB_rd/s   kB_wr/s kB_ccwr/s iodelay  Command

# Time        UID       PID   kB_rd/s   kB_wr/s kB_ccwr/s iodelay  Command

# Time        UID       PID   kB_rd/s   kB_wr/s kB_ccwr/s iodelay  Command

# Time        UID       PID   kB_rd/s   kB_wr/s kB_ccwr/s iodelay  Command

# Time        UID       PID   kB_rd/s   kB_wr/s kB_ccwr/s iodelay  Command

# Time        UID       PID   kB_rd/s   kB_wr/s kB_ccwr/s iodelay  Command

# Time        UID       PID   kB_rd/s   kB_wr/s kB_ccwr/s iodelay  Command

# Time        UID       PID   kB_rd/s   kB_wr/s kB_ccwr/s iodelay  Command

# Time        UID       PID   kB_rd/s   kB_wr/s kB_ccwr/s iodelay  Command

# Time        UID       PID   kB_rd/s   kB_wr/s kB_ccwr/s iodelay  Command

# Time        UID       PID   kB_rd/s   kB_wr/s kB_ccwr/s iodelay  Command

# Time        UID       PID   kB_rd/s   kB_wr/s kB_ccwr/s iodelay  Command

# Time        UID       PID   kB_rd/s   kB_wr/s kB_ccwr/s iodelay  Command

# Time        UID       PID   kB_rd/s   kB_wr/s kB_ccwr/s iodelay  Command

# Time        UID       PID   kB_rd/s   kB_wr/s kB_ccwr/s iodelay  Command
04:10:02 AM     0    420114      0.00      8.00      0.00       0  java

# Time        UID       PID   kB_rd/s   kB_wr/s kB_ccwr/s iodelay  Command

# Time        UID       PID   kB_rd/s   kB_wr/s kB_ccwr/s iodelay  Command
04:10:04 AM     0    420114      0.00      8.00      0.00       0  java

# Time        UID       PID   kB_rd/s   kB_wr/s kB_ccwr/s iodelay  Command

# Time        UID       PID   kB_rd/s   kB_wr/s kB_ccwr/s iodelay  Command

# Time        UID       PID   kB_rd/s   kB_wr/s kB_ccwr/s iodelay  Command

# Time        UID       PID   kB_rd/s   kB_wr/s kB_ccwr/s iodelay  Command

# Time        UID       PID   kB_rd/s   kB_wr/s kB_ccwr/s iodelay  Command

# Time        UID       PID   kB_rd/s   kB_wr/s kB_ccwr/s iodelay  Command

# Time        UID       PID   kB_rd/s   kB_wr/s kB_ccwr/s iodelay  Command

# Time        UID       PID   kB_rd/s   kB_wr/s kB_ccwr/s iodelay  Command

# Time        UID       PID   kB_rd/s   kB_wr/s kB_ccwr/s iodelay  Command

# Time        UID       PID   kB_rd/s   kB_wr/s kB_ccwr/s iodelay  Command

# Time        UID       PID   kB_rd/s   kB_wr/s kB_ccwr/s iodelay  Command

# Time        UID       PID   kB_rd/s   kB_wr/s kB_ccwr/s iodelay  Command
