Linux 5.15.0 (noslab-gpu) 	11/14/2025 	_x86_64_	(40 CPU)

# Time        UID       PID   kB_rd/s   kB_wr/s kB_ccwr/s iodelay  Command
04:17:40 AM     0    427725  35223.53   7643.14      0.00       0  java

# Time        UID       PID   kB_rd/s   kB_wr/s kB_ccwr/s iodelay  Command

# Time        UID       PID   kB_rd/s   kB_wr/s kB_ccwr/s iodelay  Command

# Time        UID       PID   kB_rd/s   kB_wr/s kB_ccwr/s iodelay  Command

# Time        UID       PID   kB_rd/s   kB_wr/s kB_ccwr/s iodelay  Command

# Time        UID       PID   kB_rd/s   kB_wr/s kB_ccwr/s iodelay  Command
04:17:45 AM     0    427725      0.00     16.00      0.00       0  java

# Time        UID       PID   kB_rd/s   kB_wr/s kB_ccwr/s iodelay  Command

# Time        UID       PID   kB_rd/s   kB_wr/s kB_ccwr/s iodelay  Command

# Time        UID       PID   kB_rd/s   kB_wr/s kB_ccwr/s iodelay  Command

# Time        UID       PID   kB_rd/s   kB_wr/s kB_ccwr/s iodelay  Command

# Time        UID       PID   kB_rd/s   kB_wr/s kB_ccwr/s iodelay  Command
04:17:50 AM     0    427725      0.00      8.00      0.00       0  java

# Time        UID       PID   kB_rd/s   kB_wr/s kB_ccwr/s iodelay  Command
04:17:51 AM     0    427725      0.00      8.00      0.00       0  java

# Time        UID       PID   kB_rd/s   kB_wr/s kB_ccwr/s iodelay  Command

# Time        UID       PID   kB_rd/s   kB_wr/s kB_ccwr/s iodelay  Command

# Time        UID       PID   kB_rd/s   kB_wr/s kB_ccwr/s iodelay  Command

# Time        UID       PID   kB_rd/s   kB_wr/s kB_ccwr/s iodelay  Command
04:17:55 AM     0    427725      0.00     16.00      0.00       0  java

# Time        UID       PID   kB_rd/s   kB_wr/s kB_ccwr/s iodelay  Command

# Time        UID       PID   kB_rd/s   kB_wr/s kB_ccwr/s iodelay  Command

# Time        UID       PID   kB_rd/s   kB_wr/s kB_ccwr/s iodelay  Command

# Time        UID       PID   kB_rd/s   kB_wr/s kB_ccwr/s iodelay  Command

# Time        UID       PID   kB_rd/s   kB_wr/s kB_ccwr/s iodelay  Command
04:18:00 AM     0    427725      0.00      8.00      0.00       0  java

# Time        UID       PID   kB_rd/s   kB_wr/s kB_ccwr/s iodelay  Command

# Time        UID       PID   kB_rd/s   kB_wr/s kB_ccwr/s iodelay  Command
04:18:02 AM     0    427725      0.00      8.00      0.00       0  java

# Time        UID       PID   kB_rd/s   kB_wr/s kB_ccwr/s iodelay  Command

# Time        UID       PID   kB_rd/s   kB_wr/s kB_ccwr/s iodelay  Command

# Time        UID       PID   kB_rd/s   kB_wr/s kB_ccwr/s iodelay  Command
04:18:05 AM     0    427725      0.00     12.00      0.00       0  java

# Time        UID       PID   kB_rd/s   kB_wr/s kB_ccwr/s iodelay  Command

# Time        UID       PID   kB_rd/s   kB_wr/s kB_ccwr/s iodelay  Command
04:18:07 AM     0    427725      0.00      8.00      0.00       0  java

# Time        UID       PID   kB_rd/s   kB_wr/s kB_ccwr/s iodelay  Command

# Time        UID       PID   kB_rd/s   kB_wr/s kB_ccwr/s iodelay  Command

# Time        UID       PID   kB_rd/s   kB_wr/s kB_ccwr/s iodelay  Command
04:18:10 AM     0    427725      0.00     12.00      0.00       0  java

# Time        UID       PID   kB_rd/s   kB_wr/s kB_ccwr/s iodelay  Command

# Time        UID       PID   kB_rd/s   kB_wr/s kB_ccwr/s iodelay  Command
04:18:12 AM     0    427725      0.00      8.00      0.00       0  java

# Time        UID       PID   kB_rd/s   kB_wr/s kB_ccwr/s iodelay  Command

# Time        UID       PID   kB_rd/s   kB_wr/s kB_ccwr/s iodelay  Command

# Time        UID       PID   kB_rd/s   kB_wr/s kB_ccwr/s iodelay  Command
04:18:15 AM     0    427725      0.00     16.00      0.00       0  java

# Time        UID       PID   kB_rd/s   kB_wr/s kB_ccwr/s iodelay  Command
04:18:16 AM     0    427725      0.00      8.00      0.00       0  java

# Time        UID       PID   kB_rd/s   kB_wr/s kB_ccwr/s iodelay  Command

# Time        UID       PID   kB_rd/s   kB_wr/s kB_ccwr/s iodelay  Command
04:18:18 AM     0    428135    184.00   7796.00      0.00       0  java

# Time        UID       PID   kB_rd/s   kB_wr/s kB_ccwr/s iodelay  Command

# Time        UID       PID   kB_rd/s   kB_wr/s kB_ccwr/s iodelay  Command

# Time        UID       PID   kB_rd/s   kB_wr/s kB_ccwr/s iodelay  Command
04:18:21 AM     0    428135      0.00     16.00      0.00       0  java

# Time        UID       PID   kB_rd/s   kB_wr/s kB_ccwr/s iodelay  Command

# Time        UID       PID   kB_rd/s   kB_wr/s kB_ccwr/s iodelay  Command

# Time        UID       PID   kB_rd/s   kB_wr/s kB_ccwr/s iodelay  Command

# Time        UID       PID   kB_rd/s   kB_wr/s kB_ccwr/s iodelay  Command

# Time        UID       PID   kB_rd/s   kB_wr/s kB_ccwr/s iodelay  Command
04:18:26 AM     0    428135      0.00     20.00      0.00       0  java

# Time        UID       PID   kB_rd/s   kB_wr/s kB_ccwr/s iodelay  Command

# Time        UID       PID   kB_rd/s   kB_wr/s kB_ccwr/s iodelay  Command

# Time        UID       PID   kB_rd/s   kB_wr/s kB_ccwr/s iodelay  Command

# Time        UID       PID   kB_rd/s   kB_wr/s kB_ccwr/s iodelay  Command

# Time        UID       PID   kB_rd/s   kB_wr/s kB_ccwr/s iodelay  Command
04:18:31 AM     0    428135      0.00     20.00      0.00       0  java

# Time        UID       PID   kB_rd/s   kB_wr/s kB_ccwr/s iodelay  Command
04:18:32 AM     0    428135      0.00      4.00      0.00       0  java

# Time        UID       PID   kB_rd/s   kB_wr/s kB_ccwr/s iodelay  Command

# Time        UID       PID   kB_rd/s   kB_wr/s kB_ccwr/s iodelay  Command

# Time        UID       PID   kB_rd/s   kB_wr/s kB_ccwr/s iodelay  Command

# Time        UID       PID   kB_rd/s   kB_wr/s kB_ccwr/s iodelay  Command
04:18:36 AM     0    428135      0.00      8.00      0.00       0  java

# Time        UID       PID   kB_rd/s   kB_wr/s kB_ccwr/s iodelay  Command

# Time        UID       PID   kB_rd/s   kB_wr/s kB_ccwr/s iodelay  Command

# Time        UID       PID   kB_rd/s   kB_wr/s kB_ccwr/s iodelay  Command
04:18:39 AM     0    428135      0.00      8.00      0.00       0  java

# Time        UID       PID   kB_rd/s   kB_wr/s kB_ccwr/s iodelay  Command

# Time        UID       PID   kB_rd/s   kB_wr/s kB_ccwr/s iodelay  Command
04:18:41 AM     0    428135      0.00      8.00      0.00       0  java

# Time        UID       PID   kB_rd/s   kB_wr/s kB_ccwr/s iodelay  Command

# Time        UID       PID   kB_rd/s   kB_wr/s kB_ccwr/s iodelay  Command

# Time        UID       PID   kB_rd/s   kB_wr/s kB_ccwr/s iodelay  Command
04:18:44 AM     0    428135      0.00      8.00      0.00       0  java

# Time        UID       PID   kB_rd/s   kB_wr/s kB_ccwr/s iodelay  Command

# Time        UID       PID   kB_rd/s   kB_wr/s kB_ccwr/s iodelay  Command
04:18:46 AM     0    428135      0.00     12.00      0.00       0  java

# Time        UID       PID   kB_rd/s   kB_wr/s kB_ccwr/s iodelay  Command

# Time        UID       PID   kB_rd/s   kB_wr/s kB_ccwr/s iodelay  Command
04:18:48 AM     0    428135      0.00      8.00      0.00       0  java

# Time        UID       PID   kB_rd/s   kB_wr/s kB_ccwr/s iodelay  Command

# Time        UID       PID   kB_rd/s   kB_wr/s kB_ccwr/s iodelay  Command

# Time        UID       PID   kB_rd/s   kB_wr/s kB_ccwr/s iodelay  Command
04:18:51 AM     0    428135      0.00     12.00      0.00       0  java

# Time        UID       PID   kB_rd/s   kB_wr/s kB_ccwr/s iodelay  Command

# Time        UID       PID   kB_rd/s   kB_wr/s kB_ccwr/s iodelay  Command
04:18:53 AM     0    428135      0.00      8.00      0.00       0  java

# Time        UID       PID   kB_rd/s   kB_wr/s kB_ccwr/s iodelay  Command

# Time        UID       PID   kB_rd/s   kB_wr/s kB_ccwr/s iodelay  Command

# Time        UID       PID   kB_rd/s   kB_wr/s kB_ccwr/s iodelay  Command
04:18:56 AM     0    428135      0.00      8.00      0.00       0  java

# Time        UID       PID   kB_rd/s   kB_wr/s kB_ccwr/s iodelay  Command
04:18:57 AM     0    428135      0.00      8.00      0.00       0  java

# Time        UID       PID   kB_rd/s   kB_wr/s kB_ccwr/s iodelay  Command

# Time        UID       PID   kB_rd/s   kB_wr/s kB_ccwr/s iodelay  Command

# Time        UID       PID   kB_rd/s   kB_wr/s kB_ccwr/s iodelay  Command

# Time        UID       PID   kB_rd/s   kB_wr/s kB_ccwr/s iodelay  Command

# Time        UID       PID   kB_rd/s   kB_wr/s kB_ccwr/s iodelay  Command
04:19:02 AM     0    428135      0.00     16.00      0.00       0  java

# Time        UID       PID   kB_rd/s   kB_wr/s kB_ccwr/s iodelay  Command

# Time        UID       PID   kB_rd/s   kB_wr/s kB_ccwr/s iodelay  Command

# Time        UID       PID   kB_rd/s   kB_wr/s kB_ccwr/s iodelay  Command

# Time        UID       PID   kB_rd/s   kB_wr/s kB_ccwr/s iodelay  Command

# Time        UID       PID   kB_rd/s   kB_wr/s kB_ccwr/s iodelay  Command
04:19:07 AM     0    428135      0.00     12.00      0.00       0  java

# Time        UID       PID   kB_rd/s   kB_wr/s kB_ccwr/s iodelay  Command
04:19:08 AM     0    428135      0.00      8.00      0.00       0  java

# Time        UID       PID   kB_rd/s   kB_wr/s kB_ccwr/s iodelay  Command

# Time        UID       PID   kB_rd/s   kB_wr/s kB_ccwr/s iodelay  Command

# Time        UID       PID   kB_rd/s   kB_wr/s kB_ccwr/s iodelay  Command

# Time        UID       PID   kB_rd/s   kB_wr/s kB_ccwr/s iodelay  Command
04:19:12 AM     0    428135      0.00     12.00      0.00       0  java

# Time        UID       PID   kB_rd/s   kB_wr/s kB_ccwr/s iodelay  Command
04:19:13 AM     0    428135      0.00      8.00      0.00       0  java

# Time        UID       PID   kB_rd/s   kB_wr/s kB_ccwr/s iodelay  Command

# Time        UID       PID   kB_rd/s   kB_wr/s kB_ccwr/s iodelay  Command

# Time        UID       PID   kB_rd/s   kB_wr/s kB_ccwr/s iodelay  Command

# Time        UID       PID   kB_rd/s   kB_wr/s kB_ccwr/s iodelay  Command
04:19:17 AM     0    428135      0.00     12.00      0.00       0  java

# Time        UID       PID   kB_rd/s   kB_wr/s kB_ccwr/s iodelay  Command
04:19:18 AM     0    428135      0.00      8.00      0.00       0  java

# Time        UID       PID   kB_rd/s   kB_wr/s kB_ccwr/s iodelay  Command

# Time        UID       PID   kB_rd/s   kB_wr/s kB_ccwr/s iodelay  Command

# Time        UID       PID   kB_rd/s   kB_wr/s kB_ccwr/s iodelay  Command

# Time        UID       PID   kB_rd/s   kB_wr/s kB_ccwr/s iodelay  Command
04:19:22 AM     0    428135      0.00      8.00      0.00       0  java

# Time        UID       PID   kB_rd/s   kB_wr/s kB_ccwr/s iodelay  Command
04:19:23 AM     0    428135      0.00      8.00      0.00       0  java

# Time        UID       PID   kB_rd/s   kB_wr/s kB_ccwr/s iodelay  Command

# Time        UID       PID   kB_rd/s   kB_wr/s kB_ccwr/s iodelay  Command

# Time        UID       PID   kB_rd/s   kB_wr/s kB_ccwr/s iodelay  Command

# Time        UID       PID   kB_rd/s   kB_wr/s kB_ccwr/s iodelay  Command
04:19:27 AM     0    428135      0.00     16.00      0.00       0  java

# Time        UID       PID   kB_rd/s   kB_wr/s kB_ccwr/s iodelay  Command

# Time        UID       PID   kB_rd/s   kB_wr/s kB_ccwr/s iodelay  Command

# Time        UID       PID   kB_rd/s   kB_wr/s kB_ccwr/s iodelay  Command

# Time        UID       PID   kB_rd/s   kB_wr/s kB_ccwr/s iodelay  Command

# Time        UID       PID   kB_rd/s   kB_wr/s kB_ccwr/s iodelay  Command
04:19:32 AM     0    428135      0.00     12.00      0.00       0  java

# Time        UID       PID   kB_rd/s   kB_wr/s kB_ccwr/s iodelay  Command
04:19:33 AM     0    428135      0.00      8.00      0.00       0  java

# Time        UID       PID   kB_rd/s   kB_wr/s kB_ccwr/s iodelay  Command

# Time        UID       PID   kB_rd/s   kB_wr/s kB_ccwr/s iodelay  Command

# Time        UID       PID   kB_rd/s   kB_wr/s kB_ccwr/s iodelay  Command

# Time        UID       PID   kB_rd/s   kB_wr/s kB_ccwr/s iodelay  Command
04:19:37 AM     0    428135      0.00     12.00      0.00       0  java

# Time        UID       PID   kB_rd/s   kB_wr/s kB_ccwr/s iodelay  Command
04:19:38 AM     0    428135      0.00      8.00      0.00       0  java

# Time        UID       PID   kB_rd/s   kB_wr/s kB_ccwr/s iodelay  Command

# Time        UID       PID   kB_rd/s   kB_wr/s kB_ccwr/s iodelay  Command
04:19:40 AM     0    428135      0.00      4.00      0.00       0  java

# Time        UID       PID   kB_rd/s   kB_wr/s kB_ccwr/s iodelay  Command
