nr_free_pages 15929561
nr_zone_inactive_anon 73552
nr_zone_active_anon 67
nr_zone_inactive_file 43431
nr_zone_active_file 37499
nr_zone_unevictable 4631
nr_zone_write_pending 220
nr_mlock 4631
nr_bounce 0
nr_zspages 0
nr_free_cma 0
numa_hit 1983353808
numa_miss 0
numa_foreign 0
numa_interleave 4377
numa_local 1088684452
numa_other 894526780
nr_inactive_anon 73552
nr_active_anon 67
nr_inactive_file 43431
nr_active_file 37499
nr_unevictable 4631
nr_slab_reclaimable 21292
nr_slab_unreclaimable 100930
nr_isolated_anon 0
nr_isolated_file 0
workingset_nodes 0
workingset_refault_anon 0
workingset_refault_file 0
workingset_activate_anon 0
workingset_activate_file 0
workingset_restore_anon 0
workingset_restore_file 0
workingset_nodereclaim 0
nr_anon_pages 75740
nr_mapped 70989
nr_file_pages 83606
nr_dirty 220
nr_writeback 0
nr_writeback_temp 0
nr_shmem 603
nr_shmem_hugepages 0
nr_shmem_pmdmapped 0
nr_file_hugepages 0
nr_file_pmdmapped 0
nr_anon_transparent_hugepages 0
nr_vmscan_write 0
nr_vmscan_immediate_reclaim 0
nr_dirtied 688725188
nr_written 686079563
nr_kernel_misc_reclaimable 0
nr_foll_pin_acquired 0
nr_foll_pin_released 0
nr_kernel_stack 13376
nr_page_table_pages 1839
nr_swapcached 0
nr_dirty_threshold 3178346
nr_dirty_background_threshold 1587233
pgpgin 13399220
pgpgout 3608593801
pswpin 0
pswpout 0
pgalloc_dma 1024
pgalloc_dma32 1025
pgalloc_normal 1983045568
pgalloc_movable 0
allocstall_dma 0
allocstall_dma32 0
allocstall_normal 0
allocstall_movable 0
pgskip_dma 0
pgskip_dma32 0
pgskip_normal 0
pgskip_movable 0
pgfree 1999909433
pgactivate 99415125
pgdeactivate 33940
pglazyfree 0
pgfault 354845793
pgmajfault 105214
pglazyfreed 0
pgrefill 0
pgreuse 22130597
pgsteal_kswapd 0
pgsteal_direct 0
pgdemote_kswapd 0
pgdemote_direct 0
pgscan_kswapd 0
pgscan_direct 0
pgscan_direct_throttle 0
pgscan_anon 0
pgscan_file 0
pgsteal_anon 0
pgsteal_file 0
zone_reclaim_failed 0
pginodesteal 11886
slabs_scanned 8765299
kswapd_inodesteal 0
kswapd_low_wmark_hit_quickly 0
kswapd_high_wmark_hit_quickly 0
pageoutrun 0
pgrotated 165888
drop_pagecache 76
drop_slab 76
oom_kill 0
numa_pte_updates 210408026
numa_huge_pte_updates 0
numa_hint_faults 184440974
numa_hint_faults_local 138102929
numa_pages_migrated 0
pgmigrate_success 807690
pgmigrate_fail 108
thp_migration_success 0
thp_migration_fail 0
thp_migration_split 0
compact_migrate_scanned 1566888
compact_free_scanned 197225
compact_isolated 1615482
compact_stall 0
compact_fail 0
compact_success 0
compact_daemon_wake 0
compact_daemon_migrate_scanned 0
compact_daemon_free_scanned 0
htlb_buddy_alloc_success 0
htlb_buddy_alloc_fail 0
cma_alloc_success 0
cma_alloc_fail 0
unevictable_pgs_culled 361836
unevictable_pgs_scanned 0
unevictable_pgs_rescued 28
unevictable_pgs_mlocked 4659
unevictable_pgs_munlocked 28
unevictable_pgs_cleared 0
unevictable_pgs_stranded 0
thp_fault_alloc 0
thp_fault_fallback 0
thp_fault_fallback_charge 0
thp_collapse_alloc 0
thp_collapse_alloc_failed 0
thp_file_alloc 0
thp_file_fallback 0
thp_file_fallback_charge 0
thp_file_mapped 0
thp_split_page 0
thp_split_page_failed 0
thp_deferred_split_page 0
thp_split_pmd 0
thp_split_pud 0
thp_zero_page_alloc 0
thp_zero_page_alloc_failed 0
thp_swpout 0
thp_swpout_fallback 0
balloon_inflate 0
balloon_deflate 0
balloon_migrate 0
swap_ra 0
swap_ra_hit 0
direct_map_level2_splits 344
direct_map_level3_splits 1
nr_unstable 0
