nr_free_pages 15924101
nr_zone_inactive_anon 76816
nr_zone_active_anon 20540
nr_zone_inactive_file 39975
nr_zone_active_file 32909
nr_zone_unevictable 4631
nr_zone_write_pending 39
nr_mlock 4631
nr_bounce 0
nr_zspages 0
nr_free_cma 0
numa_hit 1954017960
numa_miss 0
numa_foreign 0
numa_interleave 4377
numa_local 1074542620
numa_other 879333616
nr_inactive_anon 76816
nr_active_anon 20540
nr_inactive_file 39975
nr_active_file 32909
nr_unevictable 4631
nr_slab_reclaimable 23600
nr_slab_unreclaimable 100758
nr_isolated_anon 0
nr_isolated_file 0
workingset_nodes 0
workingset_refault_anon 0
workingset_refault_file 0
workingset_activate_anon 0
workingset_activate_file 0
workingset_restore_anon 0
workingset_restore_file 0
workingset_nodereclaim 0
nr_anon_pages 99342
nr_mapped 74263
nr_file_pages 75628
nr_dirty 39
nr_writeback 0
nr_writeback_temp 0
nr_shmem 603
nr_shmem_hugepages 0
nr_shmem_pmdmapped 0
nr_file_hugepages 0
nr_file_pmdmapped 0
nr_anon_transparent_hugepages 0
nr_vmscan_write 0
nr_vmscan_immediate_reclaim 0
nr_dirtied 678120526
nr_written 675558188
nr_kernel_misc_reclaimable 0
nr_foll_pin_acquired 0
nr_foll_pin_released 0
nr_kernel_stack 13328
nr_page_table_pages 1965
nr_swapcached 0
nr_dirty_threshold 3175646
nr_dirty_background_threshold 1585884
pgpgin 13150970
pgpgout 3517521421
pswpin 0
pswpout 0
pgalloc_dma 1024
pgalloc_dma32 1025
pgalloc_normal 1953706848
pgalloc_movable 0
allocstall_dma 0
allocstall_dma32 0
allocstall_normal 0
allocstall_movable 0
pgskip_dma 0
pgskip_dma32 0
pgskip_normal 0
pgskip_movable 0
pgfree 1970554499
pgactivate 96601687
pgdeactivate 33192
pglazyfree 0
pgfault 347018297
pgmajfault 101570
pglazyfreed 0
pgrefill 0
pgreuse 21677988
pgsteal_kswapd 0
pgsteal_direct 0
pgdemote_kswapd 0
pgdemote_direct 0
pgscan_kswapd 0
pgscan_direct 0
pgscan_direct_throttle 0
pgscan_anon 0
pgscan_file 0
pgsteal_anon 0
pgsteal_file 0
zone_reclaim_failed 0
pginodesteal 11871
slabs_scanned 8693055
kswapd_inodesteal 0
kswapd_low_wmark_hit_quickly 0
kswapd_high_wmark_hit_quickly 0
pageoutrun 0
pgrotated 163346
drop_pagecache 73
drop_slab 73
oom_kill 0
numa_pte_updates 205350887
numa_huge_pte_updates 0
numa_hint_faults 180399906
numa_hint_faults_local 135076708
numa_pages_migrated 0
pgmigrate_success 807690
pgmigrate_fail 108
thp_migration_success 0
thp_migration_fail 0
thp_migration_split 0
compact_migrate_scanned 1566888
compact_free_scanned 197225
compact_isolated 1615482
compact_stall 0
compact_fail 0
compact_success 0
compact_daemon_wake 0
compact_daemon_migrate_scanned 0
compact_daemon_free_scanned 0
htlb_buddy_alloc_success 0
htlb_buddy_alloc_fail 0
cma_alloc_success 0
cma_alloc_fail 0
unevictable_pgs_culled 361836
unevictable_pgs_scanned 0
unevictable_pgs_rescued 28
unevictable_pgs_mlocked 4659
unevictable_pgs_munlocked 28
unevictable_pgs_cleared 0
unevictable_pgs_stranded 0
thp_fault_alloc 0
thp_fault_fallback 0
thp_fault_fallback_charge 0
thp_collapse_alloc 0
thp_collapse_alloc_failed 0
thp_file_alloc 0
thp_file_fallback 0
thp_file_fallback_charge 0
thp_file_mapped 0
thp_split_page 0
thp_split_page_failed 0
thp_deferred_split_page 0
thp_split_pmd 0
thp_split_pud 0
thp_zero_page_alloc 0
thp_zero_page_alloc_failed 0
thp_swpout 0
thp_swpout_fallback 0
balloon_inflate 0
balloon_deflate 0
balloon_migrate 0
swap_ra 0
swap_ra_hit 0
direct_map_level2_splits 344
direct_map_level3_splits 1
nr_unstable 0
