#           time             counts unit events
     0.100119471        597,603,083      cycles                                                        (41.18%)
     0.100119471        713,655,330      instructions              #    1.19  insn per cycle           (41.47%)
     0.100119471        129,866,121      branches                                                      (38.75%)
     0.100119471          5,555,564      branch-misses             #    4.28% of all branches          (38.68%)
     0.100119471              2,206      cs                                                          
     0.100119471              2,206      context-switches                                            
     0.100119471          1,274,891      LLC-loads                                                     (38.69%)
     0.100119471            133,302      LLC-load-misses           #   10.46% of all LL-cache accesses  (38.69%)
     0.201990876         94,284,054      cycles                                                        (42.33%)
     0.201990876        150,990,656      instructions              #    1.60  insn per cycle           (45.08%)
     0.201990876         48,750,772      branches                                                      (43.91%)
     0.201990876          3,305,238      branch-misses             #    6.78% of all branches          (40.49%)
     0.201990876                784      cs                                                          
     0.201990876                784      context-switches                                            
     0.201990876            729,198      LLC-loads                                                     (39.23%)
     0.201990876            130,885      LLC-load-misses           #   17.95% of all LL-cache accesses  (39.23%)
     0.303969188         23,710,579      cycles                                                        (42.26%)
     0.303969188         14,870,748      instructions              #    0.63  insn per cycle           (45.04%)
     0.303969188          2,919,477      branches                                                      (45.04%)
     0.303969188             72,395      branch-misses             #    2.48% of all branches          (44.62%)
     0.303969188                442      cs                                                          
     0.303969188                442      context-switches                                            
     0.303969188             93,707      LLC-loads                                                     (41.86%)
     0.303969188             10,487      LLC-load-misses           #   11.19% of all LL-cache accesses  (39.29%)
     0.405821016         17,394,376      cycles                                                        (37.79%)
     0.405821016          7,529,141      instructions              #    0.43  insn per cycle           (43.90%)
     0.405821016          1,581,805      branches                                                      (45.00%)
     0.405821016             30,030      branch-misses             #    1.90% of all branches          (45.00%)
     0.405821016                197      cs                                                          
     0.405821016                197      context-switches                                            
     0.405821016             54,339      LLC-loads                                                     (44.99%)
     0.405821016              6,727      LLC-load-misses           #   12.38% of all LL-cache accesses  (43.66%)
     0.507591920         17,510,315      cycles                                                        (36.56%)
     0.507591920          5,056,863      instructions              #    0.29  insn per cycle           (39.84%)
     0.507591920          1,497,528      branches                                                      (42.67%)
     0.507591920             24,612      branch-misses             #    1.64% of all branches          (44.95%)
     0.507591920                164      cs                                                          
     0.507591920                164      context-switches                                            
     0.507591920             47,319      LLC-loads                                                     (44.97%)
     0.507591920              4,401      LLC-load-misses           #    9.30% of all LL-cache accesses  (44.97%)
     0.609361394         16,361,555      cycles                                                        (36.54%)
     0.609361394          4,697,694      instructions              #    0.29  insn per cycle           (39.29%)
     0.609361394            925,638      branches                                                      (39.31%)
     0.609361394             32,452      branch-misses             #    3.51% of all branches          (40.96%)
     0.609361394                227      cs                                                          
     0.609361394                227      context-switches                                            
     0.609361394             53,843      LLC-loads                                                     (44.24%)
     0.609361394              6,108      LLC-load-misses           #   11.34% of all LL-cache accesses  (44.99%)
     0.711103560         14,597,665      cycles                                                        (36.57%)
     0.711103560          2,472,045      instructions              #    0.17  insn per cycle           (39.32%)
     0.711103560            539,547      branches                                                      (39.32%)
     0.711103560              9,065      branch-misses             #    1.68% of all branches          (39.31%)
     0.711103560                197      cs                                                          
     0.711103560                197      context-switches                                            
     0.711103560             28,953      LLC-loads                                                     (40.04%)
     0.711103560              7,334      LLC-load-misses           #   25.33% of all LL-cache accesses  (43.10%)
     0.812898939         14,600,622      cycles                                                        (36.82%)
     0.812898939          2,823,285      instructions              #    0.19  insn per cycle           (39.30%)
     0.812898939            583,213      branches                                                      (39.31%)
     0.812898939             10,576      branch-misses             #    1.81% of all branches          (39.30%)
     0.812898939                182      cs                                                          
     0.812898939                182      context-switches                                            
     0.812898939             14,180      LLC-loads                                                     (39.31%)
     0.812898939              4,426      LLC-load-misses           #   31.21% of all LL-cache accesses  (39.44%)
     0.914623203        442,393,851      cycles                                                        (46.57%)
     0.914623203        571,868,825      instructions              #    1.29  insn per cycle           (48.52%)
     0.914623203         94,911,084      branches                                                      (45.15%)
     0.914623203            578,367      branch-misses             #    0.61% of all branches          (41.83%)
     0.914623203                267      cs                                                          
     0.914623203                267      context-switches                                            
     0.914623203            374,897      LLC-loads                                                     (38.51%)
     0.914623203             75,140      LLC-load-misses           #   20.04% of all LL-cache accesses  (35.57%)
     1.033180630         22,839,571      cycles                                                        (36.97%)
     1.033180630          8,478,690      instructions              #    0.37  insn per cycle           (41.81%)
     1.033180630          1,606,101      branches                                                      (44.93%)
     1.033180630             39,950      branch-misses             #    2.49% of all branches          (45.52%)
     1.033180630                232      cs                                                          
     1.033180630                232      context-switches                                            
     1.033180630             75,798      LLC-loads                                                     (45.30%)
     1.033180630             17,780      LLC-load-misses           #   23.46% of all LL-cache accesses  (44.78%)
     1.135040707         14,733,281      cycles                                                        (36.47%)
     1.135040707          2,575,232      instructions              #    0.17  insn per cycle           (39.23%)
     1.135040707            982,721      branches                                                      (39.92%)
     1.135040707             48,881      branch-misses             #    4.97% of all branches          (43.13%)
     1.135040707                201      cs                                                          
     1.135040707                201      context-switches                                            
     1.135040707             90,552      LLC-loads                                                     (45.09%)
     1.135040707             19,650      LLC-load-misses           #   21.70% of all LL-cache accesses  (45.09%)
     1.237313219        226,124,028      cycles                                                        (34.90%)
     1.237313219        253,959,529      instructions              #    1.12  insn per cycle           (37.53%)
     1.237313219         65,804,079      branches                                                      (37.53%)
     1.237313219          2,040,505      branch-misses             #    3.10% of all branches          (37.54%)
     1.237313219              1,273      cs                                                          
     1.237313219              1,273      context-switches                                            
     1.237313219            848,373      LLC-loads                                                     (39.51%)
     1.237313219            212,471      LLC-load-misses           #   25.04% of all LL-cache accesses  (43.26%)
     1.348517468        623,444,574      cycles                                                        (40.36%)
     1.348517468        759,466,015      instructions              #    1.22  insn per cycle           (40.55%)
     1.348517468        143,876,307      branches                                                      (37.72%)
     1.348517468          6,430,925      branch-misses             #    4.47% of all branches          (37.49%)
     1.348517468              1,635      cs                                                          
     1.348517468              1,635      context-switches                                            
     1.348517468          1,270,413      LLC-loads                                                     (37.49%)
     1.348517468            139,207      LLC-load-misses           #   10.96% of all LL-cache accesses  (37.49%)
