#           time             counts unit events
     0.100111521        634,070,812      cycles                                                        (40.62%)
     0.100111521        537,740,119      instructions              #    0.85  insn per cycle           (41.10%)
     0.100111521        110,840,295      branches                                                      (39.21%)
     0.100111521          6,000,229      branch-misses             #    5.41% of all branches          (38.16%)
     0.100111521              2,480      cs                                                          
     0.100111521              2,480      context-switches                                            
     0.100111521          1,346,878      LLC-loads                                                     (38.16%)
     0.100111521            141,694      LLC-load-misses           #   10.52% of all LL-cache accesses  (38.17%)
     0.208021800        266,547,007      cycles                                                        (44.26%)
     0.208021800        279,662,622      instructions              #    1.05  insn per cycle           (47.18%)
     0.208021800         48,480,752      branches                                                      (45.28%)
     0.208021800          1,388,723      branch-misses             #    2.86% of all branches          (42.54%)
     0.208021800                929      cs                                                          
     0.208021800                929      context-switches                                            
     0.208021800            317,171      LLC-loads                                                     (38.78%)
     0.208021800            100,825      LLC-load-misses           #   31.79% of all LL-cache accesses  (37.82%)
     0.309977067         21,128,988      cycles                                                        (39.26%)
     0.309977067          7,959,008      instructions              #    0.38  insn per cycle           (44.72%)
     0.309977067          1,579,183      branches                                                      (44.95%)
     0.309977067             36,722      branch-misses             #    2.33% of all branches          (45.01%)
     0.309977067                173      cs                                                          
     0.309977067                173      context-switches                                            
     0.309977067             53,190      LLC-loads                                                     (44.99%)
     0.309977067              2,941      LLC-load-misses           #    5.53% of all LL-cache accesses  (42.09%)
     0.411781815         12,962,782      cycles                                                        (36.34%)
     0.411781815          7,463,906      instructions              #    0.58  insn per cycle           (40.60%)
     0.411781815          1,439,315      branches                                                      (44.26%)
     0.411781815             50,938      branch-misses             #    3.54% of all branches          (44.92%)
     0.411781815                295      cs                                                          
     0.411781815                295      context-switches                                            
     0.411781815             72,274      LLC-loads                                                     (45.00%)
     0.411781815             18,494      LLC-load-misses           #   25.59% of all LL-cache accesses  (45.01%)
     0.513600836         12,441,549      cycles                                                        (36.34%)
     0.513600836          2,769,233      instructions              #    0.22  insn per cycle           (39.29%)
     0.513600836            748,278      branches                                                      (39.35%)
     0.513600836             24,128      branch-misses             #    3.22% of all branches          (42.57%)
     0.513600836                179      cs                                                          
     0.513600836                179      context-switches                                            
     0.513600836             48,456      LLC-loads                                                     (44.75%)
     0.513600836              4,903      LLC-load-misses           #   10.12% of all LL-cache accesses  (44.95%)
     0.615408861         70,966,213      cycles                                                        (36.28%)
     0.615408861         62,182,230      instructions              #    0.88  insn per cycle           (39.22%)
     0.615408861         14,698,193      branches                                                      (39.22%)
     0.615408861            508,857      branch-misses             #    3.46% of all branches          (39.22%)
     0.615408861                348      cs                                                          
     0.615408861                348      context-switches                                            
     0.615408861            124,055      LLC-loads                                                     (40.87%)
     0.615408861             16,509      LLC-load-misses           #   13.31% of all LL-cache accesses  (44.45%)
     0.719311423         59,573,812      cycles                                                        (35.86%)
     0.719311423         60,098,174      instructions              #    1.01  insn per cycle           (38.62%)
     0.719311423         15,552,226      branches                                                      (38.54%)
     0.719311423            549,070      branch-misses             #    3.53% of all branches          (38.54%)
     0.719311423                331      cs                                                          
     0.719311423                331      context-switches                                            
     0.719311423            139,190      LLC-loads                                                     (38.54%)
     0.719311423             14,243      LLC-load-misses           #   10.23% of all LL-cache accesses  (38.71%)
     0.821179490        184,630,885      cycles                                                        (45.82%)
     0.821179490        199,193,438      instructions              #    1.08  insn per cycle           (46.40%)
     0.821179490         40,682,202      branches                                                      (42.88%)
     0.821179490            770,288      branch-misses             #    1.89% of all branches          (39.30%)
     0.821179490                455      cs                                                          
     0.821179490                455      context-switches                                            
     0.821179490            181,652      LLC-loads                                                     (36.10%)
     0.821179490             10,945      LLC-load-misses           #    6.03% of all LL-cache accesses  (35.87%)
     0.932943107        127,135,512      cycles                                                        (40.32%)
     0.932943107         76,849,841      instructions              #    0.60  insn per cycle           (45.00%)
     0.932943107         15,546,072      branches                                                      (45.16%)
     0.932943107            397,160      branch-misses             #    2.55% of all branches          (45.17%)
     0.932943107                398      cs                                                          
     0.932943107                398      context-switches                                            
     0.932943107            214,190      LLC-loads                                                     (44.76%)
     0.932943107             65,496      LLC-load-misses           #   30.58% of all LL-cache accesses  (41.09%)
     1.034820942        527,411,806      cycles                                                        (36.20%)
     1.034820942        675,696,622      instructions              #    1.28  insn per cycle           (41.31%)
     1.034820942        163,332,063      branches                                                      (44.76%)
     1.034820942          2,471,215      branch-misses             #    1.51% of all branches          (45.14%)
     1.034820942              1,007      cs                                                          
     1.034820942              1,007      context-switches                                            
     1.034820942          1,255,706      LLC-loads                                                     (45.21%)
     1.034820942            388,596      LLC-load-misses           #   30.95% of all LL-cache accesses  (45.21%)
     1.137256411         50,300,770      cycles                                                        (35.88%)
     1.137256411         51,667,499      instructions              #    1.03  insn per cycle           (38.79%)
     1.137256411         14,206,210      branches                                                      (39.10%)
     1.137256411            550,164      branch-misses             #    3.87% of all branches          (42.57%)
     1.137256411                670      cs                                                          
     1.137256411                670      context-switches                                            
     1.137256411            247,580      LLC-loads                                                     (45.49%)
     1.137256411             23,760      LLC-load-misses           #    9.60% of all LL-cache accesses  (45.66%)
     1.240302667        264,711,819      cycles                                                        (35.04%)
     1.240302667        282,059,228      instructions              #    1.07  insn per cycle           (37.89%)
     1.240302667         77,079,633      branches                                                      (37.89%)
     1.240302667          4,469,669      branch-misses             #    5.80% of all branches          (37.88%)
     1.240302667              1,322      cs                                                          
     1.240302667              1,322      context-switches                                            
     1.240302667            947,752      LLC-loads                                                     (38.76%)
     1.240302667            152,124      LLC-load-misses           #   16.05% of all LL-cache accesses  (42.38%)
