nr_free_pages 15893376
nr_zone_inactive_anon 100934
nr_zone_active_anon 77
nr_zone_inactive_file 45896
nr_zone_active_file 36487
nr_zone_unevictable 4631
nr_zone_write_pending 177
nr_mlock 4631
nr_bounce 0
nr_zspages 0
nr_free_cma 0
numa_hit 2171825620
numa_miss 0
numa_foreign 0
numa_interleave 4377
numa_local 1210666080
numa_other 960936606
nr_inactive_anon 100934
nr_active_anon 77
nr_inactive_file 45896
nr_active_file 36487
nr_unevictable 4631
nr_slab_reclaimable 20727
nr_slab_unreclaimable 102959
nr_isolated_anon 0
nr_isolated_file 0
workingset_nodes 0
workingset_refault_anon 0
workingset_refault_file 0
workingset_activate_anon 0
workingset_activate_file 0
workingset_restore_anon 0
workingset_restore_file 0
workingset_nodereclaim 0
nr_anon_pages 103140
nr_mapped 72140
nr_file_pages 85054
nr_dirty 177
nr_writeback 0
nr_writeback_temp 0
nr_shmem 608
nr_shmem_hugepages 0
nr_shmem_pmdmapped 0
nr_file_hugepages 0
nr_file_pmdmapped 0
nr_anon_transparent_hugepages 0
nr_vmscan_write 0
nr_vmscan_immediate_reclaim 0
nr_dirtied 749806680
nr_written 746032400
nr_kernel_misc_reclaimable 0
nr_foll_pin_acquired 0
nr_foll_pin_released 0
nr_kernel_stack 15516
nr_page_table_pages 2286
nr_swapcached 0
nr_dirty_threshold 3171402
nr_dirty_background_threshold 1583764
pgpgin 17423291
pgpgout 4126039985
pswpin 0
pswpout 0
pgalloc_dma 1024
pgalloc_dma32 1025
pgalloc_normal 2171436019
pgalloc_movable 0
allocstall_dma 0
allocstall_dma32 0
allocstall_normal 0
allocstall_movable 0
pgskip_dma 0
pgskip_dma32 0
pgskip_normal 0
pgskip_movable 0
pgfree 2188269810
pgactivate 118208407
pgdeactivate 48382
pglazyfree 0
pgfault 414187298
pgmajfault 129776
pglazyfreed 0
pgrefill 0
pgreuse 26849034
pgsteal_kswapd 0
pgsteal_direct 0
pgdemote_kswapd 0
pgdemote_direct 0
pgscan_kswapd 0
pgscan_direct 0
pgscan_direct_throttle 0
pgscan_anon 0
pgscan_file 0
pgsteal_anon 0
pgsteal_file 0
zone_reclaim_failed 0
pginodesteal 13087
slabs_scanned 12808891
kswapd_inodesteal 0
kswapd_low_wmark_hit_quickly 0
kswapd_high_wmark_hit_quickly 0
pageoutrun 0
pgrotated 220709
drop_pagecache 105
drop_slab 105
oom_kill 0
numa_pte_updates 236715416
numa_huge_pte_updates 0
numa_hint_faults 206713270
numa_hint_faults_local 155146690
numa_pages_migrated 0
pgmigrate_success 807690
pgmigrate_fail 108
thp_migration_success 0
thp_migration_fail 0
thp_migration_split 0
compact_migrate_scanned 1566888
compact_free_scanned 197225
compact_isolated 1615482
compact_stall 0
compact_fail 0
compact_success 0
compact_daemon_wake 0
compact_daemon_migrate_scanned 0
compact_daemon_free_scanned 0
htlb_buddy_alloc_success 0
htlb_buddy_alloc_fail 0
cma_alloc_success 0
cma_alloc_fail 0
unevictable_pgs_culled 361968
unevictable_pgs_scanned 0
unevictable_pgs_rescued 160
unevictable_pgs_mlocked 4791
unevictable_pgs_munlocked 160
unevictable_pgs_cleared 0
unevictable_pgs_stranded 0
thp_fault_alloc 0
thp_fault_fallback 0
thp_fault_fallback_charge 0
thp_collapse_alloc 0
thp_collapse_alloc_failed 0
thp_file_alloc 0
thp_file_fallback 0
thp_file_fallback_charge 0
thp_file_mapped 0
thp_split_page 0
thp_split_page_failed 0
thp_deferred_split_page 0
thp_split_pmd 0
thp_split_pud 0
thp_zero_page_alloc 0
thp_zero_page_alloc_failed 0
thp_swpout 0
thp_swpout_fallback 0
balloon_inflate 0
balloon_deflate 0
balloon_migrate 0
swap_ra 0
swap_ra_hit 0
direct_map_level2_splits 358
direct_map_level3_splits 1
nr_unstable 0
