#           time             counts unit events
     1.006901593      4,595,271,864      L1-dcache-loads                                               (36.37%)
     1.006901593        512,318,388      L1-dcache-load-misses     #   11.15% of all L1-dcache accesses  (36.37%)
     1.006901593    <not supported>      L1-icache-loads                                             
     1.006901593        548,146,220      L1-icache-load-misses                                         (36.37%)
     1.006901593        129,949,227      LLC-loads                                                     (36.37%)
     1.006901593         42,590,225      LLC-load-misses           #   32.77% of all LL-cache accesses  (36.36%)
     1.006901593         75,541,624      LLC-stores                                                    (18.18%)
     1.006901593         22,925,271      LLC-store-misses                                              (18.18%)
     1.006901593      4,501,587,037      dTLB-loads                                                    (27.27%)
     1.006901593          4,710,489      dTLB-load-misses          #    0.10% of all dTLB cache accesses  (36.36%)
     1.006901593         80,243,565      iTLB-loads                                                    (36.36%)
     1.006901593          5,394,435      iTLB-load-misses          #    6.72% of all iTLB cache accesses  (36.36%)
     1.006901593            125,066      page-faults                                                 
     1.006901593            124,475      minor-faults                                                
     1.006901593                498      major-faults                                                
     1.006901593             12,134      cpu-migrations                                              
     2.019922222      6,024,701,142      L1-dcache-loads                                               (36.38%)
     2.019922222        704,982,237      L1-dcache-load-misses     #   11.70% of all L1-dcache accesses  (36.42%)
     2.019922222    <not supported>      L1-icache-loads                                             
     2.019922222        570,177,633      L1-icache-load-misses                                         (36.42%)
     2.019922222        209,562,346      LLC-loads                                                     (36.42%)
     2.019922222         74,099,452      LLC-load-misses           #   35.36% of all LL-cache accesses  (36.37%)
     2.019922222        116,664,942      LLC-stores                                                    (18.16%)
     2.019922222         38,919,461      LLC-store-misses                                              (18.16%)
     2.019922222      6,206,709,655      dTLB-loads                                                    (27.25%)
     2.019922222          2,385,556      dTLB-load-misses          #    0.04% of all dTLB cache accesses  (36.33%)
     2.019922222        144,247,400      iTLB-loads                                                    (36.33%)
     2.019922222            818,063      iTLB-load-misses          #    0.57% of all iTLB cache accesses  (36.33%)
     2.019922222             71,223      page-faults                                                 
     2.019922222             71,098      minor-faults                                                
     2.019922222                  1      major-faults                                                
     2.019922222              1,322      cpu-migrations                                              
     3.022862966      4,987,594,410      L1-dcache-loads                                               (35.83%)
     3.022862966        384,648,037      L1-dcache-load-misses     #    7.71% of all L1-dcache accesses  (35.79%)
     3.022862966    <not supported>      L1-icache-loads                                             
     3.022862966        526,222,179      L1-icache-load-misses                                         (35.94%)
     3.022862966        158,551,599      LLC-loads                                                     (36.34%)
     3.022862966         51,637,604      LLC-load-misses           #   32.57% of all LL-cache accesses  (36.65%)
     3.022862966         76,311,266      LLC-stores                                                    (18.35%)
     3.022862966         25,530,366      LLC-store-misses                                              (18.35%)
     3.022862966      4,826,034,230      dTLB-loads                                                    (27.52%)
     3.022862966            794,917      dTLB-load-misses          #    0.02% of all dTLB cache accesses  (36.69%)
     3.022862966        143,796,048      iTLB-loads                                                    (36.54%)
     3.022862966            737,379      iTLB-load-misses          #    0.51% of all iTLB cache accesses  (36.14%)
     3.022862966             22,290      page-faults                                                 
     3.022862966             22,217      minor-faults                                                
     3.022862966                  1      major-faults                                                
     3.022862966                248      cpu-migrations                                              
     4.026089591      4,401,822,803      L1-dcache-loads                                               (36.05%)
     4.026089591        346,323,081      L1-dcache-load-misses     #    7.87% of all L1-dcache accesses  (36.44%)
     4.026089591    <not supported>      L1-icache-loads                                             
     4.026089591        428,747,553      L1-icache-load-misses                                         (36.68%)
     4.026089591        151,289,697      LLC-loads                                                     (36.69%)
     4.026089591         47,794,023      LLC-load-misses           #   31.59% of all LL-cache accesses  (36.69%)
     4.026089591         68,986,243      LLC-stores                                                    (18.34%)
     4.026089591         24,042,913      LLC-store-misses                                              (18.32%)
     4.026089591      4,396,497,673      dTLB-loads                                                    (27.27%)
     4.026089591          1,874,759      dTLB-load-misses          #    0.04% of all dTLB cache accesses  (36.04%)
     4.026089591        141,527,366      iTLB-loads                                                    (35.80%)
     4.026089591            248,469      iTLB-load-misses          #    0.18% of all iTLB cache accesses  (35.82%)
     4.026089591             74,015      page-faults                                                 
     4.026089591             73,862      minor-faults                                                
     4.026089591                  6      major-faults                                                
     4.026089591                142      cpu-migrations                                              
     5.029063829      4,187,303,619      L1-dcache-loads                                               (36.69%)
     5.029063829        314,860,400      L1-dcache-load-misses     #    7.52% of all L1-dcache accesses  (36.69%)
     5.029063829    <not supported>      L1-icache-loads                                             
     5.029063829        414,398,660      L1-icache-load-misses                                         (36.69%)
     5.029063829        133,309,857      LLC-loads                                                     (36.69%)
     5.029063829         43,298,057      LLC-load-misses           #   32.48% of all LL-cache accesses  (36.64%)
     5.029063829         62,654,323      LLC-stores                                                    (18.00%)
     5.029063829         21,626,041      LLC-store-misses                                              (17.68%)
     5.029063829      4,229,293,238      dTLB-loads                                                    (26.67%)
     5.029063829          1,899,162      dTLB-load-misses          #    0.04% of all dTLB cache accesses  (35.85%)
     5.029063829        137,508,549      iTLB-loads                                                    (36.14%)
     5.029063829            478,664      iTLB-load-misses          #    0.35% of all iTLB cache accesses  (36.51%)
     5.029063829             64,736      page-faults                                                 
     5.029063829             64,590      minor-faults                                                
     5.029063829                  5      major-faults                                                
     5.029063829                178      cpu-migrations                                              
     6.031988473      4,797,600,493      L1-dcache-loads                                               (36.69%)
     6.031988473        322,133,302      L1-dcache-load-misses     #    6.71% of all L1-dcache accesses  (36.69%)
     6.031988473    <not supported>      L1-icache-loads                                             
     6.031988473        428,942,779      L1-icache-load-misses                                         (36.60%)
     6.031988473        122,637,953      LLC-loads                                                     (36.24%)
     6.031988473         39,495,374      LLC-load-misses           #   32.20% of all LL-cache accesses  (35.90%)
     6.031988473         69,190,821      LLC-stores                                                    (17.89%)
     6.031988473         23,911,897      LLC-store-misses                                              (18.24%)
     6.031988473      4,805,211,763      dTLB-loads                                                    (27.41%)
     6.031988473            695,047      dTLB-load-misses          #    0.01% of all dTLB cache accesses  (36.58%)
     6.031988473        156,440,833      iTLB-loads                                                    (36.69%)
     6.031988473            743,690      iTLB-load-misses          #    0.48% of all iTLB cache accesses  (36.69%)
     6.031988473              2,753      page-faults                                                 
     6.031988473              2,613      minor-faults                                                
     6.031988473                  3      major-faults                                                
     6.031988473                232      cpu-migrations                                              
     7.034866207      4,801,707,911      L1-dcache-loads                                               (36.47%)
     7.034866207        319,708,914      L1-dcache-load-misses     #    6.66% of all L1-dcache accesses  (36.36%)
     7.034866207    <not supported>      L1-icache-loads                                             
     7.034866207        411,920,590      L1-icache-load-misses                                         (36.17%)
     7.034866207        117,092,608      LLC-loads                                                     (36.13%)
     7.034866207         38,716,856      LLC-load-misses           #   33.07% of all LL-cache accesses  (36.15%)
     7.034866207         71,494,713      LLC-stores                                                    (18.25%)
     7.034866207         23,865,908      LLC-store-misses                                              (18.25%)
     7.034866207      4,709,459,644      dTLB-loads                                                    (27.37%)
     7.034866207             90,979      dTLB-load-misses          #    0.00% of all dTLB cache accesses  (36.50%)
     7.034866207        155,163,795      iTLB-loads                                                    (36.50%)
     7.034866207          5,188,933      iTLB-load-misses          #    3.34% of all iTLB cache accesses  (36.50%)
     7.034866207              4,879      page-faults                                                 
     7.034866207              4,740      minor-faults                                                
     7.034866207                  0      major-faults                                                
     7.034866207                317      cpu-migrations                                              
     8.045555841      4,393,761,157      L1-dcache-loads                                               (36.44%)
     8.045555841        295,392,020      L1-dcache-load-misses     #    6.72% of all L1-dcache accesses  (36.38%)
     8.045555841    <not supported>      L1-icache-loads                                             
     8.045555841        370,703,312      L1-icache-load-misses                                         (36.26%)
     8.045555841        118,935,445      LLC-loads                                                     (36.26%)
     8.045555841         37,832,037      LLC-load-misses           #   31.81% of all LL-cache accesses  (36.24%)
     8.045555841         63,085,090      LLC-stores                                                    (18.21%)
     8.045555841         22,010,017      LLC-store-misses                                              (18.21%)
     8.045555841      4,401,840,599      dTLB-loads                                                    (27.32%)
     8.045555841            136,819      dTLB-load-misses          #    0.00% of all dTLB cache accesses  (36.42%)
     8.045555841        150,277,429      iTLB-loads                                                    (36.42%)
     8.045555841            148,454      iTLB-load-misses          #    0.10% of all iTLB cache accesses  (36.42%)
     8.045555841                344      page-faults                                                 
     8.045555841                197      minor-faults                                                
     8.045555841                  0      major-faults                                                
     8.045555841                241      cpu-migrations                                              
     9.053867674      4,167,475,972      L1-dcache-loads                                               (36.03%)
     9.053867674        309,185,465      L1-dcache-load-misses     #    7.42% of all L1-dcache accesses  (35.81%)
     9.053867674    <not supported>      L1-icache-loads                                             
     9.053867674        354,035,493      L1-icache-load-misses                                         (35.83%)
     9.053867674        134,661,929      LLC-loads                                                     (36.07%)
     9.053867674         43,875,553      LLC-load-misses           #   32.58% of all LL-cache accesses  (36.46%)
     9.053867674         65,220,134      LLC-stores                                                    (18.34%)
     9.053867674         22,806,008      LLC-store-misses                                              (18.34%)
     9.053867674      4,172,272,737      dTLB-loads                                                    (27.51%)
     9.053867674            357,720      dTLB-load-misses          #    0.01% of all dTLB cache accesses  (36.68%)
     9.053867674        141,075,528      iTLB-loads                                                    (36.66%)
     9.053867674            212,565      iTLB-load-misses          #    0.15% of all iTLB cache accesses  (36.42%)
     9.053867674              6,658      page-faults                                                 
     9.053867674              6,590      minor-faults                                                
     9.053867674                  0      major-faults                                                
     9.053867674                242      cpu-migrations                                              
    10.055990577      4,556,801,832      L1-dcache-loads                                               (35.83%)
    10.055990577        313,031,135      L1-dcache-load-misses     #    6.87% of all L1-dcache accesses  (36.19%)
    10.055990577    <not supported>      L1-icache-loads                                             
    10.055990577        440,850,293      L1-icache-load-misses                                         (36.56%)
    10.055990577        115,933,244      LLC-loads                                                     (36.72%)
    10.055990577         38,651,026      LLC-load-misses           #   33.34% of all LL-cache accesses  (36.72%)
    10.055990577         66,267,451      LLC-stores                                                    (18.36%)
    10.055990577         21,961,063      LLC-store-misses                                              (18.36%)
    10.055990577      4,639,632,581      dTLB-loads                                                    (27.45%)
    10.055990577          3,370,175      dTLB-load-misses          #    0.07% of all dTLB cache accesses  (36.27%)
    10.055990577        155,914,553      iTLB-loads                                                    (35.90%)
    10.055990577            211,319      iTLB-load-misses          #    0.14% of all iTLB cache accesses  (35.73%)
    10.055990577            148,783      page-faults                                                 
    10.055990577            148,638      minor-faults                                                
    10.055990577                  1      major-faults                                                
    10.055990577                254      cpu-migrations                                              
    11.063991361      5,379,755,323      L1-dcache-loads                                               (36.58%)
    11.063991361        287,651,842      L1-dcache-load-misses     #    5.35% of all L1-dcache accesses  (36.36%)
    11.063991361    <not supported>      L1-icache-loads                                             
    11.063991361        438,287,100      L1-icache-load-misses                                         (36.26%)
    11.063991361         87,278,309      LLC-loads                                                     (36.26%)
    11.063991361         28,819,124      LLC-load-misses           #   33.02% of all LL-cache accesses  (36.26%)
    11.063991361         68,241,786      LLC-stores                                                    (18.13%)
    11.063991361         22,270,890      LLC-store-misses                                              (18.13%)
    11.063991361      5,387,102,158      dTLB-loads                                                    (27.17%)
    11.063991361            108,313      dTLB-load-misses          #    0.00% of all dTLB cache accesses  (36.45%)
    11.063991361        185,630,548      iTLB-loads                                                    (36.55%)
    11.063991361            250,034      iTLB-load-misses          #    0.13% of all iTLB cache accesses  (36.55%)
    11.063991361              2,237      page-faults                                                 
    11.063991361              2,033      minor-faults                                                
    11.063991361                  5      major-faults                                                
    11.063991361                201      cpu-migrations                                              
    12.077444701      5,311,284,691      L1-dcache-loads                                               (36.20%)
    12.077444701        279,124,212      L1-dcache-load-misses     #    5.26% of all L1-dcache accesses  (36.46%)
    12.077444701    <not supported>      L1-icache-loads                                             
    12.077444701        433,152,798      L1-icache-load-misses                                         (36.56%)
    12.077444701         90,119,746      LLC-loads                                                     (36.56%)
    12.077444701         29,712,791      LLC-load-misses           #   32.97% of all LL-cache accesses  (36.56%)
    12.077444701         64,933,131      LLC-stores                                                    (18.28%)
    12.077444701         21,277,373      LLC-store-misses                                              (18.24%)
    12.077444701      5,296,780,961      dTLB-loads                                                    (27.24%)
    12.077444701            218,075      dTLB-load-misses          #    0.00% of all dTLB cache accesses  (36.12%)
    12.077444701        182,243,975      iTLB-loads                                                    (36.02%)
    12.077444701            555,976      iTLB-load-misses          #    0.31% of all iTLB cache accesses  (36.06%)
    12.077444701                902      page-faults                                                 
    12.077444701                763      minor-faults                                                
    12.077444701                  0      major-faults                                                
    12.077444701                238      cpu-migrations                                              
    13.079988551      5,330,660,863      L1-dcache-loads                                               (36.71%)
    13.079988551        279,866,795      L1-dcache-load-misses     #    5.25% of all L1-dcache accesses  (36.71%)
    13.079988551    <not supported>      L1-icache-loads                                             
    13.079988551        410,562,497      L1-icache-load-misses                                         (36.71%)
    13.079988551         86,727,694      LLC-loads                                                     (36.71%)
    13.079988551         28,983,980      LLC-load-misses           #   33.42% of all LL-cache accesses  (36.62%)
    13.079988551         65,475,381      LLC-stores                                                    (17.91%)
    13.079988551         21,522,226      LLC-store-misses                                              (17.64%)
    13.079988551      5,281,571,929      dTLB-loads                                                    (26.68%)
    13.079988551            180,552      dTLB-load-misses          #    0.00% of all dTLB cache accesses  (35.85%)
    13.079988551        172,039,404      iTLB-loads                                                    (36.21%)
    13.079988551          8,504,055      iTLB-load-misses          #    4.94% of all iTLB cache accesses  (36.57%)
    13.079988551                726      page-faults                                                 
    13.079988551                588      minor-faults                                                
    13.079988551                  7      major-faults                                                
    13.079988551                267      cpu-migrations                                              
    14.082867561      5,280,540,039      L1-dcache-loads                                               (36.69%)
    14.082867561        284,801,548      L1-dcache-load-misses     #    5.39% of all L1-dcache accesses  (36.69%)
    14.082867561    <not supported>      L1-icache-loads                                             
    14.082867561        405,155,672      L1-icache-load-misses                                         (36.53%)
    14.082867561         91,569,565      LLC-loads                                                     (36.13%)
    14.082867561         30,329,783      LLC-load-misses           #   33.12% of all LL-cache accesses  (35.83%)
    14.082867561         64,745,446      LLC-stores                                                    (18.00%)
    14.082867561         21,159,762      LLC-store-misses                                              (18.31%)
    14.082867561      5,249,814,702      dTLB-loads                                                    (27.48%)
    14.082867561            188,546      dTLB-load-misses          #    0.00% of all dTLB cache accesses  (36.65%)
    14.082867561        171,650,740      iTLB-loads                                                    (36.69%)
    14.082867561          8,410,111      iTLB-load-misses          #    4.90% of all iTLB cache accesses  (36.69%)
    14.082867561                204      page-faults                                                 
    14.082867561                 61      minor-faults                                                
    14.082867561                  0      major-faults                                                
    14.082867561                263      cpu-migrations                                              
    15.085982304      5,272,653,723      L1-dcache-loads                                               (36.40%)
    15.085982304        282,527,446      L1-dcache-load-misses     #    5.36% of all L1-dcache accesses  (36.18%)
    15.085982304    <not supported>      L1-icache-loads                                             
    15.085982304        403,810,794      L1-icache-load-misses                                         (36.08%)
    15.085982304         93,139,795      LLC-loads                                                     (36.16%)
    15.085982304         30,493,568      LLC-load-misses           #   32.74% of all LL-cache accesses  (36.24%)
    15.085982304         65,627,071      LLC-stores                                                    (18.24%)
    15.085982304         21,360,083      LLC-store-misses                                              (18.24%)
    15.085982304      5,273,791,907      dTLB-loads                                                    (27.36%)
    15.085982304            202,131      dTLB-load-misses          #    0.00% of all dTLB cache accesses  (36.48%)
    15.085982304        171,629,930      iTLB-loads                                                    (36.48%)
    15.085982304          8,374,784      iTLB-load-misses          #    4.88% of all iTLB cache accesses  (36.48%)
    15.085982304                640      page-faults                                                 
    15.085982304                437      minor-faults                                                
    15.085982304                  0      major-faults                                                
    15.085982304                291      cpu-migrations                                              
    16.111989160      5,386,003,960      L1-dcache-loads                                               (36.14%)
    16.111989160        286,387,512      L1-dcache-load-misses     #    5.32% of all L1-dcache accesses  (36.36%)
    16.111989160    <not supported>      L1-icache-loads                                             
    16.111989160        411,168,246      L1-icache-load-misses                                         (36.62%)
    16.111989160         90,896,687      LLC-loads                                                     (36.84%)
    16.111989160         30,041,631      LLC-load-misses           #   33.05% of all LL-cache accesses  (36.81%)
    16.111989160         66,655,273      LLC-stores                                                    (18.07%)
    16.111989160         21,712,905      LLC-store-misses                                              (18.03%)
    16.111989160      5,404,864,851      dTLB-loads                                                    (27.05%)
    16.111989160            113,189      dTLB-load-misses          #    0.00% of all dTLB cache accesses  (36.07%)
    16.111989160        175,543,488      iTLB-loads                                                    (36.07%)
    16.111989160          8,514,760      iTLB-load-misses          #    4.85% of all iTLB cache accesses  (36.07%)
    16.111989160                209      page-faults                                                 
    16.111989160                 58      minor-faults                                                
    16.111989160                  4      major-faults                                                
    16.111989160                269      cpu-migrations                                              
    17.114860586      5,249,723,308      L1-dcache-loads                                               (36.70%)
    17.114860586        282,659,608      L1-dcache-load-misses     #    5.38% of all L1-dcache accesses  (36.53%)
    17.114860586    <not supported>      L1-icache-loads                                             
    17.114860586        398,910,431      L1-icache-load-misses                                         (36.13%)
    17.114860586         90,135,733      LLC-loads                                                     (35.82%)
    17.114860586         29,917,584      LLC-load-misses           #   33.19% of all LL-cache accesses  (35.78%)
    17.114860586         65,482,865      LLC-stores                                                    (18.31%)
    17.114860586         21,299,118      LLC-store-misses                                              (18.35%)
    17.114860586      5,299,314,889      dTLB-loads                                                    (27.52%)
    17.114860586             89,725      dTLB-load-misses          #    0.00% of all dTLB cache accesses  (36.70%)
    17.114860586        172,952,563      iTLB-loads                                                    (36.70%)
    17.114860586          8,468,157      iTLB-load-misses          #    4.90% of all iTLB cache accesses  (36.70%)
    17.114860586                154      page-faults                                                 
    17.114860586                  9      minor-faults                                                
    17.114860586                  0      major-faults                                                
    17.114860586                237      cpu-migrations                                              
    18.117995256      5,293,929,041      L1-dcache-loads                                               (36.03%)
    18.117995256        280,207,043      L1-dcache-load-misses     #    5.29% of all L1-dcache accesses  (35.80%)
    18.117995256    <not supported>      L1-icache-loads                                             
    18.117995256        397,615,052      L1-icache-load-misses                                         (35.82%)
    18.117995256         89,164,280      LLC-loads                                                     (36.05%)
    18.117995256         29,590,967      LLC-load-misses           #   33.19% of all LL-cache accesses  (36.45%)
    18.117995256         65,447,755      LLC-stores                                                    (18.34%)
    18.117995256         21,237,714      LLC-store-misses                                              (18.34%)
    18.117995256      5,303,381,363      dTLB-loads                                                    (27.51%)
    18.117995256             90,801      dTLB-load-misses          #    0.00% of all dTLB cache accesses  (36.69%)
    18.117995256        173,260,454      iTLB-loads                                                    (36.66%)
    18.117995256          8,354,352      iTLB-load-misses          #    4.82% of all iTLB cache accesses  (36.43%)
    18.117995256                167      page-faults                                                 
    18.117995256                 29      minor-faults                                                
    18.117995256                  0      major-faults                                                
    18.117995256                224      cpu-migrations                                              
    19.121103721      5,279,531,433      L1-dcache-loads                                               (35.85%)
    19.121103721        279,837,423      L1-dcache-load-misses     #    5.30% of all L1-dcache accesses  (36.14%)
    19.121103721    <not supported>      L1-icache-loads                                             
    19.121103721        396,876,051      L1-icache-load-misses                                         (36.52%)
    19.121103721         89,666,371      LLC-loads                                                     (36.69%)
    19.121103721         29,668,768      LLC-load-misses           #   33.09% of all LL-cache accesses  (36.69%)
    19.121103721         65,014,235      LLC-stores                                                    (18.34%)
    19.121103721         21,088,391      LLC-store-misses                                              (18.34%)
    19.121103721      5,291,053,452      dTLB-loads                                                    (27.46%)
    19.121103721            103,184      dTLB-load-misses          #    0.00% of all dTLB cache accesses  (36.35%)
    19.121103721        171,584,740      iTLB-loads                                                    (35.97%)
    19.121103721          8,306,992      iTLB-load-misses          #    4.84% of all iTLB cache accesses  (35.80%)
    19.121103721                209      page-faults                                                 
    19.121103721                  6      minor-faults                                                
    19.121103721                  0      major-faults                                                
    19.121103721                270      cpu-migrations                                              
    20.123991911      5,283,133,971      L1-dcache-loads                                               (36.58%)
    20.123991911        283,199,549      L1-dcache-load-misses     #    5.36% of all L1-dcache accesses  (36.69%)
    20.123991911    <not supported>      L1-icache-loads                                             
    20.123991911        399,436,397      L1-icache-load-misses                                         (36.69%)
    20.123991911         91,449,334      LLC-loads                                                     (36.69%)
    20.123991911         30,106,992      LLC-load-misses           #   32.92% of all LL-cache accesses  (36.69%)
    20.123991911         63,735,602      LLC-stores                                                    (18.26%)
    20.123991911         20,723,178      LLC-store-misses                                              (17.90%)
    20.123991911      5,200,659,716      dTLB-loads                                                    (26.73%)
    20.123991911            184,078      dTLB-load-misses          #    0.00% of all dTLB cache accesses  (35.79%)
    20.123991911        170,402,983      iTLB-loads                                                    (35.88%)
    20.123991911          8,333,227      iTLB-load-misses          #    4.89% of all iTLB cache accesses  (36.23%)
    20.123991911                143      page-faults                                                 
    20.123991911                  5      minor-faults                                                
    20.123991911                  0      major-faults                                                
    20.123991911                186      cpu-migrations                                              
    21.134867227      5,306,212,930      L1-dcache-loads                                               (36.40%)
    21.134867227        284,241,375      L1-dcache-load-misses     #    5.36% of all L1-dcache accesses  (36.40%)
    21.134867227    <not supported>      L1-icache-loads                                             
    21.134867227        402,119,099      L1-icache-load-misses                                         (36.40%)
    21.134867227         91,556,454      LLC-loads                                                     (36.40%)
    21.134867227         30,130,583      LLC-load-misses           #   32.91% of all LL-cache accesses  (36.40%)
    21.134867227         66,124,452      LLC-stores                                                    (18.13%)
    21.134867227         21,450,026      LLC-store-misses                                              (18.09%)
    21.134867227      5,286,882,996      dTLB-loads                                                    (27.19%)
    21.134867227            186,716      dTLB-load-misses          #    0.00% of all dTLB cache accesses  (36.29%)
    21.134867227        171,915,825      iTLB-loads                                                    (36.36%)
    21.134867227          8,434,841      iTLB-load-misses          #    4.91% of all iTLB cache accesses  (36.40%)
    21.134867227                149      page-faults                                                 
    21.134867227                  3      minor-faults                                                
    21.134867227                  5      major-faults                                                
    21.134867227                207      cpu-migrations                                              
    22.137994016      5,263,590,748      L1-dcache-loads                                               (36.40%)
    22.137994016        282,417,282      L1-dcache-load-misses     #    5.37% of all L1-dcache accesses  (36.40%)
    22.137994016    <not supported>      L1-icache-loads                                             
    22.137994016        405,106,114      L1-icache-load-misses                                         (36.40%)
    22.137994016         90,708,599      LLC-loads                                                     (36.34%)
    22.137994016         30,119,653      LLC-load-misses           #   33.20% of all LL-cache accesses  (36.16%)
    22.137994016         65,869,798      LLC-stores                                                    (18.00%)
    22.137994016         21,470,855      LLC-store-misses                                              (18.34%)
    22.137994016      5,352,022,812      dTLB-loads                                                    (27.44%)
    22.137994016            128,209      dTLB-load-misses          #    0.00% of all dTLB cache accesses  (36.54%)
    22.137994016        172,339,650      iTLB-loads                                                    (36.57%)
    22.137994016          8,395,523      iTLB-load-misses          #    4.87% of all iTLB cache accesses  (36.40%)
    22.137994016                223      page-faults                                                 
    22.137994016                  3      minor-faults                                                
    22.137994016                  0      major-faults                                                
    22.137994016                232      cpu-migrations                                              
    23.155988468      5,348,143,194      L1-dcache-loads                                               (36.43%)
    23.155988468        281,797,165      L1-dcache-load-misses     #    5.27% of all L1-dcache accesses  (36.43%)
    23.155988468    <not supported>      L1-icache-loads                                             
    23.155988468        408,821,299      L1-icache-load-misses                                         (36.43%)
    23.155988468         87,991,997      LLC-loads                                                     (36.49%)
    23.155988468         29,679,168      LLC-load-misses           #   33.73% of all LL-cache accesses  (36.59%)
    23.155988468         65,726,366      LLC-stores                                                    (18.14%)
    23.155988468         21,392,319      LLC-store-misses                                              (17.88%)
    23.155988468      5,344,587,159      dTLB-loads                                                    (26.99%)
    23.155988468             96,755      dTLB-load-misses          #    0.00% of all dTLB cache accesses  (36.09%)
    23.155988468        175,121,710      iTLB-loads                                                    (36.26%)
    23.155988468          8,439,747      iTLB-load-misses          #    4.82% of all iTLB cache accesses  (36.43%)
    23.155988468                139      page-faults                                                 
    23.155988468                  6      minor-faults                                                
    23.155988468                  0      major-faults                                                
    23.155988468                251      cpu-migrations                                              
    24.158863244      5,293,336,233      L1-dcache-loads                                               (36.70%)
    24.158863244        289,407,181      L1-dcache-load-misses     #    5.47% of all L1-dcache accesses  (36.70%)
    24.158863244    <not supported>      L1-icache-loads                                             
    24.158863244        424,075,714      L1-icache-load-misses                                         (36.53%)
    24.158863244         91,740,984      LLC-loads                                                     (36.13%)
    24.158863244         30,226,247      LLC-load-misses           #   32.95% of all LL-cache accesses  (35.82%)
    24.158863244         65,879,642      LLC-stores                                                    (18.00%)
    24.158863244         21,718,971      LLC-store-misses                                              (18.31%)
    24.158863244      5,302,212,429      dTLB-loads                                                    (27.48%)
    24.158863244          1,292,717      dTLB-load-misses          #    0.02% of all dTLB cache accesses  (36.66%)
    24.158863244        173,269,095      iTLB-loads                                                    (36.70%)
    24.158863244          8,304,804      iTLB-load-misses          #    4.79% of all iTLB cache accesses  (36.70%)
    24.158863244             57,158      page-faults                                                 
    24.158863244             57,018      minor-faults                                                
    24.158863244                  0      major-faults                                                
    24.158863244                235      cpu-migrations                                              
    25.161972574      5,336,413,369      L1-dcache-loads                                               (36.43%)
    25.161972574        300,296,375      L1-dcache-load-misses     #    5.63% of all L1-dcache accesses  (36.03%)
    25.161972574    <not supported>      L1-icache-loads                                             
    25.161972574        445,881,539      L1-icache-load-misses                                         (35.80%)
    25.161972574         91,257,147      LLC-loads                                                     (35.82%)
    25.161972574         29,835,544      LLC-load-misses           #   32.69% of all LL-cache accesses  (36.05%)
    25.161972574         65,404,344      LLC-stores                                                    (18.34%)
    25.161972574         21,782,617      LLC-store-misses                                              (18.34%)
    25.161972574      5,315,711,520      dTLB-loads                                                    (27.51%)
    25.161972574          2,167,965      dTLB-load-misses          #    0.04% of all dTLB cache accesses  (36.69%)
    25.161972574        172,764,081      iTLB-loads                                                    (36.69%)
    25.161972574          8,415,098      iTLB-load-misses          #    4.87% of all iTLB cache accesses  (36.66%)
    25.161972574             98,066      page-faults                                                 
    25.161972574             97,927      minor-faults                                                
    25.161972574                  0      major-faults                                                
    25.161972574                237      cpu-migrations                                              
#           time             counts unit events
    26.173087986      5,860,563,450      L1-dcache-loads                                               (36.31%)
    26.173087986        446,408,999      L1-dcache-load-misses     #    7.62% of all L1-dcache accesses  (36.31%)
    26.173087986    <not supported>      L1-icache-loads                                             
    26.173087986        722,080,747      L1-icache-load-misses                                         (36.31%)
    26.173087986        101,312,498      LLC-loads                                                     (36.34%)
    26.173087986         34,746,275      LLC-load-misses           #   34.30% of all LL-cache accesses  (36.40%)
    26.173087986         71,595,001      LLC-stores                                                    (18.20%)
    26.173087986         23,190,414      LLC-store-misses                                              (18.20%)
    26.173087986      5,790,170,036      dTLB-loads                                                    (27.30%)
    26.173087986            469,399      dTLB-load-misses          #    0.01% of all dTLB cache accesses  (36.40%)
    26.173087986        237,225,377      iTLB-loads                                                    (36.40%)
    26.173087986         22,171,234      iTLB-load-misses          #    9.35% of all iTLB cache accesses  (36.36%)
    26.173087986              4,101      page-faults                                                 
    26.173087986              3,891      minor-faults                                                
    26.173087986                  5      major-faults                                                
    26.173087986                365      cpu-migrations                                              
    27.175989429      6,554,440,881      L1-dcache-loads                                               (35.78%)
    27.175989429        653,720,449      L1-dcache-load-misses     #    9.97% of all L1-dcache accesses  (35.88%)
    27.175989429    <not supported>      L1-icache-loads                                             
    27.175989429      1,197,451,559      L1-icache-load-misses                                         (36.24%)
    27.175989429        113,695,774      LLC-loads                                                     (36.59%)
    27.175989429         41,049,707      LLC-load-misses           #   36.10% of all LL-cache accesses  (36.69%)
    27.175989429         77,786,480      LLC-stores                                                    (18.35%)
    27.175989429         25,406,259      LLC-store-misses                                              (18.35%)
    27.175989429      6,525,613,673      dTLB-loads                                                    (27.52%)
    27.175989429            635,808      dTLB-load-misses          #    0.01% of all dTLB cache accesses  (36.60%)
    27.175989429        337,706,837      iTLB-loads                                                    (36.24%)
    27.175989429         40,648,430      iTLB-load-misses          #   12.04% of all iTLB cache accesses  (35.89%)
    27.175989429                192      page-faults                                                 
    27.175989429                 61      minor-faults                                                
    27.175989429                  0      major-faults                                                
    27.175989429                177      cpu-migrations                                              
    28.178868845      6,527,234,474      L1-dcache-loads                                               (36.35%)
    28.178868845        655,702,200      L1-dcache-load-misses     #   10.05% of all L1-dcache accesses  (36.66%)
    28.178868845    <not supported>      L1-icache-loads                                             
    28.178868845      1,188,235,475      L1-icache-load-misses                                         (36.69%)
    28.178868845        115,567,898      LLC-loads                                                     (36.69%)
    28.178868845         41,558,907      LLC-load-misses           #   35.96% of all LL-cache accesses  (36.69%)
    28.178868845         78,656,871      LLC-stores                                                    (18.35%)
    28.178868845         25,721,807      LLC-store-misses                                              (18.18%)
    28.178868845      6,567,089,202      dTLB-loads                                                    (26.95%)
    28.178868845            630,077      dTLB-load-misses          #    0.01% of all dTLB cache accesses  (35.82%)
    28.178868845        336,734,521      iTLB-loads                                                    (35.79%)
    28.178868845         41,010,975      iTLB-load-misses          #   12.18% of all iTLB cache accesses  (35.95%)
    28.178868845                175      page-faults                                                 
    28.178868845                 42      minor-faults                                                
    28.178868845                  0      major-faults                                                
    28.178868845                228      cpu-migrations                                              
    29.181806775      6,547,779,289      L1-dcache-loads                                               (36.69%)
    29.181806775        655,104,870      L1-dcache-load-misses     #   10.00% of all L1-dcache accesses  (36.69%)
    29.181806775    <not supported>      L1-icache-loads                                             
    29.181806775      1,185,276,618      L1-icache-load-misses                                         (36.69%)
    29.181806775        115,248,412      LLC-loads                                                     (36.66%)
    29.181806775         41,376,953      LLC-load-misses           #   35.90% of all LL-cache accesses  (36.42%)
    29.181806775         77,884,801      LLC-stores                                                    (17.70%)
    29.181806775         25,516,725      LLC-store-misses                                              (17.72%)
    29.181806775      6,524,618,235      dTLB-loads                                                    (26.89%)
    29.181806775            542,776      dTLB-load-misses          #    0.01% of all dTLB cache accesses  (36.06%)
    29.181806775        337,894,026      iTLB-loads                                                    (36.46%)
    29.181806775         41,182,484      iTLB-load-misses          #   12.19% of all iTLB cache accesses  (36.69%)
    29.181806775                134      page-faults                                                 
    29.181806775                 10      minor-faults                                                
    29.181806775                  0      major-faults                                                
    29.181806775                163      cpu-migrations                                              
    30.183996252      6,521,387,989      L1-dcache-loads                                               (36.72%)
    30.183996252        658,123,178      L1-dcache-load-misses     #   10.09% of all L1-dcache accesses  (36.63%)
    30.183996252    <not supported>      L1-icache-loads                                             
    30.183996252      1,186,570,009      L1-icache-load-misses                                         (36.27%)
    30.183996252        116,531,414      LLC-loads                                                     (35.90%)
    30.183996252         41,936,505      LLC-load-misses           #   35.99% of all LL-cache accesses  (35.74%)
    30.183996252         78,475,939      LLC-stores                                                    (18.20%)
    30.183996252         25,616,873      LLC-store-misses                                              (18.36%)
    30.183996252      6,560,619,228      dTLB-loads                                                    (27.54%)
    30.183996252            613,596      dTLB-load-misses          #    0.01% of all dTLB cache accesses  (36.72%)
    30.183996252        335,799,587      iTLB-loads                                                    (36.72%)
    30.183996252         41,110,770      iTLB-load-misses          #   12.24% of all iTLB cache accesses  (36.72%)
    30.183996252                173      page-faults                                                 
    30.183996252                 42      minor-faults                                                
    30.183996252                  0      major-faults                                                
    30.183996252                238      cpu-migrations                                              
    31.194862845      6,580,102,371      L1-dcache-loads                                               (36.40%)
    31.194862845        657,750,346      L1-dcache-load-misses     #   10.00% of all L1-dcache accesses  (36.33%)
    31.194862845    <not supported>      L1-icache-loads                                             
    31.194862845      1,185,097,467      L1-icache-load-misses                                         (36.29%)
    31.194862845        112,307,912      LLC-loads                                                     (36.29%)
    31.194862845         40,828,543      LLC-load-misses           #   36.35% of all LL-cache accesses  (36.29%)
    31.194862845         78,774,469      LLC-stores                                                    (18.20%)
    31.194862845         25,463,394      LLC-store-misses                                              (18.20%)
    31.194862845      6,551,365,565      dTLB-loads                                                    (27.30%)
    31.194862845            636,315      dTLB-load-misses          #    0.01% of all dTLB cache accesses  (36.41%)
    31.194862845        334,688,665      iTLB-loads                                                    (36.41%)
    31.194862845         41,395,607      iTLB-load-misses          #   12.37% of all iTLB cache accesses  (36.41%)
    31.194862845                203      page-faults                                                 
    31.194862845                 20      minor-faults                                                
    31.194862845                  4      major-faults                                                
    31.194862845                215      cpu-migrations                                              
    32.197803787      6,584,938,756      L1-dcache-loads                                               (36.15%)
    32.197803787        657,699,411      L1-dcache-load-misses     #    9.99% of all L1-dcache accesses  (35.97%)
    32.197803787    <not supported>      L1-icache-loads                                             
    32.197803787      1,184,985,788      L1-icache-load-misses                                         (35.98%)
    32.197803787        112,507,979      LLC-loads                                                     (36.11%)
    32.197803787         40,957,903      LLC-load-misses           #   36.40% of all LL-cache accesses  (36.41%)
    32.197803787         78,310,629      LLC-stores                                                    (18.29%)
    32.197803787         25,717,671      LLC-store-misses                                              (18.29%)
    32.197803787      6,587,379,061      dTLB-loads                                                    (27.44%)
    32.197803787            580,474      dTLB-load-misses          #    0.01% of all dTLB cache accesses  (36.59%)
    32.197803787        339,285,000      iTLB-loads                                                    (36.58%)
    32.197803787         41,722,250      iTLB-load-misses          #   12.30% of all iTLB cache accesses  (36.45%)
    32.197803787                561      page-faults                                                 
    32.197803787                452      minor-faults                                                
    32.197803787                  0      major-faults                                                
    32.197803787                177      cpu-migrations                                              
    33.211989941      6,581,795,044      L1-dcache-loads                                               (36.37%)
    33.211989941        664,236,747      L1-dcache-load-misses     #   10.09% of all L1-dcache accesses  (36.32%)
    33.211989941    <not supported>      L1-icache-loads                                             
    33.211989941      1,198,115,682      L1-icache-load-misses                                         (36.31%)
    33.211989941        115,782,771      LLC-loads                                                     (36.27%)
    33.211989941         42,098,333      LLC-load-misses           #   36.36% of all LL-cache accesses  (36.34%)
    33.211989941         78,951,955      LLC-stores                                                    (18.19%)
    33.211989941         25,427,818      LLC-store-misses                                              (18.19%)
    33.211989941      6,627,942,211      dTLB-loads                                                    (27.29%)
    33.211989941            664,507      dTLB-load-misses          #    0.01% of all dTLB cache accesses  (36.39%)
    33.211989941        338,943,963      iTLB-loads                                                    (36.40%)
    33.211989941         41,517,751      iTLB-load-misses          #   12.25% of all iTLB cache accesses  (36.44%)
    33.211989941                174      page-faults                                                 
    33.211989941                 71      minor-faults                                                
    33.211989941                  0      major-faults                                                
    33.211989941                173      cpu-migrations                                              
    34.214863340      6,570,530,685      L1-dcache-loads                                               (35.78%)
    34.214863340        660,030,007      L1-dcache-load-misses     #   10.05% of all L1-dcache accesses  (35.95%)
    34.214863340    <not supported>      L1-icache-loads                                             
    34.214863340      1,189,657,559      L1-icache-load-misses                                         (36.35%)
    34.214863340        114,057,060      LLC-loads                                                     (36.66%)
    34.214863340         41,112,263      LLC-load-misses           #   36.05% of all LL-cache accesses  (36.69%)
    34.214863340         78,344,252      LLC-stores                                                    (18.35%)
    34.214863340         25,714,553      LLC-store-misses                                              (18.35%)
    34.214863340      6,584,996,470      dTLB-loads                                                    (27.52%)
    34.214863340            946,291      dTLB-load-misses          #    0.01% of all dTLB cache accesses  (36.53%)
    34.214863340        337,939,537      iTLB-loads                                                    (36.13%)
    34.214863340         41,497,166      iTLB-load-misses          #   12.28% of all iTLB cache accesses  (35.82%)
    34.214863340             14,164      page-faults                                                 
    34.214863340             14,066      minor-faults                                                
    34.214863340                  0      major-faults                                                
    34.214863340                136      cpu-migrations                                              
    35.217807255      6,573,710,868      L1-dcache-loads                                               (36.46%)
    35.217807255        672,084,833      L1-dcache-load-misses     #   10.22% of all L1-dcache accesses  (36.69%)
    35.217807255    <not supported>      L1-icache-loads                                             
    35.217807255      1,221,992,852      L1-icache-load-misses                                         (36.69%)
    35.217807255        113,084,909      LLC-loads                                                     (36.69%)
    35.217807255         41,155,893      LLC-load-misses           #   36.39% of all LL-cache accesses  (36.69%)
    35.217807255         78,952,884      LLC-stores                                                    (18.32%)
    35.217807255         25,946,169      LLC-store-misses                                              (18.07%)
    35.217807255      6,574,695,673      dTLB-loads                                                    (26.85%)
    35.217807255          2,713,488      dTLB-load-misses          #    0.04% of all dTLB cache accesses  (35.79%)
    35.217807255        335,887,275      iTLB-loads                                                    (35.82%)
    35.217807255         41,099,603      iTLB-load-misses          #   12.24% of all iTLB cache accesses  (36.06%)
    35.217807255             99,610      page-faults                                                 
    35.217807255             99,475      minor-faults                                                
    35.217807255                  0      major-faults                                                
    35.217807255                170      cpu-migrations                                              
    36.219988413      6,573,190,772      L1-dcache-loads                                               (36.72%)
    36.219988413        664,081,625      L1-dcache-load-misses     #   10.10% of all L1-dcache accesses  (36.72%)
    36.219988413    <not supported>      L1-icache-loads                                             
    36.219988413      1,211,061,103      L1-icache-load-misses                                         (36.72%)
    36.219988413        112,519,306      LLC-loads                                                     (36.63%)
    36.219988413         41,004,243      LLC-load-misses           #   36.44% of all LL-cache accesses  (36.26%)
    36.219988413         77,465,558      LLC-stores                                                    (17.63%)
    36.219988413         25,275,027      LLC-store-misses                                              (17.84%)
    36.219988413      6,494,363,365      dTLB-loads                                                    (27.02%)
    36.219988413          1,504,865      dTLB-load-misses          #    0.02% of all dTLB cache accesses  (36.20%)
    36.219988413        334,450,655      iTLB-loads                                                    (36.56%)
    36.219988413         40,980,915      iTLB-load-misses          #   12.25% of all iTLB cache accesses  (36.72%)
    36.219988413             39,169      page-faults                                                 
    36.219988413             39,084      minor-faults                                                
    36.219988413                  4      major-faults                                                
    36.219988413                174      cpu-migrations                                              
    37.222873065      6,557,784,581      L1-dcache-loads                                               (36.69%)
    37.222873065        649,388,623      L1-dcache-load-misses     #    9.90% of all L1-dcache accesses  (36.53%)
    37.222873065    <not supported>      L1-icache-loads                                             
    37.222873065      1,176,534,375      L1-icache-load-misses                                         (36.13%)
    37.222873065        111,574,366      LLC-loads                                                     (35.82%)
    37.222873065         40,579,674      LLC-load-misses           #   36.37% of all LL-cache accesses  (35.79%)
    37.222873065         78,178,367      LLC-stores                                                    (18.31%)
    37.222873065         25,453,521      LLC-store-misses                                              (18.35%)
    37.222873065      6,567,077,618      dTLB-loads                                                    (27.52%)
    37.222873065          2,288,615      dTLB-load-misses          #    0.03% of all dTLB cache accesses  (36.69%)
    37.222873065        329,832,782      iTLB-loads                                                    (36.69%)
    37.222873065         43,621,256      iTLB-load-misses          #   13.23% of all iTLB cache accesses  (36.69%)
    37.222873065              4,008      page-faults                                                 
    37.222873065              3,942      minor-faults                                                
    37.222873065                  1      major-faults                                                
    37.222873065                109      cpu-migrations                                              
    38.225852263      6,039,088,510      L1-dcache-loads                                               (36.02%)
    38.225852263        550,557,089      L1-dcache-load-misses     #    9.12% of all L1-dcache accesses  (35.79%)
    38.225852263    <not supported>      L1-icache-loads                                             
    38.225852263      1,052,239,924      L1-icache-load-misses                                         (35.82%)
    38.225852263        104,161,270      LLC-loads                                                     (36.06%)
    38.225852263         38,030,631      LLC-load-misses           #   36.51% of all LL-cache accesses  (36.46%)
    38.225852263         71,571,593      LLC-stores                                                    (18.35%)
    38.225852263         22,959,553      LLC-store-misses                                              (18.35%)
    38.225852263      6,060,214,180      dTLB-loads                                                    (27.52%)
    38.225852263            784,996      dTLB-load-misses          #    0.01% of all dTLB cache accesses  (36.69%)
    38.225852263        223,383,254      iTLB-loads                                                    (36.66%)
    38.225852263         41,139,496      iTLB-load-misses          #   18.42% of all iTLB cache accesses  (36.42%)
    38.225852263                174      page-faults                                                 
    38.225852263                119      minor-faults                                                
    38.225852263                  0      major-faults                                                
    38.225852263                174      cpu-migrations                                              
    39.228009877      5,543,311,769      L1-dcache-loads                                               (35.83%)
    39.228009877        457,624,131      L1-dcache-load-misses     #    8.26% of all L1-dcache accesses  (36.20%)
    39.228009877    <not supported>      L1-icache-loads                                             
    39.228009877        930,890,056      L1-icache-load-misses                                         (36.57%)
    39.228009877         92,999,762      LLC-loads                                                     (36.72%)
    39.228009877         33,451,530      LLC-load-misses           #   35.97% of all LL-cache accesses  (36.72%)
    39.228009877         63,232,521      LLC-stores                                                    (18.36%)
    39.228009877         18,486,662      LLC-store-misses                                              (18.36%)
    39.228009877      5,575,813,127      dTLB-loads                                                    (27.44%)
    39.228009877            883,489      dTLB-load-misses          #    0.02% of all dTLB cache accesses  (36.26%)
    39.228009877        130,949,707      iTLB-loads                                                    (35.89%)
    39.228009877         38,636,305      iTLB-load-misses          #   29.50% of all iTLB cache accesses  (35.74%)
    39.228009877                558      page-faults                                                 
    39.228009877                523      minor-faults                                                
    39.228009877                  0      major-faults                                                
    39.228009877                 99      cpu-migrations                                              
