randread: (g=0): rw=randread, bs=(R) 4096B-4096B, (W) 4096B-4096B, (T) 4096B-4096B, ioengine=psync, iodepth=1
...
fio-3.16
Starting 32 processes

randread: (groupid=0, jobs=32): err= 0: pid=16680: Wed Oct 29 13:39:29 2025
  read: IOPS=137k, BW=535MiB/s (561MB/s)(4096MiB/7659msec)
    clat (nsec): min=381, max=31517k, avg=223375.44, stdev=1539621.31
     lat (nsec): min=409, max=31517k, avg=223431.51, stdev=1539622.21
    clat percentiles (nsec):
     |  1.00th=[    1048],  5.00th=[    1256], 10.00th=[    1432],
     | 20.00th=[    1752], 30.00th=[    2192], 40.00th=[   32384],
     | 50.00th=[   68096], 60.00th=[   75264], 70.00th=[   82432],
     | 80.00th=[   91648], 90.00th=[  108032], 95.00th=[  132096],
     | 99.00th=[ 7700480], 99.50th=[12517376], 99.90th=[22413312],
     | 99.95th=[24772608], 99.99th=[27394048]
   bw (  KiB/s): min=296033, max=976419, per=99.94%, avg=547281.50, stdev=6188.95, samples=450
   iops        : min=74007, max=244104, avg=136819.62, stdev=1547.24, samples=450
  lat (nsec)   : 500=0.01%, 750=0.01%, 1000=0.52%
  lat (usec)   : 2=26.01%, 4=7.97%, 10=1.69%, 20=1.05%, 50=4.89%
  lat (usec)   : 100=44.08%, 250=11.43%, 500=0.49%, 750=0.17%, 1000=0.06%
  lat (msec)   : 2=0.11%, 4=0.19%, 10=0.54%, 20=0.63%, 50=0.16%
  cpu          : usr=0.52%, sys=3.74%, ctx=740552, majf=0, minf=303
  IO depths    : 1=100.0%, 2=0.0%, 4=0.0%, 8=0.0%, 16=0.0%, 32=0.0%, >=64=0.0%
     submit    : 0=0.0%, 4=100.0%, 8=0.0%, 16=0.0%, 32=0.0%, 64=0.0%, >=64=0.0%
     complete  : 0=0.0%, 4=100.0%, 8=0.0%, 16=0.0%, 32=0.0%, 64=0.0%, >=64=0.0%
     issued rwts: total=1048576,0,0,0 short=0,0,0,0 dropped=0,0,0,0
     latency   : target=0, window=0, percentile=100.00%, depth=1

Run status group 0 (all jobs):
   READ: bw=535MiB/s (561MB/s), 535MiB/s-535MiB/s (561MB/s-561MB/s), io=4096MiB (4295MB), run=7659-7659msec
