randread: (g=0): rw=randread, bs=(R) 4096B-4096B, (W) 4096B-4096B, (T) 4096B-4096B, ioengine=psync, iodepth=1
...
fio-3.16
Starting 16 processes

randread: (groupid=0, jobs=16): err= 0: pid=16561: Wed Oct 29 13:39:20 2025
  read: IOPS=107k, BW=416MiB/s (437MB/s)(2048MiB/4918msec)
    clat (nsec): min=333, max=23062k, avg=143492.30, stdev=880875.38
     lat (nsec): min=360, max=23062k, avg=143553.75, stdev=880876.36
    clat percentiles (nsec):
     |  1.00th=[     996],  5.00th=[    1192], 10.00th=[    1368],
     | 20.00th=[    1656], 30.00th=[    2096], 40.00th=[   30848],
     | 50.00th=[   66048], 60.00th=[   73216], 70.00th=[   81408],
     | 80.00th=[   86528], 90.00th=[   95744], 95.00th=[  110080],
     | 99.00th=[ 4292608], 99.50th=[ 7700480], 99.90th=[11730944],
     | 99.95th=[13303808], 99.99th=[15925248]
   bw (  KiB/s): min=271957, max=656208, per=98.24%, avg=418933.89, stdev=7707.39, samples=143
   iops        : min=67988, max=164052, avg=104733.00, stdev=1926.85, samples=143
  lat (nsec)   : 500=0.01%, 750=0.02%, 1000=1.05%
  lat (usec)   : 2=27.52%, 4=6.13%, 10=1.62%, 20=1.14%, 50=5.13%
  lat (usec)   : 100=49.36%, 250=6.36%, 500=0.17%, 750=0.06%, 1000=0.04%
  lat (msec)   : 2=0.12%, 4=0.25%, 10=0.79%, 20=0.24%, 50=0.01%
  cpu          : usr=0.71%, sys=5.62%, ctx=363907, majf=0, minf=180
  IO depths    : 1=100.0%, 2=0.0%, 4=0.0%, 8=0.0%, 16=0.0%, 32=0.0%, >=64=0.0%
     submit    : 0=0.0%, 4=100.0%, 8=0.0%, 16=0.0%, 32=0.0%, 64=0.0%, >=64=0.0%
     complete  : 0=0.0%, 4=100.0%, 8=0.0%, 16=0.0%, 32=0.0%, 64=0.0%, >=64=0.0%
     issued rwts: total=524288,0,0,0 short=0,0,0,0 dropped=0,0,0,0
     latency   : target=0, window=0, percentile=100.00%, depth=1

Run status group 0 (all jobs):
   READ: bw=416MiB/s (437MB/s), 416MiB/s-416MiB/s (437MB/s-437MB/s), io=2048MiB (2147MB), run=4918-4918msec
