randwrite: (g=0): rw=randwrite, bs=(R) 4096B-4096B, (W) 4096B-4096B, (T) 4096B-4096B, ioengine=psync, iodepth=1
...
fio-3.16
Starting 8 processes

randwrite: (groupid=0, jobs=8): err= 0: pid=18062: Wed Oct 29 13:39:49 2025
  write: IOPS=264k, BW=1031MiB/s (1081MB/s)(1024MiB/993msec); 0 zone resets
    clat (usec): min=8, max=11201, avg=21.15, stdev=46.41
     lat (usec): min=8, max=11201, avg=21.22, stdev=46.41
    clat percentiles (usec):
     |  1.00th=[   11],  5.00th=[   13], 10.00th=[   14], 20.00th=[   15],
     | 30.00th=[   16], 40.00th=[   18], 50.00th=[   19], 60.00th=[   21],
     | 70.00th=[   23], 80.00th=[   26], 90.00th=[   31], 95.00th=[   36],
     | 99.00th=[   48], 99.50th=[   55], 99.90th=[   77], 99.95th=[   87],
     | 99.99th=[  424]
   bw (  MiB/s): min= 1447, max= 1447, per=100.00%, avg=1447.76, stdev= 0.00, samples=8
   iops        : min=370626, max=370626, avg=370626.00, stdev= 0.00, samples=8
  lat (usec)   : 10=0.17%, 20=55.88%, 50=43.20%, 100=0.73%, 250=0.01%
  lat (usec)   : 500=0.01%, 750=0.01%, 1000=0.01%
  lat (msec)   : 2=0.01%, 4=0.01%, 10=0.01%, 20=0.01%
  cpu          : usr=2.87%, sys=46.95%, ctx=259728, majf=0, minf=66
  IO depths    : 1=100.0%, 2=0.0%, 4=0.0%, 8=0.0%, 16=0.0%, 32=0.0%, >=64=0.0%
     submit    : 0=0.0%, 4=100.0%, 8=0.0%, 16=0.0%, 32=0.0%, 64=0.0%, >=64=0.0%
     complete  : 0=0.0%, 4=100.0%, 8=0.0%, 16=0.0%, 32=0.0%, 64=0.0%, >=64=0.0%
     issued rwts: total=0,262144,0,8 short=0,0,0,0 dropped=0,0,0,0
     latency   : target=0, window=0, percentile=100.00%, depth=1

Run status group 0 (all jobs):
  WRITE: bw=1031MiB/s (1081MB/s), 1031MiB/s-1031MiB/s (1081MB/s-1081MB/s), io=1024MiB (1074MB), run=993-993msec
