randwrite: (g=0): rw=randwrite, bs=(R) 4096B-4096B, (W) 4096B-4096B, (T) 4096B-4096B, ioengine=psync, iodepth=1
...
fio-3.16
Starting 32 processes

randwrite: (groupid=0, jobs=32): err= 0: pid=324002: Wed Oct 29 12:03:07 2025
  write: IOPS=304k, BW=1189MiB/s (1247MB/s)(4096MiB/3445msec); 0 zone resets
    clat (usec): min=8, max=58977, avg=80.07, stdev=145.93
     lat (usec): min=8, max=58977, avg=80.14, stdev=145.93
    clat percentiles (usec):
     |  1.00th=[   13],  5.00th=[   16], 10.00th=[   18], 20.00th=[   25],
     | 30.00th=[   34], 40.00th=[   44], 50.00th=[   58], 60.00th=[   76],
     | 70.00th=[   98], 80.00th=[  127], 90.00th=[  169], 95.00th=[  208],
     | 99.00th=[  289], 99.50th=[  326], 99.90th=[  420], 99.95th=[  486],
     | 99.99th=[ 6128]
   bw (  MiB/s): min= 1125, max= 2195, per=100.00%, avg=1549.65, stdev=15.37, samples=147
   iops        : min=288042, max=562140, avg=396707.88, stdev=3935.81, samples=147
  lat (usec)   : 10=0.01%, 20=13.67%, 50=31.15%, 100=26.12%, 250=26.79%
  lat (usec)   : 500=2.21%, 750=0.02%, 1000=0.01%
  lat (msec)   : 2=0.01%, 4=0.01%, 10=0.01%, 20=0.01%, 50=0.01%
  lat (msec)   : 100=0.01%
  cpu          : usr=0.92%, sys=25.49%, ctx=1264124, majf=0, minf=333
  IO depths    : 1=100.0%, 2=0.0%, 4=0.0%, 8=0.0%, 16=0.0%, 32=0.0%, >=64=0.0%
     submit    : 0=0.0%, 4=100.0%, 8=0.0%, 16=0.0%, 32=0.0%, 64=0.0%, >=64=0.0%
     complete  : 0=0.0%, 4=100.0%, 8=0.0%, 16=0.0%, 32=0.0%, 64=0.0%, >=64=0.0%
     issued rwts: total=0,1048576,0,32 short=0,0,0,0 dropped=0,0,0,0
     latency   : target=0, window=0, percentile=100.00%, depth=1

Run status group 0 (all jobs):
  WRITE: bw=1189MiB/s (1247MB/s), 1189MiB/s-1189MiB/s (1247MB/s-1247MB/s), io=4096MiB (4295MB), run=3445-3445msec
