randwrite: (g=0): rw=randwrite, bs=(R) 128KiB-128KiB, (W) 128KiB-128KiB, (T) 128KiB-128KiB, ioengine=psync, iodepth=1
fio-3.16
Starting 1 process

randwrite: (groupid=0, jobs=1): err= 0: pid=32992: Thu Oct 30 01:39:38 2025
  write: IOPS=7420, BW=928MiB/s (973MB/s)(128MiB/138msec); 0 zone resets
    clat (usec): min=44, max=169, avg=93.55, stdev=20.55
     lat (usec): min=45, max=174, avg=94.43, stdev=20.59
    clat percentiles (usec):
     |  1.00th=[   48],  5.00th=[   61], 10.00th=[   70], 20.00th=[   71],
     | 30.00th=[   73], 40.00th=[  105], 50.00th=[  106], 60.00th=[  108],
     | 70.00th=[  109], 80.00th=[  110], 90.00th=[  112], 95.00th=[  113],
     | 99.00th=[  121], 99.50th=[  133], 99.90th=[  167], 99.95th=[  169],
     | 99.99th=[  169]
  lat (usec)   : 50=1.66%, 100=35.84%, 250=62.50%
  cpu          : usr=0.00%, sys=30.66%, ctx=1029, majf=0, minf=9
  IO depths    : 1=100.1%, 2=0.0%, 4=0.0%, 8=0.0%, 16=0.0%, 32=0.0%, >=64=0.0%
     submit    : 0=0.0%, 4=100.0%, 8=0.0%, 16=0.0%, 32=0.0%, 64=0.0%, >=64=0.0%
     complete  : 0=0.0%, 4=100.0%, 8=0.0%, 16=0.0%, 32=0.0%, 64=0.0%, >=64=0.0%
     issued rwts: total=0,1024,0,1 short=0,0,0,0 dropped=0,0,0,0
     latency   : target=0, window=0, percentile=100.00%, depth=1

Run status group 0 (all jobs):
  WRITE: bw=928MiB/s (973MB/s), 928MiB/s-928MiB/s (973MB/s-973MB/s), io=128MiB (134MB), run=138-138msec
