randwrite: (g=0): rw=randwrite, bs=(R) 128KiB-128KiB, (W) 128KiB-128KiB, (T) 128KiB-128KiB, ioengine=psync, iodepth=1
...
fio-3.16
Starting 2 processes

randwrite: (groupid=0, jobs=2): err= 0: pid=33038: Thu Oct 30 01:39:38 2025
  write: IOPS=11.0k, BW=1497MiB/s (1570MB/s)(256MiB/171msec); 0 zone resets
    clat (usec): min=38, max=170, avg=99.70, stdev=20.51
     lat (usec): min=39, max=180, avg=100.59, stdev=20.55
    clat percentiles (usec):
     |  1.00th=[   58],  5.00th=[   72], 10.00th=[   74], 20.00th=[   76],
     | 30.00th=[   77], 40.00th=[  111], 50.00th=[  113], 60.00th=[  114],
     | 70.00th=[  115], 80.00th=[  116], 90.00th=[  118], 95.00th=[  120],
     | 99.00th=[  127], 99.50th=[  130], 99.90th=[  161], 99.95th=[  165],
     | 99.99th=[  172]
  lat (usec)   : 50=0.59%, 100=36.13%, 250=63.28%
  cpu          : usr=0.88%, sys=25.29%, ctx=2059, majf=0, minf=19
  IO depths    : 1=100.1%, 2=0.0%, 4=0.0%, 8=0.0%, 16=0.0%, 32=0.0%, >=64=0.0%
     submit    : 0=0.0%, 4=100.0%, 8=0.0%, 16=0.0%, 32=0.0%, 64=0.0%, >=64=0.0%
     complete  : 0=0.0%, 4=100.0%, 8=0.0%, 16=0.0%, 32=0.0%, 64=0.0%, >=64=0.0%
     issued rwts: total=0,2048,0,2 short=0,0,0,0 dropped=0,0,0,0
     latency   : target=0, window=0, percentile=100.00%, depth=1

Run status group 0 (all jobs):
  WRITE: bw=1497MiB/s (1570MB/s), 1497MiB/s-1497MiB/s (1570MB/s-1570MB/s), io=256MiB (268MB), run=171-171msec
