randread: (g=0): rw=randread, bs=(R) 128KiB-128KiB, (W) 128KiB-128KiB, (T) 128KiB-128KiB, ioengine=psync, iodepth=1
...
fio-3.16
Starting 8 processes

randread: (groupid=0, jobs=8): err= 0: pid=32414: Thu Oct 30 01:39:24 2025
  read: IOPS=33.0k, BW=4249MiB/s (4455MB/s)(1024MiB/241msec)
    clat (usec): min=6, max=623, avg=230.90, stdev=160.90
     lat (usec): min=6, max=623, avg=230.97, stdev=160.91
    clat percentiles (usec):
     |  1.00th=[   16],  5.00th=[   18], 10.00th=[   22], 20.00th=[   28],
     | 30.00th=[   36], 40.00th=[  269], 50.00th=[  310], 60.00th=[  330],
     | 70.00th=[  351], 80.00th=[  371], 90.00th=[  400], 95.00th=[  429],
     | 99.00th=[  482], 99.50th=[  498], 99.90th=[  570], 99.95th=[  586],
     | 99.99th=[  627]
  lat (usec)   : 10=0.12%, 20=8.65%, 50=27.04%, 100=1.07%, 250=1.17%
  lat (usec)   : 500=61.47%, 750=0.46%
  cpu          : usr=0.69%, sys=24.41%, ctx=5959, majf=0, minf=317
  IO depths    : 1=100.0%, 2=0.0%, 4=0.0%, 8=0.0%, 16=0.0%, 32=0.0%, >=64=0.0%
     submit    : 0=0.0%, 4=100.0%, 8=0.0%, 16=0.0%, 32=0.0%, 64=0.0%, >=64=0.0%
     complete  : 0=0.0%, 4=100.0%, 8=0.0%, 16=0.0%, 32=0.0%, 64=0.0%, >=64=0.0%
     issued rwts: total=8192,0,0,0 short=0,0,0,0 dropped=0,0,0,0
     latency   : target=0, window=0, percentile=100.00%, depth=1

Run status group 0 (all jobs):
   READ: bw=4249MiB/s (4455MB/s), 4249MiB/s-4249MiB/s (4455MB/s-4455MB/s), io=1024MiB (1074MB), run=241-241msec
