randwrite: (g=0): rw=randwrite, bs=(R) 128KiB-128KiB, (W) 128KiB-128KiB, (T) 128KiB-128KiB, ioengine=psync, iodepth=1
...
fio-3.16
Starting 4 processes

randwrite: (groupid=0, jobs=4): err= 0: pid=33085: Thu Oct 30 01:39:39 2025
  write: IOPS=18.1k, BW=2265MiB/s (2376MB/s)(512MiB/226msec); 0 zone resets
    clat (usec): min=38, max=158, avg=101.22, stdev=20.48
     lat (usec): min=38, max=163, avg=102.09, stdev=20.50
    clat percentiles (usec):
     |  1.00th=[   62],  5.00th=[   74], 10.00th=[   75], 20.00th=[   76],
     | 30.00th=[   78], 40.00th=[  113], 50.00th=[  115], 60.00th=[  116],
     | 70.00th=[  117], 80.00th=[  118], 90.00th=[  119], 95.00th=[  121],
     | 99.00th=[  129], 99.50th=[  133], 99.90th=[  149], 99.95th=[  153],
     | 99.99th=[  159]
  lat (usec)   : 50=0.37%, 100=36.30%, 250=63.33%
  cpu          : usr=0.78%, sys=18.22%, ctx=4120, majf=0, minf=34
  IO depths    : 1=100.1%, 2=0.0%, 4=0.0%, 8=0.0%, 16=0.0%, 32=0.0%, >=64=0.0%
     submit    : 0=0.0%, 4=100.0%, 8=0.0%, 16=0.0%, 32=0.0%, 64=0.0%, >=64=0.0%
     complete  : 0=0.0%, 4=100.0%, 8=0.0%, 16=0.0%, 32=0.0%, 64=0.0%, >=64=0.0%
     issued rwts: total=0,4096,0,4 short=0,0,0,0 dropped=0,0,0,0
     latency   : target=0, window=0, percentile=100.00%, depth=1

Run status group 0 (all jobs):
  WRITE: bw=2265MiB/s (2376MB/s), 2265MiB/s-2265MiB/s (2376MB/s-2376MB/s), io=512MiB (537MB), run=226-226msec
