read: (g=0): rw=read, bs=(R) 4096B-4096B, (W) 4096B-4096B, (T) 4096B-4096B, ioengine=psync, iodepth=1
...
fio-3.16
Starting 16 processes

read: (groupid=0, jobs=16): err= 0: pid=17342: Thu Oct 30 01:18:14 2025
  read: IOPS=785k, BW=3066MiB/s (3215MB/s)(2048MiB/668msec)
    clat (nsec): min=399, max=8831.0k, avg=19821.24, stdev=185852.75
     lat (nsec): min=426, max=8832.5k, avg=19855.10, stdev=185853.68
    clat percentiles (nsec):
     |  1.00th=[    494],  5.00th=[    532], 10.00th=[    548],
     | 20.00th=[    588], 30.00th=[    652], 40.00th=[    804],
     | 50.00th=[   1096], 60.00th=[   1192], 70.00th=[   1304],
     | 80.00th=[   1464], 90.00th=[   1784], 95.00th=[   2288],
     | 99.00th=[ 765952], 99.50th=[1531904], 99.90th=[2637824],
     | 99.95th=[2932736], 99.99th=[3588096]
   bw (  MiB/s): min= 3039, max= 3039, per=99.14%, avg=3039.38, stdev= 0.00, samples=16
   iops        : min=778080, max=778080, avg=778080.00, stdev= 0.00, samples=16
  lat (nsec)   : 500=1.17%, 750=36.60%, 1000=6.65%
  lat (usec)   : 2=48.51%, 4=5.01%, 10=0.35%, 20=0.03%, 50=0.01%
  lat (usec)   : 100=0.20%, 250=0.19%, 500=0.13%, 750=0.14%, 1000=0.16%
  lat (msec)   : 2=0.56%, 4=0.28%, 10=0.01%
  cpu          : usr=1.52%, sys=12.69%, ctx=8869, majf=0, minf=161
  IO depths    : 1=100.0%, 2=0.0%, 4=0.0%, 8=0.0%, 16=0.0%, 32=0.0%, >=64=0.0%
     submit    : 0=0.0%, 4=100.0%, 8=0.0%, 16=0.0%, 32=0.0%, 64=0.0%, >=64=0.0%
     complete  : 0=0.0%, 4=100.0%, 8=0.0%, 16=0.0%, 32=0.0%, 64=0.0%, >=64=0.0%
     issued rwts: total=524288,0,0,0 short=0,0,0,0 dropped=0,0,0,0
     latency   : target=0, window=0, percentile=100.00%, depth=1

Run status group 0 (all jobs):
   READ: bw=3066MiB/s (3215MB/s), 3066MiB/s-3066MiB/s (3215MB/s-3215MB/s), io=2048MiB (2147MB), run=668-668msec
