read: (g=0): rw=read, bs=(R) 4096B-4096B, (W) 4096B-4096B, (T) 4096B-4096B, ioengine=psync, iodepth=1
...
fio-3.16
Starting 8 processes

read: (groupid=0, jobs=8): err= 0: pid=321613: Wed Oct 29 12:02:08 2025
  read: IOPS=747k, BW=2917MiB/s (3059MB/s)(1024MiB/351msec)
    clat (nsec): min=402, max=8275.0k, avg=10178.52, stdev=86169.77
     lat (nsec): min=429, max=8276.3k, avg=10219.25, stdev=86173.48
    clat percentiles (nsec):
     |  1.00th=[    524],  5.00th=[    572], 10.00th=[    628],
     | 20.00th=[    756], 30.00th=[    988], 40.00th=[   1304],
     | 50.00th=[   1576], 60.00th=[   1944], 70.00th=[   2512],
     | 80.00th=[   3120], 90.00th=[   4048], 95.00th=[   5152],
     | 99.00th=[ 325632], 99.50th=[ 593920], 99.90th=[1073152],
     | 99.95th=[1253376], 99.99th=[1564672]
  lat (nsec)   : 500=0.47%, 750=19.34%, 1000=10.61%
  lat (usec)   : 2=30.81%, 4=28.38%, 10=8.42%, 20=0.20%, 50=0.05%
  lat (usec)   : 100=0.07%, 250=0.48%, 500=0.53%, 750=0.33%, 1000=0.18%
  lat (msec)   : 2=0.13%, 4=0.01%, 10=0.01%
  cpu          : usr=4.43%, sys=37.46%, ctx=4329, majf=0, minf=87
  IO depths    : 1=100.0%, 2=0.0%, 4=0.0%, 8=0.0%, 16=0.0%, 32=0.0%, >=64=0.0%
     submit    : 0=0.0%, 4=100.0%, 8=0.0%, 16=0.0%, 32=0.0%, 64=0.0%, >=64=0.0%
     complete  : 0=0.0%, 4=100.0%, 8=0.0%, 16=0.0%, 32=0.0%, 64=0.0%, >=64=0.0%
     issued rwts: total=262144,0,0,0 short=0,0,0,0 dropped=0,0,0,0
     latency   : target=0, window=0, percentile=100.00%, depth=1

Run status group 0 (all jobs):
   READ: bw=2917MiB/s (3059MB/s), 2917MiB/s-2917MiB/s (3059MB/s-3059MB/s), io=1024MiB (1074MB), run=351-351msec
