read: (g=0): rw=read, bs=(R) 128KiB-128KiB, (W) 128KiB-128KiB, (T) 128KiB-128KiB, ioengine=psync, iodepth=1
fio-3.16
Starting 1 process

read: (groupid=0, jobs=1): err= 0: pid=49325: Thu Oct 30 02:02:30 2025
  read: IOPS=11.1k, BW=1388MiB/s (1455MB/s)(512MiB/369msec)
    clat (usec): min=8, max=8802, avg=89.75, stdev=154.55
     lat (usec): min=8, max=8803, avg=89.79, stdev=154.55
    clat percentiles (usec):
     |  1.00th=[   10],  5.00th=[   12], 10.00th=[   12], 20.00th=[   14],
     | 30.00th=[   31], 40.00th=[   33], 50.00th=[   39], 60.00th=[  111],
     | 70.00th=[  133], 80.00th=[  155], 90.00th=[  196], 95.00th=[  227],
     | 99.00th=[  262], 99.50th=[  265], 99.90th=[  285], 99.95th=[  302],
     | 99.99th=[ 8848]
  lat (usec)   : 10=1.32%, 20=23.66%, 50=25.02%, 100=1.71%, 250=46.80%
  lat (usec)   : 500=1.46%
  lat (msec)   : 10=0.02%
  cpu          : usr=0.00%, sys=67.39%, ctx=1796, majf=0, minf=42
  IO depths    : 1=100.0%, 2=0.0%, 4=0.0%, 8=0.0%, 16=0.0%, 32=0.0%, >=64=0.0%
     submit    : 0=0.0%, 4=100.0%, 8=0.0%, 16=0.0%, 32=0.0%, 64=0.0%, >=64=0.0%
     complete  : 0=0.0%, 4=100.0%, 8=0.0%, 16=0.0%, 32=0.0%, 64=0.0%, >=64=0.0%
     issued rwts: total=4096,0,0,0 short=0,0,0,0 dropped=0,0,0,0
     latency   : target=0, window=0, percentile=100.00%, depth=1

Run status group 0 (all jobs):
   READ: bw=1388MiB/s (1455MB/s), 1388MiB/s-1388MiB/s (1455MB/s-1455MB/s), io=512MiB (537MB), run=369-369msec
