write: (g=0): rw=write, bs=(R) 4096B-4096B, (W) 4096B-4096B, (T) 4096B-4096B, ioengine=psync, iodepth=1
...
fio-3.16
Starting 2 processes

write: (groupid=0, jobs=2): err= 0: pid=322699: Wed Oct 29 12:02:42 2025
  write: IOPS=124k, BW=485MiB/s (508MB/s)(256MiB/528msec); 0 zone resets
    clat (usec): min=9, max=5999, avg=13.38, stdev=23.73
     lat (usec): min=9, max=5999, avg=13.44, stdev=23.74
    clat percentiles (nsec):
     |  1.00th=[10048],  5.00th=[10432], 10.00th=[10560], 20.00th=[10816],
     | 30.00th=[11200], 40.00th=[11456], 50.00th=[11968], 60.00th=[12608],
     | 70.00th=[13504], 80.00th=[15168], 90.00th=[17280], 95.00th=[19840],
     | 99.00th=[29568], 99.50th=[32640], 99.90th=[41728], 99.95th=[45312],
     | 99.99th=[60672]
  lat (usec)   : 10=0.90%, 20=94.13%, 50=4.95%, 100=0.01%, 250=0.01%
  lat (usec)   : 500=0.01%
  lat (msec)   : 10=0.01%
  cpu          : usr=4.49%, sys=42.68%, ctx=65559, majf=0, minf=22
  IO depths    : 1=100.0%, 2=0.0%, 4=0.0%, 8=0.0%, 16=0.0%, 32=0.0%, >=64=0.0%
     submit    : 0=0.0%, 4=100.0%, 8=0.0%, 16=0.0%, 32=0.0%, 64=0.0%, >=64=0.0%
     complete  : 0=0.0%, 4=100.0%, 8=0.0%, 16=0.0%, 32=0.0%, 64=0.0%, >=64=0.0%
     issued rwts: total=0,65536,0,2 short=0,0,0,0 dropped=0,0,0,0
     latency   : target=0, window=0, percentile=100.00%, depth=1

Run status group 0 (all jobs):
  WRITE: bw=485MiB/s (508MB/s), 485MiB/s-485MiB/s (508MB/s-508MB/s), io=256MiB (268MB), run=528-528msec
