write: (g=0): rw=write, bs=(R) 128KiB-128KiB, (W) 128KiB-128KiB, (T) 128KiB-128KiB, ioengine=psync, iodepth=1
...
fio-3.16
Starting 4 processes

write: (groupid=0, jobs=4): err= 0: pid=32737: Thu Oct 30 01:39:30 2025
  write: IOPS=13.2k, BW=1652MiB/s (1732MB/s)(512MiB/310msec); 0 zone resets
    clat (usec): min=108, max=168, avg=116.66, stdev= 4.00
     lat (usec): min=108, max=174, avg=117.54, stdev= 4.10
    clat percentiles (usec):
     |  1.00th=[  111],  5.00th=[  113], 10.00th=[  114], 20.00th=[  115],
     | 30.00th=[  116], 40.00th=[  116], 50.00th=[  117], 60.00th=[  118],
     | 70.00th=[  118], 80.00th=[  119], 90.00th=[  121], 95.00th=[  123],
     | 99.00th=[  131], 99.50th=[  137], 99.90th=[  161], 99.95th=[  163],
     | 99.99th=[  169]
  lat (usec)   : 250=100.00%
  cpu          : usr=0.24%, sys=17.25%, ctx=4124, majf=0, minf=42
  IO depths    : 1=100.1%, 2=0.0%, 4=0.0%, 8=0.0%, 16=0.0%, 32=0.0%, >=64=0.0%
     submit    : 0=0.0%, 4=100.0%, 8=0.0%, 16=0.0%, 32=0.0%, 64=0.0%, >=64=0.0%
     complete  : 0=0.0%, 4=100.0%, 8=0.0%, 16=0.0%, 32=0.0%, 64=0.0%, >=64=0.0%
     issued rwts: total=0,4096,0,4 short=0,0,0,0 dropped=0,0,0,0
     latency   : target=0, window=0, percentile=100.00%, depth=1

Run status group 0 (all jobs):
  WRITE: bw=1652MiB/s (1732MB/s), 1652MiB/s-1652MiB/s (1732MB/s-1732MB/s), io=512MiB (537MB), run=310-310msec
