write: (g=0): rw=write, bs=(R) 128KiB-128KiB, (W) 128KiB-128KiB, (T) 128KiB-128KiB, ioengine=psync, iodepth=1
...
fio-3.16
Starting 2 processes

write: (groupid=0, jobs=2): err= 0: pid=32651: Thu Oct 30 01:39:29 2025
  write: IOPS=8462, BW=1058MiB/s (1109MB/s)(256MiB/242msec); 0 zone resets
    clat (usec): min=107, max=334, avg=129.82, stdev=36.80
     lat (usec): min=108, max=336, avg=130.76, stdev=36.97
    clat percentiles (usec):
     |  1.00th=[  110],  5.00th=[  112], 10.00th=[  113], 20.00th=[  114],
     | 30.00th=[  115], 40.00th=[  116], 50.00th=[  117], 60.00th=[  118],
     | 70.00th=[  118], 80.00th=[  120], 90.00th=[  223], 95.00th=[  225],
     | 99.00th=[  231], 99.50th=[  235], 99.90th=[  306], 99.95th=[  318],
     | 99.99th=[  334]
  lat (usec)   : 250=99.80%, 500=0.20%
  cpu          : usr=0.00%, sys=21.16%, ctx=2061, majf=0, minf=21
  IO depths    : 1=100.1%, 2=0.0%, 4=0.0%, 8=0.0%, 16=0.0%, 32=0.0%, >=64=0.0%
     submit    : 0=0.0%, 4=100.0%, 8=0.0%, 16=0.0%, 32=0.0%, 64=0.0%, >=64=0.0%
     complete  : 0=0.0%, 4=100.0%, 8=0.0%, 16=0.0%, 32=0.0%, 64=0.0%, >=64=0.0%
     issued rwts: total=0,2048,0,2 short=0,0,0,0 dropped=0,0,0,0
     latency   : target=0, window=0, percentile=100.00%, depth=1

Run status group 0 (all jobs):
  WRITE: bw=1058MiB/s (1109MB/s), 1058MiB/s-1058MiB/s (1109MB/s-1109MB/s), io=256MiB (268MB), run=242-242msec
