randread: (g=0): rw=randread, bs=(R) 128KiB-128KiB, (W) 128KiB-128KiB, (T) 128KiB-128KiB, ioengine=psync, iodepth=1
...
fio-3.16
Starting 16 processes

randread: (groupid=0, jobs=16): err= 0: pid=91633: Thu Oct 30 03:22:19 2025
  read: IOPS=39.5k, BW=4935MiB/s (5175MB/s)(2048MiB/415msec)
    clat (usec): min=6, max=2984, avg=395.93, stdev=402.72
     lat (usec): min=6, max=2984, avg=395.99, stdev=402.73
    clat percentiles (usec):
     |  1.00th=[   16],  5.00th=[   17], 10.00th=[   20], 20.00th=[   23],
     | 30.00th=[   27], 40.00th=[  302], 50.00th=[  371], 60.00th=[  429],
     | 70.00th=[  502], 80.00th=[  627], 90.00th=[  889], 95.00th=[ 1188],
     | 99.00th=[ 1827], 99.50th=[ 2040], 99.90th=[ 2573], 99.95th=[ 2671],
     | 99.99th=[ 2835]
  lat (usec)   : 10=0.13%, 20=9.94%, 50=26.82%, 100=0.01%, 250=0.63%
  lat (usec)   : 500=32.14%, 750=16.29%, 1000=6.35%
  lat (msec)   : 2=7.10%, 4=0.58%
  cpu          : usr=0.23%, sys=11.56%, ctx=10390, majf=0, minf=682
  IO depths    : 1=100.0%, 2=0.0%, 4=0.0%, 8=0.0%, 16=0.0%, 32=0.0%, >=64=0.0%
     submit    : 0=0.0%, 4=100.0%, 8=0.0%, 16=0.0%, 32=0.0%, 64=0.0%, >=64=0.0%
     complete  : 0=0.0%, 4=100.0%, 8=0.0%, 16=0.0%, 32=0.0%, 64=0.0%, >=64=0.0%
     issued rwts: total=16384,0,0,0 short=0,0,0,0 dropped=0,0,0,0
     latency   : target=0, window=0, percentile=100.00%, depth=1

Run status group 0 (all jobs):
   READ: bw=4935MiB/s (5175MB/s), 4935MiB/s-4935MiB/s (5175MB/s-5175MB/s), io=2048MiB (2147MB), run=415-415msec

Disk stats (read/write):
  nvme0n1: ios=9868/0, merge=0/0, ticks=5588/0, in_queue=5588, util=79.36%
