randread: (g=0): rw=randread, bs=(R) 128KiB-128KiB, (W) 128KiB-128KiB, (T) 128KiB-128KiB, ioengine=psync, iodepth=1
...
fio-3.16
Starting 4 processes

randread: (groupid=0, jobs=4): err= 0: pid=91531: Thu Oct 30 03:22:17 2025
  read: IOPS=25.9k, BW=3241MiB/s (3398MB/s)(512MiB/158msec)
    clat (usec): min=5, max=800, avg=152.18, stdev=106.65
     lat (usec): min=5, max=800, avg=152.22, stdev=106.65
    clat percentiles (usec):
     |  1.00th=[   15],  5.00th=[   16], 10.00th=[   17], 20.00th=[   21],
     | 30.00th=[   23], 40.00th=[  192], 50.00th=[  198], 60.00th=[  210],
     | 70.00th=[  223], 80.00th=[  235], 90.00th=[  258], 95.00th=[  285],
     | 99.00th=[  355], 99.50th=[  388], 99.90th=[  537], 99.95th=[  734],
     | 99.99th=[  799]
  lat (usec)   : 10=0.10%, 20=15.14%, 50=21.46%, 250=51.05%, 500=12.11%
  lat (usec)   : 750=0.12%, 1000=0.02%
  cpu          : usr=0.48%, sys=25.48%, ctx=2603, majf=0, minf=176
  IO depths    : 1=100.0%, 2=0.0%, 4=0.0%, 8=0.0%, 16=0.0%, 32=0.0%, >=64=0.0%
     submit    : 0=0.0%, 4=100.0%, 8=0.0%, 16=0.0%, 32=0.0%, 64=0.0%, >=64=0.0%
     complete  : 0=0.0%, 4=100.0%, 8=0.0%, 16=0.0%, 32=0.0%, 64=0.0%, >=64=0.0%
     issued rwts: total=4096,0,0,0 short=0,0,0,0 dropped=0,0,0,0
     latency   : target=0, window=0, percentile=100.00%, depth=1

Run status group 0 (all jobs):
   READ: bw=3241MiB/s (3398MB/s), 3241MiB/s-3241MiB/s (3398MB/s-3398MB/s), io=512MiB (537MB), run=158-158msec

Disk stats (read/write):
  nvme0n1: ios=2454/0, merge=0/0, ticks=443/0, in_queue=443, util=61.04%
