read: (g=0): rw=read, bs=(R) 128KiB-128KiB, (W) 128KiB-128KiB, (T) 128KiB-128KiB, ioengine=psync, iodepth=1
fio-3.16
Starting 1 process

read: (groupid=0, jobs=1): err= 0: pid=91051: Thu Oct 30 03:22:09 2025
  read: IOPS=20.1k, BW=2510MiB/s (2632MB/s)(128MiB/51msec)
    clat (usec): min=9, max=677, avg=48.62, stdev=43.49
     lat (usec): min=9, max=678, avg=48.65, stdev=43.50
    clat percentiles (usec):
     |  1.00th=[   10],  5.00th=[   10], 10.00th=[   11], 20.00th=[   11],
     | 30.00th=[   11], 40.00th=[   11], 50.00th=[   18], 60.00th=[   83],
     | 70.00th=[   84], 80.00th=[   84], 90.00th=[   85], 95.00th=[   86],
     | 99.00th=[  120], 99.50th=[  135], 99.90th=[  314], 99.95th=[  676],
     | 99.99th=[  676]
  lat (usec)   : 10=10.25%, 20=39.75%, 100=48.24%, 250=1.56%, 500=0.10%
  lat (usec)   : 750=0.10%
  cpu          : usr=0.00%, sys=96.00%, ctx=23, majf=0, minf=42
  IO depths    : 1=100.0%, 2=0.0%, 4=0.0%, 8=0.0%, 16=0.0%, 32=0.0%, >=64=0.0%
     submit    : 0=0.0%, 4=100.0%, 8=0.0%, 16=0.0%, 32=0.0%, 64=0.0%, >=64=0.0%
     complete  : 0=0.0%, 4=100.0%, 8=0.0%, 16=0.0%, 32=0.0%, 64=0.0%, >=64=0.0%
     issued rwts: total=1024,0,0,0 short=0,0,0,0 dropped=0,0,0,0
     latency   : target=0, window=0, percentile=100.00%, depth=1

Run status group 0 (all jobs):
   READ: bw=2510MiB/s (2632MB/s), 2510MiB/s-2510MiB/s (2632MB/s-2632MB/s), io=128MiB (134MB), run=51-51msec

Disk stats (read/write):
  nvme0n1: ios=0/0, merge=0/0, ticks=0/0, in_queue=0, util=0.00%
