read: (g=0): rw=read, bs=(R) 128KiB-128KiB, (W) 128KiB-128KiB, (T) 128KiB-128KiB, ioengine=psync, iodepth=1
...
fio-3.16
Starting 32 processes

read: (groupid=0, jobs=32): err= 0: pid=91361: Thu Oct 30 03:22:15 2025
  read: IOPS=25.1k, BW=3136MiB/s (3289MB/s)(4096MiB/1306msec)
    clat (usec): min=9, max=20284, avg=1260.01, stdev=1923.77
     lat (usec): min=9, max=20284, avg=1260.08, stdev=1923.75
    clat percentiles (usec):
     |  1.00th=[   13],  5.00th=[   15], 10.00th=[   16], 20.00th=[   19],
     | 30.00th=[   21], 40.00th=[   23], 50.00th=[   38], 60.00th=[  289],
     | 70.00th=[ 1647], 80.00th=[ 3032], 90.00th=[ 4113], 95.00th=[ 4948],
     | 99.00th=[ 7046], 99.50th=[ 8455], 99.90th=[13173], 99.95th=[14615],
     | 99.99th=[17957]
   bw (  MiB/s): min= 3075, max= 3188, per=99.86%, avg=3132.00, stdev= 2.41, samples=64
   iops        : min=24604, max=25508, avg=25056.00, stdev=19.28, samples=64
  lat (usec)   : 10=0.01%, 20=26.84%, 50=23.17%, 100=5.10%, 250=4.41%
  lat (usec)   : 500=2.55%, 750=1.88%, 1000=1.64%
  lat (msec)   : 2=6.79%, 4=16.30%, 10=11.02%, 20=0.31%, 50=0.01%
  cpu          : usr=0.06%, sys=5.04%, ctx=14039, majf=0, minf=1396
  IO depths    : 1=100.0%, 2=0.0%, 4=0.0%, 8=0.0%, 16=0.0%, 32=0.0%, >=64=0.0%
     submit    : 0=0.0%, 4=100.0%, 8=0.0%, 16=0.0%, 32=0.0%, 64=0.0%, >=64=0.0%
     complete  : 0=0.0%, 4=100.0%, 8=0.0%, 16=0.0%, 32=0.0%, 64=0.0%, >=64=0.0%
     issued rwts: total=32768,0,0,0 short=0,0,0,0 dropped=0,0,0,0
     latency   : target=0, window=0, percentile=100.00%, depth=1

Run status group 0 (all jobs):
   READ: bw=3136MiB/s (3289MB/s), 3136MiB/s-3136MiB/s (3289MB/s-3289MB/s), io=4096MiB (4295MB), run=1306-1306msec

Disk stats (read/write):
  nvme0n1: ios=14275/2, merge=0/3, ticks=67281/9, in_queue=67294, util=91.27%
