write: (g=0): rw=write, bs=(R) 128KiB-128KiB, (W) 128KiB-128KiB, (T) 128KiB-128KiB, ioengine=psync, iodepth=1
...
fio-3.16
Starting 8 processes

write: (groupid=0, jobs=8): err= 0: pid=92040: Thu Oct 30 03:22:25 2025
  write: IOPS=14.5k, BW=1812MiB/s (1900MB/s)(1024MiB/565msec); 0 zone resets
    clat (usec): min=39, max=116, avg=71.81, stdev=10.30
     lat (usec): min=40, max=117, avg=72.62, stdev=10.29
    clat percentiles (usec):
     |  1.00th=[   57],  5.00th=[   60], 10.00th=[   62], 20.00th=[   65],
     | 30.00th=[   68], 40.00th=[   70], 50.00th=[   71], 60.00th=[   72],
     | 70.00th=[   74], 80.00th=[   77], 90.00th=[   82], 95.00th=[   98],
     | 99.00th=[  108], 99.50th=[  110], 99.90th=[  114], 99.95th=[  117],
     | 99.99th=[  117]
  lat (usec)   : 50=0.06%, 100=95.80%, 250=4.14%
  cpu          : usr=0.22%, sys=16.21%, ctx=238, majf=0, minf=89
  IO depths    : 1=100.1%, 2=0.0%, 4=0.0%, 8=0.0%, 16=0.0%, 32=0.0%, >=64=0.0%
     submit    : 0=0.0%, 4=100.0%, 8=0.0%, 16=0.0%, 32=0.0%, 64=0.0%, >=64=0.0%
     complete  : 0=0.0%, 4=100.0%, 8=0.0%, 16=0.0%, 32=0.0%, 64=0.0%, >=64=0.0%
     issued rwts: total=0,8192,0,8 short=0,0,0,0 dropped=0,0,0,0
     latency   : target=0, window=0, percentile=100.00%, depth=1

Run status group 0 (all jobs):
  WRITE: bw=1812MiB/s (1900MB/s), 1812MiB/s-1812MiB/s (1900MB/s-1900MB/s), io=1024MiB (1074MB), run=565-565msec

Disk stats (read/write):
  nvme0n1: ios=0/1436, merge=0/0, ticks=0/45738, in_queue=45739, util=65.73%
