write: (g=0): rw=write, bs=(R) 128KiB-128KiB, (W) 128KiB-128KiB, (T) 128KiB-128KiB, ioengine=psync, iodepth=1
...
fio-3.16
Starting 4 processes

write: (groupid=0, jobs=4): err= 0: pid=91991: Thu Oct 30 03:22:24 2025
  write: IOPS=13.0k, BW=1631MiB/s (1710MB/s)(512MiB/314msec); 0 zone resets
    clat (nsec): min=51303, max=94738, avg=64317.53, stdev=9799.45
     lat (nsec): min=51920, max=95650, avg=65123.01, stdev=9799.15
    clat percentiles (nsec):
     |  1.00th=[52992],  5.00th=[54528], 10.00th=[55552], 20.00th=[56576],
     | 30.00th=[58112], 40.00th=[59136], 50.00th=[60160], 60.00th=[61696],
     | 70.00th=[65280], 80.00th=[75264], 90.00th=[81408], 95.00th=[84480],
     | 99.00th=[89600], 99.50th=[90624], 99.90th=[92672], 99.95th=[92672],
     | 99.99th=[94720]
  lat (usec)   : 100=100.00%
  cpu          : usr=0.32%, sys=25.22%, ctx=91, majf=0, minf=44
  IO depths    : 1=100.1%, 2=0.0%, 4=0.0%, 8=0.0%, 16=0.0%, 32=0.0%, >=64=0.0%
     submit    : 0=0.0%, 4=100.0%, 8=0.0%, 16=0.0%, 32=0.0%, 64=0.0%, >=64=0.0%
     complete  : 0=0.0%, 4=100.0%, 8=0.0%, 16=0.0%, 32=0.0%, 64=0.0%, >=64=0.0%
     issued rwts: total=0,4096,0,4 short=0,0,0,0 dropped=0,0,0,0
     latency   : target=0, window=0, percentile=100.00%, depth=1

Run status group 0 (all jobs):
  WRITE: bw=1631MiB/s (1710MB/s), 1631MiB/s-1631MiB/s (1710MB/s-1710MB/s), io=512MiB (537MB), run=314-314msec

Disk stats (read/write):
  nvme0n1: ios=0/361, merge=0/0, ticks=0/1241, in_queue=1241, util=35.34%
