write: (g=0): rw=write, bs=(R) 128KiB-128KiB, (W) 128KiB-128KiB, (T) 128KiB-128KiB, ioengine=psync, iodepth=1
fio-3.16
Starting 1 process

write: (groupid=0, jobs=1): err= 0: pid=91844: Thu Oct 30 03:22:22 2025
  write: IOPS=7937, BW=992MiB/s (1040MB/s)(128MiB/129msec); 0 zone resets
    clat (nsec): min=49376, max=67509, avg=53034.89, stdev=1811.23
     lat (nsec): min=50296, max=69813, avg=53857.80, stdev=1845.64
    clat percentiles (nsec):
     |  1.00th=[49920],  5.00th=[50432], 10.00th=[50944], 20.00th=[51456],
     | 30.00th=[51968], 40.00th=[52480], 50.00th=[52992], 60.00th=[53504],
     | 70.00th=[54016], 80.00th=[54528], 90.00th=[55040], 95.00th=[56064],
     | 99.00th=[58624], 99.50th=[60160], 99.90th=[61696], 99.95th=[67072],
     | 99.99th=[67072]
  lat (usec)   : 50=2.25%, 100=97.75%
  cpu          : usr=2.34%, sys=48.44%, ctx=16, majf=0, minf=11
  IO depths    : 1=100.1%, 2=0.0%, 4=0.0%, 8=0.0%, 16=0.0%, 32=0.0%, >=64=0.0%
     submit    : 0=0.0%, 4=100.0%, 8=0.0%, 16=0.0%, 32=0.0%, 64=0.0%, >=64=0.0%
     complete  : 0=0.0%, 4=100.0%, 8=0.0%, 16=0.0%, 32=0.0%, 64=0.0%, >=64=0.0%
     issued rwts: total=0,1024,0,1 short=0,0,0,0 dropped=0,0,0,0
     latency   : target=0, window=0, percentile=100.00%, depth=1

Run status group 0 (all jobs):
  WRITE: bw=992MiB/s (1040MB/s), 992MiB/s-992MiB/s (1040MB/s-1040MB/s), io=128MiB (134MB), run=129-129msec

Disk stats (read/write):
  nvme0n1: ios=0/0, merge=0/0, ticks=0/0, in_queue=0, util=0.00%
